Starting Monte Carlo Sampling...

Current time: Mon Apr  6 20:45:48 2026 

Variation: All
Sampling Method: Low-Discrepancy Sequence
Seed: 12345

MonteCarlo.3
Number of points completed: 10
Number of simulation errors: 0
MonteCarlo.3 completed. 
Current time: Mon Apr  6 20:46:49 2026 
Monte Carlo Sampling yield summary:
Number of spec values are in this yield data: 11
IN_MC	Nominal - 
	VOUT_V:	Yield	100%
		Min 1.05866	Max 1.13017	Mean 1.10532	Sigma to Target 4.80293	Number of errors 0
IN_MC	Nominal - 
	d2_VGA_dB:	Yield	100%
		Min 68.5871	Max 78.3662	Mean 74.4156	Number of errors 0
IN_MC	Nominal - 
	d2_VIA_dB:	Yield	100%
		Min 44.6345	Max 101.771	Mean 71.3801	Number of errors 0
IN_MC	Nominal - 
	d2_VLF1_dB:	Yield	100%
		Min 66.1268	Max 90.7337	Mean 79.1342	Number of errors 0
IN_MC	Nominal - 
	d2_VLF2_dB:	Yield	100%
		Min 65.4562	Max 72.3394	Mean 69.1133	Number of errors 0
IN_MC	Nominal - 
	d2_VOUT_dB:	Yield	100%
		Min 60.3801	Max 64.1528	Mean 61.8478	Sigma to Target 1.75255	Number of errors 0
IN_MC	Nominal - 
	v /VGA; pss (V):	Yield	0%
		Min 0	Max 0	Mean 0	Number of errors 0
IN_MC	Nominal - 
	v /VIA; pss (V):	Yield	0%
		Min 0	Max 0	Mean 0	Number of errors 0
IN_MC	Nominal - 
	v /VLF1; pss (V):	Yield	0%
		Min 0	Max 0	Mean 0	Number of errors 0
IN_MC	Nominal - 
	v /VLF2; pss (V):	Yield	0%
		Min 0	Max 0	Mean 0	Number of errors 0
IN_MC	Nominal - 
	v /VOUT; pss (V):	Yield	0%
		Min 0	Max 0	Mean 0	Number of errors 0

IN_MC
	Overall Yield	100%	Number of points passed	10	Total number of points	10

Estimated yield = 100% (10/10), 0 errors
Estimated yield (No opregions) = 100% (10/10)
