Starting Monte Carlo Sampling...

Current time: Mon Apr  6 21:01:20 2026 

Variation: All
Sampling Method: Low-Discrepancy Sequence
Seed: 12345

MonteCarlo.6
Number of points completed: 10
Number of simulation errors: 0
MonteCarlo.6 completed. 
Current time: Mon Apr  6 21:02:20 2026 
Monte Carlo Sampling yield summary:
Number of spec values are in this yield data: 11
IN_MC	Nominal - 
	VOUT_V:	Yield	0%
		Min 0.00176081	Max 0.00222333	Mean 0.00207092	Sigma to Target -7522.9	Number of errors 0
IN_MC	Nominal - 
	d2_VGA_dB:	Yield	100%
		Min 17.9409	Max 48.2407	Mean 35.6938	Number of errors 0
IN_MC	Nominal - 
	d2_VIA_dB:	Yield	100%
		Min 5.21648	Max 36.7146	Mean 18.5599	Number of errors 0
IN_MC	Nominal - 
	d2_VLF1_dB:	Yield	100%
		Min 17.9337	Max 48.3572	Mean 35.7046	Number of errors 0
IN_MC	Nominal - 
	d2_VLF2_dB:	Yield	100%
		Min 18.7206	Max 54.4027	Mean 36.8281	Number of errors 0
IN_MC	Nominal - 
	d2_VOUT_dB:	Yield	0%
		Min 18.7205	Max 54.3206	Mean 36.7974	Sigma to Target -2.49442	Number of errors 0
IN_MC	Nominal - 
	v /VGA; pss (V):	Yield	0%
		Min 0	Max 0	Mean 0	Number of errors 0
IN_MC	Nominal - 
	v /VIA; pss (V):	Yield	0%
		Min 0	Max 0	Mean 0	Number of errors 0
IN_MC	Nominal - 
	v /VLF1; pss (V):	Yield	0%
		Min 0	Max 0	Mean 0	Number of errors 0
IN_MC	Nominal - 
	v /VLF2; pss (V):	Yield	0%
		Min 0	Max 0	Mean 0	Number of errors 0
IN_MC	Nominal - 
	v /VOUT; pss (V):	Yield	0%
		Min 0	Max 0	Mean 0	Number of errors 0

IN_MC
	Overall Yield	0%	Number of points passed	0	Total number of points	10

Estimated yield = 0% (0/10), 0 errors
Estimated yield (No opregions) = 0% (0/10)
