Starting Monte Carlo Sampling...

Current time: Mon Apr  6 20:20:30 2026 

Variation: All
Sampling Method: Low-Discrepancy Sequence
Seed: 12345

MonteCarlo.2
Number of points completed: 50
Number of simulation errors: 0
MonteCarlo.2 completed. 
Current time: Mon Apr  6 20:21:26 2026 
Monte Carlo Sampling yield summary:
Number of spec values are in this yield data: 8
NOISE_CMRR_MC	Nominal - 
	CMRR_50Hz_dB:	Yield	100%
		Min 85.8512	Max 88.3777	Mean 86.9427	Number of errors 0
NOISE_CMRR_MC	Nominal - 
	CM_Gain:	Yield	100%
		Min 0.0505847	Max 0.0725643	Mean 0.0622339	Number of errors 0
NOISE_CMRR_MC	Nominal - 
	CM_Gain_dB:	Yield	0%
		Min 0	Max 0	Mean 0	Number of errors 0
NOISE_CMRR_MC	Nominal - 
	CM_Gain_db:	Yield	100%
		Min -25.9196	Max -22.7855	Mean -24.1381	Number of errors 0
NOISE_CMRR_MC	Nominal - 
	DIFF_Gain:	Yield	100%
		Min 1327.11	Max 1425.71	Mean 1381.32	Number of errors 0
NOISE_CMRR_MC	Nominal - 
	DIFF_Gain_dB:	Yield	0%
		Min 0	Max 0	Mean 0	Number of errors 0
NOISE_CMRR_MC	Nominal - 
	Input_referred_noise_Vrms:	Yield	0%
		Min 0	Max 0	Mean 0	Number of errors 50
NOISE_CMRR_MC	Nominal - 
	Output_noise_Vrms:	Yield	0%
		Min 0	Max 0	Mean 0	Number of errors 50

NOISE_CMRR_MC
	Overall Yield	0%	Number of points passed	0	Total number of points	50

Estimated yield = 0% (0/50), 50 errors
Estimated yield (No opregions) = 0% (0/50)
