Starting Monte Carlo Sampling...

Current time: Mon Apr  6 20:18:14 2026 

Variation: All
Sampling Method: Low-Discrepancy Sequence
Seed: 12345

MonteCarlo.1
Number of points completed: 50
Number of simulation errors: 0
MonteCarlo.1 completed. 
Current time: Mon Apr  6 20:19:26 2026 
Monte Carlo Sampling yield summary:
Number of spec values are in this yield data: 8
NOISE_CMRR_MC	Nominal - 
	CMRR_50Hz_dB:	Yield	100%
		Min 94.2386	Max 99.037	Mean 96.4954	Number of errors 0
NOISE_CMRR_MC	Nominal - 
	CM_Gain:	Yield	100%
		Min 0.0158371	Max 0.0276733	Mean 0.0208189	Number of errors 0
NOISE_CMRR_MC	Nominal - 
	CM_Gain_dB:	Yield	0%
		Min 0	Max 0	Mean 0	Number of errors 0
NOISE_CMRR_MC	Nominal - 
	CM_Gain_db:	Yield	100%
		Min -36.0065	Max -31.1588	Mean -33.6906	Number of errors 0
NOISE_CMRR_MC	Nominal - 
	DIFF_Gain:	Yield	100%
		Min 1326.96	Max 1425.58	Mean 1381.35	Number of errors 0
NOISE_CMRR_MC	Nominal - 
	DIFF_Gain_dB:	Yield	0%
		Min 0	Max 0	Mean 0	Number of errors 0
NOISE_CMRR_MC	Nominal - 
	Input_referred_noise_Vrms:	Yield	0%
		Min 0	Max 0	Mean 0	Number of errors 50
NOISE_CMRR_MC	Nominal - 
	Output_noise_Vrms:	Yield	0%
		Min 0	Max 0	Mean 0	Number of errors 50

NOISE_CMRR_MC
	Overall Yield	0%	Number of points passed	0	Total number of points	50

Estimated yield = 0% (0/50), 50 errors
Estimated yield (No opregions) = 0% (0/50)
