Starting Monte Carlo Sampling...

Current time: Mon Apr  6 20:10:28 2026 

Variation: All
Sampling Method: Low-Discrepancy Sequence
Seed: 12345

MonteCarlo.0
Number of points completed: 50
Number of simulation errors: 0
MonteCarlo.0 completed. 
Current time: Mon Apr  6 20:13:18 2026 
Monte Carlo Sampling yield summary:
Number of spec values are in this yield data: 8
NOISE_CMRR_MC	Nominal - 
	CMRR_50Hz_dB:	Yield	100%
		Min 107.58	Max 151.495	Mean 124.385	Number of errors 0
NOISE_CMRR_MC	Nominal - 
	CM_Gain:	Yield	100%
		Min 3.62017e-05	Max 0.00572703	Mean 0.00162886	Number of errors 0
NOISE_CMRR_MC	Nominal - 
	CM_Gain_dB:	Yield	0%
		Min 0	Max 0	Mean 0	Number of errors 0
NOISE_CMRR_MC	Nominal - 
	CM_Gain_db:	Yield	100%
		Min -88.8273	Max -44.8414	Mean -61.5801	Number of errors 0
NOISE_CMRR_MC	Nominal - 
	DIFF_Gain:	Yield	100%
		Min 1326.96	Max 1425.51	Mean 1381.39	Number of errors 0
NOISE_CMRR_MC	Nominal - 
	DIFF_Gain_dB:	Yield	0%
		Min 0	Max 0	Mean 0	Number of errors 0
NOISE_CMRR_MC	Nominal - 
	Input_referred_noise_Vrms:	Yield	0%
		Min 0	Max 0	Mean 0	Number of errors 50
NOISE_CMRR_MC	Nominal - 
	Output_noise_Vrms:	Yield	0%
		Min 0	Max 0	Mean 0	Number of errors 50

NOISE_CMRR_MC
	Overall Yield	0%	Number of points passed	0	Total number of points	50

Estimated yield = 0% (0/50), 50 errors
Estimated yield (No opregions) = 0% (0/50)
