Starting Monte Carlo Sampling...

Current time: Mon Apr  6 20:47:28 2026 

Variation: All
Sampling Method: Low-Discrepancy Sequence
Seed: 12345

MonteCarlo.4
Number of points completed: 10
Number of simulation errors: 0
MonteCarlo.4 completed. 
Current time: Mon Apr  6 20:48:14 2026 
Monte Carlo Sampling yield summary:
Number of spec values are in this yield data: 11
IN_MC	Nominal - 
	VOUT_V:	Yield	0%
		Min 0	Max 0	Mean 0	Number of errors 0
IN_MC	Nominal - 
	d2_VGA_dB:	Yield	0%
		Min 0	Max 0	Mean 0	Number of errors 0
IN_MC	Nominal - 
	d2_VIA_dB:	Yield	0%
		Min 0	Max 0	Mean 0	Number of errors 0
IN_MC	Nominal - 
	d2_VLF1_dB:	Yield	0%
		Min 0	Max 0	Mean 0	Number of errors 0
IN_MC	Nominal - 
	d2_VLF2_dB:	Yield	0%
		Min 0	Max 0	Mean 0	Number of errors 0
IN_MC	Nominal - 
	d2_VOUT_dB:	Yield	0%
		Min 0	Max 0	Mean 0	Number of errors 0
IN_MC	Nominal - 
	v /VGA; pss (V):	Yield	0%
		Min 0	Max 0	Mean 0	Number of errors 0
IN_MC	Nominal - 
	v /VIA; pss (V):	Yield	0%
		Min 0	Max 0	Mean 0	Number of errors 0
IN_MC	Nominal - 
	v /VLF1; pss (V):	Yield	0%
		Min 0	Max 0	Mean 0	Number of errors 0
IN_MC	Nominal - 
	v /VLF2; pss (V):	Yield	0%
		Min 0	Max 0	Mean 0	Number of errors 0
IN_MC	Nominal - 
	v /VOUT; pss (V):	Yield	0%
		Min 0	Max 0	Mean 0	Number of errors 0

IN_MC
	Overall Yield	0%	Number of points passed	0	Total number of points	0

Estimated yield = 0% (0/0), 0 errors
Estimated yield (No opregions) = 0% (0/0)
