Starting Monte Carlo Sampling...

Current time: Mon Apr  6 20:49:32 2026 

Variation: All
Sampling Method: Low-Discrepancy Sequence
Seed: 12345

MonteCarlo.5
Number of points completed: 10
Number of simulation errors: 0
MonteCarlo.5 completed. 
Current time: Mon Apr  6 20:50:20 2026 
Monte Carlo Sampling yield summary:
Number of spec values are in this yield data: 11
IN_MC	Nominal - 
	VOUT_V:	Yield	0%
		Min 0.00537427	Max 0.00679816	Mean 0.00625671	Sigma to Target -2570.63	Number of errors 0
IN_MC	Nominal - 
	d2_VGA_dB:	Yield	100%
		Min 33.0713	Max 49.4802	Mean 39.5813	Number of errors 0
IN_MC	Nominal - 
	d2_VIA_dB:	Yield	100%
		Min 8.92184	Max 63.4473	Mean 30.0081	Number of errors 0
IN_MC	Nominal - 
	d2_VLF1_dB:	Yield	100%
		Min 33.0613	Max 49.4834	Mean 39.5745	Number of errors 0
IN_MC	Nominal - 
	d2_VLF2_dB:	Yield	100%
		Min 33.5839	Max 49.7924	Mean 40.1838	Number of errors 0
IN_MC	Nominal - 
	d2_VOUT_dB:	Yield	0%
		Min 33.5835	Max 49.7837	Mean 40.1786	Sigma to Target -3.37215	Number of errors 0
IN_MC	Nominal - 
	v /VGA; pss (V):	Yield	0%
		Min 0	Max 0	Mean 0	Number of errors 0
IN_MC	Nominal - 
	v /VIA; pss (V):	Yield	0%
		Min 0	Max 0	Mean 0	Number of errors 0
IN_MC	Nominal - 
	v /VLF1; pss (V):	Yield	0%
		Min 0	Max 0	Mean 0	Number of errors 0
IN_MC	Nominal - 
	v /VLF2; pss (V):	Yield	0%
		Min 0	Max 0	Mean 0	Number of errors 0
IN_MC	Nominal - 
	v /VOUT; pss (V):	Yield	0%
		Min 0	Max 0	Mean 0	Number of errors 0

IN_MC
	Overall Yield	0%	Number of points passed	0	Total number of points	10

Estimated yield = 0% (0/10), 0 errors
Estimated yield (No opregions) = 0% (0/10)
