================================================================================
Rule No. 44 : # INFO: Set -resimulate_extracted- Switch for QRC! #

Real Error Count : 20; Flat Error Count : 105
================================================================================

--------------------------------------------------------------------------------
Cell Name : G4_1_7_3250_0_r0 sub_array

                   Cell Errors    Real Errors   Cell Placements     Environments
                             1              1                30                1
--------------------------------------------------------------------------------
Env.  Env. Placements            X1           Y1          X2           Y2

  1       30                106.250       34.550     128.550       56.750

Shape               Environments Status & Error Marker 

          1           X1         Y1         X2         Y2

   1      X       -0.400     -0.250     21.900     21.950

--------------------------------------------------------------------------------
Cell Name : G4_1_7_3250_0_r0_A1 array 5 21 3.25 24.8 r0

                   Cell Errors    Real Errors   Cell Placements     Environments
                             3              3                 2                1
--------------------------------------------------------------------------------
Env.  Env. Placements            X1           Y1          X2           Y2

  1        2                106.250       34.550     174.050      155.950

Shape               Environments Status & Error Marker 

          1           X1         Y1         X2         Y2

   1      X       -0.400     -0.250     67.400     96.350
   2      X       -0.400     96.350     67.400    121.150
   3      X       44.650     74.150     45.100     96.350

--------------------------------------------------------------------------------
Cell Name : pmos4 layout PRIMLIB l="5u" w="6u" wtot="6u" in1=MP628129

                   Cell Errors    Real Errors   Cell Placements     Environments
                             1              1                22                1
--------------------------------------------------------------------------------
Env.  Env. Placements            X1           Y1          X2           Y2

  1       22                 38.075      195.100      47.175      203.500

Shape               Environments Status & Error Marker 

          1           X1         Y1         X2         Y2

   1      X       -1.200     -1.200      7.200      7.900

--------------------------------------------------------------------------------
Cell Name : pmos4 layout PRIMLIB jd=FALSE js=FALSE l="350n" ng="20" w="15u" wtot="300u" in1=MP128129

                   Cell Errors    Real Errors   Cell Placements     Environments
                             1              1                 4                1
--------------------------------------------------------------------------------
Env.  Env. Placements            X1           Y1          X2           Y2

  1        4                154.475      176.975     184.575      194.375

Shape               Environments Status & Error Marker 

          1           X1         Y1         X2         Y2

   1      X       -1.200     -1.200     16.200     28.900

--------------------------------------------------------------------------------
Cell Name : pmos4 layout PRIMLIB l="5u" w="5u" wtot="5u" in1=MP8

                   Cell Errors    Real Errors   Cell Placements     Environments
                             1              1                 4                1
--------------------------------------------------------------------------------
Env.  Env. Placements            X1           Y1          X2           Y2

  1        4                255.975      199.400     265.075      206.800

Shape               Environments Status & Error Marker 

          1           X1         Y1         X2         Y2

   1      X       -1.200     -1.200      6.200      7.900

--------------------------------------------------------------------------------
Cell Name : nmos4 layout PRIMLIB l="4u" ng="2" wtot="20u" in1=MN5

                   Cell Errors    Real Errors   Cell Placements     Environments
                             1              1                 2                1
--------------------------------------------------------------------------------
Env.  Env. Placements            X1           Y1          X2           Y2

  1        2                 31.300      147.650      42.500      159.050

Shape               Environments Status & Error Marker 

          1           X1         Y1         X2         Y2

   1      X       -0.700     -0.250     10.700     10.950

--------------------------------------------------------------------------------
Cell Name : cpolyc layout PRIMLIB area="3.5n" c="3.03p" gwell="N-Well" l="70u" perimeter="240u" rbottom="Cont" rleft="Cont" rright="Cont" id_=5d5c206d9147e606 in1=C928329

                   Cell Errors    Real Errors   Cell Placements     Environments
                             1              1                24                1
--------------------------------------------------------------------------------
Env.  Env. Placements            X1           Y1          X2           Y2

  1       24                328.100       42.350     403.600       97.050

Shape               Environments Status & Error Marker 

          1           X1         Y1         X2         Y2

   1      X       -1.350     -1.350     74.150     53.350

--------------------------------------------------------------------------------
Cell Name : INVX1 layout CORELIBD

                   Cell Errors    Real Errors   Cell Placements     Environments
                             1              1                 3                1
--------------------------------------------------------------------------------
Env.  Env. Placements            X1           Y1          X2           Y2

  1        3                357.400      213.200     361.900      226.300

Shape               Environments Status & Error Marker 

          1           X1         Y1         X2         Y2

   1      X       -0.850     -1.350      3.650     11.750

--------------------------------------------------------------------------------
Cell Name : gmc_5_f layout FECG

                   Cell Errors    Real Errors   Cell Placements     Environments
                            10             10                 1                1
--------------------------------------------------------------------------------
Env.  Env. Placements            X1           Y1          X2           Y2

  1        1                 19.750       20.800     948.050      240.600

Shape               Environments Status & Error Marker 

          1           X1         Y1         X2         Y2

   1      X       19.750     20.800    184.575    240.600
   2      X      184.575     20.800    403.600    240.600
   3      X      328.100     97.050    403.600     98.050
   4      X      357.400    226.300    367.500    240.600
   5      X      367.500    208.450    403.600    240.600
   6      X      403.600     20.800    637.100    240.600
   7      X      561.600     97.050    637.100     98.050
   8      X      637.100     20.800    868.600    240.600
   9      X      793.100     97.050    868.600     98.050
  10      X      868.600     20.800    948.050    240.600

================================================================================
Rule No. 45 : # C35B4 ENG - 183 Rev9 (Last updated 26-Apr-2017 12:48) #

Real Error Count : 20; Flat Error Count : 105
================================================================================

--------------------------------------------------------------------------------
Cell Name : G4_1_7_3250_0_r0 sub_array

                   Cell Errors    Real Errors   Cell Placements     Environments
                             1              1                30                1
--------------------------------------------------------------------------------
Env.  Env. Placements            X1           Y1          X2           Y2

  1       30                106.250       34.550     128.550       56.750

Shape               Environments Status & Error Marker 

          1           X1         Y1         X2         Y2

   1      X       -0.400     -0.250     21.900     21.950

--------------------------------------------------------------------------------
Cell Name : G4_1_7_3250_0_r0_A1 array 5 21 3.25 24.8 r0

                   Cell Errors    Real Errors   Cell Placements     Environments
                             3              3                 2                1
--------------------------------------------------------------------------------
Env.  Env. Placements            X1           Y1          X2           Y2

  1        2                106.250       34.550     174.050      155.950

Shape               Environments Status & Error Marker 

          1           X1         Y1         X2         Y2

   1      X       -0.400     -0.250     67.400     96.350
   2      X       -0.400     96.350     67.400    121.150
   3      X       44.650     74.150     45.100     96.350

--------------------------------------------------------------------------------
Cell Name : pmos4 layout PRIMLIB l="5u" w="6u" wtot="6u" in1=MP628129

                   Cell Errors    Real Errors   Cell Placements     Environments
                             1              1                22                1
--------------------------------------------------------------------------------
Env.  Env. Placements            X1           Y1          X2           Y2

  1       22                 38.075      195.100      47.175      203.500

Shape               Environments Status & Error Marker 

          1           X1         Y1         X2         Y2

   1      X       -1.200     -1.200      7.200      7.900

--------------------------------------------------------------------------------
Cell Name : pmos4 layout PRIMLIB jd=FALSE js=FALSE l="350n" ng="20" w="15u" wtot="300u" in1=MP128129

                   Cell Errors    Real Errors   Cell Placements     Environments
                             1              1                 4                1
--------------------------------------------------------------------------------
Env.  Env. Placements            X1           Y1          X2           Y2

  1        4                154.475      176.975     184.575      194.375

Shape               Environments Status & Error Marker 

          1           X1         Y1         X2         Y2

   1      X       -1.200     -1.200     16.200     28.900

--------------------------------------------------------------------------------
Cell Name : pmos4 layout PRIMLIB l="5u" w="5u" wtot="5u" in1=MP8

                   Cell Errors    Real Errors   Cell Placements     Environments
                             1              1                 4                1
--------------------------------------------------------------------------------
Env.  Env. Placements            X1           Y1          X2           Y2

  1        4                255.975      199.400     265.075      206.800

Shape               Environments Status & Error Marker 

          1           X1         Y1         X2         Y2

   1      X       -1.200     -1.200      6.200      7.900

--------------------------------------------------------------------------------
Cell Name : nmos4 layout PRIMLIB l="4u" ng="2" wtot="20u" in1=MN5

                   Cell Errors    Real Errors   Cell Placements     Environments
                             1              1                 2                1
--------------------------------------------------------------------------------
Env.  Env. Placements            X1           Y1          X2           Y2

  1        2                 31.300      147.650      42.500      159.050

Shape               Environments Status & Error Marker 

          1           X1         Y1         X2         Y2

   1      X       -0.700     -0.250     10.700     10.950

--------------------------------------------------------------------------------
Cell Name : cpolyc layout PRIMLIB area="3.5n" c="3.03p" gwell="N-Well" l="70u" perimeter="240u" rbottom="Cont" rleft="Cont" rright="Cont" id_=5d5c206d9147e606 in1=C928329

                   Cell Errors    Real Errors   Cell Placements     Environments
                             1              1                24                1
--------------------------------------------------------------------------------
Env.  Env. Placements            X1           Y1          X2           Y2

  1       24                328.100       42.350     403.600       97.050

Shape               Environments Status & Error Marker 

          1           X1         Y1         X2         Y2

   1      X       -1.350     -1.350     74.150     53.350

--------------------------------------------------------------------------------
Cell Name : INVX1 layout CORELIBD

                   Cell Errors    Real Errors   Cell Placements     Environments
                             1              1                 3                1
--------------------------------------------------------------------------------
Env.  Env. Placements            X1           Y1          X2           Y2

  1        3                357.400      213.200     361.900      226.300

Shape               Environments Status & Error Marker 

          1           X1         Y1         X2         Y2

   1      X       -0.850     -1.350      3.650     11.750

--------------------------------------------------------------------------------
Cell Name : gmc_5_f layout FECG

                   Cell Errors    Real Errors   Cell Placements     Environments
                            10             10                 1                1
--------------------------------------------------------------------------------
Env.  Env. Placements            X1           Y1          X2           Y2

  1        1                 19.750       20.800     948.050      240.600

Shape               Environments Status & Error Marker 

          1           X1         Y1         X2         Y2

   1      X       19.750     20.800    184.575    240.600
   2      X      184.575     20.800    403.600    240.600
   3      X      328.100     97.050    403.600     98.050
   4      X      357.400    226.300    367.500    240.600
   5      X      367.500    208.450    403.600    240.600
   6      X      403.600     20.800    637.100    240.600
   7      X      561.600     97.050    637.100     98.050
   8      X      637.100     20.800    868.600    240.600
   9      X      793.100     97.050    868.600     98.050
  10      X      868.600     20.800    948.050    240.600

