Starting Single Run, Sweeps and Corners...

Current time: Thu Apr  2 07:56:59 2026 
Best design point: 1
Design specs: 
	Noise_CMRR	corner	Nominal - 
	Output_Noise_Vrms		909u
	CM_Gain_dB_50		-34.47
	DIF_Gain_dB_50		62.11
	CMRR_dB		96.58
	DIF_Gain		1.274K
Design parameters: 
	FC		4K
	VCM_AC		0
	VCM_DC		1.6
	VDD		3.3
	VIN_AC		1
	VIN_DC		50m
	S0		3.3
	S1		3.3
	S2		0

Interactive.41
Number of points completed: 1
Number of simulation errors: 0
Interactive.41 completed. 
Current time: Thu Apr  2 07:57:07 2026 
