Starting Single Run, Sweeps and Corners...

Current time: Thu Apr  2 08:05:07 2026 
Best design point: 1
Design specs: 
	Noise_CMRR	corner	Nominal - 
	Output_Noise_Vrms		1.765m
	CM_Gain_dB_50		-28.69
	DIF_Gain_dB_50		67.88
	CMRR_dB		96.58	Yes
	DIF_Gain		2.478K
	Input_ref_noise_Vrms		712n	Yes
Design parameters: 
	FC		4K
	VCM_AC		0
	VCM_DC		1.6
	VDD		3.3
	VIN_AC		1
	VIN_DC		50m
	S0		3.3
	S1		3.3
	S2		3.3

Interactive.44
Number of points completed: 1
Number of simulation errors: 0
Interactive.44 completed. 
Current time: Thu Apr  2 08:05:15 2026 
