Starting Single Run, Sweeps and Corners...

Current time: Thu Apr  2 11:48:01 2026 
Best design point: 1
Design specs: 
	Noise_CMRR	corner	Nominal - 
	Output_Noise_Vrms		1.017m
	CM_Gain_dB_50		-33.84
	DIF_Gain_dB_50		62.78
	CMRR_dB		96.62	Yes
	DIF_Gain		1.377K
	Input_ref_noise_Vrms		738.5n	Yes
Design parameters: 
	FC		4K
	VCM_AC		0
	VCM_DC		1.5
	VDD		3.3
	VIN_AC		1
	VIN_DC		50m
	S0		3.3
	S1		0
	S2		0

Interactive.49
Number of points completed: 1
Number of simulation errors: 0
Interactive.49 completed. 
Current time: Thu Apr  2 11:48:10 2026 
