Starting Single Run, Sweeps and Corners...

Current time: Sun Apr  5 21:19:02 2026 
Best design point: 1
Design specs: 
	Noise_CMRR	corner	Nominal - 
	Output_Noise_Vrms		1.058m
	CM_Gain_dB_50		-33.82
	DIF_Gain_dB_50		62.79
	CMRR_dB		96.61	Yes
	DIF_Gain		1.379K
	Input_ref_noise_Vrms		767.3n	Yes
Design parameters: 
	FC		4K
	VCM_AC		0
	VCM_DC		1.5
	VDD		3.3
	VIN_AC		1
	VIN_DC		50m
	S0		3.3
	S1		0
	S2		0
	F0		3.3
	F1		3.3
	F2		0

Interactive.75
Number of points completed: 1
Number of simulation errors: 0
Interactive.75 completed. 
Current time: Sun Apr  5 21:19:12 2026 
