Starting Single Run, Sweeps and Corners...

Current time: Thu Apr  2 19:51:21 2026 
Best design point: 1
Design specs: 
	IN	corner	CMOS_RES_CAP_TEMP_0 - 
	v /VOUT; pac dB20(V)		Error	No
	v /VIA; pac dB20(V)		Error	No
	v /VLF1; pac dB20(V)		Error	No
	v /VGA; pac dB20(V)		Error	No
	v /VLF2; pac dB20(V)		Error	No
	d2_VOUT_db		62.63
	d2_VIA_db		91.67
	d2_VLF1_db		84.59
	d2_VGA_db		79.42
	d2_VLF2_db		70.76
	V/V /V2; pxf dB20(V/V)		Error	No
	V/V /V7; pxf dB20(V/V)		Error	No
	CMRR		Error	No
	IN	corner	CMOS_RES_CAP_TEMP_1 - 
	v /VOUT; pac dB20(V)		Error	No
	v /VIA; pac dB20(V)		Error	No
	v /VLF1; pac dB20(V)		Error	No
	v /VGA; pac dB20(V)		Error	No
	v /VLF2; pac dB20(V)		Error	No
	d2_VOUT_db		64.57
	d2_VIA_db		79.16
	d2_VLF1_db		92.94
	d2_VGA_db		82.02
	d2_VLF2_db		76.35
	V/V /V2; pxf dB20(V/V)		Error	No
	V/V /V7; pxf dB20(V/V)		Error	No
	CMRR		Error	No
	IN	corner	CMOS_RES_CAP_TEMP_2 - 
	v /VOUT; pac dB20(V)		Error	No
	v /VIA; pac dB20(V)		Error	No
	v /VLF1; pac dB20(V)		Error	No
	v /VGA; pac dB20(V)		Error	No
	v /VLF2; pac dB20(V)		Error	No
	d2_VOUT_db		62.52
	d2_VIA_db		94.49
	d2_VLF1_db		85.71
	d2_VGA_db		78.05
	d2_VLF2_db		70.15
	V/V /V2; pxf dB20(V/V)		Error	No
	V/V /V7; pxf dB20(V/V)		Error	No
	CMRR		Error	No
	IN	corner	CMOS_RES_CAP_TEMP_3 - 
	v /VOUT; pac dB20(V)		Error	No
	v /VIA; pac dB20(V)		Error	No
	v /VLF1; pac dB20(V)		Error	No
	v /VGA; pac dB20(V)		Error	No
	v /VLF2; pac dB20(V)		Error	No
	d2_VOUT_db		33.94
	d2_VIA_db		79.39
	d2_VLF1_db		90.86
	d2_VGA_db		34.42
	d2_VLF2_db		34.73
	V/V /V2; pxf dB20(V/V)		Error	No
	V/V /V7; pxf dB20(V/V)		Error	No
	CMRR		Error	No
	IN	corner	CMOS_RES_CAP_TEMP_4 - 
	v /VOUT; pac dB20(V)		Error	No
	v /VIA; pac dB20(V)		Error	No
	v /VLF1; pac dB20(V)		Error	No
	v /VGA; pac dB20(V)		Error	No
	v /VLF2; pac dB20(V)		Error	No
	d2_VOUT_db		24.39
	d2_VIA_db		90.62
	d2_VLF1_db		84.18
	d2_VGA_db		23.91
	d2_VLF2_db		24.27
	V/V /V2; pxf dB20(V/V)		Error	No
	V/V /V7; pxf dB20(V/V)		Error	No
	CMRR		Error	No
	IN	corner	CMOS_RES_CAP_TEMP_5 - 
	v /VOUT; pac dB20(V)		Error	No
	v /VIA; pac dB20(V)		Error	No
	v /VLF1; pac dB20(V)		Error	No
	v /VGA; pac dB20(V)		Error	No
	v /VLF2; pac dB20(V)		Error	No
	d2_VOUT_db		62.5
	d2_VIA_db		78.33
	d2_VLF1_db		92.22
	d2_VGA_db		80.68
	d2_VLF2_db		75.37
	V/V /V2; pxf dB20(V/V)		Error	No
	V/V /V7; pxf dB20(V/V)		Error	No
	CMRR		Error	No
	IN	corner	CMOS_RES_CAP_TEMP_6 - 
	v /VOUT; pac dB20(V)		Error	No
	v /VIA; pac dB20(V)		Error	No
	v /VLF1; pac dB20(V)		Error	No
	v /VGA; pac dB20(V)		Error	No
	v /VLF2; pac dB20(V)		Error	No
	d2_VOUT_db		60.37
	d2_VIA_db		93.57
	d2_VLF1_db		84.9
	d2_VGA_db		77.47
	d2_VLF2_db		69.3
	V/V /V2; pxf dB20(V/V)		Error	No
	V/V /V7; pxf dB20(V/V)		Error	No
	CMRR		Error	No
	IN	corner	CMOS_RES_CAP_TEMP_7 - 
	v /VOUT; pac dB20(V)		Error	No
	v /VIA; pac dB20(V)		Error	No
	v /VLF1; pac dB20(V)		Error	No
	v /VGA; pac dB20(V)		Error	No
	v /VLF2; pac dB20(V)		Error	No
	d2_VOUT_db		34.19
	d2_VIA_db		79.04
	d2_VLF1_db		89.94
	d2_VGA_db		34.36
	d2_VLF2_db		34.61
	V/V /V2; pxf dB20(V/V)		Error	No
	V/V /V7; pxf dB20(V/V)		Error	No
	CMRR		Error	No
	IN	corner	CMOS_RES_CAP_TEMP_8 - 
	v /VOUT; pac dB20(V)		Error	No
	v /VIA; pac dB20(V)		Error	No
	v /VLF1; pac dB20(V)		Error	No
	v /VGA; pac dB20(V)		Error	No
	v /VLF2; pac dB20(V)		Error	No
	d2_VOUT_db		59.61
	d2_VIA_db		120.6
	d2_VLF1_db		72.43
	d2_VGA_db		71.31
	d2_VLF2_db		61.48
	V/V /V2; pxf dB20(V/V)		Error	No
	V/V /V7; pxf dB20(V/V)		Error	No
	CMRR		Error	No
	IN	corner	CMOS_RES_CAP_TEMP_9 - 
	v /VOUT; pac dB20(V)		Error	No
	v /VIA; pac dB20(V)		Error	No
	v /VLF1; pac dB20(V)		Error	No
	v /VGA; pac dB20(V)		Error	No
	v /VLF2; pac dB20(V)		Error	No
	d2_VOUT_db		64.17
	d2_VIA_db		102.2
	d2_VLF1_db		83.75
	d2_VGA_db		78.8
	d2_VLF2_db		70.87
	V/V /V2; pxf dB20(V/V)		Error	No
	V/V /V7; pxf dB20(V/V)		Error	No
	CMRR		Error	No
	IN	corner	CMOS_RES_CAP_TEMP_10 - 
	v /VOUT; pac dB20(V)		Error	No
	v /VIA; pac dB20(V)		Error	No
	v /VLF1; pac dB20(V)		Error	No
	v /VGA; pac dB20(V)		Error	No
	v /VLF2; pac dB20(V)		Error	No
	d2_VOUT_db		60.62
	d2_VIA_db		109.7
	d2_VLF1_db		75.86
	d2_VGA_db		73.03
	d2_VLF2_db		63.77
	V/V /V2; pxf dB20(V/V)		Error	No
	V/V /V7; pxf dB20(V/V)		Error	No
	CMRR		Error	No
	IN	corner	CMOS_RES_CAP_TEMP_11 - 
	v /VOUT; pac dB20(V)		Error	No
	v /VIA; pac dB20(V)		Error	No
	v /VLF1; pac dB20(V)		Error	No
	v /VGA; pac dB20(V)		Error	No
	v /VLF2; pac dB20(V)		Error	No
	d2_VOUT_db		34.26
	d2_VIA_db		104
	d2_VLF1_db		83.46
	d2_VGA_db		34.37
	d2_VLF2_db		35.05
	V/V /V2; pxf dB20(V/V)		Error	No
	V/V /V7; pxf dB20(V/V)		Error	No
	CMRR		Error	No
	IN	corner	CMOS_RES_CAP_TEMP_12 - 
	v /VOUT; pac dB20(V)		Error	No
	v /VIA; pac dB20(V)		Error	No
	v /VLF1; pac dB20(V)		Error	No
	v /VGA; pac dB20(V)		Error	No
	v /VLF2; pac dB20(V)		Error	No
	d2_VOUT_db		24.65
	d2_VIA_db		112.6
	d2_VLF1_db		72.62
	d2_VGA_db		23.77
	d2_VLF2_db		24.53
	V/V /V2; pxf dB20(V/V)		Error	No
	V/V /V7; pxf dB20(V/V)		Error	No
	CMRR		Error	No
	IN	corner	CMOS_RES_CAP_TEMP_13 - 
	v /VOUT; pac dB20(V)		Error	No
	v /VIA; pac dB20(V)		Error	No
	v /VLF1; pac dB20(V)		Error	No
	v /VGA; pac dB20(V)		Error	No
	v /VLF2; pac dB20(V)		Error	No
	d2_VOUT_db		62.1
	d2_VIA_db		118
	d2_VLF1_db		82.96
	d2_VGA_db		77.67
	d2_VLF2_db		69.94
	V/V /V2; pxf dB20(V/V)		Error	No
	V/V /V7; pxf dB20(V/V)		Error	No
	CMRR		Error	No
	IN	corner	CMOS_RES_CAP_TEMP_14 - 
	v /VOUT; pac dB20(V)		Error	No
	v /VIA; pac dB20(V)		Error	No
	v /VLF1; pac dB20(V)		Error	No
	v /VGA; pac dB20(V)		Error	No
	v /VLF2; pac dB20(V)		Error	No
	d2_VOUT_db		58.94
	d2_VIA_db		124.5
	d2_VLF1_db		75.37
	d2_VGA_db		72.54
	d2_VLF2_db		63.03
	V/V /V2; pxf dB20(V/V)		Error	No
	V/V /V7; pxf dB20(V/V)		Error	No
	CMRR		Error	No
	IN	corner	CMOS_RES_CAP_TEMP_15 - 
	v /VOUT; pac dB20(V)		Error	No
	v /VIA; pac dB20(V)		Error	No
	v /VLF1; pac dB20(V)		Error	No
	v /VGA; pac dB20(V)		Error	No
	v /VLF2; pac dB20(V)		Error	No
	d2_VOUT_db		34.46
	d2_VIA_db		98.95
	d2_VLF1_db		82.4
	d2_VGA_db		34.3
	d2_VLF2_db		34.89
	V/V /V2; pxf dB20(V/V)		Error	No
	V/V /V7; pxf dB20(V/V)		Error	No
	CMRR		Error	No
	IN	corner	CMOS_RES_CAP_TEMP_16 - 
	v /VOUT; pac dB20(V)		Error	No
	v /VIA; pac dB20(V)		Error	No
	v /VLF1; pac dB20(V)		Error	No
	v /VGA; pac dB20(V)		Error	No
	v /VLF2; pac dB20(V)		Error	No
	d2_VOUT_db		63.78
	d2_VIA_db		109.8
	d2_VLF1_db		82.68
	d2_VGA_db		78.64
	d2_VLF2_db		69.98
	V/V /V2; pxf dB20(V/V)		Error	No
	V/V /V7; pxf dB20(V/V)		Error	No
	CMRR		Error	No
	IN	corner	CMOS_RES_CAP_TEMP_17 - 
	v /VOUT; pac dB20(V)		Error	No
	v /VIA; pac dB20(V)		Error	No
	v /VLF1; pac dB20(V)		Error	No
	v /VGA; pac dB20(V)		Error	No
	v /VLF2; pac dB20(V)		Error	No
	d2_VOUT_db		65.99
	d2_VIA_db		86.87
	d2_VLF1_db		92.19
	d2_VGA_db		82.01
	d2_VLF2_db		76.5
	V/V /V2; pxf dB20(V/V)		Error	No
	V/V /V7; pxf dB20(V/V)		Error	No
	CMRR		Error	No
	IN	corner	CMOS_RES_CAP_TEMP_18 - 
	v /VOUT; pac dB20(V)		Error	No
	v /VIA; pac dB20(V)		Error	No
	v /VLF1; pac dB20(V)		Error	No
	v /VGA; pac dB20(V)		Error	No
	v /VLF2; pac dB20(V)		Error	No
	d2_VOUT_db		63.66
	d2_VIA_db		115.2
	d2_VLF1_db		84.44
	d2_VGA_db		77.65
	d2_VLF2_db		70.02
	V/V /V2; pxf dB20(V/V)		Error	No
	V/V /V7; pxf dB20(V/V)		Error	No
	CMRR		Error	No
	IN	corner	CMOS_RES_CAP_TEMP_19 - 
	v /VOUT; pac dB20(V)		Error	No
	v /VIA; pac dB20(V)		Error	No
	v /VLF1; pac dB20(V)		Error	No
	v /VGA; pac dB20(V)		Error	No
	v /VLF2; pac dB20(V)		Error	No
	d2_VOUT_db		35.84
	d2_VIA_db		87.94
	d2_VLF1_db		90.14
	d2_VGA_db		36.18
	d2_VLF2_db		36.63
	V/V /V2; pxf dB20(V/V)		Error	No
	V/V /V7; pxf dB20(V/V)		Error	No
	CMRR		Error	No
	IN	corner	CMOS_RES_CAP_TEMP_20 - 
	v /VOUT; pac dB20(V)		Error	No
	v /VIA; pac dB20(V)		Error	No
	v /VLF1; pac dB20(V)		Error	No
	v /VGA; pac dB20(V)		Error	No
	v /VLF2; pac dB20(V)		Error	No
	d2_VOUT_db		25.98
	d2_VIA_db		111.2
	d2_VLF1_db		82.29
	d2_VGA_db		25.34
	d2_VLF2_db		25.86
	V/V /V2; pxf dB20(V/V)		Error	No
	V/V /V7; pxf dB20(V/V)		Error	No
	CMRR		Error	No
	IN	corner	CMOS_RES_CAP_TEMP_21 - 
	v /VOUT; pac dB20(V)		Error	No
	v /VIA; pac dB20(V)		Error	No
	v /VLF1; pac dB20(V)		Error	No
	v /VGA; pac dB20(V)		Error	No
	v /VLF2; pac dB20(V)		Error	No
	d2_VOUT_db		63.98
	d2_VIA_db		87.71
	d2_VLF1_db		91.18
	d2_VGA_db		80.67
	d2_VLF2_db		75.35
	V/V /V2; pxf dB20(V/V)		Error	No
	V/V /V7; pxf dB20(V/V)		Error	No
	CMRR		Error	No
	IN	corner	CMOS_RES_CAP_TEMP_22 - 
	v /VOUT; pac dB20(V)		Error	No
	v /VIA; pac dB20(V)		Error	No
	v /VLF1; pac dB20(V)		Error	No
	v /VGA; pac dB20(V)		Error	No
	v /VLF2; pac dB20(V)		Error	No
	d2_VOUT_db		61.61
	d2_VIA_db		106.8
	d2_VLF1_db		83.43
	d2_VGA_db		77.05
	d2_VLF2_db		68.97
	V/V /V2; pxf dB20(V/V)		Error	No
	V/V /V7; pxf dB20(V/V)		Error	No
	CMRR		Error	No
	IN	corner	CMOS_RES_CAP_TEMP_23 - 
	v /VOUT; pac dB20(V)		Error	No
	v /VIA; pac dB20(V)		Error	No
	v /VLF1; pac dB20(V)		Error	No
	v /VGA; pac dB20(V)		Error	No
	v /VLF2; pac dB20(V)		Error	No
	d2_VOUT_db		36.07
	d2_VIA_db		89.48
	d2_VLF1_db		88.83
	d2_VGA_db		36.11
	d2_VLF2_db		36.49
	V/V /V2; pxf dB20(V/V)		Error	No
	V/V /V7; pxf dB20(V/V)		Error	No
	CMRR		Error	No
	IN	corner	CMOS_RES_CAP_TEMP_24 - 
	v /VOUT; pac dB20(V)		Error	No
	v /VIA; pac dB20(V)		Error	No
	v /VLF1; pac dB20(V)		Error	No
	v /VGA; pac dB20(V)		Error	No
	v /VLF2; pac dB20(V)		Error	No
	d2_VOUT_db		59.27
	d2_VIA_db		126.6
	d2_VLF1_db		69.67
	d2_VGA_db		69.04
	d2_VLF2_db		60.02
	V/V /V2; pxf dB20(V/V)		Error	No
	V/V /V7; pxf dB20(V/V)		Error	No
	CMRR		Error	No
	IN	corner	CMOS_RES_CAP_TEMP_25 - 
	v /VOUT; pac dB20(V)		Error	No
	v /VIA; pac dB20(V)		Error	No
	v /VLF1; pac dB20(V)		Error	No
	v /VGA; pac dB20(V)		Error	No
	v /VLF2; pac dB20(V)		Error	No
	d2_VOUT_db		65.44
	d2_VIA_db		114.3
	d2_VLF1_db		81.62
	d2_VGA_db		77.9
	d2_VLF2_db		70.12
	V/V /V2; pxf dB20(V/V)		Error	No
	V/V /V7; pxf dB20(V/V)		Error	No
	CMRR		Error	No
	IN	corner	CMOS_RES_CAP_TEMP_26 - 
	v /VOUT; pac dB20(V)		Error	No
	v /VIA; pac dB20(V)		Error	No
	v /VLF1; pac dB20(V)		Error	No
	v /VGA; pac dB20(V)		Error	No
	v /VLF2; pac dB20(V)		Error	No
	d2_VOUT_db		60.99
	d2_VIA_db		107.5
	d2_VLF1_db		73.45
	d2_VGA_db		71.55
	d2_VLF2_db		62.83
	V/V /V2; pxf dB20(V/V)		Error	No
	V/V /V7; pxf dB20(V/V)		Error	No
	CMRR		Error	No
	IN	corner	CMOS_RES_CAP_TEMP_27 - 
	v /VOUT; pac dB20(V)		Error	No
	v /VIA; pac dB20(V)		Error	No
	v /VLF1; pac dB20(V)		Error	No
	v /VGA; pac dB20(V)		Error	No
	v /VLF2; pac dB20(V)		Error	No
	d2_VOUT_db		36.27
	d2_VIA_db		109.9
	d2_VLF1_db		81.73
	d2_VGA_db		36.1
	d2_VLF2_db		37.07
	V/V /V2; pxf dB20(V/V)		Error	No
	V/V /V7; pxf dB20(V/V)		Error	No
	CMRR		Error	No
	IN	corner	CMOS_RES_CAP_TEMP_28 - 
	v /VOUT; pac dB20(V)		Error	No
	v /VIA; pac dB20(V)		Error	No
	v /VLF1; pac dB20(V)		Error	No
	v /VGA; pac dB20(V)		Error	No
	v /VLF2; pac dB20(V)		Error	No
	d2_VOUT_db		26.41
	d2_VIA_db		125.3
	d2_VLF1_db		69.9
	d2_VGA_db		25.23
	d2_VLF2_db		26.28
	V/V /V2; pxf dB20(V/V)		Error	No
	V/V /V7; pxf dB20(V/V)		Error	No
	CMRR		Error	No
	IN	corner	CMOS_RES_CAP_TEMP_29 - 
	v /VOUT; pac dB20(V)		Error	No
	v /VIA; pac dB20(V)		Error	No
	v /VLF1; pac dB20(V)		Error	No
	v /VGA; pac dB20(V)		Error	No
	v /VLF2; pac dB20(V)		Error	No
	d2_VOUT_db		63.46
	d2_VIA_db		111.3
	d2_VLF1_db		80.76
	d2_VGA_db		76.81
	d2_VLF2_db		69.13
	V/V /V2; pxf dB20(V/V)		Error	No
	V/V /V7; pxf dB20(V/V)		Error	No
	CMRR		Error	No
	IN	corner	CMOS_RES_CAP_TEMP_30 - 
	v /VOUT; pac dB20(V)		Error	No
	v /VIA; pac dB20(V)		Error	No
	v /VLF1; pac dB20(V)		Error	No
	v /VGA; pac dB20(V)		Error	No
	v /VLF2; pac dB20(V)		Error	No
	d2_VOUT_db		59.54
	d2_VIA_db		109.5
	d2_VLF1_db		72.91
	d2_VGA_db		71.02
	d2_VLF2_db		62.04
	V/V /V2; pxf dB20(V/V)		Error	No
	V/V /V7; pxf dB20(V/V)		Error	No
	CMRR		Error	No
	IN	corner	CMOS_RES_CAP_TEMP_31 - 
	v /VOUT; pac dB20(V)		Error	No
	v /VIA; pac dB20(V)		Error	No
	v /VLF1; pac dB20(V)		Error	No
	v /VGA; pac dB20(V)		Error	No
	v /VLF2; pac dB20(V)		Error	No
	d2_VOUT_db		36.44
	d2_VIA_db		110.1
	d2_VLF1_db		80.39
	d2_VGA_db		36.03
	d2_VLF2_db		36.87
	V/V /V2; pxf dB20(V/V)		Error	No
	V/V /V7; pxf dB20(V/V)		Error	No
	CMRR		Error	No
	IN	corner	Nominal - 
	v /VOUT; pac dB20(V)		Error	No
	v /VIA; pac dB20(V)		Error	No
	v /VLF1; pac dB20(V)		Error	No
	v /VGA; pac dB20(V)		Error	No
	v /VLF2; pac dB20(V)		Error	No
	d2_VOUT_db		62.37
	d2_VIA_db		115.5
	d2_VLF1_db		82.99
	d2_VGA_db		77.03
	d2_VLF2_db		69.36
	V/V /V2; pxf dB20(V/V)		Error	No
	V/V /V7; pxf dB20(V/V)		Error	No
	CMRR		Error	No
Design parameters: 
	FC		4K
	VCM_AC		0
	VCM_DC		1.5
	VDD		3.3
	VIN_AC		1
	VIN_DC		50m
	S0		3.3
	S1		0
	S2		0
	F0		3.3
	F1		3.3
	F2		0

Interactive.64
Number of points completed: 1
Number of simulation errors: 0
Interactive.64 completed. 
Current time: Thu Apr  2 19:55:29 2026 
