Starting Single Run, Sweeps and Corners...

Current time: Thu Apr  2 19:40:35 2026 
Best design point: 1
Design specs: 
	IN	corner	Nominal - 
	v /VOUT; pac dB20(V)		Error	No
	v /VIA; pac dB20(V)		Error	No
	v /VLF1; pac dB20(V)		Error	No
	v /VGA; pac dB20(V)		Error	No
	v /VLF2; pac dB20(V)		Error	No
	d2_VOUT_db		66.9
	d2_VIA_db		97.13
	d2_VLF1_db		87.13
	d2_VGA_db		81.18
	d2_VLF2_db		73.83
	V/V /V2; pxf dB20(V/V)		Error	No
	V/V /V7; pxf dB20(V/V)		Error	No
	CMRR		Error	No
Design parameters: 
	FC		4K
	VCM_AC		0
	VCM_DC		1.5
	VDD		3.3
	VIN_AC		1
	VIN_DC		50m
	S0		3.3
	S1		0
	S2		0
	F0		3.3
	F1		3.3
	F2		0

Interactive.61
Number of points completed: 1
Number of simulation errors: 0
Interactive.61 completed. 
Current time: Thu Apr  2 19:41:07 2026 
