Starting Single Run, Sweeps and Corners...

Current time: Thu Apr  2 19:37:56 2026 
Best design point: 1
Design specs: 
	Noise_CMRR	corner	Nominal - 
	Output_Noise_Vrms		1.987m
	CM_Gain_dB_50		-28.24
	DIF_Gain_dB_50		68.33
	CMRR_dB		96.57	Yes
	DIF_Gain		2.609K
	Input_ref_noise_Vrms		761.4n	Yes
Design parameters: 
	FC		4K
	VCM_AC		0
	VCM_DC		1.5
	VDD		3.3
	VIN_AC		1
	VIN_DC		50m
	S0		3.3
	S1		3.3
	S2		0
	F0		3.3
	F1		3.3
	F2		0

Interactive.59
Number of points completed: 1
Number of simulation errors: 0
Interactive.59 completed. 
Current time: Thu Apr  2 19:38:06 2026 
