Starting Single Run, Sweeps and Corners...

Current time: Thu Apr  2 19:38:57 2026 
Best design point: 1
Design specs: 
	Noise_CMRR	corner	Nominal - 
	Output_Noise_Vrms		1.056m
	CM_Gain_dB_50		-33.84
	DIF_Gain_dB_50		62.78
	CMRR_dB		96.61	Yes
	DIF_Gain		1.377K
	Input_ref_noise_Vrms		767.4n	Yes
Design parameters: 
	FC		4K
	VCM_AC		0
	VCM_DC		1.5
	VDD		3.3
	VIN_AC		1
	VIN_DC		50m
	S0		3.3
	S1		0
	S2		0
	F0		3.3
	F1		3.3
	F2		0

Interactive.60
Number of points completed: 1
Number of simulation errors: 0
Interactive.60 completed. 
Current time: Thu Apr  2 19:39:07 2026 
