Starting Single Run, Sweeps and Corners...

Current time: Thu Apr  2 19:44:19 2026 
Best design point: 1
Design specs: 
	IN	corner	CMOS_RES_CAP_TEMP_0 - 
	v /VOUT; pac dB20(V)		Error	No
	v /VIA; pac dB20(V)		Error	No
	v /VLF1; pac dB20(V)		Error	No
	v /VGA; pac dB20(V)		Error	No
	v /VLF2; pac dB20(V)		Error	No
	d2_VOUT_db		60.35
	d2_VIA_db		89.75
	d2_VLF1_db		82.77
	d2_VGA_db		77.51
	d2_VLF2_db		68.28
	V/V /V2; pxf dB20(V/V)		Error	No
	V/V /V7; pxf dB20(V/V)		Error	No
	CMRR		Error	No
	IN	corner	CMOS_RES_CAP_TEMP_1 - 
	v /VOUT; pac dB20(V)		Error	No
	v /VIA; pac dB20(V)		Error	No
	v /VLF1; pac dB20(V)		Error	No
	v /VGA; pac dB20(V)		Error	No
	v /VLF2; pac dB20(V)		Error	No
	d2_VOUT_db		62.33
	d2_VIA_db		78.42
	d2_VLF1_db		90.96
	d2_VGA_db		80.03
	d2_VLF2_db		73.96
	V/V /V2; pxf dB20(V/V)		Error	No
	V/V /V7; pxf dB20(V/V)		Error	No
	CMRR		Error	No
	IN	corner	CMOS_RES_CAP_TEMP_2 - 
	v /VOUT; pac dB20(V)		Error	No
	v /VIA; pac dB20(V)		Error	No
	v /VLF1; pac dB20(V)		Error	No
	v /VGA; pac dB20(V)		Error	No
	v /VLF2; pac dB20(V)		Error	No
	d2_VOUT_db		60.24
	d2_VIA_db		92.88
	d2_VLF1_db		83.71
	d2_VGA_db		76.08
	d2_VLF2_db		67.72
	V/V /V2; pxf dB20(V/V)		Error	No
	V/V /V7; pxf dB20(V/V)		Error	No
	CMRR		Error	No
	IN	corner	CMOS_RES_CAP_TEMP_3 - 
	v /VOUT; pac dB20(V)		Error	No
	v /VIA; pac dB20(V)		Error	No
	v /VLF1; pac dB20(V)		Error	No
	v /VGA; pac dB20(V)		Error	No
	v /VLF2; pac dB20(V)		Error	No
	d2_VOUT_db		21.81
	d2_VIA_db		79.52
	d2_VLF1_db		88.88
	d2_VGA_db		34.23
	d2_VLF2_db		34.38
	V/V /V2; pxf dB20(V/V)		Error	No
	V/V /V7; pxf dB20(V/V)		Error	No
	CMRR		Error	No
	IN	corner	CMOS_RES_CAP_TEMP_4 - 
	v /VOUT; pac dB20(V)		Error	No
	v /VIA; pac dB20(V)		Error	No
	v /VLF1; pac dB20(V)		Error	No
	v /VGA; pac dB20(V)		Error	No
	v /VLF2; pac dB20(V)		Error	No
	d2_VOUT_db		24.13
	d2_VIA_db		87.65
	d2_VLF1_db		82.5
	d2_VGA_db		23.61
	d2_VLF2_db		23.98
	V/V /V2; pxf dB20(V/V)		Error	No
	V/V /V7; pxf dB20(V/V)		Error	No
	CMRR		Error	No
	IN	corner	CMOS_RES_CAP_TEMP_5 - 
	v /VOUT; pac dB20(V)		Error	No
	v /VIA; pac dB20(V)		Error	No
	v /VLF1; pac dB20(V)		Error	No
	v /VGA; pac dB20(V)		Error	No
	v /VLF2; pac dB20(V)		Error	No
	d2_VOUT_db		60.22
	d2_VIA_db		77.21
	d2_VLF1_db		90.24
	d2_VGA_db		78.74
	d2_VLF2_db		73.03
	V/V /V2; pxf dB20(V/V)		Error	No
	V/V /V7; pxf dB20(V/V)		Error	No
	CMRR		Error	No
	IN	corner	CMOS_RES_CAP_TEMP_6 - 
	v /VOUT; pac dB20(V)		Error	No
	v /VIA; pac dB20(V)		Error	No
	v /VLF1; pac dB20(V)		Error	No
	v /VGA; pac dB20(V)		Error	No
	v /VLF2; pac dB20(V)		Error	No
	d2_VOUT_db		57.99
	d2_VIA_db		89.7
	d2_VLF1_db		82.91
	d2_VGA_db		75.5
	d2_VLF2_db		66.82
	V/V /V2; pxf dB20(V/V)		Error	No
	V/V /V7; pxf dB20(V/V)		Error	No
	CMRR		Error	No
	IN	corner	CMOS_RES_CAP_TEMP_7 - 
	v /VOUT; pac dB20(V)		Error	No
	v /VIA; pac dB20(V)		Error	No
	v /VLF1; pac dB20(V)		Error	No
	v /VGA; pac dB20(V)		Error	No
	v /VLF2; pac dB20(V)		Error	No
	d2_VOUT_db		22.83
	d2_VIA_db		78.74
	d2_VLF1_db		87.98
	d2_VGA_db		34.12
	d2_VLF2_db		34.16
	V/V /V2; pxf dB20(V/V)		Error	No
	V/V /V7; pxf dB20(V/V)		Error	No
	CMRR		Error	No
	IN	corner	CMOS_RES_CAP_TEMP_8 - 
	v /VOUT; pac dB20(V)		Error	No
	v /VIA; pac dB20(V)		Error	No
	v /VLF1; pac dB20(V)		Error	No
	v /VGA; pac dB20(V)		Error	No
	v /VLF2; pac dB20(V)		Error	No
	d2_VOUT_db		57.3
	d2_VIA_db		114.5
	d2_VLF1_db		70.57
	d2_VGA_db		69.43
	d2_VLF2_db		59.02
	V/V /V2; pxf dB20(V/V)		Error	No
	V/V /V7; pxf dB20(V/V)		Error	No
	CMRR		Error	No
	IN	corner	CMOS_RES_CAP_TEMP_9 - 
	v /VOUT; pac dB20(V)		Error	No
	v /VIA; pac dB20(V)		Error	No
	v /VLF1; pac dB20(V)		Error	No
	v /VGA; pac dB20(V)		Error	No
	v /VLF2; pac dB20(V)		Error	No
	d2_VOUT_db		61.97
	d2_VIA_db		113.6
	d2_VLF1_db		81.74
	d2_VGA_db		76.98
	d2_VLF2_db		68.34
	V/V /V2; pxf dB20(V/V)		Error	No
	V/V /V7; pxf dB20(V/V)		Error	No
	CMRR		Error	No
	IN	corner	CMOS_RES_CAP_TEMP_10 - 
	v /VOUT; pac dB20(V)		Error	No
	v /VIA; pac dB20(V)		Error	No
	v /VLF1; pac dB20(V)		Error	No
	v /VGA; pac dB20(V)		Error	No
	v /VLF2; pac dB20(V)		Error	No
	d2_VOUT_db		58.29
	d2_VIA_db		112.2
	d2_VLF1_db		73.87
	d2_VGA_db		71.04
	d2_VLF2_db		61.35
	V/V /V2; pxf dB20(V/V)		Error	No
	V/V /V7; pxf dB20(V/V)		Error	No
	CMRR		Error	No
	IN	corner	CMOS_RES_CAP_TEMP_11 - 
	v /VOUT; pac dB20(V)		Error	No
	v /VIA; pac dB20(V)		Error	No
	v /VLF1; pac dB20(V)		Error	No
	v /VGA; pac dB20(V)		Error	No
	v /VLF2; pac dB20(V)		Error	No
	d2_VOUT_db		21.46
	d2_VIA_db		108.9
	d2_VLF1_db		81.47
	d2_VGA_db		34.2
	d2_VLF2_db		34.68
	V/V /V2; pxf dB20(V/V)		Error	No
	V/V /V7; pxf dB20(V/V)		Error	No
	CMRR		Error	No
	IN	corner	CMOS_RES_CAP_TEMP_12 - 
	v /VOUT; pac dB20(V)		Error	No
	v /VIA; pac dB20(V)		Error	No
	v /VLF1; pac dB20(V)		Error	No
	v /VGA; pac dB20(V)		Error	No
	v /VLF2; pac dB20(V)		Error	No
	d2_VOUT_db		24.47
	d2_VIA_db		109.5
	d2_VLF1_db		70.84
	d2_VGA_db		23.57
	d2_VLF2_db		24.32
	V/V /V2; pxf dB20(V/V)		Error	No
	V/V /V7; pxf dB20(V/V)		Error	No
	CMRR		Error	No
	IN	corner	CMOS_RES_CAP_TEMP_13 - 
	v /VOUT; pac dB20(V)		Error	No
	v /VIA; pac dB20(V)		Error	No
	v /VLF1; pac dB20(V)		Error	No
	v /VGA; pac dB20(V)		Error	No
	v /VLF2; pac dB20(V)		Error	No
	d2_VOUT_db		59.83
	d2_VIA_db		110.8
	d2_VLF1_db		80.96
	d2_VGA_db		75.84
	d2_VLF2_db		67.41
	V/V /V2; pxf dB20(V/V)		Error	No
	V/V /V7; pxf dB20(V/V)		Error	No
	CMRR		Error	No
	IN	corner	CMOS_RES_CAP_TEMP_14 - 
	v /VOUT; pac dB20(V)		Error	No
	v /VIA; pac dB20(V)		Error	No
	v /VLF1; pac dB20(V)		Error	No
	v /VGA; pac dB20(V)		Error	No
	v /VLF2; pac dB20(V)		Error	No
	d2_VOUT_db		56.55
	d2_VIA_db		106.4
	d2_VLF1_db		73.38
	d2_VGA_db		70.55
	d2_VLF2_db		60.55
	V/V /V2; pxf dB20(V/V)		Error	No
	V/V /V7; pxf dB20(V/V)		Error	No
	CMRR		Error	No
	IN	corner	CMOS_RES_CAP_TEMP_15 - 
	v /VOUT; pac dB20(V)		Error	No
	v /VIA; pac dB20(V)		Error	No
	v /VLF1; pac dB20(V)		Error	No
	v /VGA; pac dB20(V)		Error	No
	v /VLF2; pac dB20(V)		Error	No
	d2_VOUT_db		22.41
	d2_VIA_db		108
	d2_VLF1_db		80.42
	d2_VGA_db		34.09
	d2_VLF2_db		34.38
	V/V /V2; pxf dB20(V/V)		Error	No
	V/V /V7; pxf dB20(V/V)		Error	No
	CMRR		Error	No
	IN	corner	CMOS_RES_CAP_TEMP_16 - 
	v /VOUT; pac dB20(V)		Error	No
	v /VIA; pac dB20(V)		Error	No
	v /VLF1; pac dB20(V)		Error	No
	v /VGA; pac dB20(V)		Error	No
	v /VLF2; pac dB20(V)		Error	No
	d2_VOUT_db		61.51
	d2_VIA_db		102.7
	d2_VLF1_db		80.87
	d2_VGA_db		76.74
	d2_VLF2_db		67.51
	V/V /V2; pxf dB20(V/V)		Error	No
	V/V /V7; pxf dB20(V/V)		Error	No
	CMRR		Error	No
	IN	corner	CMOS_RES_CAP_TEMP_17 - 
	v /VOUT; pac dB20(V)		Error	No
	v /VIA; pac dB20(V)		Error	No
	v /VLF1; pac dB20(V)		Error	No
	v /VGA; pac dB20(V)		Error	No
	v /VLF2; pac dB20(V)		Error	No
	d2_VOUT_db		63.76
	d2_VIA_db		85.16
	d2_VLF1_db		90.2
	d2_VGA_db		80.04
	d2_VLF2_db		74.09
	V/V /V2; pxf dB20(V/V)		Error	No
	V/V /V7; pxf dB20(V/V)		Error	No
	CMRR		Error	No
	IN	corner	CMOS_RES_CAP_TEMP_18 - 
	v /VOUT; pac dB20(V)		Error	No
	v /VIA; pac dB20(V)		Error	No
	v /VLF1; pac dB20(V)		Error	No
	v /VGA; pac dB20(V)		Error	No
	v /VLF2; pac dB20(V)		Error	No
	d2_VOUT_db		61.37
	d2_VIA_db		111.1
	d2_VLF1_db		82.44
	d2_VGA_db		75.67
	d2_VLF2_db		67.58
	V/V /V2; pxf dB20(V/V)		Error	No
	V/V /V7; pxf dB20(V/V)		Error	No
	CMRR		Error	No
	IN	corner	CMOS_RES_CAP_TEMP_19 - 
	v /VOUT; pac dB20(V)		Error	No
	v /VIA; pac dB20(V)		Error	No
	v /VLF1; pac dB20(V)		Error	No
	v /VGA; pac dB20(V)		Error	No
	v /VLF2; pac dB20(V)		Error	No
	d2_VOUT_db		21.74
	d2_VIA_db		89.82
	d2_VLF1_db		88.14
	d2_VGA_db		35.99
	d2_VLF2_db		36.26
	V/V /V2; pxf dB20(V/V)		Error	No
	V/V /V7; pxf dB20(V/V)		Error	No
	CMRR		Error	No
	IN	corner	CMOS_RES_CAP_TEMP_20 - 
	v /VOUT; pac dB20(V)		Error	No
	v /VIA; pac dB20(V)		Error	No
	v /VLF1; pac dB20(V)		Error	No
	v /VGA; pac dB20(V)		Error	No
	v /VLF2; pac dB20(V)		Error	No
	d2_VOUT_db		25.8
	d2_VIA_db		103.7
	d2_VLF1_db		80.59
	d2_VGA_db		25.12
	d2_VLF2_db		25.65
	V/V /V2; pxf dB20(V/V)		Error	No
	V/V /V7; pxf dB20(V/V)		Error	No
	CMRR		Error	No
	IN	corner	CMOS_RES_CAP_TEMP_21 - 
	v /VOUT; pac dB20(V)		Error	No
	v /VIA; pac dB20(V)		Error	No
	v /VLF1; pac dB20(V)		Error	No
	v /VGA; pac dB20(V)		Error	No
	v /VLF2; pac dB20(V)		Error	No
	d2_VOUT_db		61.7
	d2_VIA_db		88.06
	d2_VLF1_db		89.17
	d2_VGA_db		78.74
	d2_VLF2_db		72.97
	V/V /V2; pxf dB20(V/V)		Error	No
	V/V /V7; pxf dB20(V/V)		Error	No
	CMRR		Error	No
	IN	corner	CMOS_RES_CAP_TEMP_22 - 
	v /VOUT; pac dB20(V)		Error	No
	v /VIA; pac dB20(V)		Error	No
	v /VLF1; pac dB20(V)		Error	No
	v /VGA; pac dB20(V)		Error	No
	v /VLF2; pac dB20(V)		Error	No
	d2_VOUT_db		59.23
	d2_VIA_db		108.3
	d2_VLF1_db		81.44
	d2_VGA_db		75.07
	d2_VLF2_db		66.49
	V/V /V2; pxf dB20(V/V)		Error	No
	V/V /V7; pxf dB20(V/V)		Error	No
	CMRR		Error	No
	IN	corner	CMOS_RES_CAP_TEMP_23 - 
	v /VOUT; pac dB20(V)		Error	No
	v /VIA; pac dB20(V)		Error	No
	v /VLF1; pac dB20(V)		Error	No
	v /VGA; pac dB20(V)		Error	No
	v /VLF2; pac dB20(V)		Error	No
	d2_VOUT_db		22.79
	d2_VIA_db		90.03
	d2_VLF1_db		86.84
	d2_VGA_db		35.88
	d2_VLF2_db		35.89
	V/V /V2; pxf dB20(V/V)		Error	No
	V/V /V7; pxf dB20(V/V)		Error	No
	CMRR		Error	No
	IN	corner	CMOS_RES_CAP_TEMP_24 - 
	v /VOUT; pac dB20(V)		Error	No
	v /VIA; pac dB20(V)		Error	No
	v /VLF1; pac dB20(V)		Error	No
	v /VGA; pac dB20(V)		Error	No
	v /VLF2; pac dB20(V)		Error	No
	d2_VOUT_db		56.95
	d2_VIA_db		118.7
	d2_VLF1_db		67.8
	d2_VGA_db		67.16
	d2_VLF2_db		57.59
	V/V /V2; pxf dB20(V/V)		Error	No
	V/V /V7; pxf dB20(V/V)		Error	No
	CMRR		Error	No
	IN	corner	CMOS_RES_CAP_TEMP_25 - 
	v /VOUT; pac dB20(V)		Error	No
	v /VIA; pac dB20(V)		Error	No
	v /VLF1; pac dB20(V)		Error	No
	v /VGA; pac dB20(V)		Error	No
	v /VLF2; pac dB20(V)		Error	No
	d2_VOUT_db		63.24
	d2_VIA_db		103.5
	d2_VLF1_db		79.6
	d2_VGA_db		76.1
	d2_VLF2_db		67.52
	V/V /V2; pxf dB20(V/V)		Error	No
	V/V /V7; pxf dB20(V/V)		Error	No
	CMRR		Error	No
	IN	corner	CMOS_RES_CAP_TEMP_26 - 
	v /VOUT; pac dB20(V)		Error	No
	v /VIA; pac dB20(V)		Error	No
	v /VLF1; pac dB20(V)		Error	No
	v /VGA; pac dB20(V)		Error	No
	v /VLF2; pac dB20(V)		Error	No
	d2_VOUT_db		58.65
	d2_VIA_db		112.4
	d2_VLF1_db		71.45
	d2_VGA_db		69.55
	d2_VLF2_db		60.41
	V/V /V2; pxf dB20(V/V)		Error	No
	V/V /V7; pxf dB20(V/V)		Error	No
	CMRR		Error	No
	IN	corner	CMOS_RES_CAP_TEMP_27 - 
	v /VOUT; pac dB20(V)		Error	No
	v /VIA; pac dB20(V)		Error	No
	v /VLF1; pac dB20(V)		Error	No
	v /VGA; pac dB20(V)		Error	No
	v /VLF2; pac dB20(V)		Error	No
	d2_VOUT_db		21.32
	d2_VIA_db		111.8
	d2_VLF1_db		79.72
	d2_VGA_db		35.95
	d2_VLF2_db		36.69
	V/V /V2; pxf dB20(V/V)		Error	No
	V/V /V7; pxf dB20(V/V)		Error	No
	CMRR		Error	No
	IN	corner	CMOS_RES_CAP_TEMP_28 - 
	v /VOUT; pac dB20(V)		Error	No
	v /VIA; pac dB20(V)		Error	No
	v /VLF1; pac dB20(V)		Error	No
	v /VGA; pac dB20(V)		Error	No
	v /VLF2; pac dB20(V)		Error	No
	d2_VOUT_db		26.29
	d2_VIA_db		117.7
	d2_VLF1_db		68.1
	d2_VGA_db		25.11
	d2_VLF2_db		26.13
	V/V /V2; pxf dB20(V/V)		Error	No
	V/V /V7; pxf dB20(V/V)		Error	No
	CMRR		Error	No
	IN	corner	CMOS_RES_CAP_TEMP_29 - 
	v /VOUT; pac dB20(V)		Error	No
	v /VIA; pac dB20(V)		Error	No
	v /VLF1; pac dB20(V)		Error	No
	v /VGA; pac dB20(V)		Error	No
	v /VLF2; pac dB20(V)		Error	No
	d2_VOUT_db		61.2
	d2_VIA_db		118
	d2_VLF1_db		78.75
	d2_VGA_db		74.99
	d2_VLF2_db		66.55
	V/V /V2; pxf dB20(V/V)		Error	No
	V/V /V7; pxf dB20(V/V)		Error	No
	CMRR		Error	No
	IN	corner	CMOS_RES_CAP_TEMP_30 - 
	v /VOUT; pac dB20(V)		Error	No
	v /VIA; pac dB20(V)		Error	No
	v /VLF1; pac dB20(V)		Error	No
	v /VGA; pac dB20(V)		Error	No
	v /VLF2; pac dB20(V)		Error	No
	d2_VOUT_db		57.16
	d2_VIA_db		120.8
	d2_VLF1_db		70.92
	d2_VGA_db		69.01
	d2_VLF2_db		59.57
	V/V /V2; pxf dB20(V/V)		Error	No
	V/V /V7; pxf dB20(V/V)		Error	No
	CMRR		Error	No
	IN	corner	CMOS_RES_CAP_TEMP_31 - 
	v /VOUT; pac dB20(V)		Error	No
	v /VIA; pac dB20(V)		Error	No
	v /VLF1; pac dB20(V)		Error	No
	v /VGA; pac dB20(V)		Error	No
	v /VLF2; pac dB20(V)		Error	No
	d2_VOUT_db		22.29
	d2_VIA_db		110.9
	d2_VLF1_db		78.41
	d2_VGA_db		35.83
	d2_VLF2_db		35.79
	V/V /V2; pxf dB20(V/V)		Error	No
	V/V /V7; pxf dB20(V/V)		Error	No
	CMRR		Error	No
	IN	corner	Nominal - 
	v /VOUT; pac dB20(V)		Error	No
	v /VIA; pac dB20(V)		Error	No
	v /VLF1; pac dB20(V)		Error	No
	v /VGA; pac dB20(V)		Error	No
	v /VLF2; pac dB20(V)		Error	No
	d2_VOUT_db		60.04
	d2_VIA_db		100.6
	d2_VLF1_db		81
	d2_VGA_db		75.03
	d2_VLF2_db		67
	V/V /V2; pxf dB20(V/V)		Error	No
	V/V /V7; pxf dB20(V/V)		Error	No
	CMRR		Error	No
Design parameters: 
	FC		4K
	VCM_AC		0
	VCM_DC		1.5
	VDD		3.3
	VIN_AC		1
	VIN_DC		50m
	S0		3.3
	S1		0
	S2		0
	F0		3.3
	F1		3.3
	F2		0

Interactive.63
Number of points completed: 1
Number of simulation errors: 0
Interactive.63 completed. 
Current time: Thu Apr  2 19:48:45 2026 
