Starting Single Run, Sweeps and Corners...

Current time: Thu Apr  2 07:46:24 2026 
Best design point: 1
Design specs: 
	IN	corner	Nominal - 
	v /VOUT; pac dB20(V)		Error	No
	v /VIA; pac dB20(V)		Error	No
	v /VLF1; pac dB20(V)		Error	No
	v /VGA; pac dB20(V)		Error	No
	v /VLF2; pac dB20(V)		Error	No
	d2_VOUT_db		60.5
	d2_VIA_db		106.4
	d2_VLF1_db		80.79
	d2_VGA_db		77.17
	d2_VLF2_db		60.47
	V/V /V2; pxf dB20(V/V)		Error	No
	V/V /V7; pxf dB20(V/V)		Error	No
	CMRR		Error	No
	Noise_CMRR	corner	Nominal - 
	Output_Noise_Vrms		909u
	CM_Gain_50		-34.47
	DIF_Gain_50		62.11
	CMRR_dB		96.58
Design parameters: 
	FC		4K
	VCM_AC		0
	VCM_DC		1.6
	VDD		3.3
	VIN_AC		1
	VIN_DC		50m
	S0		3.3
	S1		3.3
	S2		0

Interactive.37
Number of points completed: 1
Number of simulation errors: 0
Interactive.37 completed. 
Current time: Thu Apr  2 07:47:11 2026 
