Starting Single Run, Sweeps and Corners...

Current time: Thu Apr  2 19:36:09 2026 
Best design point: 1
Design specs: 
	Noise_CMRR	corner	Nominal - 
	output noise; V/sqrt(Hz)		Error	No
	Output_Noise_Vrms		Error	No
	Gain		Error	No
	CM_Gain_dB		Error	No
	DIF_Gain_dB		Error	No
	CM_Gain_dB_50		Error	No
	DIF_Gain_dB_50		Error	No
	CMRR_dB		Error	No
	DIF_Gain		Error	No
	Input_ref_noise_Vrms		Error	No
Design parameters: 
	FC		4K
	VCM_AC		0
	VCM_DC		1.5
	VDD		3.3
	VIN_AC		1
	VIN_DC		50m
	S0		3.3
	S1		3.3
	S2		0
	F0		3.3
	F1		3.3
	F2		0

Interactive.56
Number of points completed: 1
Number of simulation errors: 0
Interactive.56 completed. 
Current time: Thu Apr  2 19:36:12 2026 
