Starting Single Run, Sweeps and Corners...

Current time: Thu Apr  2 11:54:05 2026 
Best design point: 1
Design specs: 
	Noise_CMRR	corner	Nominal - 
	Output_Noise_Vrms		576.3u
	CM_Gain_dB_50		-39
	DIF_Gain_dB_50		57.62
	CMRR_dB		96.62	Yes
	DIF_Gain		760.4
	Input_ref_noise_Vrms		757.8n	Yes
Design parameters: 
	FC		4K
	VCM_AC		0
	VCM_DC		1.5
	VDD		3.3
	VIN_AC		1
	VIN_DC		50m
	S0		0
	S1		0
	S2		0

Interactive.50
Number of points completed: 1
Number of simulation errors: 0
Interactive.50 completed. 
Current time: Thu Apr  2 11:54:13 2026 
