Starting Single Run, Sweeps and Corners...

Current time: Sun Apr  5 18:40:08 2026 
Best design point: 1
Design specs: 
	IN	corner	CMOS_RES_CAP_TEMP_0 - 
	v /VOUT; pac dB20(V)		Error	No
	v /VIA; pac dB20(V)		Error	No
	v /VLF1; pac dB20(V)		Error	No
	v /VGA; pac dB20(V)		Error	No
	v /VLF2; pac dB20(V)		Error	No
	d2_VOUT_db		62.62
	VOUT_V		1.079
	d2_VIA_db		91.67
	d2_VLF1_db		84.59
	d2_VGA_db		79.34
	d2_VLF2_db		70.72
	V/V /V2; pxf dB20(V/V)		Error	No
	V/V /V7; pxf dB20(V/V)		Error	No
	CMRR		Error	No
	IN	corner	CMOS_RES_CAP_TEMP_1 - 
	v /VOUT; pac dB20(V)		Error	No
	v /VIA; pac dB20(V)		Error	No
	v /VLF1; pac dB20(V)		Error	No
	v /VGA; pac dB20(V)		Error	No
	v /VLF2; pac dB20(V)		Error	No
	d2_VOUT_db		65.07
	VOUT_V		1.075
	d2_VIA_db		79.16
	d2_VLF1_db		92.94
	d2_VGA_db		86.05
	d2_VLF2_db		77.7
	V/V /V2; pxf dB20(V/V)		Error	No
	V/V /V7; pxf dB20(V/V)		Error	No
	CMRR		Error	No
	IN	corner	CMOS_RES_CAP_TEMP_2 - 
	v /VOUT; pac dB20(V)		Error	No
	v /VIA; pac dB20(V)		Error	No
	v /VLF1; pac dB20(V)		Error	No
	v /VGA; pac dB20(V)		Error	No
	v /VLF2; pac dB20(V)		Error	No
	d2_VOUT_db		62.51
	VOUT_V		1.149
	d2_VIA_db		94.49
	d2_VLF1_db		85.7
	d2_VGA_db		78.05
	d2_VLF2_db		70.14
	V/V /V2; pxf dB20(V/V)		Error	No
	V/V /V7; pxf dB20(V/V)		Error	No
	CMRR		Error	No
	IN	corner	CMOS_RES_CAP_TEMP_3 - 
	v /VOUT; pac dB20(V)		Error	No
	v /VIA; pac dB20(V)		Error	No
	v /VLF1; pac dB20(V)		Error	No
	v /VGA; pac dB20(V)		Error	No
	v /VLF2; pac dB20(V)		Error	No
	d2_VOUT_db		27.54
	VOUT_V		1.092
	d2_VIA_db		79.39
	d2_VLF1_db		90.86
	d2_VGA_db		27.63
	d2_VLF2_db		27.96
	V/V /V2; pxf dB20(V/V)		Error	No
	V/V /V7; pxf dB20(V/V)		Error	No
	CMRR		Error	No
	IN	corner	CMOS_RES_CAP_TEMP_4 - 
	v /VOUT; pac dB20(V)		Error	No
	v /VIA; pac dB20(V)		Error	No
	v /VLF1; pac dB20(V)		Error	No
	v /VGA; pac dB20(V)		Error	No
	v /VLF2; pac dB20(V)		Error	No
	d2_VOUT_db		60.35
	VOUT_V		1.074
	d2_VIA_db		90.62
	d2_VLF1_db		84.18
	d2_VGA_db		78.74
	d2_VLF2_db		70.04
	V/V /V2; pxf dB20(V/V)		Error	No
	V/V /V7; pxf dB20(V/V)		Error	No
	CMRR		Error	No
	IN	corner	CMOS_RES_CAP_TEMP_5 - 
	v /VOUT; pac dB20(V)		Error	No
	v /VIA; pac dB20(V)		Error	No
	v /VLF1; pac dB20(V)		Error	No
	v /VGA; pac dB20(V)		Error	No
	v /VLF2; pac dB20(V)		Error	No
	d2_VOUT_db		62.26
	VOUT_V		1.055
	d2_VIA_db		78.33
	d2_VLF1_db		92.22
	d2_VGA_db		79.68
	d2_VLF2_db		74.59
	V/V /V2; pxf dB20(V/V)		Error	No
	V/V /V7; pxf dB20(V/V)		Error	No
	CMRR		Error	No
	IN	corner	CMOS_RES_CAP_TEMP_6 - 
	v /VOUT; pac dB20(V)		Error	No
	v /VIA; pac dB20(V)		Error	No
	v /VLF1; pac dB20(V)		Error	No
	v /VGA; pac dB20(V)		Error	No
	v /VLF2; pac dB20(V)		Error	No
	d2_VOUT_db		60.36
	VOUT_V		1.152
	d2_VIA_db		93.57
	d2_VLF1_db		84.89
	d2_VGA_db		77.45
	d2_VLF2_db		69.3
	V/V /V2; pxf dB20(V/V)		Error	No
	V/V /V7; pxf dB20(V/V)		Error	No
	CMRR		Error	No
	IN	corner	CMOS_RES_CAP_TEMP_7 - 
	v /VOUT; pac dB20(V)		Error	No
	v /VIA; pac dB20(V)		Error	No
	v /VLF1; pac dB20(V)		Error	No
	v /VGA; pac dB20(V)		Error	No
	v /VLF2; pac dB20(V)		Error	No
	d2_VOUT_db		26.48
	VOUT_V		1.078
	d2_VIA_db		79.04
	d2_VLF1_db		89.94
	d2_VGA_db		26.41
	d2_VLF2_db		26.71
	V/V /V2; pxf dB20(V/V)		Error	No
	V/V /V7; pxf dB20(V/V)		Error	No
	CMRR		Error	No
	IN	corner	CMOS_RES_CAP_TEMP_8 - 
	v /VOUT; pac dB20(V)		Error	No
	v /VIA; pac dB20(V)		Error	No
	v /VLF1; pac dB20(V)		Error	No
	v /VGA; pac dB20(V)		Error	No
	v /VLF2; pac dB20(V)		Error	No
	d2_VOUT_db		59.61
	VOUT_V		1.085
	d2_VIA_db		120.6
	d2_VLF1_db		72.43
	d2_VGA_db		71.27
	d2_VLF2_db		61.47
	V/V /V2; pxf dB20(V/V)		Error	No
	V/V /V7; pxf dB20(V/V)		Error	No
	CMRR		Error	No
	IN	corner	CMOS_RES_CAP_TEMP_9 - 
	v /VOUT; pac dB20(V)		Error	No
	v /VIA; pac dB20(V)		Error	No
	v /VLF1; pac dB20(V)		Error	No
	v /VGA; pac dB20(V)		Error	No
	v /VLF2; pac dB20(V)		Error	No
	d2_VOUT_db		64.48
	VOUT_V		1.087
	d2_VIA_db		102.2
	d2_VLF1_db		83.75
	d2_VGA_db		80.26
	d2_VLF2_db		70.85
	V/V /V2; pxf dB20(V/V)		Error	No
	V/V /V7; pxf dB20(V/V)		Error	No
	CMRR		Error	No
	IN	corner	CMOS_RES_CAP_TEMP_10 - 
	v /VOUT; pac dB20(V)		Error	No
	v /VIA; pac dB20(V)		Error	No
	v /VLF1; pac dB20(V)		Error	No
	v /VGA; pac dB20(V)		Error	No
	v /VLF2; pac dB20(V)		Error	No
	d2_VOUT_db		60.61
	VOUT_V		1.152
	d2_VIA_db		109.7
	d2_VLF1_db		75.86
	d2_VGA_db		73
	d2_VLF2_db		63.76
	V/V /V2; pxf dB20(V/V)		Error	No
	V/V /V7; pxf dB20(V/V)		Error	No
	CMRR		Error	No
	IN	corner	CMOS_RES_CAP_TEMP_11 - 
	v /VOUT; pac dB20(V)		Error	No
	v /VIA; pac dB20(V)		Error	No
	v /VLF1; pac dB20(V)		Error	No
	v /VGA; pac dB20(V)		Error	No
	v /VLF2; pac dB20(V)		Error	No
	d2_VOUT_db		27.89
	VOUT_V		1.102
	d2_VIA_db		104
	d2_VLF1_db		83.46
	d2_VGA_db		27.58
	d2_VLF2_db		28.32
	V/V /V2; pxf dB20(V/V)		Error	No
	V/V /V7; pxf dB20(V/V)		Error	No
	CMRR		Error	No
	IN	corner	CMOS_RES_CAP_TEMP_12 - 
	v /VOUT; pac dB20(V)		Error	No
	v /VIA; pac dB20(V)		Error	No
	v /VLF1; pac dB20(V)		Error	No
	v /VGA; pac dB20(V)		Error	No
	v /VLF2; pac dB20(V)		Error	No
	d2_VOUT_db		58.31
	VOUT_V		1.084
	d2_VIA_db		112.6
	d2_VLF1_db		72.62
	d2_VGA_db		71.28
	d2_VLF2_db		61.25
	V/V /V2; pxf dB20(V/V)		Error	No
	V/V /V7; pxf dB20(V/V)		Error	No
	CMRR		Error	No
	IN	corner	CMOS_RES_CAP_TEMP_13 - 
	v /VOUT; pac dB20(V)		Error	No
	v /VIA; pac dB20(V)		Error	No
	v /VLF1; pac dB20(V)		Error	No
	v /VGA; pac dB20(V)		Error	No
	v /VLF2; pac dB20(V)		Error	No
	d2_VOUT_db		61.81
	VOUT_V		1.075
	d2_VIA_db		118
	d2_VLF1_db		82.96
	d2_VGA_db		76.47
	d2_VLF2_db		69.52
	V/V /V2; pxf dB20(V/V)		Error	No
	V/V /V7; pxf dB20(V/V)		Error	No
	CMRR		Error	No
	IN	corner	CMOS_RES_CAP_TEMP_14 - 
	v /VOUT; pac dB20(V)		Error	No
	v /VIA; pac dB20(V)		Error	No
	v /VLF1; pac dB20(V)		Error	No
	v /VGA; pac dB20(V)		Error	No
	v /VLF2; pac dB20(V)		Error	No
	d2_VOUT_db		58.93
	VOUT_V		1.158
	d2_VIA_db		124.6
	d2_VLF1_db		75.37
	d2_VGA_db		72.52
	d2_VLF2_db		63.04
	V/V /V2; pxf dB20(V/V)		Error	No
	V/V /V7; pxf dB20(V/V)		Error	No
	CMRR		Error	No
	IN	corner	CMOS_RES_CAP_TEMP_15 - 
	v /VOUT; pac dB20(V)		Error	No
	v /VIA; pac dB20(V)		Error	No
	v /VLF1; pac dB20(V)		Error	No
	v /VGA; pac dB20(V)		Error	No
	v /VLF2; pac dB20(V)		Error	No
	d2_VOUT_db		26.79
	VOUT_V		1.09
	d2_VIA_db		98.95
	d2_VLF1_db		82.39
	d2_VGA_db		26.36
	d2_VLF2_db		27.02
	V/V /V2; pxf dB20(V/V)		Error	No
	V/V /V7; pxf dB20(V/V)		Error	No
	CMRR		Error	No
	IN	corner	CMOS_RES_CAP_TEMP_16 - 
	v /VOUT; pac dB20(V)		Error	No
	v /VIA; pac dB20(V)		Error	No
	v /VLF1; pac dB20(V)		Error	No
	v /VGA; pac dB20(V)		Error	No
	v /VLF2; pac dB20(V)		Error	No
	d2_VOUT_db		63.77
	VOUT_V		1.073
	d2_VIA_db		109.9
	d2_VLF1_db		82.68
	d2_VGA_db		78.53
	d2_VLF2_db		69.94
	V/V /V2; pxf dB20(V/V)		Error	No
	V/V /V7; pxf dB20(V/V)		Error	No
	CMRR		Error	No
	IN	corner	CMOS_RES_CAP_TEMP_17 - 
	v /VOUT; pac dB20(V)		Error	No
	v /VIA; pac dB20(V)		Error	No
	v /VLF1; pac dB20(V)		Error	No
	v /VGA; pac dB20(V)		Error	No
	v /VLF2; pac dB20(V)		Error	No
	d2_VOUT_db		66.58
	VOUT_V		1.068
	d2_VIA_db		86.87
	d2_VLF1_db		92.19
	d2_VGA_db		86.48
	d2_VLF2_db		77.8
	V/V /V2; pxf dB20(V/V)		Error	No
	V/V /V7; pxf dB20(V/V)		Error	No
	CMRR		Error	No
	IN	corner	CMOS_RES_CAP_TEMP_18 - 
	v /VOUT; pac dB20(V)		Error	No
	v /VIA; pac dB20(V)		Error	No
	v /VLF1; pac dB20(V)		Error	No
	v /VGA; pac dB20(V)		Error	No
	v /VLF2; pac dB20(V)		Error	No
	d2_VOUT_db		63.64
	VOUT_V		1.143
	d2_VIA_db		115.3
	d2_VLF1_db		84.43
	d2_VGA_db		77.62
	d2_VLF2_db		69.99
	V/V /V2; pxf dB20(V/V)		Error	No
	V/V /V7; pxf dB20(V/V)		Error	No
	CMRR		Error	No
	IN	corner	CMOS_RES_CAP_TEMP_19 - 
	v /VOUT; pac dB20(V)		Error	No
	v /VIA; pac dB20(V)		Error	No
	v /VLF1; pac dB20(V)		Error	No
	v /VGA; pac dB20(V)		Error	No
	v /VLF2; pac dB20(V)		Error	No
	d2_VOUT_db		29.37
	VOUT_V		1.102
	d2_VIA_db		87.94
	d2_VLF1_db		90.13
	d2_VGA_db		29.29
	d2_VLF2_db		29.78
	V/V /V2; pxf dB20(V/V)		Error	No
	V/V /V7; pxf dB20(V/V)		Error	No
	CMRR		Error	No
	IN	corner	CMOS_RES_CAP_TEMP_20 - 
	v /VOUT; pac dB20(V)		Error	No
	v /VIA; pac dB20(V)		Error	No
	v /VLF1; pac dB20(V)		Error	No
	v /VGA; pac dB20(V)		Error	No
	v /VLF2; pac dB20(V)		Error	No
	d2_VOUT_db		61.66
	VOUT_V		1.067
	d2_VIA_db		111.4
	d2_VLF1_db		82.27
	d2_VGA_db		78
	d2_VLF2_db		69.22
	V/V /V2; pxf dB20(V/V)		Error	No
	V/V /V7; pxf dB20(V/V)		Error	No
	CMRR		Error	No
	IN	corner	CMOS_RES_CAP_TEMP_21 - 
	v /VOUT; pac dB20(V)		Error	No
	v /VIA; pac dB20(V)		Error	No
	v /VLF1; pac dB20(V)		Error	No
	v /VGA; pac dB20(V)		Error	No
	v /VLF2; pac dB20(V)		Error	No
	d2_VOUT_db		63.73
	VOUT_V		1.049
	d2_VIA_db		87.71
	d2_VLF1_db		91.18
	d2_VGA_db		79.79
	d2_VLF2_db		74.69
	V/V /V2; pxf dB20(V/V)		Error	No
	V/V /V7; pxf dB20(V/V)		Error	No
	CMRR		Error	No
	IN	corner	CMOS_RES_CAP_TEMP_22 - 
	v /VOUT; pac dB20(V)		Error	No
	v /VIA; pac dB20(V)		Error	No
	v /VLF1; pac dB20(V)		Error	No
	v /VGA; pac dB20(V)		Error	No
	v /VLF2; pac dB20(V)		Error	No
	d2_VOUT_db		61.6
	VOUT_V		1.144
	d2_VIA_db		106.8
	d2_VLF1_db		83.42
	d2_VGA_db		77.01
	d2_VLF2_db		68.96
	V/V /V2; pxf dB20(V/V)		Error	No
	V/V /V7; pxf dB20(V/V)		Error	No
	CMRR		Error	No
	IN	corner	CMOS_RES_CAP_TEMP_23 - 
	v /VOUT; pac dB20(V)		Error	No
	v /VIA; pac dB20(V)		Error	No
	v /VLF1; pac dB20(V)		Error	No
	v /VGA; pac dB20(V)		Error	No
	v /VLF2; pac dB20(V)		Error	No
	d2_VOUT_db		28.24
	VOUT_V		1.093
	d2_VIA_db		89.48
	d2_VLF1_db		88.82
	d2_VGA_db		28.02
	d2_VLF2_db		28.46
	V/V /V2; pxf dB20(V/V)		Error	No
	V/V /V7; pxf dB20(V/V)		Error	No
	CMRR		Error	No
	IN	corner	CMOS_RES_CAP_TEMP_24 - 
	v /VOUT; pac dB20(V)		Error	No
	v /VIA; pac dB20(V)		Error	No
	v /VLF1; pac dB20(V)		Error	No
	v /VGA; pac dB20(V)		Error	No
	v /VLF2; pac dB20(V)		Error	No
	d2_VOUT_db		59.26
	VOUT_V		1.078
	d2_VIA_db		126.6
	d2_VLF1_db		69.67
	d2_VGA_db		69
	d2_VLF2_db		60.01
	V/V /V2; pxf dB20(V/V)		Error	No
	V/V /V7; pxf dB20(V/V)		Error	No
	CMRR		Error	No
	IN	corner	CMOS_RES_CAP_TEMP_25 - 
	v /VOUT; pac dB20(V)		Error	No
	v /VIA; pac dB20(V)		Error	No
	v /VLF1; pac dB20(V)		Error	No
	v /VGA; pac dB20(V)		Error	No
	v /VLF2; pac dB20(V)		Error	No
	d2_VOUT_db		65.76
	VOUT_V		1.08
	d2_VIA_db		114.3
	d2_VLF1_db		81.62
	d2_VGA_db		78.99
	d2_VLF2_db		70.07
	V/V /V2; pxf dB20(V/V)		Error	No
	V/V /V7; pxf dB20(V/V)		Error	No
	CMRR		Error	No
	IN	corner	CMOS_RES_CAP_TEMP_26 - 
	v /VOUT; pac dB20(V)		Error	No
	v /VIA; pac dB20(V)		Error	No
	v /VLF1; pac dB20(V)		Error	No
	v /VGA; pac dB20(V)		Error	No
	v /VLF2; pac dB20(V)		Error	No
	d2_VOUT_db		60.98
	VOUT_V		1.144
	d2_VIA_db		107.5
	d2_VLF1_db		73.45
	d2_VGA_db		71.5
	d2_VLF2_db		62.82
	V/V /V2; pxf dB20(V/V)		Error	No
	V/V /V7; pxf dB20(V/V)		Error	No
	CMRR		Error	No
	IN	corner	CMOS_RES_CAP_TEMP_27 - 
	v /VOUT; pac dB20(V)		Error	No
	v /VIA; pac dB20(V)		Error	No
	v /VLF1; pac dB20(V)		Error	No
	v /VGA; pac dB20(V)		Error	No
	v /VLF2; pac dB20(V)		Error	No
	d2_VOUT_db		29.85
	VOUT_V		1.111
	d2_VIA_db		110
	d2_VLF1_db		81.71
	d2_VGA_db		29.22
	d2_VLF2_db		30.27
	V/V /V2; pxf dB20(V/V)		Error	No
	V/V /V7; pxf dB20(V/V)		Error	No
	CMRR		Error	No
	IN	corner	CMOS_RES_CAP_TEMP_28 - 
	v /VOUT; pac dB20(V)		Error	No
	v /VIA; pac dB20(V)		Error	No
	v /VLF1; pac dB20(V)		Error	No
	v /VGA; pac dB20(V)		Error	No
	v /VLF2; pac dB20(V)		Error	No
	d2_VOUT_db		58.43
	VOUT_V		1.077
	d2_VIA_db		125.3
	d2_VLF1_db		69.9
	d2_VGA_db		69.1
	d2_VLF2_db		59.84
	V/V /V2; pxf dB20(V/V)		Error	No
	V/V /V7; pxf dB20(V/V)		Error	No
	CMRR		Error	No
	IN	corner	CMOS_RES_CAP_TEMP_29 - 
	v /VOUT; pac dB20(V)		Error	No
	v /VIA; pac dB20(V)		Error	No
	v /VLF1; pac dB20(V)		Error	No
	v /VGA; pac dB20(V)		Error	No
	v /VLF2; pac dB20(V)		Error	No
	d2_VOUT_db		63.16
	VOUT_V		1.068
	d2_VIA_db		111.3
	d2_VLF1_db		80.76
	d2_VGA_db		75.73
	d2_VLF2_db		68.94
	V/V /V2; pxf dB20(V/V)		Error	No
	V/V /V7; pxf dB20(V/V)		Error	No
	CMRR		Error	No
	IN	corner	CMOS_RES_CAP_TEMP_30 - 
	v /VOUT; pac dB20(V)		Error	No
	v /VIA; pac dB20(V)		Error	No
	v /VLF1; pac dB20(V)		Error	No
	v /VGA; pac dB20(V)		Error	No
	v /VLF2; pac dB20(V)		Error	No
	d2_VOUT_db		59.54
	VOUT_V		1.15
	d2_VIA_db		109.5
	d2_VLF1_db		72.91
	d2_VGA_db		70.99
	d2_VLF2_db		62.06
	V/V /V2; pxf dB20(V/V)		Error	No
	V/V /V7; pxf dB20(V/V)		Error	No
	CMRR		Error	No
	IN	corner	CMOS_RES_CAP_TEMP_31 - 
	v /VOUT; pac dB20(V)		Error	No
	v /VIA; pac dB20(V)		Error	No
	v /VLF1; pac dB20(V)		Error	No
	v /VGA; pac dB20(V)		Error	No
	v /VLF2; pac dB20(V)		Error	No
	d2_VOUT_db		28.68
	VOUT_V		1.104
	d2_VIA_db		110.1
	d2_VLF1_db		80.39
	d2_VGA_db		27.95
	d2_VLF2_db		28.9
	V/V /V2; pxf dB20(V/V)		Error	No
	V/V /V7; pxf dB20(V/V)		Error	No
	CMRR		Error	No
	IN	corner	Nominal - 
	v /VOUT; pac dB20(V)		Error	No
	v /VIA; pac dB20(V)		Error	No
	v /VLF1; pac dB20(V)		Error	No
	v /VGA; pac dB20(V)		Error	No
	v /VLF2; pac dB20(V)		Error	No
	d2_VOUT_db		62.29
	VOUT_V		1.102
	d2_VIA_db		115.5
	d2_VLF1_db		82.99
	d2_VGA_db		76.74
	d2_VLF2_db		69.29
	V/V /V2; pxf dB20(V/V)		Error	No
	V/V /V7; pxf dB20(V/V)		Error	No
	CMRR		Error	No
Design parameters: 
	FC		4K
	VCM_AC		0
	VCM_DC		1.5
	VDD		3.3
	VIN_AC		1
	VIN_DC		50m
	S0		3.3
	S1		0
	S2		0
	F0		3.3
	F1		3.3
	F2		0

Interactive.69
Number of points completed: 1
Number of simulation errors: 0
Interactive.69 completed. 
Current time: Sun Apr  5 18:45:32 2026 
