Starting Monte Carlo Sampling...

Current time: Sun Apr  5 19:07:08 2026 

Variation: All
Sampling Method: Low-Discrepancy Sequence
Seed: 

MonteCarlo.1
Number of points completed: 100
Number of simulation errors: 0
MonteCarlo.1 completed. 
Current time: Sun Apr  5 19:32:35 2026 
Monte Carlo Sampling yield summary:
Number of spec values are in this yield data: 18
IN_MC	Nominal - 
	CMRR:	Yield	0%
		Min 0	Max 0	Mean 0	Number of errors 100
IN_MC	Nominal - 
	V/V /V2; pxf dB20(V/V):	Yield	0%
		Min 0	Max 0	Mean 0	Number of errors 100
IN_MC	Nominal - 
	V/V /V7; pxf dB20(V/V):	Yield	0%
		Min 0	Max 0	Mean 0	Number of errors 100
IN_MC	Nominal - 
	d2_VGA_db:	Yield	100%
		Min 71.9503	Max 81.2881	Mean 76.1638	Number of errors 0
IN_MC	Nominal - 
	d2_VIA_db:	Yield	100%
		Min 76.2974	Max 113.741	Mean 91.2555	Number of errors 0
IN_MC	Nominal - 
	d2_VLF1_db:	Yield	100%
		Min 74.0734	Max 94.0777	Mean 83.2419	Number of errors 0
IN_MC	Nominal - 
	d2_VLF2_db:	Yield	100%
		Min 63.3381	Max 75.6237	Mean 69.1478	Number of errors 0
IN_MC	Nominal - 
	d2_VOUT_db:	Yield	100%
		Min 59.8001	Max 64.988	Mean 62.1103	Number of errors 0
IN_MC	Nominal - 
	v /VGA; pac dB20(V):	Yield	0%
		Min 0	Max 0	Mean 0	Number of errors 100
IN_MC	Nominal - 
	v /VGA; pss (V):	Yield	0%
		Min 0	Max 0	Mean 0	Number of errors 0
IN_MC	Nominal - 
	v /VIA; pac dB20(V):	Yield	0%
		Min 0	Max 0	Mean 0	Number of errors 100
IN_MC	Nominal - 
	v /VIA; pss (V):	Yield	0%
		Min 0	Max 0	Mean 0	Number of errors 0
IN_MC	Nominal - 
	v /VLF1; pac dB20(V):	Yield	0%
		Min 0	Max 0	Mean 0	Number of errors 100
IN_MC	Nominal - 
	v /VLF1; pss (V):	Yield	0%
		Min 0	Max 0	Mean 0	Number of errors 0
IN_MC	Nominal - 
	v /VLF2; pac dB20(V):	Yield	0%
		Min 0	Max 0	Mean 0	Number of errors 100
IN_MC	Nominal - 
	v /VLF2; pss (V):	Yield	0%
		Min 0	Max 0	Mean 0	Number of errors 0
IN_MC	Nominal - 
	v /VOUT; pac dB20(V):	Yield	0%
		Min 0	Max 0	Mean 0	Number of errors 100
IN_MC	Nominal - 
	v /VOUT; pss (V):	Yield	0%
		Min 0	Max 0	Mean 0	Number of errors 0

IN_MC
	Overall Yield	100%	Number of points passed	100	Total number of points	100

Estimated yield = 100% (100/100), 100 errors
Estimated yield (No opregions) = 100% (100/100)
