Starting Monte Carlo Sampling...

Current time: Thu Apr  2 19:59:18 2026 

Variation: All
Sampling Method: Low-Discrepancy Sequence
Seed: 

MonteCarlo.0
Number of points completed: 100
Number of simulation errors: 0
MonteCarlo.0 completed. 
Current time: Thu Apr  2 20:15:17 2026 
Monte Carlo Sampling yield summary:
Number of spec values are in this yield data: 18
IN_MC	Nominal - 
	CMRR:	Yield	0%
		Min 0	Max 0	Mean 0	Number of errors 0
IN_MC	Nominal - 
	V/V /V2; pxf dB20(V/V):	Yield	0%
		Min 0	Max 0	Mean 0	Number of errors 0
IN_MC	Nominal - 
	V/V /V7; pxf dB20(V/V):	Yield	0%
		Min 0	Max 0	Mean 0	Number of errors 0
IN_MC	Nominal - 
	d2_VGA_db:	Yield	0%
		Min 0	Max 0	Mean 0	Number of errors 0
IN_MC	Nominal - 
	d2_VIA_db:	Yield	0%
		Min 0	Max 0	Mean 0	Number of errors 0
IN_MC	Nominal - 
	d2_VLF1_db:	Yield	0%
		Min 0	Max 0	Mean 0	Number of errors 0
IN_MC	Nominal - 
	d2_VLF2_db:	Yield	0%
		Min 0	Max 0	Mean 0	Number of errors 0
IN_MC	Nominal - 
	d2_VOUT_db:	Yield	0%
		Min 0	Max 0	Mean 0	Number of errors 0
IN_MC	Nominal - 
	v /VGA; pac dB20(V):	Yield	0%
		Min 0	Max 0	Mean 0	Number of errors 0
IN_MC	Nominal - 
	v /VGA; pss (V):	Yield	0%
		Min 0	Max 0	Mean 0	Number of errors 0
IN_MC	Nominal - 
	v /VIA; pac dB20(V):	Yield	0%
		Min 0	Max 0	Mean 0	Number of errors 0
IN_MC	Nominal - 
	v /VIA; pss (V):	Yield	0%
		Min 0	Max 0	Mean 0	Number of errors 0
IN_MC	Nominal - 
	v /VLF1; pac dB20(V):	Yield	0%
		Min 0	Max 0	Mean 0	Number of errors 0
IN_MC	Nominal - 
	v /VLF1; pss (V):	Yield	0%
		Min 0	Max 0	Mean 0	Number of errors 0
IN_MC	Nominal - 
	v /VLF2; pac dB20(V):	Yield	0%
		Min 0	Max 0	Mean 0	Number of errors 0
IN_MC	Nominal - 
	v /VLF2; pss (V):	Yield	0%
		Min 0	Max 0	Mean 0	Number of errors 0
IN_MC	Nominal - 
	v /VOUT; pac dB20(V):	Yield	0%
		Min 0	Max 0	Mean 0	Number of errors 0
IN_MC	Nominal - 
	v /VOUT; pss (V):	Yield	0%
		Min 0	Max 0	Mean 0	Number of errors 0

IN_MC
	Overall Yield	0%	Number of points passed	0	Total number of points	0

Estimated yield = 0% (0/0), 0 errors
Estimated yield (No opregions) = 0% (0/0)
