Starting Single Run, Sweeps and Corners...

Current time: Wed Apr  1 06:10:05 2026 
Best design point: 1
Design specs: 
	VIN	corner	CMOS_RES_CAP_TEMP_0 - 
	integrated noise V		Error	No
	d2_dB		80.56
	VIN	corner	CMOS_RES_CAP_TEMP_1 - 
	integrated noise V		Error	No
	d2_dB		107
	VIN	corner	CMOS_RES_CAP_TEMP_2 - 
	integrated noise V		Error	No
	d2_dB		108.5
	VIN	corner	CMOS_RES_CAP_TEMP_3 - 
	integrated noise V		Error	No
	d2_dB		104.3
	VIN	corner	CMOS_RES_CAP_TEMP_4 - 
	integrated noise V		Error	No
	d2_dB		78.97
	VIN	corner	CMOS_RES_CAP_TEMP_5 - 
	integrated noise V		Error	No
	d2_dB		105.2
	VIN	corner	CMOS_RES_CAP_TEMP_6 - 
	integrated noise V		Error	No
	d2_dB		102.1
	VIN	corner	CMOS_RES_CAP_TEMP_7 - 
	integrated noise V		Error	No
	d2_dB		100.7
	VIN	corner	CMOS_RES_CAP_TEMP_8 - 
	integrated noise V		Error	No
	d2_dB		80.56
	VIN	corner	CMOS_RES_CAP_TEMP_9 - 
	integrated noise V		Error	No
	d2_dB		107
	VIN	corner	CMOS_RES_CAP_TEMP_10 - 
	integrated noise V		Error	No
	d2_dB		108.5
	VIN	corner	CMOS_RES_CAP_TEMP_11 - 
	integrated noise V		Error	No
	d2_dB		104.3
	VIN	corner	CMOS_RES_CAP_TEMP_12 - 
	integrated noise V		Error	No
	d2_dB		78.97
	VIN	corner	CMOS_RES_CAP_TEMP_13 - 
	integrated noise V		Error	No
	d2_dB		105.2
	VIN	corner	CMOS_RES_CAP_TEMP_14 - 
	integrated noise V		Error	No
	d2_dB		102.1
	VIN	corner	CMOS_RES_CAP_TEMP_15 - 
	integrated noise V		Error	No
	d2_dB		100.7
	VIN	corner	CMOS_RES_CAP_TEMP_16 - 
	integrated noise V		Error	No
	d2_dB		80.52
	VIN	corner	CMOS_RES_CAP_TEMP_17 - 
	integrated noise V		Error	No
	d2_dB		105.6
	VIN	corner	CMOS_RES_CAP_TEMP_18 - 
	integrated noise V		Error	No
	d2_dB		107.1
	VIN	corner	CMOS_RES_CAP_TEMP_19 - 
	integrated noise V		Error	No
	d2_dB		103.2
	VIN	corner	CMOS_RES_CAP_TEMP_20 - 
	integrated noise V		Error	No
	d2_dB		78.94
	VIN	corner	CMOS_RES_CAP_TEMP_21 - 
	integrated noise V		Error	No
	d2_dB		104.1
	VIN	corner	CMOS_RES_CAP_TEMP_22 - 
	integrated noise V		Error	No
	d2_dB		101.7
	VIN	corner	CMOS_RES_CAP_TEMP_23 - 
	integrated noise V		Error	No
	d2_dB		100
	VIN	corner	CMOS_RES_CAP_TEMP_24 - 
	integrated noise V		Error	No
	d2_dB		80.52
	VIN	corner	CMOS_RES_CAP_TEMP_25 - 
	integrated noise V		Error	No
	d2_dB		105.6
	VIN	corner	CMOS_RES_CAP_TEMP_26 - 
	integrated noise V		Error	No
	d2_dB		107.1
	VIN	corner	CMOS_RES_CAP_TEMP_27 - 
	integrated noise V		Error	No
	d2_dB		103.2
	VIN	corner	CMOS_RES_CAP_TEMP_28 - 
	integrated noise V		Error	No
	d2_dB		78.95
	VIN	corner	CMOS_RES_CAP_TEMP_29 - 
	integrated noise V		Error	No
	d2_dB		104.1
	VIN	corner	CMOS_RES_CAP_TEMP_30 - 
	integrated noise V		Error	No
	d2_dB		101.7
	VIN	corner	CMOS_RES_CAP_TEMP_31 - 
	integrated noise V		Error	No
	d2_dB		100
	VIN	corner	Nominal - 
	integrated noise V		Error	No
	d2_dB		105
Design parameters: 
	VCM		1.6
	VIN_AMP		1
	VIN_FREQ		50

Interactive.15
Number of points completed: 1
Number of simulation errors: 0
Interactive.15 completed. 
Current time: Wed Apr  1 06:10:30 2026 
