Starting Single Run, Sweeps and Corners...

Current time: Thu Apr  2 11:18:05 2026 
Best design point: 1
Design specs: 
	VIN	corner	CMOS_RES_CAP_VDD_TEMP_0 - 
	integrated noise V		Error	No
	d2_dB		72.44
	VIN	corner	CMOS_RES_CAP_VDD_TEMP_1 - 
	integrated noise V		Error	No
	d2_dB		73.51
	VIN	corner	CMOS_RES_CAP_VDD_TEMP_2 - 
	integrated noise V		Error	No
	d2_dB		72.33
	VIN	corner	CMOS_RES_CAP_VDD_TEMP_3 - 
	integrated noise V		Error	No
	d2_dB		73.48
	VIN	corner	CMOS_RES_CAP_VDD_TEMP_4 - 
	integrated noise V		Error	No
	d2_dB		73.83
	VIN	corner	CMOS_RES_CAP_VDD_TEMP_5 - 
	integrated noise V		Error	No
	d2_dB		53.62
	VIN	corner	CMOS_RES_CAP_VDD_TEMP_6 - 
	integrated noise V		Error	No
	d2_dB		73.81
	VIN	corner	CMOS_RES_CAP_VDD_TEMP_7 - 
	integrated noise V		Error	No
	d2_dB		53.56
	VIN	corner	CMOS_RES_CAP_VDD_TEMP_8 - 
	integrated noise V		Error	No
	d2_dB		69.47
	VIN	corner	CMOS_RES_CAP_VDD_TEMP_9 - 
	integrated noise V		Error	No
	d2_dB		70.94
	VIN	corner	CMOS_RES_CAP_VDD_TEMP_10 - 
	integrated noise V		Error	No
	d2_dB		69.4
	VIN	corner	CMOS_RES_CAP_VDD_TEMP_11 - 
	integrated noise V		Error	No
	d2_dB		70.91
	VIN	corner	CMOS_RES_CAP_VDD_TEMP_12 - 
	integrated noise V		Error	No
	d2_dB		70.88
	VIN	corner	CMOS_RES_CAP_VDD_TEMP_13 - 
	integrated noise V		Error	No
	d2_dB		58.73
	VIN	corner	CMOS_RES_CAP_VDD_TEMP_14 - 
	integrated noise V		Error	No
	d2_dB		70.88
	VIN	corner	CMOS_RES_CAP_VDD_TEMP_15 - 
	integrated noise V		Error	No
	d2_dB		58.72
	VIN	corner	CMOS_RES_CAP_VDD_TEMP_16 - 
	integrated noise V		Error	No
	d2_dB		72.44
	VIN	corner	CMOS_RES_CAP_VDD_TEMP_17 - 
	integrated noise V		Error	No
	d2_dB		73.51
	VIN	corner	CMOS_RES_CAP_VDD_TEMP_18 - 
	integrated noise V		Error	No
	d2_dB		72.33
	VIN	corner	CMOS_RES_CAP_VDD_TEMP_19 - 
	integrated noise V		Error	No
	d2_dB		73.48
	VIN	corner	CMOS_RES_CAP_VDD_TEMP_20 - 
	integrated noise V		Error	No
	d2_dB		73.83
	VIN	corner	CMOS_RES_CAP_VDD_TEMP_21 - 
	integrated noise V		Error	No
	d2_dB		53.62
	VIN	corner	CMOS_RES_CAP_VDD_TEMP_22 - 
	integrated noise V		Error	No
	d2_dB		73.81
	VIN	corner	CMOS_RES_CAP_VDD_TEMP_23 - 
	integrated noise V		Error	No
	d2_dB		53.56
	VIN	corner	CMOS_RES_CAP_VDD_TEMP_24 - 
	integrated noise V		Error	No
	d2_dB		69.47
	VIN	corner	CMOS_RES_CAP_VDD_TEMP_25 - 
	integrated noise V		Error	No
	d2_dB		70.94
	VIN	corner	CMOS_RES_CAP_VDD_TEMP_26 - 
	integrated noise V		Error	No
	d2_dB		69.4
	VIN	corner	CMOS_RES_CAP_VDD_TEMP_27 - 
	integrated noise V		Error	No
	d2_dB		70.91
	VIN	corner	CMOS_RES_CAP_VDD_TEMP_28 - 
	integrated noise V		Error	No
	d2_dB		70.88
	VIN	corner	CMOS_RES_CAP_VDD_TEMP_29 - 
	integrated noise V		Error	No
	d2_dB		58.73
	VIN	corner	CMOS_RES_CAP_VDD_TEMP_30 - 
	integrated noise V		Error	No
	d2_dB		70.88
	VIN	corner	CMOS_RES_CAP_VDD_TEMP_31 - 
	integrated noise V		Error	No
	d2_dB		58.72
	VIN	corner	CMOS_RES_CAP_VDD_TEMP_32 - 
	integrated noise V		Error	No
	d2_dB		74.19
	VIN	corner	CMOS_RES_CAP_VDD_TEMP_33 - 
	integrated noise V		Error	No
	d2_dB		75.23
	VIN	corner	CMOS_RES_CAP_VDD_TEMP_34 - 
	integrated noise V		Error	No
	d2_dB		74.09
	VIN	corner	CMOS_RES_CAP_VDD_TEMP_35 - 
	integrated noise V		Error	No
	d2_dB		75.2
	VIN	corner	CMOS_RES_CAP_VDD_TEMP_36 - 
	integrated noise V		Error	No
	d2_dB		75.52
	VIN	corner	CMOS_RES_CAP_VDD_TEMP_37 - 
	integrated noise V		Error	No
	d2_dB		55.49
	VIN	corner	CMOS_RES_CAP_VDD_TEMP_38 - 
	integrated noise V		Error	No
	d2_dB		75.52
	VIN	corner	CMOS_RES_CAP_VDD_TEMP_39 - 
	integrated noise V		Error	No
	d2_dB		55.49
	VIN	corner	CMOS_RES_CAP_VDD_TEMP_40 - 
	integrated noise V		Error	No
	d2_dB		71.22
	VIN	corner	CMOS_RES_CAP_VDD_TEMP_41 - 
	integrated noise V		Error	No
	d2_dB		72.66
	VIN	corner	CMOS_RES_CAP_VDD_TEMP_42 - 
	integrated noise V		Error	No
	d2_dB		71.14
	VIN	corner	CMOS_RES_CAP_VDD_TEMP_43 - 
	integrated noise V		Error	No
	d2_dB		72.64
	VIN	corner	CMOS_RES_CAP_VDD_TEMP_44 - 
	integrated noise V		Error	No
	d2_dB		72.59
	VIN	corner	CMOS_RES_CAP_VDD_TEMP_45 - 
	integrated noise V		Error	No
	d2_dB		60.59
	VIN	corner	CMOS_RES_CAP_VDD_TEMP_46 - 
	integrated noise V		Error	No
	d2_dB		72.59
	VIN	corner	CMOS_RES_CAP_VDD_TEMP_47 - 
	integrated noise V		Error	No
	d2_dB		60.58
	VIN	corner	CMOS_RES_CAP_VDD_TEMP_48 - 
	integrated noise V		Error	No
	d2_dB		74.19
	VIN	corner	CMOS_RES_CAP_VDD_TEMP_49 - 
	integrated noise V		Error	No
	d2_dB		75.23
	VIN	corner	CMOS_RES_CAP_VDD_TEMP_50 - 
	integrated noise V		Error	No
	d2_dB		74.09
	VIN	corner	CMOS_RES_CAP_VDD_TEMP_51 - 
	integrated noise V		Error	No
	d2_dB		75.2
	VIN	corner	CMOS_RES_CAP_VDD_TEMP_52 - 
	integrated noise V		Error	No
	d2_dB		75.52
	VIN	corner	CMOS_RES_CAP_VDD_TEMP_53 - 
	integrated noise V		Error	No
	d2_dB		55.49
	VIN	corner	CMOS_RES_CAP_VDD_TEMP_54 - 
	integrated noise V		Error	No
	d2_dB		75.52
	VIN	corner	CMOS_RES_CAP_VDD_TEMP_55 - 
	integrated noise V		Error	No
	d2_dB		55.49
	VIN	corner	CMOS_RES_CAP_VDD_TEMP_56 - 
	integrated noise V		Error	No
	d2_dB		71.22
	VIN	corner	CMOS_RES_CAP_VDD_TEMP_57 - 
	integrated noise V		Error	No
	d2_dB		72.66
	VIN	corner	CMOS_RES_CAP_VDD_TEMP_58 - 
	integrated noise V		Error	No
	d2_dB		71.14
	VIN	corner	CMOS_RES_CAP_VDD_TEMP_59 - 
	integrated noise V		Error	No
	d2_dB		72.64
	VIN	corner	CMOS_RES_CAP_VDD_TEMP_60 - 
	integrated noise V		Error	No
	d2_dB		72.59
	VIN	corner	CMOS_RES_CAP_VDD_TEMP_61 - 
	integrated noise V		Error	No
	d2_dB		60.59
	VIN	corner	CMOS_RES_CAP_VDD_TEMP_62 - 
	integrated noise V		Error	No
	d2_dB		72.59
	VIN	corner	CMOS_RES_CAP_VDD_TEMP_63 - 
	integrated noise V		Error	No
	d2_dB		60.58
	VIN	corner	Nominal - 
	integrated noise V		Error	No
	d2_dB		72.76
Design parameters: 
	VCM		1.5
	VIN_AMP		250m
	VIN_FREQ		50

Interactive.24
Number of points completed: 1
Number of simulation errors: 0
Interactive.24 completed. 
Current time: Thu Apr  2 11:18:24 2026 
