Starting Single Run, Sweeps and Corners...

Current time: Thu Apr  2 11:18:34 2026 
Best design point: 1
Design specs: 
	VIN	corner	CMOS_RES_CAP_VDD_TEMP_0 - 
	integrated noise V		Error	No
	d2_dB		66.12
	VIN	corner	CMOS_RES_CAP_VDD_TEMP_1 - 
	integrated noise V		Error	No
	d2_dB		67.01
	VIN	corner	CMOS_RES_CAP_VDD_TEMP_2 - 
	integrated noise V		Error	No
	d2_dB		65.91
	VIN	corner	CMOS_RES_CAP_VDD_TEMP_3 - 
	integrated noise V		Error	No
	d2_dB		66.98
	VIN	corner	CMOS_RES_CAP_VDD_TEMP_4 - 
	integrated noise V		Error	No
	d2_dB		67.39
	VIN	corner	CMOS_RES_CAP_VDD_TEMP_5 - 
	integrated noise V		Error	No
	d2_dB		54.08
	VIN	corner	CMOS_RES_CAP_VDD_TEMP_6 - 
	integrated noise V		Error	No
	d2_dB		67.38
	VIN	corner	CMOS_RES_CAP_VDD_TEMP_7 - 
	integrated noise V		Error	No
	d2_dB		54.08
	VIN	corner	CMOS_RES_CAP_VDD_TEMP_8 - 
	integrated noise V		Error	No
	d2_dB		62.95
	VIN	corner	CMOS_RES_CAP_VDD_TEMP_9 - 
	integrated noise V		Error	No
	d2_dB		64.37
	VIN	corner	CMOS_RES_CAP_VDD_TEMP_10 - 
	integrated noise V		Error	No
	d2_dB		62.81
	VIN	corner	CMOS_RES_CAP_VDD_TEMP_11 - 
	integrated noise V		Error	No
	d2_dB		64.35
	VIN	corner	CMOS_RES_CAP_VDD_TEMP_12 - 
	integrated noise V		Error	No
	d2_dB		64.29
	VIN	corner	CMOS_RES_CAP_VDD_TEMP_13 - 
	integrated noise V		Error	No
	d2_dB		59.06
	VIN	corner	CMOS_RES_CAP_VDD_TEMP_14 - 
	integrated noise V		Error	No
	d2_dB		64.29
	VIN	corner	CMOS_RES_CAP_VDD_TEMP_15 - 
	integrated noise V		Error	No
	d2_dB		59.06
	VIN	corner	CMOS_RES_CAP_VDD_TEMP_16 - 
	integrated noise V		Error	No
	d2_dB		66.12
	VIN	corner	CMOS_RES_CAP_VDD_TEMP_17 - 
	integrated noise V		Error	No
	d2_dB		67.01
	VIN	corner	CMOS_RES_CAP_VDD_TEMP_18 - 
	integrated noise V		Error	No
	d2_dB		65.91
	VIN	corner	CMOS_RES_CAP_VDD_TEMP_19 - 
	integrated noise V		Error	No
	d2_dB		66.98
	VIN	corner	CMOS_RES_CAP_VDD_TEMP_20 - 
	integrated noise V		Error	No
	d2_dB		67.39
	VIN	corner	CMOS_RES_CAP_VDD_TEMP_21 - 
	integrated noise V		Error	No
	d2_dB		54.08
	VIN	corner	CMOS_RES_CAP_VDD_TEMP_22 - 
	integrated noise V		Error	No
	d2_dB		67.38
	VIN	corner	CMOS_RES_CAP_VDD_TEMP_23 - 
	integrated noise V		Error	No
	d2_dB		54.08
	VIN	corner	CMOS_RES_CAP_VDD_TEMP_24 - 
	integrated noise V		Error	No
	d2_dB		62.95
	VIN	corner	CMOS_RES_CAP_VDD_TEMP_25 - 
	integrated noise V		Error	No
	d2_dB		64.37
	VIN	corner	CMOS_RES_CAP_VDD_TEMP_26 - 
	integrated noise V		Error	No
	d2_dB		62.81
	VIN	corner	CMOS_RES_CAP_VDD_TEMP_27 - 
	integrated noise V		Error	No
	d2_dB		64.35
	VIN	corner	CMOS_RES_CAP_VDD_TEMP_28 - 
	integrated noise V		Error	No
	d2_dB		64.29
	VIN	corner	CMOS_RES_CAP_VDD_TEMP_29 - 
	integrated noise V		Error	No
	d2_dB		59.06
	VIN	corner	CMOS_RES_CAP_VDD_TEMP_30 - 
	integrated noise V		Error	No
	d2_dB		64.29
	VIN	corner	CMOS_RES_CAP_VDD_TEMP_31 - 
	integrated noise V		Error	No
	d2_dB		59.06
	VIN	corner	CMOS_RES_CAP_VDD_TEMP_32 - 
	integrated noise V		Error	No
	d2_dB		67.86
	VIN	corner	CMOS_RES_CAP_VDD_TEMP_33 - 
	integrated noise V		Error	No
	d2_dB		68.71
	VIN	corner	CMOS_RES_CAP_VDD_TEMP_34 - 
	integrated noise V		Error	No
	d2_dB		67.66
	VIN	corner	CMOS_RES_CAP_VDD_TEMP_35 - 
	integrated noise V		Error	No
	d2_dB		68.7
	VIN	corner	CMOS_RES_CAP_VDD_TEMP_36 - 
	integrated noise V		Error	No
	d2_dB		69.08
	VIN	corner	CMOS_RES_CAP_VDD_TEMP_37 - 
	integrated noise V		Error	No
	d2_dB		55.86
	VIN	corner	CMOS_RES_CAP_VDD_TEMP_38 - 
	integrated noise V		Error	No
	d2_dB		69.09
	VIN	corner	CMOS_RES_CAP_VDD_TEMP_39 - 
	integrated noise V		Error	No
	d2_dB		55.85
	VIN	corner	CMOS_RES_CAP_VDD_TEMP_40 - 
	integrated noise V		Error	No
	d2_dB		64.69
	VIN	corner	CMOS_RES_CAP_VDD_TEMP_41 - 
	integrated noise V		Error	No
	d2_dB		66.07
	VIN	corner	CMOS_RES_CAP_VDD_TEMP_42 - 
	integrated noise V		Error	No
	d2_dB		64.55
	VIN	corner	CMOS_RES_CAP_VDD_TEMP_43 - 
	integrated noise V		Error	No
	d2_dB		66.06
	VIN	corner	CMOS_RES_CAP_VDD_TEMP_44 - 
	integrated noise V		Error	No
	d2_dB		65.99
	VIN	corner	CMOS_RES_CAP_VDD_TEMP_45 - 
	integrated noise V		Error	No
	d2_dB		60.81
	VIN	corner	CMOS_RES_CAP_VDD_TEMP_46 - 
	integrated noise V		Error	No
	d2_dB		66.01
	VIN	corner	CMOS_RES_CAP_VDD_TEMP_47 - 
	integrated noise V		Error	No
	d2_dB		60.81
	VIN	corner	CMOS_RES_CAP_VDD_TEMP_48 - 
	integrated noise V		Error	No
	d2_dB		67.86
	VIN	corner	CMOS_RES_CAP_VDD_TEMP_49 - 
	integrated noise V		Error	No
	d2_dB		68.71
	VIN	corner	CMOS_RES_CAP_VDD_TEMP_50 - 
	integrated noise V		Error	No
	d2_dB		67.66
	VIN	corner	CMOS_RES_CAP_VDD_TEMP_51 - 
	integrated noise V		Error	No
	d2_dB		68.7
	VIN	corner	CMOS_RES_CAP_VDD_TEMP_52 - 
	integrated noise V		Error	No
	d2_dB		69.08
	VIN	corner	CMOS_RES_CAP_VDD_TEMP_53 - 
	integrated noise V		Error	No
	d2_dB		55.86
	VIN	corner	CMOS_RES_CAP_VDD_TEMP_54 - 
	integrated noise V		Error	No
	d2_dB		69.09
	VIN	corner	CMOS_RES_CAP_VDD_TEMP_55 - 
	integrated noise V		Error	No
	d2_dB		55.85
	VIN	corner	CMOS_RES_CAP_VDD_TEMP_56 - 
	integrated noise V		Error	No
	d2_dB		64.69
	VIN	corner	CMOS_RES_CAP_VDD_TEMP_57 - 
	integrated noise V		Error	No
	d2_dB		66.07
	VIN	corner	CMOS_RES_CAP_VDD_TEMP_58 - 
	integrated noise V		Error	No
	d2_dB		64.55
	VIN	corner	CMOS_RES_CAP_VDD_TEMP_59 - 
	integrated noise V		Error	No
	d2_dB		66.06
	VIN	corner	CMOS_RES_CAP_VDD_TEMP_60 - 
	integrated noise V		Error	No
	d2_dB		65.99
	VIN	corner	CMOS_RES_CAP_VDD_TEMP_61 - 
	integrated noise V		Error	No
	d2_dB		60.81
	VIN	corner	CMOS_RES_CAP_VDD_TEMP_62 - 
	integrated noise V		Error	No
	d2_dB		66.01
	VIN	corner	CMOS_RES_CAP_VDD_TEMP_63 - 
	integrated noise V		Error	No
	d2_dB		60.81
	VIN	corner	Nominal - 
	integrated noise V		Error	No
	d2_dB		66.29
Design parameters: 
	VCM		1.5
	VIN_AMP		500m
	VIN_FREQ		50

Interactive.25
Number of points completed: 1
Number of simulation errors: 0
Interactive.25 completed. 
Current time: Thu Apr  2 11:18:53 2026 
