Starting Single Run, Sweeps and Corners...

Current time: Wed Apr  1 06:10:45 2026 
Best design point: 1
Design specs: 
	VIN	corner	CMOS_RES_CAP_VDD_TEMP_0 - 
	integrated noise V		Error	No
	d2_dB		29.07
	VIN	corner	CMOS_RES_CAP_VDD_TEMP_1 - 
	integrated noise V		Error	No
	d2_dB		70.68
	VIN	corner	CMOS_RES_CAP_VDD_TEMP_2 - 
	integrated noise V		Error	No
	d2_dB		110.2
	VIN	corner	CMOS_RES_CAP_VDD_TEMP_3 - 
	integrated noise V		Error	No
	d2_dB		107.8
	VIN	corner	CMOS_RES_CAP_VDD_TEMP_4 - 
	integrated noise V		Error	No
	d2_dB		65.71
	VIN	corner	CMOS_RES_CAP_VDD_TEMP_5 - 
	integrated noise V		Error	No
	d2_dB		103.8
	VIN	corner	CMOS_RES_CAP_VDD_TEMP_6 - 
	integrated noise V		Error	No
	d2_dB		109.6
	VIN	corner	CMOS_RES_CAP_VDD_TEMP_7 - 
	integrated noise V		Error	No
	d2_dB		105.5
	VIN	corner	CMOS_RES_CAP_VDD_TEMP_8 - 
	integrated noise V		Error	No
	d2_dB		29.33
	VIN	corner	CMOS_RES_CAP_VDD_TEMP_9 - 
	integrated noise V		Error	No
	d2_dB		71
	VIN	corner	CMOS_RES_CAP_VDD_TEMP_10 - 
	integrated noise V		Error	No
	d2_dB		105.3
	VIN	corner	CMOS_RES_CAP_VDD_TEMP_11 - 
	integrated noise V		Error	No
	d2_dB		105.8
	VIN	corner	CMOS_RES_CAP_VDD_TEMP_12 - 
	integrated noise V		Error	No
	d2_dB		64.58
	VIN	corner	CMOS_RES_CAP_VDD_TEMP_13 - 
	integrated noise V		Error	No
	d2_dB		99.89
	VIN	corner	CMOS_RES_CAP_VDD_TEMP_14 - 
	integrated noise V		Error	No
	d2_dB		102.2
	VIN	corner	CMOS_RES_CAP_VDD_TEMP_15 - 
	integrated noise V		Error	No
	d2_dB		100.3
	VIN	corner	CMOS_RES_CAP_VDD_TEMP_16 - 
	integrated noise V		Error	No
	d2_dB		29.07
	VIN	corner	CMOS_RES_CAP_VDD_TEMP_17 - 
	integrated noise V		Error	No
	d2_dB		70.68
	VIN	corner	CMOS_RES_CAP_VDD_TEMP_18 - 
	integrated noise V		Error	No
	d2_dB		110.2
	VIN	corner	CMOS_RES_CAP_VDD_TEMP_19 - 
	integrated noise V		Error	No
	d2_dB		107.8
	VIN	corner	CMOS_RES_CAP_VDD_TEMP_20 - 
	integrated noise V		Error	No
	d2_dB		65.71
	VIN	corner	CMOS_RES_CAP_VDD_TEMP_21 - 
	integrated noise V		Error	No
	d2_dB		103.8
	VIN	corner	CMOS_RES_CAP_VDD_TEMP_22 - 
	integrated noise V		Error	No
	d2_dB		109.6
	VIN	corner	CMOS_RES_CAP_VDD_TEMP_23 - 
	integrated noise V		Error	No
	d2_dB		105.5
	VIN	corner	CMOS_RES_CAP_VDD_TEMP_24 - 
	integrated noise V		Error	No
	d2_dB		29.33
	VIN	corner	CMOS_RES_CAP_VDD_TEMP_25 - 
	integrated noise V		Error	No
	d2_dB		71.01
	VIN	corner	CMOS_RES_CAP_VDD_TEMP_26 - 
	integrated noise V		Error	No
	d2_dB		105.3
	VIN	corner	CMOS_RES_CAP_VDD_TEMP_27 - 
	integrated noise V		Error	No
	d2_dB		105.8
	VIN	corner	CMOS_RES_CAP_VDD_TEMP_28 - 
	integrated noise V		Error	No
	d2_dB		64.58
	VIN	corner	CMOS_RES_CAP_VDD_TEMP_29 - 
	integrated noise V		Error	No
	d2_dB		99.89
	VIN	corner	CMOS_RES_CAP_VDD_TEMP_30 - 
	integrated noise V		Error	No
	d2_dB		102.2
	VIN	corner	CMOS_RES_CAP_VDD_TEMP_31 - 
	integrated noise V		Error	No
	d2_dB		100.3
	VIN	corner	CMOS_RES_CAP_VDD_TEMP_32 - 
	integrated noise V		Error	No
	d2_dB		28.64
	VIN	corner	CMOS_RES_CAP_VDD_TEMP_33 - 
	integrated noise V		Error	No
	d2_dB		70.6
	VIN	corner	CMOS_RES_CAP_VDD_TEMP_34 - 
	integrated noise V		Error	No
	d2_dB		109
	VIN	corner	CMOS_RES_CAP_VDD_TEMP_35 - 
	integrated noise V		Error	No
	d2_dB		106.4
	VIN	corner	CMOS_RES_CAP_VDD_TEMP_36 - 
	integrated noise V		Error	No
	d2_dB		65.64
	VIN	corner	CMOS_RES_CAP_VDD_TEMP_37 - 
	integrated noise V		Error	No
	d2_dB		102.6
	VIN	corner	CMOS_RES_CAP_VDD_TEMP_38 - 
	integrated noise V		Error	No
	d2_dB		108.3
	VIN	corner	CMOS_RES_CAP_VDD_TEMP_39 - 
	integrated noise V		Error	No
	d2_dB		104.2
	VIN	corner	CMOS_RES_CAP_VDD_TEMP_40 - 
	integrated noise V		Error	No
	d2_dB		28.87
	VIN	corner	CMOS_RES_CAP_VDD_TEMP_41 - 
	integrated noise V		Error	No
	d2_dB		70.93
	VIN	corner	CMOS_RES_CAP_VDD_TEMP_42 - 
	integrated noise V		Error	No
	d2_dB		104.8
	VIN	corner	CMOS_RES_CAP_VDD_TEMP_43 - 
	integrated noise V		Error	No
	d2_dB		104.7
	VIN	corner	CMOS_RES_CAP_VDD_TEMP_44 - 
	integrated noise V		Error	No
	d2_dB		64.54
	VIN	corner	CMOS_RES_CAP_VDD_TEMP_45 - 
	integrated noise V		Error	No
	d2_dB		99.25
	VIN	corner	CMOS_RES_CAP_VDD_TEMP_46 - 
	integrated noise V		Error	No
	d2_dB		101.8
	VIN	corner	CMOS_RES_CAP_VDD_TEMP_47 - 
	integrated noise V		Error	No
	d2_dB		99.77
	VIN	corner	CMOS_RES_CAP_VDD_TEMP_48 - 
	integrated noise V		Error	No
	d2_dB		28.64
	VIN	corner	CMOS_RES_CAP_VDD_TEMP_49 - 
	integrated noise V		Error	No
	d2_dB		70.61
	VIN	corner	CMOS_RES_CAP_VDD_TEMP_50 - 
	integrated noise V		Error	No
	d2_dB		109
	VIN	corner	CMOS_RES_CAP_VDD_TEMP_51 - 
	integrated noise V		Error	No
	d2_dB		106.4
	VIN	corner	CMOS_RES_CAP_VDD_TEMP_52 - 
	integrated noise V		Error	No
	d2_dB		65.65
	VIN	corner	CMOS_RES_CAP_VDD_TEMP_53 - 
	integrated noise V		Error	No
	d2_dB		102.6
	VIN	corner	CMOS_RES_CAP_VDD_TEMP_54 - 
	integrated noise V		Error	No
	d2_dB		108.3
	VIN	corner	CMOS_RES_CAP_VDD_TEMP_55 - 
	integrated noise V		Error	No
	d2_dB		104.2
	VIN	corner	CMOS_RES_CAP_VDD_TEMP_56 - 
	integrated noise V		Error	No
	d2_dB		28.87
	VIN	corner	CMOS_RES_CAP_VDD_TEMP_57 - 
	integrated noise V		Error	No
	d2_dB		70.93
	VIN	corner	CMOS_RES_CAP_VDD_TEMP_58 - 
	integrated noise V		Error	No
	d2_dB		104.8
	VIN	corner	CMOS_RES_CAP_VDD_TEMP_59 - 
	integrated noise V		Error	No
	d2_dB		104.7
	VIN	corner	CMOS_RES_CAP_VDD_TEMP_60 - 
	integrated noise V		Error	No
	d2_dB		64.54
	VIN	corner	CMOS_RES_CAP_VDD_TEMP_61 - 
	integrated noise V		Error	No
	d2_dB		99.25
	VIN	corner	CMOS_RES_CAP_VDD_TEMP_62 - 
	integrated noise V		Error	No
	d2_dB		101.8
	VIN	corner	CMOS_RES_CAP_VDD_TEMP_63 - 
	integrated noise V		Error	No
	d2_dB		99.77
	VIN	corner	Nominal - 
	integrated noise V		Error	No
	d2_dB		105
Design parameters: 
	VCM		1.6
	VIN_AMP		1
	VIN_FREQ		50

Interactive.16
Number of points completed: 1
Number of simulation errors: 0
Interactive.16 completed. 
Current time: Wed Apr  1 06:11:06 2026 
