Starting Single Run, Sweeps and Corners...

Current time: Thu Apr  2 11:14:33 2026 
Best design point: 1
Design specs: 
	VIN	corner	CMOS_RES_CAP_TEMP_0 - 
	integrated noise V		Error	No
	d2_dB		72.36
	VIN	corner	CMOS_RES_CAP_TEMP_1 - 
	integrated noise V		Error	No
	d2_dB		73.49
	VIN	corner	CMOS_RES_CAP_TEMP_2 - 
	integrated noise V		Error	No
	d2_dB		73.81
	VIN	corner	CMOS_RES_CAP_TEMP_3 - 
	integrated noise V		Error	No
	d2_dB		53.62
	VIN	corner	CMOS_RES_CAP_TEMP_4 - 
	integrated noise V		Error	No
	d2_dB		69.42
	VIN	corner	CMOS_RES_CAP_TEMP_5 - 
	integrated noise V		Error	No
	d2_dB		70.92
	VIN	corner	CMOS_RES_CAP_TEMP_6 - 
	integrated noise V		Error	No
	d2_dB		70.88
	VIN	corner	CMOS_RES_CAP_TEMP_7 - 
	integrated noise V		Error	No
	d2_dB		58.73
	VIN	corner	CMOS_RES_CAP_TEMP_8 - 
	integrated noise V		Error	No
	d2_dB		72.36
	VIN	corner	CMOS_RES_CAP_TEMP_9 - 
	integrated noise V		Error	No
	d2_dB		73.49
	VIN	corner	CMOS_RES_CAP_TEMP_10 - 
	integrated noise V		Error	No
	d2_dB		73.81
	VIN	corner	CMOS_RES_CAP_TEMP_11 - 
	integrated noise V		Error	No
	d2_dB		53.62
	VIN	corner	CMOS_RES_CAP_TEMP_12 - 
	integrated noise V		Error	No
	d2_dB		69.42
	VIN	corner	CMOS_RES_CAP_TEMP_13 - 
	integrated noise V		Error	No
	d2_dB		70.92
	VIN	corner	CMOS_RES_CAP_TEMP_14 - 
	integrated noise V		Error	No
	d2_dB		70.88
	VIN	corner	CMOS_RES_CAP_TEMP_15 - 
	integrated noise V		Error	No
	d2_dB		58.73
	VIN	corner	CMOS_RES_CAP_TEMP_16 - 
	integrated noise V		Error	No
	d2_dB		74.11
	VIN	corner	CMOS_RES_CAP_TEMP_17 - 
	integrated noise V		Error	No
	d2_dB		75.21
	VIN	corner	CMOS_RES_CAP_TEMP_18 - 
	integrated noise V		Error	No
	d2_dB		75.51
	VIN	corner	CMOS_RES_CAP_TEMP_19 - 
	integrated noise V		Error	No
	d2_dB		55.49
	VIN	corner	CMOS_RES_CAP_TEMP_20 - 
	integrated noise V		Error	No
	d2_dB		71.16
	VIN	corner	CMOS_RES_CAP_TEMP_21 - 
	integrated noise V		Error	No
	d2_dB		72.65
	VIN	corner	CMOS_RES_CAP_TEMP_22 - 
	integrated noise V		Error	No
	d2_dB		72.59
	VIN	corner	CMOS_RES_CAP_TEMP_23 - 
	integrated noise V		Error	No
	d2_dB		60.59
	VIN	corner	CMOS_RES_CAP_TEMP_24 - 
	integrated noise V		Error	No
	d2_dB		74.11
	VIN	corner	CMOS_RES_CAP_TEMP_25 - 
	integrated noise V		Error	No
	d2_dB		75.21
	VIN	corner	CMOS_RES_CAP_TEMP_26 - 
	integrated noise V		Error	No
	d2_dB		75.51
	VIN	corner	CMOS_RES_CAP_TEMP_27 - 
	integrated noise V		Error	No
	d2_dB		55.49
	VIN	corner	CMOS_RES_CAP_TEMP_28 - 
	integrated noise V		Error	No
	d2_dB		71.16
	VIN	corner	CMOS_RES_CAP_TEMP_29 - 
	integrated noise V		Error	No
	d2_dB		72.65
	VIN	corner	CMOS_RES_CAP_TEMP_30 - 
	integrated noise V		Error	No
	d2_dB		72.59
	VIN	corner	CMOS_RES_CAP_TEMP_31 - 
	integrated noise V		Error	No
	d2_dB		60.59
	VIN	corner	Nominal - 
	integrated noise V		Error	No
	d2_dB		72.76
Design parameters: 
	VCM		1.5
	VIN_AMP		250m
	VIN_FREQ		50

Interactive.23
Number of points completed: 1
Number of simulation errors: 0
Interactive.23 completed. 
Current time: Thu Apr  2 11:14:43 2026 
