Starting Single Run, Sweeps and Corners...

Current time: Sun Apr  5 18:48:46 2026 
Best design point: 1
Design specs: 
	VIN	corner	CMOS_RES_CAP_TEMP_0 - 
	integrated noise V		Error	No
	d2_dB		65.94
	VIN	corner	CMOS_RES_CAP_TEMP_1 - 
	integrated noise V		Error	No
	d2_dB		66.99
	VIN	corner	CMOS_RES_CAP_TEMP_2 - 
	integrated noise V		Error	No
	d2_dB		67.38
	VIN	corner	CMOS_RES_CAP_TEMP_3 - 
	integrated noise V		Error	No
	d2_dB		54.08
	VIN	corner	CMOS_RES_CAP_TEMP_4 - 
	integrated noise V		Error	No
	d2_dB		62.83
	VIN	corner	CMOS_RES_CAP_TEMP_5 - 
	integrated noise V		Error	No
	d2_dB		64.36
	VIN	corner	CMOS_RES_CAP_TEMP_6 - 
	integrated noise V		Error	No
	d2_dB		64.29
	VIN	corner	CMOS_RES_CAP_TEMP_7 - 
	integrated noise V		Error	No
	d2_dB		59.06
	VIN	corner	CMOS_RES_CAP_TEMP_8 - 
	integrated noise V		Error	No
	d2_dB		65.94
	VIN	corner	CMOS_RES_CAP_TEMP_9 - 
	integrated noise V		Error	No
	d2_dB		66.99
	VIN	corner	CMOS_RES_CAP_TEMP_10 - 
	integrated noise V		Error	No
	d2_dB		67.38
	VIN	corner	CMOS_RES_CAP_TEMP_11 - 
	integrated noise V		Error	No
	d2_dB		54.08
	VIN	corner	CMOS_RES_CAP_TEMP_12 - 
	integrated noise V		Error	No
	d2_dB		62.83
	VIN	corner	CMOS_RES_CAP_TEMP_13 - 
	integrated noise V		Error	No
	d2_dB		64.36
	VIN	corner	CMOS_RES_CAP_TEMP_14 - 
	integrated noise V		Error	No
	d2_dB		64.29
	VIN	corner	CMOS_RES_CAP_TEMP_15 - 
	integrated noise V		Error	No
	d2_dB		59.06
	VIN	corner	CMOS_RES_CAP_TEMP_16 - 
	integrated noise V		Error	No
	d2_dB		67.69
	VIN	corner	CMOS_RES_CAP_TEMP_17 - 
	integrated noise V		Error	No
	d2_dB		68.7
	VIN	corner	CMOS_RES_CAP_TEMP_18 - 
	integrated noise V		Error	No
	d2_dB		69.08
	VIN	corner	CMOS_RES_CAP_TEMP_19 - 
	integrated noise V		Error	No
	d2_dB		55.85
	VIN	corner	CMOS_RES_CAP_TEMP_20 - 
	integrated noise V		Error	No
	d2_dB		64.57
	VIN	corner	CMOS_RES_CAP_TEMP_21 - 
	integrated noise V		Error	No
	d2_dB		66.06
	VIN	corner	CMOS_RES_CAP_TEMP_22 - 
	integrated noise V		Error	No
	d2_dB		66
	VIN	corner	CMOS_RES_CAP_TEMP_23 - 
	integrated noise V		Error	No
	d2_dB		60.81
	VIN	corner	CMOS_RES_CAP_TEMP_24 - 
	integrated noise V		Error	No
	d2_dB		67.69
	VIN	corner	CMOS_RES_CAP_TEMP_25 - 
	integrated noise V		Error	No
	d2_dB		68.7
	VIN	corner	CMOS_RES_CAP_TEMP_26 - 
	integrated noise V		Error	No
	d2_dB		69.08
	VIN	corner	CMOS_RES_CAP_TEMP_27 - 
	integrated noise V		Error	No
	d2_dB		55.85
	VIN	corner	CMOS_RES_CAP_TEMP_28 - 
	integrated noise V		Error	No
	d2_dB		64.57
	VIN	corner	CMOS_RES_CAP_TEMP_29 - 
	integrated noise V		Error	No
	d2_dB		66.06
	VIN	corner	CMOS_RES_CAP_TEMP_30 - 
	integrated noise V		Error	No
	d2_dB		66
	VIN	corner	CMOS_RES_CAP_TEMP_31 - 
	integrated noise V		Error	No
	d2_dB		60.81
	VIN	corner	Nominal - 
	integrated noise V		Error	No
	d2_dB		66.29
Design parameters: 
	VCM		1.5
	VIN_AMP		500m
	VIN_FREQ		50

Interactive.26
Number of points completed: 1
Number of simulation errors: 0
Interactive.26 completed. 
Current time: Sun Apr  5 18:49:11 2026 
