Starting Monte Carlo Sampling...

Current time: Wed Apr  1 06:14:31 2026 

Variation: All
Sampling Method: Low-Discrepancy Sequence
Seed: 

MonteCarlo.2
Number of points completed: 100
Number of simulation errors: 0
MonteCarlo.2 completed. 
Current time: Wed Apr  1 06:15:21 2026 
Monte Carlo Sampling yield summary:
Number of spec values are in this yield data: 5
VIN_MC	Nominal - 
	DC_GAIN:	Yield	0%
		Min 0	Max 0	Mean 0	Number of errors 0
VIN_MC	Nominal - 
	d2_dB:	Yield	100%
		Min 99.6568	Max 106.696	Mean 104.142	Number of errors 0
VIN_MC	Nominal - 
	integrated noise V:	Yield	0%
		Min 0	Max 0	Mean 0	Number of errors 100
VIN_MC	Nominal - 
	v /VOUT; pss (V):	Yield	0%
		Min 0	Max 0	Mean 0	Number of errors 0
VIN_MC	Nominal - 
	v /VOUT; pss dB20(V):	Yield	0%
		Min 0	Max 0	Mean 0	Number of errors 0

VIN_MC
	Overall Yield	100%	Number of points passed	100	Total number of points	100

Estimated yield = 100% (100/100), 100 errors
Estimated yield (No opregions) = 100% (100/100)
