Starting Single Run, Sweeps and Corners...

Current time: Sat Mar 14 19:40:55 2026 
Best design point: 1
Design specs: 
	ECG_IA:ecg_ia_tb:1	corner	Nominal - 
	output noise-(VOUT 0); V/sqrt(Hz)		Error	No
	v /VOUT; pss mag(V)		Error	No
	v /net2; pss mag(V)		Error	No
	v /VOUT; pss dB20(V)		Error	No
	v /VOUT2; pss dB20(V)		Error	No
Design parameters: 
	VCM_AC		1
	VCM_DC		1.6
	VDD		3.3
	VIN_AC		1
	S0		3.3
	S1		3.3
	S2		3.3
	T0		0
	T1		0
	T2		0

Interactive.171
Number of points completed: 1
Number of simulation errors: 0
Interactive.171 completed. 
Current time: Sat Mar 14 19:41:30 2026 
