Starting Single Run, Sweeps and Corners...

Current time: Tue Mar 17 08:35:01 2026 
Best design point: 1
Design specs: 
	ECG_IA:ecg_vga_tb:1	corner	CMOS_CAP_VDD_TEMP_0 - 
	ECG_IA:ecg_vga_tb:1	corner	CMOS_CAP_VDD_TEMP_1 - 
	ECG_IA:ecg_vga_tb:1	corner	CMOS_CAP_VDD_TEMP_2 - 
	ECG_IA:ecg_vga_tb:1	corner	CMOS_CAP_VDD_TEMP_3 - 
	ECG_IA:ecg_vga_tb:1	corner	CMOS_CAP_VDD_TEMP_4 - 
	ECG_IA:ecg_vga_tb:1	corner	CMOS_CAP_VDD_TEMP_5 - 
	ECG_IA:ecg_vga_tb:1	corner	CMOS_CAP_VDD_TEMP_6 - 
	ECG_IA:ecg_vga_tb:1	corner	CMOS_CAP_VDD_TEMP_7 - 
	ECG_IA:ecg_vga_tb:1	corner	CMOS_CAP_VDD_TEMP_8 - 
	ECG_IA:ecg_vga_tb:1	corner	CMOS_CAP_VDD_TEMP_9 - 
	ECG_IA:ecg_vga_tb:1	corner	CMOS_CAP_VDD_TEMP_10 - 
	ECG_IA:ecg_vga_tb:1	corner	CMOS_CAP_VDD_TEMP_11 - 
	ECG_IA:ecg_vga_tb:1	corner	CMOS_CAP_VDD_TEMP_12 - 
	ECG_IA:ecg_vga_tb:1	corner	CMOS_CAP_VDD_TEMP_13 - 
	ECG_IA:ecg_vga_tb:1	corner	CMOS_CAP_VDD_TEMP_14 - 
	ECG_IA:ecg_vga_tb:1	corner	CMOS_CAP_VDD_TEMP_15 - 
	ECG_IA:ecg_vga_tb:1	corner	CMOS_CAP_VDD_TEMP_16 - 
	ECG_IA:ecg_vga_tb:1	corner	CMOS_CAP_VDD_TEMP_17 - 
	ECG_IA:ecg_vga_tb:1	corner	CMOS_CAP_VDD_TEMP_18 - 
	ECG_IA:ecg_vga_tb:1	corner	CMOS_CAP_VDD_TEMP_19 - 
	ECG_IA:ecg_vga_tb:1	corner	CMOS_CAP_VDD_TEMP_20 - 
	ECG_IA:ecg_vga_tb:1	corner	CMOS_CAP_VDD_TEMP_21 - 
	ECG_IA:ecg_vga_tb:1	corner	CMOS_CAP_VDD_TEMP_22 - 
	ECG_IA:ecg_vga_tb:1	corner	CMOS_CAP_VDD_TEMP_23 - 
	ECG_IA:ecg_vga_tb:1	corner	CMOS_CAP_VDD_TEMP_24 - 
	ECG_IA:ecg_vga_tb:1	corner	CMOS_CAP_VDD_TEMP_25 - 
	ECG_IA:ecg_vga_tb:1	corner	CMOS_CAP_VDD_TEMP_26 - 
	ECG_IA:ecg_vga_tb:1	corner	CMOS_CAP_VDD_TEMP_27 - 
	ECG_IA:ecg_vga_tb:1	corner	CMOS_CAP_VDD_TEMP_28 - 
	ECG_IA:ecg_vga_tb:1	corner	CMOS_CAP_VDD_TEMP_29 - 
	ECG_IA:ecg_vga_tb:1	corner	CMOS_CAP_VDD_TEMP_30 - 
	ECG_IA:ecg_vga_tb:1	corner	CMOS_CAP_VDD_TEMP_31 - 
	ECG_IA:ecg_vga_tb:1	corner	Nominal - 
Design parameters: 
	VDD		3.3
	S0		3.3
	S1		3.3
	S2		3.3
	VIN_FREQ		1K

Interactive.184
Number of points completed: 1
Number of simulation errors: 0
Interactive.184 completed. 
Current time: Tue Mar 17 08:35:16 2026 
