Starting Single Run, Sweeps and Corners...

Current time: Fri Apr  3 18:07:16 2026 
Best design point: 1
Design specs: 
	STEP	corner	CMOS_RES_CAP_TEMP_0 - 
	STEP	corner	CMOS_RES_CAP_TEMP_1 - 
	STEP	corner	CMOS_RES_CAP_TEMP_2 - 
	STEP	corner	CMOS_RES_CAP_TEMP_3 - 
	STEP	corner	CMOS_RES_CAP_TEMP_4 - 
	STEP	corner	CMOS_RES_CAP_TEMP_5 - 
	STEP	corner	CMOS_RES_CAP_TEMP_6 - 
	STEP	corner	CMOS_RES_CAP_TEMP_7 - 
	STEP	corner	CMOS_RES_CAP_TEMP_8 - 
	STEP	corner	CMOS_RES_CAP_TEMP_9 - 
	STEP	corner	CMOS_RES_CAP_TEMP_10 - 
	STEP	corner	CMOS_RES_CAP_TEMP_11 - 
	STEP	corner	CMOS_RES_CAP_TEMP_12 - 
	STEP	corner	CMOS_RES_CAP_TEMP_13 - 
	STEP	corner	CMOS_RES_CAP_TEMP_14 - 
	STEP	corner	CMOS_RES_CAP_TEMP_15 - 
	STEP	corner	CMOS_RES_CAP_TEMP_16 - 
	STEP	corner	CMOS_RES_CAP_TEMP_17 - 
	STEP	corner	CMOS_RES_CAP_TEMP_18 - 
	STEP	corner	CMOS_RES_CAP_TEMP_19 - 
	STEP	corner	CMOS_RES_CAP_TEMP_20 - 
	STEP	corner	CMOS_RES_CAP_TEMP_21 - 
	STEP	corner	CMOS_RES_CAP_TEMP_22 - 
	STEP	corner	CMOS_RES_CAP_TEMP_23 - 
	STEP	corner	CMOS_RES_CAP_TEMP_24 - 
	STEP	corner	CMOS_RES_CAP_TEMP_25 - 
	STEP	corner	CMOS_RES_CAP_TEMP_26 - 
	STEP	corner	CMOS_RES_CAP_TEMP_27 - 
	STEP	corner	CMOS_RES_CAP_TEMP_28 - 
	STEP	corner	CMOS_RES_CAP_TEMP_29 - 
	STEP	corner	CMOS_RES_CAP_TEMP_30 - 
	STEP	corner	CMOS_RES_CAP_TEMP_31 - 
	STEP	corner	Nominal - 
Design parameters: 
	S0		3.3
	S1		0
	S2		0
	VIN_FREQ		50

Interactive.70
Number of points completed: 1
Number of simulation errors: 0
Interactive.70 completed. 
Current time: Fri Apr  3 18:07:26 2026 
