Starting Single Run, Sweeps and Corners...

Current time: Fri Apr  3 18:02:46 2026 
Best design point: 1
Design specs: 
	IN	corner	CMOS_RES_CAP_TEMP_0 - 
	output_noise_Vrms		54.45u
	IN	corner	CMOS_RES_CAP_TEMP_1 - 
	output_noise_Vrms		131.5u
	IN	corner	CMOS_RES_CAP_TEMP_2 - 
	output_noise_Vrms		52.68u
	IN	corner	CMOS_RES_CAP_TEMP_3 - 
	output_noise_Vrms		99.91u
	IN	corner	CMOS_RES_CAP_TEMP_4 - 
	output_noise_Vrms		55.24u
	IN	corner	CMOS_RES_CAP_TEMP_5 - 
	output_noise_Vrms		93.13u
	IN	corner	CMOS_RES_CAP_TEMP_6 - 
	output_noise_Vrms		53.79u
	IN	corner	CMOS_RES_CAP_TEMP_7 - 
	output_noise_Vrms		88.58u
	IN	corner	CMOS_RES_CAP_TEMP_8 - 
	output_noise_Vrms		54.45u
	IN	corner	CMOS_RES_CAP_TEMP_9 - 
	output_noise_Vrms		131.5u
	IN	corner	CMOS_RES_CAP_TEMP_10 - 
	output_noise_Vrms		52.68u
	IN	corner	CMOS_RES_CAP_TEMP_11 - 
	output_noise_Vrms		99.91u
	IN	corner	CMOS_RES_CAP_TEMP_12 - 
	output_noise_Vrms		55.24u
	IN	corner	CMOS_RES_CAP_TEMP_13 - 
	output_noise_Vrms		93.13u
	IN	corner	CMOS_RES_CAP_TEMP_14 - 
	output_noise_Vrms		53.79u
	IN	corner	CMOS_RES_CAP_TEMP_15 - 
	output_noise_Vrms		88.58u
	IN	corner	CMOS_RES_CAP_TEMP_16 - 
	output_noise_Vrms		54.51u
	IN	corner	CMOS_RES_CAP_TEMP_17 - 
	output_noise_Vrms		131u
	IN	corner	CMOS_RES_CAP_TEMP_18 - 
	output_noise_Vrms		52.81u
	IN	corner	CMOS_RES_CAP_TEMP_19 - 
	output_noise_Vrms		96.85u
	IN	corner	CMOS_RES_CAP_TEMP_20 - 
	output_noise_Vrms		55.32u
	IN	corner	CMOS_RES_CAP_TEMP_21 - 
	output_noise_Vrms		91.34u
	IN	corner	CMOS_RES_CAP_TEMP_22 - 
	output_noise_Vrms		53.93u
	IN	corner	CMOS_RES_CAP_TEMP_23 - 
	output_noise_Vrms		84.67u
	IN	corner	CMOS_RES_CAP_TEMP_24 - 
	output_noise_Vrms		54.51u
	IN	corner	CMOS_RES_CAP_TEMP_25 - 
	output_noise_Vrms		131u
	IN	corner	CMOS_RES_CAP_TEMP_26 - 
	output_noise_Vrms		52.81u
	IN	corner	CMOS_RES_CAP_TEMP_27 - 
	output_noise_Vrms		96.85u
	IN	corner	CMOS_RES_CAP_TEMP_28 - 
	output_noise_Vrms		55.32u
	IN	corner	CMOS_RES_CAP_TEMP_29 - 
	output_noise_Vrms		91.34u
	IN	corner	CMOS_RES_CAP_TEMP_30 - 
	output_noise_Vrms		53.93u
	IN	corner	CMOS_RES_CAP_TEMP_31 - 
	output_noise_Vrms		84.67u
	IN	corner	Nominal - 
	output_noise_Vrms		43.72u
Design parameters: 
	S0		3.3
	S1		0
	S2		0
	VIN_FREQ		50

Interactive.67
Number of points completed: 1
Number of simulation errors: 0
Interactive.67 completed. 
Current time: Fri Apr  3 18:03:00 2026 
