Starting Single Run, Sweeps and Corners...

Current time: Fri Apr  3 18:00:48 2026 
Best design point: 1
Design specs: 
	IN	corner	CMOS_RES_CAP_TEMP_0 - 
	output_noise_Vrms		55.09u
	IN	corner	CMOS_RES_CAP_TEMP_1 - 
	output_noise_Vrms		133.1u
	IN	corner	CMOS_RES_CAP_TEMP_2 - 
	output_noise_Vrms		53.3u
	IN	corner	CMOS_RES_CAP_TEMP_3 - 
	output_noise_Vrms		102.2u
	IN	corner	CMOS_RES_CAP_TEMP_4 - 
	output_noise_Vrms		55.89u
	IN	corner	CMOS_RES_CAP_TEMP_5 - 
	output_noise_Vrms		93.85u
	IN	corner	CMOS_RES_CAP_TEMP_6 - 
	output_noise_Vrms		54.42u
	IN	corner	CMOS_RES_CAP_TEMP_7 - 
	output_noise_Vrms		90.36u
	IN	corner	CMOS_RES_CAP_TEMP_8 - 
	output_noise_Vrms		55.09u
	IN	corner	CMOS_RES_CAP_TEMP_9 - 
	output_noise_Vrms		133.1u
	IN	corner	CMOS_RES_CAP_TEMP_10 - 
	output_noise_Vrms		53.3u
	IN	corner	CMOS_RES_CAP_TEMP_11 - 
	output_noise_Vrms		102.2u
	IN	corner	CMOS_RES_CAP_TEMP_12 - 
	output_noise_Vrms		55.89u
	IN	corner	CMOS_RES_CAP_TEMP_13 - 
	output_noise_Vrms		93.85u
	IN	corner	CMOS_RES_CAP_TEMP_14 - 
	output_noise_Vrms		54.42u
	IN	corner	CMOS_RES_CAP_TEMP_15 - 
	output_noise_Vrms		90.36u
	IN	corner	CMOS_RES_CAP_TEMP_16 - 
	output_noise_Vrms		55.12u
	IN	corner	CMOS_RES_CAP_TEMP_17 - 
	output_noise_Vrms		132.6u
	IN	corner	CMOS_RES_CAP_TEMP_18 - 
	output_noise_Vrms		53.41u
	IN	corner	CMOS_RES_CAP_TEMP_19 - 
	output_noise_Vrms		98.97u
	IN	corner	CMOS_RES_CAP_TEMP_20 - 
	output_noise_Vrms		55.94u
	IN	corner	CMOS_RES_CAP_TEMP_21 - 
	output_noise_Vrms		92.06u
	IN	corner	CMOS_RES_CAP_TEMP_22 - 
	output_noise_Vrms		54.54u
	IN	corner	CMOS_RES_CAP_TEMP_23 - 
	output_noise_Vrms		86.29u
	IN	corner	CMOS_RES_CAP_TEMP_24 - 
	output_noise_Vrms		55.12u
	IN	corner	CMOS_RES_CAP_TEMP_25 - 
	output_noise_Vrms		132.6u
	IN	corner	CMOS_RES_CAP_TEMP_26 - 
	output_noise_Vrms		53.41u
	IN	corner	CMOS_RES_CAP_TEMP_27 - 
	output_noise_Vrms		98.97u
	IN	corner	CMOS_RES_CAP_TEMP_28 - 
	output_noise_Vrms		55.94u
	IN	corner	CMOS_RES_CAP_TEMP_29 - 
	output_noise_Vrms		92.06u
	IN	corner	CMOS_RES_CAP_TEMP_30 - 
	output_noise_Vrms		54.54u
	IN	corner	CMOS_RES_CAP_TEMP_31 - 
	output_noise_Vrms		86.29u
	IN	corner	Nominal - 
	output_noise_Vrms		43.8u
Design parameters: 
	S0		3.3
	S1		0
	S2		0
	VIN_FREQ		50

Interactive.66
Number of points completed: 1
Number of simulation errors: 0
Interactive.66 completed. 
Current time: Fri Apr  3 18:01:13 2026 
