Starting Single Run, Sweeps and Corners...

Current time: Thu Apr  2 10:13:11 2026 
Best design point: 1
Design specs: 
	IN	corner	CMOS_RES_CAP_VDD_TEMP_0 - 
	output_noise_V		68.67u
	Fundamental_dB		-6.209
	harm_2nd_dB		-73.9
	d2_dB		67.69
	IN	corner	CMOS_RES_CAP_VDD_TEMP_1 - 
	output_noise_V		69.62u
	Fundamental_dB		-6.176
	harm_2nd_dB		-85.52
	d2_dB		79.34
	IN	corner	CMOS_RES_CAP_VDD_TEMP_2 - 
	output_noise_V		69.18u
	Fundamental_dB		-6.205
	harm_2nd_dB		-81.45
	d2_dB		75.24
	IN	corner	CMOS_RES_CAP_VDD_TEMP_3 - 
	output_noise_V		70.02u
	Fundamental_dB		-6.173
	harm_2nd_dB		-89.49
	d2_dB		83.32
	IN	corner	CMOS_RES_CAP_VDD_TEMP_4 - 
	output_noise_V		71.01u
	Fundamental_dB		-6.222
	harm_2nd_dB		-78.3
	d2_dB		72.07
	IN	corner	CMOS_RES_CAP_VDD_TEMP_5 - 
	output_noise_V		72.18u
	Fundamental_dB		-6.188
	harm_2nd_dB		-84
	d2_dB		77.81
	IN	corner	CMOS_RES_CAP_VDD_TEMP_6 - 
	output_noise_V		71.52u
	Fundamental_dB		-6.215
	harm_2nd_dB		-83.28
	d2_dB		77.06
	IN	corner	CMOS_RES_CAP_VDD_TEMP_7 - 
	output_noise_V		72.66u
	Fundamental_dB		-6.183
	harm_2nd_dB		-87.95
	d2_dB		81.77
	IN	corner	CMOS_RES_CAP_VDD_TEMP_8 - 
	output_noise_V		67.56u
	Fundamental_dB		-6.193
	harm_2nd_dB		-73.63
	d2_dB		67.44
	IN	corner	CMOS_RES_CAP_VDD_TEMP_9 - 
	output_noise_V		68.54u
	Fundamental_dB		-6.161
	harm_2nd_dB		-84.52
	d2_dB		78.36
	IN	corner	CMOS_RES_CAP_VDD_TEMP_10 - 
	output_noise_V		68.06u
	Fundamental_dB		-6.189
	harm_2nd_dB		-80.49
	d2_dB		74.3
	IN	corner	CMOS_RES_CAP_VDD_TEMP_11 - 
	output_noise_V		68.89u
	Fundamental_dB		-6.158
	harm_2nd_dB		-87.8
	d2_dB		81.64
	IN	corner	CMOS_RES_CAP_VDD_TEMP_12 - 
	output_noise_V		70.06u
	Fundamental_dB		-6.206
	harm_2nd_dB		-77.57
	d2_dB		71.36
	IN	corner	CMOS_RES_CAP_VDD_TEMP_13 - 
	output_noise_V		71.24u
	Fundamental_dB		-6.173
	harm_2nd_dB		-82.97
	d2_dB		76.8
	IN	corner	CMOS_RES_CAP_VDD_TEMP_14 - 
	output_noise_V		70.54u
	Fundamental_dB		-6.2
	harm_2nd_dB		-81.77
	d2_dB		75.58
	IN	corner	CMOS_RES_CAP_VDD_TEMP_15 - 
	output_noise_V		71.63u
	Fundamental_dB		-6.168
	harm_2nd_dB		-85.83
	d2_dB		79.66
	IN	corner	CMOS_RES_CAP_VDD_TEMP_16 - 
	output_noise_V		93.42u
	Fundamental_dB		-6.439
	harm_2nd_dB		-65.73
	d2_dB		59.29
	IN	corner	CMOS_RES_CAP_VDD_TEMP_17 - 
	output_noise_V		94.28u
	Fundamental_dB		-6.374
	harm_2nd_dB		-78.01
	d2_dB		71.63
	IN	corner	CMOS_RES_CAP_VDD_TEMP_18 - 
	output_noise_V		94.29u
	Fundamental_dB		-6.436
	harm_2nd_dB		-71.99
	d2_dB		65.55
	IN	corner	CMOS_RES_CAP_VDD_TEMP_19 - 
	output_noise_V		94.9u
	Fundamental_dB		-6.369
	harm_2nd_dB		-81.68
	d2_dB		75.31
	IN	corner	CMOS_RES_CAP_VDD_TEMP_20 - 
	output_noise_V		96.7u
	Fundamental_dB		-6.467
	harm_2nd_dB		-71.37
	d2_dB		64.91
	IN	corner	CMOS_RES_CAP_VDD_TEMP_21 - 
	output_noise_V		97.7u
	Fundamental_dB		-6.399
	harm_2nd_dB		-78.96
	d2_dB		72.56
	IN	corner	CMOS_RES_CAP_VDD_TEMP_22 - 
	output_noise_V		97.55u
	Fundamental_dB		-6.459
	harm_2nd_dB		-76.08
	d2_dB		69.62
	IN	corner	CMOS_RES_CAP_VDD_TEMP_23 - 
	output_noise_V		98.46u
	Fundamental_dB		-6.391
	harm_2nd_dB		-82.7
	d2_dB		76.31
	IN	corner	CMOS_RES_CAP_VDD_TEMP_24 - 
	output_noise_V		92.05u
	Fundamental_dB		-6.402
	harm_2nd_dB		-65.65
	d2_dB		59.25
	IN	corner	CMOS_RES_CAP_VDD_TEMP_25 - 
	output_noise_V		93u
	Fundamental_dB		-6.338
	harm_2nd_dB		-77.34
	d2_dB		71
	IN	corner	CMOS_RES_CAP_VDD_TEMP_26 - 
	output_noise_V		92.9u
	Fundamental_dB		-6.399
	harm_2nd_dB		-71.57
	d2_dB		65.17
	IN	corner	CMOS_RES_CAP_VDD_TEMP_27 - 
	output_noise_V		93.56u
	Fundamental_dB		-6.334
	harm_2nd_dB		-80.47
	d2_dB		74.13
	IN	corner	CMOS_RES_CAP_VDD_TEMP_28 - 
	output_noise_V		95.57u
	Fundamental_dB		-6.43
	harm_2nd_dB		-70.9
	d2_dB		64.47
	IN	corner	CMOS_RES_CAP_VDD_TEMP_29 - 
	output_noise_V		96.65u
	Fundamental_dB		-6.363
	harm_2nd_dB		-77.94
	d2_dB		71.58
	IN	corner	CMOS_RES_CAP_VDD_TEMP_30 - 
	output_noise_V		96.38u
	Fundamental_dB		-6.422
	harm_2nd_dB		-74.97
	d2_dB		68.54
	IN	corner	CMOS_RES_CAP_VDD_TEMP_31 - 
	output_noise_V		97.28u
	Fundamental_dB		-6.355
	harm_2nd_dB		-80.86
	d2_dB		74.5
	IN	corner	CMOS_RES_CAP_VDD_TEMP_32 - 
	output_noise_V		64.48u
	Fundamental_dB		-6.288
	harm_2nd_dB		-72.78
	d2_dB		66.49
	IN	corner	CMOS_RES_CAP_VDD_TEMP_33 - 
	output_noise_V		65.2u
	Fundamental_dB		-6.244
	harm_2nd_dB		-85.22
	d2_dB		78.98
	IN	corner	CMOS_RES_CAP_VDD_TEMP_34 - 
	output_noise_V		64.98u
	Fundamental_dB		-6.285
	harm_2nd_dB		-80.77
	d2_dB		74.49
	IN	corner	CMOS_RES_CAP_VDD_TEMP_35 - 
	output_noise_V		65.58u
	Fundamental_dB		-6.24
	harm_2nd_dB		-89.68
	d2_dB		83.44
	IN	corner	CMOS_RES_CAP_VDD_TEMP_36 - 
	output_noise_V		66.71u
	Fundamental_dB		-6.306
	harm_2nd_dB		-77.86
	d2_dB		71.56
	IN	corner	CMOS_RES_CAP_VDD_TEMP_37 - 
	output_noise_V		67.61u
	Fundamental_dB		-6.261
	harm_2nd_dB		-84
	d2_dB		77.74
	IN	corner	CMOS_RES_CAP_VDD_TEMP_38 - 
	output_noise_V		67.2u
	Fundamental_dB		-6.299
	harm_2nd_dB		-83.27
	d2_dB		76.97
	IN	corner	CMOS_RES_CAP_VDD_TEMP_39 - 
	output_noise_V		68.07u
	Fundamental_dB		-6.255
	harm_2nd_dB		-88.25
	d2_dB		82
	IN	corner	CMOS_RES_CAP_VDD_TEMP_40 - 
	output_noise_V		63.49u
	Fundamental_dB		-6.264
	harm_2nd_dB		-72.49
	d2_dB		66.23
	IN	corner	CMOS_RES_CAP_VDD_TEMP_41 - 
	output_noise_V		64.26u
	Fundamental_dB		-6.222
	harm_2nd_dB		-84.02
	d2_dB		77.8
	IN	corner	CMOS_RES_CAP_VDD_TEMP_42 - 
	output_noise_V		63.98u
	Fundamental_dB		-6.261
	harm_2nd_dB		-79.72
	d2_dB		73.46
	IN	corner	CMOS_RES_CAP_VDD_TEMP_43 - 
	output_noise_V		64.6u
	Fundamental_dB		-6.218
	harm_2nd_dB		-87.54
	d2_dB		81.32
	IN	corner	CMOS_RES_CAP_VDD_TEMP_44 - 
	output_noise_V		65.88u
	Fundamental_dB		-6.282
	harm_2nd_dB		-76.98
	d2_dB		70.7
	IN	corner	CMOS_RES_CAP_VDD_TEMP_45 - 
	output_noise_V		66.83u
	Fundamental_dB		-6.238
	harm_2nd_dB		-82.63
	d2_dB		76.39
	IN	corner	CMOS_RES_CAP_VDD_TEMP_46 - 
	output_noise_V		66.34u
	Fundamental_dB		-6.276
	harm_2nd_dB		-81.39
	d2_dB		75.12
	IN	corner	CMOS_RES_CAP_VDD_TEMP_47 - 
	output_noise_V		67.2u
	Fundamental_dB		-6.233
	harm_2nd_dB		-85.46
	d2_dB		79.23
	IN	corner	CMOS_RES_CAP_VDD_TEMP_48 - 
	output_noise_V		88.51u
	Fundamental_dB		-6.618
	harm_2nd_dB		-64.92
	d2_dB		58.3
	IN	corner	CMOS_RES_CAP_VDD_TEMP_49 - 
	output_noise_V		89.09u
	Fundamental_dB		-6.529
	harm_2nd_dB		-77.43
	d2_dB		70.9
	IN	corner	CMOS_RES_CAP_VDD_TEMP_50 - 
	output_noise_V		89.35u
	Fundamental_dB		-6.616
	harm_2nd_dB		-71.28
	d2_dB		64.67
	IN	corner	CMOS_RES_CAP_VDD_TEMP_51 - 
	output_noise_V		89.69u
	Fundamental_dB		-6.524
	harm_2nd_dB		-81.31
	d2_dB		74.78
	IN	corner	CMOS_RES_CAP_VDD_TEMP_52 - 
	output_noise_V		91.64u
	Fundamental_dB		-6.656
	harm_2nd_dB		-70.85
	d2_dB		64.19
	IN	corner	CMOS_RES_CAP_VDD_TEMP_53 - 
	output_noise_V		92.34u
	Fundamental_dB		-6.563
	harm_2nd_dB		-78.82
	d2_dB		72.26
	IN	corner	CMOS_RES_CAP_VDD_TEMP_54 - 
	output_noise_V		92.48u
	Fundamental_dB		-6.648
	harm_2nd_dB		-75.75
	d2_dB		69.1
	IN	corner	CMOS_RES_CAP_VDD_TEMP_55 - 
	output_noise_V		93.08u
	Fundamental_dB		-6.554
	harm_2nd_dB		-82.8
	d2_dB		76.25
	IN	corner	CMOS_RES_CAP_VDD_TEMP_56 - 
	output_noise_V		87.28u
	Fundamental_dB		-6.565
	harm_2nd_dB		-64.78
	d2_dB		58.22
	IN	corner	CMOS_RES_CAP_VDD_TEMP_57 - 
	output_noise_V		87.98u
	Fundamental_dB		-6.477
	harm_2nd_dB		-76.68
	d2_dB		70.2
	IN	corner	CMOS_RES_CAP_VDD_TEMP_58 - 
	output_noise_V		88.11u
	Fundamental_dB		-6.562
	harm_2nd_dB		-70.81
	d2_dB		64.25
	IN	corner	CMOS_RES_CAP_VDD_TEMP_59 - 
	output_noise_V		88.53u
	Fundamental_dB		-6.472
	harm_2nd_dB		-79.96
	d2_dB		73.49
	IN	corner	CMOS_RES_CAP_VDD_TEMP_60 - 
	output_noise_V		90.67u
	Fundamental_dB		-6.603
	harm_2nd_dB		-70.3
	d2_dB		63.7
	IN	corner	CMOS_RES_CAP_VDD_TEMP_61 - 
	output_noise_V		91.47u
	Fundamental_dB		-6.511
	harm_2nd_dB		-77.58
	d2_dB		71.07
	IN	corner	CMOS_RES_CAP_VDD_TEMP_62 - 
	output_noise_V		91.46u
	Fundamental_dB		-6.595
	harm_2nd_dB		-74.5
	d2_dB		67.9
	IN	corner	CMOS_RES_CAP_VDD_TEMP_63 - 
	output_noise_V		92.08u
	Fundamental_dB		-6.503
	harm_2nd_dB		-80.57
	d2_dB		74.06
	IN	corner	Nominal - 
	output_noise_V		60.65u
	Fundamental_dB		-6.312
	harm_2nd_dB		-79.27
	d2_dB		72.96
Design parameters: 
	DC_IN		1.5
	VIN_AMPV		500m
	VIN_DC		0
	VDD		3.3

Interactive.27
Number of points completed: 1
Number of simulation errors: 0
Interactive.27 completed. 
Current time: Thu Apr  2 10:13:31 2026 
