Starting Single Run, Sweeps and Corners...

Current time: Thu Apr  2 10:11:45 2026 
Best design point: 1
Design specs: 
	IN	corner	CMOS_RES_CAP_VDD_TEMP_0 - 
	output_noise_V		68.53u
	Fundamental_dB		-6.208
	harm_2nd_dB		-66.99
	d2_dB		60.78
	IN	corner	CMOS_RES_CAP_VDD_TEMP_1 - 
	output_noise_V		69.55u
	Fundamental_dB		-6.177
	harm_2nd_dB		-82.5
	d2_dB		76.33
	IN	corner	CMOS_RES_CAP_VDD_TEMP_2 - 
	output_noise_V		69.09u
	Fundamental_dB		-6.206
	harm_2nd_dB		-79.22
	d2_dB		73.02
	IN	corner	CMOS_RES_CAP_VDD_TEMP_3 - 
	output_noise_V		69.96u
	Fundamental_dB		-6.174
	harm_2nd_dB		-86.18
	d2_dB		80.01
	IN	corner	CMOS_RES_CAP_VDD_TEMP_4 - 
	output_noise_V		70.91u
	Fundamental_dB		-6.223
	harm_2nd_dB		-76.2
	d2_dB		69.98
	IN	corner	CMOS_RES_CAP_VDD_TEMP_5 - 
	output_noise_V		72.11u
	Fundamental_dB		-6.189
	harm_2nd_dB		-82.08
	d2_dB		75.89
	IN	corner	CMOS_RES_CAP_VDD_TEMP_6 - 
	output_noise_V		71.45u
	Fundamental_dB		-6.216
	harm_2nd_dB		-80.73
	d2_dB		74.51
	IN	corner	CMOS_RES_CAP_VDD_TEMP_7 - 
	output_noise_V		72.61u
	Fundamental_dB		-6.184
	harm_2nd_dB		-85.39
	d2_dB		79.2
	IN	corner	CMOS_RES_CAP_VDD_TEMP_8 - 
	output_noise_V		67.42u
	Fundamental_dB		-6.192
	harm_2nd_dB		-66.93
	d2_dB		60.74
	IN	corner	CMOS_RES_CAP_VDD_TEMP_9 - 
	output_noise_V		68.47u
	Fundamental_dB		-6.162
	harm_2nd_dB		-81.9
	d2_dB		75.74
	IN	corner	CMOS_RES_CAP_VDD_TEMP_10 - 
	output_noise_V		67.97u
	Fundamental_dB		-6.19
	harm_2nd_dB		-78.67
	d2_dB		72.48
	IN	corner	CMOS_RES_CAP_VDD_TEMP_11 - 
	output_noise_V		68.84u
	Fundamental_dB		-6.158
	harm_2nd_dB		-85.22
	d2_dB		79.06
	IN	corner	CMOS_RES_CAP_VDD_TEMP_12 - 
	output_noise_V		69.95u
	Fundamental_dB		-6.207
	harm_2nd_dB		-75.79
	d2_dB		69.58
	IN	corner	CMOS_RES_CAP_VDD_TEMP_13 - 
	output_noise_V		71.17u
	Fundamental_dB		-6.174
	harm_2nd_dB		-81.49
	d2_dB		75.32
	IN	corner	CMOS_RES_CAP_VDD_TEMP_14 - 
	output_noise_V		70.46u
	Fundamental_dB		-6.201
	harm_2nd_dB		-79.81
	d2_dB		73.61
	IN	corner	CMOS_RES_CAP_VDD_TEMP_15 - 
	output_noise_V		71.58u
	Fundamental_dB		-6.169
	harm_2nd_dB		-84.23
	d2_dB		78.06
	IN	corner	CMOS_RES_CAP_VDD_TEMP_16 - 
	output_noise_V		93.17u
	Fundamental_dB		-6.433
	harm_2nd_dB		-59.46
	d2_dB		53.02
	IN	corner	CMOS_RES_CAP_VDD_TEMP_17 - 
	output_noise_V		94.16u
	Fundamental_dB		-6.374
	harm_2nd_dB		-75.02
	d2_dB		68.64
	IN	corner	CMOS_RES_CAP_VDD_TEMP_18 - 
	output_noise_V		94.11u
	Fundamental_dB		-6.437
	harm_2nd_dB		-69.96
	d2_dB		63.52
	IN	corner	CMOS_RES_CAP_VDD_TEMP_19 - 
	output_noise_V		94.81u
	Fundamental_dB		-6.37
	harm_2nd_dB		-78.77
	d2_dB		72.4
	IN	corner	CMOS_RES_CAP_VDD_TEMP_20 - 
	output_noise_V		96.5u
	Fundamental_dB		-6.468
	harm_2nd_dB		-69.3
	d2_dB		62.84
	IN	corner	CMOS_RES_CAP_VDD_TEMP_21 - 
	output_noise_V		97.59u
	Fundamental_dB		-6.4
	harm_2nd_dB		-77.18
	d2_dB		70.78
	IN	corner	CMOS_RES_CAP_VDD_TEMP_22 - 
	output_noise_V		97.43u
	Fundamental_dB		-6.46
	harm_2nd_dB		-73.78
	d2_dB		67.32
	IN	corner	CMOS_RES_CAP_VDD_TEMP_23 - 
	output_noise_V		98.38u
	Fundamental_dB		-6.392
	harm_2nd_dB		-80.44
	d2_dB		74.05
	IN	corner	CMOS_RES_CAP_VDD_TEMP_24 - 
	output_noise_V		91.8u
	Fundamental_dB		-6.396
	harm_2nd_dB		-59.43
	d2_dB		53.03
	IN	corner	CMOS_RES_CAP_VDD_TEMP_25 - 
	output_noise_V		92.88u
	Fundamental_dB		-6.339
	harm_2nd_dB		-74.66
	d2_dB		68.32
	IN	corner	CMOS_RES_CAP_VDD_TEMP_26 - 
	output_noise_V		92.72u
	Fundamental_dB		-6.399
	harm_2nd_dB		-69.75
	d2_dB		63.35
	IN	corner	CMOS_RES_CAP_VDD_TEMP_27 - 
	output_noise_V		93.47u
	Fundamental_dB		-6.334
	harm_2nd_dB		-78.06
	d2_dB		71.72
	IN	corner	CMOS_RES_CAP_VDD_TEMP_28 - 
	output_noise_V		95.37u
	Fundamental_dB		-6.432
	harm_2nd_dB		-69.07
	d2_dB		62.64
	IN	corner	CMOS_RES_CAP_VDD_TEMP_29 - 
	output_noise_V		96.53u
	Fundamental_dB		-6.364
	harm_2nd_dB		-76.54
	d2_dB		70.17
	IN	corner	CMOS_RES_CAP_VDD_TEMP_30 - 
	output_noise_V		96.25u
	Fundamental_dB		-6.423
	harm_2nd_dB		-73.07
	d2_dB		66.65
	IN	corner	CMOS_RES_CAP_VDD_TEMP_31 - 
	output_noise_V		97.19u
	Fundamental_dB		-6.356
	harm_2nd_dB		-79.28
	d2_dB		72.92
	IN	corner	CMOS_RES_CAP_VDD_TEMP_32 - 
	output_noise_V		64.35u
	Fundamental_dB		-6.286
	harm_2nd_dB		-65.68
	d2_dB		59.4
	IN	corner	CMOS_RES_CAP_VDD_TEMP_33 - 
	output_noise_V		65.14u
	Fundamental_dB		-6.245
	harm_2nd_dB		-82.03
	d2_dB		75.78
	IN	corner	CMOS_RES_CAP_VDD_TEMP_34 - 
	output_noise_V		64.89u
	Fundamental_dB		-6.285
	harm_2nd_dB		-78.53
	d2_dB		72.25
	IN	corner	CMOS_RES_CAP_VDD_TEMP_35 - 
	output_noise_V		65.53u
	Fundamental_dB		-6.241
	harm_2nd_dB		-86.19
	d2_dB		79.95
	IN	corner	CMOS_RES_CAP_VDD_TEMP_36 - 
	output_noise_V		66.6u
	Fundamental_dB		-6.307
	harm_2nd_dB		-75.71
	d2_dB		69.4
	IN	corner	CMOS_RES_CAP_VDD_TEMP_37 - 
	output_noise_V		67.54u
	Fundamental_dB		-6.262
	harm_2nd_dB		-82.13
	d2_dB		75.87
	IN	corner	CMOS_RES_CAP_VDD_TEMP_38 - 
	output_noise_V		67.13u
	Fundamental_dB		-6.3
	harm_2nd_dB		-80.66
	d2_dB		74.36
	IN	corner	CMOS_RES_CAP_VDD_TEMP_39 - 
	output_noise_V		68.02u
	Fundamental_dB		-6.256
	harm_2nd_dB		-85.73
	d2_dB		79.47
	IN	corner	CMOS_RES_CAP_VDD_TEMP_40 - 
	output_noise_V		63.36u
	Fundamental_dB		-6.262
	harm_2nd_dB		-65.6
	d2_dB		59.34
	IN	corner	CMOS_RES_CAP_VDD_TEMP_41 - 
	output_noise_V		64.19u
	Fundamental_dB		-6.222
	harm_2nd_dB		-81.28
	d2_dB		75.06
	IN	corner	CMOS_RES_CAP_VDD_TEMP_42 - 
	output_noise_V		63.89u
	Fundamental_dB		-6.261
	harm_2nd_dB		-77.9
	d2_dB		71.64
	IN	corner	CMOS_RES_CAP_VDD_TEMP_43 - 
	output_noise_V		64.55u
	Fundamental_dB		-6.219
	harm_2nd_dB		-84.93
	d2_dB		78.72
	IN	corner	CMOS_RES_CAP_VDD_TEMP_44 - 
	output_noise_V		65.77u
	Fundamental_dB		-6.283
	harm_2nd_dB		-75.19
	d2_dB		68.91
	IN	corner	CMOS_RES_CAP_VDD_TEMP_45 - 
	output_noise_V		66.76u
	Fundamental_dB		-6.239
	harm_2nd_dB		-81.29
	d2_dB		75.05
	IN	corner	CMOS_RES_CAP_VDD_TEMP_46 - 
	output_noise_V		66.27u
	Fundamental_dB		-6.277
	harm_2nd_dB		-79.48
	d2_dB		73.2
	IN	corner	CMOS_RES_CAP_VDD_TEMP_47 - 
	output_noise_V		67.15u
	Fundamental_dB		-6.233
	harm_2nd_dB		-84.1
	d2_dB		77.86
	IN	corner	CMOS_RES_CAP_VDD_TEMP_48 - 
	output_noise_V		88.26u
	Fundamental_dB		-6.609
	harm_2nd_dB		-58.57
	d2_dB		51.97
	IN	corner	CMOS_RES_CAP_VDD_TEMP_49 - 
	output_noise_V		88.97u
	Fundamental_dB		-6.53
	harm_2nd_dB		-74.35
	d2_dB		67.82
	IN	corner	CMOS_RES_CAP_VDD_TEMP_50 - 
	output_noise_V		89.19u
	Fundamental_dB		-6.616
	harm_2nd_dB		-69.24
	d2_dB		62.62
	IN	corner	CMOS_RES_CAP_VDD_TEMP_51 - 
	output_noise_V		89.61u
	Fundamental_dB		-6.524
	harm_2nd_dB		-78.33
	d2_dB		71.81
	IN	corner	CMOS_RES_CAP_VDD_TEMP_52 - 
	output_noise_V		91.46u
	Fundamental_dB		-6.657
	harm_2nd_dB		-68.75
	d2_dB		62.09
	IN	corner	CMOS_RES_CAP_VDD_TEMP_53 - 
	output_noise_V		92.23u
	Fundamental_dB		-6.564
	harm_2nd_dB		-77.08
	d2_dB		70.52
	IN	corner	CMOS_RES_CAP_VDD_TEMP_54 - 
	output_noise_V		92.35u
	Fundamental_dB		-6.649
	harm_2nd_dB		-73.43
	d2_dB		66.78
	IN	corner	CMOS_RES_CAP_VDD_TEMP_55 - 
	output_noise_V		93u
	Fundamental_dB		-6.555
	harm_2nd_dB		-80.6
	d2_dB		74.04
	IN	corner	CMOS_RES_CAP_VDD_TEMP_56 - 
	output_noise_V		87.03u
	Fundamental_dB		-6.556
	harm_2nd_dB		-58.48
	d2_dB		51.92
	IN	corner	CMOS_RES_CAP_VDD_TEMP_57 - 
	output_noise_V		87.86u
	Fundamental_dB		-6.478
	harm_2nd_dB		-73.93
	d2_dB		67.45
	IN	corner	CMOS_RES_CAP_VDD_TEMP_58 - 
	output_noise_V		87.94u
	Fundamental_dB		-6.563
	harm_2nd_dB		-68.97
	d2_dB		62.41
	IN	corner	CMOS_RES_CAP_VDD_TEMP_59 - 
	output_noise_V		88.44u
	Fundamental_dB		-6.473
	harm_2nd_dB		-77.51
	d2_dB		71.04
	IN	corner	CMOS_RES_CAP_VDD_TEMP_60 - 
	output_noise_V		90.48u
	Fundamental_dB		-6.604
	harm_2nd_dB		-68.45
	d2_dB		61.84
	IN	corner	CMOS_RES_CAP_VDD_TEMP_61 - 
	output_noise_V		91.36u
	Fundamental_dB		-6.512
	harm_2nd_dB		-76.25
	d2_dB		69.74
	IN	corner	CMOS_RES_CAP_VDD_TEMP_62 - 
	output_noise_V		91.33u
	Fundamental_dB		-6.596
	harm_2nd_dB		-72.61
	d2_dB		66.01
	IN	corner	CMOS_RES_CAP_VDD_TEMP_63 - 
	output_noise_V		92u
	Fundamental_dB		-6.504
	harm_2nd_dB		-79.12
	d2_dB		72.62
	IN	corner	Nominal - 
	output_noise_V		60.59u
	Fundamental_dB		-6.313
	harm_2nd_dB		-77.22
	d2_dB		70.91
Design parameters: 
	DC_IN		1.6
	VIN_AMPV		500m
	VIN_DC		0
	VDD		3.3

Interactive.26
Number of points completed: 1
Number of simulation errors: 0
Interactive.26 completed. 
Current time: Thu Apr  2 10:12:28 2026 
