Starting Single Run, Sweeps and Corners...

Current time: Thu Apr  2 19:03:59 2026 
Best design point: 1
Design specs: 
	IN	corner	CMOS_RES_CAP_TEMP_0 - 
	output_noise_V		72.39u
	Fundamental_dB		-6.185
	harm_2nd_dB		-81.04
	d2_dB		74.86
	Bandwidth		276.1
	IN	corner	CMOS_RES_CAP_TEMP_1 - 
	output_noise_V		74.39u
	Fundamental_dB		-6.156
	harm_2nd_dB		-88.3
	d2_dB		82.14
	Bandwidth		301.4
	IN	corner	CMOS_RES_CAP_TEMP_2 - 
	output_noise_V		74.66u
	Fundamental_dB		-6.194
	harm_2nd_dB		-81.24
	d2_dB		75.05
	Bandwidth		268.1
	IN	corner	CMOS_RES_CAP_TEMP_3 - 
	output_noise_V		76.87u
	Fundamental_dB		-6.166
	harm_2nd_dB		-86
	d2_dB		79.84
	Bandwidth		291.6
	IN	corner	CMOS_RES_CAP_TEMP_4 - 
	output_noise_V		71.42u
	Fundamental_dB		-6.171
	harm_2nd_dB		-80.21
	d2_dB		74.04
	Bandwidth		291.3
	IN	corner	CMOS_RES_CAP_TEMP_5 - 
	output_noise_V		73.42u
	Fundamental_dB		-6.143
	harm_2nd_dB		-87.23
	d2_dB		81.09
	Bandwidth		320
	IN	corner	CMOS_RES_CAP_TEMP_6 - 
	output_noise_V		73.83u
	Fundamental_dB		-6.181
	harm_2nd_dB		-80.2
	d2_dB		74.02
	Bandwidth		281.8
	IN	corner	CMOS_RES_CAP_TEMP_7 - 
	output_noise_V		76.03u
	Fundamental_dB		-6.153
	harm_2nd_dB		-84.62
	d2_dB		78.47
	Bandwidth		308.5
	IN	corner	CMOS_RES_CAP_TEMP_8 - 
	output_noise_V		97.2u
	Fundamental_dB		-6.386
	harm_2nd_dB		-71.55
	d2_dB		65.17
	Bandwidth		177.1
	IN	corner	CMOS_RES_CAP_TEMP_9 - 
	output_noise_V		98.79u
	Fundamental_dB		-6.327
	harm_2nd_dB		-81.08
	d2_dB		74.75
	Bandwidth		193
	IN	corner	CMOS_RES_CAP_TEMP_10 - 
	output_noise_V		100.4u
	Fundamental_dB		-6.408
	harm_2nd_dB		-74.36
	d2_dB		67.95
	Bandwidth		172
	IN	corner	CMOS_RES_CAP_TEMP_11 - 
	output_noise_V		102.2u
	Fundamental_dB		-6.348
	harm_2nd_dB		-81.03
	d2_dB		74.68
	Bandwidth		186.9
	IN	corner	CMOS_RES_CAP_TEMP_12 - 
	output_noise_V		95.91u
	Fundamental_dB		-6.354
	harm_2nd_dB		-71.2
	d2_dB		64.85
	Bandwidth		186.9
	IN	corner	CMOS_RES_CAP_TEMP_13 - 
	output_noise_V		97.56u
	Fundamental_dB		-6.296
	harm_2nd_dB		-80.13
	d2_dB		73.83
	Bandwidth		204.9
	IN	corner	CMOS_RES_CAP_TEMP_14 - 
	output_noise_V		99.37u
	Fundamental_dB		-6.376
	harm_2nd_dB		-73.57
	d2_dB		67.19
	Bandwidth		180.8
	IN	corner	CMOS_RES_CAP_TEMP_15 - 
	output_noise_V		101.2u
	Fundamental_dB		-6.317
	harm_2nd_dB		-79.67
	d2_dB		73.36
	Bandwidth		197.9
	IN	corner	CMOS_RES_CAP_TEMP_16 - 
	output_noise_V		67.83u
	Fundamental_dB		-6.253
	harm_2nd_dB		-80.16
	d2_dB		73.91
	Bandwidth		224.8
	IN	corner	CMOS_RES_CAP_TEMP_17 - 
	output_noise_V		69.47u
	Fundamental_dB		-6.214
	harm_2nd_dB		-88.26
	d2_dB		82.04
	Bandwidth		245.3
	IN	corner	CMOS_RES_CAP_TEMP_18 - 
	output_noise_V		70u
	Fundamental_dB		-6.267
	harm_2nd_dB		-81.02
	d2_dB		74.75
	Bandwidth		218.3
	IN	corner	CMOS_RES_CAP_TEMP_19 - 
	output_noise_V		71.82u
	Fundamental_dB		-6.227
	harm_2nd_dB		-86.08
	d2_dB		79.85
	Bandwidth		237.3
	IN	corner	CMOS_RES_CAP_TEMP_20 - 
	output_noise_V		66.94u
	Fundamental_dB		-6.232
	harm_2nd_dB		-79.26
	d2_dB		73.03
	Bandwidth		237.1
	IN	corner	CMOS_RES_CAP_TEMP_21 - 
	output_noise_V		68.61u
	Fundamental_dB		-6.194
	harm_2nd_dB		-86.86
	d2_dB		80.66
	Bandwidth		260.4
	IN	corner	CMOS_RES_CAP_TEMP_22 - 
	output_noise_V		69.26u
	Fundamental_dB		-6.246
	harm_2nd_dB		-79.73
	d2_dB		73.49
	Bandwidth		229.4
	IN	corner	CMOS_RES_CAP_TEMP_23 - 
	output_noise_V		71.09u
	Fundamental_dB		-6.208
	harm_2nd_dB		-84.25
	d2_dB		78.04
	Bandwidth		251.1
	IN	corner	CMOS_RES_CAP_TEMP_24 - 
	output_noise_V		91.91u
	Fundamental_dB		-6.542
	harm_2nd_dB		-70.62
	d2_dB		64.08
	Bandwidth		144.2
	IN	corner	CMOS_RES_CAP_TEMP_25 - 
	output_noise_V		93.11u
	Fundamental_dB		-6.461
	harm_2nd_dB		-80.51
	d2_dB		74.05
	Bandwidth		157.1
	IN	corner	CMOS_RES_CAP_TEMP_26 - 
	output_noise_V		95.01u
	Fundamental_dB		-6.573
	harm_2nd_dB		-73.86
	d2_dB		67.29
	Bandwidth		140.1
	IN	corner	CMOS_RES_CAP_TEMP_27 - 
	output_noise_V		96.37u
	Fundamental_dB		-6.49
	harm_2nd_dB		-80.94
	d2_dB		74.45
	Bandwidth		152.2
	IN	corner	CMOS_RES_CAP_TEMP_28 - 
	output_noise_V		90.73u
	Fundamental_dB		-6.496
	harm_2nd_dB		-70.24
	d2_dB		63.75
	Bandwidth		152.2
	IN	corner	CMOS_RES_CAP_TEMP_29 - 
	output_noise_V		92.03u
	Fundamental_dB		-6.416
	harm_2nd_dB		-79.45
	d2_dB		73.04
	Bandwidth		166.8
	IN	corner	CMOS_RES_CAP_TEMP_30 - 
	output_noise_V		94.07u
	Fundamental_dB		-6.526
	harm_2nd_dB		-72.97
	d2_dB		66.45
	Bandwidth		147.3
	IN	corner	CMOS_RES_CAP_TEMP_31 - 
	output_noise_V		95.5u
	Fundamental_dB		-6.445
	harm_2nd_dB		-79.3
	d2_dB		72.86
	Bandwidth		161.1
	IN	corner	Nominal - 
	output_noise_V		65.32u
	Fundamental_dB		-6.275
	harm_2nd_dB		-79.79
	d2_dB		73.52
	Bandwidth		214.1
Design parameters: 
	DC_IN		1.5
	VIN_AMPV		500m
	VIN_DC		0
	VDD		3.3
	F0		3.3
	F1		3.3
	F2		0

Interactive.138
Number of points completed: 1
Number of simulation errors: 0
Interactive.138 completed. 
Current time: Thu Apr  2 19:04:10 2026 
