================================================================================
Rule No. 44 : # INFO: Don't use -resimulate_extracted- Switch for standard LVS but only for QRC! #

Real Error Count : 19; Flat Error Count : 117
================================================================================

--------------------------------------------------------------------------------
Cell Name : nmos4 layout PRIMLIB l="10u" w="5u" wtot="5u" in1=MN928129

                   Cell Errors    Real Errors   Cell Placements     Environments
                             1              1                52                1
--------------------------------------------------------------------------------
Env.  Env. Placements            X1           Y1          X2           Y2

  1       52                 28.500       27.225      40.700       33.025

Shape               Environments Status & Error Marker 

          1           X1         Y1         X2         Y2

   1      X       -0.400     -0.250      5.400     11.950

--------------------------------------------------------------------------------
Cell Name : nmos4_A1 array 4 13 12.3 12.8 r270

                   Cell Errors    Real Errors   Cell Placements     Environments
                             8              8                 1                1
--------------------------------------------------------------------------------
Env.  Env. Placements            X1           Y1          X2           Y2

  1        1                 28.500       27.225     188.300       71.425

Shape               Environments Status & Error Marker 

          1           X1         Y1         X2         Y2

   1      X       -0.250     -5.400     36.550     38.800
   2      X       24.350     13.200     36.550     20.200
   3      X       36.550     -5.400     73.450     38.800
   4      X       61.250     -5.400     98.150     38.800
   5      X       61.250     13.200     73.450     20.200
   6      X       98.150     -5.400    134.950     38.800
   7      X      122.750     13.200    134.950     20.200
   8      X      134.950     -5.400    159.550     38.800

--------------------------------------------------------------------------------
Cell Name : pmos4 layout PRIMLIB l="10u" w="12.5u" wtot="12.5u" in1=MP428329

                   Cell Errors    Real Errors   Cell Placements     Environments
                             1              1                12                1
--------------------------------------------------------------------------------
Env.  Env. Placements            X1           Y1          X2           Y2

  1       12                217.750      150.900     231.850      165.800

Shape               Environments Status & Error Marker 

          1           X1         Y1         X2         Y2

   1      X       -1.200     -1.200     13.700     12.900

--------------------------------------------------------------------------------
Cell Name : nmos4 layout PRIMLIB jd=FALSE js=FALSE l="1u" ng="2" w="5u" in1=MN5

                   Cell Errors    Real Errors   Cell Placements     Environments
                             1              1                 2                1
--------------------------------------------------------------------------------
Env.  Env. Placements            X1           Y1          X2           Y2

  1        2                 25.550      126.400      30.750      132.350

Shape               Environments Status & Error Marker 

          1           X1         Y1         X2         Y2

   1      X       -0.400     -0.250      5.550      4.950

--------------------------------------------------------------------------------
Cell Name : nmos4 layout PRIMLIB l="5u" w="25u" wtot="25u" in1=MN828329

                   Cell Errors    Real Errors   Cell Placements     Environments
                             1              1                36                1
--------------------------------------------------------------------------------
Env.  Env. Placements            X1           Y1          X2           Y2

  1       36                 58.100      123.400      65.300      149.200

Shape               Environments Status & Error Marker 

          1           X1         Y1         X2         Y2

   1      X       -0.400     -0.250     25.400      6.950

--------------------------------------------------------------------------------
Cell Name : opamp_ws_f layout IL2244_VT26_LAYOUT_WS

                   Cell Errors    Real Errors   Cell Placements     Environments
                             7              7                 1                1
--------------------------------------------------------------------------------
Env.  Env. Placements            X1           Y1          X2           Y2

  1        1                 10.600        5.425     317.400      204.550

Shape               Environments Status & Error Marker 

          1           X1         Y1         X2         Y2

   1      X       10.600      5.425    188.300    204.550
   2      X       72.700     71.425    101.800    204.550
   3      X      101.800     71.425    131.100    204.550
   4      X      123.800    149.200    131.000    155.200
   5      X      131.100     71.425    160.200    204.550
   6      X      160.200     71.425    189.400    204.550
   7      X      182.200      5.425    317.400    204.550

================================================================================
Rule No. 45 : # C35B4 ENG - 183 Rev9 (Last updated 26-Apr-2017 12:48) #

Real Error Count : 19; Flat Error Count : 117
================================================================================

--------------------------------------------------------------------------------
Cell Name : nmos4 layout PRIMLIB l="10u" w="5u" wtot="5u" in1=MN928129

                   Cell Errors    Real Errors   Cell Placements     Environments
                             1              1                52                1
--------------------------------------------------------------------------------
Env.  Env. Placements            X1           Y1          X2           Y2

  1       52                 28.500       27.225      40.700       33.025

Shape               Environments Status & Error Marker 

          1           X1         Y1         X2         Y2

   1      X       -0.400     -0.250      5.400     11.950

--------------------------------------------------------------------------------
Cell Name : nmos4_A1 array 4 13 12.3 12.8 r270

                   Cell Errors    Real Errors   Cell Placements     Environments
                             8              8                 1                1
--------------------------------------------------------------------------------
Env.  Env. Placements            X1           Y1          X2           Y2

  1        1                 28.500       27.225     188.300       71.425

Shape               Environments Status & Error Marker 

          1           X1         Y1         X2         Y2

   1      X       -0.250     -5.400     36.550     38.800
   2      X       24.350     13.200     36.550     20.200
   3      X       36.550     -5.400     73.450     38.800
   4      X       61.250     -5.400     98.150     38.800
   5      X       61.250     13.200     73.450     20.200
   6      X       98.150     -5.400    134.950     38.800
   7      X      122.750     13.200    134.950     20.200
   8      X      134.950     -5.400    159.550     38.800

--------------------------------------------------------------------------------
Cell Name : pmos4 layout PRIMLIB l="10u" w="12.5u" wtot="12.5u" in1=MP428329

                   Cell Errors    Real Errors   Cell Placements     Environments
                             1              1                12                1
--------------------------------------------------------------------------------
Env.  Env. Placements            X1           Y1          X2           Y2

  1       12                217.750      150.900     231.850      165.800

Shape               Environments Status & Error Marker 

          1           X1         Y1         X2         Y2

   1      X       -1.200     -1.200     13.700     12.900

--------------------------------------------------------------------------------
Cell Name : nmos4 layout PRIMLIB jd=FALSE js=FALSE l="1u" ng="2" w="5u" in1=MN5

                   Cell Errors    Real Errors   Cell Placements     Environments
                             1              1                 2                1
--------------------------------------------------------------------------------
Env.  Env. Placements            X1           Y1          X2           Y2

  1        2                 25.550      126.400      30.750      132.350

Shape               Environments Status & Error Marker 

          1           X1         Y1         X2         Y2

   1      X       -0.400     -0.250      5.550      4.950

--------------------------------------------------------------------------------
Cell Name : nmos4 layout PRIMLIB l="5u" w="25u" wtot="25u" in1=MN828329

                   Cell Errors    Real Errors   Cell Placements     Environments
                             1              1                36                1
--------------------------------------------------------------------------------
Env.  Env. Placements            X1           Y1          X2           Y2

  1       36                 58.100      123.400      65.300      149.200

Shape               Environments Status & Error Marker 

          1           X1         Y1         X2         Y2

   1      X       -0.400     -0.250     25.400      6.950

--------------------------------------------------------------------------------
Cell Name : opamp_ws_f layout IL2244_VT26_LAYOUT_WS

                   Cell Errors    Real Errors   Cell Placements     Environments
                             7              7                 1                1
--------------------------------------------------------------------------------
Env.  Env. Placements            X1           Y1          X2           Y2

  1        1                 10.600        5.425     317.400      204.550

Shape               Environments Status & Error Marker 

          1           X1         Y1         X2         Y2

   1      X       10.600      5.425    188.300    204.550
   2      X       72.700     71.425    101.800    204.550
   3      X      101.800     71.425    131.100    204.550
   4      X      123.800    149.200    131.000    155.200
   5      X      131.100     71.425    160.200    204.550
   6      X      160.200     71.425    189.400    204.550
   7      X      182.200      5.425    317.400    204.550

