Starting Single Run, Sweeps and Corners...

Current time: Mon Apr 13 08:01:16 2026 
Best design point: 1
Design specs: 
	DC_TEMP	corner	CMOS_RES_CAP_BIP_TEMP_0 - 
	VDC("/BG_REF")		1.216
	DC_TEMP	corner	CMOS_RES_CAP_BIP_TEMP_1 - 
	VDC("/BG_REF")		1.221
	DC_TEMP	corner	CMOS_RES_CAP_BIP_TEMP_2 - 
	VDC("/BG_REF")		1.216
	DC_TEMP	corner	CMOS_RES_CAP_BIP_TEMP_3 - 
	VDC("/BG_REF")		1.221
	DC_TEMP	corner	CMOS_RES_CAP_BIP_TEMP_4 - 
	VDC("/BG_REF")		1.217
	DC_TEMP	corner	CMOS_RES_CAP_BIP_TEMP_5 - 
	VDC("/BG_REF")		1.22
	DC_TEMP	corner	CMOS_RES_CAP_BIP_TEMP_6 - 
	VDC("/BG_REF")		1.217
	DC_TEMP	corner	CMOS_RES_CAP_BIP_TEMP_7 - 
	VDC("/BG_REF")		1.221
	DC_TEMP	corner	CMOS_RES_CAP_BIP_TEMP_8 - 
	VDC("/BG_REF")		1.208
	DC_TEMP	corner	CMOS_RES_CAP_BIP_TEMP_9 - 
	VDC("/BG_REF")		1.208
	DC_TEMP	corner	CMOS_RES_CAP_BIP_TEMP_10 - 
	VDC("/BG_REF")		1.208
	DC_TEMP	corner	CMOS_RES_CAP_BIP_TEMP_11 - 
	VDC("/BG_REF")		1.208
	DC_TEMP	corner	CMOS_RES_CAP_BIP_TEMP_12 - 
	VDC("/BG_REF")		1.208
	DC_TEMP	corner	CMOS_RES_CAP_BIP_TEMP_13 - 
	VDC("/BG_REF")		1.208
	DC_TEMP	corner	CMOS_RES_CAP_BIP_TEMP_14 - 
	VDC("/BG_REF")		1.208
	DC_TEMP	corner	CMOS_RES_CAP_BIP_TEMP_15 - 
	VDC("/BG_REF")		1.221
	DC_TEMP	corner	CMOS_RES_CAP_BIP_TEMP_16 - 
	VDC("/BG_REF")		1.216
	DC_TEMP	corner	CMOS_RES_CAP_BIP_TEMP_17 - 
	VDC("/BG_REF")		1.221
	DC_TEMP	corner	CMOS_RES_CAP_BIP_TEMP_18 - 
	VDC("/BG_REF")		1.216
	DC_TEMP	corner	CMOS_RES_CAP_BIP_TEMP_19 - 
	VDC("/BG_REF")		1.221
	DC_TEMP	corner	CMOS_RES_CAP_BIP_TEMP_20 - 
	VDC("/BG_REF")		1.217
	DC_TEMP	corner	CMOS_RES_CAP_BIP_TEMP_21 - 
	VDC("/BG_REF")		1.22
	DC_TEMP	corner	CMOS_RES_CAP_BIP_TEMP_22 - 
	VDC("/BG_REF")		1.217
	DC_TEMP	corner	CMOS_RES_CAP_BIP_TEMP_23 - 
	VDC("/BG_REF")		1.221
	DC_TEMP	corner	CMOS_RES_CAP_BIP_TEMP_24 - 
	VDC("/BG_REF")		1.208
	DC_TEMP	corner	CMOS_RES_CAP_BIP_TEMP_25 - 
	VDC("/BG_REF")		1.208
	DC_TEMP	corner	CMOS_RES_CAP_BIP_TEMP_26 - 
	VDC("/BG_REF")		1.208
	DC_TEMP	corner	CMOS_RES_CAP_BIP_TEMP_27 - 
	VDC("/BG_REF")		1.208
	DC_TEMP	corner	CMOS_RES_CAP_BIP_TEMP_28 - 
	VDC("/BG_REF")		1.208
	DC_TEMP	corner	CMOS_RES_CAP_BIP_TEMP_29 - 
	VDC("/BG_REF")		1.208
	DC_TEMP	corner	CMOS_RES_CAP_BIP_TEMP_30 - 
	VDC("/BG_REF")		1.208
	DC_TEMP	corner	CMOS_RES_CAP_BIP_TEMP_31 - 
	VDC("/BG_REF")		1.221
	DC_TEMP	corner	CMOS_RES_CAP_BIP_TEMP_32 - 
	VDC("/BG_REF")		1.207
	DC_TEMP	corner	CMOS_RES_CAP_BIP_TEMP_33 - 
	VDC("/BG_REF")		1.207
	DC_TEMP	corner	CMOS_RES_CAP_BIP_TEMP_34 - 
	VDC("/BG_REF")		1.207
	DC_TEMP	corner	CMOS_RES_CAP_BIP_TEMP_35 - 
	VDC("/BG_REF")		1.207
	DC_TEMP	corner	CMOS_RES_CAP_BIP_TEMP_36 - 
	VDC("/BG_REF")		1.207
	DC_TEMP	corner	CMOS_RES_CAP_BIP_TEMP_37 - 
	VDC("/BG_REF")		1.206
	DC_TEMP	corner	CMOS_RES_CAP_BIP_TEMP_38 - 
	VDC("/BG_REF")		1.208
	DC_TEMP	corner	CMOS_RES_CAP_BIP_TEMP_39 - 
	VDC("/BG_REF")		1.207
	DC_TEMP	corner	CMOS_RES_CAP_BIP_TEMP_40 - 
	VDC("/BG_REF")		1.199
	DC_TEMP	corner	CMOS_RES_CAP_BIP_TEMP_41 - 
	VDC("/BG_REF")		1.194
	DC_TEMP	corner	CMOS_RES_CAP_BIP_TEMP_42 - 
	VDC("/BG_REF")		1.199
	DC_TEMP	corner	CMOS_RES_CAP_BIP_TEMP_43 - 
	VDC("/BG_REF")		1.194
	DC_TEMP	corner	CMOS_RES_CAP_BIP_TEMP_44 - 
	VDC("/BG_REF")		1.199
	DC_TEMP	corner	CMOS_RES_CAP_BIP_TEMP_45 - 
	VDC("/BG_REF")		1.194
	DC_TEMP	corner	CMOS_RES_CAP_BIP_TEMP_46 - 
	VDC("/BG_REF")		1.199
	DC_TEMP	corner	CMOS_RES_CAP_BIP_TEMP_47 - 
	VDC("/BG_REF")		1.214
	DC_TEMP	corner	CMOS_RES_CAP_BIP_TEMP_48 - 
	VDC("/BG_REF")		1.207
	DC_TEMP	corner	CMOS_RES_CAP_BIP_TEMP_49 - 
	VDC("/BG_REF")		1.207
	DC_TEMP	corner	CMOS_RES_CAP_BIP_TEMP_50 - 
	VDC("/BG_REF")		1.207
	DC_TEMP	corner	CMOS_RES_CAP_BIP_TEMP_51 - 
	VDC("/BG_REF")		1.207
	DC_TEMP	corner	CMOS_RES_CAP_BIP_TEMP_52 - 
	VDC("/BG_REF")		1.207
	DC_TEMP	corner	CMOS_RES_CAP_BIP_TEMP_53 - 
	VDC("/BG_REF")		1.206
	DC_TEMP	corner	CMOS_RES_CAP_BIP_TEMP_54 - 
	VDC("/BG_REF")		1.208
	DC_TEMP	corner	CMOS_RES_CAP_BIP_TEMP_55 - 
	VDC("/BG_REF")		1.207
	DC_TEMP	corner	CMOS_RES_CAP_BIP_TEMP_56 - 
	VDC("/BG_REF")		1.199
	DC_TEMP	corner	CMOS_RES_CAP_BIP_TEMP_57 - 
	VDC("/BG_REF")		1.194
	DC_TEMP	corner	CMOS_RES_CAP_BIP_TEMP_58 - 
	VDC("/BG_REF")		1.199
	DC_TEMP	corner	CMOS_RES_CAP_BIP_TEMP_59 - 
	VDC("/BG_REF")		1.194
	DC_TEMP	corner	CMOS_RES_CAP_BIP_TEMP_60 - 
	VDC("/BG_REF")		1.199
	DC_TEMP	corner	CMOS_RES_CAP_BIP_TEMP_61 - 
	VDC("/BG_REF")		1.194
	DC_TEMP	corner	CMOS_RES_CAP_BIP_TEMP_62 - 
	VDC("/BG_REF")		1.199
	DC_TEMP	corner	CMOS_RES_CAP_BIP_TEMP_63 - 
	VDC("/BG_REF")		1.214
	DC_TEMP	corner	CMOS_RES_CAP_BIP_TEMP_64 - 
	VDC("/BG_REF")		1.227
	DC_TEMP	corner	CMOS_RES_CAP_BIP_TEMP_65 - 
	VDC("/BG_REF")		1.243
	DC_TEMP	corner	CMOS_RES_CAP_BIP_TEMP_66 - 
	VDC("/BG_REF")		1.227
	DC_TEMP	corner	CMOS_RES_CAP_BIP_TEMP_67 - 
	VDC("/BG_REF")		1.244
	DC_TEMP	corner	CMOS_RES_CAP_BIP_TEMP_68 - 
	VDC("/BG_REF")		1.227
	DC_TEMP	corner	CMOS_RES_CAP_BIP_TEMP_69 - 
	VDC("/BG_REF")		1.243
	DC_TEMP	corner	CMOS_RES_CAP_BIP_TEMP_70 - 
	VDC("/BG_REF")		1.227
	DC_TEMP	corner	CMOS_RES_CAP_BIP_TEMP_71 - 
	VDC("/BG_REF")		1.244
	DC_TEMP	corner	CMOS_RES_CAP_BIP_TEMP_72 - 
	VDC("/BG_REF")		1.218
	DC_TEMP	corner	CMOS_RES_CAP_BIP_TEMP_73 - 
	VDC("/BG_REF")		1.231
	DC_TEMP	corner	CMOS_RES_CAP_BIP_TEMP_74 - 
	VDC("/BG_REF")		1.218
	DC_TEMP	corner	CMOS_RES_CAP_BIP_TEMP_75 - 
	VDC("/BG_REF")		1.231
	DC_TEMP	corner	CMOS_RES_CAP_BIP_TEMP_76 - 
	VDC("/BG_REF")		1.218
	DC_TEMP	corner	CMOS_RES_CAP_BIP_TEMP_77 - 
	VDC("/BG_REF")		1.23
	DC_TEMP	corner	CMOS_RES_CAP_BIP_TEMP_78 - 
	VDC("/BG_REF")		1.219
	DC_TEMP	corner	CMOS_RES_CAP_BIP_TEMP_79 - 
	VDC("/BG_REF")		1.237
	DC_TEMP	corner	CMOS_RES_CAP_BIP_TEMP_80 - 
	VDC("/BG_REF")		1.227
	DC_TEMP	corner	CMOS_RES_CAP_BIP_TEMP_81 - 
	VDC("/BG_REF")		1.243
	DC_TEMP	corner	CMOS_RES_CAP_BIP_TEMP_82 - 
	VDC("/BG_REF")		1.227
	DC_TEMP	corner	CMOS_RES_CAP_BIP_TEMP_83 - 
	VDC("/BG_REF")		1.244
	DC_TEMP	corner	CMOS_RES_CAP_BIP_TEMP_84 - 
	VDC("/BG_REF")		1.227
	DC_TEMP	corner	CMOS_RES_CAP_BIP_TEMP_85 - 
	VDC("/BG_REF")		1.243
	DC_TEMP	corner	CMOS_RES_CAP_BIP_TEMP_86 - 
	VDC("/BG_REF")		1.227
	DC_TEMP	corner	CMOS_RES_CAP_BIP_TEMP_87 - 
	VDC("/BG_REF")		1.244
	DC_TEMP	corner	CMOS_RES_CAP_BIP_TEMP_88 - 
	VDC("/BG_REF")		1.218
	DC_TEMP	corner	CMOS_RES_CAP_BIP_TEMP_89 - 
	VDC("/BG_REF")		1.231
	DC_TEMP	corner	CMOS_RES_CAP_BIP_TEMP_90 - 
	VDC("/BG_REF")		1.218
	DC_TEMP	corner	CMOS_RES_CAP_BIP_TEMP_91 - 
	VDC("/BG_REF")		1.231
	DC_TEMP	corner	CMOS_RES_CAP_BIP_TEMP_92 - 
	VDC("/BG_REF")		1.218
	DC_TEMP	corner	CMOS_RES_CAP_BIP_TEMP_93 - 
	VDC("/BG_REF")		1.23
	DC_TEMP	corner	CMOS_RES_CAP_BIP_TEMP_94 - 
	VDC("/BG_REF")		1.219
	DC_TEMP	corner	CMOS_RES_CAP_BIP_TEMP_95 - 
	VDC("/BG_REF")		1.237
	DC_TEMP	corner	Nominal - 
	VDC("/BG_REF")		1.214
Design parameters: 

Interactive.27
Number of points completed: 1
Number of simulation errors: 0
Interactive.27 completed. 
Current time: Mon Apr 13 08:02:37 2026 
