Starting Single Run, Sweeps and Corners...

Current time: Thu Apr 16 05:04:48 2026 
Best design point: 1
Design specs: 
	TRAN	corner	CMOS_RES_CAP_TEMP_0 - 
	IDC("/R0/PLUS")		Error	No
	IS("/R0/PLUS")		Error	No
	TRAN	corner	CMOS_RES_CAP_TEMP_1 - 
	IDC("/R0/PLUS")		Error	No
	IS("/R0/PLUS")		Error	No
	TRAN	corner	CMOS_RES_CAP_TEMP_2 - 
	IDC("/R0/PLUS")		Error	No
	IS("/R0/PLUS")		Error	No
	TRAN	corner	CMOS_RES_CAP_TEMP_3 - 
	IDC("/R0/PLUS")		Error	No
	IS("/R0/PLUS")		Error	No
	TRAN	corner	CMOS_RES_CAP_TEMP_4 - 
	IDC("/R0/PLUS")		Error	No
	IS("/R0/PLUS")		Error	No
	TRAN	corner	CMOS_RES_CAP_TEMP_5 - 
	IDC("/R0/PLUS")		Error	No
	IS("/R0/PLUS")		Error	No
	TRAN	corner	CMOS_RES_CAP_TEMP_6 - 
	IDC("/R0/PLUS")		Error	No
	IS("/R0/PLUS")		Error	No
	TRAN	corner	CMOS_RES_CAP_TEMP_7 - 
	IDC("/R0/PLUS")		Error	No
	IS("/R0/PLUS")		Error	No
	TRAN	corner	CMOS_RES_CAP_TEMP_8 - 
	IDC("/R0/PLUS")		Error	No
	IS("/R0/PLUS")		Error	No
	TRAN	corner	CMOS_RES_CAP_TEMP_9 - 
	IDC("/R0/PLUS")		Error	No
	IS("/R0/PLUS")		Error	No
	TRAN	corner	CMOS_RES_CAP_TEMP_10 - 
	IDC("/R0/PLUS")		Error	No
	IS("/R0/PLUS")		Error	No
	TRAN	corner	CMOS_RES_CAP_TEMP_11 - 
	IDC("/R0/PLUS")		Error	No
	IS("/R0/PLUS")		Error	No
	TRAN	corner	CMOS_RES_CAP_TEMP_12 - 
	IDC("/R0/PLUS")		Error	No
	IS("/R0/PLUS")		Error	No
	TRAN	corner	CMOS_RES_CAP_TEMP_13 - 
	IDC("/R0/PLUS")		Error	No
	IS("/R0/PLUS")		Error	No
	TRAN	corner	CMOS_RES_CAP_TEMP_14 - 
	IDC("/R0/PLUS")		Error	No
	IS("/R0/PLUS")		Error	No
	TRAN	corner	CMOS_RES_CAP_TEMP_15 - 
	IDC("/R0/PLUS")		Error	No
	IS("/R0/PLUS")		Error	No
	TRAN	corner	CMOS_RES_CAP_TEMP_16 - 
	IDC("/R0/PLUS")		Error	No
	IS("/R0/PLUS")		Error	No
	TRAN	corner	CMOS_RES_CAP_TEMP_17 - 
	IDC("/R0/PLUS")		Error	No
	IS("/R0/PLUS")		Error	No
	TRAN	corner	CMOS_RES_CAP_TEMP_18 - 
	IDC("/R0/PLUS")		Error	No
	IS("/R0/PLUS")		Error	No
	TRAN	corner	CMOS_RES_CAP_TEMP_19 - 
	IDC("/R0/PLUS")		Error	No
	IS("/R0/PLUS")		Error	No
	TRAN	corner	CMOS_RES_CAP_TEMP_20 - 
	IDC("/R0/PLUS")		Error	No
	IS("/R0/PLUS")		Error	No
	TRAN	corner	CMOS_RES_CAP_TEMP_21 - 
	IDC("/R0/PLUS")		Error	No
	IS("/R0/PLUS")		Error	No
	TRAN	corner	CMOS_RES_CAP_TEMP_22 - 
	IDC("/R0/PLUS")		Error	No
	IS("/R0/PLUS")		Error	No
	TRAN	corner	CMOS_RES_CAP_TEMP_23 - 
	IDC("/R0/PLUS")		Error	No
	IS("/R0/PLUS")		Error	No
	TRAN	corner	CMOS_RES_CAP_TEMP_24 - 
	IDC("/R0/PLUS")		Error	No
	IS("/R0/PLUS")		Error	No
	TRAN	corner	CMOS_RES_CAP_TEMP_25 - 
	IDC("/R0/PLUS")		Error	No
	IS("/R0/PLUS")		Error	No
	TRAN	corner	CMOS_RES_CAP_TEMP_26 - 
	IDC("/R0/PLUS")		Error	No
	IS("/R0/PLUS")		Error	No
	TRAN	corner	CMOS_RES_CAP_TEMP_27 - 
	IDC("/R0/PLUS")		Error	No
	IS("/R0/PLUS")		Error	No
	TRAN	corner	CMOS_RES_CAP_TEMP_28 - 
	IDC("/R0/PLUS")		Error	No
	IS("/R0/PLUS")		Error	No
	TRAN	corner	CMOS_RES_CAP_TEMP_29 - 
	IDC("/R0/PLUS")		Error	No
	IS("/R0/PLUS")		Error	No
	TRAN	corner	CMOS_RES_CAP_TEMP_30 - 
	IDC("/R0/PLUS")		Error	No
	IS("/R0/PLUS")		Error	No
	TRAN	corner	CMOS_RES_CAP_TEMP_31 - 
	IDC("/R0/PLUS")		Error	No
	IS("/R0/PLUS")		Error	No
	TRAN	corner	Nominal - 
	IDC("/R0/PLUS")		Error	No
	IS("/R0/PLUS")		Error	No
Design parameters: 

Interactive.91
Number of points completed: 1
Number of simulation errors: 0
Interactive.91 completed. 
Current time: Thu Apr 16 05:05:09 2026 
