Starting Monte Carlo Sampling...

Current time: Thu Apr 16 05:26:39 2026 

Variation: All
Sampling Method: Low-Discrepancy Sequence
Seed: 12345

MonteCarlo.5
Number of points completed: 200
Number of simulation errors: 0
MonteCarlo.5 completed. 
Current time: Thu Apr 16 05:27:08 2026 
Monte Carlo Sampling yield summary:
Number of spec values are in this yield data: 2
TRAN_MC	Nominal - 
	VT("/IPRB0/PLUS"):	Yield	0%
		Min 0	Max 0	Mean 0	Number of errors 0
TRAN_MC	Nominal - 
	copy:	Yield	0%
		Min 0	Max 0	Mean 0	Number of errors 0

TRAN_MC
	Overall Yield	100%	Number of points passed	200	Total number of points	200

Estimated yield = 100% (200/200), 0 errors
Estimated yield (No opregions) = 100% (200/200)
