Starting Monte Carlo Sampling...

Current time: Thu Apr 16 05:19:16 2026 

Variation: All
Sampling Method: Low-Discrepancy Sequence
Seed: 12345

MonteCarlo.2
Number of points completed: 200
Number of simulation errors: 0
MonteCarlo.2 completed. 
Current time: Thu Apr 16 05:19:50 2026 
Monte Carlo Sampling yield summary:
Number of spec values are in this yield data: 6
TRAN_MC	Nominal - 
	IDC("/R0/PLUS"):	Yield	0%
		Min 0	Max 0	Mean 0	Number of errors 200
TRAN_MC	Nominal - 
	IS("/R0/PLUS"):	Yield	0%
		Min 0	Max 0	Mean 0	Number of errors 200
TRAN_MC	Nominal - 
	V/V /V0; xf dB20(V/V):	Yield	0%
		Min 0	Max 0	Mean 0	Number of errors 200
TRAN_MC	Nominal - 
	VT("/IPRB0/PLUS"):	Yield	0%
		Min 0	Max 0	Mean 0	Number of errors 0
TRAN_MC	Nominal - 
	copy:	Yield	0%
		Min 0	Max 0	Mean 0	Number of errors 0
TRAN_MC	Nominal - 
	output noise; A / sqrt(Hz):	Yield	0%
		Min 0	Max 0	Mean 0	Number of errors 200

TRAN_MC
	Overall Yield	100%	Number of points passed	200	Total number of points	200

Estimated yield = 100% (200/200), 200 errors
Estimated yield (No opregions) = 100% (200/200)
