Starting Monte Carlo Sampling...

Current time: Thu Apr 16 05:08:01 2026 

Variation: All
Sampling Method: Low-Discrepancy Sequence
Seed: 12345

MonteCarlo.1
Number of points completed: 200
Number of simulation errors: 0
MonteCarlo.1 completed. 
Current time: Thu Apr 16 05:09:39 2026 
Monte Carlo Sampling yield summary:
Number of spec values are in this yield data: 6
DC_MC	Nominal - 
	IDC("/R0/PLUS"):	Yield	0%
		Min 0	Max 0	Mean 0	Number of errors 0
DC_MC	Nominal - 
	IS("/R0/PLUS"):	Yield	0%
		Min 0	Max 0	Mean 0	Number of errors 0
DC_MC	Nominal - 
	V/V /V0; xf dB20(V/V):	Yield	0%
		Min 0	Max 0	Mean 0	Number of errors 0
DC_MC	Nominal - 
	VT("/IPRB0/PLUS"):	Yield	0%
		Min 0	Max 0	Mean 0	Number of errors 0
DC_MC	Nominal - 
	copy:	Yield	0%
		Min 0	Max 0	Mean 0	Number of errors 0
DC_MC	Nominal - 
	output noise; A / sqrt(Hz):	Yield	0%
		Min 0	Max 0	Mean 0	Number of errors 0

DC_MC
	Overall Yield	0%	Number of points passed	0	Total number of points	0

Estimated yield = 0% (0/0), 0 errors
Estimated yield (No opregions) = 0% (0/0)
