Starting Single Run, Sweeps and Corners...

Current time: Fri Apr 10 17:39:32 2026 
Best design point: 1
Design specs: 
	DC	corner	CMOS_RES_CAP_BIP_TEMP_0 - 
	VDC("/BG_REF")		1.216
	Output_noise_Vrms		240.3u
	Output_noise_ECG_Vrms		38.16u
	DC	corner	CMOS_RES_CAP_BIP_TEMP_1 - 
	VDC("/BG_REF")		1.221
	Output_noise_Vrms		348.4u
	Output_noise_ECG_Vrms		52.97u
	DC	corner	CMOS_RES_CAP_BIP_TEMP_2 - 
	VDC("/BG_REF")		1.216
	Output_noise_Vrms		240.5u
	Output_noise_ECG_Vrms		34.81u
	DC	corner	CMOS_RES_CAP_BIP_TEMP_3 - 
	VDC("/BG_REF")		1.221
	Output_noise_Vrms		353u
	Output_noise_ECG_Vrms		48.44u
	DC	corner	CMOS_RES_CAP_BIP_TEMP_4 - 
	VDC("/BG_REF")		1.217
	Output_noise_Vrms		255.3u
	Output_noise_ECG_Vrms		38.25u
	DC	corner	CMOS_RES_CAP_BIP_TEMP_5 - 
	VDC("/BG_REF")		1.22
	Output_noise_Vrms		373.6u
	Output_noise_ECG_Vrms		53.4u
	DC	corner	CMOS_RES_CAP_BIP_TEMP_6 - 
	VDC("/BG_REF")		1.217
	Output_noise_Vrms		254.9u
	Output_noise_ECG_Vrms		34.95u
	DC	corner	CMOS_RES_CAP_BIP_TEMP_7 - 
	VDC("/BG_REF")		1.221
	Output_noise_Vrms		378u
	Output_noise_ECG_Vrms		48.48u
	DC	corner	CMOS_RES_CAP_BIP_TEMP_8 - 
	VDC("/BG_REF")		1.208
	Output_noise_Vrms		244u
	Output_noise_ECG_Vrms		38.38u
	DC	corner	CMOS_RES_CAP_BIP_TEMP_9 - 
	VDC("/BG_REF")		1.208
	Output_noise_Vrms		311.1u
	Output_noise_ECG_Vrms		53.48u
	DC	corner	CMOS_RES_CAP_BIP_TEMP_10 - 
	VDC("/BG_REF")		1.208
	Output_noise_Vrms		243.5u
	Output_noise_ECG_Vrms		35.05u
	DC	corner	CMOS_RES_CAP_BIP_TEMP_11 - 
	VDC("/BG_REF")		1.208
	Output_noise_Vrms		311u
	Output_noise_ECG_Vrms		48.92u
	DC	corner	CMOS_RES_CAP_BIP_TEMP_12 - 
	VDC("/BG_REF")		1.208
	Output_noise_Vrms		258.7u
	Output_noise_ECG_Vrms		38.47u
	DC	corner	CMOS_RES_CAP_BIP_TEMP_13 - 
	VDC("/BG_REF")		1.208
	Output_noise_Vrms		333.4u
	Output_noise_ECG_Vrms		53.8u
	DC	corner	CMOS_RES_CAP_BIP_TEMP_14 - 
	VDC("/BG_REF")		1.208
	Output_noise_Vrms		257.6u
	Output_noise_ECG_Vrms		35.19u
	DC	corner	CMOS_RES_CAP_BIP_TEMP_15 - 
	VDC("/BG_REF")		1.221
	Output_noise_Vrms		324.7u
	Output_noise_ECG_Vrms		46.23u
	DC	corner	CMOS_RES_CAP_BIP_TEMP_16 - 
	VDC("/BG_REF")		1.216
	Output_noise_Vrms		227.1u
	Output_noise_ECG_Vrms		38.16u
	DC	corner	CMOS_RES_CAP_BIP_TEMP_17 - 
	VDC("/BG_REF")		1.221
	Output_noise_Vrms		338.1u
	Output_noise_ECG_Vrms		52.97u
	DC	corner	CMOS_RES_CAP_BIP_TEMP_18 - 
	VDC("/BG_REF")		1.216
	Output_noise_Vrms		227.7u
	Output_noise_ECG_Vrms		34.81u
	DC	corner	CMOS_RES_CAP_BIP_TEMP_19 - 
	VDC("/BG_REF")		1.221
	Output_noise_Vrms		342.9u
	Output_noise_ECG_Vrms		48.44u
	DC	corner	CMOS_RES_CAP_BIP_TEMP_20 - 
	VDC("/BG_REF")		1.217
	Output_noise_Vrms		242.9u
	Output_noise_ECG_Vrms		38.25u
	DC	corner	CMOS_RES_CAP_BIP_TEMP_21 - 
	VDC("/BG_REF")		1.22
	Output_noise_Vrms		364.1u
	Output_noise_ECG_Vrms		53.4u
	DC	corner	CMOS_RES_CAP_BIP_TEMP_22 - 
	VDC("/BG_REF")		1.217
	Output_noise_Vrms		242.9u
	Output_noise_ECG_Vrms		34.95u
	DC	corner	CMOS_RES_CAP_BIP_TEMP_23 - 
	VDC("/BG_REF")		1.221
	Output_noise_Vrms		368.8u
	Output_noise_ECG_Vrms		48.48u
	DC	corner	CMOS_RES_CAP_BIP_TEMP_24 - 
	VDC("/BG_REF")		1.208
	Output_noise_Vrms		228.8u
	Output_noise_ECG_Vrms		38.38u
	DC	corner	CMOS_RES_CAP_BIP_TEMP_25 - 
	VDC("/BG_REF")		1.208
	Output_noise_Vrms		295.3u
	Output_noise_ECG_Vrms		53.48u
	DC	corner	CMOS_RES_CAP_BIP_TEMP_26 - 
	VDC("/BG_REF")		1.208
	Output_noise_Vrms		228.7u
	Output_noise_ECG_Vrms		35.05u
	DC	corner	CMOS_RES_CAP_BIP_TEMP_27 - 
	VDC("/BG_REF")		1.208
	Output_noise_Vrms		295.7u
	Output_noise_ECG_Vrms		48.92u
	DC	corner	CMOS_RES_CAP_BIP_TEMP_28 - 
	VDC("/BG_REF")		1.208
	Output_noise_Vrms		244.2u
	Output_noise_ECG_Vrms		38.47u
	DC	corner	CMOS_RES_CAP_BIP_TEMP_29 - 
	VDC("/BG_REF")		1.208
	Output_noise_Vrms		318.6u
	Output_noise_ECG_Vrms		53.8u
	DC	corner	CMOS_RES_CAP_BIP_TEMP_30 - 
	VDC("/BG_REF")		1.208
	Output_noise_Vrms		243.6u
	Output_noise_ECG_Vrms		35.19u
	DC	corner	CMOS_RES_CAP_BIP_TEMP_31 - 
	VDC("/BG_REF")		1.221
	Output_noise_Vrms		311.7u
	Output_noise_ECG_Vrms		46.23u
	DC	corner	CMOS_RES_CAP_BIP_TEMP_32 - 
	VDC("/BG_REF")		1.207
	Output_noise_Vrms		240u
	Output_noise_ECG_Vrms		38.14u
	DC	corner	CMOS_RES_CAP_BIP_TEMP_33 - 
	VDC("/BG_REF")		1.207
	Output_noise_Vrms		348.1u
	Output_noise_ECG_Vrms		52.94u
	DC	corner	CMOS_RES_CAP_BIP_TEMP_34 - 
	VDC("/BG_REF")		1.207
	Output_noise_Vrms		240.2u
	Output_noise_ECG_Vrms		34.79u
	DC	corner	CMOS_RES_CAP_BIP_TEMP_35 - 
	VDC("/BG_REF")		1.207
	Output_noise_Vrms		352.6u
	Output_noise_ECG_Vrms		48.42u
	DC	corner	CMOS_RES_CAP_BIP_TEMP_36 - 
	VDC("/BG_REF")		1.207
	Output_noise_Vrms		255.1u
	Output_noise_ECG_Vrms		38.22u
	DC	corner	CMOS_RES_CAP_BIP_TEMP_37 - 
	VDC("/BG_REF")		1.206
	Output_noise_Vrms		373.3u
	Output_noise_ECG_Vrms		53.36u
	DC	corner	CMOS_RES_CAP_BIP_TEMP_38 - 
	VDC("/BG_REF")		1.208
	Output_noise_Vrms		254.6u
	Output_noise_ECG_Vrms		34.91u
	DC	corner	CMOS_RES_CAP_BIP_TEMP_39 - 
	VDC("/BG_REF")		1.207
	Output_noise_Vrms		377.6u
	Output_noise_ECG_Vrms		48.34u
	DC	corner	CMOS_RES_CAP_BIP_TEMP_40 - 
	VDC("/BG_REF")		1.199
	Output_noise_Vrms		243.6u
	Output_noise_ECG_Vrms		38.37u
	DC	corner	CMOS_RES_CAP_BIP_TEMP_41 - 
	VDC("/BG_REF")		1.194
	Output_noise_Vrms		310.8u
	Output_noise_ECG_Vrms		53.46u
	DC	corner	CMOS_RES_CAP_BIP_TEMP_42 - 
	VDC("/BG_REF")		1.199
	Output_noise_Vrms		243.1u
	Output_noise_ECG_Vrms		35.03u
	DC	corner	CMOS_RES_CAP_BIP_TEMP_43 - 
	VDC("/BG_REF")		1.194
	Output_noise_Vrms		310.7u
	Output_noise_ECG_Vrms		48.9u
	DC	corner	CMOS_RES_CAP_BIP_TEMP_44 - 
	VDC("/BG_REF")		1.199
	Output_noise_Vrms		258.3u
	Output_noise_ECG_Vrms		38.46u
	DC	corner	CMOS_RES_CAP_BIP_TEMP_45 - 
	VDC("/BG_REF")		1.194
	Output_noise_Vrms		333.1u
	Output_noise_ECG_Vrms		53.77u
	DC	corner	CMOS_RES_CAP_BIP_TEMP_46 - 
	VDC("/BG_REF")		1.199
	Output_noise_Vrms		257.2u
	Output_noise_ECG_Vrms		35.17u
	DC	corner	CMOS_RES_CAP_BIP_TEMP_47 - 
	VDC("/BG_REF")		1.214
	Output_noise_Vrms		321.3u
	Output_noise_ECG_Vrms		46.87u
	DC	corner	CMOS_RES_CAP_BIP_TEMP_48 - 
	VDC("/BG_REF")		1.207
	Output_noise_Vrms		226.8u
	Output_noise_ECG_Vrms		38.14u
	DC	corner	CMOS_RES_CAP_BIP_TEMP_49 - 
	VDC("/BG_REF")		1.207
	Output_noise_Vrms		337.7u
	Output_noise_ECG_Vrms		52.94u
	DC	corner	CMOS_RES_CAP_BIP_TEMP_50 - 
	VDC("/BG_REF")		1.207
	Output_noise_Vrms		227.4u
	Output_noise_ECG_Vrms		34.79u
	DC	corner	CMOS_RES_CAP_BIP_TEMP_51 - 
	VDC("/BG_REF")		1.207
	Output_noise_Vrms		342.5u
	Output_noise_ECG_Vrms		48.42u
	DC	corner	CMOS_RES_CAP_BIP_TEMP_52 - 
	VDC("/BG_REF")		1.207
	Output_noise_Vrms		242.7u
	Output_noise_ECG_Vrms		38.22u
	DC	corner	CMOS_RES_CAP_BIP_TEMP_53 - 
	VDC("/BG_REF")		1.206
	Output_noise_Vrms		363.8u
	Output_noise_ECG_Vrms		53.36u
	DC	corner	CMOS_RES_CAP_BIP_TEMP_54 - 
	VDC("/BG_REF")		1.208
	Output_noise_Vrms		242.7u
	Output_noise_ECG_Vrms		34.91u
	DC	corner	CMOS_RES_CAP_BIP_TEMP_55 - 
	VDC("/BG_REF")		1.207
	Output_noise_Vrms		368.4u
	Output_noise_ECG_Vrms		48.34u
	DC	corner	CMOS_RES_CAP_BIP_TEMP_56 - 
	VDC("/BG_REF")		1.199
	Output_noise_Vrms		228.5u
	Output_noise_ECG_Vrms		38.37u
	DC	corner	CMOS_RES_CAP_BIP_TEMP_57 - 
	VDC("/BG_REF")		1.194
	Output_noise_Vrms		295.1u
	Output_noise_ECG_Vrms		53.46u
	DC	corner	CMOS_RES_CAP_BIP_TEMP_58 - 
	VDC("/BG_REF")		1.199
	Output_noise_Vrms		228.4u
	Output_noise_ECG_Vrms		35.03u
	DC	corner	CMOS_RES_CAP_BIP_TEMP_59 - 
	VDC("/BG_REF")		1.194
	Output_noise_Vrms		295.5u
	Output_noise_ECG_Vrms		48.9u
	DC	corner	CMOS_RES_CAP_BIP_TEMP_60 - 
	VDC("/BG_REF")		1.199
	Output_noise_Vrms		244u
	Output_noise_ECG_Vrms		38.45u
	DC	corner	CMOS_RES_CAP_BIP_TEMP_61 - 
	VDC("/BG_REF")		1.194
	Output_noise_Vrms		318.4u
	Output_noise_ECG_Vrms		53.77u
	DC	corner	CMOS_RES_CAP_BIP_TEMP_62 - 
	VDC("/BG_REF")		1.199
	Output_noise_Vrms		243.3u
	Output_noise_ECG_Vrms		35.17u
	DC	corner	CMOS_RES_CAP_BIP_TEMP_63 - 
	VDC("/BG_REF")		1.214
	Output_noise_Vrms		308.9u
	Output_noise_ECG_Vrms		46.87u
	DC	corner	CMOS_RES_CAP_BIP_TEMP_64 - 
	VDC("/BG_REF")		1.227
	Output_noise_Vrms		240.4u
	Output_noise_ECG_Vrms		38.37u
	DC	corner	CMOS_RES_CAP_BIP_TEMP_65 - 
	VDC("/BG_REF")		1.243
	Output_noise_Vrms		348.8u
	Output_noise_ECG_Vrms		53.1u
	DC	corner	CMOS_RES_CAP_BIP_TEMP_66 - 
	VDC("/BG_REF")		1.227
	Output_noise_Vrms		240.6u
	Output_noise_ECG_Vrms		35.03u
	DC	corner	CMOS_RES_CAP_BIP_TEMP_67 - 
	VDC("/BG_REF")		1.244
	Output_noise_Vrms		353.3u
	Output_noise_ECG_Vrms		48.59u
	DC	corner	CMOS_RES_CAP_BIP_TEMP_68 - 
	VDC("/BG_REF")		1.227
	Output_noise_Vrms		255.4u
	Output_noise_ECG_Vrms		38.45u
	DC	corner	CMOS_RES_CAP_BIP_TEMP_69 - 
	VDC("/BG_REF")		1.243
	Output_noise_Vrms		373.9u
	Output_noise_ECG_Vrms		53.54u
	DC	corner	CMOS_RES_CAP_BIP_TEMP_70 - 
	VDC("/BG_REF")		1.227
	Output_noise_Vrms		255u
	Output_noise_ECG_Vrms		35.17u
	DC	corner	CMOS_RES_CAP_BIP_TEMP_71 - 
	VDC("/BG_REF")		1.244
	Output_noise_Vrms		378.4u
	Output_noise_ECG_Vrms		48.77u
	DC	corner	CMOS_RES_CAP_BIP_TEMP_72 - 
	VDC("/BG_REF")		1.218
	Output_noise_Vrms		244.1u
	Output_noise_ECG_Vrms		38.65u
	DC	corner	CMOS_RES_CAP_BIP_TEMP_73 - 
	VDC("/BG_REF")		1.231
	Output_noise_Vrms		311.2u
	Output_noise_ECG_Vrms		53.64u
	DC	corner	CMOS_RES_CAP_BIP_TEMP_74 - 
	VDC("/BG_REF")		1.218
	Output_noise_Vrms		243.6u
	Output_noise_ECG_Vrms		35.33u
	DC	corner	CMOS_RES_CAP_BIP_TEMP_75 - 
	VDC("/BG_REF")		1.231
	Output_noise_Vrms		311.1u
	Output_noise_ECG_Vrms		49.1u
	DC	corner	CMOS_RES_CAP_BIP_TEMP_76 - 
	VDC("/BG_REF")		1.218
	Output_noise_Vrms		258.8u
	Output_noise_ECG_Vrms		38.73u
	DC	corner	CMOS_RES_CAP_BIP_TEMP_77 - 
	VDC("/BG_REF")		1.23
	Output_noise_Vrms		333.5u
	Output_noise_ECG_Vrms		53.98u
	DC	corner	CMOS_RES_CAP_BIP_TEMP_78 - 
	VDC("/BG_REF")		1.219
	Output_noise_Vrms		257.7u
	Output_noise_ECG_Vrms		35.47u
	DC	corner	CMOS_RES_CAP_BIP_TEMP_79 - 
	VDC("/BG_REF")		1.237
	Output_noise_Vrms		329.1u
	Output_noise_ECG_Vrms		47.35u
	DC	corner	CMOS_RES_CAP_BIP_TEMP_80 - 
	VDC("/BG_REF")		1.227
	Output_noise_Vrms		227.2u
	Output_noise_ECG_Vrms		38.37u
	DC	corner	CMOS_RES_CAP_BIP_TEMP_81 - 
	VDC("/BG_REF")		1.243
	Output_noise_Vrms		338.5u
	Output_noise_ECG_Vrms		53.1u
	DC	corner	CMOS_RES_CAP_BIP_TEMP_82 - 
	VDC("/BG_REF")		1.227
	Output_noise_Vrms		227.8u
	Output_noise_ECG_Vrms		35.03u
	DC	corner	CMOS_RES_CAP_BIP_TEMP_83 - 
	VDC("/BG_REF")		1.244
	Output_noise_Vrms		343.2u
	Output_noise_ECG_Vrms		48.59u
	DC	corner	CMOS_RES_CAP_BIP_TEMP_84 - 
	VDC("/BG_REF")		1.227
	Output_noise_Vrms		243u
	Output_noise_ECG_Vrms		38.45u
	DC	corner	CMOS_RES_CAP_BIP_TEMP_85 - 
	VDC("/BG_REF")		1.243
	Output_noise_Vrms		364.4u
	Output_noise_ECG_Vrms		53.54u
	DC	corner	CMOS_RES_CAP_BIP_TEMP_86 - 
	VDC("/BG_REF")		1.227
	Output_noise_Vrms		243u
	Output_noise_ECG_Vrms		35.17u
	DC	corner	CMOS_RES_CAP_BIP_TEMP_87 - 
	VDC("/BG_REF")		1.244
	Output_noise_Vrms		369.2u
	Output_noise_ECG_Vrms		48.77u
	DC	corner	CMOS_RES_CAP_BIP_TEMP_88 - 
	VDC("/BG_REF")		1.218
	Output_noise_Vrms		228.9u
	Output_noise_ECG_Vrms		38.65u
	DC	corner	CMOS_RES_CAP_BIP_TEMP_89 - 
	VDC("/BG_REF")		1.231
	Output_noise_Vrms		295.4u
	Output_noise_ECG_Vrms		53.64u
	DC	corner	CMOS_RES_CAP_BIP_TEMP_90 - 
	VDC("/BG_REF")		1.218
	Output_noise_Vrms		228.8u
	Output_noise_ECG_Vrms		35.33u
	DC	corner	CMOS_RES_CAP_BIP_TEMP_91 - 
	VDC("/BG_REF")		1.231
	Output_noise_Vrms		295.8u
	Output_noise_ECG_Vrms		49.1u
	DC	corner	CMOS_RES_CAP_BIP_TEMP_92 - 
	VDC("/BG_REF")		1.218
	Output_noise_Vrms		244.3u
	Output_noise_ECG_Vrms		38.73u
	DC	corner	CMOS_RES_CAP_BIP_TEMP_93 - 
	VDC("/BG_REF")		1.23
	Output_noise_Vrms		318.6u
	Output_noise_ECG_Vrms		53.98u
	DC	corner	CMOS_RES_CAP_BIP_TEMP_94 - 
	VDC("/BG_REF")		1.219
	Output_noise_Vrms		243.7u
	Output_noise_ECG_Vrms		35.47u
	DC	corner	CMOS_RES_CAP_BIP_TEMP_95 - 
	VDC("/BG_REF")		1.237
	Output_noise_Vrms		315.5u
	Output_noise_ECG_Vrms		47.35u
	DC	corner	Nominal - 
	VDC("/BG_REF")		1.214
	Output_noise_Vrms		280.5u
	Output_noise_ECG_Vrms		23.59u
Design parameters: 

Interactive.18
Number of points completed: 1
Number of simulation errors: 0
Interactive.18 completed. 
Current time: Fri Apr 10 17:40:40 2026 
