Starting Single Run, Sweeps and Corners...

Current time: Fri Apr 10 17:45:31 2026 
Best design point: 1
Design specs: 
	TRAN_VDD	corner	CMOS_RES_CAP_BIP_TEMP_0 - 
	TRAN_VDD	corner	CMOS_RES_CAP_BIP_TEMP_1 - 
	TRAN_VDD	corner	CMOS_RES_CAP_BIP_TEMP_2 - 
	TRAN_VDD	corner	CMOS_RES_CAP_BIP_TEMP_3 - 
	TRAN_VDD	corner	CMOS_RES_CAP_BIP_TEMP_4 - 
	TRAN_VDD	corner	CMOS_RES_CAP_BIP_TEMP_5 - 
	TRAN_VDD	corner	CMOS_RES_CAP_BIP_TEMP_6 - 
	TRAN_VDD	corner	CMOS_RES_CAP_BIP_TEMP_7 - 
	TRAN_VDD	corner	CMOS_RES_CAP_BIP_TEMP_8 - 
	TRAN_VDD	corner	CMOS_RES_CAP_BIP_TEMP_9 - 
	TRAN_VDD	corner	CMOS_RES_CAP_BIP_TEMP_10 - 
	TRAN_VDD	corner	CMOS_RES_CAP_BIP_TEMP_11 - 
	TRAN_VDD	corner	CMOS_RES_CAP_BIP_TEMP_12 - 
	TRAN_VDD	corner	CMOS_RES_CAP_BIP_TEMP_13 - 
	TRAN_VDD	corner	CMOS_RES_CAP_BIP_TEMP_14 - 
	TRAN_VDD	corner	CMOS_RES_CAP_BIP_TEMP_15 - 
	TRAN_VDD	corner	CMOS_RES_CAP_BIP_TEMP_16 - 
	TRAN_VDD	corner	CMOS_RES_CAP_BIP_TEMP_17 - 
	TRAN_VDD	corner	CMOS_RES_CAP_BIP_TEMP_18 - 
	TRAN_VDD	corner	CMOS_RES_CAP_BIP_TEMP_19 - 
	TRAN_VDD	corner	CMOS_RES_CAP_BIP_TEMP_20 - 
	TRAN_VDD	corner	CMOS_RES_CAP_BIP_TEMP_21 - 
	TRAN_VDD	corner	CMOS_RES_CAP_BIP_TEMP_22 - 
	TRAN_VDD	corner	CMOS_RES_CAP_BIP_TEMP_23 - 
	TRAN_VDD	corner	CMOS_RES_CAP_BIP_TEMP_24 - 
	TRAN_VDD	corner	CMOS_RES_CAP_BIP_TEMP_25 - 
	TRAN_VDD	corner	CMOS_RES_CAP_BIP_TEMP_26 - 
	TRAN_VDD	corner	CMOS_RES_CAP_BIP_TEMP_27 - 
	TRAN_VDD	corner	CMOS_RES_CAP_BIP_TEMP_28 - 
	TRAN_VDD	corner	CMOS_RES_CAP_BIP_TEMP_29 - 
	TRAN_VDD	corner	CMOS_RES_CAP_BIP_TEMP_30 - 
	TRAN_VDD	corner	CMOS_RES_CAP_BIP_TEMP_31 - 
	TRAN_VDD	corner	CMOS_RES_CAP_BIP_TEMP_32 - 
	TRAN_VDD	corner	CMOS_RES_CAP_BIP_TEMP_33 - 
	TRAN_VDD	corner	CMOS_RES_CAP_BIP_TEMP_34 - 
	TRAN_VDD	corner	CMOS_RES_CAP_BIP_TEMP_35 - 
	TRAN_VDD	corner	CMOS_RES_CAP_BIP_TEMP_36 - 
	TRAN_VDD	corner	CMOS_RES_CAP_BIP_TEMP_37 - 
	TRAN_VDD	corner	CMOS_RES_CAP_BIP_TEMP_38 - 
	TRAN_VDD	corner	CMOS_RES_CAP_BIP_TEMP_39 - 
	TRAN_VDD	corner	CMOS_RES_CAP_BIP_TEMP_40 - 
	TRAN_VDD	corner	CMOS_RES_CAP_BIP_TEMP_41 - 
	TRAN_VDD	corner	CMOS_RES_CAP_BIP_TEMP_42 - 
	TRAN_VDD	corner	CMOS_RES_CAP_BIP_TEMP_43 - 
	TRAN_VDD	corner	CMOS_RES_CAP_BIP_TEMP_44 - 
	TRAN_VDD	corner	CMOS_RES_CAP_BIP_TEMP_45 - 
	TRAN_VDD	corner	CMOS_RES_CAP_BIP_TEMP_46 - 
	TRAN_VDD	corner	CMOS_RES_CAP_BIP_TEMP_47 - 
	TRAN_VDD	corner	CMOS_RES_CAP_BIP_TEMP_48 - 
	TRAN_VDD	corner	CMOS_RES_CAP_BIP_TEMP_49 - 
	TRAN_VDD	corner	CMOS_RES_CAP_BIP_TEMP_50 - 
	TRAN_VDD	corner	CMOS_RES_CAP_BIP_TEMP_51 - 
	TRAN_VDD	corner	CMOS_RES_CAP_BIP_TEMP_52 - 
	TRAN_VDD	corner	CMOS_RES_CAP_BIP_TEMP_53 - 
	TRAN_VDD	corner	CMOS_RES_CAP_BIP_TEMP_54 - 
	TRAN_VDD	corner	CMOS_RES_CAP_BIP_TEMP_55 - 
	TRAN_VDD	corner	CMOS_RES_CAP_BIP_TEMP_56 - 
	TRAN_VDD	corner	CMOS_RES_CAP_BIP_TEMP_57 - 
	TRAN_VDD	corner	CMOS_RES_CAP_BIP_TEMP_58 - 
	TRAN_VDD	corner	CMOS_RES_CAP_BIP_TEMP_59 - 
	TRAN_VDD	corner	CMOS_RES_CAP_BIP_TEMP_60 - 
	TRAN_VDD	corner	CMOS_RES_CAP_BIP_TEMP_61 - 
	TRAN_VDD	corner	CMOS_RES_CAP_BIP_TEMP_62 - 
	TRAN_VDD	corner	CMOS_RES_CAP_BIP_TEMP_63 - 
	TRAN_VDD	corner	CMOS_RES_CAP_BIP_TEMP_64 - 
	TRAN_VDD	corner	CMOS_RES_CAP_BIP_TEMP_65 - 
	TRAN_VDD	corner	CMOS_RES_CAP_BIP_TEMP_66 - 
	TRAN_VDD	corner	CMOS_RES_CAP_BIP_TEMP_67 - 
	TRAN_VDD	corner	CMOS_RES_CAP_BIP_TEMP_68 - 
	TRAN_VDD	corner	CMOS_RES_CAP_BIP_TEMP_69 - 
	TRAN_VDD	corner	CMOS_RES_CAP_BIP_TEMP_70 - 
	TRAN_VDD	corner	CMOS_RES_CAP_BIP_TEMP_71 - 
	TRAN_VDD	corner	CMOS_RES_CAP_BIP_TEMP_72 - 
	TRAN_VDD	corner	CMOS_RES_CAP_BIP_TEMP_73 - 
	TRAN_VDD	corner	CMOS_RES_CAP_BIP_TEMP_74 - 
	TRAN_VDD	corner	CMOS_RES_CAP_BIP_TEMP_75 - 
	TRAN_VDD	corner	CMOS_RES_CAP_BIP_TEMP_76 - 
	TRAN_VDD	corner	CMOS_RES_CAP_BIP_TEMP_77 - 
	TRAN_VDD	corner	CMOS_RES_CAP_BIP_TEMP_78 - 
	TRAN_VDD	corner	CMOS_RES_CAP_BIP_TEMP_79 - 
	TRAN_VDD	corner	CMOS_RES_CAP_BIP_TEMP_80 - 
	TRAN_VDD	corner	CMOS_RES_CAP_BIP_TEMP_81 - 
	TRAN_VDD	corner	CMOS_RES_CAP_BIP_TEMP_82 - 
	TRAN_VDD	corner	CMOS_RES_CAP_BIP_TEMP_83 - 
	TRAN_VDD	corner	CMOS_RES_CAP_BIP_TEMP_84 - 
	TRAN_VDD	corner	CMOS_RES_CAP_BIP_TEMP_85 - 
	TRAN_VDD	corner	CMOS_RES_CAP_BIP_TEMP_86 - 
	TRAN_VDD	corner	CMOS_RES_CAP_BIP_TEMP_87 - 
	TRAN_VDD	corner	CMOS_RES_CAP_BIP_TEMP_88 - 
	TRAN_VDD	corner	CMOS_RES_CAP_BIP_TEMP_89 - 
	TRAN_VDD	corner	CMOS_RES_CAP_BIP_TEMP_90 - 
	TRAN_VDD	corner	CMOS_RES_CAP_BIP_TEMP_91 - 
	TRAN_VDD	corner	CMOS_RES_CAP_BIP_TEMP_92 - 
	TRAN_VDD	corner	CMOS_RES_CAP_BIP_TEMP_93 - 
	TRAN_VDD	corner	CMOS_RES_CAP_BIP_TEMP_94 - 
	TRAN_VDD	corner	CMOS_RES_CAP_BIP_TEMP_95 - 
	TRAN_VDD	corner	Nominal - 
Design parameters: 

Interactive.19
Number of points completed: 1
Number of simulation errors: 0
Interactive.19 completed. 
Current time: Fri Apr 10 17:46:40 2026 
