Starting Single Run, Sweeps and Corners...

Current time: Wed Mar 18 14:14:03 2026 
Best design point: 1
Design specs: 
	ECG_IA:ecg_ia_tb:1	corner	CMOS_VDD_TEMP_0 - 
	output noise-(VOUT 0); V/sqrt(Hz)		Error	No
	Poles		Error	No
	Zeros		Error	No
	Fundamental_dB		-22.58
	harmionic_1_dB		-145.3
	Fundamental_V		74.34m
	d2		122.7
	ECG_IA:ecg_ia_tb:1	corner	CMOS_VDD_TEMP_1 - 
	output noise-(VOUT 0); V/sqrt(Hz)		Error	No
	Poles		Error	No
	Zeros		Error	No
	Fundamental_dB		-22.69
	harmionic_1_dB		-142.5
	Fundamental_V		73.4m
	d2		119.8
	ECG_IA:ecg_ia_tb:1	corner	CMOS_VDD_TEMP_2 - 
	output noise-(VOUT 0); V/sqrt(Hz)		Error	No
	Poles		Error	No
	Zeros		Error	No
	Fundamental_dB		-22.54
	harmionic_1_dB		-145.3
	Fundamental_V		74.66m
	d2		122.7
	ECG_IA:ecg_ia_tb:1	corner	CMOS_VDD_TEMP_3 - 
	output noise-(VOUT 0); V/sqrt(Hz)		Error	No
	Poles		Error	No
	Zeros		Error	No
	Fundamental_dB		-22.64
	harmionic_1_dB		-142.1
	Fundamental_V		73.83m
	d2		119.4
	ECG_IA:ecg_ia_tb:1	corner	CMOS_VDD_TEMP_4 - 
	output noise-(VOUT 0); V/sqrt(Hz)		Error	No
	Poles		Error	No
	Zeros		Error	No
	Fundamental_dB		-22.5
	harmionic_1_dB		-146.3
	Fundamental_V		74.96m
	d2		123.8
	ECG_IA:ecg_ia_tb:1	corner	CMOS_VDD_TEMP_5 - 
	output noise-(VOUT 0); V/sqrt(Hz)		Error	No
	Poles		Error	No
	Zeros		Error	No
	Fundamental_dB		-22.6
	harmionic_1_dB		-142.8
	Fundamental_V		74.11m
	d2		120.2
	ECG_IA:ecg_ia_tb:1	corner	CMOS_VDD_TEMP_6 - 
	output noise-(VOUT 0); V/sqrt(Hz)		Error	No
	Poles		Error	No
	Zeros		Error	No
	Fundamental_dB		-22.48
	harmionic_1_dB		-146.7
	Fundamental_V		75.19m
	d2		124.2
	ECG_IA:ecg_ia_tb:1	corner	CMOS_VDD_TEMP_7 - 
	output noise-(VOUT 0); V/sqrt(Hz)		Error	No
	Poles		Error	No
	Zeros		Error	No
	Fundamental_dB		-22.58
	harmionic_1_dB		-145
	Fundamental_V		74.28m
	d2		122.4
	ECG_IA:ecg_ia_tb:1	corner	CMOS_VDD_TEMP_8 - 
	output noise-(VOUT 0); V/sqrt(Hz)		Error	No
	Poles		Error	No
	Zeros		Error	No
	Fundamental_dB		-22.59
	harmionic_1_dB		-146.3
	Fundamental_V		74.2m
	d2		123.7
	ECG_IA:ecg_ia_tb:1	corner	CMOS_VDD_TEMP_9 - 
	output noise-(VOUT 0); V/sqrt(Hz)		Error	No
	Poles		Error	No
	Zeros		Error	No
	Fundamental_dB		-22.73
	harmionic_1_dB		-143.5
	Fundamental_V		73.06m
	d2		120.8
	ECG_IA:ecg_ia_tb:1	corner	CMOS_VDD_TEMP_10 - 
	output noise-(VOUT 0); V/sqrt(Hz)		Error	No
	Poles		Error	No
	Zeros		Error	No
	Fundamental_dB		-22.61
	harmionic_1_dB		-145.4
	Fundamental_V		74.06m
	d2		122.8
	ECG_IA:ecg_ia_tb:1	corner	CMOS_VDD_TEMP_11 - 
	output noise-(VOUT 0); V/sqrt(Hz)		Error	No
	Poles		Error	No
	Zeros		Error	No
	Fundamental_dB		-22.71
	harmionic_1_dB		-143.6
	Fundamental_V		73.19m
	d2		120.9
	ECG_IA:ecg_ia_tb:1	corner	CMOS_VDD_TEMP_12 - 
	output noise-(VOUT 0); V/sqrt(Hz)		Error	No
	Poles		Error	No
	Zeros		Error	No
	Fundamental_dB		-22.53
	harmionic_1_dB		-146.4
	Fundamental_V		74.76m
	d2		123.9
	ECG_IA:ecg_ia_tb:1	corner	CMOS_VDD_TEMP_13 - 
	output noise-(VOUT 0); V/sqrt(Hz)		Error	No
	Poles		Error	No
	Zeros		Error	No
	Fundamental_dB		-22.6
	harmionic_1_dB		-144.3
	Fundamental_V		74.1m
	d2		121.7
	ECG_IA:ecg_ia_tb:1	corner	CMOS_VDD_TEMP_14 - 
	output noise-(VOUT 0); V/sqrt(Hz)		Error	No
	Poles		Error	No
	Zeros		Error	No
	Fundamental_dB		-22.53
	harmionic_1_dB		-146.7
	Fundamental_V		74.77m
	d2		124.2
	ECG_IA:ecg_ia_tb:1	corner	CMOS_VDD_TEMP_15 - 
	output noise-(VOUT 0); V/sqrt(Hz)		Error	No
	Poles		Error	No
	Zeros		Error	No
	Fundamental_dB		-22.58
	harmionic_1_dB		-145.2
	Fundamental_V		74.3m
	d2		122.7
	ECG_IA:ecg_ia_tb:1	corner	Nominal - 
	output noise-(VOUT 0); V/sqrt(Hz)		Error	No
	Poles		Error	No
	Zeros		Error	No
	Fundamental_dB		-22.6
	harmionic_1_dB		-144.7
	Fundamental_V		74.09m
	d2		122
Design parameters: 
	VCM_AC		1
	VCM_DC		1.6
	VIN_AC		1

Interactive.303
Number of points completed: 1
Number of simulation errors: 0
Interactive.303 completed. 
Current time: Wed Mar 18 14:14:24 2026 
