Starting Single Run, Sweeps and Corners...

Current time: Wed Mar 18 14:13:42 2026 
Best design point: 1
Design specs: 
	ECG_IA:ecg_ia_tb:1	corner	Nominal - 
	output noise-(VOUT 0); V/sqrt(Hz)		Error	No
	Poles		Error	No
	Zeros		Error	No
	Fundamental_dB		-22.6
	harmionic_1_dB		-144.7
	Fundamental_V		74.09m
	d2		122
Design parameters: 
	VCM_AC		1
	VCM_DC		1.6
	VIN_AC		1

Interactive.302
Number of points completed: 1
Number of simulation errors: 0
Interactive.302 completed. 
Current time: Wed Mar 18 14:13:50 2026 
