Starting Single Run, Sweeps and Corners...

Current time: Mon Mar 30 04:37:52 2026 
Best design point: 1
Design specs: 
	ECG_IA:ecg_ia_tb:1	corner	CMOS_RES_VDD_TEMP_0 - 
	output noise-(VOUT 0); V/sqrt(Hz)		Error	No
	Poles		Error	No
	Zeros		Error	No
	Fundamental_dB		-16.4
	harmionic_1_dB		-92.93
	Fundamental_V		151.4m
	d2		76.53
	ECG_IA:ecg_ia_tb:1	corner	CMOS_RES_VDD_TEMP_1 - 
	output noise-(VOUT 0); V/sqrt(Hz)		Error	No
	Poles		Error	No
	Zeros		Error	No
	Fundamental_dB		-16.53
	harmionic_1_dB		-105.4
	Fundamental_V		149.1m
	d2		88.86
	ECG_IA:ecg_ia_tb:1	corner	CMOS_RES_VDD_TEMP_2 - 
	output noise-(VOUT 0); V/sqrt(Hz)		Error	No
	Poles		Error	No
	Zeros		Error	No
	Fundamental_dB		-16.35
	harmionic_1_dB		-100.6
	Fundamental_V		152.2m
	d2		84.27
	ECG_IA:ecg_ia_tb:1	corner	CMOS_RES_VDD_TEMP_3 - 
	output noise-(VOUT 0); V/sqrt(Hz)		Error	No
	Poles		Error	No
	Zeros		Error	No
	Fundamental_dB		-16.47
	harmionic_1_dB		-110.2
	Fundamental_V		150.2m
	d2		93.7
	ECG_IA:ecg_ia_tb:1	corner	CMOS_RES_VDD_TEMP_4 - 
	output noise-(VOUT 0); V/sqrt(Hz)		Error	No
	Poles		Error	No
	Zeros		Error	No
	Fundamental_dB		-16.32
	harmionic_1_dB		-99.86
	Fundamental_V		152.7m
	d2		83.53
	ECG_IA:ecg_ia_tb:1	corner	CMOS_RES_VDD_TEMP_5 - 
	output noise-(VOUT 0); V/sqrt(Hz)		Error	No
	Poles		Error	No
	Zeros		Error	No
	Fundamental_dB		-16.43
	harmionic_1_dB		-109.5
	Fundamental_V		150.8m
	d2		93.04
	ECG_IA:ecg_ia_tb:1	corner	CMOS_RES_VDD_TEMP_6 - 
	output noise-(VOUT 0); V/sqrt(Hz)		Error	No
	Poles		Error	No
	Zeros		Error	No
	Fundamental_dB		-16.29
	harmionic_1_dB		-105.6
	Fundamental_V		153.3m
	d2		89.31
	ECG_IA:ecg_ia_tb:1	corner	CMOS_RES_VDD_TEMP_7 - 
	output noise-(VOUT 0); V/sqrt(Hz)		Error	No
	Poles		Error	No
	Zeros		Error	No
	Fundamental_dB		-16.41
	harmionic_1_dB		-114.2
	Fundamental_V		151.2m
	d2		97.77
	ECG_IA:ecg_ia_tb:1	corner	CMOS_RES_VDD_TEMP_8 - 
	output noise-(VOUT 0); V/sqrt(Hz)		Error	No
	Poles		Error	No
	Zeros		Error	No
	Fundamental_dB		-16.41
	harmionic_1_dB		-92.82
	Fundamental_V		151.2m
	d2		76.41
	ECG_IA:ecg_ia_tb:1	corner	CMOS_RES_VDD_TEMP_9 - 
	output noise-(VOUT 0); V/sqrt(Hz)		Error	No
	Poles		Error	No
	Zeros		Error	No
	Fundamental_dB		-16.59
	harmionic_1_dB		-104.5
	Fundamental_V		148m
	d2		87.94
	ECG_IA:ecg_ia_tb:1	corner	CMOS_RES_VDD_TEMP_10 - 
	output noise-(VOUT 0); V/sqrt(Hz)		Error	No
	Poles		Error	No
	Zeros		Error	No
	Fundamental_dB		-16.43
	harmionic_1_dB		-100.1
	Fundamental_V		150.9m
	d2		83.65
	ECG_IA:ecg_ia_tb:1	corner	CMOS_RES_VDD_TEMP_11 - 
	output noise-(VOUT 0); V/sqrt(Hz)		Error	No
	Poles		Error	No
	Zeros		Error	No
	Fundamental_dB		-16.56
	harmionic_1_dB		-108.4
	Fundamental_V		148.6m
	d2		91.83
	ECG_IA:ecg_ia_tb:1	corner	CMOS_RES_VDD_TEMP_12 - 
	output noise-(VOUT 0); V/sqrt(Hz)		Error	No
	Poles		Error	No
	Zeros		Error	No
	Fundamental_dB		-16.34
	harmionic_1_dB		-99.12
	Fundamental_V		152.5m
	d2		82.79
	ECG_IA:ecg_ia_tb:1	corner	CMOS_RES_VDD_TEMP_13 - 
	output noise-(VOUT 0); V/sqrt(Hz)		Error	No
	Poles		Error	No
	Zeros		Error	No
	Fundamental_dB		-16.43
	harmionic_1_dB		-107.2
	Fundamental_V		150.8m
	d2		90.79
	ECG_IA:ecg_ia_tb:1	corner	CMOS_RES_VDD_TEMP_14 - 
	output noise-(VOUT 0); V/sqrt(Hz)		Error	No
	Poles		Error	No
	Zeros		Error	No
	Fundamental_dB		-16.33
	harmionic_1_dB		-103.8
	Fundamental_V		152.6m
	d2		87.45
	ECG_IA:ecg_ia_tb:1	corner	CMOS_RES_VDD_TEMP_15 - 
	output noise-(VOUT 0); V/sqrt(Hz)		Error	No
	Poles		Error	No
	Zeros		Error	No
	Fundamental_dB		-16.4
	harmionic_1_dB		-110.1
	Fundamental_V		151.4m
	d2		93.73
	ECG_IA:ecg_ia_tb:1	corner	CMOS_RES_VDD_TEMP_16 - 
	output noise-(VOUT 0); V/sqrt(Hz)		Error	No
	Poles		Error	No
	Zeros		Error	No
	Fundamental_dB		-16.57
	harmionic_1_dB		-84.61
	Fundamental_V		148.4m
	d2		68.04
	ECG_IA:ecg_ia_tb:1	corner	CMOS_RES_VDD_TEMP_17 - 
	output noise-(VOUT 0); V/sqrt(Hz)		Error	No
	Poles		Error	No
	Zeros		Error	No
	Fundamental_dB		-16.61
	harmionic_1_dB		-96.52
	Fundamental_V		147.7m
	d2		79.91
	ECG_IA:ecg_ia_tb:1	corner	CMOS_RES_VDD_TEMP_18 - 
	output noise-(VOUT 0); V/sqrt(Hz)		Error	No
	Poles		Error	No
	Zeros		Error	No
	Fundamental_dB		-16.54
	harmionic_1_dB		-90.41
	Fundamental_V		148.9m
	d2		73.87
	ECG_IA:ecg_ia_tb:1	corner	CMOS_RES_VDD_TEMP_19 - 
	output noise-(VOUT 0); V/sqrt(Hz)		Error	No
	Poles		Error	No
	Zeros		Error	No
	Fundamental_dB		-16.57
	harmionic_1_dB		-100.2
	Fundamental_V		148.4m
	d2		83.67
	ECG_IA:ecg_ia_tb:1	corner	CMOS_RES_VDD_TEMP_20 - 
	output noise-(VOUT 0); V/sqrt(Hz)		Error	No
	Poles		Error	No
	Zeros		Error	No
	Fundamental_dB		-16.53
	harmionic_1_dB		-91.31
	Fundamental_V		149.1m
	d2		74.78
	ECG_IA:ecg_ia_tb:1	corner	CMOS_RES_VDD_TEMP_21 - 
	output noise-(VOUT 0); V/sqrt(Hz)		Error	No
	Poles		Error	No
	Zeros		Error	No
	Fundamental_dB		-16.56
	harmionic_1_dB		-101.6
	Fundamental_V		148.6m
	d2		85.01
	ECG_IA:ecg_ia_tb:1	corner	CMOS_RES_VDD_TEMP_22 - 
	output noise-(VOUT 0); V/sqrt(Hz)		Error	No
	Poles		Error	No
	Zeros		Error	No
	Fundamental_dB		-16.51
	harmionic_1_dB		-95.66
	Fundamental_V		149.4m
	d2		79.15
	ECG_IA:ecg_ia_tb:1	corner	CMOS_RES_VDD_TEMP_23 - 
	output noise-(VOUT 0); V/sqrt(Hz)		Error	No
	Poles		Error	No
	Zeros		Error	No
	Fundamental_dB		-16.54
	harmionic_1_dB		-105.6
	Fundamental_V		148.9m
	d2		89.04
	ECG_IA:ecg_ia_tb:1	corner	CMOS_RES_VDD_TEMP_24 - 
	output noise-(VOUT 0); V/sqrt(Hz)		Error	No
	Poles		Error	No
	Zeros		Error	No
	Fundamental_dB		-16.54
	harmionic_1_dB		-84.59
	Fundamental_V		148.9m
	d2		68.04
	ECG_IA:ecg_ia_tb:1	corner	CMOS_RES_VDD_TEMP_25 - 
	output noise-(VOUT 0); V/sqrt(Hz)		Error	No
	Poles		Error	No
	Zeros		Error	No
	Fundamental_dB		-16.62
	harmionic_1_dB		-96.15
	Fundamental_V		147.6m
	d2		79.53
	ECG_IA:ecg_ia_tb:1	corner	CMOS_RES_VDD_TEMP_26 - 
	output noise-(VOUT 0); V/sqrt(Hz)		Error	No
	Poles		Error	No
	Zeros		Error	No
	Fundamental_dB		-16.56
	harmionic_1_dB		-90.28
	Fundamental_V		148.6m
	d2		73.72
	ECG_IA:ecg_ia_tb:1	corner	CMOS_RES_VDD_TEMP_27 - 
	output noise-(VOUT 0); V/sqrt(Hz)		Error	No
	Poles		Error	No
	Zeros		Error	No
	Fundamental_dB		-16.6
	harmionic_1_dB		-99.52
	Fundamental_V		148m
	d2		82.93
	ECG_IA:ecg_ia_tb:1	corner	CMOS_RES_VDD_TEMP_28 - 
	output noise-(VOUT 0); V/sqrt(Hz)		Error	No
	Poles		Error	No
	Zeros		Error	No
	Fundamental_dB		-16.51
	harmionic_1_dB		-91.02
	Fundamental_V		149.5m
	d2		74.51
	ECG_IA:ecg_ia_tb:1	corner	CMOS_RES_VDD_TEMP_29 - 
	output noise-(VOUT 0); V/sqrt(Hz)		Error	No
	Poles		Error	No
	Zeros		Error	No
	Fundamental_dB		-16.52
	harmionic_1_dB		-100.3
	Fundamental_V		149.3m
	d2		83.82
	ECG_IA:ecg_ia_tb:1	corner	CMOS_RES_VDD_TEMP_30 - 
	output noise-(VOUT 0); V/sqrt(Hz)		Error	No
	Poles		Error	No
	Zeros		Error	No
	Fundamental_dB		-16.51
	harmionic_1_dB		-94.91
	Fundamental_V		149.5m
	d2		78.4
	ECG_IA:ecg_ia_tb:1	corner	CMOS_RES_VDD_TEMP_31 - 
	output noise-(VOUT 0); V/sqrt(Hz)		Error	No
	Poles		Error	No
	Zeros		Error	No
	Fundamental_dB		-16.5
	harmionic_1_dB		-103.4
	Fundamental_V		149.7m
	d2		86.92
	ECG_IA:ecg_ia_tb:1	corner	Nominal - 
	output noise-(VOUT 0); V/sqrt(Hz)		Error	No
	Poles		Error	No
	Zeros		Error	No
	Fundamental_dB		-16.45
	harmionic_1_dB		-99.6
	Fundamental_V		150.4m
	d2		83.15
Design parameters: 
	VCM_AC		1
	VCM_DC		1.6
	VIN_AC		1
	VDD_PERIOD		0
	VDD_PULSE		0
	VDD_RS		1n

Interactive.342
Number of points completed: 1
Number of simulation errors: 0
Interactive.342 completed. 
Current time: Mon Mar 30 04:40:12 2026 
