Starting Single Run, Sweeps and Corners...

Current time: Sun Mar 29 18:10:29 2026 
Best design point: 1
Design specs: 
	ECG_IA:ecg_ia_tb:1	corner	Nominal - 
	output noise-(VOUT 0); V/sqrt(Hz)		Error	No
	Poles		Error	No
	Zeros		Error	No
	Fundamental_dB		-16.46
	harmionic_1_dB		-99.62
	Fundamental_V		150.4m
	d2		83.16
Design parameters: 
	VCM_AC		1
	VCM_DC		1.6
	VIN_AC		1

Interactive.340
Number of points completed: 1
Number of simulation errors: 0
Interactive.340 completed. 
Current time: Sun Mar 29 18:10:59 2026 
