Starting Monte Carlo Sampling...

Current time: Mon Apr  6 21:37:59 2026 

Variation: All
Sampling Method: Low-Discrepancy Sequence
Seed: 

MonteCarlo.10
Number of points completed: 1
Number of simulation errors: 0
MonteCarlo.10 completed. 
Current time: Mon Apr  6 21:38:29 2026 
Monte Carlo Sampling yield summary:
Number of spec values are in this yield data: 13
MC	Nominal - 
	DC Vout:	Yield	100%
		Min 1.48306	Max 1.48306	Mean 1.48306	Number of errors 0
MC	Nominal - 
	Fundamental_VOUT1_V:	Yield	100%
		Min 0.000498451	Max 0.000498451	Mean 0.000498451	Number of errors 0
MC	Nominal - 
	Fundamental_VOUT1_dB:	Yield	100%
		Min -66.0476	Max -66.0476	Mean -66.0476	Number of errors 0
MC	Nominal - 
	GAIN_CM:	Yield	0%
		Min 0	Max 0	Mean 0	Number of errors 0
MC	Nominal - 
	GAIN_CM_dB_50Hz:	Yield	100%
		Min -46.626	Max -46.626	Mean -46.626	Number of errors 0
MC	Nominal - 
	GAIN_DIF:	Yield	0%
		Min 0	Max 0	Mean 0	Number of errors 0
MC	Nominal - 
	VOUT1:	Yield	0%
		Min 0	Max 0	Mean 0	Number of errors 0
MC	Nominal - 
	VOUT1_DC_PSS:	Yield	100%
		Min 1.50589	Max 1.50589	Mean 1.50589	Number of errors 0
MC	Nominal - 
	VOUT1_mag:	Yield	0%
		Min 0	Max 0	Mean 0	Number of errors 0
MC	Nominal - 
	VOUT_pss:	Yield	0%
		Min 0	Max 0	Mean 0	Number of errors 0
MC	Nominal - 
	d2_dB:	Yield	100%
		Min 34.7486	Max 34.7486	Mean 34.7486	Number of errors 0
MC	Nominal - 
	v /VOUT1; pss (V):	Yield	0%
		Min 0	Max 0	Mean 0	Number of errors 0
MC	Nominal - 
	value(mag(VF("/VOUT")) 50):	Yield	0%
		Min 0	Max 0	Mean 0	Number of errors 1

MC
	Overall Yield	100%	Number of points passed	1	Total number of points	1

Estimated yield = 100% (1/1), 1 errors
Estimated yield (No opregions) = 100% (1/1)
