Starting Monte Carlo Sampling...

Current time: Fri Mar 27 17:14:51 2026 

Variation: All
Sampling Method: Low-Discrepancy Sequence
Seed: 

MonteCarlo.0
Number of points completed: 50
Number of simulation errors: 0
MonteCarlo.0 completed. 
Current time: Fri Mar 27 17:17:22 2026 
Monte Carlo Sampling yield summary:
Number of spec values are in this yield data: 11
MC	Nominal - 
	DC Vout:	Yield	0%
		Min 0	Max 0	Mean 0	Number of errors 50
MC	Nominal - 
	Fundamental_VOUT1_dB:	Yield	100%
		Min -16.6208	Max -16.2937	Mean -16.4652	Number of errors 0
MC	Nominal - 
	GAIN_CM:	Yield	0%
		Min 0	Max 0	Mean 0	Number of errors 50
MC	Nominal - 
	GAIN_DIF:	Yield	0%
		Min 0	Max 0	Mean 0	Number of errors 50
MC	Nominal - 
	VOUT1:	Yield	0%
		Min 0	Max 0	Mean 0	Number of errors 0
MC	Nominal - 
	VOUT1_DC_PSS:	Yield	100%
		Min 1.58087	Max 1.62882	Mean 1.60274	Number of errors 0
MC	Nominal - 
	VOUT1_mag:	Yield	0%
		Min 0	Max 0	Mean 0	Number of errors 0
MC	Nominal - 
	VOUT_pss:	Yield	0%
		Min 0	Max 0	Mean 0	Number of errors 0
MC	Nominal - 
	d2_dB:	Yield	100%
		Min 87.2801	Max 118.047	Mean 98.7734	Number of errors 0
MC	Nominal - 
	v /VOUT1; pss (V):	Yield	0%
		Min 0	Max 0	Mean 0	Number of errors 0
MC	Nominal - 
	value(mag(VF("/VOUT")) 50):	Yield	0%
		Min 0	Max 0	Mean 0	Number of errors 50

MC
	Overall Yield	100%	Number of points passed	50	Total number of points	50

Estimated yield = 100% (50/50), 50 errors
Estimated yield (No opregions) = 100% (50/50)
