Starting Monte Carlo Sampling...

Current time: Mon Apr  6 21:28:07 2026 

Variation: All
Sampling Method: Low-Discrepancy Sequence
Seed: 

MonteCarlo.7
Number of points completed: 1
Number of simulation errors: 0
MonteCarlo.7 completed. 
Current time: Mon Apr  6 21:28:35 2026 
Monte Carlo Sampling yield summary:
Number of spec values are in this yield data: 13
MC	Nominal - 
	DC Vout:	Yield	0%
		Min 0	Max 0	Mean 0	Number of errors 1
MC	Nominal - 
	Fundamental_VOUT1_V:	Yield	100%
		Min 3.34014e-06	Max 3.34014e-06	Mean 3.34014e-06	Number of errors 0
MC	Nominal - 
	Fundamental_VOUT1_dB:	Yield	100%
		Min -109.525	Max -109.525	Mean -109.525	Number of errors 0
MC	Nominal - 
	GAIN_CM:	Yield	0%
		Min 0	Max 0	Mean 0	Number of errors 0
MC	Nominal - 
	GAIN_CM_dB_50Hz:	Yield	100%
		Min -77.6513	Max -77.6513	Mean -77.6513	Number of errors 0
MC	Nominal - 
	GAIN_DIF:	Yield	0%
		Min 0	Max 0	Mean 0	Number of errors 0
MC	Nominal - 
	VOUT1:	Yield	0%
		Min 0	Max 0	Mean 0	Number of errors 0
MC	Nominal - 
	VOUT1_DC_PSS:	Yield	100%
		Min 1.50368	Max 1.50368	Mean 1.50368	Number of errors 0
MC	Nominal - 
	VOUT1_mag:	Yield	0%
		Min 0	Max 0	Mean 0	Number of errors 0
MC	Nominal - 
	VOUT_pss:	Yield	0%
		Min 0	Max 0	Mean 0	Number of errors 0
MC	Nominal - 
	d2_dB:	Yield	100%
		Min 12.8147	Max 12.8147	Mean 12.8147	Number of errors 0
MC	Nominal - 
	v /VOUT1; pss (V):	Yield	0%
		Min 0	Max 0	Mean 0	Number of errors 0
MC	Nominal - 
	value(mag(VF("/VOUT")) 50):	Yield	0%
		Min 0	Max 0	Mean 0	Number of errors 1

MC
	Overall Yield	100%	Number of points passed	1	Total number of points	1

Estimated yield = 100% (1/1), 1 errors
Estimated yield (No opregions) = 100% (1/1)
