Starting Monte Carlo Sampling...

Current time: Tue Apr  7 07:29:47 2026 

Variation: All
Sampling Method: Low-Discrepancy Sequence
Seed: 

MonteCarlo.14
Number of points completed: 1
Number of simulation errors: 0
MonteCarlo.14 completed. 
Current time: Tue Apr  7 07:30:19 2026 
Monte Carlo Sampling yield summary:
Number of spec values are in this yield data: 13
MC	Nominal - 
	DC Vout:	Yield	100%
		Min 1.47542	Max 1.47542	Mean 1.47542	Number of errors 0
MC	Nominal - 
	Fundamental_VOUT1_V:	Yield	100%
		Min 4.20494e-05	Max 4.20494e-05	Mean 4.20494e-05	Number of errors 0
MC	Nominal - 
	Fundamental_VOUT1_dB:	Yield	100%
		Min -87.5248	Max -87.5248	Mean -87.5248	Number of errors 0
MC	Nominal - 
	GAIN_CM:	Yield	0%
		Min 0	Max 0	Mean 0	Number of errors 0
MC	Nominal - 
	GAIN_CM_dB_50Hz:	Yield	100%
		Min -65.0558	Max -65.0558	Mean -65.0558	Number of errors 0
MC	Nominal - 
	GAIN_DIF:	Yield	0%
		Min 0	Max 0	Mean 0	Number of errors 0
MC	Nominal - 
	VOUT1:	Yield	0%
		Min 0	Max 0	Mean 0	Number of errors 0
MC	Nominal - 
	VOUT1_DC_PSS:	Yield	100%
		Min 1.50404	Max 1.50404	Mean 1.50404	Number of errors 0
MC	Nominal - 
	VOUT1_mag:	Yield	0%
		Min 0	Max 0	Mean 0	Number of errors 0
MC	Nominal - 
	VOUT_pss:	Yield	0%
		Min 0	Max 0	Mean 0	Number of errors 0
MC	Nominal - 
	d2_dB:	Yield	100%
		Min 28.58	Max 28.58	Mean 28.58	Number of errors 0
MC	Nominal - 
	v /VOUT1; pss (V):	Yield	0%
		Min 0	Max 0	Mean 0	Number of errors 0
MC	Nominal - 
	value(mag(VF("/VOUT")) 50):	Yield	0%
		Min 0	Max 0	Mean 0	Number of errors 1

MC
	Overall Yield	100%	Number of points passed	1	Total number of points	1

Estimated yield = 100% (1/1), 1 errors
Estimated yield (No opregions) = 100% (1/1)
