Starting Monte Carlo Sampling...

Current time: Mon Apr  6 21:39:43 2026 

Variation: All
Sampling Method: Low-Discrepancy Sequence
Seed: 

MonteCarlo.11
Number of points completed: 1
Number of simulation errors: 0
MonteCarlo.11 completed. 
Current time: Mon Apr  6 21:40:14 2026 
Monte Carlo Sampling yield summary:
Number of spec values are in this yield data: 13
MC	Nominal - 
	DC Vout:	Yield	100%
		Min 1.48306	Max 1.48306	Mean 1.48306	Number of errors 0
MC	Nominal - 
	Fundamental_VOUT1_V:	Yield	100%
		Min 0.00049935	Max 0.00049935	Mean 0.00049935	Number of errors 0
MC	Nominal - 
	Fundamental_VOUT1_dB:	Yield	100%
		Min -66.0319	Max -66.0319	Mean -66.0319	Number of errors 0
MC	Nominal - 
	GAIN_CM:	Yield	0%
		Min 0	Max 0	Mean 0	Number of errors 0
MC	Nominal - 
	GAIN_CM_dB_50Hz:	Yield	100%
		Min -46.609	Max -46.609	Mean -46.609	Number of errors 0
MC	Nominal - 
	GAIN_DIF:	Yield	0%
		Min 0	Max 0	Mean 0	Number of errors 0
MC	Nominal - 
	VOUT1:	Yield	0%
		Min 0	Max 0	Mean 0	Number of errors 0
MC	Nominal - 
	VOUT1_DC_PSS:	Yield	100%
		Min 1.50594	Max 1.50594	Mean 1.50594	Number of errors 0
MC	Nominal - 
	VOUT1_mag:	Yield	0%
		Min 0	Max 0	Mean 0	Number of errors 0
MC	Nominal - 
	VOUT_pss:	Yield	0%
		Min 0	Max 0	Mean 0	Number of errors 0
MC	Nominal - 
	d2_dB:	Yield	100%
		Min 34.5182	Max 34.5182	Mean 34.5182	Number of errors 0
MC	Nominal - 
	v /VOUT1; pss (V):	Yield	0%
		Min 0	Max 0	Mean 0	Number of errors 0
MC	Nominal - 
	value(mag(VF("/VOUT")) 50):	Yield	0%
		Min 0	Max 0	Mean 0	Number of errors 1

MC
	Overall Yield	100%	Number of points passed	1	Total number of points	1

Estimated yield = 100% (1/1), 1 errors
Estimated yield (No opregions) = 100% (1/1)
