Starting Monte Carlo Sampling...

Current time: Wed Mar 18 14:07:05 2026 

Variation: All
Sampling Method: Low-Discrepancy Sequence
Seed: 

MonteCarlo.1
Number of points completed: 100
Number of simulation errors: 0
MonteCarlo.1 completed. 
Current time: Wed Mar 18 14:08:59 2026 
Monte Carlo Sampling yield summary:
Number of spec values are in this yield data: 4
MC	Nominal - 
	Fundamental_dB:	Yield	100%
		Min -133.07	Max -95.2033	Mean -107.593	Number of errors 0
MC	Nominal - 
	GAIN_CM:	Yield	0%
		Min 0	Max 0	Mean 0	Number of errors 0
MC	Nominal - 
	GAIN_DIF:	Yield	0%
		Min 0	Max 0	Mean 0	Number of errors 0
MC	Nominal - 
	value(mag(VF("/VOUT")) 50):	Yield	100%
		Min 74.0788	Max 76.0799	Mean 75.0123	Number of errors 0

MC
	Overall Yield	100%	Number of points passed	100	Total number of points	100

Estimated yield = 100% (100/100), 0 errors
Estimated yield (No opregions) = 100% (100/100)
