================================================================================
Rule No. 44 : # INFO: Set -resimulate_extracted- Switch for QRC! #

Real Error Count : 16; Flat Error Count : 78
================================================================================

--------------------------------------------------------------------------------
Cell Name : G6_1_2_5300_0_r270 sub_array

                   Cell Errors    Real Errors   Cell Placements     Environments
                             1              1                15                1
--------------------------------------------------------------------------------
Env.  Env. Placements            X1           Y1          X2           Y2

  1       15                 82.450       73.750      94.850       86.150

Shape               Environments Status & Error Marker 

          1           X1         Y1         X2         Y2

   1      X       -1.200    -11.200     11.200      1.200

--------------------------------------------------------------------------------
Cell Name : G6_1_2_5300_0_r270_A1 array 3 10 5.3 18 r270

                   Cell Errors    Real Errors   Cell Placements     Environments
                             2              2                 1                1
--------------------------------------------------------------------------------
Env.  Env. Placements            X1           Y1          X2           Y2

  1        1                 82.450       73.750     137.250      122.150

Shape               Environments Status & Error Marker 

          1           X1         Y1         X2         Y2

   1      X       -1.200      1.200     53.600      6.800
   2      X       -1.200     19.200     53.600     24.800

--------------------------------------------------------------------------------
Cell Name : pmos4 layout PRIMLIB l="350n" w="5u" wtot="5u" in1=MP128729

                   Cell Errors    Real Errors   Cell Placements     Environments
                             1              1                20                1
--------------------------------------------------------------------------------
Env.  Env. Placements            X1           Y1          X2           Y2

  1       20                 20.225       62.575      24.675       69.975

Shape               Environments Status & Error Marker 

          1           X1         Y1         X2         Y2

   1      X       -1.200     -1.200      6.200      3.250

--------------------------------------------------------------------------------
Cell Name : pmos4 layout PRIMLIB l="3u" in1=MP528129

                   Cell Errors    Real Errors   Cell Placements     Environments
                             1              1                 3                1
--------------------------------------------------------------------------------
Env.  Env. Placements            X1           Y1          X2           Y2

  1        3                 77.150       73.750      84.250       86.150

Shape               Environments Status & Error Marker 

          1           X1         Y1         X2         Y2

   1      X       -1.200     -1.200     11.200      5.900

--------------------------------------------------------------------------------
Cell Name : nmos4 layout PRIMLIB l="1u" ng="2" wtot="20u" in1=MN9

                   Cell Errors    Real Errors   Cell Placements     Environments
                             1              1                 2                1
--------------------------------------------------------------------------------
Env.  Env. Placements            X1           Y1          X2           Y2

  1        2                 13.400       32.700      18.600       44.100

Shape               Environments Status & Error Marker 

          1           X1         Y1         X2         Y2

   1      X       -0.700     -0.250     10.700      4.950

--------------------------------------------------------------------------------
Cell Name : nmos4 layout PRIMLIB l="4u" w="4u" wtot="4u" in1=MN8

                   Cell Errors    Real Errors   Cell Placements     Environments
                             1              1                 2                1
--------------------------------------------------------------------------------
Env.  Env. Placements            X1           Y1          X2           Y2

  1        2                 31.450       29.550      37.650       34.350

Shape               Environments Status & Error Marker 

          1           X1         Y1         X2         Y2

   1      X       -0.400     -0.250      4.400      5.950

--------------------------------------------------------------------------------
Cell Name : nmos4 layout PRIMLIB l="1u" w="5u" wtot="5u" in1=MN628129

                   Cell Errors    Real Errors   Cell Placements     Environments
                             1              1                26                1
--------------------------------------------------------------------------------
Env.  Env. Placements            X1           Y1          X2           Y2

  1       26                 93.975       32.550      97.175       38.350

Shape               Environments Status & Error Marker 

          1           X1         Y1         X2         Y2

   1      X       -0.400     -0.250      5.400      2.950

--------------------------------------------------------------------------------
Cell Name : cmfb_opamp1_f layout FECG

                   Cell Errors    Real Errors   Cell Placements     Environments
                             8              8                 1                1
--------------------------------------------------------------------------------
Env.  Env. Placements            X1           Y1          X2           Y2

  1        1                  5.125       14.150     152.350      140.950

Shape               Environments Status & Error Marker 

          1           X1         Y1         X2         Y2

   1      X        5.125     14.150     93.975    140.950
   2      X       77.150     14.150    152.350    140.950
   3      X       77.150     86.150     82.450     91.750
   4      X       77.150    104.150     82.450    109.750
   5      X       93.975     14.150    107.075     73.750
   6      X      107.075     14.150    120.375     73.750
   7      X      117.075     38.350    120.275     41.050
   8      X      120.375     14.150    133.475     73.750

================================================================================
Rule No. 45 : # C35B4 ENG - 183 Rev9 (Last updated 26-Apr-2017 12:48) #

Real Error Count : 16; Flat Error Count : 78
================================================================================

--------------------------------------------------------------------------------
Cell Name : G6_1_2_5300_0_r270 sub_array

                   Cell Errors    Real Errors   Cell Placements     Environments
                             1              1                15                1
--------------------------------------------------------------------------------
Env.  Env. Placements            X1           Y1          X2           Y2

  1       15                 82.450       73.750      94.850       86.150

Shape               Environments Status & Error Marker 

          1           X1         Y1         X2         Y2

   1      X       -1.200    -11.200     11.200      1.200

--------------------------------------------------------------------------------
Cell Name : G6_1_2_5300_0_r270_A1 array 3 10 5.3 18 r270

                   Cell Errors    Real Errors   Cell Placements     Environments
                             2              2                 1                1
--------------------------------------------------------------------------------
Env.  Env. Placements            X1           Y1          X2           Y2

  1        1                 82.450       73.750     137.250      122.150

Shape               Environments Status & Error Marker 

          1           X1         Y1         X2         Y2

   1      X       -1.200      1.200     53.600      6.800
   2      X       -1.200     19.200     53.600     24.800

--------------------------------------------------------------------------------
Cell Name : pmos4 layout PRIMLIB l="350n" w="5u" wtot="5u" in1=MP128729

                   Cell Errors    Real Errors   Cell Placements     Environments
                             1              1                20                1
--------------------------------------------------------------------------------
Env.  Env. Placements            X1           Y1          X2           Y2

  1       20                 20.225       62.575      24.675       69.975

Shape               Environments Status & Error Marker 

          1           X1         Y1         X2         Y2

   1      X       -1.200     -1.200      6.200      3.250

--------------------------------------------------------------------------------
Cell Name : pmos4 layout PRIMLIB l="3u" in1=MP528129

                   Cell Errors    Real Errors   Cell Placements     Environments
                             1              1                 3                1
--------------------------------------------------------------------------------
Env.  Env. Placements            X1           Y1          X2           Y2

  1        3                 77.150       73.750      84.250       86.150

Shape               Environments Status & Error Marker 

          1           X1         Y1         X2         Y2

   1      X       -1.200     -1.200     11.200      5.900

--------------------------------------------------------------------------------
Cell Name : nmos4 layout PRIMLIB l="1u" ng="2" wtot="20u" in1=MN9

                   Cell Errors    Real Errors   Cell Placements     Environments
                             1              1                 2                1
--------------------------------------------------------------------------------
Env.  Env. Placements            X1           Y1          X2           Y2

  1        2                 13.400       32.700      18.600       44.100

Shape               Environments Status & Error Marker 

          1           X1         Y1         X2         Y2

   1      X       -0.700     -0.250     10.700      4.950

--------------------------------------------------------------------------------
Cell Name : nmos4 layout PRIMLIB l="4u" w="4u" wtot="4u" in1=MN8

                   Cell Errors    Real Errors   Cell Placements     Environments
                             1              1                 2                1
--------------------------------------------------------------------------------
Env.  Env. Placements            X1           Y1          X2           Y2

  1        2                 31.450       29.550      37.650       34.350

Shape               Environments Status & Error Marker 

          1           X1         Y1         X2         Y2

   1      X       -0.400     -0.250      4.400      5.950

--------------------------------------------------------------------------------
Cell Name : nmos4 layout PRIMLIB l="1u" w="5u" wtot="5u" in1=MN628129

                   Cell Errors    Real Errors   Cell Placements     Environments
                             1              1                26                1
--------------------------------------------------------------------------------
Env.  Env. Placements            X1           Y1          X2           Y2

  1       26                 93.975       32.550      97.175       38.350

Shape               Environments Status & Error Marker 

          1           X1         Y1         X2         Y2

   1      X       -0.400     -0.250      5.400      2.950

--------------------------------------------------------------------------------
Cell Name : cmfb_opamp1_f layout FECG

                   Cell Errors    Real Errors   Cell Placements     Environments
                             8              8                 1                1
--------------------------------------------------------------------------------
Env.  Env. Placements            X1           Y1          X2           Y2

  1        1                  5.125       14.150     152.350      140.950

Shape               Environments Status & Error Marker 

          1           X1         Y1         X2         Y2

   1      X        5.125     14.150     93.975    140.950
   2      X       77.150     14.150    152.350    140.950
   3      X       77.150     86.150     82.450     91.750
   4      X       77.150    104.150     82.450    109.750
   5      X       93.975     14.150    107.075     73.750
   6      X      107.075     14.150    120.375     73.750
   7      X      117.075     38.350    120.275     41.050
   8      X      120.375     14.150    133.475     73.750

