================================================================================
Rule No. 421 : INFO: hot nwell

Real Error Count : 2; Flat Error Count : 2
================================================================================

--------------------------------------------------------------------------------
Cell Name : cmfb_opamp1_f layout FECG

                   Cell Errors    Real Errors   Cell Placements     Environments
                             2              2                 1                1
--------------------------------------------------------------------------------
Env.  Env. Placements            X1           Y1          X2           Y2

  1        1                  7.125       53.475      61.625      127.050

Shape               Environments Status & Error Marker 

          1           X1         Y1         X2         Y2

   1      X        7.125     53.475     61.625     92.075
   2      X       12.100     95.250     56.300    127.050

================================================================================
Rule No. 457 : PO_R_1 Minimum density of POLY1 area [%] = 14

Real Error Count : 1; Flat Error Count : 2
================================================================================

--------------------------------------------------------------------------------
Cell Name : cmfb_opamp1_f layout FECG

                   Cell Errors    Real Errors   Cell Placements     Environments
                             2              1                 1                1
--------------------------------------------------------------------------------
Env.  Env. Placements            X1           Y1          X2           Y2

  1        1                  5.125       14.150     152.350      140.950

Shape               Environments Status & Error Marker 

          1           X1         Y1         X2         Y2

   1      X        5.125     14.150    152.350    140.950

================================================================================
Rule No. 510 : M1_R_1 Minimum density of MET1 area [%] = 30

Real Error Count : 1; Flat Error Count : 2
================================================================================

--------------------------------------------------------------------------------
Cell Name : cmfb_opamp1_f layout FECG

                   Cell Errors    Real Errors   Cell Placements     Environments
                             2              1                 1                1
--------------------------------------------------------------------------------
Env.  Env. Placements            X1           Y1          X2           Y2

  1        1                  5.125       14.150     152.350      140.950

Shape               Environments Status & Error Marker 

          1           X1         Y1         X2         Y2

   1      X        5.125     14.150    152.350    140.950

================================================================================
Rule No. 521 : M2_R_1 Minimum density of MET2 area [%] = 30

Real Error Count : 1; Flat Error Count : 2
================================================================================

--------------------------------------------------------------------------------
Cell Name : cmfb_opamp1_f layout FECG

                   Cell Errors    Real Errors   Cell Placements     Environments
                             2              1                 1                1
--------------------------------------------------------------------------------
Env.  Env. Placements            X1           Y1          X2           Y2

  1        1                  5.125       14.150     152.350      140.950

Shape               Environments Status & Error Marker 

          1           X1         Y1         X2         Y2

   1      X        5.125     14.150    152.350    140.950

================================================================================
Rule No. 532 : M3_R_1 Minimum density of MET3 area [%] = 30

Real Error Count : 1; Flat Error Count : 2
================================================================================

--------------------------------------------------------------------------------
Cell Name : cmfb_opamp1_f layout FECG

                   Cell Errors    Real Errors   Cell Placements     Environments
                             2              1                 1                1
--------------------------------------------------------------------------------
Env.  Env. Placements            X1           Y1          X2           Y2

  1        1                  5.125       14.150     152.350      140.950

Shape               Environments Status & Error Marker 

          1           X1         Y1         X2         Y2

   1      X        5.125     14.150    152.350    140.950

================================================================================
Rule No. 772 : ERC Warning: Gates connected to VDD/VCC

Real Error Count : 106; Flat Error Count : 106
================================================================================

--------------------------------------------------------------------------------
Cell Name : cmfb_opamp1_f layout FECG

                   Cell Errors    Real Errors   Cell Placements     Environments
                           106            106                 1                1
--------------------------------------------------------------------------------
Env.  Env. Placements            X1           Y1          X2           Y2

  1        1                 13.250       74.950     135.200      126.750

Shape               Environments Status & Error Marker 

          1           X1         Y1         X2         Y2

   1      X       13.250     95.550     13.900    102.150
   2      X       13.250    103.750     13.900    110.350
   3      X       13.250    111.950     13.900    118.550
   4      X       13.250    120.150     13.900    126.750
   5      X       14.900     95.550     15.550    102.150
   6      X       14.900    103.750     15.550    110.350
   7      X       14.900    111.950     15.550    118.550
   8      X       14.900    120.150     15.550    126.750
   9      X       16.550     95.550     17.200    102.150
  10      X       16.550    103.750     17.200    110.350
  11      X       16.550    111.950     17.200    118.550
  12      X       16.550    120.150     17.200    126.750
  13      X       18.200     95.550     18.850    102.150
  14      X       18.200    103.750     18.850    110.350
  15      X       18.200    111.950     18.850    118.550
  16      X       18.200    120.150     18.850    126.750
  17      X       19.850     95.550     20.500    102.150
  18      X       19.850    103.750     20.500    110.350
  19      X       19.850    111.950     20.500    118.550
  20      X       19.850    120.150     20.500    126.750
  21      X       21.500     95.550     22.150    102.150
  22      X       21.500    103.750     22.150    110.350
  23      X       21.500    111.950     22.150    118.550
  24      X       21.500    120.150     22.150    126.750
  25      X       23.150     95.550     23.800    102.150
  26      X       23.150    103.750     23.800    110.350
  27      X       23.150    111.950     23.800    118.550
  28      X       23.150    120.150     23.800    126.750
  29      X       24.800     95.550     25.450    102.150
  30      X       24.800    103.750     25.450    110.350
  31      X       24.800    111.950     25.450    118.550
  32      X       24.800    120.150     25.450    126.750
  33      X       26.450     95.550     27.100    102.150
  34      X       26.450    103.750     27.100    110.350
  35      X       26.450    111.950     27.100    118.550
  36      X       26.450    120.150     27.100    126.750
  37      X       28.100     95.550     28.750    102.150
  38      X       28.100    103.750     28.750    110.350
  39      X       28.100    111.950     28.750    118.550
  40      X       28.100    120.150     28.750    126.750
  41      X       29.750     95.550     30.400    102.150
  42      X       29.750    103.750     30.400    110.350
  43      X       29.750    111.950     30.400    118.550
  44      X       29.750    120.150     30.400    126.750
  45      X       31.400     95.550     32.050    102.150
  46      X       31.400    103.750     32.050    110.350
  47      X       31.400    111.950     32.050    118.550
  48      X       31.400    120.150     32.050    126.750
  49      X       33.050     95.550     33.700    102.150
  50      X       33.050    103.750     33.700    110.350
  51      X       33.050    111.950     33.700    118.550
  52      X       33.050    120.150     33.700    126.750
  53      X       34.700     95.550     35.350    102.150
  54      X       34.700    103.750     35.350    110.350
  55      X       34.700    111.950     35.350    118.550
  56      X       34.700    120.150     35.350    126.750
  57      X       36.350     95.550     37.000    102.150
  58      X       36.350    103.750     37.000    110.350
  59      X       36.350    111.950     37.000    118.550
  60      X       36.350    120.150     37.000    126.750
  61      X       38.000     95.550     38.650    102.150
  62      X       38.000    103.750     38.650    110.350
  63      X       38.000    111.950     38.650    118.550
  64      X       38.000    120.150     38.650    126.750
  65      X       39.650     95.550     40.300    102.150
  66      X       39.650    103.750     40.300    110.350
  67      X       39.650    111.950     40.300    118.550
  68      X       39.650    120.150     40.300    126.750
  69      X       41.300     95.550     41.950    102.150
  70      X       41.300    103.750     41.950    110.350
  71      X       41.300    111.950     41.950    118.550
  72      X       41.300    120.150     41.950    126.750
  73      X       42.950     95.550     43.600    102.150
  74      X       42.950    103.750     43.600    110.350
  75      X       42.950    111.950     43.600    118.550
  76      X       42.950    120.150     43.600    126.750
  77      X       44.600     95.550     45.250    102.150
  78      X       44.600    103.750     45.250    110.350
  79      X       44.600    111.950     45.250    118.550
  80      X       44.600    120.150     45.250    126.750
  81      X       46.250     95.550     46.900    102.150
  82      X       46.250    103.750     46.900    110.350
  83      X       46.250    111.950     46.900    118.550
  84      X       46.250    120.150     46.900    126.750
  85      X       47.900     95.550     48.550    102.150
  86      X       47.900    103.750     48.550    110.350
  87      X       47.900    111.950     48.550    118.550
  88      X       47.900    120.150     48.550    126.750
  89      X       49.550     95.550     50.200    102.150
  90      X       49.550    103.750     50.200    110.350
  91      X       49.550    111.950     50.200    118.550
  92      X       49.550    120.150     50.200    126.750
  93      X       51.200     95.550     51.850    102.150
  94      X       51.200    103.750     51.850    110.350
  95      X       51.200    111.950     51.850    118.550
  96      X       51.200    120.150     51.850    126.750
  97      X       52.850     95.550     53.500    102.150
  98      X       52.850    103.750     53.500    110.350
  99      X       52.850    111.950     53.500    118.550
 100      X       52.850    120.150     53.500    126.750
 101      X       54.500     95.550     55.150    102.150
 102      X       54.500    103.750     55.150    110.350
 103      X       54.500    111.950     55.150    118.550
 104      X       54.500    120.150     55.150    126.750
 105      X      132.200     74.950    135.200     84.950
 106      X      132.200     92.950    135.200    102.950

================================================================================
Rule No. 773 : ERC Warning: Gates connected to VSS/GND

Real Error Count : 4; Flat Error Count : 4
================================================================================

--------------------------------------------------------------------------------
Cell Name : cmfb_opamp1_f layout FECG

                   Cell Errors    Real Errors   Cell Placements     Environments
                             4              4                 1                1
--------------------------------------------------------------------------------
Env.  Env. Placements            X1           Y1          X2           Y2

  1        1                 95.075       32.950     135.675       46.450

Shape               Environments Status & Error Marker 

          1           X1         Y1         X2         Y2

   1      X       95.075     32.950     96.075     37.950
   2      X       95.075     41.450     96.075     46.450
   3      X      134.675     32.950    135.675     37.950
   4      X      134.675     41.450    135.675     46.450

================================================================================
Rule No. 1476 : # INFO: C35B4/C35B3 ASSURA DRC DECK (REV9 DATE 26-Apr-2011) Last modified 07-Sept-2016 #

Real Error Count : 1; Flat Error Count : 1
================================================================================

--------------------------------------------------------------------------------
Cell Name : cmfb_opamp1_f layout FECG

                   Cell Errors    Real Errors   Cell Placements     Environments
                             1              1                 1                1
--------------------------------------------------------------------------------
Env.  Env. Placements            X1           Y1          X2           Y2

  1        1                  5.125       14.150     152.350      140.950

Shape               Environments Status & Error Marker 

          1           X1         Y1         X2         Y2

   1      X        5.125     14.150    152.350    140.950

