Starting Single Run, Sweeps and Corners...

Current time: Fri Apr 10 04:54:47 2026 
Best design point: 1
Design specs: 
	PSS_PXF_PNOISE	corner	CMOS_RES_CAP_TEMP_0 - 
	Output_Noise_Vrms		1.053m
	CM_Gain_50Hz		31.91u
	CM_Gain_50Hz_dB		-90.03
	Diff_Gain_50Hz		1.352K
	Diff_Gain_50Hz_dB		-90.03
	CMRR_50Hz_dB		152.6
	Input_ref_noise_Vrms		779.2n
	Output_noise_Vrms		1.053m
	PSS_PXF_PNOISE	corner	CMOS_RES_CAP_TEMP_1 - 
	Output_Noise_Vrms		1.276m
	CM_Gain_50Hz		25.25u
	CM_Gain_50Hz_dB		-92.06
	Diff_Gain_50Hz		1.339K
	Diff_Gain_50Hz_dB		-92.06
	CMRR_50Hz_dB		154.6
	Input_ref_noise_Vrms		953.2n
	Output_noise_Vrms		1.276m
	PSS_PXF_PNOISE	corner	CMOS_RES_CAP_TEMP_2 - 
	Output_Noise_Vrms		1.096m
	CM_Gain_50Hz		26.36u
	CM_Gain_50Hz_dB		-91.69
	Diff_Gain_50Hz		1.439K
	Diff_Gain_50Hz_dB		-91.69
	CMRR_50Hz_dB		154.9
	Input_ref_noise_Vrms		761.8n
	Output_noise_Vrms		1.096m
	PSS_PXF_PNOISE	corner	CMOS_RES_CAP_TEMP_3 - 
	Output_Noise_Vrms		1.236m
	CM_Gain_50Hz		21.9u
	CM_Gain_50Hz_dB		-93.32
	Diff_Gain_50Hz		1.353K
	Diff_Gain_50Hz_dB		-93.32
	CMRR_50Hz_dB		155.9
	Input_ref_noise_Vrms		913.3n
	Output_noise_Vrms		1.236m
	PSS_PXF_PNOISE	corner	CMOS_RES_CAP_TEMP_4 - 
	Output_Noise_Vrms		1.063m
	CM_Gain_50Hz		30.71u
	CM_Gain_50Hz_dB		-90.36
	Diff_Gain_50Hz		1.345K
	Diff_Gain_50Hz_dB		-90.36
	CMRR_50Hz_dB		152.9
	Input_ref_noise_Vrms		790.3n
	Output_noise_Vrms		1.063m
	PSS_PXF_PNOISE	corner	CMOS_RES_CAP_TEMP_5 - 
	Output_Noise_Vrms		1.285m
	CM_Gain_50Hz		24.59u
	CM_Gain_50Hz_dB		-92.3
	Diff_Gain_50Hz		1.321K
	Diff_Gain_50Hz_dB		-92.3
	CMRR_50Hz_dB		154.7
	Input_ref_noise_Vrms		973.1n
	Output_noise_Vrms		1.285m
	PSS_PXF_PNOISE	corner	CMOS_RES_CAP_TEMP_6 - 
	Output_Noise_Vrms		1.11m
	CM_Gain_50Hz		26.15u
	CM_Gain_50Hz_dB		-91.76
	Diff_Gain_50Hz		1.442K
	Diff_Gain_50Hz_dB		-91.76
	CMRR_50Hz_dB		154.9
	Input_ref_noise_Vrms		769.7n
	Output_noise_Vrms		1.11m
	PSS_PXF_PNOISE	corner	CMOS_RES_CAP_TEMP_7 - 
	Output_Noise_Vrms		1.253m
	CM_Gain_50Hz		21.21u
	CM_Gain_50Hz_dB		-93.61
	Diff_Gain_50Hz		1.335K
	Diff_Gain_50Hz_dB		-93.61
	CMRR_50Hz_dB		156.1
	Input_ref_noise_Vrms		938.4n
	Output_noise_Vrms		1.253m
	PSS_PXF_PNOISE	corner	CMOS_RES_CAP_TEMP_8 - 
	Output_Noise_Vrms		1.17m
	CM_Gain_50Hz		49.73u
	CM_Gain_50Hz_dB		-86.18
	Diff_Gain_50Hz		1.358K
	Diff_Gain_50Hz_dB		-86.18
	CMRR_50Hz_dB		148.8
	Input_ref_noise_Vrms		861.2n
	Output_noise_Vrms		1.17m
	PSS_PXF_PNOISE	corner	CMOS_RES_CAP_TEMP_9 - 
	Output_Noise_Vrms		1.329m
	CM_Gain_50Hz		39.41u
	CM_Gain_50Hz_dB		-88.2
	Diff_Gain_50Hz		1.354K
	Diff_Gain_50Hz_dB		-88.2
	CMRR_50Hz_dB		150.8
	Input_ref_noise_Vrms		981.1n
	Output_noise_Vrms		1.329m
	PSS_PXF_PNOISE	corner	CMOS_RES_CAP_TEMP_10 - 
	Output_Noise_Vrms		1.237m
	CM_Gain_50Hz		41.07u
	CM_Gain_50Hz_dB		-87.84
	Diff_Gain_50Hz		1.442K
	Diff_Gain_50Hz_dB		-87.84
	CMRR_50Hz_dB		151
	Input_ref_noise_Vrms		858.1n
	Output_noise_Vrms		1.237m
	PSS_PXF_PNOISE	corner	CMOS_RES_CAP_TEMP_11 - 
	Output_Noise_Vrms		1.248m
	CM_Gain_50Hz		34.17u
	CM_Gain_50Hz_dB		-89.45
	Diff_Gain_50Hz		1.365K
	Diff_Gain_50Hz_dB		-89.45
	CMRR_50Hz_dB		152.2
	Input_ref_noise_Vrms		914.1n
	Output_noise_Vrms		1.248m
	PSS_PXF_PNOISE	corner	CMOS_RES_CAP_TEMP_12 - 
	Output_Noise_Vrms		1.177m
	CM_Gain_50Hz		47.86u
	CM_Gain_50Hz_dB		-86.51
	Diff_Gain_50Hz		1.358K
	Diff_Gain_50Hz_dB		-86.51
	CMRR_50Hz_dB		149.2
	Input_ref_noise_Vrms		866.8n
	Output_noise_Vrms		1.177m
	PSS_PXF_PNOISE	corner	CMOS_RES_CAP_TEMP_13 - 
	Output_Noise_Vrms		1.336m
	CM_Gain_50Hz		38.37u
	CM_Gain_50Hz_dB		-88.43
	Diff_Gain_50Hz		1.345K
	Diff_Gain_50Hz_dB		-88.43
	CMRR_50Hz_dB		151
	Input_ref_noise_Vrms		993.1n
	Output_noise_Vrms		1.336m
	PSS_PXF_PNOISE	corner	CMOS_RES_CAP_TEMP_14 - 
	Output_Noise_Vrms		1.249m
	CM_Gain_50Hz		40.76u
	CM_Gain_50Hz_dB		-87.9
	Diff_Gain_50Hz		1.449K
	Diff_Gain_50Hz_dB		-87.9
	CMRR_50Hz_dB		151.1
	Input_ref_noise_Vrms		861.6n
	Output_noise_Vrms		1.249m
	PSS_PXF_PNOISE	corner	CMOS_RES_CAP_TEMP_15 - 
	Output_Noise_Vrms		1.255m
	CM_Gain_50Hz		33.08u
	CM_Gain_50Hz_dB		-89.74
	Diff_Gain_50Hz		1.349K
	Diff_Gain_50Hz_dB		-89.74
	CMRR_50Hz_dB		152.3
	Input_ref_noise_Vrms		930.1n
	Output_noise_Vrms		1.255m
	PSS_PXF_PNOISE	corner	CMOS_RES_CAP_TEMP_16 - 
	Output_Noise_Vrms		958.1u
	CM_Gain_50Hz		31.7u
	CM_Gain_50Hz_dB		-90.09
	Diff_Gain_50Hz		1.343K
	Diff_Gain_50Hz_dB		-90.09
	CMRR_50Hz_dB		152.6
	Input_ref_noise_Vrms		713.4n
	Output_noise_Vrms		958.1u
	PSS_PXF_PNOISE	corner	CMOS_RES_CAP_TEMP_17 - 
	Output_Noise_Vrms		1.155m
	CM_Gain_50Hz		25.1u
	CM_Gain_50Hz_dB		-92.12
	Diff_Gain_50Hz		1.33K
	Diff_Gain_50Hz_dB		-92.12
	CMRR_50Hz_dB		154.6
	Input_ref_noise_Vrms		868.4n
	Output_noise_Vrms		1.155m
	PSS_PXF_PNOISE	corner	CMOS_RES_CAP_TEMP_18 - 
	Output_Noise_Vrms		998.9u
	CM_Gain_50Hz		26.2u
	CM_Gain_50Hz_dB		-91.74
	Diff_Gain_50Hz		1.43K
	Diff_Gain_50Hz_dB		-91.74
	CMRR_50Hz_dB		154.9
	Input_ref_noise_Vrms		698.5n
	Output_noise_Vrms		998.9u
	PSS_PXF_PNOISE	corner	CMOS_RES_CAP_TEMP_19 - 
	Output_Noise_Vrms		1.114m
	CM_Gain_50Hz		22.13u
	CM_Gain_50Hz_dB		-93.22
	Diff_Gain_50Hz		1.368K
	Diff_Gain_50Hz_dB		-93.22
	CMRR_50Hz_dB		155.9
	Input_ref_noise_Vrms		814n
	Output_noise_Vrms		1.114m
	PSS_PXF_PNOISE	corner	CMOS_RES_CAP_TEMP_20 - 
	Output_Noise_Vrms		966.3u
	CM_Gain_50Hz		30.5u
	CM_Gain_50Hz_dB		-90.42
	Diff_Gain_50Hz		1.336K
	Diff_Gain_50Hz_dB		-90.42
	CMRR_50Hz_dB		152.9
	Input_ref_noise_Vrms		723.4n
	Output_noise_Vrms		966.3u
	PSS_PXF_PNOISE	corner	CMOS_RES_CAP_TEMP_21 - 
	Output_Noise_Vrms		1.163m
	CM_Gain_50Hz		24.43u
	CM_Gain_50Hz_dB		-92.35
	Diff_Gain_50Hz		1.312K
	Diff_Gain_50Hz_dB		-92.35
	CMRR_50Hz_dB		154.7
	Input_ref_noise_Vrms		885.9n
	Output_noise_Vrms		1.163m
	PSS_PXF_PNOISE	corner	CMOS_RES_CAP_TEMP_22 - 
	Output_Noise_Vrms		1.011m
	CM_Gain_50Hz		25.99u
	CM_Gain_50Hz_dB		-91.81
	Diff_Gain_50Hz		1.432K
	Diff_Gain_50Hz_dB		-91.81
	CMRR_50Hz_dB		154.9
	Input_ref_noise_Vrms		705.7n
	Output_noise_Vrms		1.011m
	PSS_PXF_PNOISE	corner	CMOS_RES_CAP_TEMP_23 - 
	Output_Noise_Vrms		1.129m
	CM_Gain_50Hz		21.54u
	CM_Gain_50Hz_dB		-93.46
	Diff_Gain_50Hz		1.358K
	Diff_Gain_50Hz_dB		-93.46
	CMRR_50Hz_dB		156.1
	Input_ref_noise_Vrms		831.1n
	Output_noise_Vrms		1.129m
	PSS_PXF_PNOISE	corner	CMOS_RES_CAP_TEMP_24 - 
	Output_Noise_Vrms		1.077m
	CM_Gain_50Hz		49.36u
	CM_Gain_50Hz_dB		-86.24
	Diff_Gain_50Hz		1.348K
	Diff_Gain_50Hz_dB		-86.24
	CMRR_50Hz_dB		148.8
	Input_ref_noise_Vrms		799n
	Output_noise_Vrms		1.077m
	PSS_PXF_PNOISE	corner	CMOS_RES_CAP_TEMP_25 - 
	Output_Noise_Vrms		1.216m
	CM_Gain_50Hz		39.14u
	CM_Gain_50Hz_dB		-88.26
	Diff_Gain_50Hz		1.345K
	Diff_Gain_50Hz_dB		-88.26
	CMRR_50Hz_dB		150.8
	Input_ref_noise_Vrms		903.8n
	Output_noise_Vrms		1.216m
	PSS_PXF_PNOISE	corner	CMOS_RES_CAP_TEMP_26 - 
	Output_Noise_Vrms		1.142m
	CM_Gain_50Hz		40.76u
	CM_Gain_50Hz_dB		-87.9
	Diff_Gain_50Hz		1.431K
	Diff_Gain_50Hz_dB		-87.9
	CMRR_50Hz_dB		151
	Input_ref_noise_Vrms		797.5n
	Output_noise_Vrms		1.142m
	PSS_PXF_PNOISE	corner	CMOS_RES_CAP_TEMP_27 - 
	Output_Noise_Vrms		1.131m
	CM_Gain_50Hz		34.5u
	CM_Gain_50Hz_dB		-89.36
	Diff_Gain_50Hz		1.379K
	Diff_Gain_50Hz_dB		-89.36
	CMRR_50Hz_dB		152.2
	Input_ref_noise_Vrms		820.1n
	Output_noise_Vrms		1.131m
	PSS_PXF_PNOISE	corner	CMOS_RES_CAP_TEMP_28 - 
	Output_Noise_Vrms		1.083m
	CM_Gain_50Hz		47.51u
	CM_Gain_50Hz_dB		-86.57
	Diff_Gain_50Hz		1.348K
	Diff_Gain_50Hz_dB		-86.57
	CMRR_50Hz_dB		149.2
	Input_ref_noise_Vrms		803.8n
	Output_noise_Vrms		1.083m
	PSS_PXF_PNOISE	corner	CMOS_RES_CAP_TEMP_29 - 
	Output_Noise_Vrms		1.221m
	CM_Gain_50Hz		38.1u
	CM_Gain_50Hz_dB		-88.49
	Diff_Gain_50Hz		1.336K
	Diff_Gain_50Hz_dB		-88.49
	CMRR_50Hz_dB		151
	Input_ref_noise_Vrms		914.1n
	Output_noise_Vrms		1.221m
	PSS_PXF_PNOISE	corner	CMOS_RES_CAP_TEMP_30 - 
	Output_Noise_Vrms		1.152m
	CM_Gain_50Hz		40.46u
	CM_Gain_50Hz_dB		-87.97
	Diff_Gain_50Hz		1.439K
	Diff_Gain_50Hz_dB		-87.97
	CMRR_50Hz_dB		151.1
	Input_ref_noise_Vrms		800.7n
	Output_noise_Vrms		1.152m
	PSS_PXF_PNOISE	corner	CMOS_RES_CAP_TEMP_31 - 
	Output_Noise_Vrms		1.137m
	CM_Gain_50Hz		33.59u
	CM_Gain_50Hz_dB		-89.6
	Diff_Gain_50Hz		1.371K
	Diff_Gain_50Hz_dB		-89.6
	CMRR_50Hz_dB		152.3
	Input_ref_noise_Vrms		829.1n
	Output_noise_Vrms		1.137m
	PSS_PXF_PNOISE	corner	Nominal - 
	Output_Noise_Vrms		1.059m
	CM_Gain_50Hz		33.23u
	CM_Gain_50Hz_dB		-89.68
	Diff_Gain_50Hz		1.379K
	Diff_Gain_50Hz_dB		-89.68
	CMRR_50Hz_dB		152.5
	Input_ref_noise_Vrms		768.1n
	Output_noise_Vrms		1.059m
Design parameters: 
	FC		4K
	F0		3.3
	F1		3.3
	F2		0
	S0		3.3
	S1		0
	S2		0

Interactive.26
Number of points completed: 1
Number of simulation errors: 0
Interactive.26 completed. 
Current time: Fri Apr 10 05:01:32 2026 
