Starting Single Run, Sweeps and Corners...

Current time: Thu Apr  9 10:02:25 2026 
Best design point: 1
Design specs: 
	PSS_VIN	corner	CMOS_RES_CAP_TEMP_0 - 
	VIA_d2_dB		100.1
	VLF1_d2_dB		81
	VGA_d2_dB		82.24
	VLF2_d2_dB1		69.23
	VOUT_d2_dB		64.57	Yes
	VOUT_V		1.078	Yes
	PSS_VIN	corner	CMOS_RES_CAP_TEMP_1 - 
	VIA_d2_dB		114.9
	VLF1_d2_dB		84.48
	VGA_d2_dB		79.82
	VLF2_d2_dB1		72.92
	VOUT_d2_dB		64.27	Yes
	VOUT_V		1.068	Yes
	PSS_VIN	corner	CMOS_RES_CAP_TEMP_2 - 
	VIA_d2_dB		107.2
	VLF1_d2_dB		82.04
	VGA_d2_dB		76.79
	VLF2_d2_dB1		68.13
	VOUT_d2_dB		62.22	Yes
	VOUT_V		1.148	Yes
	PSS_VIN	corner	CMOS_RES_CAP_TEMP_3 - 
	VIA_d2_dB		98.16
	VLF1_d2_dB		106
	VGA_d2_dB		27.66
	VLF2_d2_dB1		28.01
	VOUT_d2_dB		27.59	No
	VOUT_V		1.087	Yes
	PSS_VIN	corner	CMOS_RES_CAP_TEMP_4 - 
	VIA_d2_dB		100.8
	VLF1_d2_dB		83.77
	VGA_d2_dB		79.9
	VLF2_d2_dB1		68.52
	VOUT_d2_dB		61.3	Yes
	VOUT_V		1.073	Yes
	PSS_VIN	corner	CMOS_RES_CAP_TEMP_5 - 
	VIA_d2_dB		97.46
	VLF1_d2_dB		96.65
	VGA_d2_dB		81.36
	VLF2_d2_dB1		74.03
	VOUT_d2_dB		63.38	Yes
	VOUT_V		1.054	Yes
	PSS_VIN	corner	CMOS_RES_CAP_TEMP_6 - 
	VIA_d2_dB		112.6
	VLF1_d2_dB		82.41
	VGA_d2_dB		76.79
	VLF2_d2_dB1		67.71
	VOUT_d2_dB		60.59	Yes
	VOUT_V		1.15	Yes
	PSS_VIN	corner	CMOS_RES_CAP_TEMP_7 - 
	VIA_d2_dB		110.7
	VLF1_d2_dB		88.76
	VGA_d2_dB		26.43
	VLF2_d2_dB1		26.74
	VOUT_d2_dB		26.52	No
	VOUT_V		1.076	Yes
	PSS_VIN	corner	CMOS_RES_CAP_TEMP_8 - 
	VIA_d2_dB		105.1
	VLF1_d2_dB		70.01
	VGA_d2_dB		69.09
	VLF2_d2_dB1		59.75
	VOUT_d2_dB		58.43	Near
	VOUT_V		1.083	Yes
	PSS_VIN	corner	CMOS_RES_CAP_TEMP_9 - 
	VIA_d2_dB		119.5
	VLF1_d2_dB		81.3
	VGA_d2_dB		77.52
	VLF2_d2_dB1		68.34
	VOUT_d2_dB		64.09	Yes
	VOUT_V		1.08	Yes
	PSS_VIN	corner	CMOS_RES_CAP_TEMP_10 - 
	VIA_d2_dB		112.9
	VLF1_d2_dB		73.69
	VGA_d2_dB		71.61
	VLF2_d2_dB1		61.86
	VOUT_d2_dB		59.69	Near
	VOUT_V		1.149	Yes
	PSS_VIN	corner	CMOS_RES_CAP_TEMP_11 - 
	VIA_d2_dB		120.2
	VLF1_d2_dB		82.07
	VGA_d2_dB		27.61
	VLF2_d2_dB1		28.37
	VOUT_d2_dB		27.92	No
	VOUT_V		1.095	Yes
	PSS_VIN	corner	CMOS_RES_CAP_TEMP_12 - 
	VIA_d2_dB		123.3
	VLF1_d2_dB		70.8
	VGA_d2_dB		69.89
	VLF2_d2_dB1		59.33
	VOUT_d2_dB		57.67	Near
	VOUT_V		1.082	Yes
	PSS_VIN	corner	CMOS_RES_CAP_TEMP_13 - 
	VIA_d2_dB		107.4
	VLF1_d2_dB		79.72
	VGA_d2_dB		74.99
	VLF2_d2_dB1		67.49
	VOUT_d2_dB		61.84	Yes
	VOUT_V		1.073	Yes
	PSS_VIN	corner	CMOS_RES_CAP_TEMP_14 - 
	VIA_d2_dB		113.7
	VLF1_d2_dB		73.64
	VGA_d2_dB		71.5
	VLF2_d2_dB1		61.43
	VOUT_d2_dB		58.53	Near
	VOUT_V		1.155	Yes
	PSS_VIN	corner	CMOS_RES_CAP_TEMP_15 - 
	VIA_d2_dB		115.2
	VLF1_d2_dB		80.86
	VGA_d2_dB		26.38
	VLF2_d2_dB1		27.06
	VOUT_d2_dB		26.83	No
	VOUT_V		1.086	Yes
	PSS_VIN	corner	CMOS_RES_CAP_TEMP_16 - 
	VIA_d2_dB		93.23
	VLF1_d2_dB		77.59
	VGA_d2_dB		78.92
	VLF2_d2_dB1		67.29
	VOUT_d2_dB		65.51	Yes
	VOUT_V		1.071	Yes
	PSS_VIN	corner	CMOS_RES_CAP_TEMP_17 - 
	VIA_d2_dB		101.7
	VLF1_d2_dB		83.54
	VGA_d2_dB		79.52
	VLF2_d2_dB1		73.02
	VOUT_d2_dB		65.45	Yes
	VOUT_V		1.061	Yes
	PSS_VIN	corner	CMOS_RES_CAP_TEMP_18 - 
	VIA_d2_dB		109.2
	VLF1_d2_dB		81.88
	VGA_d2_dB		76.85
	VLF2_d2_dB1		68.19
	VOUT_d2_dB		63.35	Yes
	VOUT_V		1.141	Yes
	PSS_VIN	corner	CMOS_RES_CAP_TEMP_19 - 
	VIA_d2_dB		94.92
	VLF1_d2_dB		101.3
	VGA_d2_dB		29.32
	VLF2_d2_dB1		29.83
	VOUT_d2_dB		29.41	No
	VOUT_V		1.096	Yes
	PSS_VIN	corner	CMOS_RES_CAP_TEMP_20 - 
	VIA_d2_dB		118.7
	VLF1_d2_dB		79.06
	VGA_d2_dB		76.12
	VLF2_d2_dB1		67.23
	VOUT_d2_dB		61.62	Yes
	VOUT_V		1.065	Yes
	PSS_VIN	corner	CMOS_RES_CAP_TEMP_21 - 
	VIA_d2_dB		89.81
	VLF1_d2_dB		90.77
	VGA_d2_dB		83.16
	VLF2_d2_dB1		74.17
	VOUT_d2_dB		65.41	Yes
	VOUT_V		1.047	Yes
	PSS_VIN	corner	CMOS_RES_CAP_TEMP_22 - 
	VIA_d2_dB		108.6
	VLF1_d2_dB		80.99
	VGA_d2_dB		76.19
	VLF2_d2_dB1		67.36
	VOUT_d2_dB		61.64	Yes
	VOUT_V		1.143	Yes
	PSS_VIN	corner	CMOS_RES_CAP_TEMP_23 - 
	VIA_d2_dB		114.1
	VLF1_d2_dB		89.19
	VGA_d2_dB		28.04
	VLF2_d2_dB1		28.5
	VOUT_d2_dB		28.29	No
	VOUT_V		1.09	Yes
	PSS_VIN	corner	CMOS_RES_CAP_TEMP_24 - 
	VIA_d2_dB		104.7
	VLF1_d2_dB		67.7
	VGA_d2_dB		67.13
	VLF2_d2_dB1		58.47
	VOUT_d2_dB		57.97	Near
	VOUT_V		1.074	Yes
	PSS_VIN	corner	CMOS_RES_CAP_TEMP_25 - 
	VIA_d2_dB		117.6
	VLF1_d2_dB		79.08
	VGA_d2_dB		76.3
	VLF2_d2_dB1		67.6
	VOUT_d2_dB		64.98	Yes
	VOUT_V		1.073	Yes
	PSS_VIN	corner	CMOS_RES_CAP_TEMP_26 - 
	VIA_d2_dB		112.1
	VLF1_d2_dB		71.3
	VGA_d2_dB		69.9
	VLF2_d2_dB1		60.91
	VOUT_d2_dB		59.7	Near
	VOUT_V		1.14	Yes
	PSS_VIN	corner	CMOS_RES_CAP_TEMP_27 - 
	VIA_d2_dB		116.5
	VLF1_d2_dB		80.42
	VGA_d2_dB		29.25
	VLF2_d2_dB1		30.32
	VOUT_d2_dB		29.88	No
	VOUT_V		1.103	Yes
	PSS_VIN	corner	CMOS_RES_CAP_TEMP_28 - 
	VIA_d2_dB		122.9
	VLF1_d2_dB		68.09
	VGA_d2_dB		67.56
	VLF2_d2_dB1		57.92
	VOUT_d2_dB		57.27	Near
	VOUT_V		1.074	Yes
	PSS_VIN	corner	CMOS_RES_CAP_TEMP_29 - 
	VIA_d2_dB		105.4
	VLF1_d2_dB		77.72
	VGA_d2_dB		74.04
	VLF2_d2_dB1		66.91
	VOUT_d2_dB		62.89	Yes
	VOUT_V		1.065	Yes
	PSS_VIN	corner	CMOS_RES_CAP_TEMP_30 - 
	VIA_d2_dB		113.2
	VLF1_d2_dB		71.2
	VGA_d2_dB		69.79
	VLF2_d2_dB1		60.43
	VOUT_d2_dB		58.77	Near
	VOUT_V		1.146	Yes
	PSS_VIN	corner	CMOS_RES_CAP_TEMP_31 - 
	VIA_d2_dB		114.2
	VLF1_d2_dB		79.1
	VGA_d2_dB		27.97
	VLF2_d2_dB1		28.93
	VOUT_d2_dB		28.71	No
	VOUT_V		1.1	Yes
	PSS_VIN	corner	Nominal - 
	VIA_d2_dB		119.8
	VLF1_d2_dB		80.03
	VGA_d2_dB		75.46
	VLF2_d2_dB1		67.41
	VOUT_d2_dB		62.14	Yes
	VOUT_V		1.1	Yes
Design parameters: 
	FC		4K
	F0		3.3
	F1		3.3
	F2		0
	S0		3.3
	S1		0
	S2		0

Interactive.21
Number of points completed: 1
Number of simulation errors: 0
Interactive.21 completed. 
Current time: Thu Apr  9 10:04:23 2026 
