Starting Single Run, Sweeps and Corners...

Current time: Fri Apr 10 05:04:21 2026 
Best design point: 1
Design specs: 
	PSS_PXF_PNOISE	corner	Nominal - 
	Output_Noise_Vrms		1.059m
	CM_Gain_50Hz		33.23u
	CM_Gain_50Hz_dB		-89.68
	Diff_Gain_50Hz		1.379K
	Diff_Gain_50Hz_dB		-89.68
	CMRR_50Hz_dB		152.5
	Input_ref_noise_Vrms		768.1n
	Output_noise_Vrms		1.059m
Design parameters: 
	FC		4K
	F0		3.3
	F1		3.3
	F2		0
	S0		3.3
	S1		0
	S2		0

Interactive.28
Number of points completed: 1
Number of simulation errors: 0
Interactive.28 completed. 
Current time: Fri Apr 10 05:04:30 2026 
