Starting Single Run, Sweeps and Corners...

Current time: Thu Apr  9 09:51:47 2026 
Best design point: 1
Design specs: 
	PSS_VIN	corner	CMOS_RES_CAP_TEMP_0 - 
	VIA_d2_dB		100.3
	VLF1_d2_dB		81.59
	VGA_d2_dB		84.43
	VLF2_d2_dB1		71.81
	VOUT_d2_dB		64.71	Yes
	VOUT_V		1.079	Yes
	PSS_VIN	corner	CMOS_RES_CAP_TEMP_1 - 
	VIA_d2_dB		114.8
	VLF1_d2_dB		85.04
	VGA_d2_dB		79.42
	VLF2_d2_dB1		73.96
	VOUT_d2_dB		63.76	Yes
	VOUT_V		1.069	Yes
	PSS_VIN	corner	CMOS_RES_CAP_TEMP_2 - 
	VIA_d2_dB		107.2
	VLF1_d2_dB		83.54
	VGA_d2_dB		77.03
	VLF2_d2_dB1		69.7
	VOUT_d2_dB		62.24	Yes
	VOUT_V		1.149	Yes
	PSS_VIN	corner	CMOS_RES_CAP_TEMP_3 - 
	VIA_d2_dB		98.19
	VLF1_d2_dB		102
	VGA_d2_dB		27.66
	VLF2_d2_dB1		28.01
	VOUT_d2_dB		27.59	No
	VOUT_V		1.087	Yes
	PSS_VIN	corner	CMOS_RES_CAP_TEMP_4 - 
	VIA_d2_dB		100.6
	VLF1_d2_dB		86.66
	VGA_d2_dB		80.74
	VLF2_d2_dB1		70.69
	VOUT_d2_dB		60.75	Yes
	VOUT_V		1.074	Yes
	PSS_VIN	corner	CMOS_RES_CAP_TEMP_5 - 
	VIA_d2_dB		98.02
	VLF1_d2_dB		98.87
	VGA_d2_dB		81.33
	VLF2_d2_dB1		75.61
	VOUT_d2_dB		62.64	Yes
	VOUT_V		1.055	Yes
	PSS_VIN	corner	CMOS_RES_CAP_TEMP_6 - 
	VIA_d2_dB		112.6
	VLF1_d2_dB		83.8
	VGA_d2_dB		76.89
	VLF2_d2_dB1		69.12
	VOUT_d2_dB		60.23	Yes
	VOUT_V		1.151	Yes
	PSS_VIN	corner	CMOS_RES_CAP_TEMP_7 - 
	VIA_d2_dB		110.2
	VLF1_d2_dB		89.95
	VGA_d2_dB		26.43
	VLF2_d2_dB1		26.74
	VOUT_d2_dB		26.52	No
	VOUT_V		1.077	Yes
	PSS_VIN	corner	CMOS_RES_CAP_TEMP_8 - 
	VIA_d2_dB		105.9
	VLF1_d2_dB		71.94
	VGA_d2_dB		70.61
	VLF2_d2_dB1		61.93
	VOUT_d2_dB		59.59	Near
	VOUT_V		1.084	Yes
	PSS_VIN	corner	CMOS_RES_CAP_TEMP_9 - 
	VIA_d2_dB		119.3
	VLF1_d2_dB		83.86
	VGA_d2_dB		78.46
	VLF2_d2_dB1		70.81
	VOUT_d2_dB		64.11	Yes
	VOUT_V		1.081	Yes
	PSS_VIN	corner	CMOS_RES_CAP_TEMP_10 - 
	VIA_d2_dB		113.6
	VLF1_d2_dB		75.63
	VGA_d2_dB		72.76
	VLF2_d2_dB1		63.8
	VOUT_d2_dB		60.56	Yes
	VOUT_V		1.15	Yes
	PSS_VIN	corner	CMOS_RES_CAP_TEMP_11 - 
	VIA_d2_dB		120.3
	VLF1_d2_dB		83.73
	VGA_d2_dB		27.61
	VLF2_d2_dB1		28.37
	VOUT_d2_dB		27.94	No
	VOUT_V		1.096	Yes
	PSS_VIN	corner	CMOS_RES_CAP_TEMP_12 - 
	VIA_d2_dB		120.7
	VLF1_d2_dB		72.81
	VGA_d2_dB		71.46
	VLF2_d2_dB1		61.41
	VOUT_d2_dB		58.39	Near
	VOUT_V		1.083	Yes
	PSS_VIN	corner	CMOS_RES_CAP_TEMP_13 - 
	VIA_d2_dB		107.5
	VLF1_d2_dB		81.38
	VGA_d2_dB		75.55
	VLF2_d2_dB1		69.39
	VOUT_d2_dB		61.47	Yes
	VOUT_V		1.074	Yes
	PSS_VIN	corner	CMOS_RES_CAP_TEMP_14 - 
	VIA_d2_dB		113.8
	VLF1_d2_dB		75.22
	VGA_d2_dB		72.35
	VLF2_d2_dB1		63.13
	VOUT_d2_dB		58.9	Near
	VOUT_V		1.156	Yes
	PSS_VIN	corner	CMOS_RES_CAP_TEMP_15 - 
	VIA_d2_dB		115.3
	VLF1_d2_dB		81.95
	VGA_d2_dB		26.37
	VLF2_d2_dB1		27.06
	VOUT_d2_dB		26.83	No
	VOUT_V		1.087	Yes
	PSS_VIN	corner	CMOS_RES_CAP_TEMP_16 - 
	VIA_d2_dB		93.53
	VLF1_d2_dB		78.06
	VGA_d2_dB		80.31
	VLF2_d2_dB1		69.38
	VOUT_d2_dB		66.28	Yes
	VOUT_V		1.072	Yes
	PSS_VIN	corner	CMOS_RES_CAP_TEMP_17 - 
	VIA_d2_dB		101.3
	VLF1_d2_dB		84.18
	VGA_d2_dB		79.25
	VLF2_d2_dB1		74.15
	VOUT_d2_dB		65.01	Yes
	VOUT_V		1.062	Yes
	PSS_VIN	corner	CMOS_RES_CAP_TEMP_18 - 
	VIA_d2_dB		109.3
	VLF1_d2_dB		83.71
	VGA_d2_dB		77.26
	VLF2_d2_dB1		69.94
	VOUT_d2_dB		63.57	Yes
	VOUT_V		1.142	Yes
	PSS_VIN	corner	CMOS_RES_CAP_TEMP_19 - 
	VIA_d2_dB		94.92
	VLF1_d2_dB		98.94
	VGA_d2_dB		29.31
	VLF2_d2_dB1		29.83
	VOUT_d2_dB		29.42	No
	VOUT_V		1.096	Yes
	PSS_VIN	corner	CMOS_RES_CAP_TEMP_20 - 
	VIA_d2_dB		119.1
	VLF1_d2_dB		80.51
	VGA_d2_dB		76.6
	VLF2_d2_dB1		69.05
	VOUT_d2_dB		61.28	Yes
	VOUT_V		1.066	Yes
	PSS_VIN	corner	CMOS_RES_CAP_TEMP_21 - 
	VIA_d2_dB		89.98
	VLF1_d2_dB		91.09
	VGA_d2_dB		83.83
	VLF2_d2_dB1		76.45
	VOUT_d2_dB		64.77	Yes
	VOUT_V		1.048	Yes
	PSS_VIN	corner	CMOS_RES_CAP_TEMP_22 - 
	VIA_d2_dB		108.6
	VLF1_d2_dB		82.39
	VGA_d2_dB		76.42
	VLF2_d2_dB1		68.82
	VOUT_d2_dB		61.45	Yes
	VOUT_V		1.144	Yes
	PSS_VIN	corner	CMOS_RES_CAP_TEMP_23 - 
	VIA_d2_dB		112.3
	VLF1_d2_dB		90.38
	VGA_d2_dB		28.04
	VLF2_d2_dB1		28.5
	VOUT_d2_dB		28.28	No
	VOUT_V		1.091	Yes
	PSS_VIN	corner	CMOS_RES_CAP_TEMP_24 - 
	VIA_d2_dB		105.9
	VLF1_d2_dB		69.73
	VGA_d2_dB		68.88
	VLF2_d2_dB1		60.69
	VOUT_d2_dB		59.61	Near
	VOUT_V		1.075	Yes
	PSS_VIN	corner	CMOS_RES_CAP_TEMP_25 - 
	VIA_d2_dB		117.9
	VLF1_d2_dB		81.81
	VGA_d2_dB		77.65
	VLF2_d2_dB1		70.27
	VOUT_d2_dB		65.39	Yes
	VOUT_V		1.073	Yes
	PSS_VIN	corner	CMOS_RES_CAP_TEMP_26 - 
	VIA_d2_dB		112.8
	VLF1_d2_dB		73.29
	VGA_d2_dB		71.3
	VLF2_d2_dB1		62.91
	VOUT_d2_dB		60.95	Yes
	VOUT_V		1.141	Yes
	PSS_VIN	corner	CMOS_RES_CAP_TEMP_27 - 
	VIA_d2_dB		116.6
	VLF1_d2_dB		82.11
	VGA_d2_dB		29.25
	VLF2_d2_dB1		30.33
	VOUT_d2_dB		29.9	No
	VOUT_V		1.104	Yes
	PSS_VIN	corner	CMOS_RES_CAP_TEMP_28 - 
	VIA_d2_dB		122.8
	VLF1_d2_dB		70.09
	VGA_d2_dB		69.31
	VLF2_d2_dB1		60.01
	VOUT_d2_dB		58.57	Near
	VOUT_V		1.075	Yes
	PSS_VIN	corner	CMOS_RES_CAP_TEMP_29 - 
	VIA_d2_dB		105.5
	VLF1_d2_dB		79.54
	VGA_d2_dB		74.84
	VLF2_d2_dB1		68.99
	VOUT_d2_dB		62.79	Yes
	VOUT_V		1.066	Yes
	PSS_VIN	corner	CMOS_RES_CAP_TEMP_30 - 
	VIA_d2_dB		113.1
	VLF1_d2_dB		72.82
	VGA_d2_dB		70.87
	VLF2_d2_dB1		62.16
	VOUT_d2_dB		59.55	Near
	VOUT_V		1.147	Yes
	PSS_VIN	corner	CMOS_RES_CAP_TEMP_31 - 
	VIA_d2_dB		114.2
	VLF1_d2_dB		80.15
	VGA_d2_dB		27.97
	VLF2_d2_dB1		28.94
	VOUT_d2_dB		28.71	No
	VOUT_V		1.101	Yes
	PSS_VIN	corner	Nominal - 
	VIA_d2_dB		115.2
	VLF1_d2_dB		80.95
	VGA_d2_dB		75.53
	VLF2_d2_dB1		69.01
	VOUT_d2_dB		61.94	Yes
	VOUT_V		1.101	Yes
Design parameters: 
	FC		4K
	F0		3.3
	F1		3.3
	F2		0
	S0		3.3
	S1		0
	S2		0

Interactive.20
Number of points completed: 1
Number of simulation errors: 0
Interactive.20 completed. 
Current time: Thu Apr  9 09:53:47 2026 
