Starting Single Run, Sweeps and Corners...

Current time: Sat Mar  7 18:16:56 2026 
Best design point: 1
Design specs: 
	ECG_IA:ecg_ia1:1	corner	C0_0 - 
	VDC("/VOUT")		1.565
	ECG_IA:ecg_ia1:1	corner	C0_1 - 
	VDC("/VOUT")		1.552
	ECG_IA:ecg_ia1:1	corner	C0_2 - 
	VDC("/VOUT")		1.568
	ECG_IA:ecg_ia1:1	corner	C0_3 - 
	VDC("/VOUT")		1.555
	ECG_IA:ecg_ia1:1	corner	Nominal - 
	VDC("/VOUT")		1.561
Design parameters: 
	VCM_AC		0
	VCM_DC		1.6
	VIN_AC		1
	VIN_DC		0

Interactive.14
Number of points completed: 1
Number of simulation errors: 0
Interactive.14 completed. 
Current time: Sat Mar  7 18:17:03 2026 
