Starting Single Run, Sweeps and Corners...

Current time: Sat Mar  7 18:24:05 2026 
Best design point: 1
Design specs: 
	ECG_IA:ecg_ia1:1	corner	C0_0 - 
	VDC("/VOUT")		1.6
	ECG_IA:ecg_ia1:1	corner	C0_1 - 
	VDC("/VOUT")		1.6
	ECG_IA:ecg_ia1:1	corner	C0_2 - 
	VDC("/VOUT")		1.6
	ECG_IA:ecg_ia1:1	corner	C0_3 - 
	VDC("/VOUT")		1.6
	ECG_IA:ecg_ia1:1	corner	Nominal - 
	VDC("/VOUT")		1.6
Design parameters: 
	VCM_AC		0
	VCM_DC		1.6
	VIN_AC		1
	VIN_DC		0

Interactive.15
Number of points completed: 1
Number of simulation errors: 0
Interactive.15 completed. 
Current time: Sat Mar  7 18:24:12 2026 
