================================================================================
Rule No. 67 : BAD_SUBSTR_SUBTAP_MULTCONN_ERC

Real Error Count : 5; Flat Error Count : 5
================================================================================

--------------------------------------------------------------------------------
Cell Name : opamp_ws_f layout IL2244_VT26_LAYOUT_WS

                   Cell Errors    Real Errors   Cell Placements     Environments
                             5              5                 1                1
--------------------------------------------------------------------------------
Env.  Env. Placements            X1           Y1          X2           Y2

  1        1                 71.850       51.575     240.700      174.400

Shape               Environments Status & Error Marker 

          1           X1         Y1         X2         Y2

   1      X       71.850    149.550     88.450    174.400
   2      X       74.800     51.575    240.700    119.375
   3      X       97.800     74.575    217.700     75.275
   4      X       97.800     87.375    217.700     88.075
   5      X       97.800    100.175    217.700    100.875

================================================================================
Rule No. 69 : BAD_NWELL_WELLTAP_MULTCONN_ERC

Real Error Count : 12; Flat Error Count : 12
================================================================================

--------------------------------------------------------------------------------
Cell Name : opamp_ws_f layout IL2244_VT26_LAYOUT_WS

                   Cell Errors    Real Errors   Cell Placements     Environments
                            12             12                 1                1
--------------------------------------------------------------------------------
Env.  Env. Placements            X1           Y1          X2           Y2

  1        1                278.200      185.250     344.200      221.050

Shape               Environments Status & Error Marker 

          1           X1         Y1         X2         Y2

   1      X      278.200    185.250    282.900    185.950
   2      X      278.200    220.350    282.900    221.050
   3      X      290.300    185.250    295.000    185.950
   4      X      290.300    220.350    295.000    221.050
   5      X      302.800    185.250    307.500    185.950
   6      X      302.800    220.350    307.500    221.050
   7      X      314.900    185.250    319.600    185.950
   8      X      314.900    220.350    319.600    221.050
   9      X      327.400    185.250    332.100    185.950
  10      X      327.400    220.350    332.100    221.050
  11      X      339.500    185.250    344.200    185.950
  12      X      339.500    220.350    344.200    221.050

================================================================================
Rule No. 421 : INFO: hot nwell

Real Error Count : 5; Flat Error Count : 16
================================================================================

--------------------------------------------------------------------------------
Cell Name : pmos4 layout PRIMLIB l="10u" w="12.5u" wtot="12.5u" in1=MP428329

                   Cell Errors    Real Errors   Cell Placements     Environments
                             1              1                12                1
--------------------------------------------------------------------------------
Env.  Env. Placements            X1           Y1          X2           Y2

  1       12                273.500      187.050     287.600      201.950

Shape               Environments Status & Error Marker 

          1           X1         Y1         X2         Y2

   1      X       -1.200     -1.200     13.700     12.900

--------------------------------------------------------------------------------
Cell Name : opamp_ws_f layout IL2244_VT26_LAYOUT_WS

                   Cell Errors    Real Errors   Cell Placements     Environments
                             4              4                 1                1
--------------------------------------------------------------------------------
Env.  Env. Placements            X1           Y1          X2           Y2

  1        1                261.925      127.275     359.225      227.375

Shape               Environments Status & Error Marker 

          1           X1         Y1         X2         Y2

   1      X      261.925    127.275    303.675    167.425
   2      X      263.375    178.925    359.225    227.375
   3      X      308.325    131.725    320.875    162.775
   4      X      329.275    136.125    358.625    159.775

================================================================================
Rule No. 510 : M1_R_1 Minimum density of MET1 area [%] = 30

Real Error Count : 1; Flat Error Count : 2
================================================================================

--------------------------------------------------------------------------------
Cell Name : opamp_ws_f layout IL2244_VT26_LAYOUT_WS

                   Cell Errors    Real Errors   Cell Placements     Environments
                             2              1                 1                1
--------------------------------------------------------------------------------
Env.  Env. Placements            X1           Y1          X2           Y2

  1        1                  0.600       -4.100     359.250      227.400

Shape               Environments Status & Error Marker 

          1           X1         Y1         X2         Y2

   1      X        0.600     -4.100    359.250    227.400

================================================================================
Rule No. 521 : M2_R_1 Minimum density of MET2 area [%] = 30

Real Error Count : 1; Flat Error Count : 2
================================================================================

--------------------------------------------------------------------------------
Cell Name : opamp_ws_f layout IL2244_VT26_LAYOUT_WS

                   Cell Errors    Real Errors   Cell Placements     Environments
                             2              1                 1                1
--------------------------------------------------------------------------------
Env.  Env. Placements            X1           Y1          X2           Y2

  1        1                  0.600       -4.100     359.250      227.400

Shape               Environments Status & Error Marker 

          1           X1         Y1         X2         Y2

   1      X        0.600     -4.100    359.250    227.400

================================================================================
Rule No. 532 : M3_R_1 Minimum density of MET3 area [%] = 30

Real Error Count : 1; Flat Error Count : 2
================================================================================

--------------------------------------------------------------------------------
Cell Name : opamp_ws_f layout IL2244_VT26_LAYOUT_WS

                   Cell Errors    Real Errors   Cell Placements     Environments
                             2              1                 1                1
--------------------------------------------------------------------------------
Env.  Env. Placements            X1           Y1          X2           Y2

  1        1                  0.600       -4.100     359.250      227.400

Shape               Environments Status & Error Marker 

          1           X1         Y1         X2         Y2

   1      X        0.600     -4.100    359.250    227.400

================================================================================
Rule No. 765 : ERC Warning: Floating Poly1

Real Error Count : 4; Flat Error Count : 4
================================================================================

--------------------------------------------------------------------------------
Cell Name : opamp_ws_f layout IL2244_VT26_LAYOUT_WS

                   Cell Errors    Real Errors   Cell Placements     Environments
                             4              4                 1                1
--------------------------------------------------------------------------------
Env.  Env. Placements            X1           Y1          X2           Y2

  1        1                275.550      187.850     347.050      218.450

Shape               Environments Status & Error Marker 

          1           X1         Y1         X2         Y2

   1      X      275.550    187.850    285.550    201.150
   2      X      275.550    205.150    285.550    218.450
   3      X      337.050    187.850    347.050    201.150
   4      X      337.050    205.150    347.050    218.450

================================================================================
Rule No. 774 : ERC Warning: floating gate not connected to s/d, pad or resistor

Real Error Count : 13; Flat Error Count : 48
================================================================================

--------------------------------------------------------------------------------
Cell Name : nmos4 layout PRIMLIB l="5u" w="25u" wtot="25u" in1=MN828329

                   Cell Errors    Real Errors   Cell Placements     Environments
                             1              1                36                1
--------------------------------------------------------------------------------
Env.  Env. Placements            X1           Y1          X2           Y2

  1       36                108.550      159.950     113.550      184.950

Shape               Environments Status & Error Marker 

          1           X1         Y1         X2         Y2

   1      X        0.000      0.850     25.000      5.850

--------------------------------------------------------------------------------
Cell Name : opamp_ws_f layout IL2244_VT26_LAYOUT_WS

                   Cell Errors    Real Errors   Cell Placements     Environments
                            12             12                 1                1
--------------------------------------------------------------------------------
Env.  Env. Placements            X1           Y1          X2           Y2

  1        1                 77.000       68.775     351.450      218.050

Shape               Environments Status & Error Marker 

          1           X1         Y1         X2         Y2

   1      X      275.550    188.250    285.550    200.750
   2      X      275.550    205.550    285.550    218.050
   3      X      336.450    147.450    337.450    152.450
   4      X      337.050    188.250    347.050    200.750
   5      X      337.050    205.550    347.050    218.050
   6      X      338.450    147.450    339.450    152.450
   7      X      340.450    147.450    341.450    152.450
   8      X      342.450    147.450    343.450    152.450
   9      X      344.450    147.450    345.450    152.450
  10      X      346.450    147.450    347.450    152.450
  11      X      348.450    147.450    349.450    152.450
  12      X      350.450    147.450    351.450    152.450

================================================================================
Rule No. 1476 : # INFO: C35B4/C35B3 ASSURA DRC DECK (REV9 DATE 26-Apr-2011) Last modified 07-Sept-2016 #

Real Error Count : 1; Flat Error Count : 1
================================================================================

--------------------------------------------------------------------------------
Cell Name : opamp_ws_f layout IL2244_VT26_LAYOUT_WS

                   Cell Errors    Real Errors   Cell Placements     Environments
                             1              1                 1                1
--------------------------------------------------------------------------------
Env.  Env. Placements            X1           Y1          X2           Y2

  1        1                  0.600       -4.100     359.250      227.400

Shape               Environments Status & Error Marker 

          1           X1         Y1         X2         Y2

   1      X        0.600     -4.100    359.250    227.400

