Starting Single Run, Sweeps and Corners...

Current time: Sat Apr 18 21:52:04 2026 
Best design point: 1
Design specs: 
	TRAN_VDD_PULSE	corner	CMOS_RES_CAP_TEMP_0 - 
	TRAN_VDD_PULSE	corner	CMOS_RES_CAP_TEMP_1 - 
	TRAN_VDD_PULSE	corner	CMOS_RES_CAP_TEMP_2 - 
	TRAN_VDD_PULSE	corner	CMOS_RES_CAP_TEMP_3 - 
	TRAN_VDD_PULSE	corner	CMOS_RES_CAP_TEMP_4 - 
	TRAN_VDD_PULSE	corner	CMOS_RES_CAP_TEMP_5 - 
	TRAN_VDD_PULSE	corner	CMOS_RES_CAP_TEMP_6 - 
	TRAN_VDD_PULSE	corner	CMOS_RES_CAP_TEMP_7 - 
	TRAN_VDD_PULSE	corner	CMOS_RES_CAP_TEMP_8 - 
	TRAN_VDD_PULSE	corner	CMOS_RES_CAP_TEMP_9 - 
	TRAN_VDD_PULSE	corner	CMOS_RES_CAP_TEMP_10 - 
	TRAN_VDD_PULSE	corner	CMOS_RES_CAP_TEMP_11 - 
	TRAN_VDD_PULSE	corner	CMOS_RES_CAP_TEMP_12 - 
	TRAN_VDD_PULSE	corner	CMOS_RES_CAP_TEMP_13 - 
	TRAN_VDD_PULSE	corner	CMOS_RES_CAP_TEMP_14 - 
	TRAN_VDD_PULSE	corner	CMOS_RES_CAP_TEMP_15 - 
	TRAN_VDD_PULSE	corner	CMOS_RES_CAP_TEMP_16 - 
	TRAN_VDD_PULSE	corner	CMOS_RES_CAP_TEMP_17 - 
	TRAN_VDD_PULSE	corner	CMOS_RES_CAP_TEMP_18 - 
	TRAN_VDD_PULSE	corner	CMOS_RES_CAP_TEMP_19 - 
	TRAN_VDD_PULSE	corner	CMOS_RES_CAP_TEMP_20 - 
	TRAN_VDD_PULSE	corner	CMOS_RES_CAP_TEMP_21 - 
	TRAN_VDD_PULSE	corner	CMOS_RES_CAP_TEMP_22 - 
	TRAN_VDD_PULSE	corner	CMOS_RES_CAP_TEMP_23 - 
	TRAN_VDD_PULSE	corner	CMOS_RES_CAP_TEMP_24 - 
	TRAN_VDD_PULSE	corner	CMOS_RES_CAP_TEMP_25 - 
	TRAN_VDD_PULSE	corner	CMOS_RES_CAP_TEMP_26 - 
	TRAN_VDD_PULSE	corner	CMOS_RES_CAP_TEMP_27 - 
	TRAN_VDD_PULSE	corner	CMOS_RES_CAP_TEMP_28 - 
	TRAN_VDD_PULSE	corner	CMOS_RES_CAP_TEMP_29 - 
	TRAN_VDD_PULSE	corner	CMOS_RES_CAP_TEMP_30 - 
	TRAN_VDD_PULSE	corner	CMOS_RES_CAP_TEMP_31 - 
	TRAN_VDD_PULSE	corner	Nominal - 
Design parameters: 
	F0		3.3
	F1		3.3
	F2		0
	S0		3.3
	S1		0
	S2		0

Interactive.70
Number of points completed: 1
Number of simulation errors: 0
Interactive.70 completed. 
Current time: Sat Apr 18 21:53:52 2026 
