Starting Single Run, Sweeps and Corners...

Current time: Mon Mar 30 06:08:58 2026 
Best design point: 1
Design specs: 
	VIN_SHORT	corner	CMOS_RES_CAP_VDD_TEMP_0 - 
	Poles		Error	No
	Zeros		Error	No
	Poles		Error	No
	Zeros		Error	No
	VIN_SHORT	corner	CMOS_RES_CAP_VDD_TEMP_1 - 
	Poles		Error	No
	Zeros		Error	No
	Poles		Error	No
	Zeros		Error	No
	VIN_SHORT	corner	CMOS_RES_CAP_VDD_TEMP_2 - 
	Poles		Error	No
	Zeros		Error	No
	Poles		Error	No
	Zeros		Error	No
	VIN_SHORT	corner	CMOS_RES_CAP_VDD_TEMP_3 - 
	Poles		Error	No
	Zeros		Error	No
	Poles		Error	No
	Zeros		Error	No
	VIN_SHORT	corner	CMOS_RES_CAP_VDD_TEMP_4 - 
	Poles		Error	No
	Zeros		Error	No
	Poles		Error	No
	Zeros		Error	No
	VIN_SHORT	corner	CMOS_RES_CAP_VDD_TEMP_5 - 
	Poles		Error	No
	Zeros		Error	No
	Poles		Error	No
	Zeros		Error	No
	VIN_SHORT	corner	CMOS_RES_CAP_VDD_TEMP_6 - 
	Poles		Error	No
	Zeros		Error	No
	Poles		Error	No
	Zeros		Error	No
	VIN_SHORT	corner	CMOS_RES_CAP_VDD_TEMP_7 - 
	Poles		Error	No
	Zeros		Error	No
	Poles		Error	No
	Zeros		Error	No
	VIN_SHORT	corner	CMOS_RES_CAP_VDD_TEMP_8 - 
	Poles		Error	No
	Zeros		Error	No
	Poles		Error	No
	Zeros		Error	No
	VIN_SHORT	corner	CMOS_RES_CAP_VDD_TEMP_9 - 
	Poles		Error	No
	Zeros		Error	No
	Poles		Error	No
	Zeros		Error	No
	VIN_SHORT	corner	CMOS_RES_CAP_VDD_TEMP_10 - 
	Poles		Error	No
	Zeros		Error	No
	Poles		Error	No
	Zeros		Error	No
	VIN_SHORT	corner	CMOS_RES_CAP_VDD_TEMP_11 - 
	Poles		Error	No
	Zeros		Error	No
	Poles		Error	No
	Zeros		Error	No
	VIN_SHORT	corner	CMOS_RES_CAP_VDD_TEMP_12 - 
	Poles		Error	No
	Zeros		Error	No
	Poles		Error	No
	Zeros		Error	No
	VIN_SHORT	corner	CMOS_RES_CAP_VDD_TEMP_13 - 
	Poles		Error	No
	Zeros		Error	No
	Poles		Error	No
	Zeros		Error	No
	VIN_SHORT	corner	CMOS_RES_CAP_VDD_TEMP_14 - 
	Poles		Error	No
	Zeros		Error	No
	Poles		Error	No
	Zeros		Error	No
	VIN_SHORT	corner	CMOS_RES_CAP_VDD_TEMP_15 - 
	Poles		Error	No
	Zeros		Error	No
	Poles		Error	No
	Zeros		Error	No
	VIN_SHORT	corner	CMOS_RES_CAP_VDD_TEMP_16 - 
	Poles		Error	No
	Zeros		Error	No
	Poles		Error	No
	Zeros		Error	No
	VIN_SHORT	corner	CMOS_RES_CAP_VDD_TEMP_17 - 
	Poles		Error	No
	Zeros		Error	No
	Poles		Error	No
	Zeros		Error	No
	VIN_SHORT	corner	CMOS_RES_CAP_VDD_TEMP_18 - 
	Poles		Error	No
	Zeros		Error	No
	Poles		Error	No
	Zeros		Error	No
	VIN_SHORT	corner	CMOS_RES_CAP_VDD_TEMP_19 - 
	Poles		Error	No
	Zeros		Error	No
	Poles		Error	No
	Zeros		Error	No
	VIN_SHORT	corner	CMOS_RES_CAP_VDD_TEMP_20 - 
	Poles		Error	No
	Zeros		Error	No
	Poles		Error	No
	Zeros		Error	No
	VIN_SHORT	corner	CMOS_RES_CAP_VDD_TEMP_21 - 
	Poles		Error	No
	Zeros		Error	No
	Poles		Error	No
	Zeros		Error	No
	VIN_SHORT	corner	CMOS_RES_CAP_VDD_TEMP_22 - 
	Poles		Error	No
	Zeros		Error	No
	Poles		Error	No
	Zeros		Error	No
	VIN_SHORT	corner	CMOS_RES_CAP_VDD_TEMP_23 - 
	Poles		Error	No
	Zeros		Error	No
	Poles		Error	No
	Zeros		Error	No
	VIN_SHORT	corner	CMOS_RES_CAP_VDD_TEMP_24 - 
	Poles		Error	No
	Zeros		Error	No
	Poles		Error	No
	Zeros		Error	No
	VIN_SHORT	corner	CMOS_RES_CAP_VDD_TEMP_25 - 
	Poles		Error	No
	Zeros		Error	No
	Poles		Error	No
	Zeros		Error	No
	VIN_SHORT	corner	CMOS_RES_CAP_VDD_TEMP_26 - 
	Poles		Error	No
	Zeros		Error	No
	Poles		Error	No
	Zeros		Error	No
	VIN_SHORT	corner	CMOS_RES_CAP_VDD_TEMP_27 - 
	Poles		Error	No
	Zeros		Error	No
	Poles		Error	No
	Zeros		Error	No
	VIN_SHORT	corner	CMOS_RES_CAP_VDD_TEMP_28 - 
	Poles		Error	No
	Zeros		Error	No
	Poles		Error	No
	Zeros		Error	No
	VIN_SHORT	corner	CMOS_RES_CAP_VDD_TEMP_29 - 
	Poles		Error	No
	Zeros		Error	No
	Poles		Error	No
	Zeros		Error	No
	VIN_SHORT	corner	CMOS_RES_CAP_VDD_TEMP_30 - 
	Poles		Error	No
	Zeros		Error	No
	Poles		Error	No
	Zeros		Error	No
	VIN_SHORT	corner	CMOS_RES_CAP_VDD_TEMP_31 - 
	Poles		Error	No
	Zeros		Error	No
	Poles		Error	No
	Zeros		Error	No
	VIN_SHORT	corner	CMOS_RES_CAP_VDD_TEMP_32 - 
	Poles		Error	No
	Zeros		Error	No
	Poles		Error	No
	Zeros		Error	No
	VIN_SHORT	corner	CMOS_RES_CAP_VDD_TEMP_33 - 
	Poles		Error	No
	Zeros		Error	No
	Poles		Error	No
	Zeros		Error	No
	VIN_SHORT	corner	CMOS_RES_CAP_VDD_TEMP_34 - 
	Poles		Error	No
	Zeros		Error	No
	Poles		Error	No
	Zeros		Error	No
	VIN_SHORT	corner	CMOS_RES_CAP_VDD_TEMP_35 - 
	Poles		Error	No
	Zeros		Error	No
	Poles		Error	No
	Zeros		Error	No
	VIN_SHORT	corner	CMOS_RES_CAP_VDD_TEMP_36 - 
	Poles		Error	No
	Zeros		Error	No
	Poles		Error	No
	Zeros		Error	No
	VIN_SHORT	corner	CMOS_RES_CAP_VDD_TEMP_37 - 
	Poles		Error	No
	Zeros		Error	No
	Poles		Error	No
	Zeros		Error	No
	VIN_SHORT	corner	CMOS_RES_CAP_VDD_TEMP_38 - 
	Poles		Error	No
	Zeros		Error	No
	Poles		Error	No
	Zeros		Error	No
	VIN_SHORT	corner	CMOS_RES_CAP_VDD_TEMP_39 - 
	Poles		Error	No
	Zeros		Error	No
	Poles		Error	No
	Zeros		Error	No
	VIN_SHORT	corner	CMOS_RES_CAP_VDD_TEMP_40 - 
	Poles		Error	No
	Zeros		Error	No
	Poles		Error	No
	Zeros		Error	No
	VIN_SHORT	corner	CMOS_RES_CAP_VDD_TEMP_41 - 
	Poles		Error	No
	Zeros		Error	No
	Poles		Error	No
	Zeros		Error	No
	VIN_SHORT	corner	CMOS_RES_CAP_VDD_TEMP_42 - 
	Poles		Error	No
	Zeros		Error	No
	Poles		Error	No
	Zeros		Error	No
	VIN_SHORT	corner	CMOS_RES_CAP_VDD_TEMP_43 - 
	Poles		Error	No
	Zeros		Error	No
	Poles		Error	No
	Zeros		Error	No
	VIN_SHORT	corner	CMOS_RES_CAP_VDD_TEMP_44 - 
	Poles		Error	No
	Zeros		Error	No
	Poles		Error	No
	Zeros		Error	No
	VIN_SHORT	corner	CMOS_RES_CAP_VDD_TEMP_45 - 
	Poles		Error	No
	Zeros		Error	No
	Poles		Error	No
	Zeros		Error	No
	VIN_SHORT	corner	CMOS_RES_CAP_VDD_TEMP_46 - 
	Poles		Error	No
	Zeros		Error	No
	Poles		Error	No
	Zeros		Error	No
	VIN_SHORT	corner	CMOS_RES_CAP_VDD_TEMP_47 - 
	Poles		Error	No
	Zeros		Error	No
	Poles		Error	No
	Zeros		Error	No
	VIN_SHORT	corner	CMOS_RES_CAP_VDD_TEMP_48 - 
	Poles		Error	No
	Zeros		Error	No
	Poles		Error	No
	Zeros		Error	No
	VIN_SHORT	corner	CMOS_RES_CAP_VDD_TEMP_49 - 
	Poles		Error	No
	Zeros		Error	No
	Poles		Error	No
	Zeros		Error	No
	VIN_SHORT	corner	CMOS_RES_CAP_VDD_TEMP_50 - 
	Poles		Error	No
	Zeros		Error	No
	Poles		Error	No
	Zeros		Error	No
	VIN_SHORT	corner	CMOS_RES_CAP_VDD_TEMP_51 - 
	Poles		Error	No
	Zeros		Error	No
	Poles		Error	No
	Zeros		Error	No
	VIN_SHORT	corner	CMOS_RES_CAP_VDD_TEMP_52 - 
	Poles		Error	No
	Zeros		Error	No
	Poles		Error	No
	Zeros		Error	No
	VIN_SHORT	corner	CMOS_RES_CAP_VDD_TEMP_53 - 
	Poles		Error	No
	Zeros		Error	No
	Poles		Error	No
	Zeros		Error	No
	VIN_SHORT	corner	CMOS_RES_CAP_VDD_TEMP_54 - 
	Poles		Error	No
	Zeros		Error	No
	Poles		Error	No
	Zeros		Error	No
	VIN_SHORT	corner	CMOS_RES_CAP_VDD_TEMP_55 - 
	Poles		Error	No
	Zeros		Error	No
	Poles		Error	No
	Zeros		Error	No
	VIN_SHORT	corner	CMOS_RES_CAP_VDD_TEMP_56 - 
	Poles		Error	No
	Zeros		Error	No
	Poles		Error	No
	Zeros		Error	No
	VIN_SHORT	corner	CMOS_RES_CAP_VDD_TEMP_57 - 
	Poles		Error	No
	Zeros		Error	No
	Poles		Error	No
	Zeros		Error	No
	VIN_SHORT	corner	CMOS_RES_CAP_VDD_TEMP_58 - 
	Poles		Error	No
	Zeros		Error	No
	Poles		Error	No
	Zeros		Error	No
	VIN_SHORT	corner	CMOS_RES_CAP_VDD_TEMP_59 - 
	Poles		Error	No
	Zeros		Error	No
	Poles		Error	No
	Zeros		Error	No
	VIN_SHORT	corner	CMOS_RES_CAP_VDD_TEMP_60 - 
	Poles		Error	No
	Zeros		Error	No
	Poles		Error	No
	Zeros		Error	No
	VIN_SHORT	corner	CMOS_RES_CAP_VDD_TEMP_61 - 
	Poles		Error	No
	Zeros		Error	No
	Poles		Error	No
	Zeros		Error	No
	VIN_SHORT	corner	CMOS_RES_CAP_VDD_TEMP_62 - 
	Poles		Error	No
	Zeros		Error	No
	Poles		Error	No
	Zeros		Error	No
	VIN_SHORT	corner	CMOS_RES_CAP_VDD_TEMP_63 - 
	Poles		Error	No
	Zeros		Error	No
	Poles		Error	No
	Zeros		Error	No
	VIN_SHORT	corner	Nominal - 
	Poles		Error	No
	Zeros		Error	No
	Poles		Error	No
	Zeros		Error	No
Design parameters: 
	VCM_AC		0
	VCM_AMP		0
	VCM_DC		1.6
	VIN_AC		1
	VIN_DC		0
	VIN_FREQ		50

Interactive.29
Number of points completed: 1
Number of simulation errors: 0
Interactive.29 completed. 
Current time: Mon Mar 30 06:11:36 2026 
