Starting Single Run, Sweeps and Corners...

Current time: Mon Mar 30 05:39:47 2026 
Best design point: 1
Design specs: 
	VDD	corner	CMOS_RES_CAP_VDD_TEMP_0 - 
	VDD	corner	CMOS_RES_CAP_VDD_TEMP_1 - 
	VDD	corner	CMOS_RES_CAP_VDD_TEMP_2 - 
	VDD	corner	CMOS_RES_CAP_VDD_TEMP_3 - 
	VDD	corner	CMOS_RES_CAP_VDD_TEMP_4 - 
	VDD	corner	CMOS_RES_CAP_VDD_TEMP_5 - 
	VDD	corner	CMOS_RES_CAP_VDD_TEMP_6 - 
	VDD	corner	CMOS_RES_CAP_VDD_TEMP_7 - 
	VDD	corner	CMOS_RES_CAP_VDD_TEMP_8 - 
	VDD	corner	CMOS_RES_CAP_VDD_TEMP_9 - 
	VDD	corner	CMOS_RES_CAP_VDD_TEMP_10 - 
	VDD	corner	CMOS_RES_CAP_VDD_TEMP_11 - 
	VDD	corner	CMOS_RES_CAP_VDD_TEMP_12 - 
	VDD	corner	CMOS_RES_CAP_VDD_TEMP_13 - 
	VDD	corner	CMOS_RES_CAP_VDD_TEMP_14 - 
	VDD	corner	CMOS_RES_CAP_VDD_TEMP_15 - 
	VDD	corner	CMOS_RES_CAP_VDD_TEMP_16 - 
	VDD	corner	CMOS_RES_CAP_VDD_TEMP_17 - 
	VDD	corner	CMOS_RES_CAP_VDD_TEMP_18 - 
	VDD	corner	CMOS_RES_CAP_VDD_TEMP_19 - 
	VDD	corner	CMOS_RES_CAP_VDD_TEMP_20 - 
	VDD	corner	CMOS_RES_CAP_VDD_TEMP_21 - 
	VDD	corner	CMOS_RES_CAP_VDD_TEMP_22 - 
	VDD	corner	CMOS_RES_CAP_VDD_TEMP_23 - 
	VDD	corner	CMOS_RES_CAP_VDD_TEMP_24 - 
	VDD	corner	CMOS_RES_CAP_VDD_TEMP_25 - 
	VDD	corner	CMOS_RES_CAP_VDD_TEMP_26 - 
	VDD	corner	CMOS_RES_CAP_VDD_TEMP_27 - 
	VDD	corner	CMOS_RES_CAP_VDD_TEMP_28 - 
	VDD	corner	CMOS_RES_CAP_VDD_TEMP_29 - 
	VDD	corner	CMOS_RES_CAP_VDD_TEMP_30 - 
	VDD	corner	CMOS_RES_CAP_VDD_TEMP_31 - 
	VDD	corner	Nominal - 
Design parameters: 
	FC		1K
	VCM_AC		0
	VCM_AMP		0
	VCM_DC		1.6
	VIN_AC		1
	VIN_AMP		0
	VIN_DC		0
	VIN_FREQ		50

Interactive.20
Number of points completed: 1
Number of simulation errors: 0
Interactive.20 completed. 
Current time: Mon Mar 30 05:40:08 2026 
