Starting Single Run, Sweeps and Corners...

Current time: Wed Mar 11 07:23:09 2026 
Best design point: 1
Design specs: 
	ECG_IA:ecg_ia_tb:1	corner	CMOS_VDD_0 - 
	output noise-(VOUT 0); V/sqrt(Hz)		Error	No
	v /VOUT; pss mag(V)		Error	No
	v /net2; pss mag(V)		Error	No
	ECG_IA:ecg_ia_tb:1	corner	CMOS_VDD_1 - 
	output noise-(VOUT 0); V/sqrt(Hz)		Error	No
	v /VOUT; pss mag(V)		Error	No
	v /net2; pss mag(V)		Error	No
	ECG_IA:ecg_ia_tb:1	corner	CMOS_VDD_2 - 
	output noise-(VOUT 0); V/sqrt(Hz)		Error	No
	v /VOUT; pss mag(V)		Error	No
	v /net2; pss mag(V)		Error	No
	ECG_IA:ecg_ia_tb:1	corner	CMOS_VDD_3 - 
	output noise-(VOUT 0); V/sqrt(Hz)		Error	No
	v /VOUT; pss mag(V)		Error	No
	v /net2; pss mag(V)		Error	No
	ECG_IA:ecg_ia_tb:1	corner	CMOS_VDD_4 - 
	output noise-(VOUT 0); V/sqrt(Hz)		Error	No
	v /VOUT; pss mag(V)		Error	No
	v /net2; pss mag(V)		Error	No
	ECG_IA:ecg_ia_tb:1	corner	CMOS_VDD_5 - 
	output noise-(VOUT 0); V/sqrt(Hz)		Error	No
	v /VOUT; pss mag(V)		Error	No
	v /net2; pss mag(V)		Error	No
	ECG_IA:ecg_ia_tb:1	corner	CMOS_VDD_6 - 
	output noise-(VOUT 0); V/sqrt(Hz)		Error	No
	v /VOUT; pss mag(V)		Error	No
	v /net2; pss mag(V)		Error	No
	ECG_IA:ecg_ia_tb:1	corner	CMOS_VDD_7 - 
	output noise-(VOUT 0); V/sqrt(Hz)		Error	No
	v /VOUT; pss mag(V)		Error	No
	v /net2; pss mag(V)		Error	No
	ECG_IA:ecg_ia_tb:1	corner	Nominal - 
	output noise-(VOUT 0); V/sqrt(Hz)		Error	No
	v /VOUT; pss mag(V)		Error	No
	v /net2; pss mag(V)		Error	No
Design parameters: 
	VCM_AC		1
	VCM_DC		1.6
	VDD		3.3
	VIN_AC		1

Interactive.117
Number of points completed: 1
Number of simulation errors: 0
Interactive.117 completed. 
Current time: Wed Mar 11 07:23:13 2026 
