Starting Monte Carlo Sampling...

Current time: Wed Mar 11 07:37:08 2026 

Variation: All
Sampling Method: Low-Discrepancy Sequence
Seed: 

MonteCarlo.0
Number of points completed: 100
Number of simulation errors: 0
MonteCarlo.0 completed. 
Current time: Wed Mar 11 07:37:22 2026 
Monte Carlo Sampling yield summary:
Number of spec values are in this yield data: 3
MC	Nominal - 
	GAIN_CM:	Yield	0%
		Min 0	Max 0	Mean 0	Number of errors 0
MC	Nominal - 
	GAIN_DIF:	Yield	0%
		Min 0	Max 0	Mean 0	Number of errors 0
MC	Nominal - 
	value(mag(VF("/VOUT")) 50):	Yield	100%
		Min 17.5598	Max 18.1676	Mean 17.8472	Number of errors 0

MC
	Overall Yield	100%	Number of points passed	100	Total number of points	100

Estimated yield = 100% (100/100), 0 errors
Estimated yield (No opregions) = 100% (100/100)
