Starting Single Run, Sweeps and Corners...

Current time: Sun Mar  8 21:11:53 2026 
Best design point: 1
Design specs: 
	ECG_IA:ecg_ia1:1	corner	C0_0 - 
	VDC("/VOUT")		1.6
	ECG_IA:ecg_ia1:1	corner	C0_1 - 
	VDC("/VOUT")		1.6
	ECG_IA:ecg_ia1:1	corner	C0_2 - 
	VDC("/VOUT")		1.6
	ECG_IA:ecg_ia1:1	corner	C0_3 - 
	VDC("/VOUT")		1.6
	ECG_IA:ecg_ia1:1	corner	Nominal - 
	VDC("/VOUT")		1.6
Design parameters: 
	VCM_AC		0
	VCM_DC		1.6
	VIN_AC		1
	VIN_DC		0

Interactive.66
Number of points completed: 1
Number of simulation errors: 0
Interactive.66 completed. 
Current time: Sun Mar  8 21:12:09 2026 
