================================================================================
Rule No. 60 : ERROR : MET1 pin outside met1

Real Error Count : 9; Flat Error Count : 9
================================================================================

--------------------------------------------------------------------------------
Cell Name : gmc_5_f layout FECG

                   Cell Errors    Real Errors   Cell Placements     Environments
                             9              9                 1                1
--------------------------------------------------------------------------------
Env.  Env. Placements            X1           Y1          X2           Y2

  1        1                  0.899      -20.701       6.901      -19.499

Shape               Environments Status & Error Marker 

          1           X1         Y1         X2         Y2

   1      X        0.899    -20.701      0.901    -20.699
   2      X        0.899    -19.501      0.901    -19.499
   3      X        2.099    -20.701      2.101    -20.699
   4      X        2.099    -19.501      2.101    -19.499
   5      X        3.299    -20.701      3.301    -20.699
   6      X        3.299    -19.501      3.301    -19.499
   7      X        4.499    -19.501      4.501    -19.499
   8      X        5.699    -19.501      5.701    -19.499
   9      X        6.899    -19.501      6.901    -19.499

================================================================================
Rule No. 421 : INFO: hot nwell

Real Error Count : 13; Flat Error Count : 39
================================================================================

--------------------------------------------------------------------------------
Cell Name : pmos4 layout PRIMLIB jd=FALSE js=FALSE l="350n" ng="20" w="15u" wtot="300u" in1=MP128129

                   Cell Errors    Real Errors   Cell Placements     Environments
                             1              1                 4                1
--------------------------------------------------------------------------------
Env.  Env. Placements            X1           Y1          X2           Y2

  1        4                154.475      176.975     184.575      194.375

Shape               Environments Status & Error Marker 

          1           X1         Y1         X2         Y2

   1      X       -1.200     -1.200     16.200     28.900

--------------------------------------------------------------------------------
Cell Name : cpolyc layout PRIMLIB area="3.5n" c="3.03p" gwell="N-Well" l="70u" perimeter="240u" rbottom="Cont" rleft="Cont" rright="Cont" id_=5d5c206d9147e606 in1=C1028029

                   Cell Errors    Real Errors   Cell Placements     Environments
                             1              1                24                1
--------------------------------------------------------------------------------
Env.  Env. Placements            X1           Y1          X2           Y2

  1       24                328.100       42.350     403.600       97.050

Shape               Environments Status & Error Marker 

          1           X1         Y1         X2         Y2

   1      X       -1.350     -1.350     74.150     53.350

--------------------------------------------------------------------------------
Cell Name : gmc_5_f layout FECG

                   Cell Errors    Real Errors   Cell Placements     Environments
                            11             11                 1                1
--------------------------------------------------------------------------------
Env.  Env. Placements            X1           Y1          X2           Y2

  1        1                153.250       42.350     945.100      215.550

Shape               Environments Status & Error Marker 

          1           X1         Y1         X2         Y2

   1      X      153.250    176.950    185.800    194.400
   2      X      153.250    198.100    185.800    215.550
   3      X      189.350    176.950    221.900    194.400
   4      X      189.350    198.100    221.900    215.550
   5      X      328.150     97.050    403.550     98.050
   6      X      328.150    152.750    403.600    153.750
   7      X      406.600    152.850    482.100    153.750
   8      X      406.650     97.150    482.050     98.150
   9      X      485.150     42.400    637.050    208.400
  10      X      640.150     42.400    945.050    208.400
  11      X      869.600    152.750    945.050    153.750

================================================================================
Rule No. 510 : M1_R_1 Minimum density of MET1 area [%] = 30

Real Error Count : 1; Flat Error Count : 2
================================================================================

--------------------------------------------------------------------------------
Cell Name : gmc_5_f layout FECG

                   Cell Errors    Real Errors   Cell Placements     Environments
                             2              1                 1                1
--------------------------------------------------------------------------------
Env.  Env. Placements            X1           Y1          X2           Y2

  1        1                  0.600      -21.000     948.050      240.600

Shape               Environments Status & Error Marker 

          1           X1         Y1         X2         Y2

   1      X        0.600    -21.000    948.050    240.600

================================================================================
Rule No. 521 : M2_R_1 Minimum density of MET2 area [%] = 30

Real Error Count : 1; Flat Error Count : 2
================================================================================

--------------------------------------------------------------------------------
Cell Name : gmc_5_f layout FECG

                   Cell Errors    Real Errors   Cell Placements     Environments
                             2              1                 1                1
--------------------------------------------------------------------------------
Env.  Env. Placements            X1           Y1          X2           Y2

  1        1                  0.600      -21.000     948.050      240.600

Shape               Environments Status & Error Marker 

          1           X1         Y1         X2         Y2

   1      X        0.600    -21.000    948.050    240.600

================================================================================
Rule No. 532 : M3_R_1 Minimum density of MET3 area [%] = 30

Real Error Count : 1; Flat Error Count : 2
================================================================================

--------------------------------------------------------------------------------
Cell Name : gmc_5_f layout FECG

                   Cell Errors    Real Errors   Cell Placements     Environments
                             2              1                 1                1
--------------------------------------------------------------------------------
Env.  Env. Placements            X1           Y1          X2           Y2

  1        1                  0.600      -21.000     948.050      240.600

Shape               Environments Status & Error Marker 

          1           X1         Y1         X2         Y2

   1      X        0.600    -21.000    948.050    240.600

================================================================================
Rule No. 544 : M4_R_1 Minimum density of MET4 area [%] = 30

Real Error Count : 1; Flat Error Count : 2
================================================================================

--------------------------------------------------------------------------------
Cell Name : gmc_5_f layout FECG

                   Cell Errors    Real Errors   Cell Placements     Environments
                             2              1                 1                1
--------------------------------------------------------------------------------
Env.  Env. Placements            X1           Y1          X2           Y2

  1        1                  0.600      -21.000     948.050      240.600

Shape               Environments Status & Error Marker 

          1           X1         Y1         X2         Y2

   1      X        0.600    -21.000    948.050    240.600

================================================================================
Rule No. 719 : AMTS1 Maximum MTOP spacing when the width of one or both MTOP shapes is less than 10um = 10

Real Error Count : 1; Flat Error Count : 1
================================================================================

--------------------------------------------------------------------------------
Cell Name : gmc_5_f layout FECG

                   Cell Errors    Real Errors   Cell Placements     Environments
                             1              1                 1                1
--------------------------------------------------------------------------------
Env.  Env. Placements            X1           Y1          X2           Y2

  1        1                123.025       66.100     333.800      240.600

Shape               Environments Status & Error Marker 

          1           X1         Y1         X2         Y2

   1      X      123.025     66.100    333.800    240.600

================================================================================
Rule No. 768 : ERC Warning: Floating met2

Real Error Count : 9; Flat Error Count : 9
================================================================================

--------------------------------------------------------------------------------
Cell Name : gmc_5_f layout FECG

                   Cell Errors    Real Errors   Cell Placements     Environments
                             9              9                 1                1
--------------------------------------------------------------------------------
Env.  Env. Placements            X1           Y1          X2           Y2

  1        1                  0.600      -21.000       7.200      -19.200

Shape               Environments Status & Error Marker 

          1           X1         Y1         X2         Y2

   1      X        0.600    -21.000      1.200    -20.400
   2      X        0.600    -19.800      1.200    -19.200
   3      X        1.800    -21.000      2.400    -20.400
   4      X        1.800    -19.800      2.400    -19.200
   5      X        3.000    -21.000      3.600    -20.400
   6      X        3.000    -19.800      3.600    -19.200
   7      X        4.200    -19.800      4.800    -19.200
   8      X        5.400    -19.800      6.000    -19.200
   9      X        6.600    -19.800      7.200    -19.200

================================================================================
Rule No. 773 : ERC Warning: Gates connected to VSS/GND

Real Error Count : 28; Flat Error Count : 28
================================================================================

--------------------------------------------------------------------------------
Cell Name : gmc_5_f layout FECG

                   Cell Errors    Real Errors   Cell Placements     Environments
                            28             28                 1                1
--------------------------------------------------------------------------------
Env.  Env. Placements            X1           Y1          X2           Y2

  1        1                 26.650       54.450      70.900      126.950

Shape               Environments Status & Error Marker 

          1           X1         Y1         X2         Y2

   1      X       26.650     54.450     28.650     58.450
   2      X       26.650    122.950     28.650    126.950
   3      X       29.900     54.450     31.900     58.450
   4      X       29.900    122.950     31.900    126.950
   5      X       33.150     54.450     35.150     58.450
   6      X       33.150    122.950     35.150    126.950
   7      X       36.400     54.450     38.400     58.450
   8      X       36.400    122.950     38.400    126.950
   9      X       39.650     54.450     41.650     58.450
  10      X       39.650    122.950     41.650    126.950
  11      X       42.900     54.450     44.900     58.450
  12      X       42.900    122.950     44.900    126.950
  13      X       46.150     54.450     48.150     58.450
  14      X       46.150    122.950     48.150    126.950
  15      X       49.400     54.450     51.400     58.450
  16      X       49.400    122.950     51.400    126.950
  17      X       52.650     54.450     54.650     58.450
  18      X       52.650    122.950     54.650    126.950
  19      X       55.900     54.450     57.900     58.450
  20      X       55.900    122.950     57.900    126.950
  21      X       59.150     54.450     61.150     58.450
  22      X       59.150    122.950     61.150    126.950
  23      X       62.400     54.450     64.400     58.450
  24      X       62.400    122.950     64.400    126.950
  25      X       65.650     54.450     67.650     58.450
  26      X       65.650    122.950     67.650    126.950
  27      X       68.900     54.450     70.900     58.450
  28      X       68.900    122.950     70.900    126.950

================================================================================
Rule No. 774 : ERC Warning: floating gate not connected to s/d, pad or resistor

Real Error Count : 25; Flat Error Count : 89
================================================================================

--------------------------------------------------------------------------------
Cell Name : pmos4 layout PRIMLIB jd=FALSE js=FALSE l="350n" ng="20" w="15u" wtot="300u" in1=MP128129

                   Cell Errors    Real Errors   Cell Placements     Environments
                            20             20                 4                1
--------------------------------------------------------------------------------
Env.  Env. Placements            X1           Y1          X2           Y2

  1        4                156.525      178.175     182.525      193.175

Shape               Environments Status & Error Marker 

          1           X1         Y1         X2         Y2

   1      X        0.000      0.850     15.000      1.200
   2      X        0.000      2.200     15.000      2.550
   3      X        0.000      3.550     15.000      3.900
   4      X        0.000      4.900     15.000      5.250
   5      X        0.000      6.250     15.000      6.600
   6      X        0.000      7.600     15.000      7.950
   7      X        0.000      8.950     15.000      9.300
   8      X        0.000     10.300     15.000     10.650
   9      X        0.000     11.650     15.000     12.000
  10      X        0.000     13.000     15.000     13.350
  11      X        0.000     14.350     15.000     14.700
  12      X        0.000     15.700     15.000     16.050
  13      X        0.000     17.050     15.000     17.400
  14      X        0.000     18.400     15.000     18.750
  15      X        0.000     19.750     15.000     20.100
  16      X        0.000     21.100     15.000     21.450
  17      X        0.000     22.450     15.000     22.800
  18      X        0.000     23.800     15.000     24.150
  19      X        0.000     25.150     15.000     25.500
  20      X        0.000     26.500     15.000     26.850

--------------------------------------------------------------------------------
Cell Name : INVX1 layout CORELIBD

                   Cell Errors    Real Errors   Cell Placements     Environments
                             2              2                 3                1
--------------------------------------------------------------------------------
Env.  Env. Placements            X1           Y1          X2           Y2

  1        3                359.350      218.000     359.850      221.650

Shape               Environments Status & Error Marker 

          1           X1         Y1         X2         Y2

   1      X        1.100      3.450      1.450      3.850
   2      X        1.250      6.400      1.600      7.100

--------------------------------------------------------------------------------
Cell Name : gmc_5_f layout FECG

                   Cell Errors    Real Errors   Cell Placements     Environments
                             3              3                 1                1
--------------------------------------------------------------------------------
Env.  Env. Placements            X1           Y1          X2           Y2

  1        1                 36.400      148.350     400.950      221.650

Shape               Environments Status & Error Marker 

          1           X1         Y1         X2         Y2

   1      X      377.300    214.850    378.300    216.850
   2      X      388.100    214.850    389.100    216.850
   3      X      399.950    214.850    400.950    216.850

================================================================================
Rule No. 1476 : # INFO: C35B4/C35B3 ASSURA DRC DECK (REV9 DATE 26-Apr-2011) Last modified 07-Sept-2016 #

Real Error Count : 1; Flat Error Count : 1
================================================================================

--------------------------------------------------------------------------------
Cell Name : gmc_5_f layout FECG

                   Cell Errors    Real Errors   Cell Placements     Environments
                             1              1                 1                1
--------------------------------------------------------------------------------
Env.  Env. Placements            X1           Y1          X2           Y2

  1        1                  0.600      -21.000     948.050      240.600

Shape               Environments Status & Error Marker 

          1           X1         Y1         X2         Y2

   1      X        0.600    -21.000    948.050    240.600

