Starting Single Run, Sweeps and Corners...

Current time: Wed Apr  1 05:41:56 2026 
Best design point: 1
Design specs: 
	VIN	corner	CMOS_RES_CAP_TEMP_0 - 
	integrated noise V		36.51u
	VIN	corner	CMOS_RES_CAP_TEMP_1 - 
	integrated noise V		48.38u
	VIN	corner	CMOS_RES_CAP_TEMP_2 - 
	integrated noise V		35.77u
	VIN	corner	CMOS_RES_CAP_TEMP_3 - 
	integrated noise V		47.6u
	VIN	corner	CMOS_RES_CAP_TEMP_4 - 
	integrated noise V		37.46u
	VIN	corner	CMOS_RES_CAP_TEMP_5 - 
	integrated noise V		49.94u
	VIN	corner	CMOS_RES_CAP_TEMP_6 - 
	integrated noise V		36.64u
	VIN	corner	CMOS_RES_CAP_TEMP_7 - 
	integrated noise V		49.01u
	VIN	corner	CMOS_RES_CAP_TEMP_8 - 
	integrated noise V		35.03u
	VIN	corner	CMOS_RES_CAP_TEMP_9 - 
	integrated noise V		46.05u
	VIN	corner	CMOS_RES_CAP_TEMP_10 - 
	integrated noise V		34.28u
	VIN	corner	CMOS_RES_CAP_TEMP_11 - 
	integrated noise V		45.29u
	VIN	corner	CMOS_RES_CAP_TEMP_12 - 
	integrated noise V		35.66u
	VIN	corner	CMOS_RES_CAP_TEMP_13 - 
	integrated noise V		47.27u
	VIN	corner	CMOS_RES_CAP_TEMP_14 - 
	integrated noise V		34.83u
	VIN	corner	CMOS_RES_CAP_TEMP_15 - 
	integrated noise V		46.4u
	VIN	corner	CMOS_RES_CAP_TEMP_16 - 
	integrated noise V		34.1u
	VIN	corner	CMOS_RES_CAP_TEMP_17 - 
	integrated noise V		45.16u
	VIN	corner	CMOS_RES_CAP_TEMP_18 - 
	integrated noise V		33.54u
	VIN	corner	CMOS_RES_CAP_TEMP_19 - 
	integrated noise V		44.68u
	VIN	corner	CMOS_RES_CAP_TEMP_20 - 
	integrated noise V		34.94u
	VIN	corner	CMOS_RES_CAP_TEMP_21 - 
	integrated noise V		46.48u
	VIN	corner	CMOS_RES_CAP_TEMP_22 - 
	integrated noise V		34.31u
	VIN	corner	CMOS_RES_CAP_TEMP_23 - 
	integrated noise V		45.91u
	VIN	corner	CMOS_RES_CAP_TEMP_24 - 
	integrated noise V		33.01u
	VIN	corner	CMOS_RES_CAP_TEMP_25 - 
	integrated noise V		43.13u
	VIN	corner	CMOS_RES_CAP_TEMP_26 - 
	integrated noise V		32.4u
	VIN	corner	CMOS_RES_CAP_TEMP_27 - 
	integrated noise V		42.61u
	VIN	corner	CMOS_RES_CAP_TEMP_28 - 
	integrated noise V		33.53u
	VIN	corner	CMOS_RES_CAP_TEMP_29 - 
	integrated noise V		44.19u
	VIN	corner	CMOS_RES_CAP_TEMP_30 - 
	integrated noise V		32.86u
	VIN	corner	CMOS_RES_CAP_TEMP_31 - 
	integrated noise V		43.59u
	VIN	corner	Nominal - 
	integrated noise V		40.6u
Design parameters: 
	VCM		1.6

Interactive.11
Number of points completed: 1
Number of simulation errors: 0
Interactive.11 completed. 
Current time: Wed Apr  1 05:42:17 2026 
