Starting Single Run, Sweeps and Corners...

Current time: Sun Apr  5 18:52:52 2026 
Best design point: 1
Design specs: 
	VDD	corner	CMOS_RES_CAP_TEMP_0 - 
	integrated noise V		Error	No
	VDD	corner	CMOS_RES_CAP_TEMP_1 - 
	integrated noise V		Error	No
	VDD	corner	CMOS_RES_CAP_TEMP_2 - 
	integrated noise V		Error	No
	VDD	corner	CMOS_RES_CAP_TEMP_3 - 
	integrated noise V		Error	No
	VDD	corner	CMOS_RES_CAP_TEMP_4 - 
	integrated noise V		Error	No
	VDD	corner	CMOS_RES_CAP_TEMP_5 - 
	integrated noise V		Error	No
	VDD	corner	CMOS_RES_CAP_TEMP_6 - 
	integrated noise V		Error	No
	VDD	corner	CMOS_RES_CAP_TEMP_7 - 
	integrated noise V		Error	No
	VDD	corner	CMOS_RES_CAP_TEMP_8 - 
	integrated noise V		Error	No
	VDD	corner	CMOS_RES_CAP_TEMP_9 - 
	integrated noise V		Error	No
	VDD	corner	CMOS_RES_CAP_TEMP_10 - 
	integrated noise V		Error	No
	VDD	corner	CMOS_RES_CAP_TEMP_11 - 
	integrated noise V		Error	No
	VDD	corner	CMOS_RES_CAP_TEMP_12 - 
	integrated noise V		Error	No
	VDD	corner	CMOS_RES_CAP_TEMP_13 - 
	integrated noise V		Error	No
	VDD	corner	CMOS_RES_CAP_TEMP_14 - 
	integrated noise V		Error	No
	VDD	corner	CMOS_RES_CAP_TEMP_15 - 
	integrated noise V		Error	No
	VDD	corner	CMOS_RES_CAP_TEMP_16 - 
	integrated noise V		Error	No
	VDD	corner	CMOS_RES_CAP_TEMP_17 - 
	integrated noise V		Error	No
	VDD	corner	CMOS_RES_CAP_TEMP_18 - 
	integrated noise V		Error	No
	VDD	corner	CMOS_RES_CAP_TEMP_19 - 
	integrated noise V		Error	No
	VDD	corner	CMOS_RES_CAP_TEMP_20 - 
	integrated noise V		Error	No
	VDD	corner	CMOS_RES_CAP_TEMP_21 - 
	integrated noise V		Error	No
	VDD	corner	CMOS_RES_CAP_TEMP_22 - 
	integrated noise V		Error	No
	VDD	corner	CMOS_RES_CAP_TEMP_23 - 
	integrated noise V		Error	No
	VDD	corner	CMOS_RES_CAP_TEMP_24 - 
	integrated noise V		Error	No
	VDD	corner	CMOS_RES_CAP_TEMP_25 - 
	integrated noise V		Error	No
	VDD	corner	CMOS_RES_CAP_TEMP_26 - 
	integrated noise V		Error	No
	VDD	corner	CMOS_RES_CAP_TEMP_27 - 
	integrated noise V		Error	No
	VDD	corner	CMOS_RES_CAP_TEMP_28 - 
	integrated noise V		Error	No
	VDD	corner	CMOS_RES_CAP_TEMP_29 - 
	integrated noise V		Error	No
	VDD	corner	CMOS_RES_CAP_TEMP_30 - 
	integrated noise V		Error	No
	VDD	corner	CMOS_RES_CAP_TEMP_31 - 
	integrated noise V		Error	No
	VDD	corner	Nominal - 
	integrated noise V		Error	No
Design parameters: 
	VCM		1.6

Interactive.14
Number of points completed: 1
Number of simulation errors: 0
Interactive.14 completed. 
Current time: Sun Apr  5 18:53:04 2026 
