Starting Monte Carlo Sampling...

Current time: Wed Apr  1 05:45:03 2026 

Variation: All
Sampling Method: Low-Discrepancy Sequence
Seed: 

MonteCarlo.1
Number of points completed: 100
Number of simulation errors: 0
MonteCarlo.1 completed. 
Current time: Wed Apr  1 05:45:30 2026 
Monte Carlo Sampling yield summary:
Number of spec values are in this yield data: 2
VIN_MC	Nominal - 
	DC_GAIN:	Yield	0%
		Min 0	Max 0	Mean 0	Number of errors 0
VIN_MC	Nominal - 
	integrated noise V:	Yield	100%
		Min 3.90356e-05	Max 4.25272e-05	Mean 4.05847e-05	Number of errors 0

VIN_MC
	Overall Yield	100%	Number of points passed	100	Total number of points	100

Estimated yield = 100% (100/100), 0 errors
Estimated yield (No opregions) = 100% (100/100)
