Starting Monte Carlo Sampling...

Current time: Fri Apr 10 09:37:28 2026 

Variation: All
Sampling Method: Low-Discrepancy Sequence
Seed: 12345

MonteCarlo.2
Number of points completed: 20
Number of simulation errors: 0
MonteCarlo.2 completed. 
Current time: Fri Apr 10 09:38:34 2026 
Monte Carlo Sampling yield summary:
Number of spec values are in this yield data: 5
TRAN_CMRR_MC	Nominal - 
	CM_DIFF_IN:	Yield	0%
		Min 0	Max 0	Mean 0	Number of errors 0
TRAN_CMRR_MC	Nominal - 
	v /CMFB; pss (V):	Yield	0%
		Min 0	Max 0	Mean 0	Number of errors 0
TRAN_CMRR_MC	Nominal - 
	v /VINN; pss (V):	Yield	0%
		Min 0	Max 0	Mean 0	Number of errors 0
TRAN_CMRR_MC	Nominal - 
	v /VINP; pss (V):	Yield	0%
		Min 0	Max 0	Mean 0	Number of errors 0
TRAN_CMRR_MC	Nominal - 
	v /VOUT; pss (V):	Yield	0%
		Min 0	Max 0	Mean 0	Number of errors 0

TRAN_CMRR_MC
	Overall Yield	0%	Number of points passed	0	Total number of points	0

Estimated yield = 0% (0/0), 0 errors
Estimated yield (No opregions) = 0% (0/0)
