Starting Monte Carlo Sampling...

Current time: Fri Apr 10 09:58:56 2026 

Variation: All
Sampling Method: Low-Discrepancy Sequence
Seed: 12345

MonteCarlo.8
Number of points completed: 100
Number of simulation errors: 0
MonteCarlo.8 completed. 
Current time: Fri Apr 10 10:02:47 2026 
Monte Carlo Sampling yield summary:
Number of spec values are in this yield data: 7
TRAN_CMRR_MC	Nominal - 
	CM_DIFF_IN:	Yield	0%
		Min 0	Max 0	Mean 0	Number of errors 100
TRAN_CMRR_MC	Nominal - 
	VOUT_50Hz_Vrms:	Yield	100%
		Min 0.000303515	Max 0.00427945	Mean 0.00117127	Number of errors 0
TRAN_CMRR_MC	Nominal - 
	VOUT_DC:	Yield	100%
		Min 1.3979	Max 1.62312	Mean 1.51514	Number of errors 0
TRAN_CMRR_MC	Nominal - 
	v /CMFB; pss (V):	Yield	0%
		Min 0	Max 0	Mean 0	Number of errors 0
TRAN_CMRR_MC	Nominal - 
	v /VINN; pss (V):	Yield	0%
		Min 0	Max 0	Mean 0	Number of errors 0
TRAN_CMRR_MC	Nominal - 
	v /VINP; pss (V):	Yield	0%
		Min 0	Max 0	Mean 0	Number of errors 0
TRAN_CMRR_MC	Nominal - 
	v /VOUT; pss (V):	Yield	0%
		Min 0	Max 0	Mean 0	Number of errors 0

TRAN_CMRR_MC
	Overall Yield	100%	Number of points passed	100	Total number of points	100

Estimated yield = 100% (100/100), 100 errors
Estimated yield (No opregions) = 100% (100/100)
