Starting Monte Carlo Sampling...

Current time: Fri Apr 10 09:46:07 2026 

Variation: All
Sampling Method: Low-Discrepancy Sequence
Seed: 12345

MonteCarlo.3
Number of points completed: 20
Number of simulation errors: 0
MonteCarlo.3 completed. 
Current time: Fri Apr 10 09:47:09 2026 
Monte Carlo Sampling yield summary:
Number of spec values are in this yield data: 7
TRAN_CMRR_MC	Nominal - 
	CM_DIFF_IN:	Yield	0%
		Min 0	Max 0	Mean 0	Number of errors 20
TRAN_CMRR_MC	Nominal - 
	VOUT_50Hz_Vrms:	Yield	100%
		Min 0.00012255	Max 0.00302632	Mean 0.00108787	Number of errors 0
TRAN_CMRR_MC	Nominal - 
	VOUT_DC:	Yield	100%
		Min 1.4278	Max 1.62172	Mean 1.51768	Number of errors 0
TRAN_CMRR_MC	Nominal - 
	v /CMFB; pss (V):	Yield	0%
		Min 0	Max 0	Mean 0	Number of errors 0
TRAN_CMRR_MC	Nominal - 
	v /VINN; pss (V):	Yield	0%
		Min 0	Max 0	Mean 0	Number of errors 0
TRAN_CMRR_MC	Nominal - 
	v /VINP; pss (V):	Yield	0%
		Min 0	Max 0	Mean 0	Number of errors 0
TRAN_CMRR_MC	Nominal - 
	v /VOUT; pss (V):	Yield	0%
		Min 0	Max 0	Mean 0	Number of errors 0

TRAN_CMRR_MC
	Overall Yield	100%	Number of points passed	20	Total number of points	20

Estimated yield = 100% (20/20), 20 errors
Estimated yield (No opregions) = 100% (20/20)
