Starting Monte Carlo Sampling...

Current time: Thu Apr 16 17:22:42 2026 

Variation: All
Sampling Method: Low-Discrepancy Sequence
Seed: 12345

MonteCarlo.4
Number of points completed: 200
Number of simulation errors: 0
MonteCarlo.4 completed. 
Current time: Thu Apr 16 17:23:13 2026 
Monte Carlo Sampling yield summary:
Number of spec values are in this yield data: 3
DC_MC	Nominal - 
	IDC("/I2/BIAS"):	Yield	100%
		Min 1.53392e-07	Max 2.80963e-07	Mean 2.0715e-07	Number of errors 0
DC_MC	Nominal - 
	V/V /V0; xf dB20(V/V):	Yield	0%
		Min 0	Max 0	Mean 0	Number of errors 0
DC_MC	Nominal - 
	VDC("/VBG"):	Yield	100%
		Min 1.19121	Max 1.22971	Mean 1.21193	Number of errors 0

DC_MC
	Overall Yield	100%	Number of points passed	200	Total number of points	200

Estimated yield = 100% (200/200), 0 errors
Estimated yield (No opregions) = 100% (200/200)
