================================================================================
Rule No. 44 : # INFO: Set -resimulate_extracted- Switch for QRC! #

Real Error Count : 1; Flat Error Count : 1
================================================================================

--------------------------------------------------------------------------------
Cell Name : mux21c_f layout FECG

                   Cell Errors    Real Errors   Cell Placements     Environments
                             1              1                 1                1
--------------------------------------------------------------------------------
Env.  Env. Placements            X1           Y1          X2           Y2

  1        1                  0.350        0.350      29.250       19.250

Shape               Environments Status & Error Marker 

          1           X1         Y1         X2         Y2

   1      X        0.350      0.350     29.250     19.250

================================================================================
Rule No. 45 : # C35B4 ENG - 183 Rev9 (Last updated 26-Apr-2017 12:48) #

Real Error Count : 1; Flat Error Count : 1
================================================================================

--------------------------------------------------------------------------------
Cell Name : mux21c_f layout FECG

                   Cell Errors    Real Errors   Cell Placements     Environments
                             1              1                 1                1
--------------------------------------------------------------------------------
Env.  Env. Placements            X1           Y1          X2           Y2

  1        1                  0.350        0.350      29.250       19.250

Shape               Environments Status & Error Marker 

          1           X1         Y1         X2         Y2

   1      X        0.350      0.350     29.250     19.250

