Starting Monte Carlo Sampling...

Current time: Wed Apr 15 04:38:43 2026 

Variation: All
Sampling Method: Low-Discrepancy Sequence
Seed: 12345

MonteCarlo.1
Number of points completed: 200
Number of simulation errors: 0
MonteCarlo.1 completed. 
Current time: Wed Apr 15 04:39:27 2026 
Monte Carlo Sampling yield summary:
Number of spec values are in this yield data: 4
DC_MC	Nominal - 
	V/V /V0; xf dB20(V/V):	Yield	0%
		Min 0	Max 0	Mean 0	Number of errors 200
DC_MC	Nominal - 
	V1500:	Yield	100%
		Min 0	Max 0	Mean 0	Number of errors 0
DC_MC	Nominal - 
	V1600:	Yield	100%
		Min 0	Max 0	Mean 0	Number of errors 0
DC_MC	Nominal - 
	VT("/V1600"):	Yield	0%
		Min 0	Max 0	Mean 0	Number of errors 0

DC_MC
	Overall Yield	100%	Number of points passed	200	Total number of points	200

Estimated yield = 100% (200/200), 200 errors
Estimated yield (No opregions) = 100% (200/200)
