Starting Single Run, Sweeps and Corners...

Current time: Sat Apr 18 20:50:35 2026 
Best design point: 1
Design specs: 
	PSS_PXF_PNOISE	corner	Nominal - 
	Output_Noise_Vrms		Error	No
	CM_Gain_dB		Error	No
	CM_Gain_50Hz		Error	No
	CM_Gain_50Hz_dB		Error	No
	Diff_Gain_dB		Error	No
	Diff_Gain_50Hz		Error	No
	Diff_Gain_50Hz_dB		Error	No
	CMRR_50Hz_dB		Error	No
	Input_ref_noise_Vrms		Error	No
	Output_noise_Vrms		Error	No
Design parameters: 
	FC		4K
	F0		3.3
	F1		3.3
	F2		0
	S0		3.3
	S1		0
	S2		0

Interactive.37
Number of points completed: 1
Number of simulation errors: 0
Interactive.37 completed. 
Current time: Sat Apr 18 20:50:41 2026 
