Starting Single Run, Sweeps and Corners...

Current time: Sat Apr 18 20:45:48 2026 
Best design point: 1
Design specs: 
	PSS_VIN	corner	Nominal - 
	v /I19/VGA; pss (V)		Error	No
	VIA_d2_dB		52.88
	VLF1_d2_dB		31.79
	VGA_d2_dB		14.99
	VLF2_d2_dB1		16.86
	VOUT_d2_dB		15.35	No
	VOUT_V		2.036	Yes
Design parameters: 
	FC		4K
	F0		3.3
	F1		3.3
	F2		0
	S0		3.3
	S1		0
	S2		0

Interactive.34
Number of points completed: 1
Number of simulation errors: 0
Interactive.34 completed. 
Current time: Sat Apr 18 20:46:29 2026 
