Starting Single Run, Sweeps and Corners...

Current time: Sat Apr 18 20:47:41 2026 
Best design point: 1
Design specs: 
	PSS_VIN	corner	Nominal - 
	v /I19/VGA; pss (V)		Error	No
	VIA_d2_dB		103
	VLF1_d2_dB		80.46
	VGA_d2_dB		75.29
	VLF2_d2_dB1		68.95
	VOUT_d2_dB		61.96	Yes
	VOUT_V		1.099	Yes
Design parameters: 
	FC		4K
	F0		3.3
	F1		3.3
	F2		0
	S0		3.3
	S1		0
	S2		0

Interactive.35
Number of points completed: 1
Number of simulation errors: 0
Interactive.35 completed. 
Current time: Sat Apr 18 20:48:01 2026 
