Starting Single Run, Sweeps and Corners...

Current time: Sat Apr 18 20:59:24 2026 
Best design point: 1
Design specs: 
	PSS_PXF_PNOISE	corner	CMOS_RES_CAP_VDD_TEMP_0 - 
	Output_Noise_Vrms		1.111m
	CM_Gain_50Hz		56.51u
	CM_Gain_50Hz_dB		-85.06
	Diff_Gain_50Hz		1.344K
	Diff_Gain_50Hz_dB		-85.06
	CMRR_50Hz_dB		147.6
	Input_ref_noise_Vrms		826.4n
	Output_noise_Vrms		1.111m
	PSS_PXF_PNOISE	corner	CMOS_RES_CAP_VDD_TEMP_1 - 
	Output_Noise_Vrms		1.346m
	CM_Gain_50Hz		35.3u
	CM_Gain_50Hz_dB		-89.15
	Diff_Gain_50Hz		1.33K
	Diff_Gain_50Hz_dB		-89.15
	CMRR_50Hz_dB		151.6
	Input_ref_noise_Vrms		1.012u
	Output_noise_Vrms		1.346m
	PSS_PXF_PNOISE	corner	CMOS_RES_CAP_VDD_TEMP_2 - 
	Output_Noise_Vrms		1.117m
	CM_Gain_50Hz		28.69u
	CM_Gain_50Hz_dB		-90.95
	Diff_Gain_50Hz		1.353K
	Diff_Gain_50Hz_dB		-90.95
	CMRR_50Hz_dB		153.6
	Input_ref_noise_Vrms		825.7n
	Output_noise_Vrms		1.117m
	PSS_PXF_PNOISE	corner	CMOS_RES_CAP_VDD_TEMP_3 - 
	Output_Noise_Vrms		1.354m
	CM_Gain_50Hz		23.29u
	CM_Gain_50Hz_dB		-92.76
	Diff_Gain_50Hz		1.34K
	Diff_Gain_50Hz_dB		-92.76
	CMRR_50Hz_dB		155.3
	Input_ref_noise_Vrms		1.01u
	Output_noise_Vrms		1.354m
	PSS_PXF_PNOISE	corner	CMOS_RES_CAP_VDD_TEMP_4 - 
	Output_Noise_Vrms		1.149m
	CM_Gain_50Hz		39.78u
	CM_Gain_50Hz_dB		-88.12
	Diff_Gain_50Hz		1.433K
	Diff_Gain_50Hz_dB		-88.12
	CMRR_50Hz_dB		151.2
	Input_ref_noise_Vrms		801.3n
	Output_noise_Vrms		1.149m
	PSS_PXF_PNOISE	corner	CMOS_RES_CAP_VDD_TEMP_5 - 
	Output_Noise_Vrms		1.27m
	CM_Gain_50Hz		28.58u
	CM_Gain_50Hz_dB		-91.01
	Diff_Gain_50Hz		1.35K
	Diff_Gain_50Hz_dB		-91.01
	CMRR_50Hz_dB		153.6
	Input_ref_noise_Vrms		940.8n
	Output_noise_Vrms		1.27m
	PSS_PXF_PNOISE	corner	CMOS_RES_CAP_VDD_TEMP_6 - 
	Output_Noise_Vrms		1.155m
	CM_Gain_50Hz		23.17u
	CM_Gain_50Hz_dB		-92.81
	Diff_Gain_50Hz		1.44K
	Diff_Gain_50Hz_dB		-92.81
	CMRR_50Hz_dB		156
	Input_ref_noise_Vrms		802.3n
	Output_noise_Vrms		1.155m
	PSS_PXF_PNOISE	corner	CMOS_RES_CAP_VDD_TEMP_7 - 
	Output_Noise_Vrms		1.27m
	CM_Gain_50Hz		26.08u
	CM_Gain_50Hz_dB		-91.72
	Diff_Gain_50Hz		1.355K
	Diff_Gain_50Hz_dB		-91.72
	CMRR_50Hz_dB		154.4
	Input_ref_noise_Vrms		937n
	Output_noise_Vrms		1.27m
	PSS_PXF_PNOISE	corner	CMOS_RES_CAP_VDD_TEMP_8 - 
	Output_Noise_Vrms		1.125m
	CM_Gain_50Hz		65.06u
	CM_Gain_50Hz_dB		-83.81
	Diff_Gain_50Hz		1.348K
	Diff_Gain_50Hz_dB		-83.81
	CMRR_50Hz_dB		146.4
	Input_ref_noise_Vrms		834.8n
	Output_noise_Vrms		1.125m
	PSS_PXF_PNOISE	corner	CMOS_RES_CAP_VDD_TEMP_9 - 
	Output_Noise_Vrms		1.361m
	CM_Gain_50Hz		34.69u
	CM_Gain_50Hz_dB		-89.31
	Diff_Gain_50Hz		1.321K
	Diff_Gain_50Hz_dB		-89.31
	CMRR_50Hz_dB		151.7
	Input_ref_noise_Vrms		1.03u
	Output_noise_Vrms		1.361m
	PSS_PXF_PNOISE	corner	CMOS_RES_CAP_VDD_TEMP_10 - 
	Output_Noise_Vrms		1.128m
	CM_Gain_50Hz		31.65u
	CM_Gain_50Hz_dB		-90.1
	Diff_Gain_50Hz		1.346K
	Diff_Gain_50Hz_dB		-90.1
	CMRR_50Hz_dB		152.7
	Input_ref_noise_Vrms		837.7n
	Output_noise_Vrms		1.128m
	PSS_PXF_PNOISE	corner	CMOS_RES_CAP_VDD_TEMP_11 - 
	Output_Noise_Vrms		1.367m
	CM_Gain_50Hz		22.94u
	CM_Gain_50Hz_dB		-92.9
	Diff_Gain_50Hz		1.327K
	Diff_Gain_50Hz_dB		-92.9
	CMRR_50Hz_dB		155.4
	Input_ref_noise_Vrms		1.03u
	Output_noise_Vrms		1.367m
	PSS_PXF_PNOISE	corner	CMOS_RES_CAP_VDD_TEMP_12 - 
	Output_Noise_Vrms		1.165m
	CM_Gain_50Hz		43.09u
	CM_Gain_50Hz_dB		-87.42
	Diff_Gain_50Hz		1.442K
	Diff_Gain_50Hz_dB		-87.42
	CMRR_50Hz_dB		150.6
	Input_ref_noise_Vrms		808.1n
	Output_noise_Vrms		1.165m
	PSS_PXF_PNOISE	corner	CMOS_RES_CAP_VDD_TEMP_13 - 
	Output_Noise_Vrms		1.287m
	CM_Gain_50Hz		28.1u
	CM_Gain_50Hz_dB		-91.16
	Diff_Gain_50Hz		1.331K
	Diff_Gain_50Hz_dB		-91.16
	CMRR_50Hz_dB		153.6
	Input_ref_noise_Vrms		967n
	Output_noise_Vrms		1.287m
	PSS_PXF_PNOISE	corner	CMOS_RES_CAP_VDD_TEMP_14 - 
	Output_Noise_Vrms		1.171m
	CM_Gain_50Hz		26.5u
	CM_Gain_50Hz_dB		-91.64
	Diff_Gain_50Hz		1.445K
	Diff_Gain_50Hz_dB		-91.64
	CMRR_50Hz_dB		154.8
	Input_ref_noise_Vrms		810.3n
	Output_noise_Vrms		1.171m
	PSS_PXF_PNOISE	corner	CMOS_RES_CAP_VDD_TEMP_15 - 
	Output_Noise_Vrms		1.294m
	CM_Gain_50Hz		19.7u
	CM_Gain_50Hz_dB		-94.25
	Diff_Gain_50Hz		1.337K
	Diff_Gain_50Hz_dB		-94.25
	CMRR_50Hz_dB		156.8
	Input_ref_noise_Vrms		968n
	Output_noise_Vrms		1.294m
	PSS_PXF_PNOISE	corner	CMOS_RES_CAP_VDD_TEMP_16 - 
	Output_Noise_Vrms		1.224m
	CM_Gain_50Hz		87.62u
	CM_Gain_50Hz_dB		-81.25
	Diff_Gain_50Hz		1.353K
	Diff_Gain_50Hz_dB		-81.25
	CMRR_50Hz_dB		143.9
	Input_ref_noise_Vrms		904.8n
	Output_noise_Vrms		1.224m
	PSS_PXF_PNOISE	corner	CMOS_RES_CAP_VDD_TEMP_17 - 
	Output_Noise_Vrms		1.41m
	CM_Gain_50Hz		54.76u
	CM_Gain_50Hz_dB		-85.34
	Diff_Gain_50Hz		1.348K
	Diff_Gain_50Hz_dB		-85.34
	CMRR_50Hz_dB		147.9
	Input_ref_noise_Vrms		1.046u
	Output_noise_Vrms		1.41m
	PSS_PXF_PNOISE	corner	CMOS_RES_CAP_VDD_TEMP_18 - 
	Output_Noise_Vrms		1.232m
	CM_Gain_50Hz		44.55u
	CM_Gain_50Hz_dB		-87.13
	Diff_Gain_50Hz		1.359K
	Diff_Gain_50Hz_dB		-87.13
	CMRR_50Hz_dB		149.8
	Input_ref_noise_Vrms		906.2n
	Output_noise_Vrms		1.232m
	PSS_PXF_PNOISE	corner	CMOS_RES_CAP_VDD_TEMP_19 - 
	Output_Noise_Vrms		1.418m
	CM_Gain_50Hz		36.18u
	CM_Gain_50Hz_dB		-88.94
	Diff_Gain_50Hz		1.356K
	Diff_Gain_50Hz_dB		-88.94
	CMRR_50Hz_dB		151.6
	Input_ref_noise_Vrms		1.046u
	Output_noise_Vrms		1.418m
	PSS_PXF_PNOISE	corner	CMOS_RES_CAP_VDD_TEMP_20 - 
	Output_Noise_Vrms		1.285m
	CM_Gain_50Hz		61.72u
	CM_Gain_50Hz_dB		-84.3
	Diff_Gain_50Hz		1.437K
	Diff_Gain_50Hz_dB		-84.3
	CMRR_50Hz_dB		147.5
	Input_ref_noise_Vrms		893.9n
	Output_noise_Vrms		1.285m
	PSS_PXF_PNOISE	corner	CMOS_RES_CAP_VDD_TEMP_21 - 
	Output_Noise_Vrms		1.286m
	CM_Gain_50Hz		44.36u
	CM_Gain_50Hz_dB		-87.19
	Diff_Gain_50Hz		1.363K
	Diff_Gain_50Hz_dB		-87.19
	CMRR_50Hz_dB		149.9
	Input_ref_noise_Vrms		943.8n
	Output_noise_Vrms		1.286m
	PSS_PXF_PNOISE	corner	CMOS_RES_CAP_VDD_TEMP_22 - 
	Output_Noise_Vrms		1.294m
	CM_Gain_50Hz		35.99u
	CM_Gain_50Hz_dB		-88.98
	Diff_Gain_50Hz		1.443K
	Diff_Gain_50Hz_dB		-88.98
	CMRR_50Hz_dB		152.2
	Input_ref_noise_Vrms		896.8n
	Output_noise_Vrms		1.294m
	PSS_PXF_PNOISE	corner	CMOS_RES_CAP_VDD_TEMP_23 - 
	Output_Noise_Vrms		1.28m
	CM_Gain_50Hz		40.85u
	CM_Gain_50Hz_dB		-87.82
	Diff_Gain_50Hz		1.367K
	Diff_Gain_50Hz_dB		-87.82
	CMRR_50Hz_dB		150.5
	Input_ref_noise_Vrms		936.4n
	Output_noise_Vrms		1.28m
	PSS_PXF_PNOISE	corner	CMOS_RES_CAP_VDD_TEMP_24 - 
	Output_Noise_Vrms		1.236m
	CM_Gain_50Hz		102.2u
	CM_Gain_50Hz_dB		-79.89
	Diff_Gain_50Hz		1.359K
	Diff_Gain_50Hz_dB		-79.89
	CMRR_50Hz_dB		142.6
	Input_ref_noise_Vrms		909.3n
	Output_noise_Vrms		1.236m
	PSS_PXF_PNOISE	corner	CMOS_RES_CAP_VDD_TEMP_25 - 
	Output_Noise_Vrms		1.425m
	CM_Gain_50Hz		53.76u
	CM_Gain_50Hz_dB		-85.5
	Diff_Gain_50Hz		1.345K
	Diff_Gain_50Hz_dB		-85.5
	CMRR_50Hz_dB		148.1
	Input_ref_noise_Vrms		1.059u
	Output_noise_Vrms		1.425m
	PSS_PXF_PNOISE	corner	CMOS_RES_CAP_VDD_TEMP_26 - 
	Output_Noise_Vrms		1.242m
	CM_Gain_50Hz		51.15u
	CM_Gain_50Hz_dB		-85.93
	Diff_Gain_50Hz		1.359K
	Diff_Gain_50Hz_dB		-85.93
	CMRR_50Hz_dB		148.6
	Input_ref_noise_Vrms		913.9n
	Output_noise_Vrms		1.242m
	PSS_PXF_PNOISE	corner	CMOS_RES_CAP_VDD_TEMP_27 - 
	Output_Noise_Vrms		1.43m
	CM_Gain_50Hz		35.57u
	CM_Gain_50Hz_dB		-89.09
	Diff_Gain_50Hz		1.349K
	Diff_Gain_50Hz_dB		-89.09
	CMRR_50Hz_dB		151.7
	Input_ref_noise_Vrms		1.06u
	Output_noise_Vrms		1.43m
	PSS_PXF_PNOISE	corner	CMOS_RES_CAP_VDD_TEMP_28 - 
	Output_Noise_Vrms		1.3m
	CM_Gain_50Hz		68.62u
	CM_Gain_50Hz_dB		-83.38
	Diff_Gain_50Hz		1.449K
	Diff_Gain_50Hz_dB		-83.38
	CMRR_50Hz_dB		146.6
	Input_ref_noise_Vrms		897.6n
	Output_noise_Vrms		1.3m
	PSS_PXF_PNOISE	corner	CMOS_RES_CAP_VDD_TEMP_29 - 
	Output_Noise_Vrms		1.297m
	CM_Gain_50Hz		43.56u
	CM_Gain_50Hz_dB		-87.36
	Diff_Gain_50Hz		1.346K
	Diff_Gain_50Hz_dB		-87.36
	CMRR_50Hz_dB		149.9
	Input_ref_noise_Vrms		963.9n
	Output_noise_Vrms		1.297m
	PSS_PXF_PNOISE	corner	CMOS_RES_CAP_VDD_TEMP_30 - 
	Output_Noise_Vrms		1.309m
	CM_Gain_50Hz		42.71u
	CM_Gain_50Hz_dB		-87.5
	Diff_Gain_50Hz		1.452K
	Diff_Gain_50Hz_dB		-87.5
	CMRR_50Hz_dB		150.7
	Input_ref_noise_Vrms		901.4n
	Output_noise_Vrms		1.309m
	PSS_PXF_PNOISE	corner	CMOS_RES_CAP_VDD_TEMP_31 - 
	Output_Noise_Vrms		1.301m
	CM_Gain_50Hz		30.56u
	CM_Gain_50Hz_dB		-90.43
	Diff_Gain_50Hz		1.35K
	Diff_Gain_50Hz_dB		-90.43
	CMRR_50Hz_dB		153
	Input_ref_noise_Vrms		963.2n
	Output_noise_Vrms		1.301m
	PSS_PXF_PNOISE	corner	CMOS_RES_CAP_VDD_TEMP_32 - 
	Output_Noise_Vrms		1.018m
	CM_Gain_50Hz		56.15u
	CM_Gain_50Hz_dB		-85.12
	Diff_Gain_50Hz		1.335K
	Diff_Gain_50Hz_dB		-85.12
	CMRR_50Hz_dB		147.6
	Input_ref_noise_Vrms		762.6n
	Output_noise_Vrms		1.018m
	PSS_PXF_PNOISE	corner	CMOS_RES_CAP_VDD_TEMP_33 - 
	Output_Noise_Vrms		1.23m
	CM_Gain_50Hz		35.08u
	CM_Gain_50Hz_dB		-89.21
	Diff_Gain_50Hz		1.322K
	Diff_Gain_50Hz_dB		-89.21
	CMRR_50Hz_dB		151.6
	Input_ref_noise_Vrms		930.2n
	Output_noise_Vrms		1.23m
	PSS_PXF_PNOISE	corner	CMOS_RES_CAP_VDD_TEMP_34 - 
	Output_Noise_Vrms		1.024m
	CM_Gain_50Hz		28.51u
	CM_Gain_50Hz_dB		-91.01
	Diff_Gain_50Hz		1.344K
	Diff_Gain_50Hz_dB		-91.01
	CMRR_50Hz_dB		153.6
	Input_ref_noise_Vrms		762n
	Output_noise_Vrms		1.024m
	PSS_PXF_PNOISE	corner	CMOS_RES_CAP_VDD_TEMP_35 - 
	Output_Noise_Vrms		1.237m
	CM_Gain_50Hz		23.15u
	CM_Gain_50Hz_dB		-92.82
	Diff_Gain_50Hz		1.332K
	Diff_Gain_50Hz_dB		-92.82
	CMRR_50Hz_dB		155.3
	Input_ref_noise_Vrms		928.9n
	Output_noise_Vrms		1.237m
	PSS_PXF_PNOISE	corner	CMOS_RES_CAP_VDD_TEMP_36 - 
	Output_Noise_Vrms		1.054m
	CM_Gain_50Hz		39.53u
	CM_Gain_50Hz_dB		-88.17
	Diff_Gain_50Hz		1.424K
	Diff_Gain_50Hz_dB		-88.17
	CMRR_50Hz_dB		151.2
	Input_ref_noise_Vrms		739.6n
	Output_noise_Vrms		1.054m
	PSS_PXF_PNOISE	corner	CMOS_RES_CAP_VDD_TEMP_37 - 
	Output_Noise_Vrms		1.149m
	CM_Gain_50Hz		28.88u
	CM_Gain_50Hz_dB		-90.91
	Diff_Gain_50Hz		1.365K
	Diff_Gain_50Hz_dB		-90.91
	CMRR_50Hz_dB		153.6
	Input_ref_noise_Vrms		842n
	Output_noise_Vrms		1.149m
	PSS_PXF_PNOISE	corner	CMOS_RES_CAP_VDD_TEMP_38 - 
	Output_Noise_Vrms		1.06m
	CM_Gain_50Hz		23.03u
	CM_Gain_50Hz_dB		-92.86
	Diff_Gain_50Hz		1.431K
	Diff_Gain_50Hz_dB		-92.86
	CMRR_50Hz_dB		156
	Input_ref_noise_Vrms		740.6n
	Output_noise_Vrms		1.06m
	PSS_PXF_PNOISE	corner	CMOS_RES_CAP_VDD_TEMP_39 - 
	Output_Noise_Vrms		1.148m
	CM_Gain_50Hz		26.36u
	CM_Gain_50Hz_dB		-91.62
	Diff_Gain_50Hz		1.37K
	Diff_Gain_50Hz_dB		-91.62
	CMRR_50Hz_dB		154.4
	Input_ref_noise_Vrms		838.3n
	Output_noise_Vrms		1.148m
	PSS_PXF_PNOISE	corner	CMOS_RES_CAP_VDD_TEMP_40 - 
	Output_Noise_Vrms		1.031m
	CM_Gain_50Hz		64.63u
	CM_Gain_50Hz_dB		-83.87
	Diff_Gain_50Hz		1.339K
	Diff_Gain_50Hz_dB		-83.87
	CMRR_50Hz_dB		146.4
	Input_ref_noise_Vrms		769.9n
	Output_noise_Vrms		1.031m
	PSS_PXF_PNOISE	corner	CMOS_RES_CAP_VDD_TEMP_41 - 
	Output_Noise_Vrms		1.243m
	CM_Gain_50Hz		34.47u
	CM_Gain_50Hz_dB		-89.36
	Diff_Gain_50Hz		1.313K
	Diff_Gain_50Hz_dB		-89.36
	CMRR_50Hz_dB		151.7
	Input_ref_noise_Vrms		946.5n
	Output_noise_Vrms		1.243m
	PSS_PXF_PNOISE	corner	CMOS_RES_CAP_VDD_TEMP_42 - 
	Output_Noise_Vrms		1.034m
	CM_Gain_50Hz		31.44u
	CM_Gain_50Hz_dB		-90.16
	Diff_Gain_50Hz		1.337K
	Diff_Gain_50Hz_dB		-90.16
	CMRR_50Hz_dB		152.7
	Input_ref_noise_Vrms		772.8n
	Output_noise_Vrms		1.034m
	PSS_PXF_PNOISE	corner	CMOS_RES_CAP_VDD_TEMP_43 - 
	Output_Noise_Vrms		1.247m
	CM_Gain_50Hz		22.79u
	CM_Gain_50Hz_dB		-92.95
	Diff_Gain_50Hz		1.318K
	Diff_Gain_50Hz_dB		-92.95
	CMRR_50Hz_dB		155.4
	Input_ref_noise_Vrms		946.3n
	Output_noise_Vrms		1.247m
	PSS_PXF_PNOISE	corner	CMOS_RES_CAP_VDD_TEMP_44 - 
	Output_Noise_Vrms		1.069m
	CM_Gain_50Hz		42.81u
	CM_Gain_50Hz_dB		-87.48
	Diff_Gain_50Hz		1.433K
	Diff_Gain_50Hz_dB		-87.48
	CMRR_50Hz_dB		150.6
	Input_ref_noise_Vrms		745.7n
	Output_noise_Vrms		1.069m
	PSS_PXF_PNOISE	corner	CMOS_RES_CAP_VDD_TEMP_45 - 
	Output_Noise_Vrms		1.164m
	CM_Gain_50Hz		28.54u
	CM_Gain_50Hz_dB		-91.02
	Diff_Gain_50Hz		1.354K
	Diff_Gain_50Hz_dB		-91.02
	CMRR_50Hz_dB		153.6
	Input_ref_noise_Vrms		859.8n
	Output_noise_Vrms		1.164m
	PSS_PXF_PNOISE	corner	CMOS_RES_CAP_VDD_TEMP_46 - 
	Output_Noise_Vrms		1.073m
	CM_Gain_50Hz		26.33u
	CM_Gain_50Hz_dB		-91.7
	Diff_Gain_50Hz		1.435K
	Diff_Gain_50Hz_dB		-91.7
	CMRR_50Hz_dB		154.8
	Input_ref_noise_Vrms		747.9n
	Output_noise_Vrms		1.073m
	PSS_PXF_PNOISE	corner	CMOS_RES_CAP_VDD_TEMP_47 - 
	Output_Noise_Vrms		1.17m
	CM_Gain_50Hz		20.01u
	CM_Gain_50Hz_dB		-94.1
	Diff_Gain_50Hz		1.36K
	Diff_Gain_50Hz_dB		-94.1
	CMRR_50Hz_dB		156.8
	Input_ref_noise_Vrms		860.6n
	Output_noise_Vrms		1.17m
	PSS_PXF_PNOISE	corner	CMOS_RES_CAP_VDD_TEMP_48 - 
	Output_Noise_Vrms		1.133m
	CM_Gain_50Hz		86.97u
	CM_Gain_50Hz_dB		-81.32
	Diff_Gain_50Hz		1.343K
	Diff_Gain_50Hz_dB		-81.32
	CMRR_50Hz_dB		143.9
	Input_ref_noise_Vrms		843.5n
	Output_noise_Vrms		1.133m
	PSS_PXF_PNOISE	corner	CMOS_RES_CAP_VDD_TEMP_49 - 
	Output_Noise_Vrms		1.3m
	CM_Gain_50Hz		54.38u
	CM_Gain_50Hz_dB		-85.4
	Diff_Gain_50Hz		1.339K
	Diff_Gain_50Hz_dB		-85.4
	CMRR_50Hz_dB		147.9
	Input_ref_noise_Vrms		970.6n
	Output_noise_Vrms		1.3m
	PSS_PXF_PNOISE	corner	CMOS_RES_CAP_VDD_TEMP_50 - 
	Output_Noise_Vrms		1.14m
	CM_Gain_50Hz		44.23u
	CM_Gain_50Hz_dB		-87.19
	Diff_Gain_50Hz		1.35K
	Diff_Gain_50Hz_dB		-87.19
	CMRR_50Hz_dB		149.8
	Input_ref_noise_Vrms		845n
	Output_noise_Vrms		1.14m
	PSS_PXF_PNOISE	corner	CMOS_RES_CAP_VDD_TEMP_51 - 
	Output_Noise_Vrms		1.307m
	CM_Gain_50Hz		35.93u
	CM_Gain_50Hz_dB		-89
	Diff_Gain_50Hz		1.346K
	Diff_Gain_50Hz_dB		-89
	CMRR_50Hz_dB		151.6
	Input_ref_noise_Vrms		970.8n
	Output_noise_Vrms		1.307m
	PSS_PXF_PNOISE	corner	CMOS_RES_CAP_VDD_TEMP_52 - 
	Output_Noise_Vrms		1.19m
	CM_Gain_50Hz		61.25u
	CM_Gain_50Hz_dB		-84.36
	Diff_Gain_50Hz		1.427K
	Diff_Gain_50Hz_dB		-84.36
	CMRR_50Hz_dB		147.5
	Input_ref_noise_Vrms		834.2n
	Output_noise_Vrms		1.19m
	PSS_PXF_PNOISE	corner	CMOS_RES_CAP_VDD_TEMP_53 - 
	Output_Noise_Vrms		1.17m
	CM_Gain_50Hz		44.78u
	CM_Gain_50Hz_dB		-87.1
	Diff_Gain_50Hz		1.377K
	Diff_Gain_50Hz_dB		-87.1
	CMRR_50Hz_dB		149.9
	Input_ref_noise_Vrms		849.6n
	Output_noise_Vrms		1.17m
	PSS_PXF_PNOISE	corner	CMOS_RES_CAP_VDD_TEMP_54 - 
	Output_Noise_Vrms		1.199m
	CM_Gain_50Hz		35.72u
	CM_Gain_50Hz_dB		-89.05
	Diff_Gain_50Hz		1.433K
	Diff_Gain_50Hz_dB		-89.05
	CMRR_50Hz_dB		152.2
	Input_ref_noise_Vrms		837n
	Output_noise_Vrms		1.199m
	PSS_PXF_PNOISE	corner	CMOS_RES_CAP_VDD_TEMP_55 - 
	Output_Noise_Vrms		1.163m
	CM_Gain_50Hz		41.25u
	CM_Gain_50Hz_dB		-87.73
	Diff_Gain_50Hz		1.381K
	Diff_Gain_50Hz_dB		-87.73
	CMRR_50Hz_dB		150.5
	Input_ref_noise_Vrms		842.6n
	Output_noise_Vrms		1.163m
	PSS_PXF_PNOISE	corner	CMOS_RES_CAP_VDD_TEMP_56 - 
	Output_Noise_Vrms		1.143m
	CM_Gain_50Hz		101.4u
	CM_Gain_50Hz_dB		-79.95
	Diff_Gain_50Hz		1.349K
	Diff_Gain_50Hz_dB		-79.95
	CMRR_50Hz_dB		142.6
	Input_ref_noise_Vrms		847.3n
	Output_noise_Vrms		1.143m
	PSS_PXF_PNOISE	corner	CMOS_RES_CAP_VDD_TEMP_57 - 
	Output_Noise_Vrms		1.312m
	CM_Gain_50Hz		53.39u
	CM_Gain_50Hz_dB		-85.56
	Diff_Gain_50Hz		1.336K
	Diff_Gain_50Hz_dB		-85.56
	CMRR_50Hz_dB		148.1
	Input_ref_noise_Vrms		982.3n
	Output_noise_Vrms		1.312m
	PSS_PXF_PNOISE	corner	CMOS_RES_CAP_VDD_TEMP_58 - 
	Output_Noise_Vrms		1.149m
	CM_Gain_50Hz		50.77u
	CM_Gain_50Hz_dB		-85.99
	Diff_Gain_50Hz		1.349K
	Diff_Gain_50Hz_dB		-85.99
	CMRR_50Hz_dB		148.6
	Input_ref_noise_Vrms		851.9n
	Output_noise_Vrms		1.149m
	PSS_PXF_PNOISE	corner	CMOS_RES_CAP_VDD_TEMP_59 - 
	Output_Noise_Vrms		1.318m
	CM_Gain_50Hz		35.32u
	CM_Gain_50Hz_dB		-89.15
	Diff_Gain_50Hz		1.34K
	Diff_Gain_50Hz_dB		-89.15
	CMRR_50Hz_dB		151.7
	Input_ref_noise_Vrms		983.4n
	Output_noise_Vrms		1.318m
	PSS_PXF_PNOISE	corner	CMOS_RES_CAP_VDD_TEMP_60 - 
	Output_Noise_Vrms		1.204m
	CM_Gain_50Hz		68.11u
	CM_Gain_50Hz_dB		-83.44
	Diff_Gain_50Hz		1.438K
	Diff_Gain_50Hz_dB		-83.44
	CMRR_50Hz_dB		146.6
	Input_ref_noise_Vrms		837.5n
	Output_noise_Vrms		1.204m
	PSS_PXF_PNOISE	corner	CMOS_RES_CAP_VDD_TEMP_61 - 
	Output_Noise_Vrms		1.179m
	CM_Gain_50Hz		44.23u
	CM_Gain_50Hz_dB		-87.21
	Diff_Gain_50Hz		1.368K
	Diff_Gain_50Hz_dB		-87.21
	CMRR_50Hz_dB		149.9
	Input_ref_noise_Vrms		862.1n
	Output_noise_Vrms		1.179m
	PSS_PXF_PNOISE	corner	CMOS_RES_CAP_VDD_TEMP_62 - 
	Output_Noise_Vrms		1.212m
	CM_Gain_50Hz		42.4u
	CM_Gain_50Hz_dB		-87.56
	Diff_Gain_50Hz		1.441K
	Diff_Gain_50Hz_dB		-87.56
	CMRR_50Hz_dB		150.7
	Input_ref_noise_Vrms		841.2n
	Output_noise_Vrms		1.212m
	PSS_PXF_PNOISE	corner	CMOS_RES_CAP_VDD_TEMP_63 - 
	Output_Noise_Vrms		1.182m
	CM_Gain_50Hz		31.03u
	CM_Gain_50Hz_dB		-90.29
	Diff_Gain_50Hz		1.373K
	Diff_Gain_50Hz_dB		-90.29
	CMRR_50Hz_dB		153
	Input_ref_noise_Vrms		861.5n
	Output_noise_Vrms		1.182m
	PSS_PXF_PNOISE	corner	Nominal - 
	Output_Noise_Vrms		1.084m
	CM_Gain_50Hz		36.43u
	CM_Gain_50Hz_dB		-88.88
	Diff_Gain_50Hz		1.377K
	Diff_Gain_50Hz_dB		-88.88
	CMRR_50Hz_dB		151.7
	Input_ref_noise_Vrms		787.5n
	Output_noise_Vrms		1.084m
Design parameters: 
	FC		4K
	F0		3.3
	F1		3.3
	F2		0
	S0		3.3
	S1		0
	S2		0

Interactive.39
Number of points completed: 1
Number of simulation errors: 0
Interactive.39 completed. 
Current time: Sat Apr 18 21:19:23 2026 
