Starting Single Run, Sweeps and Corners...

Current time: Sat Apr 18 20:54:14 2026 
Best design point: 1
Design specs: 
	PSS_PXF_PNOISE	corner	Nominal - 
	Output_Noise_Vrms		1.084m
	CM_Gain_50Hz		36.43u
	CM_Gain_50Hz_dB		-88.88
	Diff_Gain_50Hz		1.377K
	Diff_Gain_50Hz_dB		-88.88
	CMRR_50Hz_dB		151.7
	Input_ref_noise_Vrms		787.5n
	Output_noise_Vrms		1.084m
Design parameters: 
	FC		4K
	F0		3.3
	F1		3.3
	F2		0
	S0		3.3
	S1		0
	S2		0

Interactive.38
Number of points completed: 1
Number of simulation errors: 0
Interactive.38 completed. 
Current time: Sat Apr 18 20:54:26 2026 
