Starting Single Run, Sweeps and Corners...

Current time: Sat Apr 18 20:49:42 2026 
Best design point: 1
Design specs: 
	PSS_VIN	corner	Nominal - 
	v /I19/VGA; pss (V)		Error	No
	VIA_d2_dB		101.5
	VLF1_d2_dB		80.64
	VGA_d2_dB		75.45
	VLF2_d2_dB1		68.68
	VOUT_d2_dB		61.95	Yes
	VOUT_V		1.101	Yes
Design parameters: 
	FC		4K
	F0		3.3
	F1		3.3
	F2		0
	S0		3.3
	S1		0
	S2		0

Interactive.36
Number of points completed: 1
Number of simulation errors: 0
Interactive.36 completed. 
Current time: Sat Apr 18 20:50:02 2026 
