Starting Single Run, Sweeps and Corners...

Current time: Sat Apr 18 20:20:01 2026 
Best design point: 1
Design specs: 
	PSS_VIN	corner	Nominal - 
	v /I19/VIA; pss (V)		Error	No
	v /I19/VLF1; pss (V)		Error	No
	v /I19/VGA; pss (V)		Error	No
	v /I19/VLF2; pss (V)		Error	No
	v /VOUT; pss (V)		Error	No
	v /VOUT; pss dB20(V)		Error	No
	VIA_d2_dB		Error	No
	VLF1_d2_dB		Error	No
	VGA_d2_dB		Error	No
	VLF2_d2_dB1		Error	No
	VOUT_d2_dB		Error	No
	VOUT_V		Error	No
Design parameters: 
	FC		4K
	F0		3.3
	F1		3.3
	F2		0
	S0		3.3
	S1		0
	S2		0

Interactive.32
Number of points completed: 1
Number of simulation errors: 0
Interactive.32 completed. 
Current time: Sat Apr 18 20:20:11 2026 
