Starting Single Run, Sweeps and Corners...

Current time: Fri Apr 10 05:10:33 2026 
Best design point: 1
Design specs: 
	PSS_PXF_PNOISE	corner	CMOS_RES_CAP_VDD_TEMP_0 - 
	Output_Noise_Vrms		1.049m
	CM_Gain_50Hz		45.1u
	CM_Gain_50Hz_dB		-87.02
	Diff_Gain_50Hz		1.345K
	Diff_Gain_50Hz_dB		-87.02
	CMRR_50Hz_dB		149.6
	Input_ref_noise_Vrms		780n
	Output_noise_Vrms		1.049m
	PSS_PXF_PNOISE	corner	CMOS_RES_CAP_VDD_TEMP_1 - 
	Output_Noise_Vrms		1.272m
	CM_Gain_50Hz		31.29u
	CM_Gain_50Hz_dB		-90.2
	Diff_Gain_50Hz		1.333K
	Diff_Gain_50Hz_dB		-90.2
	CMRR_50Hz_dB		152.7
	Input_ref_noise_Vrms		953.8n
	Output_noise_Vrms		1.272m
	PSS_PXF_PNOISE	corner	CMOS_RES_CAP_VDD_TEMP_2 - 
	Output_Noise_Vrms		1.056m
	CM_Gain_50Hz		25.69u
	CM_Gain_50Hz_dB		-91.91
	Diff_Gain_50Hz		1.356K
	Diff_Gain_50Hz_dB		-91.91
	CMRR_50Hz_dB		154.6
	Input_ref_noise_Vrms		779.2n
	Output_noise_Vrms		1.056m
	PSS_PXF_PNOISE	corner	CMOS_RES_CAP_VDD_TEMP_3 - 
	Output_Noise_Vrms		1.279m
	CM_Gain_50Hz		21.69u
	CM_Gain_50Hz_dB		-93.39
	Diff_Gain_50Hz		1.341K
	Diff_Gain_50Hz_dB		-93.39
	CMRR_50Hz_dB		155.9
	Input_ref_noise_Vrms		953.7n
	Output_noise_Vrms		1.279m
	PSS_PXF_PNOISE	corner	CMOS_RES_CAP_VDD_TEMP_4 - 
	Output_Noise_Vrms		1.093m
	CM_Gain_50Hz		34.9u
	CM_Gain_50Hz_dB		-89.25
	Diff_Gain_50Hz		1.435K
	Diff_Gain_50Hz_dB		-89.25
	CMRR_50Hz_dB		152.4
	Input_ref_noise_Vrms		761.5n
	Output_noise_Vrms		1.093m
	PSS_PXF_PNOISE	corner	CMOS_RES_CAP_VDD_TEMP_5 - 
	Output_Noise_Vrms		1.233m
	CM_Gain_50Hz		26.34u
	CM_Gain_50Hz_dB		-91.72
	Diff_Gain_50Hz		1.351K
	Diff_Gain_50Hz_dB		-91.72
	CMRR_50Hz_dB		154.3
	Input_ref_noise_Vrms		912.6n
	Output_noise_Vrms		1.233m
	PSS_PXF_PNOISE	corner	CMOS_RES_CAP_VDD_TEMP_6 - 
	Output_Noise_Vrms		1.099m
	CM_Gain_50Hz		21.1u
	CM_Gain_50Hz_dB		-93.62
	Diff_Gain_50Hz		1.441K
	Diff_Gain_50Hz_dB		-93.62
	CMRR_50Hz_dB		156.8
	Input_ref_noise_Vrms		762.9n
	Output_noise_Vrms		1.099m
	PSS_PXF_PNOISE	corner	CMOS_RES_CAP_VDD_TEMP_7 - 
	Output_Noise_Vrms		1.24m
	CM_Gain_50Hz		24.83u
	CM_Gain_50Hz_dB		-92.15
	Diff_Gain_50Hz		1.355K
	Diff_Gain_50Hz_dB		-92.15
	CMRR_50Hz_dB		154.8
	Input_ref_noise_Vrms		914.9n
	Output_noise_Vrms		1.24m
	PSS_PXF_PNOISE	corner	CMOS_RES_CAP_VDD_TEMP_8 - 
	Output_Noise_Vrms		1.062m
	CM_Gain_50Hz		48.21u
	CM_Gain_50Hz_dB		-86.41
	Diff_Gain_50Hz		1.346K
	Diff_Gain_50Hz_dB		-86.41
	CMRR_50Hz_dB		149
	Input_ref_noise_Vrms		788.7n
	Output_noise_Vrms		1.062m
	PSS_PXF_PNOISE	corner	CMOS_RES_CAP_VDD_TEMP_9 - 
	Output_Noise_Vrms		1.283m
	CM_Gain_50Hz		30.45u
	CM_Gain_50Hz_dB		-90.44
	Diff_Gain_50Hz		1.32K
	Diff_Gain_50Hz_dB		-90.44
	CMRR_50Hz_dB		152.8
	Input_ref_noise_Vrms		972.5n
	Output_noise_Vrms		1.283m
	PSS_PXF_PNOISE	corner	CMOS_RES_CAP_VDD_TEMP_10 - 
	Output_Noise_Vrms		1.064m
	CM_Gain_50Hz		24.67u
	CM_Gain_50Hz_dB		-92.27
	Diff_Gain_50Hz		1.344K
	Diff_Gain_50Hz_dB		-92.27
	CMRR_50Hz_dB		154.8
	Input_ref_noise_Vrms		791.7n
	Output_noise_Vrms		1.064m
	PSS_PXF_PNOISE	corner	CMOS_RES_CAP_VDD_TEMP_11 - 
	Output_Noise_Vrms		1.291m
	CM_Gain_50Hz		21.12u
	CM_Gain_50Hz_dB		-93.62
	Diff_Gain_50Hz		1.329K
	Diff_Gain_50Hz_dB		-93.62
	CMRR_50Hz_dB		156.1
	Input_ref_noise_Vrms		971.7n
	Output_noise_Vrms		1.291m
	PSS_PXF_PNOISE	corner	CMOS_RES_CAP_VDD_TEMP_12 - 
	Output_Noise_Vrms		1.107m
	CM_Gain_50Hz		34.49u
	CM_Gain_50Hz_dB		-89.36
	Diff_Gain_50Hz		1.441K
	Diff_Gain_50Hz_dB		-89.36
	CMRR_50Hz_dB		152.5
	Input_ref_noise_Vrms		768.3n
	Output_noise_Vrms		1.107m
	PSS_PXF_PNOISE	corner	CMOS_RES_CAP_VDD_TEMP_13 - 
	Output_Noise_Vrms		1.249m
	CM_Gain_50Hz		25.58u
	CM_Gain_50Hz_dB		-91.98
	Diff_Gain_50Hz		1.331K
	Diff_Gain_50Hz_dB		-91.98
	CMRR_50Hz_dB		154.5
	Input_ref_noise_Vrms		938.4n
	Output_noise_Vrms		1.249m
	PSS_PXF_PNOISE	corner	CMOS_RES_CAP_VDD_TEMP_14 - 
	Output_Noise_Vrms		1.113m
	CM_Gain_50Hz		20.97u
	CM_Gain_50Hz_dB		-93.67
	Diff_Gain_50Hz		1.445K
	Diff_Gain_50Hz_dB		-93.67
	CMRR_50Hz_dB		156.9
	Input_ref_noise_Vrms		770.2n
	Output_noise_Vrms		1.113m
	PSS_PXF_PNOISE	corner	CMOS_RES_CAP_VDD_TEMP_15 - 
	Output_Noise_Vrms		1.257m
	CM_Gain_50Hz		18.24u
	CM_Gain_50Hz_dB		-94.91
	Diff_Gain_50Hz		1.338K
	Diff_Gain_50Hz_dB		-94.91
	CMRR_50Hz_dB		157.4
	Input_ref_noise_Vrms		939.4n
	Output_noise_Vrms		1.257m
	PSS_PXF_PNOISE	corner	CMOS_RES_CAP_VDD_TEMP_16 - 
	Output_Noise_Vrms		1.165m
	CM_Gain_50Hz		70.26u
	CM_Gain_50Hz_dB		-83.17
	Diff_Gain_50Hz		1.353K
	Diff_Gain_50Hz_dB		-83.17
	CMRR_50Hz_dB		145.8
	Input_ref_noise_Vrms		860.9n
	Output_noise_Vrms		1.165m
	PSS_PXF_PNOISE	corner	CMOS_RES_CAP_VDD_TEMP_17 - 
	Output_Noise_Vrms		1.325m
	CM_Gain_50Hz		48.81u
	CM_Gain_50Hz_dB		-86.34
	Diff_Gain_50Hz		1.35K
	Diff_Gain_50Hz_dB		-86.34
	CMRR_50Hz_dB		148.9
	Input_ref_noise_Vrms		981.2n
	Output_noise_Vrms		1.325m
	PSS_PXF_PNOISE	corner	CMOS_RES_CAP_VDD_TEMP_18 - 
	Output_Noise_Vrms		1.173m
	CM_Gain_50Hz		40.05u
	CM_Gain_50Hz_dB		-88.06
	Diff_Gain_50Hz		1.361K
	Diff_Gain_50Hz_dB		-88.06
	CMRR_50Hz_dB		150.7
	Input_ref_noise_Vrms		862n
	Output_noise_Vrms		1.173m
	PSS_PXF_PNOISE	corner	CMOS_RES_CAP_VDD_TEMP_19 - 
	Output_Noise_Vrms		1.332m
	CM_Gain_50Hz		33.85u
	CM_Gain_50Hz_dB		-89.52
	Diff_Gain_50Hz		1.356K
	Diff_Gain_50Hz_dB		-89.52
	CMRR_50Hz_dB		152.2
	Input_ref_noise_Vrms		982.2n
	Output_noise_Vrms		1.332m
	PSS_PXF_PNOISE	corner	CMOS_RES_CAP_VDD_TEMP_20 - 
	Output_Noise_Vrms		1.232m
	CM_Gain_50Hz		54.36u
	CM_Gain_50Hz_dB		-85.4
	Diff_Gain_50Hz		1.438K
	Diff_Gain_50Hz_dB		-85.4
	CMRR_50Hz_dB		148.6
	Input_ref_noise_Vrms		856.8n
	Output_noise_Vrms		1.232m
	PSS_PXF_PNOISE	corner	CMOS_RES_CAP_VDD_TEMP_21 - 
	Output_Noise_Vrms		1.244m
	CM_Gain_50Hz		41.09u
	CM_Gain_50Hz_dB		-87.85
	Diff_Gain_50Hz		1.363K
	Diff_Gain_50Hz_dB		-87.85
	CMRR_50Hz_dB		150.5
	Input_ref_noise_Vrms		913n
	Output_noise_Vrms		1.244m
	PSS_PXF_PNOISE	corner	CMOS_RES_CAP_VDD_TEMP_22 - 
	Output_Noise_Vrms		1.241m
	CM_Gain_50Hz		32.89u
	CM_Gain_50Hz_dB		-89.77
	Diff_Gain_50Hz		1.444K
	Diff_Gain_50Hz_dB		-89.77
	CMRR_50Hz_dB		153
	Input_ref_noise_Vrms		859.9n
	Output_noise_Vrms		1.241m
	PSS_PXF_PNOISE	corner	CMOS_RES_CAP_VDD_TEMP_23 - 
	Output_Noise_Vrms		1.252m
	CM_Gain_50Hz		38.74u
	CM_Gain_50Hz_dB		-88.28
	Diff_Gain_50Hz		1.367K
	Diff_Gain_50Hz_dB		-88.28
	CMRR_50Hz_dB		151
	Input_ref_noise_Vrms		916.2n
	Output_noise_Vrms		1.252m
	PSS_PXF_PNOISE	corner	CMOS_RES_CAP_VDD_TEMP_24 - 
	Output_Noise_Vrms		1.173m
	CM_Gain_50Hz		75.13u
	CM_Gain_50Hz_dB		-82.56
	Diff_Gain_50Hz		1.358K
	Diff_Gain_50Hz_dB		-82.56
	CMRR_50Hz_dB		145.2
	Input_ref_noise_Vrms		864.3n
	Output_noise_Vrms		1.173m
	PSS_PXF_PNOISE	corner	CMOS_RES_CAP_VDD_TEMP_25 - 
	Output_Noise_Vrms		1.333m
	CM_Gain_50Hz		47.51u
	CM_Gain_50Hz_dB		-86.57
	Diff_Gain_50Hz		1.344K
	Diff_Gain_50Hz_dB		-86.57
	CMRR_50Hz_dB		149.1
	Input_ref_noise_Vrms		992n
	Output_noise_Vrms		1.333m
	PSS_PXF_PNOISE	corner	CMOS_RES_CAP_VDD_TEMP_26 - 
	Output_Noise_Vrms		1.179m
	CM_Gain_50Hz		38.46u
	CM_Gain_50Hz_dB		-88.41
	Diff_Gain_50Hz		1.357K
	Diff_Gain_50Hz_dB		-88.41
	CMRR_50Hz_dB		151.1
	Input_ref_noise_Vrms		868.9n
	Output_noise_Vrms		1.179m
	PSS_PXF_PNOISE	corner	CMOS_RES_CAP_VDD_TEMP_27 - 
	Output_Noise_Vrms		1.34m
	CM_Gain_50Hz		32.96u
	CM_Gain_50Hz_dB		-89.75
	Diff_Gain_50Hz		1.351K
	Diff_Gain_50Hz_dB		-89.75
	CMRR_50Hz_dB		152.4
	Input_ref_noise_Vrms		992.2n
	Output_noise_Vrms		1.34m
	PSS_PXF_PNOISE	corner	CMOS_RES_CAP_VDD_TEMP_28 - 
	Output_Noise_Vrms		1.244m
	CM_Gain_50Hz		53.72u
	CM_Gain_50Hz_dB		-85.51
	Diff_Gain_50Hz		1.448K
	Diff_Gain_50Hz_dB		-85.51
	CMRR_50Hz_dB		148.7
	Input_ref_noise_Vrms		859.4n
	Output_noise_Vrms		1.244m
	PSS_PXF_PNOISE	corner	CMOS_RES_CAP_VDD_TEMP_29 - 
	Output_Noise_Vrms		1.251m
	CM_Gain_50Hz		39.89u
	CM_Gain_50Hz_dB		-88.12
	Diff_Gain_50Hz		1.346K
	Diff_Gain_50Hz_dB		-88.12
	CMRR_50Hz_dB		150.7
	Input_ref_noise_Vrms		929.7n
	Output_noise_Vrms		1.251m
	PSS_PXF_PNOISE	corner	CMOS_RES_CAP_VDD_TEMP_30 - 
	Output_Noise_Vrms		1.253m
	CM_Gain_50Hz		32.69u
	CM_Gain_50Hz_dB		-89.82
	Diff_Gain_50Hz		1.452K
	Diff_Gain_50Hz_dB		-89.82
	CMRR_50Hz_dB		153.1
	Input_ref_noise_Vrms		862.7n
	Output_noise_Vrms		1.253m
	PSS_PXF_PNOISE	corner	CMOS_RES_CAP_VDD_TEMP_31 - 
	Output_Noise_Vrms		1.258m
	CM_Gain_50Hz		28.46u
	CM_Gain_50Hz_dB		-91.05
	Diff_Gain_50Hz		1.351K
	Diff_Gain_50Hz_dB		-91.05
	CMRR_50Hz_dB		153.7
	Input_ref_noise_Vrms		931.5n
	Output_noise_Vrms		1.258m
	PSS_PXF_PNOISE	corner	CMOS_RES_CAP_VDD_TEMP_32 - 
	Output_Noise_Vrms		954.4u
	CM_Gain_50Hz		44.81u
	CM_Gain_50Hz_dB		-87.08
	Diff_Gain_50Hz		1.336K
	Diff_Gain_50Hz_dB		-87.08
	CMRR_50Hz_dB		149.6
	Input_ref_noise_Vrms		714.1n
	Output_noise_Vrms		954.4u
	PSS_PXF_PNOISE	corner	CMOS_RES_CAP_VDD_TEMP_33 - 
	Output_Noise_Vrms		1.151m
	CM_Gain_50Hz		31.09u
	CM_Gain_50Hz_dB		-90.26
	Diff_Gain_50Hz		1.325K
	Diff_Gain_50Hz_dB		-90.26
	CMRR_50Hz_dB		152.7
	Input_ref_noise_Vrms		869n
	Output_noise_Vrms		1.151m
	PSS_PXF_PNOISE	corner	CMOS_RES_CAP_VDD_TEMP_34 - 
	Output_Noise_Vrms		960.9u
	CM_Gain_50Hz		25.53u
	CM_Gain_50Hz_dB		-91.97
	Diff_Gain_50Hz		1.347K
	Diff_Gain_50Hz_dB		-91.97
	CMRR_50Hz_dB		154.6
	Input_ref_noise_Vrms		713.4n
	Output_noise_Vrms		960.9u
	PSS_PXF_PNOISE	corner	CMOS_RES_CAP_VDD_TEMP_35 - 
	Output_Noise_Vrms		1.158m
	CM_Gain_50Hz		21.55u
	CM_Gain_50Hz_dB		-93.44
	Diff_Gain_50Hz		1.333K
	Diff_Gain_50Hz_dB		-93.44
	CMRR_50Hz_dB		155.9
	Input_ref_noise_Vrms		868.9n
	Output_noise_Vrms		1.158m
	PSS_PXF_PNOISE	corner	CMOS_RES_CAP_VDD_TEMP_36 - 
	Output_Noise_Vrms		995.5u
	CM_Gain_50Hz		34.69u
	CM_Gain_50Hz_dB		-89.31
	Diff_Gain_50Hz		1.426K
	Diff_Gain_50Hz_dB		-89.31
	CMRR_50Hz_dB		152.4
	Input_ref_noise_Vrms		698.1n
	Output_noise_Vrms		995.5u
	PSS_PXF_PNOISE	corner	CMOS_RES_CAP_VDD_TEMP_37 - 
	Output_Noise_Vrms		1.111m
	CM_Gain_50Hz		26.61u
	CM_Gain_50Hz_dB		-91.62
	Diff_Gain_50Hz		1.366K
	Diff_Gain_50Hz_dB		-91.62
	CMRR_50Hz_dB		154.3
	Input_ref_noise_Vrms		813.4n
	Output_noise_Vrms		1.111m
	PSS_PXF_PNOISE	corner	CMOS_RES_CAP_VDD_TEMP_38 - 
	Output_Noise_Vrms		1.002m
	CM_Gain_50Hz		20.97u
	CM_Gain_50Hz_dB		-93.67
	Diff_Gain_50Hz		1.432K
	Diff_Gain_50Hz_dB		-93.67
	CMRR_50Hz_dB		156.8
	Input_ref_noise_Vrms		699.5n
	Output_noise_Vrms		1.002m
	PSS_PXF_PNOISE	corner	CMOS_RES_CAP_VDD_TEMP_39 - 
	Output_Noise_Vrms		1.117m
	CM_Gain_50Hz		25.09u
	CM_Gain_50Hz_dB		-92.05
	Diff_Gain_50Hz		1.37K
	Diff_Gain_50Hz_dB		-92.05
	CMRR_50Hz_dB		154.8
	Input_ref_noise_Vrms		815.5n
	Output_noise_Vrms		1.117m
	PSS_PXF_PNOISE	corner	CMOS_RES_CAP_VDD_TEMP_40 - 
	Output_Noise_Vrms		965.1u
	CM_Gain_50Hz		47.89u
	CM_Gain_50Hz_dB		-86.47
	Diff_Gain_50Hz		1.337K
	Diff_Gain_50Hz_dB		-86.47
	CMRR_50Hz_dB		149
	Input_ref_noise_Vrms		721.9n
	Output_noise_Vrms		965.1u
	PSS_PXF_PNOISE	corner	CMOS_RES_CAP_VDD_TEMP_41 - 
	Output_Noise_Vrms		1.161m
	CM_Gain_50Hz		30.25u
	CM_Gain_50Hz_dB		-90.49
	Diff_Gain_50Hz		1.311K
	Diff_Gain_50Hz_dB		-90.49
	CMRR_50Hz_dB		152.8
	Input_ref_noise_Vrms		885.4n
	Output_noise_Vrms		1.161m
	PSS_PXF_PNOISE	corner	CMOS_RES_CAP_VDD_TEMP_42 - 
	Output_Noise_Vrms		967.7u
	CM_Gain_50Hz		24.51u
	CM_Gain_50Hz_dB		-92.32
	Diff_Gain_50Hz		1.335K
	Diff_Gain_50Hz_dB		-92.32
	CMRR_50Hz_dB		154.8
	Input_ref_noise_Vrms		724.8n
	Output_noise_Vrms		967.7u
	PSS_PXF_PNOISE	corner	CMOS_RES_CAP_VDD_TEMP_43 - 
	Output_Noise_Vrms		1.168m
	CM_Gain_50Hz		20.98u
	CM_Gain_50Hz_dB		-93.67
	Diff_Gain_50Hz		1.32K
	Diff_Gain_50Hz_dB		-93.67
	CMRR_50Hz_dB		156.1
	Input_ref_noise_Vrms		884.6n
	Output_noise_Vrms		1.168m
	PSS_PXF_PNOISE	corner	CMOS_RES_CAP_VDD_TEMP_44 - 
	Output_Noise_Vrms		1.008m
	CM_Gain_50Hz		34.26u
	CM_Gain_50Hz_dB		-89.41
	Diff_Gain_50Hz		1.432K
	Diff_Gain_50Hz_dB		-89.41
	CMRR_50Hz_dB		152.5
	Input_ref_noise_Vrms		704.3n
	Output_noise_Vrms		1.008m
	PSS_PXF_PNOISE	corner	CMOS_RES_CAP_VDD_TEMP_45 - 
	Output_Noise_Vrms		1.125m
	CM_Gain_50Hz		25.98u
	CM_Gain_50Hz_dB		-91.83
	Diff_Gain_50Hz		1.354K
	Diff_Gain_50Hz_dB		-91.83
	CMRR_50Hz_dB		154.5
	Input_ref_noise_Vrms		831.1n
	Output_noise_Vrms		1.125m
	PSS_PXF_PNOISE	corner	CMOS_RES_CAP_VDD_TEMP_46 - 
	Output_Noise_Vrms		1.014m
	CM_Gain_50Hz		20.84u
	CM_Gain_50Hz_dB		-93.73
	Diff_Gain_50Hz		1.436K
	Diff_Gain_50Hz_dB		-93.73
	CMRR_50Hz_dB		156.9
	Input_ref_noise_Vrms		706.1n
	Output_noise_Vrms		1.014m
	PSS_PXF_PNOISE	corner	CMOS_RES_CAP_VDD_TEMP_47 - 
	Output_Noise_Vrms		1.132m
	CM_Gain_50Hz		18.53u
	CM_Gain_50Hz_dB		-94.77
	Diff_Gain_50Hz		1.361K
	Diff_Gain_50Hz_dB		-94.77
	CMRR_50Hz_dB		157.4
	Input_ref_noise_Vrms		832n
	Output_noise_Vrms		1.132m
	PSS_PXF_PNOISE	corner	CMOS_RES_CAP_VDD_TEMP_48 - 
	Output_Noise_Vrms		1.073m
	CM_Gain_50Hz		69.74u
	CM_Gain_50Hz_dB		-83.23
	Diff_Gain_50Hz		1.344K
	Diff_Gain_50Hz_dB		-83.23
	CMRR_50Hz_dB		145.8
	Input_ref_noise_Vrms		798.6n
	Output_noise_Vrms		1.073m
	PSS_PXF_PNOISE	corner	CMOS_RES_CAP_VDD_TEMP_49 - 
	Output_Noise_Vrms		1.212m
	CM_Gain_50Hz		48.48u
	CM_Gain_50Hz_dB		-86.4
	Diff_Gain_50Hz		1.341K
	Diff_Gain_50Hz_dB		-86.4
	CMRR_50Hz_dB		148.9
	Input_ref_noise_Vrms		903.8n
	Output_noise_Vrms		1.212m
	PSS_PXF_PNOISE	corner	CMOS_RES_CAP_VDD_TEMP_50 - 
	Output_Noise_Vrms		1.081m
	CM_Gain_50Hz		39.75u
	CM_Gain_50Hz_dB		-88.12
	Diff_Gain_50Hz		1.352K
	Diff_Gain_50Hz_dB		-88.12
	CMRR_50Hz_dB		150.7
	Input_ref_noise_Vrms		799.7n
	Output_noise_Vrms		1.081m
	PSS_PXF_PNOISE	corner	CMOS_RES_CAP_VDD_TEMP_51 - 
	Output_Noise_Vrms		1.219m
	CM_Gain_50Hz		33.62u
	CM_Gain_50Hz_dB		-89.58
	Diff_Gain_50Hz		1.347K
	Diff_Gain_50Hz_dB		-89.58
	CMRR_50Hz_dB		152.2
	Input_ref_noise_Vrms		904.8n
	Output_noise_Vrms		1.219m
	PSS_PXF_PNOISE	corner	CMOS_RES_CAP_VDD_TEMP_52 - 
	Output_Noise_Vrms		1.137m
	CM_Gain_50Hz		53.95u
	CM_Gain_50Hz_dB		-85.47
	Diff_Gain_50Hz		1.428K
	Diff_Gain_50Hz_dB		-85.47
	CMRR_50Hz_dB		148.6
	Input_ref_noise_Vrms		796.3n
	Output_noise_Vrms		1.137m
	PSS_PXF_PNOISE	corner	CMOS_RES_CAP_VDD_TEMP_53 - 
	Output_Noise_Vrms		1.128m
	CM_Gain_50Hz		41.48u
	CM_Gain_50Hz_dB		-87.77
	Diff_Gain_50Hz		1.377K
	Diff_Gain_50Hz_dB		-87.77
	CMRR_50Hz_dB		150.5
	Input_ref_noise_Vrms		819.1n
	Output_noise_Vrms		1.128m
	PSS_PXF_PNOISE	corner	CMOS_RES_CAP_VDD_TEMP_54 - 
	Output_Noise_Vrms		1.146m
	CM_Gain_50Hz		32.65u
	CM_Gain_50Hz_dB		-89.83
	Diff_Gain_50Hz		1.433K
	Diff_Gain_50Hz_dB		-89.83
	CMRR_50Hz_dB		153
	Input_ref_noise_Vrms		799.3n
	Output_noise_Vrms		1.146m
	PSS_PXF_PNOISE	corner	CMOS_RES_CAP_VDD_TEMP_55 - 
	Output_Noise_Vrms		1.135m
	CM_Gain_50Hz		39.13u
	CM_Gain_50Hz_dB		-88.19
	Diff_Gain_50Hz		1.381K
	Diff_Gain_50Hz_dB		-88.19
	CMRR_50Hz_dB		151
	Input_ref_noise_Vrms		822n
	Output_noise_Vrms		1.135m
	PSS_PXF_PNOISE	corner	CMOS_RES_CAP_VDD_TEMP_56 - 
	Output_Noise_Vrms		1.08m
	CM_Gain_50Hz		74.57u
	CM_Gain_50Hz_dB		-82.62
	Diff_Gain_50Hz		1.348K
	Diff_Gain_50Hz_dB		-82.62
	CMRR_50Hz_dB		145.2
	Input_ref_noise_Vrms		801.3n
	Output_noise_Vrms		1.08m
	PSS_PXF_PNOISE	corner	CMOS_RES_CAP_VDD_TEMP_57 - 
	Output_Noise_Vrms		1.219m
	CM_Gain_50Hz		47.18u
	CM_Gain_50Hz_dB		-86.63
	Diff_Gain_50Hz		1.335K
	Diff_Gain_50Hz_dB		-86.63
	CMRR_50Hz_dB		149.1
	Input_ref_noise_Vrms		913.1n
	Output_noise_Vrms		1.219m
	PSS_PXF_PNOISE	corner	CMOS_RES_CAP_VDD_TEMP_58 - 
	Output_Noise_Vrms		1.086m
	CM_Gain_50Hz		38.18u
	CM_Gain_50Hz_dB		-88.47
	Diff_Gain_50Hz		1.348K
	Diff_Gain_50Hz_dB		-88.47
	CMRR_50Hz_dB		151.1
	Input_ref_noise_Vrms		805.8n
	Output_noise_Vrms		1.086m
	PSS_PXF_PNOISE	corner	CMOS_RES_CAP_VDD_TEMP_59 - 
	Output_Noise_Vrms		1.225m
	CM_Gain_50Hz		32.73u
	CM_Gain_50Hz_dB		-89.81
	Diff_Gain_50Hz		1.341K
	Diff_Gain_50Hz_dB		-89.81
	CMRR_50Hz_dB		152.4
	Input_ref_noise_Vrms		913.3n
	Output_noise_Vrms		1.225m
	PSS_PXF_PNOISE	corner	CMOS_RES_CAP_VDD_TEMP_60 - 
	Output_Noise_Vrms		1.148m
	CM_Gain_50Hz		53.32u
	CM_Gain_50Hz_dB		-85.57
	Diff_Gain_50Hz		1.437K
	Diff_Gain_50Hz_dB		-85.57
	CMRR_50Hz_dB		148.7
	Input_ref_noise_Vrms		798.5n
	Output_noise_Vrms		1.148m
	PSS_PXF_PNOISE	corner	CMOS_RES_CAP_VDD_TEMP_61 - 
	Output_Noise_Vrms		1.133m
	CM_Gain_50Hz		40.51u
	CM_Gain_50Hz_dB		-87.98
	Diff_Gain_50Hz		1.368K
	Diff_Gain_50Hz_dB		-87.98
	CMRR_50Hz_dB		150.7
	Input_ref_noise_Vrms		828.7n
	Output_noise_Vrms		1.133m
	PSS_PXF_PNOISE	corner	CMOS_RES_CAP_VDD_TEMP_62 - 
	Output_Noise_Vrms		1.156m
	CM_Gain_50Hz		32.45u
	CM_Gain_50Hz_dB		-89.88
	Diff_Gain_50Hz		1.441K
	Diff_Gain_50Hz_dB		-89.88
	CMRR_50Hz_dB		153.1
	Input_ref_noise_Vrms		801.8n
	Output_noise_Vrms		1.156m
	PSS_PXF_PNOISE	corner	CMOS_RES_CAP_VDD_TEMP_63 - 
	Output_Noise_Vrms		1.14m
	CM_Gain_50Hz		28.9u
	CM_Gain_50Hz_dB		-90.91
	Diff_Gain_50Hz		1.373K
	Diff_Gain_50Hz_dB		-90.91
	CMRR_50Hz_dB		153.7
	Input_ref_noise_Vrms		830.3n
	Output_noise_Vrms		1.14m
	PSS_PXF_PNOISE	corner	Nominal - 
	Output_Noise_Vrms		1.059m
	CM_Gain_50Hz		33.23u
	CM_Gain_50Hz_dB		-89.68
	Diff_Gain_50Hz		1.379K
	Diff_Gain_50Hz_dB		-89.68
	CMRR_50Hz_dB		152.5
	Input_ref_noise_Vrms		768.1n
	Output_noise_Vrms		1.059m
Design parameters: 
	FC		4K
	F0		3.3
	F1		3.3
	F2		0
	S0		3.3
	S1		0
	S2		0

Interactive.30
Number of points completed: 1
Number of simulation errors: 0
Interactive.30 completed. 
Current time: Fri Apr 10 05:23:38 2026 
