Starting Single Run, Sweeps and Corners...

Current time: Tue Mar 17 13:37:52 2026 
Best design point: 1
Design specs: 
	VIN	corner	CMOS_RES_VDD_TEMP_0 - 
	output noise-(VOUT 0); V/sqrt(Hz)		Error	No
	v /VOUT; pss mag(V)		Error	No
	v /net2; pss mag(V)		Error	No
	Poles		Error	No
	Zeros		Error	No
	v /VOUT; pss dB20(V)		Error	No
	v /VOUT2; pss dB20(V)		Error	No
	VIN	corner	CMOS_RES_VDD_TEMP_1 - 
	output noise-(VOUT 0); V/sqrt(Hz)		Error	No
	v /VOUT; pss mag(V)		Error	No
	v /net2; pss mag(V)		Error	No
	Poles		Error	No
	Zeros		Error	No
	v /VOUT; pss dB20(V)		Error	No
	v /VOUT2; pss dB20(V)		Error	No
	VIN	corner	CMOS_RES_VDD_TEMP_2 - 
	output noise-(VOUT 0); V/sqrt(Hz)		Error	No
	v /VOUT; pss mag(V)		Error	No
	v /net2; pss mag(V)		Error	No
	Poles		Error	No
	Zeros		Error	No
	v /VOUT; pss dB20(V)		Error	No
	v /VOUT2; pss dB20(V)		Error	No
	VIN	corner	CMOS_RES_VDD_TEMP_3 - 
	output noise-(VOUT 0); V/sqrt(Hz)		Error	No
	v /VOUT; pss mag(V)		Error	No
	v /net2; pss mag(V)		Error	No
	Poles		Error	No
	Zeros		Error	No
	v /VOUT; pss dB20(V)		Error	No
	v /VOUT2; pss dB20(V)		Error	No
	VIN	corner	CMOS_RES_VDD_TEMP_4 - 
	output noise-(VOUT 0); V/sqrt(Hz)		Error	No
	v /VOUT; pss mag(V)		Error	No
	v /net2; pss mag(V)		Error	No
	Poles		Error	No
	Zeros		Error	No
	v /VOUT; pss dB20(V)		Error	No
	v /VOUT2; pss dB20(V)		Error	No
	VIN	corner	CMOS_RES_VDD_TEMP_5 - 
	output noise-(VOUT 0); V/sqrt(Hz)		Error	No
	v /VOUT; pss mag(V)		Error	No
	v /net2; pss mag(V)		Error	No
	Poles		Error	No
	Zeros		Error	No
	v /VOUT; pss dB20(V)		Error	No
	v /VOUT2; pss dB20(V)		Error	No
	VIN	corner	CMOS_RES_VDD_TEMP_6 - 
	output noise-(VOUT 0); V/sqrt(Hz)		Error	No
	v /VOUT; pss mag(V)		Error	No
	v /net2; pss mag(V)		Error	No
	Poles		Error	No
	Zeros		Error	No
	v /VOUT; pss dB20(V)		Error	No
	v /VOUT2; pss dB20(V)		Error	No
	VIN	corner	CMOS_RES_VDD_TEMP_7 - 
	output noise-(VOUT 0); V/sqrt(Hz)		Error	No
	v /VOUT; pss mag(V)		Error	No
	v /net2; pss mag(V)		Error	No
	Poles		Error	No
	Zeros		Error	No
	v /VOUT; pss dB20(V)		Error	No
	v /VOUT2; pss dB20(V)		Error	No
	VIN	corner	CMOS_RES_VDD_TEMP_8 - 
	output noise-(VOUT 0); V/sqrt(Hz)		Error	No
	v /VOUT; pss mag(V)		Error	No
	v /net2; pss mag(V)		Error	No
	Poles		Error	No
	Zeros		Error	No
	v /VOUT; pss dB20(V)		Error	No
	v /VOUT2; pss dB20(V)		Error	No
	VIN	corner	CMOS_RES_VDD_TEMP_9 - 
	output noise-(VOUT 0); V/sqrt(Hz)		Error	No
	v /VOUT; pss mag(V)		Error	No
	v /net2; pss mag(V)		Error	No
	Poles		Error	No
	Zeros		Error	No
	v /VOUT; pss dB20(V)		Error	No
	v /VOUT2; pss dB20(V)		Error	No
	VIN	corner	CMOS_RES_VDD_TEMP_10 - 
	output noise-(VOUT 0); V/sqrt(Hz)		Error	No
	v /VOUT; pss mag(V)		Error	No
	v /net2; pss mag(V)		Error	No
	Poles		Error	No
	Zeros		Error	No
	v /VOUT; pss dB20(V)		Error	No
	v /VOUT2; pss dB20(V)		Error	No
	VIN	corner	CMOS_RES_VDD_TEMP_11 - 
	output noise-(VOUT 0); V/sqrt(Hz)		Error	No
	v /VOUT; pss mag(V)		Error	No
	v /net2; pss mag(V)		Error	No
	Poles		Error	No
	Zeros		Error	No
	v /VOUT; pss dB20(V)		Error	No
	v /VOUT2; pss dB20(V)		Error	No
	VIN	corner	CMOS_RES_VDD_TEMP_12 - 
	output noise-(VOUT 0); V/sqrt(Hz)		Error	No
	v /VOUT; pss mag(V)		Error	No
	v /net2; pss mag(V)		Error	No
	Poles		Error	No
	Zeros		Error	No
	v /VOUT; pss dB20(V)		Error	No
	v /VOUT2; pss dB20(V)		Error	No
	VIN	corner	CMOS_RES_VDD_TEMP_13 - 
	output noise-(VOUT 0); V/sqrt(Hz)		Error	No
	v /VOUT; pss mag(V)		Error	No
	v /net2; pss mag(V)		Error	No
	Poles		Error	No
	Zeros		Error	No
	v /VOUT; pss dB20(V)		Error	No
	v /VOUT2; pss dB20(V)		Error	No
	VIN	corner	CMOS_RES_VDD_TEMP_14 - 
	output noise-(VOUT 0); V/sqrt(Hz)		Error	No
	v /VOUT; pss mag(V)		Error	No
	v /net2; pss mag(V)		Error	No
	Poles		Error	No
	Zeros		Error	No
	v /VOUT; pss dB20(V)		Error	No
	v /VOUT2; pss dB20(V)		Error	No
	VIN	corner	CMOS_RES_VDD_TEMP_15 - 
	output noise-(VOUT 0); V/sqrt(Hz)		Error	No
	v /VOUT; pss mag(V)		Error	No
	v /net2; pss mag(V)		Error	No
	Poles		Error	No
	Zeros		Error	No
	v /VOUT; pss dB20(V)		Error	No
	v /VOUT2; pss dB20(V)		Error	No
	VIN	corner	CMOS_RES_VDD_TEMP_16 - 
	output noise-(VOUT 0); V/sqrt(Hz)		Error	No
	v /VOUT; pss mag(V)		Error	No
	v /net2; pss mag(V)		Error	No
	Poles		Error	No
	Zeros		Error	No
	v /VOUT; pss dB20(V)		Error	No
	v /VOUT2; pss dB20(V)		Error	No
	VIN	corner	CMOS_RES_VDD_TEMP_17 - 
	output noise-(VOUT 0); V/sqrt(Hz)		Error	No
	v /VOUT; pss mag(V)		Error	No
	v /net2; pss mag(V)		Error	No
	Poles		Error	No
	Zeros		Error	No
	v /VOUT; pss dB20(V)		Error	No
	v /VOUT2; pss dB20(V)		Error	No
	VIN	corner	CMOS_RES_VDD_TEMP_18 - 
	output noise-(VOUT 0); V/sqrt(Hz)		Error	No
	v /VOUT; pss mag(V)		Error	No
	v /net2; pss mag(V)		Error	No
	Poles		Error	No
	Zeros		Error	No
	v /VOUT; pss dB20(V)		Error	No
	v /VOUT2; pss dB20(V)		Error	No
	VIN	corner	CMOS_RES_VDD_TEMP_19 - 
	output noise-(VOUT 0); V/sqrt(Hz)		Error	No
	v /VOUT; pss mag(V)		Error	No
	v /net2; pss mag(V)		Error	No
	Poles		Error	No
	Zeros		Error	No
	v /VOUT; pss dB20(V)		Error	No
	v /VOUT2; pss dB20(V)		Error	No
	VIN	corner	CMOS_RES_VDD_TEMP_20 - 
	output noise-(VOUT 0); V/sqrt(Hz)		Error	No
	v /VOUT; pss mag(V)		Error	No
	v /net2; pss mag(V)		Error	No
	Poles		Error	No
	Zeros		Error	No
	v /VOUT; pss dB20(V)		Error	No
	v /VOUT2; pss dB20(V)		Error	No
	VIN	corner	CMOS_RES_VDD_TEMP_21 - 
	output noise-(VOUT 0); V/sqrt(Hz)		Error	No
	v /VOUT; pss mag(V)		Error	No
	v /net2; pss mag(V)		Error	No
	Poles		Error	No
	Zeros		Error	No
	v /VOUT; pss dB20(V)		Error	No
	v /VOUT2; pss dB20(V)		Error	No
	VIN	corner	CMOS_RES_VDD_TEMP_22 - 
	output noise-(VOUT 0); V/sqrt(Hz)		Error	No
	v /VOUT; pss mag(V)		Error	No
	v /net2; pss mag(V)		Error	No
	Poles		Error	No
	Zeros		Error	No
	v /VOUT; pss dB20(V)		Error	No
	v /VOUT2; pss dB20(V)		Error	No
	VIN	corner	CMOS_RES_VDD_TEMP_23 - 
	output noise-(VOUT 0); V/sqrt(Hz)		Error	No
	v /VOUT; pss mag(V)		Error	No
	v /net2; pss mag(V)		Error	No
	Poles		Error	No
	Zeros		Error	No
	v /VOUT; pss dB20(V)		Error	No
	v /VOUT2; pss dB20(V)		Error	No
	VIN	corner	CMOS_RES_VDD_TEMP_24 - 
	output noise-(VOUT 0); V/sqrt(Hz)		Error	No
	v /VOUT; pss mag(V)		Error	No
	v /net2; pss mag(V)		Error	No
	Poles		Error	No
	Zeros		Error	No
	v /VOUT; pss dB20(V)		Error	No
	v /VOUT2; pss dB20(V)		Error	No
	VIN	corner	CMOS_RES_VDD_TEMP_25 - 
	output noise-(VOUT 0); V/sqrt(Hz)		Error	No
	v /VOUT; pss mag(V)		Error	No
	v /net2; pss mag(V)		Error	No
	Poles		Error	No
	Zeros		Error	No
	v /VOUT; pss dB20(V)		Error	No
	v /VOUT2; pss dB20(V)		Error	No
	VIN	corner	CMOS_RES_VDD_TEMP_26 - 
	output noise-(VOUT 0); V/sqrt(Hz)		Error	No
	v /VOUT; pss mag(V)		Error	No
	v /net2; pss mag(V)		Error	No
	Poles		Error	No
	Zeros		Error	No
	v /VOUT; pss dB20(V)		Error	No
	v /VOUT2; pss dB20(V)		Error	No
	VIN	corner	CMOS_RES_VDD_TEMP_27 - 
	output noise-(VOUT 0); V/sqrt(Hz)		Error	No
	v /VOUT; pss mag(V)		Error	No
	v /net2; pss mag(V)		Error	No
	Poles		Error	No
	Zeros		Error	No
	v /VOUT; pss dB20(V)		Error	No
	v /VOUT2; pss dB20(V)		Error	No
	VIN	corner	CMOS_RES_VDD_TEMP_28 - 
	output noise-(VOUT 0); V/sqrt(Hz)		Error	No
	v /VOUT; pss mag(V)		Error	No
	v /net2; pss mag(V)		Error	No
	Poles		Error	No
	Zeros		Error	No
	v /VOUT; pss dB20(V)		Error	No
	v /VOUT2; pss dB20(V)		Error	No
	VIN	corner	CMOS_RES_VDD_TEMP_29 - 
	output noise-(VOUT 0); V/sqrt(Hz)		Error	No
	v /VOUT; pss mag(V)		Error	No
	v /net2; pss mag(V)		Error	No
	Poles		Error	No
	Zeros		Error	No
	v /VOUT; pss dB20(V)		Error	No
	v /VOUT2; pss dB20(V)		Error	No
	VIN	corner	CMOS_RES_VDD_TEMP_30 - 
	output noise-(VOUT 0); V/sqrt(Hz)		Error	No
	v /VOUT; pss mag(V)		Error	No
	v /net2; pss mag(V)		Error	No
	Poles		Error	No
	Zeros		Error	No
	v /VOUT; pss dB20(V)		Error	No
	v /VOUT2; pss dB20(V)		Error	No
	VIN	corner	CMOS_RES_VDD_TEMP_31 - 
	output noise-(VOUT 0); V/sqrt(Hz)		Error	No
	v /VOUT; pss mag(V)		Error	No
	v /net2; pss mag(V)		Error	No
	Poles		Error	No
	Zeros		Error	No
	v /VOUT; pss dB20(V)		Error	No
	v /VOUT2; pss dB20(V)		Error	No
	VIN	corner	CMOS_RES_VDD_TEMP_32 - 
	output noise-(VOUT 0); V/sqrt(Hz)		Error	No
	v /VOUT; pss mag(V)		Error	No
	v /net2; pss mag(V)		Error	No
	Poles		Error	No
	Zeros		Error	No
	v /VOUT; pss dB20(V)		Error	No
	v /VOUT2; pss dB20(V)		Error	No
	VIN	corner	CMOS_RES_VDD_TEMP_33 - 
	output noise-(VOUT 0); V/sqrt(Hz)		Error	No
	v /VOUT; pss mag(V)		Error	No
	v /net2; pss mag(V)		Error	No
	Poles		Error	No
	Zeros		Error	No
	v /VOUT; pss dB20(V)		Error	No
	v /VOUT2; pss dB20(V)		Error	No
	VIN	corner	CMOS_RES_VDD_TEMP_34 - 
	output noise-(VOUT 0); V/sqrt(Hz)		Error	No
	v /VOUT; pss mag(V)		Error	No
	v /net2; pss mag(V)		Error	No
	Poles		Error	No
	Zeros		Error	No
	v /VOUT; pss dB20(V)		Error	No
	v /VOUT2; pss dB20(V)		Error	No
	VIN	corner	CMOS_RES_VDD_TEMP_35 - 
	output noise-(VOUT 0); V/sqrt(Hz)		Error	No
	v /VOUT; pss mag(V)		Error	No
	v /net2; pss mag(V)		Error	No
	Poles		Error	No
	Zeros		Error	No
	v /VOUT; pss dB20(V)		Error	No
	v /VOUT2; pss dB20(V)		Error	No
	VIN	corner	CMOS_RES_VDD_TEMP_36 - 
	output noise-(VOUT 0); V/sqrt(Hz)		Error	No
	v /VOUT; pss mag(V)		Error	No
	v /net2; pss mag(V)		Error	No
	Poles		Error	No
	Zeros		Error	No
	v /VOUT; pss dB20(V)		Error	No
	v /VOUT2; pss dB20(V)		Error	No
	VIN	corner	CMOS_RES_VDD_TEMP_37 - 
	output noise-(VOUT 0); V/sqrt(Hz)		Error	No
	v /VOUT; pss mag(V)		Error	No
	v /net2; pss mag(V)		Error	No
	Poles		Error	No
	Zeros		Error	No
	v /VOUT; pss dB20(V)		Error	No
	v /VOUT2; pss dB20(V)		Error	No
	VIN	corner	CMOS_RES_VDD_TEMP_38 - 
	output noise-(VOUT 0); V/sqrt(Hz)		Error	No
	v /VOUT; pss mag(V)		Error	No
	v /net2; pss mag(V)		Error	No
	Poles		Error	No
	Zeros		Error	No
	v /VOUT; pss dB20(V)		Error	No
	v /VOUT2; pss dB20(V)		Error	No
	VIN	corner	CMOS_RES_VDD_TEMP_39 - 
	output noise-(VOUT 0); V/sqrt(Hz)		Error	No
	v /VOUT; pss mag(V)		Error	No
	v /net2; pss mag(V)		Error	No
	Poles		Error	No
	Zeros		Error	No
	v /VOUT; pss dB20(V)		Error	No
	v /VOUT2; pss dB20(V)		Error	No
	VIN	corner	CMOS_RES_VDD_TEMP_40 - 
	output noise-(VOUT 0); V/sqrt(Hz)		Error	No
	v /VOUT; pss mag(V)		Error	No
	v /net2; pss mag(V)		Error	No
	Poles		Error	No
	Zeros		Error	No
	v /VOUT; pss dB20(V)		Error	No
	v /VOUT2; pss dB20(V)		Error	No
	VIN	corner	CMOS_RES_VDD_TEMP_41 - 
	output noise-(VOUT 0); V/sqrt(Hz)		Error	No
	v /VOUT; pss mag(V)		Error	No
	v /net2; pss mag(V)		Error	No
	Poles		Error	No
	Zeros		Error	No
	v /VOUT; pss dB20(V)		Error	No
	v /VOUT2; pss dB20(V)		Error	No
	VIN	corner	CMOS_RES_VDD_TEMP_42 - 
	output noise-(VOUT 0); V/sqrt(Hz)		Error	No
	v /VOUT; pss mag(V)		Error	No
	v /net2; pss mag(V)		Error	No
	Poles		Error	No
	Zeros		Error	No
	v /VOUT; pss dB20(V)		Error	No
	v /VOUT2; pss dB20(V)		Error	No
	VIN	corner	CMOS_RES_VDD_TEMP_43 - 
	output noise-(VOUT 0); V/sqrt(Hz)		Error	No
	v /VOUT; pss mag(V)		Error	No
	v /net2; pss mag(V)		Error	No
	Poles		Error	No
	Zeros		Error	No
	v /VOUT; pss dB20(V)		Error	No
	v /VOUT2; pss dB20(V)		Error	No
	VIN	corner	CMOS_RES_VDD_TEMP_44 - 
	output noise-(VOUT 0); V/sqrt(Hz)		Error	No
	v /VOUT; pss mag(V)		Error	No
	v /net2; pss mag(V)		Error	No
	Poles		Error	No
	Zeros		Error	No
	v /VOUT; pss dB20(V)		Error	No
	v /VOUT2; pss dB20(V)		Error	No
	VIN	corner	CMOS_RES_VDD_TEMP_45 - 
	output noise-(VOUT 0); V/sqrt(Hz)		Error	No
	v /VOUT; pss mag(V)		Error	No
	v /net2; pss mag(V)		Error	No
	Poles		Error	No
	Zeros		Error	No
	v /VOUT; pss dB20(V)		Error	No
	v /VOUT2; pss dB20(V)		Error	No
	VIN	corner	CMOS_RES_VDD_TEMP_46 - 
	output noise-(VOUT 0); V/sqrt(Hz)		Error	No
	v /VOUT; pss mag(V)		Error	No
	v /net2; pss mag(V)		Error	No
	Poles		Error	No
	Zeros		Error	No
	v /VOUT; pss dB20(V)		Error	No
	v /VOUT2; pss dB20(V)		Error	No
	VIN	corner	CMOS_RES_VDD_TEMP_47 - 
	output noise-(VOUT 0); V/sqrt(Hz)		Error	No
	v /VOUT; pss mag(V)		Error	No
	v /net2; pss mag(V)		Error	No
	Poles		Error	No
	Zeros		Error	No
	v /VOUT; pss dB20(V)		Error	No
	v /VOUT2; pss dB20(V)		Error	No
	VIN	corner	CMOS_RES_VDD_TEMP_48 - 
	output noise-(VOUT 0); V/sqrt(Hz)		Error	No
	v /VOUT; pss mag(V)		Error	No
	v /net2; pss mag(V)		Error	No
	Poles		Error	No
	Zeros		Error	No
	v /VOUT; pss dB20(V)		Error	No
	v /VOUT2; pss dB20(V)		Error	No
	VIN	corner	CMOS_RES_VDD_TEMP_49 - 
	output noise-(VOUT 0); V/sqrt(Hz)		Error	No
	v /VOUT; pss mag(V)		Error	No
	v /net2; pss mag(V)		Error	No
	Poles		Error	No
	Zeros		Error	No
	v /VOUT; pss dB20(V)		Error	No
	v /VOUT2; pss dB20(V)		Error	No
	VIN	corner	CMOS_RES_VDD_TEMP_50 - 
	output noise-(VOUT 0); V/sqrt(Hz)		Error	No
	v /VOUT; pss mag(V)		Error	No
	v /net2; pss mag(V)		Error	No
	Poles		Error	No
	Zeros		Error	No
	v /VOUT; pss dB20(V)		Error	No
	v /VOUT2; pss dB20(V)		Error	No
	VIN	corner	CMOS_RES_VDD_TEMP_51 - 
	output noise-(VOUT 0); V/sqrt(Hz)		Error	No
	v /VOUT; pss mag(V)		Error	No
	v /net2; pss mag(V)		Error	No
	Poles		Error	No
	Zeros		Error	No
	v /VOUT; pss dB20(V)		Error	No
	v /VOUT2; pss dB20(V)		Error	No
	VIN	corner	CMOS_RES_VDD_TEMP_52 - 
	output noise-(VOUT 0); V/sqrt(Hz)		Error	No
	v /VOUT; pss mag(V)		Error	No
	v /net2; pss mag(V)		Error	No
	Poles		Error	No
	Zeros		Error	No
	v /VOUT; pss dB20(V)		Error	No
	v /VOUT2; pss dB20(V)		Error	No
	VIN	corner	CMOS_RES_VDD_TEMP_53 - 
	output noise-(VOUT 0); V/sqrt(Hz)		Error	No
	v /VOUT; pss mag(V)		Error	No
	v /net2; pss mag(V)		Error	No
	Poles		Error	No
	Zeros		Error	No
	v /VOUT; pss dB20(V)		Error	No
	v /VOUT2; pss dB20(V)		Error	No
	VIN	corner	CMOS_RES_VDD_TEMP_54 - 
	output noise-(VOUT 0); V/sqrt(Hz)		Error	No
	v /VOUT; pss mag(V)		Error	No
	v /net2; pss mag(V)		Error	No
	Poles		Error	No
	Zeros		Error	No
	v /VOUT; pss dB20(V)		Error	No
	v /VOUT2; pss dB20(V)		Error	No
	VIN	corner	CMOS_RES_VDD_TEMP_55 - 
	output noise-(VOUT 0); V/sqrt(Hz)		Error	No
	v /VOUT; pss mag(V)		Error	No
	v /net2; pss mag(V)		Error	No
	Poles		Error	No
	Zeros		Error	No
	v /VOUT; pss dB20(V)		Error	No
	v /VOUT2; pss dB20(V)		Error	No
	VIN	corner	CMOS_RES_VDD_TEMP_56 - 
	output noise-(VOUT 0); V/sqrt(Hz)		Error	No
	v /VOUT; pss mag(V)		Error	No
	v /net2; pss mag(V)		Error	No
	Poles		Error	No
	Zeros		Error	No
	v /VOUT; pss dB20(V)		Error	No
	v /VOUT2; pss dB20(V)		Error	No
	VIN	corner	CMOS_RES_VDD_TEMP_57 - 
	output noise-(VOUT 0); V/sqrt(Hz)		Error	No
	v /VOUT; pss mag(V)		Error	No
	v /net2; pss mag(V)		Error	No
	Poles		Error	No
	Zeros		Error	No
	v /VOUT; pss dB20(V)		Error	No
	v /VOUT2; pss dB20(V)		Error	No
	VIN	corner	CMOS_RES_VDD_TEMP_58 - 
	output noise-(VOUT 0); V/sqrt(Hz)		Error	No
	v /VOUT; pss mag(V)		Error	No
	v /net2; pss mag(V)		Error	No
	Poles		Error	No
	Zeros		Error	No
	v /VOUT; pss dB20(V)		Error	No
	v /VOUT2; pss dB20(V)		Error	No
	VIN	corner	CMOS_RES_VDD_TEMP_59 - 
	output noise-(VOUT 0); V/sqrt(Hz)		Error	No
	v /VOUT; pss mag(V)		Error	No
	v /net2; pss mag(V)		Error	No
	Poles		Error	No
	Zeros		Error	No
	v /VOUT; pss dB20(V)		Error	No
	v /VOUT2; pss dB20(V)		Error	No
	VIN	corner	CMOS_RES_VDD_TEMP_60 - 
	output noise-(VOUT 0); V/sqrt(Hz)		Error	No
	v /VOUT; pss mag(V)		Error	No
	v /net2; pss mag(V)		Error	No
	Poles		Error	No
	Zeros		Error	No
	v /VOUT; pss dB20(V)		Error	No
	v /VOUT2; pss dB20(V)		Error	No
	VIN	corner	CMOS_RES_VDD_TEMP_61 - 
	output noise-(VOUT 0); V/sqrt(Hz)		Error	No
	v /VOUT; pss mag(V)		Error	No
	v /net2; pss mag(V)		Error	No
	Poles		Error	No
	Zeros		Error	No
	v /VOUT; pss dB20(V)		Error	No
	v /VOUT2; pss dB20(V)		Error	No
	VIN	corner	CMOS_RES_VDD_TEMP_62 - 
	output noise-(VOUT 0); V/sqrt(Hz)		Error	No
	v /VOUT; pss mag(V)		Error	No
	v /net2; pss mag(V)		Error	No
	Poles		Error	No
	Zeros		Error	No
	v /VOUT; pss dB20(V)		Error	No
	v /VOUT2; pss dB20(V)		Error	No
	VIN	corner	CMOS_RES_VDD_TEMP_63 - 
	output noise-(VOUT 0); V/sqrt(Hz)		Error	No
	v /VOUT; pss mag(V)		Error	No
	v /net2; pss mag(V)		Error	No
	Poles		Error	No
	Zeros		Error	No
	v /VOUT; pss dB20(V)		Error	No
	v /VOUT2; pss dB20(V)		Error	No
	VIN	corner	Nominal - 
	output noise-(VOUT 0); V/sqrt(Hz)		Error	No
	v /VOUT; pss mag(V)		Error	No
	v /net2; pss mag(V)		Error	No
	Poles		Error	No
	Zeros		Error	No
	v /VOUT; pss dB20(V)		Error	No
	v /VOUT2; pss dB20(V)		Error	No
Design parameters: 
	VCM_AC		1
	VCM_DC		1.6
	VDD		3.3
	VIN_AC		1
	S0		3.3
	S1		3.3
	S2		3.3
	T0		0
	T1		0
	T2		0
	VDD_STEP		0
	VIN_STEP		0

Interactive.197
Number of points completed: 1
Number of simulation errors: 0
Interactive.197 completed. 
Current time: Tue Mar 17 13:38:09 2026 
