Starting Single Run, Sweeps and Corners...

Current time: Wed Mar 18 14:37:12 2026 
Best design point: 1
Design specs: 
	VIN	corner	Nominal - 
	output noise-(VOUT 0); V/sqrt(Hz)		Error	No
	v /net2; pss mag(V)		Error	No
	Poles		Error	No
	Zeros		Error	No
Design parameters: 
	VCM_AC		1
	VCM_DC		1.6
	VDD		3.3
	VIN_AC		1
	S0		3.3
	S1		3.3
	S2		3.3
	T0		0
	T1		0
	T2		0
	VDD_STEP		0
	VIN_STEP		0

Interactive.202
Number of points completed: 1
Number of simulation errors: 0
Interactive.202 completed. 
Current time: Wed Mar 18 14:37:33 2026 
