Starting Single Run, Sweeps and Corners...

Current time: Tue Mar 17 08:26:55 2026 
Best design point: 1
Design specs: 
	VIN	corner	CMOS_VDD_0 - 
	output noise-(VOUT 0); V/sqrt(Hz)		Error	No
	v /VOUT; pss mag(V)		Error	No
	v /net2; pss mag(V)		Error	No
	Poles		Error	No
	Zeros		Error	No
	v /VOUT; pss dB20(V)		Error	No
	v /VOUT2; pss dB20(V)		Error	No
	VIN	corner	CMOS_VDD_1 - 
	output noise-(VOUT 0); V/sqrt(Hz)		Error	No
	v /VOUT; pss mag(V)		Error	No
	v /net2; pss mag(V)		Error	No
	Poles		Error	No
	Zeros		Error	No
	v /VOUT; pss dB20(V)		Error	No
	v /VOUT2; pss dB20(V)		Error	No
	VIN	corner	CMOS_VDD_2 - 
	output noise-(VOUT 0); V/sqrt(Hz)		Error	No
	v /VOUT; pss mag(V)		Error	No
	v /net2; pss mag(V)		Error	No
	Poles		Error	No
	Zeros		Error	No
	v /VOUT; pss dB20(V)		Error	No
	v /VOUT2; pss dB20(V)		Error	No
	VIN	corner	CMOS_VDD_3 - 
	output noise-(VOUT 0); V/sqrt(Hz)		Error	No
	v /VOUT; pss mag(V)		Error	No
	v /net2; pss mag(V)		Error	No
	Poles		Error	No
	Zeros		Error	No
	v /VOUT; pss dB20(V)		Error	No
	v /VOUT2; pss dB20(V)		Error	No
	VIN	corner	CMOS_VDD_4 - 
	output noise-(VOUT 0); V/sqrt(Hz)		Error	No
	v /VOUT; pss mag(V)		Error	No
	v /net2; pss mag(V)		Error	No
	Poles		Error	No
	Zeros		Error	No
	v /VOUT; pss dB20(V)		Error	No
	v /VOUT2; pss dB20(V)		Error	No
	VIN	corner	CMOS_VDD_5 - 
	output noise-(VOUT 0); V/sqrt(Hz)		Error	No
	v /VOUT; pss mag(V)		Error	No
	v /net2; pss mag(V)		Error	No
	Poles		Error	No
	Zeros		Error	No
	v /VOUT; pss dB20(V)		Error	No
	v /VOUT2; pss dB20(V)		Error	No
	VIN	corner	CMOS_VDD_6 - 
	output noise-(VOUT 0); V/sqrt(Hz)		Error	No
	v /VOUT; pss mag(V)		Error	No
	v /net2; pss mag(V)		Error	No
	Poles		Error	No
	Zeros		Error	No
	v /VOUT; pss dB20(V)		Error	No
	v /VOUT2; pss dB20(V)		Error	No
	VIN	corner	CMOS_VDD_7 - 
	output noise-(VOUT 0); V/sqrt(Hz)		Error	No
	v /VOUT; pss mag(V)		Error	No
	v /net2; pss mag(V)		Error	No
	Poles		Error	No
	Zeros		Error	No
	v /VOUT; pss dB20(V)		Error	No
	v /VOUT2; pss dB20(V)		Error	No
	VIN	corner	Nominal - 
	output noise-(VOUT 0); V/sqrt(Hz)		Error	No
	v /VOUT; pss mag(V)		Error	No
	v /net2; pss mag(V)		Error	No
	Poles		Error	No
	Zeros		Error	No
	v /VOUT; pss dB20(V)		Error	No
	v /VOUT2; pss dB20(V)		Error	No
Design parameters: 
	VCM_AC		1
	VCM_DC		1.6
	VDD		3.3
	VIN_AC		1
	S0		3.3
	S1		3.3
	S2		3.3
	T0		0
	T1		0
	T2		0
	VDD_STEP		0
	VIN_STEP		0

Interactive.194
Number of points completed: 1
Number of simulation errors: 0
Interactive.194 completed. 
Current time: Tue Mar 17 08:26:59 2026 
