Starting Single Run, Sweeps and Corners...

Current time: Sun Mar 29 16:35:56 2026 
Best design point: 1
Design specs: 
	VIN	corner	Nominal - 
	GAIN_CM		Error	No
	GAIN_DIF		Error	No
	output noise-(VOUT 0); V/sqrt(Hz)		Error	No
	Poles		Error	No
	Zeros		Error	No
	V_OUT		960.6m
	V_OUT_dB		-348.7m
	d2_dB		62.06
	total_out_noise_pss		Error	No
Design parameters: 
	VCM_AC		1
	VCM_DC		1.6
	VDD		3.3
	VIN_AC		1
	S0		3.3
	S1		3.3
	S2		0
	T0		0
	T1		0
	T2		0
	VDD_STEP		0
	VIN_STEP		0

Interactive.32
Number of points completed: 1
Number of simulation errors: 0
Interactive.32 completed. 
Current time: Sun Mar 29 16:36:26 2026 
