Starting Single Run, Sweeps and Corners...

Current time: Sun Mar 29 16:51:04 2026 
Best design point: 1
Design specs: 
	Noise	corner	Nominal - 
	GAIN_CM		Error	No
	GAIN_DIF		Error	No
	transient_noise		Error	No
	total_out_noise_pss		908.1u
Design parameters: 
	VCM_AC		1
	VCM_DC		1.6
	VDD		3.3
	VIN_AC		1
	S0		3.3
	S1		3.3
	S2		0
	T0		0
	T1		0
	T2		0
	VDD_STEP		0
	VIN_STEP		0

Interactive.36
Number of points completed: 1
Number of simulation errors: 0
Interactive.36 completed. 
Current time: Sun Mar 29 16:51:14 2026 
