Starting Single Run, Sweeps and Corners...

Current time: Thu Apr  2 11:36:49 2026 
Best design point: 1
Design specs: 
	VIN	corner	Nominal - 
	GAIN_CM		Error	No
	GAIN_DIF		Error	No
	output noise-(VOUT 0); V/sqrt(Hz)		Error	No
	Poles		Error	No
	Zeros		Error	No
	v /VOUT2; pss dB20(V)		Error	No
	V_OUT		1.83
	V_OUT_dB		5.247
	d2_dB		25.89
	v /VOUT1; pac mag(V)		Error	No
	v /VOUT3; pac mag(V)		Error	No
	v /VOUT2; pac mag(V)		Error	No
	total_out_noise_pss		Error	No
	v /VOUT1; pss (V)		Error	No
	v /VOUT3; pss (V)		Error	No
	v /VOUT2; pss (V)		Error	No
Design parameters: 
	VCM_AC		1
	VCM_DC		1.6
	VDD		3.3
	VIN_AC		1
	S0		3.3
	S1		3.3
	S2		0
	T0		0
	T1		0
	T2		0
	VDD_STEP		0
	VIN_STEP		0

Interactive.38
Number of points completed: 1
Number of simulation errors: 0
Interactive.38 completed. 
Current time: Thu Apr  2 11:37:37 2026 
