Starting Monte Carlo Sampling...

Current time: Sun Mar 29 17:19:27 2026 

Variation: All
Sampling Method: Low-Discrepancy Sequence
Seed: 

MonteCarlo.14
Number of points completed: 2
Number of simulation errors: 0
MonteCarlo.14 completed. 
Current time: Sun Mar 29 17:21:29 2026 
Monte Carlo Sampling yield summary:
Number of spec values are in this yield data: 16
MC	Nominal - 
	GAIN_CM:	Yield	0%
		Min 0	Max 0	Mean 0	Number of errors 0
MC	Nominal - 
	GAIN_DIF:	Yield	0%
		Min 0	Max 0	Mean 0	Number of errors 0
MC	Nominal - 
	Poles:	Yield	0%
		Min 0	Max 0	Mean 0	Number of errors 0
MC	Nominal - 
	V_OUT:	Yield	0%
		Min 0	Max 0	Mean 0	Number of errors 0
MC	Nominal - 
	V_OUT_dB:	Yield	0%
		Min 0	Max 0	Mean 0	Number of errors 0
MC	Nominal - 
	Zeros:	Yield	0%
		Min 0	Max 0	Mean 0	Number of errors 0
MC	Nominal - 
	d2_dB:	Yield	0%
		Min 0	Max 0	Mean 0	Number of errors 0
MC	Nominal - 
	output noise-(VOUT 0); V/sqrt(Hz):	Yield	0%
		Min 0	Max 0	Mean 0	Number of errors 0
MC	Nominal - 
	v /VOUT1; pss (V):	Yield	0%
		Min 0	Max 0	Mean 0	Number of errors 0
MC	Nominal - 
	v /VOUT2; pss (V):	Yield	0%
		Min 0	Max 0	Mean 0	Number of errors 0
MC	Nominal - 
	v /VOUT2; pss dB20(V):	Yield	0%
		Min 0	Max 0	Mean 0	Number of errors 0
MC	Nominal - 
	v /VOUT3; pss (V):	Yield	0%
		Min 0	Max 0	Mean 0	Number of errors 0
MC	Nominal - 
	v /VOUT; pss (V):	Yield	0%
		Min 0	Max 0	Mean 0	Number of errors 0
MC	Nominal - 
	v /VOUT; pss dB20(V):	Yield	0%
		Min 0	Max 0	Mean 0	Number of errors 0
MC	Nominal - 
	v /VOUT; pss mag(V):	Yield	0%
		Min 0	Max 0	Mean 0	Number of errors 0
MC	Nominal - 
	v /net2; pss mag(V):	Yield	0%
		Min 0	Max 0	Mean 0	Number of errors 0

MC
	Overall Yield	0%	Number of points passed	0	Total number of points	0

Estimated yield = 0% (0/0), 0 errors
Estimated yield (No opregions) = 0% (0/0)
