Starting Monte Carlo Sampling...

Current time: Sun Mar 29 15:50:32 2026 

Variation: All
Sampling Method: Low-Discrepancy Sequence
Seed: 

MonteCarlo.12
Number of points completed: 1
Number of simulation errors: 0
MonteCarlo.12 completed. 
Current time: Sun Mar 29 15:51:21 2026 
Monte Carlo Sampling yield summary:
Number of spec values are in this yield data: 16
MC	Nominal - 
	GAIN_CM:	Yield	0%
		Min 0	Max 0	Mean 0	Number of errors 1
MC	Nominal - 
	GAIN_DIF:	Yield	0%
		Min 0	Max 0	Mean 0	Number of errors 1
MC	Nominal - 
	Poles:	Yield	0%
		Min 0	Max 0	Mean 0	Number of errors 1
MC	Nominal - 
	V_OUT:	Yield	100%
		Min 0.603224	Max 0.603224	Mean 0.603224	Number of errors 0
MC	Nominal - 
	V_OUT_dB:	Yield	100%
		Min -4.39043	Max -4.39043	Mean -4.39043	Number of errors 0
MC	Nominal - 
	Zeros:	Yield	0%
		Min 0	Max 0	Mean 0	Number of errors 1
MC	Nominal - 
	d2_dB:	Yield	100%
		Min 68.4548	Max 68.4548	Mean 68.4548	Number of errors 0
MC	Nominal - 
	output noise-(VOUT 0); V/sqrt(Hz):	Yield	0%
		Min 0	Max 0	Mean 0	Number of errors 1
MC	Nominal - 
	v /VOUT1; pss (V):	Yield	0%
		Min 0	Max 0	Mean 0	Number of errors 0
MC	Nominal - 
	v /VOUT2; pss (V):	Yield	0%
		Min 0	Max 0	Mean 0	Number of errors 0
MC	Nominal - 
	v /VOUT2; pss dB20(V):	Yield	0%
		Min 0	Max 0	Mean 0	Number of errors 0
MC	Nominal - 
	v /VOUT3; pss (V):	Yield	0%
		Min 0	Max 0	Mean 0	Number of errors 0
MC	Nominal - 
	v /VOUT; pss (V):	Yield	0%
		Min 0	Max 0	Mean 0	Number of errors 0
MC	Nominal - 
	v /VOUT; pss dB20(V):	Yield	0%
		Min 0	Max 0	Mean 0	Number of errors 0
MC	Nominal - 
	v /VOUT; pss mag(V):	Yield	0%
		Min 0	Max 0	Mean 0	Number of errors 0
MC	Nominal - 
	v /net2; pss mag(V):	Yield	0%
		Min 0	Max 0	Mean 0	Number of errors 0

MC
	Overall Yield	100%	Number of points passed	1	Total number of points	1

Estimated yield = 100% (1/1), 1 errors
Estimated yield (No opregions) = 100% (1/1)
