Starting Monte Carlo Sampling...

Current time: Sun Mar 29 16:53:23 2026 

Variation: All
Sampling Method: Low-Discrepancy Sequence
Seed: 

MonteCarlo.13
Number of points completed: 100
Number of simulation errors: 0
MonteCarlo.13 completed. 
Current time: Sun Mar 29 17:05:11 2026 
Monte Carlo Sampling yield summary:
Number of spec values are in this yield data: 16
MC	Nominal - 
	GAIN_CM:	Yield	0%
		Min 0	Max 0	Mean 0	Number of errors 100
MC	Nominal - 
	GAIN_DIF:	Yield	0%
		Min 0	Max 0	Mean 0	Number of errors 100
MC	Nominal - 
	Poles:	Yield	0%
		Min 0	Max 0	Mean 0	Number of errors 100
MC	Nominal - 
	V_OUT:	Yield	100%
		Min 0.620548	Max 0.658312	Mean 0.63735	Number of errors 0
MC	Nominal - 
	V_OUT_dB:	Yield	100%
		Min -4.14449	Max -3.63136	Mean -3.91292	Number of errors 0
MC	Nominal - 
	Zeros:	Yield	0%
		Min 0	Max 0	Mean 0	Number of errors 100
MC	Nominal - 
	d2_dB:	Yield	100%
		Min 62.1816	Max 72.0205	Mean 67.5457	Number of errors 0
MC	Nominal - 
	output noise-(VOUT 0); V/sqrt(Hz):	Yield	0%
		Min 0	Max 0	Mean 0	Number of errors 100
MC	Nominal - 
	v /VOUT1; pss (V):	Yield	0%
		Min 0	Max 0	Mean 0	Number of errors 0
MC	Nominal - 
	v /VOUT2; pss (V):	Yield	0%
		Min 0	Max 0	Mean 0	Number of errors 0
MC	Nominal - 
	v /VOUT2; pss dB20(V):	Yield	0%
		Min 0	Max 0	Mean 0	Number of errors 0
MC	Nominal - 
	v /VOUT3; pss (V):	Yield	0%
		Min 0	Max 0	Mean 0	Number of errors 0
MC	Nominal - 
	v /VOUT; pss (V):	Yield	0%
		Min 0	Max 0	Mean 0	Number of errors 0
MC	Nominal - 
	v /VOUT; pss dB20(V):	Yield	0%
		Min 0	Max 0	Mean 0	Number of errors 0
MC	Nominal - 
	v /VOUT; pss mag(V):	Yield	0%
		Min 0	Max 0	Mean 0	Number of errors 0
MC	Nominal - 
	v /net2; pss mag(V):	Yield	0%
		Min 0	Max 0	Mean 0	Number of errors 0

MC
	Overall Yield	100%	Number of points passed	100	Total number of points	100

Estimated yield = 100% (100/100), 100 errors
Estimated yield (No opregions) = 100% (100/100)
