Starting Single Run, Sweeps and Corners...

Current time: Fri Apr  3 18:29:20 2026 
Best design point: 1
Design specs: 
	IN	corner	CMOS_RES_CAP_TEMP_0 - 
	output_noise_Vrms		Error	No
	d2_dB		83.62
	VOUT2_mag		665.8m
	IN	corner	CMOS_RES_CAP_TEMP_1 - 
	output_noise_Vrms		Error	No
	d2_dB		91.9
	VOUT2_mag		673.9m
	IN	corner	CMOS_RES_CAP_TEMP_2 - 
	output_noise_Vrms		Error	No
	d2_dB		80.93
	VOUT2_mag		704.3m
	IN	corner	CMOS_RES_CAP_TEMP_3 - 
	output_noise_Vrms		Error	No
	d2_dB		27.84
	VOUT2_mag		681.6m
	IN	corner	CMOS_RES_CAP_TEMP_4 - 
	output_noise_Vrms		Error	No
	d2_dB		82.51
	VOUT2_mag		669.3m
	IN	corner	CMOS_RES_CAP_TEMP_5 - 
	output_noise_Vrms		Error	No
	d2_dB		80.86
	VOUT2_mag		671.7m
	IN	corner	CMOS_RES_CAP_TEMP_6 - 
	output_noise_Vrms		Error	No
	d2_dB		80.21
	VOUT2_mag		710.7m
	IN	corner	CMOS_RES_CAP_TEMP_7 - 
	output_noise_Vrms		Error	No
	d2_dB		26.56
	VOUT2_mag		672.5m
	IN	corner	CMOS_RES_CAP_TEMP_8 - 
	output_noise_Vrms		Error	No
	d2_dB		83.62
	VOUT2_mag		665.8m
	IN	corner	CMOS_RES_CAP_TEMP_9 - 
	output_noise_Vrms		Error	No
	d2_dB		91.9
	VOUT2_mag		673.9m
	IN	corner	CMOS_RES_CAP_TEMP_10 - 
	output_noise_Vrms		Error	No
	d2_dB		80.93
	VOUT2_mag		704.3m
	IN	corner	CMOS_RES_CAP_TEMP_11 - 
	output_noise_Vrms		Error	No
	d2_dB		27.84
	VOUT2_mag		681.6m
	IN	corner	CMOS_RES_CAP_TEMP_12 - 
	output_noise_Vrms		Error	No
	d2_dB		82.51
	VOUT2_mag		669.3m
	IN	corner	CMOS_RES_CAP_TEMP_13 - 
	output_noise_Vrms		Error	No
	d2_dB		80.86
	VOUT2_mag		671.7m
	IN	corner	CMOS_RES_CAP_TEMP_14 - 
	output_noise_Vrms		Error	No
	d2_dB		80.21
	VOUT2_mag		710.7m
	IN	corner	CMOS_RES_CAP_TEMP_15 - 
	output_noise_Vrms		Error	No
	d2_dB		26.56
	VOUT2_mag		672.5m
	IN	corner	CMOS_RES_CAP_TEMP_16 - 
	output_noise_Vrms		Error	No
	d2_dB		83.98
	VOUT2_mag		665.3m
	IN	corner	CMOS_RES_CAP_TEMP_17 - 
	output_noise_Vrms		Error	No
	d2_dB		92.54
	VOUT2_mag		673.5m
	IN	corner	CMOS_RES_CAP_TEMP_18 - 
	output_noise_Vrms		Error	No
	d2_dB		81.14
	VOUT2_mag		703.9m
	IN	corner	CMOS_RES_CAP_TEMP_19 - 
	output_noise_Vrms		Error	No
	d2_dB		29.51
	VOUT2_mag		690.8m
	IN	corner	CMOS_RES_CAP_TEMP_20 - 
	output_noise_Vrms		Error	No
	d2_dB		83
	VOUT2_mag		668.8m
	IN	corner	CMOS_RES_CAP_TEMP_21 - 
	output_noise_Vrms		Error	No
	d2_dB		81.21
	VOUT2_mag		671.2m
	IN	corner	CMOS_RES_CAP_TEMP_22 - 
	output_noise_Vrms		Error	No
	d2_dB		80.5
	VOUT2_mag		710.2m
	IN	corner	CMOS_RES_CAP_TEMP_23 - 
	output_noise_Vrms		Error	No
	d2_dB		28.19
	VOUT2_mag		684.9m
	IN	corner	CMOS_RES_CAP_TEMP_24 - 
	output_noise_Vrms		Error	No
	d2_dB		83.98
	VOUT2_mag		665.3m
	IN	corner	CMOS_RES_CAP_TEMP_25 - 
	output_noise_Vrms		Error	No
	d2_dB		92.54
	VOUT2_mag		673.5m
	IN	corner	CMOS_RES_CAP_TEMP_26 - 
	output_noise_Vrms		Error	No
	d2_dB		81.14
	VOUT2_mag		703.9m
	IN	corner	CMOS_RES_CAP_TEMP_27 - 
	output_noise_Vrms		Error	No
	d2_dB		29.51
	VOUT2_mag		690.8m
	IN	corner	CMOS_RES_CAP_TEMP_28 - 
	output_noise_Vrms		Error	No
	d2_dB		83
	VOUT2_mag		668.8m
	IN	corner	CMOS_RES_CAP_TEMP_29 - 
	output_noise_Vrms		Error	No
	d2_dB		81.21
	VOUT2_mag		671.2m
	IN	corner	CMOS_RES_CAP_TEMP_30 - 
	output_noise_Vrms		Error	No
	d2_dB		80.5
	VOUT2_mag		710.2m
	IN	corner	CMOS_RES_CAP_TEMP_31 - 
	output_noise_Vrms		Error	No
	d2_dB		28.19
	VOUT2_mag		684.9m
	IN	corner	Nominal - 
	output_noise_Vrms		Error	No
	d2_dB		80.3
	VOUT2_mag		683.2m
Design parameters: 
	S0		3.3
	S1		0
	S2		0
	VIN_FREQ		50

Interactive.77
Number of points completed: 1
Number of simulation errors: 0
Interactive.77 completed. 
Current time: Fri Apr  3 18:30:16 2026 
