Starting Monte Carlo Sampling...

Current time: Fri Apr  3 18:38:42 2026 

Variation: All
Sampling Method: Low-Discrepancy Sequence
Seed: 

MonteCarlo.4
Number of points completed: 100
Number of simulation errors: 0
MonteCarlo.4 completed. 
Current time: Fri Apr  3 18:40:00 2026 
Monte Carlo Sampling yield summary:
Number of spec values are in this yield data: 7
IN_MC	Nominal - 
	VOUT2_mag:	Yield	100%
		Min 0.668866	Max 0.710001	Mean 0.684106	Number of errors 0
IN_MC	Nominal - 
	d2_dB:	Yield	100%
		Min 73.6888	Max 82.6876	Mean 79.3152	Number of errors 0
IN_MC	Nominal - 
	output_noise_Vrms:	Yield	0%
		Min 0	Max 0	Mean 0	Number of errors 100
IN_MC	Nominal - 
	v /VOUT2; pss (V):	Yield	0%
		Min 0	Max 0	Mean 0	Number of errors 0
IN_MC	Nominal - 
	v /VOUT2; pss dB20(V):	Yield	0%
		Min 0	Max 0	Mean 0	Number of errors 0
IN_MC	Nominal - 
	v /VOUT; pss (V):	Yield	0%
		Min 0	Max 0	Mean 0	Number of errors 0
IN_MC	Nominal - 
	v /VOUT; pss dB20(V):	Yield	0%
		Min 0	Max 0	Mean 0	Number of errors 0

IN_MC
	Overall Yield	100%	Number of points passed	100	Total number of points	100

Estimated yield = 100% (100/100), 100 errors
Estimated yield (No opregions) = 100% (100/100)
