*Info*    Exporting services from client ... 

*Info*    Client has finished starting ... 



*Info*    Configuring the session ...

	Library      = FECG
	Cell         = fecg_tb
	View         = schematic
	Simulator    = spectre
	State Path   = $AXL_SETUPDB_DIR/test_states
	State Name   = Noise_CMRR_FECG:fecg_tb:1:1_state_Interactive.49
	Results DB   = /home/saul/projects/IL2244_VT26_SAUL/FECG/fecg_tb/adexl_signal_path/results/data/Interactive.49.rdb
	Results Dir  = /home/saul/projects/IL2244_VT26_SAUL/Sim/FECG/fecg_tb/adexl_signal_path/results/data/Interactive.49/1/Noise_CMRR
	Results Loc  = /home/saul/projects/IL2244_VT26_SAUL/Sim/FECG/fecg_tb/adexl_signal_path/results/data
	Project Dir  = /home/saul/projects/IL2244_VT26_SAUL/Sim
	Setup DB loc = /home/saul/projects/IL2244_VT26_SAUL/FECG/fecg_tb/adexl_signal_path
	File Encoding = 0



*Info*    The auto suspension is disabled.






*Info*    Run start for Point ID (4 1) on testbench [ Noise_CMRR ].

Resetting statistical vars

*Info*    Setting parameter values ...

Setting var FC = "4K"
Setting var S0 = "3.3"
Setting var S1 = "0"
Setting var S2 = "0"
Setting var VCM_AC = "0"
Setting var VCM_DC = "1.5"
Setting var VDD = "3.3"
Setting var VIN_AC = "1"
Setting var VIN_AMP = "0"
Setting var VIN_DC = "50m"
Setting var VIN_FREQ = "50"
Setting var temperature = "27"
Setting temp(T) = 27

*Info*    Netlist Directory =
          /home/saul/projects/IL2244_VT26_SAUL/Sim/FECG/fecg_tb/adexl_signal_path/results/data/Interactive.49/1/Noise_CMRR/netlist


*Info*    Data Directory    =
          /home/saul/projects/IL2244_VT26_SAUL/Sim/FECG/fecg_tb/adexl_signal_path/results/data/Interactive.49/1/Noise_CMRR


*Info*    Creating Netlist for Point ID (4 1)

generate netlist...
function ansCdlCompPrim redefined
function ansCdlCompPrim redefined
Initializing the control file using cp:
    cp /opt/tools/cadence/installs/IC618/tools.lnx86/dfII/etc/si/control.spectre /home/saul/projects/IL2244_VT26_SAUL/Sim/FECG/fecg_tb/adexl_signal_path/results/data/Interactive.49/1/Noise_CMRR/netlist/control
Copying Spectre source file 'spectre.inp'
Copying Spectre command file 'spectre.sim'
Begin Incremental Netlisting Apr  2 11:48:02 2026
WARNING (ADE-6003): Terminal "IN", specified in the CDF termOrder, does not exist
           in the cell-view "FECG" "gmc_4" "schematic"
WARNING (ADE-6004): Mismatch was found between the terminals in the cellView and those on the
           termOrder property on the CDF. Because of the mismatch, the CDF termOrder will
           be ignored. The terminals in the cellView will be netlisted in the alphabetical
           order of their names. Eliminate the mismatch if you want the CDF termOrder
           property to be used for netlisting.
           To edit CDF of a cell, 
           i) Open CIW->Tools->CDF->Edit.
           ii) Select Library Name & Cell Name.
           iii) Click on the Edit button in the simulation information section of the
                Edit CDF window.
End netlisting Apr  2 11:48:02 2026

Netlisting Statistics:
	Number of components:  195

	Elapsed time:          0.0s
Errors: 0	Warnings: 2
      ...successful.
compose simulator input file...
      ...successful.

*Info*    Running simulation on testbench [ Noise_CMRR ] for Point ID
          (4 1).

Delete psf data in /home/saul/projects/IL2244_VT26_SAUL/Sim/FECG/fecg_tb/adexl_signal_path/results/data/Interactive.49/1/Noise_CMRR/psf.
compose simulator input file...
      ...successful.
start simulator if needed...
      ...successful.
simulate...
To view the simulator output, right-click on the test name, result 
name, or any value in the "Results" tab of the Outputs section and 
choose "Output Log" menu option.
WARNING (ADE-3080): Fast viewing extensions for PSF XL format (also known as RTSF) will be discontinued  
       and Virtuoso Visualization and Analysis XL will not use RTSF data to plot waveforms from IC6.1.8 ISR7 onward. 
       There will be no performance impact on data visualization due to this change.
INFO (ADE-3071): Simulation completed successfully.
reading simulation data...
      ...successful.
*Info*    Client has finished evaluating ... 


*Info*    Run complete for Point ID (4 1) on testbench [ Noise_CMRR ].





Simulation design variables differ from those on the cellView,
they have been saved in the file "/tmp/saved-design-variables".
To save future changes, copy variables to cellView before exiting.
