\# Program start time:     UTC 2026.03.09 07:18:18.597
\# Local time: UTC (UTC+00:00) 2026.03.09 07:18:18.597
\o Program:		@(#)$CDS: virtuoso version 6.1.8-64b 09/03/2024 19:11 (sjfhw316) $
\o Hierarchy:		/opt/tools/cadence/installs/IC618/tools.lnx86/dfII/
\o Sub version:		sub-version  IC6.1.8-64b.500.36  (64-bit addresses)
\# Command line:	/opt/tools/cadence/installs/IC618/tools.lnx86/dfII/bin/64bit/virtuoso -noautostart -mpssession virtuoso415364 -mpshost edatools -davinciService DaVinciService_415364_1772903217 -log /home/saul/projects/IL2244_VT26_SAUL/logs_saul/logs0/Job189.log -licenseLockFileName /home/saul/projects/IL2244_VT26_SAUL/.tmp_saul/.edatools_415364 -interactiveA -interactiveE -interactiveRTT -nostdin -nographE -axlChildIdFlag 189
\# Host name (type):	edatools (x86_64)
\# Operating system:	Linux 6.17.0-14-generic #14~24.04.1-Ubuntu SMP PREEMPT_DYNAMIC Thu Jan 15 15:52:10 UTC 2
\# Linux /etc/issue:	\S
\# Linux /etc/issue:	Kernel \r on an \m
\# X display name (WxH):	:6487 (1024x868)
\# Available geometry:			TL(0:0) BR(1023:867)
\# X server:			The X.Org Foundation
\# Depth of Visual (Root):	24 (24)
\# Number of Planes Used:	24
\# X version:		11.0 (vendor release 12011000)
\# X resource pool:	base 0x400000, mask 0x1fffff (2097151), shift 0
\# 			current id 0x0, current max 0x1ffffa (2097146)
\# Max data seg size:	     unlimited
\# Max process size:	     unlimited
\# Initial sbrk value:	      1,546 MB
\# Available memory:	     54,917 MB
\# System memory:	     72,238 MB
\# Maximum memory size:	     70,811 MB
\# Max mem available:	     55,036 MB
\# Initial memory used:	        119 MB
\#        process size:	      1,676 MB
\# Thread usage limits (effective/default):	maxthreads 4294967295/4294967295 maxload 16.00/16.00
\# Qt version:		5.9.1
\# Window Manager:	other
\# User Name:		saul
\o Working Directory:	edatools:/home/saul/projects/IL2244_VT26_SAUL
\# Process Id:		553981
\o 
\o COPYRIGHT (C) 1992-2024  CADENCE DESIGN SYSTEMS INC.  ALL RIGHTS RESERVED.
\o           (C) 1992-2024  UNIX SYSTEMS Laboratories INC.,
\o                          Reproduced with permission.
\o 
\o This Cadence Design Systems program and online documentation are
\o proprietary/confidential information and may be disclosed/used only
\o as authorized in a license agreement controlling such use and disclosure.
\o 
\o           RESTRICTED RIGHTS NOTICE (SHORT FORM)
\o Use/reproduction/disclosure is subject to restriction
\o set forth at FAR 1252.227-19 or its equivalent.
\o Loading geView.cxt 
\o Loading menuBuilder.cxt 
\o Loading schView.cxt 
\o Loading selectSv.cxt 
\o Loading wireEdit.cxt 
\o Loading pte2.cxt 
\o Loading xlUI.cxt 
\o Loading auCore.cxt 
\o Loading dal.cxt 
\o Loading awv.cxt 
\o Loading vhdl.cxt 
\o Loading seismic.cxt 
\o Loading ci.cxt 
\o Loading ams.cxt 
\o Loading oasis.cxt 
\o Loading analog.cxt 
\o Loading asimenv.cxt 
\o Loading socket.cxt 
\o Loading par.cxt 
\o Loading alvs.cxt 
\o Loading caa.cxt 
\o Loading amps.cxt 
\o Loading adexlCore.cxt 
\o Loading adexl.cxt 
\o *Info*    Exporting services from client ... 
\o 
\o Loading adexlDM.cxt 
\o Loading cpf.cxt 
\o Loading cli.cxt 
\o Loading lp.cxt 
\o INFO (ELI-00302) Connecting to parent process (session=virtuoso415364, host=edatools). Connection mode is ICRP. Total timeout is 180 seconds. Connection timeout is 90 seconds.
\o INFO (ELI-00303) Step 1: Connecting to parent. Time spent is 0 seconds.
\o INFO (ELI-00304) The registration of the child 553981 within 90 seconds is being processed...
\o INFO (ELI-00305) The result of registration is true. Time spent is 0 seconds.
\o INFO (ELI-00308) The connection has ended. Result is true. Total time spent is 0 seconds.
\# [07:18:18.445386] Configured Lic search path (22.01-s002): 3000@lic08.ug.kth.se:29000@lic06.ug.kth.se
\o ......................................................................................
\o            ams AG HIT-Kit v.ams_4.10
\o ......................................................................................
\o COPYRIGHT (c) 2012 Full Service Foundry @ ams AG.  ALL RIGHTS RESERVED
\o This HIT-Kit and attached documentation are confidential information and may 
\o only be used as authorized by the HIT-Kit license agreement.
\o ......................................................................................
\# Current Window: window(2)
\o Loading simulator default settings.
\o //
\o //  Calibre Skill Interface * (v2024.4_12.9) *
\o //
\o //                         Copyright Siemens 1996-2020     
\o //                             All Rights Reserved.
\o //         THIS WORK CONTAINS TRADE SECRET AND PROPRIETARY INFORMATION
\o //            WHICH IS THE PROPERTY OF MENTOR GRAPHICS CORPORATION
\o //              OR ITS LICENSORS AND IS SUBJECT TO LICENSE TERMS.
\o //
\o //
\# Memory report: using         278 MB, process size 1,969 MB at UTC 2026.03.09 07:18:20.700
\o Loading simulator default settings.
\o *Info*    Client has finished starting ... 
\o 
\o Loading vdsil.cxt 
\p hitkit: ams_4.10  Tech: c35b4c3  User: saul 
\w *WARNING* could not load font "-*-courier-medium-r-*-*-12-*", using font "fixed"
\# Loading perfDiag...
\# (PerfDiag): Set GDB path to environment variable 'gdbPath' (gdb).
\# Performance Diagnostic tool is installed. You can access PerfDiag from CIW Tools or use the shell command 'cdsPerfDiag -p 553981' to open it when Virtuoso freezes.
\# (PerfDiag): Use backtrace from GLIBC.
\w *WARNING* _perfPstackCheck: Cannot find pstack/gstack. Please setup PATH environment variable to pstack/gstack executable.
\o Loading vqp.cxt 
\o Loading hdlPkg.cxt 
\o 
\o 
\o *Info*    Configuring the session ...
\o 
\o Loading simui.cxt 
\o 	Library      = ECG_IA
\o 	Cell         = ecg_ia_tb
\o 	View         = schematic
\o 	Simulator    = spectre
\o 	State Path   = $AXL_SETUPDB_DIR/test_states
\o 	State Name   = MC_ECG_IA:ecg_ia_tb:1:1_state_MonteCarlo.3
\o 	Results DB   = /home/saul/projects/IL2244_VT26_SAUL/ECG_IA/ecg_ia_tb/adexl/results/data/MonteCarlo.3.rdb
\o 	Results Dir  = /home/saul/projects/AMS_35_V4_MINIMAL/Sim/ECG_IA/ecg_ia_tb/adexl/results/data/MonteCarlo.3/1/MC
\o 	Results Loc  = /home/saul/projects/AMS_35_V4_MINIMAL/Sim/ECG_IA/ecg_ia_tb/adexl/results/data
\o 	Project Dir  = /home/saul/projects/AMS_35_V4_MINIMAL/Sim
\o 	Setup DB loc = /home/saul/projects/IL2244_VT26_SAUL/ECG_IA/ecg_ia_tb/adexl
\o 	File Encoding = 0
\o 
\o 
\o Loading viva.cxt 
\o Loading spectrei.cxt 
\o Loading devCheck.cxt 
\o Loading relXpert.cxt 
\o Loading hspiceD.cxt 
\o Loading spectreinl.cxt 
\o Loading msgHandler.cxt 
\o Loading UltraSim.cxt 
\o Loading AMSOSS.cxt 
\o Loading AMS.cxt 
\o 
\o *Info*    The auto suspension is disabled.
\o 
\o Loading monte.cxt 
\o 
\o 
\o 
\o 
\o 
\o *Info*    Run start for Point ID (12 11) on testbench [ MC ].
\o 
\o Resetting statistical vars
\o 
\o *Info*    Setting parameter values ...
\o 
\o Setting var VCM_AC = "1"
\o Setting var VCM_DC = "1.6"
\o Setting var VDD = "3.3"
\o Setting var VIN_AC = "1"
\o Setting var VIN_DC = "0"
\o Setting var temperature = "27"
\o Setting temp(T) = 27
\o 
\o *Info*    Netlist Directory =
\o           /home/saul/projects/AMS_35_V4_MINIMAL/Sim/ECG_IA/ecg_ia_tb/adexl/results/data/MonteCarlo.3/11/MC/groupRunDataDir/netlist
\o 
\o 
\o *Info*    Data Directory    =
\o           /home/saul/projects/AMS_35_V4_MINIMAL/Sim/ECG_IA/ecg_ia_tb/adexl/results/data/MonteCarlo.3/11/MC/groupRunDataDir
\o 
\o 
\o *Info*    Creating Netlist for Point ID (12 11)
\o 
\o generate netlist...
\o Loading hnlInit.cxt 
\o Loading seCore.cxt 
\o function ansCdlCompPrim redefined
\o function ansCdlCompPrim redefined
\# [07:18:22.028848] Periodic Lic check successful
\# [07:18:22.028848] Feature usage summary:
\# Memory report: using         404 MB, process size 2,164 MB at UTC 2026.03.09 07:18:22.077
\o Begin Incremental Netlisting Mar  9 07:18:22 2026
\o Loading json.cxt 
\o End netlisting Mar  9 07:18:22 2026
\o 
\o Netlisting Statistics:
\o 	Number of components:   33
\o 
\o 	Elapsed time:          0.0s
\o Errors: 0	Warnings: 0
\o       ...successful.
\o compose simulator input file...
\o       ...successful.
\o 
\o *Info*    Running simulation on testbench [ MC ] for Point ID (12 11).
\o 
\o *Info*    Spectre controlMode is set "batch" due to monte carlo run.
\o 
\o Delete psf data in /home/saul/projects/AMS_35_V4_MINIMAL/Sim/ECG_IA/ecg_ia_tb/adexl/results/data/MonteCarlo.3/11/MC/groupRunDataDir/psf.
\o generate netlist...
\o function ansCdlCompPrim redefined
\o function ansCdlCompPrim redefined
\o Begin Incremental Netlisting Mar  9 07:18:22 2026
\o End netlisting Mar  9 07:18:22 2026
\o 
\o 	The netlist is up to date.
\o 	Time taken to compare the design with netlist:   0.0s
\o       ...successful.
\o compose simulator input file...
\o       ...successful.
\o start simulator if needed...
\o       ...successful.
\o simulate...
\o To view the simulator output, right-click on the test name, result 
\o name, or any value in the "Results" tab of the Outputs section and 
\o choose "Output Log" menu option.
\o WARNING (ADE-3080): Fast viewing extensions for PSF XL format (also known as RTSF) will be discontinued  
\o        and Virtuoso Visualization and Analysis XL will not use RTSF data to plot waveforms from IC6.1.8 ISR7 onward. 
\o        There will be no performance impact on data visualization due to this change.
\o Loading paraplot.cxt 
\o *Info*    Client has finished evaluating ... 
\o 
\o 
\o *Info*    Run complete for Point ID (12 11) on testbench [ MC ].
\o 
\o 
\o 
\o 
\o 
\o *Info*    Client has finished evaluating ... 
\o 
\o 
\o *Info*    Run complete for Point ID (12 12) on testbench [ MC ].
\o 
\o 
\o 
\o 
\o 
\o *Info*    Client has finished evaluating ... 
\o 
\o 
\o *Info*    Run complete for Point ID (12 13) on testbench [ MC ].
\o 
\o 
\o 
\o 
\o 
\o *Info*    Client has finished evaluating ... 
\o 
\o 
\o *Info*    Run complete for Point ID (12 14) on testbench [ MC ].
\o 
\o 
\o 
\o 
\o 
\o *Info*    Client has finished evaluating ... 
\o 
\o 
\o *Info*    Run complete for Point ID (12 15) on testbench [ MC ].
\o 
\o 
\o 
\o 
\o 
\o *Info*    Client has finished evaluating ... 
\o 
\o 
\o *Info*    Run complete for Point ID (12 16) on testbench [ MC ].
\o 
\o 
\o 
\o 
\o 
\o *Info*    Client has finished evaluating ... 
\o 
\o 
\o *Info*    Run complete for Point ID (12 17) on testbench [ MC ].
\o 
\o 
\o 
\o 
\o 
\o *Info*    Client has finished evaluating ... 
\o 
\o 
\o *Info*    Run complete for Point ID (12 18) on testbench [ MC ].
\o 
\o 
\o 
\o 
\o 
\o *Info*    Client has finished evaluating ... 
\o 
\o 
\o *Info*    Run complete for Point ID (12 19) on testbench [ MC ].
\o 
\o 
\o 
\o 
\o 
\o INFO (ADE-3071): Simulation completed successfully.
\o reading simulation data...
\o       ...successful.
\o *Info*    Client has finished evaluating ... 
\o 
\o 
\o *Info*    Run complete for Point ID (12 20) on testbench [ MC ].
\o 
\o 
\o 
\o 
\o 
\o *Info*    Monte Carlo Simulation completed successfully...
\# Available memory:         53,441 MB at UTC 2026.03.09 07:18:28.563
\# Memory report: Maximum memory size now 53,904 MB at UTC 2026.03.09 07:18:28.564
\# Thread usage report: 22 active threads, active load 1.40 at UTC 2026.03.09 07:18:28.564
\o Simulation design variables differ from those on the cellView,
\o they have been saved in the file "/tmp/saved-design-variables".
\o To save future changes, copy variables to cellView before exiting.
\o 
\o 
\o *Info*    Configuring the session ...
\o 
\o 	Library      = ECG_IA
\o 	Cell         = ecg_ia_tb
\o 	View         = schematic
\o 	Simulator    = spectre
\o 	State Path   = $AXL_SETUPDB_DIR/test_states
\o 	State Name   = ECG_IA:ecg_ia_tb:1_none_MonteCarlo.4
\o 	Results DB   = /home/saul/projects/IL2244_VT26_SAUL/ECG_IA/ecg_ia_tb/adexl/results/data/MonteCarlo.4.rdb
\o 	Results Dir  = /home/saul/projects/AMS_35_V4_MINIMAL/Sim/ECG_IA/ecg_ia_tb/adexl/results/data/MonteCarlo.4/1/ECG_IA:ecg_ia_tb:1
\o 	Results Loc  = /home/saul/projects/AMS_35_V4_MINIMAL/Sim/ECG_IA/ecg_ia_tb/adexl/results/data
\o 	Project Dir  = /home/saul/projects/AMS_35_V4_MINIMAL/Sim
\o 	Setup DB loc = /home/saul/projects/IL2244_VT26_SAUL/ECG_IA/ecg_ia_tb/adexl
\o 	File Encoding = 0
\o 
\o 
\o 
\o *Info*    The auto suspension is disabled.
\o 
\o 
\o 
\o 
\o 
\o 
\o *Info*    Run start for Point ID (13 1) on testbench [
\o           ECG_IA:ecg_ia_tb:1 ].
\o 
\o Resetting statistical vars
\o 
\o *Info*    Setting parameter values ...
\o 
\o Setting var VCM_AC = "1"
\o Setting var VCM_DC = "1.6"
\o Setting var VDD = "3.3"
\o Setting var VIN_AC = "1"
\o Setting var VIN_DC = "0"
\o Setting var temperature = "27"
\o Setting temp(T) = 27
\o 
\o *Info*    Netlist Directory =
\o           /home/saul/projects/AMS_35_V4_MINIMAL/Sim/ECG_IA/ecg_ia_tb/adexl/results/data/MonteCarlo.4/1/ECG_IA:ecg_ia_tb:1/groupRunDataDir/netlist
\o 
\o 
\o *Info*    Data Directory    =
\o           /home/saul/projects/AMS_35_V4_MINIMAL/Sim/ECG_IA/ecg_ia_tb/adexl/results/data/MonteCarlo.4/1/ECG_IA:ecg_ia_tb:1/groupRunDataDir
\o 
\o 
\o *Info*    Creating Netlist for Point ID (13 1)
\o 
\o generate netlist...
\o function ansCdlCompPrim redefined
\o function ansCdlCompPrim redefined
\o Begin Incremental Netlisting Mar  9 07:19:28 2026
\o End netlisting Mar  9 07:19:28 2026
\o 
\o Netlisting Statistics:
\o 	Number of components:   33
\o 
\o 	Elapsed time:          0.0s
\o Errors: 0	Warnings: 0
\o       ...successful.
\o compose simulator input file...
\o       ...successful.
\o 
\o *Info*    Running simulation on testbench [ ECG_IA:ecg_ia_tb:1 ] for
\o           Point ID (13 1).
\o 
\o *Info*    Spectre controlMode is set "batch" due to monte carlo run.
\o 
\o Delete psf data in /home/saul/projects/AMS_35_V4_MINIMAL/Sim/ECG_IA/ecg_ia_tb/adexl/results/data/MonteCarlo.4/1/ECG_IA:ecg_ia_tb:1/groupRunDataDir/psf.
\o generate netlist...
\o function ansCdlCompPrim redefined
\o function ansCdlCompPrim redefined
\o Begin Incremental Netlisting Mar  9 07:19:28 2026
\o End netlisting Mar  9 07:19:28 2026
\o 
\o 	The netlist is up to date.
\o 	Time taken to compare the design with netlist:   0.0s
\o       ...successful.
\o compose simulator input file...
\o       ...successful.
\o start simulator if needed...
\o       ...successful.
\o simulate...
\o To view the simulator output, right-click on the test name, result 
\o name, or any value in the "Results" tab of the Outputs section and 
\o choose "Output Log" menu option.
\o WARNING (ADE-3080): Fast viewing extensions for PSF XL format (also known as RTSF) will be discontinued  
\o        and Virtuoso Visualization and Analysis XL will not use RTSF data to plot waveforms from IC6.1.8 ISR7 onward. 
\o        There will be no performance impact on data visualization due to this change.
\o *Info*    Client has finished evaluating ... 
\o 
\o 
\o *Info*    Run complete for Point ID (13 1) on testbench [
\o           ECG_IA:ecg_ia_tb:1 ].
\o 
\o 
\o 
\o 
\o 
\o *Info*    Client has finished evaluating ... 
\o 
\o 
\o *Info*    Run complete for Point ID (13 10) on testbench [
\o           ECG_IA:ecg_ia_tb:1 ].
\o 
\o 
\o 
\o 
\o 
\o *Info*    Client has finished evaluating ... 
\o 
\o 
\o *Info*    Run complete for Point ID (13 19) on testbench [
\o           ECG_IA:ecg_ia_tb:1 ].
\o 
\o 
\o 
\o 
\o 
\o *Info*    Client has finished evaluating ... 
\o 
\o 
\o *Info*    Run complete for Point ID (13 28) on testbench [
\o           ECG_IA:ecg_ia_tb:1 ].
\o 
\o 
\o 
\o 
\o 
\o *Info*    Client has finished evaluating ... 
\o 
\o 
\o *Info*    Run complete for Point ID (13 37) on testbench [
\o           ECG_IA:ecg_ia_tb:1 ].
\o 
\o 
\o 
\o 
\o 
\o *Info*    Client has finished evaluating ... 
\o 
\o 
\o *Info*    Run complete for Point ID (13 46) on testbench [
\o           ECG_IA:ecg_ia_tb:1 ].
\o 
\o 
\o 
\o 
\o 
\o *Info*    Client has finished evaluating ... 
\o 
\o 
\o *Info*    Run complete for Point ID (13 55) on testbench [
\o           ECG_IA:ecg_ia_tb:1 ].
\o 
\o 
\o 
\o 
\o 
\o *Info*    Client has finished evaluating ... 
\o 
\o 
\o *Info*    Run complete for Point ID (13 64) on testbench [
\o           ECG_IA:ecg_ia_tb:1 ].
\o 
\o 
\o 
\o 
\o 
\o *Info*    Client has finished evaluating ... 
\o 
\o 
\o *Info*    Run complete for Point ID (13 73) on testbench [
\o           ECG_IA:ecg_ia_tb:1 ].
\o 
\o 
\o 
\o 
\o 
\o *Info*    Client has finished evaluating ... 
\o 
\o 
\o *Info*    Run complete for Point ID (13 82) on testbench [
\o           ECG_IA:ecg_ia_tb:1 ].
\o 
\o 
\o 
\o 
\o 
\o *Info*    Client has finished evaluating ... 
\o 
\o 
\o *Info*    Run complete for Point ID (13 91) on testbench [
\o           ECG_IA:ecg_ia_tb:1 ].
\o 
\o 
\o 
\o 
\o 
\o *Info*    Client has finished evaluating ... 
\o 
\o 
\o *Info*    Run complete for Point ID (13 100) on testbench [
\o           ECG_IA:ecg_ia_tb:1 ].
\o 
\o 
\o 
\o 
\o 
\o *Info*    Client has finished evaluating ... 
\o 
\o 
\o *Info*    Run complete for Point ID (13 109) on testbench [
\o           ECG_IA:ecg_ia_tb:1 ].
\o 
\o 
\o 
\o 
\o 
\o *Info*    Client has finished evaluating ... 
\o 
\o 
\o *Info*    Run complete for Point ID (13 118) on testbench [
\o           ECG_IA:ecg_ia_tb:1 ].
\o 
\o 
\o 
\o 
\o 
\o *Info*    Client has finished evaluating ... 
\o 
\o 
\o *Info*    Run complete for Point ID (13 127) on testbench [
\o           ECG_IA:ecg_ia_tb:1 ].
\o 
\o 
\o 
\o 
\o 
\o *Info*    Client has finished evaluating ... 
\o 
\o 
\o *Info*    Run complete for Point ID (13 136) on testbench [
\o           ECG_IA:ecg_ia_tb:1 ].
\o 
\o 
\o 
\o 
\o 
\o *Info*    Client has finished evaluating ... 
\o 
\o 
\o *Info*    Run complete for Point ID (13 145) on testbench [
\o           ECG_IA:ecg_ia_tb:1 ].
\o 
\o 
\o 
\o 
\o 
\o *Info*    Client has finished evaluating ... 
\o 
\o 
\o *Info*    Run complete for Point ID (13 154) on testbench [
\o           ECG_IA:ecg_ia_tb:1 ].
\o 
\o 
\o 
\o 
\o 
\o *Info*    Client has finished evaluating ... 
\o 
\o 
\o *Info*    Run complete for Point ID (13 163) on testbench [
\o           ECG_IA:ecg_ia_tb:1 ].
\o 
\o 
\o 
\o 
\o 
\o *Info*    Client has finished evaluating ... 
\o 
\o 
\o *Info*    Run complete for Point ID (13 172) on testbench [
\o           ECG_IA:ecg_ia_tb:1 ].
\o 
\o 
\o 
\o 
\o 
\o *Info*    Client has finished evaluating ... 
\o 
\o 
\o *Info*    Run complete for Point ID (13 181) on testbench [
\o           ECG_IA:ecg_ia_tb:1 ].
\o 
\o 
\o 
\o 
\o 
\o *Info*    Client has finished evaluating ... 
\o 
\o 
\o *Info*    Run complete for Point ID (13 190) on testbench [
\o           ECG_IA:ecg_ia_tb:1 ].
\o 
\o 
\o 
\o 
\o 
\o *Info*    Client has finished evaluating ... 
\o 
\o 
\o *Info*    Run complete for Point ID (13 199) on testbench [
\o           ECG_IA:ecg_ia_tb:1 ].
\o 
\o 
\o 
\o 
\o 
\o *Info*    Client has finished evaluating ... 
\o 
\o 
\o *Info*    Run complete for Point ID (13 208) on testbench [
\o           ECG_IA:ecg_ia_tb:1 ].
\o 
\o 
\o 
\o 
\o 
\o *Info*    Client has finished evaluating ... 
\o 
\o 
\o *Info*    Run complete for Point ID (13 217) on testbench [
\o           ECG_IA:ecg_ia_tb:1 ].
\o 
\o 
\o 
\o 
\o 
\o *Info*    Client has finished evaluating ... 
\o 
\o 
\o *Info*    Run complete for Point ID (13 226) on testbench [
\o           ECG_IA:ecg_ia_tb:1 ].
\o 
\o 
\o 
\o 
\o 
\o *Info*    Client has finished evaluating ... 
\o 
\o 
\o *Info*    Run complete for Point ID (13 235) on testbench [
\o           ECG_IA:ecg_ia_tb:1 ].
\o 
\o 
\o 
\o 
\o 
\o *Info*    Client has finished evaluating ... 
\o 
\o 
\o *Info*    Run complete for Point ID (13 244) on testbench [
\o           ECG_IA:ecg_ia_tb:1 ].
\o 
\o 
\o 
\o 
\o 
\o *Info*    Client has finished evaluating ... 
\o 
\o 
\o *Info*    Run complete for Point ID (13 253) on testbench [
\o           ECG_IA:ecg_ia_tb:1 ].
\o 
\o 
\o 
\o 
\o 
\# Memory report: using         508 MB, process size 2,318 MB at UTC 2026.03.09 07:19:38.128
\o *Info*    Client has finished evaluating ... 
\o 
\o 
\o *Info*    Run complete for Point ID (13 262) on testbench [
\o           ECG_IA:ecg_ia_tb:1 ].
\o 
\o 
\o 
\o 
\o 
\o *Info*    Client has finished evaluating ... 
\o 
\o 
\o *Info*    Run complete for Point ID (13 271) on testbench [
\o           ECG_IA:ecg_ia_tb:1 ].
\o 
\o 
\o 
\o 
\o 
\o *Info*    Client has finished evaluating ... 
\o 
\o 
\o *Info*    Run complete for Point ID (13 280) on testbench [
\o           ECG_IA:ecg_ia_tb:1 ].
\o 
\o 
\o 
\o 
\o 
\o *Info*    Client has finished evaluating ... 
\o 
\o 
\o *Info*    Run complete for Point ID (13 289) on testbench [
\o           ECG_IA:ecg_ia_tb:1 ].
\o 
\o 
\o 
\o 
\o 
\o *Info*    Client has finished evaluating ... 
\o 
\o 
\o *Info*    Run complete for Point ID (13 298) on testbench [
\o           ECG_IA:ecg_ia_tb:1 ].
\o 
\o 
\o 
\o 
\o 
\o *Info*    Client has finished evaluating ... 
\o 
\o 
\o *Info*    Run complete for Point ID (13 307) on testbench [
\o           ECG_IA:ecg_ia_tb:1 ].
\o 
\o 
\o 
\o 
\o 
\o *Info*    Client has finished evaluating ... 
\o 
\o 
\o *Info*    Run complete for Point ID (13 316) on testbench [
\o           ECG_IA:ecg_ia_tb:1 ].
\o 
\o 
\o 
\o 
\o 
\o *Info*    Client has finished evaluating ... 
\o 
\o 
\o *Info*    Run complete for Point ID (13 325) on testbench [
\o           ECG_IA:ecg_ia_tb:1 ].
\o 
\o 
\o 
\o 
\o 
\o *Info*    Client has finished evaluating ... 
\o 
\o 
\o *Info*    Run complete for Point ID (13 334) on testbench [
\o           ECG_IA:ecg_ia_tb:1 ].
\o 
\o 
\o 
\o 
\o 
\o *Info*    Client has finished evaluating ... 
\o 
\o 
\o *Info*    Run complete for Point ID (13 343) on testbench [
\o           ECG_IA:ecg_ia_tb:1 ].
\o 
\o 
\o 
\o 
\o 
\o *Info*    Client has finished evaluating ... 
\o 
\o 
\o *Info*    Run complete for Point ID (13 352) on testbench [
\o           ECG_IA:ecg_ia_tb:1 ].
\o 
\o 
\o 
\o 
\o 
\o *Info*    Client has finished evaluating ... 
\o 
\o 
\o *Info*    Run complete for Point ID (13 361) on testbench [
\o           ECG_IA:ecg_ia_tb:1 ].
\o 
\o 
\o 
\o 
\o 
\o *Info*    Client has finished evaluating ... 
\o 
\o 
\o *Info*    Run complete for Point ID (13 370) on testbench [
\o           ECG_IA:ecg_ia_tb:1 ].
\o 
\o 
\o 
\o 
\o 
\o *Info*    Client has finished evaluating ... 
\o 
\o 
\o *Info*    Run complete for Point ID (13 379) on testbench [
\o           ECG_IA:ecg_ia_tb:1 ].
\o 
\o 
\o 
\o 
\o 
\o *Info*    Client has finished evaluating ... 
\o 
\o 
\o *Info*    Run complete for Point ID (13 388) on testbench [
\o           ECG_IA:ecg_ia_tb:1 ].
\o 
\o 
\o 
\o 
\o 
\o *Info*    Client has finished evaluating ... 
\o 
\o 
\o *Info*    Run complete for Point ID (13 397) on testbench [
\o           ECG_IA:ecg_ia_tb:1 ].
\o 
\o 
\o 
\o 
\o 
\o *Info*    Client has finished evaluating ... 
\o 
\o 
\o *Info*    Run complete for Point ID (13 406) on testbench [
\o           ECG_IA:ecg_ia_tb:1 ].
\o 
\o 
\o 
\o 
\o 
\o INFO (ADE-3071): Simulation completed successfully.
\o reading simulation data...
\o       ...successful.
\o *Info*    Client has finished evaluating ... 
\o 
\o 
\o *Info*    Run complete for Point ID (13 415) on testbench [
\o           ECG_IA:ecg_ia_tb:1 ].
\o 
\o 
\o 
\o 
\o 
\o *Info*    Client has finished evaluating ... 
\o 
\o 
\o *Info*    Run complete for Point ID (13 424) on testbench [
\o           ECG_IA:ecg_ia_tb:1 ].
\o 
\o 
\o 
\o 
\o 
\o *Info*    Client has finished evaluating ... 
\o 
\o 
\o *Info*    Run complete for Point ID (13 433) on testbench [
\o           ECG_IA:ecg_ia_tb:1 ].
\o 
\o 
\o 
\o 
\o 
\o *Info*    Client has finished evaluating ... 
\o 
\o 
\o *Info*    Run complete for Point ID (13 442) on testbench [
\o           ECG_IA:ecg_ia_tb:1 ].
\o 
\o 
\o 
\o 
\o 
\o *Info*    Monte Carlo Simulation completed successfully...
\o Simulation design variables differ from those on the cellView,
\o they have been saved in the file "/tmp/saved-design-variables".
\o To save future changes, copy variables to cellView before exiting.
\o 
\o 
\o *Info*    Configuring the session ...
\o 
\o 	Library      = ECG_IA
\o 	Cell         = ecg_ia_tb
\o 	View         = schematic
\o 	Simulator    = spectre
\o 	State Path   = $AXL_SETUPDB_DIR/test_states
\o 	State Name   = ECG_IA:ecg_ia_tb:1_none_Interactive.9
\o 	Results DB   = /home/saul/projects/IL2244_VT26_SAUL/ECG_IA/ecg_ia_tb/adexl/results/data/Interactive.9.rdb
\o 	Results Dir  = /home/saul/projects/AMS_35_V4_MINIMAL/Sim/ECG_IA/ecg_ia_tb/adexl/results/data/Interactive.9/1/ECG_IA:ecg_ia_tb:1
\o 	Results Loc  = /home/saul/projects/AMS_35_V4_MINIMAL/Sim/ECG_IA/ecg_ia_tb/adexl/results/data
\o 	Project Dir  = /home/saul/projects/AMS_35_V4_MINIMAL/Sim
\o 	Setup DB loc = /home/saul/projects/IL2244_VT26_SAUL/ECG_IA/ecg_ia_tb/adexl
\o 	File Encoding = 0
\o 
\o 
\o 
\o *Info*    The auto suspension is disabled.
\o 
\o 
\o 
\o 
\o 
\o 
\o *Info*    Run start for Point ID (14 5) on testbench [
\o           ECG_IA:ecg_ia_tb:1 ].
\o 
\o Resetting statistical vars
\o 
\o *Info*    Setting parameter values ...
\o 
\o Setting var VCM_AC = "1"
\o Setting var VCM_DC = "1.6"
\o Setting var VDD = "3.63"
\o Setting var VIN_AC = "1"
\o Setting var VIN_DC = "0"
\o Setting var temperature = "27"
\o Setting temp(T) = 27
\o 
\o *Info*    Netlist Directory =
\o           /home/saul/projects/AMS_35_V4_MINIMAL/Sim/ECG_IA/ecg_ia_tb/adexl/results/data/Interactive.9/5/ECG_IA:ecg_ia_tb:1/netlist
\o 
\o 
\o *Info*    Data Directory    =
\o           /home/saul/projects/AMS_35_V4_MINIMAL/Sim/ECG_IA/ecg_ia_tb/adexl/results/data/Interactive.9/5/ECG_IA:ecg_ia_tb:1
\o 
\o 
\o *Info*    Creating Netlist for Point ID (14 5)
\o 
\o generate netlist...
\o function ansCdlCompPrim redefined
\o function ansCdlCompPrim redefined
\o Begin Incremental Netlisting Mar  9 07:20:11 2026
\o End netlisting Mar  9 07:20:11 2026
\o 
\o 	The netlist is up to date.
\o 	Time taken to compare the design with netlist:   0.0s
\o       ...successful.
\o compose simulator input file...
\o       ...successful.
\o 
\o *Info*    Running simulation on testbench [ ECG_IA:ecg_ia_tb:1 ] for
\o           Point ID (14 5).
\o 
\o Delete psf data in /home/saul/projects/AMS_35_V4_MINIMAL/Sim/ECG_IA/ecg_ia_tb/adexl/results/data/Interactive.9/5/ECG_IA:ecg_ia_tb:1/psf.
\o compose simulator input file...
\o       ...successful.
\o start simulator if needed...
\o       ...successful.
\o simulate...
\o To view the simulator output, right-click on the test name, result 
\o name, or any value in the "Results" tab of the Outputs section and 
\o choose "Output Log" menu option.
\o WARNING (ADE-3080): Fast viewing extensions for PSF XL format (also known as RTSF) will be discontinued  
\o        and Virtuoso Visualization and Analysis XL will not use RTSF data to plot waveforms from IC6.1.8 ISR7 onward. 
\o        There will be no performance impact on data visualization due to this change.
\o INFO (ADE-3071): Simulation completed successfully.
\o reading simulation data...
\o       ...successful.
\o *Info*    Client has finished evaluating ... 
\o 
\o 
\o *Info*    Run complete for Point ID (14 5) on testbench [
\o           ECG_IA:ecg_ia_tb:1 ].
\o 
\o 
\o 
\o 
\o 
\o 
\o 
\o 
\o 
\o 
\o *Info*    Run start for Point ID (14 9) on testbench [
\o           ECG_IA:ecg_ia_tb:1 ].
\o 
\o Resetting statistical vars
\o 
\o *Info*    Setting parameter values ...
\o 
\o 
\o *Info*    Netlist Directory =
\o           /home/saul/projects/AMS_35_V4_MINIMAL/Sim/ECG_IA/ecg_ia_tb/adexl/results/data/Interactive.9/9/ECG_IA:ecg_ia_tb:1/netlist
\o 
\o 
\o *Info*    Data Directory    =
\o           /home/saul/projects/AMS_35_V4_MINIMAL/Sim/ECG_IA/ecg_ia_tb/adexl/results/data/Interactive.9/9/ECG_IA:ecg_ia_tb:1
\o 
\o 
\o *Info*    Creating Netlist for Point ID (14 9)
\o 
\o generate netlist...
\o function ansCdlCompPrim redefined
\o function ansCdlCompPrim redefined
\o Begin Incremental Netlisting Mar  9 07:20:13 2026
\o End netlisting Mar  9 07:20:13 2026
\o 
\o 	The netlist is up to date.
\o 	Time taken to compare the design with netlist:   0.0s
\o       ...successful.
\o compose simulator input file...
\o       ...successful.
\o 
\o *Info*    Running simulation on testbench [ ECG_IA:ecg_ia_tb:1 ] for
\o           Point ID (14 9).
\o 
\o Delete psf data in /home/saul/projects/AMS_35_V4_MINIMAL/Sim/ECG_IA/ecg_ia_tb/adexl/results/data/Interactive.9/9/ECG_IA:ecg_ia_tb:1/psf.
\o compose simulator input file...
\o       ...successful.
\o start simulator if needed...
\o       ...successful.
\o simulate...
\o To view the simulator output, right-click on the test name, result 
\o name, or any value in the "Results" tab of the Outputs section and 
\o choose "Output Log" menu option.
\o WARNING (ADE-3080): Fast viewing extensions for PSF XL format (also known as RTSF) will be discontinued  
\o        and Virtuoso Visualization and Analysis XL will not use RTSF data to plot waveforms from IC6.1.8 ISR7 onward. 
\o        There will be no performance impact on data visualization due to this change.
\o INFO (ADE-3071): Simulation completed successfully.
\o reading simulation data...
\o       ...successful.
\o *Info*    Client has finished evaluating ... 
\o 
\o 
\o *Info*    Run complete for Point ID (14 9) on testbench [
\o           ECG_IA:ecg_ia_tb:1 ].
\o 
\o 
\o 
\o 
\o 
\o Simulation design variables differ from those on the cellView,
\o they have been saved in the file "/tmp/saved-design-variables".
\o To save future changes, copy variables to cellView before exiting.
\o 
\o 
\o *Info*    Configuring the session ...
\o 
\o 	Library      = ECG_IA
\o 	Cell         = ecg_ia_tb
\o 	View         = schematic
\o 	Simulator    = spectre
\o 	State Path   = $AXL_SETUPDB_DIR/test_states
\o 	State Name   = MC_ECG_IA:ecg_ia_tb:1:1_state_MonteCarlo.5
\o 	Results DB   = /home/saul/projects/IL2244_VT26_SAUL/ECG_IA/ecg_ia_tb/adexl/results/data/MonteCarlo.5.rdb
\o 	Results Dir  = /home/saul/projects/AMS_35_V4_MINIMAL/Sim/ECG_IA/ecg_ia_tb/adexl/results/data/MonteCarlo.5/1/MC
\o 	Results Loc  = /home/saul/projects/AMS_35_V4_MINIMAL/Sim/ECG_IA/ecg_ia_tb/adexl/results/data
\o 	Project Dir  = /home/saul/projects/AMS_35_V4_MINIMAL/Sim
\o 	Setup DB loc = /home/saul/projects/IL2244_VT26_SAUL/ECG_IA/ecg_ia_tb/adexl
\o 	File Encoding = 0
\o 
\o 
\o 
\o *Info*    The auto suspension is disabled.
\o 
\o 
\o 
\o 
\o 
\o 
\o *Info*    Run start for Point ID (15 5) on testbench [ MC ].
\o 
\o Resetting statistical vars
\o 
\o *Info*    Setting parameter values ...
\o 
\o Setting var VCM_AC = "1"
\o Setting var VCM_DC = "1.6"
\o Setting var VDD = "3.63"
\o Setting var VIN_AC = "1"
\o Setting var VIN_DC = "0"
\o Setting var temperature = "27"
\o Setting temp(T) = 27
\o 
\o *Info*    Netlist Directory =
\o           /home/saul/projects/AMS_35_V4_MINIMAL/Sim/ECG_IA/ecg_ia_tb/adexl/results/data/MonteCarlo.5/5/MC/groupRunDataDir/netlist
\o 
\o 
\o *Info*    Data Directory    =
\o           /home/saul/projects/AMS_35_V4_MINIMAL/Sim/ECG_IA/ecg_ia_tb/adexl/results/data/MonteCarlo.5/5/MC/groupRunDataDir
\o 
\o 
\o *Info*    Creating Netlist for Point ID (15 5)
\o 
\o generate netlist...
\o function ansCdlCompPrim redefined
\o function ansCdlCompPrim redefined
\o Begin Incremental Netlisting Mar  9 07:20:48 2026
\o End netlisting Mar  9 07:20:48 2026
\o 
\o 	The netlist is up to date.
\o 	Time taken to compare the design with netlist:   0.0s
\o       ...successful.
\o compose simulator input file...
\o       ...successful.
\o 
\o *Info*    Running simulation on testbench [ MC ] for Point ID (15 5).
\o 
\o *Info*    Spectre controlMode is set "batch" due to monte carlo run.
\o 
\o Delete psf data in /home/saul/projects/AMS_35_V4_MINIMAL/Sim/ECG_IA/ecg_ia_tb/adexl/results/data/MonteCarlo.5/5/MC/groupRunDataDir/psf.
\o generate netlist...
\o function ansCdlCompPrim redefined
\o function ansCdlCompPrim redefined
\o Begin Incremental Netlisting Mar  9 07:20:48 2026
\o End netlisting Mar  9 07:20:48 2026
\o 
\o 	The netlist is up to date.
\o 	Time taken to compare the design with netlist:   0.0s
\o       ...successful.
\o compose simulator input file...
\o       ...successful.
\o start simulator if needed...
\o       ...successful.
\o simulate...
\o To view the simulator output, right-click on the test name, result 
\o name, or any value in the "Results" tab of the Outputs section and 
\o choose "Output Log" menu option.
\o WARNING (ADE-3080): Fast viewing extensions for PSF XL format (also known as RTSF) will be discontinued  
\o        and Virtuoso Visualization and Analysis XL will not use RTSF data to plot waveforms from IC6.1.8 ISR7 onward. 
\o        There will be no performance impact on data visualization due to this change.
\o *Info*    Client has finished evaluating ... 
\o 
\o 
\o *Info*    Run complete for Point ID (15 5) on testbench [ MC ].
\o 
\o 
\o 
\o 
\o 
\o *Info*    Client has finished evaluating ... 
\o 
\o 
\o *Info*    Run complete for Point ID (15 14) on testbench [ MC ].
\o 
\o 
\o 
\o 
\o 
\o *Info*    Client has finished evaluating ... 
\o 
\o 
\o *Info*    Run complete for Point ID (15 23) on testbench [ MC ].
\o 
\o 
\o 
\o 
\o 
\o *Info*    Client has finished evaluating ... 
\o 
\o 
\o *Info*    Run complete for Point ID (15 32) on testbench [ MC ].
\o 
\o 
\o 
\o 
\o 
\o *Info*    Client has finished evaluating ... 
\o 
\o 
\o *Info*    Run complete for Point ID (15 41) on testbench [ MC ].
\o 
\o 
\o 
\o 
\o 
\o *Info*    Client has finished evaluating ... 
\o 
\o 
\o *Info*    Run complete for Point ID (15 50) on testbench [ MC ].
\o 
\o 
\o 
\o 
\o 
\o *Info*    Client has finished evaluating ... 
\o 
\o 
\o *Info*    Run complete for Point ID (15 59) on testbench [ MC ].
\o 
\o 
\o 
\o 
\o 
\o *Info*    Client has finished evaluating ... 
\o 
\o 
\o *Info*    Run complete for Point ID (15 68) on testbench [ MC ].
\o 
\o 
\o 
\o 
\o 
\o *Info*    Client has finished evaluating ... 
\o 
\o 
\o *Info*    Run complete for Point ID (15 77) on testbench [ MC ].
\o 
\o 
\o 
\o 
\o 
\o *Info*    Client has finished evaluating ... 
\o 
\o 
\o *Info*    Run complete for Point ID (15 86) on testbench [ MC ].
\o 
\o 
\o 
\o 
\o 
\o *Info*    Client has finished evaluating ... 
\o 
\o 
\o *Info*    Run complete for Point ID (15 95) on testbench [ MC ].
\o 
\o 
\o 
\o 
\o 
\o *Info*    Client has finished evaluating ... 
\o 
\o 
\o *Info*    Run complete for Point ID (15 104) on testbench [ MC ].
\o 
\o 
\o 
\o 
\o 
\o *Info*    Client has finished evaluating ... 
\o 
\o 
\o *Info*    Run complete for Point ID (15 113) on testbench [ MC ].
\o 
\o 
\o 
\o 
\o 
\o *Info*    Client has finished evaluating ... 
\o 
\o 
\o *Info*    Run complete for Point ID (15 122) on testbench [ MC ].
\o 
\o 
\o 
\o 
\o 
\o *Info*    Client has finished evaluating ... 
\o 
\o 
\o *Info*    Run complete for Point ID (15 131) on testbench [ MC ].
\o 
\o 
\o 
\o 
\o 
\o *Info*    Client has finished evaluating ... 
\o 
\o 
\o *Info*    Run complete for Point ID (15 140) on testbench [ MC ].
\o 
\o 
\o 
\o 
\o 
\o *Info*    Client has finished evaluating ... 
\o 
\o 
\o *Info*    Run complete for Point ID (15 149) on testbench [ MC ].
\o 
\o 
\o 
\o 
\o 
\o *Info*    Client has finished evaluating ... 
\o 
\o 
\o *Info*    Run complete for Point ID (15 158) on testbench [ MC ].
\o 
\o 
\o 
\o 
\o 
\o *Info*    Client has finished evaluating ... 
\o 
\o 
\o *Info*    Run complete for Point ID (15 167) on testbench [ MC ].
\o 
\o 
\o 
\o 
\o 
\o *Info*    Client has finished evaluating ... 
\o 
\o 
\o *Info*    Run complete for Point ID (15 176) on testbench [ MC ].
\o 
\o 
\o 
\o 
\o 
\o *Info*    Client has finished evaluating ... 
\o 
\o 
\o *Info*    Run complete for Point ID (15 185) on testbench [ MC ].
\o 
\o 
\o 
\o 
\o 
\o *Info*    Client has finished evaluating ... 
\o 
\o 
\o *Info*    Run complete for Point ID (15 194) on testbench [ MC ].
\o 
\o 
\o 
\o 
\o 
\o *Info*    Client has finished evaluating ... 
\o 
\o 
\o *Info*    Run complete for Point ID (15 203) on testbench [ MC ].
\o 
\o 
\o 
\o 
\o 
\# Memory report: Maximum memory size now 52,744 MB at UTC 2026.03.09 07:20:58.151
\o *Info*    Client has finished evaluating ... 
\o 
\o 
\o *Info*    Run complete for Point ID (15 212) on testbench [ MC ].
\o 
\o 
\o 
\o 
\o 
\o *Info*    Client has finished evaluating ... 
\o 
\o 
\o *Info*    Run complete for Point ID (15 221) on testbench [ MC ].
\o 
\o 
\o 
\o 
\o 
\o *Info*    Client has finished evaluating ... 
\o 
\o 
\o *Info*    Run complete for Point ID (15 230) on testbench [ MC ].
\o 
\o 
\o 
\o 
\o 
\o *Info*    Client has finished evaluating ... 
\o 
\o 
\o *Info*    Run complete for Point ID (15 239) on testbench [ MC ].
\o 
\o 
\o 
\o 
\o 
\o *Info*    Client has finished evaluating ... 
\o 
\o 
\o *Info*    Run complete for Point ID (15 248) on testbench [ MC ].
\o 
\o 
\o 
\o 
\o 
\o *Info*    Current simulation for points ((15 5) (15 14) (15 23) (15
\o           32) (15 41) (15 50) (15 59) (15 68) (15 77) (15 86) (15 95)
\o           (15 104) (15 113) (15 122) (15 131) (15 140) (15 149) (15
\o           158) (15 167) (15 176) (15 185) (15 194) (15 203) (15 212)
\o           (15 221) (15 230) (15 239) (15 248) (15 257) (15 266) (15
\o           275) (15 284) (15 293) (15 302) (15 311) (15 320) (15 329)
\o           (15 338) (15 347) (15 356) (15 365) (15 374) (15 383) (15
\o           392) (15 401) (15 410) (15 419) (15 428) (15 437) (15 446)
\o           (15 455) (15 464) (15 473) (15 482) (15 491) (15 500) (15
\o           509) (15 518) (15 527) (15 536) (15 545) (15 554) (15 563)
\o           (15 572) (15 581) (15 590) (15 599) (15 608) (15 617) (15
\o           626) (15 635) (15 644) (15 653) (15 662) (15 671) (15 680)
\o           (15 689) (15 698) (15 707) (15 716) (15 725) (15 734) (15
\o           743) (15 752) (15 761) (15 770) (15 779) (15 788) (15 797)
\o           (15 806) (15 815) (15 824) (15 833) (15 842) (15 851) (15
\o           860) (15 869) (15 878) (15 887) (15 896)).
\o *Info*    (ADE-3072): Simulation stopped because you selected the
\o           'Stop Simulation' command in ADE.
\o 
\o *Info*    Monte Carlo Simulation unsuccessful...
\o *Info*    See simulation output log for more information.
\o INFO (ADE-3067): Errors encountered during simulation. For more information, right-click
\o         on a test name in the 'Results' tab of the Outputs pane and choose 'Output Log'
\o         to view the simulation run log.
\o reading simulation data...
\o       ...successful.
\o Simulation design variables differ from those on the cellView,
\o they have been saved in the file "/tmp/saved-design-variables".
\o To save future changes, copy variables to cellView before exiting.
\o 
\o 
\o *Info*    Configuring the session ...
\o 
\o 	Library      = ECG_IA
\o 	Cell         = ecg_ia_tb
\o 	View         = schematic
\o 	Simulator    = spectre
\o 	State Path   = $AXL_SETUPDB_DIR/test_states
\o 	State Name   = MC_ECG_IA:ecg_ia_tb:1:1_state_MonteCarlo.6
\o 	Results DB   = /home/saul/projects/IL2244_VT26_SAUL/ECG_IA/ecg_ia_tb/adexl/results/data/MonteCarlo.6.rdb
\o 	Results Dir  = /home/saul/projects/AMS_35_V4_MINIMAL/Sim/ECG_IA/ecg_ia_tb/adexl/results/data/MonteCarlo.6/1/MC
\o 	Results Loc  = /home/saul/projects/AMS_35_V4_MINIMAL/Sim/ECG_IA/ecg_ia_tb/adexl/results/data
\o 	Project Dir  = /home/saul/projects/AMS_35_V4_MINIMAL/Sim
\o 	Setup DB loc = /home/saul/projects/IL2244_VT26_SAUL/ECG_IA/ecg_ia_tb/adexl
\o 	File Encoding = 0
\o 
\o 
\o 
\o *Info*    The auto suspension is disabled.
\o 
\o 
\o 
\o 
\o 
\o 
\o *Info*    Run start for Point ID (16 41) on testbench [ MC ].
\o 
\o Resetting statistical vars
\o 
\o *Info*    Setting parameter values ...
\o 
\o Setting var VCM_AC = "1"
\o Setting var VCM_DC = "1.6"
\o Setting var VDD = "3.3"
\o Setting var VIN_AC = "1"
\o Setting var VIN_DC = "0"
\o Setting var temperature = "27"
\o Setting temp(T) = 27
\o 
\o *Info*    Netlist Directory =
\o           /home/saul/projects/AMS_35_V4_MINIMAL/Sim/ECG_IA/ecg_ia_tb/adexl/results/data/MonteCarlo.6/41/MC/groupRunDataDir/netlist
\o 
\o 
\o *Info*    Data Directory    =
\o           /home/saul/projects/AMS_35_V4_MINIMAL/Sim/ECG_IA/ecg_ia_tb/adexl/results/data/MonteCarlo.6/41/MC/groupRunDataDir
\o 
\o 
\o *Info*    Creating Netlist for Point ID (16 41)
\o 
\o generate netlist...
\o function ansCdlCompPrim redefined
\o function ansCdlCompPrim redefined
\o Begin Incremental Netlisting Mar  9 07:21:04 2026
\o End netlisting Mar  9 07:21:04 2026
\o 
\o 	The netlist is up to date.
\o 	Time taken to compare the design with netlist:   0.0s
\o       ...successful.
\o compose simulator input file...
\o       ...successful.
\o 
\o *Info*    Running simulation on testbench [ MC ] for Point ID (16 41).
\o 
\o *Info*    Spectre controlMode is set "batch" due to monte carlo run.
\o 
\o Delete psf data in /home/saul/projects/AMS_35_V4_MINIMAL/Sim/ECG_IA/ecg_ia_tb/adexl/results/data/MonteCarlo.6/41/MC/groupRunDataDir/psf.
\o generate netlist...
\o function ansCdlCompPrim redefined
\o function ansCdlCompPrim redefined
\o Begin Incremental Netlisting Mar  9 07:21:04 2026
\o End netlisting Mar  9 07:21:04 2026
\o 
\o 	The netlist is up to date.
\o 	Time taken to compare the design with netlist:   0.0s
\o       ...successful.
\o compose simulator input file...
\o       ...successful.
\o start simulator if needed...
\o       ...successful.
\o simulate...
\o To view the simulator output, right-click on the test name, result 
\o name, or any value in the "Results" tab of the Outputs section and 
\o choose "Output Log" menu option.
\o WARNING (ADE-3080): Fast viewing extensions for PSF XL format (also known as RTSF) will be discontinued  
\o        and Virtuoso Visualization and Analysis XL will not use RTSF data to plot waveforms from IC6.1.8 ISR7 onward. 
\o        There will be no performance impact on data visualization due to this change.
\o *Info*    Client has finished evaluating ... 
\o 
\o 
\o *Info*    Run complete for Point ID (16 41) on testbench [ MC ].
\o 
\o 
\o 
\o 
\o 
\o *Info*    Client has finished evaluating ... 
\o 
\o 
\o *Info*    Run complete for Point ID (16 42) on testbench [ MC ].
\o 
\o 
\o 
\o 
\o 
\o *Info*    Client has finished evaluating ... 
\o 
\o 
\o *Info*    Run complete for Point ID (16 43) on testbench [ MC ].
\o 
\o 
\o 
\o 
\o 
\o *Info*    Client has finished evaluating ... 
\o 
\o 
\o *Info*    Run complete for Point ID (16 44) on testbench [ MC ].
\o 
\o 
\o 
\o 
\o 
\o *Info*    Client has finished evaluating ... 
\o 
\o 
\o *Info*    Run complete for Point ID (16 45) on testbench [ MC ].
\o 
\o 
\o 
\o 
\o 
\o *Info*    Client has finished evaluating ... 
\o 
\o 
\o *Info*    Run complete for Point ID (16 46) on testbench [ MC ].
\o 
\o 
\o 
\o 
\o 
\o *Info*    Client has finished evaluating ... 
\o 
\o 
\o *Info*    Run complete for Point ID (16 47) on testbench [ MC ].
\o 
\o 
\o 
\o 
\o 
\o *Info*    Client has finished evaluating ... 
\o 
\o 
\o *Info*    Run complete for Point ID (16 48) on testbench [ MC ].
\o 
\o 
\o 
\o 
\o 
\o *Info*    Client has finished evaluating ... 
\o 
\o 
\o *Info*    Run complete for Point ID (16 49) on testbench [ MC ].
\o 
\o 
\o 
\o 
\o 
\o *Info*    Client has finished evaluating ... 
\o 
\o 
\o *Info*    Run complete for Point ID (16 50) on testbench [ MC ].
\o 
\o 
\o 
\o 
\o 
\o *Info*    Client has finished evaluating ... 
\o 
\o 
\o *Info*    Run complete for Point ID (16 51) on testbench [ MC ].
\o 
\o 
\o 
\o 
\o 
\o *Info*    Client has finished evaluating ... 
\o 
\o 
\o *Info*    Run complete for Point ID (16 52) on testbench [ MC ].
\o 
\o 
\o 
\o 
\o 
\o *Info*    Client has finished evaluating ... 
\o 
\o 
\o *Info*    Run complete for Point ID (16 53) on testbench [ MC ].
\o 
\o 
\o 
\o 
\o 
\o *Info*    Client has finished evaluating ... 
\o 
\o 
\o *Info*    Run complete for Point ID (16 54) on testbench [ MC ].
\o 
\o 
\o 
\o 
\o 
\o *Info*    Client has finished evaluating ... 
\o 
\o 
\o *Info*    Run complete for Point ID (16 55) on testbench [ MC ].
\o 
\o 
\o 
\o 
\o 
\o *Info*    Client has finished evaluating ... 
\o 
\o 
\o *Info*    Run complete for Point ID (16 56) on testbench [ MC ].
\o 
\o 
\o 
\o 
\o 
\o *Info*    Client has finished evaluating ... 
\o 
\o 
\o *Info*    Run complete for Point ID (16 57) on testbench [ MC ].
\o 
\o 
\o 
\o 
\o 
\o *Info*    Client has finished evaluating ... 
\o 
\o 
\o *Info*    Run complete for Point ID (16 58) on testbench [ MC ].
\o 
\o 
\o 
\o 
\o 
\o INFO (ADE-3071): Simulation completed successfully.
\o reading simulation data...
\o       ...successful.
\o *Info*    Client has finished evaluating ... 
\o 
\o 
\o *Info*    Run complete for Point ID (16 59) on testbench [ MC ].
\o 
\o 
\o 
\o 
\o 
\o *Info*    Client has finished evaluating ... 
\o 
\o 
\o *Info*    Run complete for Point ID (16 60) on testbench [ MC ].
\o 
\o 
\o 
\o 
\o 
\o *Info*    Monte Carlo Simulation completed successfully...
\# Memory report: using         609 MB, process size 2,419 MB at UTC 2026.03.09 07:21:14.171
\o Simulation design variables differ from those on the cellView,
\o they have been saved in the file "/tmp/saved-design-variables".
\o To save future changes, copy variables to cellView before exiting.
\o 
\o *Info*    Received signal SIGTERM.
\o 
\o 
