*Info*    Exporting services from client ... 

*Info*    Client has finished starting ... 



*Info*    Configuring the session ...

	Library      = FECG
	Cell         = fecg_tb
	View         = schematic
	Simulator    = spectre
	State Path   = $AXL_SETUPDB_DIR/test_states
	State Name   = IN_none_Interactive.51
	Results DB   = /home/saul/projects/IL2244_VT26_SAUL/FECG/fecg_tb/adexl_signal_path/results/data/Interactive.51.rdb
	Results Dir  = /home/saul/projects/IL2244_VT26_SAUL/Sim/FECG/fecg_tb/adexl_signal_path/results/data/Interactive.51/1/IN
	Results Loc  = /home/saul/projects/IL2244_VT26_SAUL/Sim/FECG/fecg_tb/adexl_signal_path/results/data
	Project Dir  = /home/saul/projects/IL2244_VT26_SAUL/Sim
	Setup DB loc = /home/saul/projects/IL2244_VT26_SAUL/FECG/fecg_tb/adexl_signal_path
	File Encoding = 0



*Info*    The auto suspension is disabled.






*Info*    Run start for Point ID (0 1) on testbench [ IN ].

Resetting statistical vars

*Info*    Setting parameter values ...

Setting var F0 = "0"
Setting var F1 = "0"
Setting var F2 = "0"
Setting var FC = "4K"
Setting var S0 = "0"
Setting var S1 = "0"
Setting var S2 = "0"
Setting var VCM_AC = "0"
Setting var VCM_DC = "1.5"
Setting var VDD = "3.3"
Setting var VIN_AC = "1"
Setting var VIN_AMP = "10m"
Setting var VIN_DC = "50m"
Setting var VIN_FREQ = "50"
Setting var temperature = "27"
Setting temp(T) = 27

*Info*    Netlist Directory =
          /home/saul/projects/IL2244_VT26_SAUL/Sim/FECG/fecg_tb/adexl_signal_path/results/data/Interactive.51/1/IN/netlist


*Info*    Data Directory    =
          /home/saul/projects/IL2244_VT26_SAUL/Sim/FECG/fecg_tb/adexl_signal_path/results/data/Interactive.51/1/IN


*Info*    Creating Netlist for Point ID (0 1)

generate netlist...
function ansCdlCompPrim redefined
function ansCdlCompPrim redefined
Initializing the control file using cp:
    cp /opt/tools/cadence/installs/IC618/tools.lnx86/dfII/etc/si/control.spectre /home/saul/projects/IL2244_VT26_SAUL/Sim/FECG/fecg_tb/adexl_signal_path/results/data/Interactive.51/1/IN/netlist/control
Copying Spectre source file 'spectre.inp'
Copying Spectre command file 'spectre.sim'
Begin Incremental Netlisting Apr  2 19:17:04 2026
WARNING (OSSHNL-941): Failed to open the sameCellNamesInMultipleLibs file '/home/saul/projects/IL2244_VT26_SAUL/Sim/FECG/gmc_lpf_tb/adexl/results/data/Interactive.32/1/IN/netlist/ihnl/sameCellNamesInMultipleLibs', in the append mode.
Ensure that you have the write permission for the mentioned file.

End netlisting Apr  2 19:17:04 2026

Netlisting Statistics:
	Number of components:  220

	Elapsed time:          0.0s
Errors: 0	Warnings: 0
      ...successful.
compose simulator input file...
      ...successful.

*Info*    Running simulation on testbench [ IN ] for Point ID (0 1).

Delete psf data in /home/saul/projects/IL2244_VT26_SAUL/Sim/FECG/fecg_tb/adexl_signal_path/results/data/Interactive.51/1/IN/psf.
compose simulator input file...
      ...successful.
start simulator if needed...
      ...successful.
simulate...
To view the simulator output, right-click on the test name, result 
name, or any value in the "Results" tab of the Outputs section and 
choose "Output Log" menu option.
WARNING (ADE-3080): Fast viewing extensions for PSF XL format (also known as RTSF) will be discontinued  
       and Virtuoso Visualization and Analysis XL will not use RTSF data to plot waveforms from IC6.1.8 ISR7 onward. 
       There will be no performance impact on data visualization due to this change.
INFO (ADE-3071): Simulation completed successfully.
reading simulation data...
      ...successful.
*Info*    Client has finished evaluating ... 

WARNING (OCN-6038): Results pxf are not available for /home/saul/projects/IL2244_VT26_SAUL/Sim/FECG/fecg_tb/adexl_signal_path/results/data/Interactive.51/1/IN. Use results() for a list of available results.
WARNING (OCN-6038): Results pxf are not available for /home/saul/projects/IL2244_VT26_SAUL/Sim/FECG/fecg_tb/adexl_signal_path/results/data/Interactive.51/1/IN. Use results() for a list of available results.
ERROR (ADEXL-2708): Evaluation of output 'CMRR' failed for point:'1' test:'IN'
	Expression:'(db(getData("/V7" ?result "pxf")) (- db(getData("/V2" ?result "pxf"))))'
	because of the following error(s)
	*Error* minus: can't handle (- nil).
Ensure that the definition of output is correct.

ERROR (ADEXL-2709): Evaluation of output 'v /VLF2; pac dB20(V)' returned 'nil' for point:'1' test:'IN'
	Expression:'db(vh('pac "/VLF2"))'.
Ensure that the definition of output is correct.

ERROR (ADEXL-2709): Evaluation of output 'v /VIA; pac dB20(V)' returned 'nil' for point:'1' test:'IN'
	Expression:'db(vh('pac "/VIA"))'.
Ensure that the definition of output is correct.

WARNING (OCN-6038): Results pxf are not available for /home/saul/projects/IL2244_VT26_SAUL/Sim/FECG/fecg_tb/adexl_signal_path/results/data/Interactive.51/1/IN. Use results() for a list of available results.
WARNING (OCN-6038): Results pxf are not available for /home/saul/projects/IL2244_VT26_SAUL/Sim/FECG/fecg_tb/adexl_signal_path/results/data/Interactive.51/1/IN. Use results() for a list of available results.
ERROR (ADEXL-2709): Evaluation of output 'V/V /V7; pxf dB20(V/V)' returned 'nil' for point:'1' test:'IN'
	Expression:'db(getData("/V7" ?result "pxf"))'.
Ensure that the definition of output is correct.

ERROR (ADEXL-2709): Evaluation of output 'v /VLF1; pac dB20(V)' returned 'nil' for point:'1' test:'IN'
	Expression:'db(vh('pac "/VLF1"))'.
Ensure that the definition of output is correct.

WARNING (OCN-6038): Results pxf are not available for /home/saul/projects/IL2244_VT26_SAUL/Sim/FECG/fecg_tb/adexl_signal_path/results/data/Interactive.51/1/IN. Use results() for a list of available results.
WARNING (OCN-6038): Results pxf are not available for /home/saul/projects/IL2244_VT26_SAUL/Sim/FECG/fecg_tb/adexl_signal_path/results/data/Interactive.51/1/IN. Use results() for a list of available results.
ERROR (ADEXL-2709): Evaluation of output 'V/V /V2; pxf dB20(V/V)' returned 'nil' for point:'1' test:'IN'
	Expression:'db(getData("/V2" ?result "pxf"))'.
Ensure that the definition of output is correct.

ERROR (ADEXL-2709): Evaluation of output 'v /VGA; pac dB20(V)' returned 'nil' for point:'1' test:'IN'
	Expression:'db(vh('pac "/VGA"))'.
Ensure that the definition of output is correct.

ERROR (ADEXL-2709): Evaluation of output 'v /VOUT; pac dB20(V)' returned 'nil' for point:'1' test:'IN'
	Expression:'db(vh('pac "/VOUT"))'.
Ensure that the definition of output is correct.


*Info*    Run complete for Point ID (0 1) on testbench [ IN ].





Simulation design variables differ from those on the cellView,
they have been saved in the file "/tmp/saved-design-variables".
To save future changes, copy variables to cellView before exiting.
