*Info*    Exporting services from client ... 

*Info*    Client has finished starting ... 



*Info*    Configuring the session ...

	Library      = FECG
	Cell         = gmc_lpf_tb
	View         = schematic
	Simulator    = spectre
	State Path   = $AXL_SETUPDB_DIR/test_states
	State Name   = IN_spectre_state1_Interactive.135
	Results DB   = /home/saul/projects/IL2244_VT26_SAUL/FECG/gmc_lpf_tb/adexl/results/data/Interactive.135.rdb
	Results Dir  = /home/saul/projects/IL2244_VT26_SAUL/Sim/FECG/gmc_lpf_tb/adexl/results/data/Interactive.135/1/IN
	Results Loc  = /home/saul/projects/IL2244_VT26_SAUL/Sim/FECG/gmc_lpf_tb/adexl/results/data
	Project Dir  = /home/saul/projects/IL2244_VT26_SAUL/Sim
	Setup DB loc = /home/saul/projects/IL2244_VT26_SAUL/FECG/gmc_lpf_tb/adexl
	File Encoding = 0



*Info*    The auto suspension is disabled.






*Info*    Run start for Point ID (104 1) on testbench [ IN ].

Resetting statistical vars

*Info*    Setting parameter values ...

Setting var DC_IN = "1.5"
Setting var F0 = "3.3"
Setting var F1 = "3.3"
Setting var F2 = "0"
Setting var F3 = "0"
Setting var F4 = "0"
Setting var VDD = "3.3"
Setting var VIN_AMPV = "0.5"
Setting var VIN_DC = "0"
Setting var temperature = "27"
Setting temp(T) = 27

*Info*    Netlist Directory =
          /home/saul/projects/IL2244_VT26_SAUL/Sim/FECG/gmc_lpf_tb/adexl/results/data/Interactive.135/1/IN/netlist


*Info*    Data Directory    =
          /home/saul/projects/IL2244_VT26_SAUL/Sim/FECG/gmc_lpf_tb/adexl/results/data/Interactive.135/1/IN


*Info*    Creating Netlist for Point ID (104 1)

generate netlist...
function ansCdlCompPrim redefined
function ansCdlCompPrim redefined
Begin Incremental Netlisting Apr  2 19:02:16 2026
ERROR (OSSHNL-109): The cellview 'FECG/gmc_lpf_tb/schematic' has been modified since the last extraction. Validate
that the schematic is correct and run Check and Save to correct this error.

End netlisting Apr  2 19:02:16 2026
ERROR (OSSHNL-514): Netlist generation failed because of the errors reported above. The netlist might not have been generated at all, or the generated netlist could be corrupt. Fix the reported errors and regenerate the netlist.
      ...unsuccessful.

*Error*   Error ID  = 5012
*Error*   Error Msg = Failed to create netlist.









*Info*    Run start for Point ID (104 1) on testbench [ IN ].

Resetting statistical vars

*Info*    Setting parameter values ...

Setting var DC_IN = "1.5"
Setting var F0 = "3.3"
Setting var F1 = "3.3"
Setting var F2 = "0"
Setting var F3 = "0"
Setting var F4 = "0"
Setting var VDD = "3.3"
Setting var VIN_AMPV = "0.5"
Setting var VIN_DC = "0"
Setting var temperature = "27"
Setting temp(T) = 27

*Info*    Netlist Directory =
          /home/saul/projects/IL2244_VT26_SAUL/Sim/FECG/gmc_lpf_tb/adexl/results/data/Interactive.135/1/IN/netlist


*Info*    Data Directory    =
          /home/saul/projects/IL2244_VT26_SAUL/Sim/FECG/gmc_lpf_tb/adexl/results/data/Interactive.135/1/IN


*Info*    Creating Netlist for Point ID (104 1)

generate netlist...
function ansCdlCompPrim redefined
function ansCdlCompPrim redefined
Begin Incremental Netlisting Apr  2 19:02:16 2026
ERROR (OSSHNL-109): The cellview 'FECG/gmc_lpf_tb/schematic' has been modified since the last extraction. Validate
that the schematic is correct and run Check and Save to correct this error.

End netlisting Apr  2 19:02:16 2026
ERROR (OSSHNL-514): Netlist generation failed because of the errors reported above. The netlist might not have been generated at all, or the generated netlist could be corrupt. Fix the reported errors and regenerate the netlist.
      ...unsuccessful.

*Error*   Error ID  = 5012
*Error*   Error Msg = Failed to create netlist.




Simulation design variables differ from those on the cellView,
they have been saved in the file "/tmp/saved-design-variables".
To save future changes, copy variables to cellView before exiting.
