[Simulation Monitor: 11]
[2026-04-27 07:07:34.288 Z] [PROCESS] [cadence.virtuoso.ade.simulationMonitor] - Simulation Monitor has successfully started up. Trying to set up communication channels to other components ... {"hostname": "edatools", "processid": 4089080, "logfile": "/home/saul/projects/IL2244_VT26_SAUL/logs_saul/logs0/Job11.log"}
[2026-04-27 07:07:34.288 Z] [PROCESS] [cadence.virtuoso.ade.simulationMonitor] - Communication channels have been successfully set up. Start processing events ... {"hostname": "edatools", "processid": 4089080, "logfile": "/home/saul/projects/IL2244_VT26_SAUL/logs_saul/logs0/Job11.log"}
[2026-04-27 07:07:34.288 Z] [PROCESS] [cadence.virtuoso.ade.simulationMonitor] - Considering to start history {"hostname": "edatools", "processid": 4089080, "history": "Interactive.12", "logfile": "/home/saul/projects/IL2244_VT26_SAUL/logs_saul/logs0/Job11.log"}
[2026-04-27 07:07:34.290 Z] [PROCESS] [cadence.virtuoso.ade.simulationMonitor] - HostInfo:
Host name (type):	edatools (x86_64)
Operating system:	Linux 6.17.0-20-generic #20~24.04.1-Ubuntu SMP PREEMPT_DYNAMIC Thu Mar 19 01:28:37 UTC 2 {"hostname": "edatools", "processid": 4089080, "history": "Interactive.12", "logfile": "/home/saul/projects/IL2244_VT26_SAUL/logs_saul/logs0/Job11.log", "nodename": "edatools", "domainname": "(none)", "machine": "x86_64", "sysname": "Linux", "release": "6.17.0-20-generic", "version": "#20~24.04.1-Ubuntu SMP PREEMPT_DYNAMIC Thu Mar 19 01:28:37 UTC 2"}
[2026-04-27 07:07:34.290 Z] [PROCESS] [cadence.virtuoso.ade.simulationMonitor] - UsageInfo:
pid=4089080
totalPhysicalMemory=62.544991GB,Used=36.182709GB,totalVirtualMemory=70.544987GB,Used=36.182709GB
Cpu: Cores=16, Load average:0.270000,0.360000,0.430000 {"hostname": "edatools", "processid": 4089080, "history": "Interactive.12", "logfile": "/home/saul/projects/IL2244_VT26_SAUL/logs_saul/logs0/Job11.log", "pid": "4089080", "totalPhysicalMemory": "62.544991", "physicalMemoryUsed": "36.182709", "totalVirtualMemory": "70.544987", "virtualMemoryUsed": "36.182709", "cpuCores": "16", "processes": "2137", "loadAverage1": "0.270000", "loadAverage5": "0.360000", "loadAverage15": "0.430000", "loadAverage1Percent": "0.016875"}
[2026-04-27 07:07:34.290 Z] [EVENT] [cadence.virtuoso.ade.simulationMonitor] - NewPoint {"history": "Interactive.12", "point": 1, "testname": "IL2244_VT26_LAYOUT_WS_opamp_ws_tb_1", "cornername": "Nominal", "event": "NewPoint", "EventSource": "Simulation Monitor", "HistoryName": "Interactive.12", "logFile": "/home/saul/projects/IL2244_VT26_SAUL/logs_saul/logs0/Job11.log", "logFileSize": "2205"}
[2026-04-27 07:07:34.391 Z] [EVENT] [cadence.virtuoso.ade.simulationMonitor] - NewPoint {"history": "Interactive.12", "point": 1, "testname": "IL2244_VT26_LAYOUT_WS_opamp_ws_tb_1", "cornername": "Nominal", "event": "NewPoint", "EventSource": "spectre", "HistoryName": "Interactive.12", "logFile": "/home/saul/projects/IL2244_VT26_SAUL/Sim/IL2244_VT26_LAYOUT_WS/opamp_ws_tb/maestro/results/maestro/Interactive.12/1/IL2244_VT26_LAYOUT_WS_opamp_ws_tb_1/psf/spectre.out", "logFileSize": "-1"}
[2026-04-27 07:07:34.405 Z] [PROCESS] [cadence.virtuoso.ade.simulationMonitor] - Simulator launched {"hostname": "edatools", "processid": 4089080, "history": "Interactive.12", "testname": "IL2244_VT26_LAYOUT_WS_opamp_ws_tb_1", "cornername": "Nominal", "point": 1, "logfile": "/home/saul/projects/IL2244_VT26_SAUL/logs_saul/logs0/Job11.log", "simid": "1"}
[2026-04-27 07:07:34.409 Z] [PROCESS] [cadence.virtuoso.ade.simulationMonitor] - Expression evaluator launched {"hostname": "edatools", "processid": 4089080, "history": "Interactive.12", "testname": "IL2244_VT26_LAYOUT_WS_opamp_ws_tb_1", "cornername": "Nominal", "point": 1, "logfile": "/home/saul/projects/IL2244_VT26_SAUL/logs_saul/logs0/Job11.log"}
[2026-04-27 07:07:34.439 Z] [PROCESS] [cadence.virtuoso.ade.simulationMonitor] - Started Simulation {"hostname": "edatools", "processid": 4089080, "history": "Interactive.12", "testname": "IL2244_VT26_LAYOUT_WS_opamp_ws_tb_1", "cornername": "Nominal", "point": 1, "logfile": "/home/saul/projects/IL2244_VT26_SAUL/logs_saul/logs0/Job11.log", "event": "started", "task": "simulation"}
[2026-04-27 07:07:34.939 Z] [WARN] [cadence.virtuoso.ade.simulationMonitor] -     WARNING (SPECTRE-8360): line 1511: `ac' is an undefined primitive device. {"history": "Interactive.12", "point": 1, "testname": "IL2244_VT26_LAYOUT_WS_opamp_ws_tb_1", "cornername": "Nominal"}
[2026-04-27 07:07:34.939 Z] [WARN] [cadence.virtuoso.ade.simulationMonitor] -     WARNING (SPECTRE-8360): line 1512: `ac' is an undefined primitive device. {"history": "Interactive.12", "point": 1, "testname": "IL2244_VT26_LAYOUT_WS_opamp_ws_tb_1", "cornername": "Nominal"}
[2026-04-27 07:07:34.939 Z] [WARN] [cadence.virtuoso.ade.simulationMonitor] -     WARNING (SPECTRE-8360): line 1513: `ac' is an undefined primitive device. {"history": "Interactive.12", "point": 1, "testname": "IL2244_VT26_LAYOUT_WS_opamp_ws_tb_1", "cornername": "Nominal"}
[2026-04-27 07:07:34.940 Z] [WARN] [cadence.virtuoso.ade.simulationMonitor] -     WARNING (SPECTRE-8360): line 1514: `ac' is an undefined primitive device. {"history": "Interactive.12", "point": 1, "testname": "IL2244_VT26_LAYOUT_WS_opamp_ws_tb_1", "cornername": "Nominal"}
[2026-04-27 07:07:34.940 Z] [WARN] [cadence.virtuoso.ade.simulationMonitor] -     WARNING (SPECTRE-8360): line 1515: `ac' is an undefined primitive device.
        Further occurrences of this warning will be suppressed. {"history": "Interactive.12", "point": 1, "testname": "IL2244_VT26_LAYOUT_WS_opamp_ws_tb_1", "cornername": "Nominal"}
[2026-04-27 07:07:34.940 Z] [WARN] [cadence.virtuoso.ade.simulationMonitor] -     WARNING (VACOMP-2435): The environment variable CDS_AHDLCMI_ENABLE is no longer supported. Therefore, the simulator will use the default compiled C code flow. {"history": "Interactive.12", "point": 1, "testname": "IL2244_VT26_LAYOUT_WS_opamp_ws_tb_1", "cornername": "Nominal"}
[2026-04-27 07:07:34.940 Z] [INFO] [cadence.virtuoso.ade.simulationMonitor] - Peak resident memory used = 190 Mbytes. {"history": "Interactive.12", "point": 1, "testname": "IL2244_VT26_LAYOUT_WS_opamp_ws_tb_1", "cornername": "Nominal"}
[2026-04-27 07:07:34.940 Z] [INFO] [cadence.virtuoso.ade.simulationMonitor] - Peak resident memory used = 197 Mbytes. {"history": "Interactive.12", "point": 1, "testname": "IL2244_VT26_LAYOUT_WS_opamp_ws_tb_1", "cornername": "Nominal"}
[2026-04-27 07:07:34.940 Z] [INFO] [cadence.virtuoso.ade.simulationMonitor] - Notice from spectre during hierarchy flattening.
    The value 'psf' specified for the 'checklimitdest' option will no longer be supported in future releases. Use 'spectre -h' to see other recommended values for the 'checklimitdest' option. {"history": "Interactive.12", "point": 1, "testname": "IL2244_VT26_LAYOUT_WS_opamp_ws_tb_1", "cornername": "Nominal"}
[2026-04-27 07:07:34.940 Z] [WARN] [cadence.virtuoso.ade.simulationMonitor] -     WARNING (SPECTRE-8527): There are some nodes and instances removed from the netlist topology check. Check the circuit and correct the topology. Or use preserve_inst to keep them if necessary. {"history": "Interactive.12", "point": 1, "testname": "IL2244_VT26_LAYOUT_WS_opamp_ws_tb_1", "cornername": "Nominal"}
[2026-04-27 07:07:34.940 Z] [WARN] [cadence.virtuoso.ade.simulationMonitor] -     WARNING (SPECTRE-8528): The I0.MN8<0>_turbo_m5 device is removed because its terminals are connected together. Check the device in the netlist file to ensure that this warning can be ignored. {"history": "Interactive.12", "point": 1, "testname": "IL2244_VT26_LAYOUT_WS_opamp_ws_tb_1", "cornername": "Nominal"}
[2026-04-27 07:07:34.940 Z] [WARN] [cadence.virtuoso.ade.simulationMonitor] -     WARNING (SPECTRE-8528): The I0.MP18<0>_turbo_m4 device is removed because its terminals are connected together. Check the device in the netlist file to ensure that this warning can be ignored. {"history": "Interactive.12", "point": 1, "testname": "IL2244_VT26_LAYOUT_WS_opamp_ws_tb_1", "cornername": "Nominal"}
[2026-04-27 07:07:34.940 Z] [INFO] [cadence.virtuoso.ade.simulationMonitor] - Peak resident memory used = 199 Mbytes. {"history": "Interactive.12", "point": 1, "testname": "IL2244_VT26_LAYOUT_WS_opamp_ws_tb_1", "cornername": "Nominal"}
[2026-04-27 07:07:34.940 Z] [WARN] [cadence.virtuoso.ade.simulationMonitor] -     WARNING (SPECTRE-16460): SOAC_cvarm_vspsub:Specified subcircuit master `cvarm' was not found. {"history": "Interactive.12", "point": 1, "testname": "IL2244_VT26_LAYOUT_WS_opamp_ws_tb_1", "cornername": "Nominal"}
[2026-04-27 07:07:34.940 Z] [WARN] [cadence.virtuoso.ade.simulationMonitor] -     WARNING (SPECTRE-16462): SOAC_cvarm_vspsub:Error in specification of subcircuit master. Assert is ignored. {"history": "Interactive.12", "point": 1, "testname": "IL2244_VT26_LAYOUT_WS_opamp_ws_tb_1", "cornername": "Nominal"}
[2026-04-27 07:07:34.940 Z] [WARN] [cadence.virtuoso.ade.simulationMonitor] -     WARNING (SPECTRE-16460): SOAC_cvarm_vbs:Specified subcircuit master `cvarm' was not found. {"history": "Interactive.12", "point": 1, "testname": "IL2244_VT26_LAYOUT_WS_opamp_ws_tb_1", "cornername": "Nominal"}
[2026-04-27 07:07:34.940 Z] [WARN] [cadence.virtuoso.ade.simulationMonitor] -     WARNING (SPECTRE-16462): SOAC_cvarm_vbs:Error in specification of subcircuit master. Assert is ignored. {"history": "Interactive.12", "point": 1, "testname": "IL2244_VT26_LAYOUT_WS_opamp_ws_tb_1", "cornername": "Nominal"}
[2026-04-27 07:07:34.940 Z] [WARN] [cadence.virtuoso.ade.simulationMonitor] -     WARNING (SPECTRE-16460): SOAC_cvarm_vgb:Specified subcircuit master `cvarm' was not found. {"history": "Interactive.12", "point": 1, "testname": "IL2244_VT26_LAYOUT_WS_opamp_ws_tb_1", "cornername": "Nominal"}
[2026-04-27 07:07:34.941 Z] [WARN] [cadence.virtuoso.ade.simulationMonitor] -     WARNING (SPECTRE-16462): SOAC_cvarm_vgb:Error in specification of subcircuit master. Assert is ignored. {"history": "Interactive.12", "point": 1, "testname": "IL2244_VT26_LAYOUT_WS_opamp_ws_tb_1", "cornername": "Nominal"}
[2026-04-27 07:07:34.941 Z] [WARN] [cadence.virtuoso.ade.simulationMonitor] -     WARNING (SPECTRE-16460): SOAC_cvart_vspsub:Specified subcircuit master `cvart' was not found. {"history": "Interactive.12", "point": 1, "testname": "IL2244_VT26_LAYOUT_WS_opamp_ws_tb_1", "cornername": "Nominal"}
[2026-04-27 07:07:34.941 Z] [WARN] [cadence.virtuoso.ade.simulationMonitor] -     WARNING (SPECTRE-16462): SOAC_cvart_vspsub:Error in specification of subcircuit master. Assert is ignored. {"history": "Interactive.12", "point": 1, "testname": "IL2244_VT26_LAYOUT_WS_opamp_ws_tb_1", "cornername": "Nominal"}
[2026-04-27 07:07:34.941 Z] [WARN] [cadence.virtuoso.ade.simulationMonitor] -     WARNING (SPECTRE-16460): SOAC_cvart_vbs:Specified subcircuit master `cvart' was not found.
        Further occurrences of this warning will be suppressed. {"history": "Interactive.12", "point": 1, "testname": "IL2244_VT26_LAYOUT_WS_opamp_ws_tb_1", "cornername": "Nominal"}
[2026-04-27 07:07:34.941 Z] [WARN] [cadence.virtuoso.ade.simulationMonitor] -     WARNING (SPECTRE-16462): SOAC_cvart_vbs:Error in specification of subcircuit master. Assert is ignored.
        Further occurrences of this warning will be suppressed. {"history": "Interactive.12", "point": 1, "testname": "IL2244_VT26_LAYOUT_WS_opamp_ws_tb_1", "cornername": "Nominal"}
[2026-04-27 07:07:35.442 Z] [INFO] [cadence.virtuoso.ade.simulationMonitor] - Notice from spectre during initial setup.
    Ignorevaref=yes is ignored since all nodes are connected to Verilog-A modules. {"history": "Interactive.12", "point": 1, "testname": "IL2244_VT26_LAYOUT_WS_opamp_ws_tb_1", "cornername": "Nominal"}
[2026-04-27 07:07:35.443 Z] [INFO] [cadence.virtuoso.ade.simulationMonitor] - Notice from spectre during topology check.
    Only one connection to the following 15 nodes:
        I0.MN8<0>_turbo_m5.psub!
        I0.MN1<0>_turbo_m16.psub!
        I0.MN0<0>_turbo_m16.psub!
        I0.MN7<0>_turbo_m40.psub!
        I0.MN4<0>_turbo_m2.psub!
        Further occurrences of this notice will be suppressed. {"history": "Interactive.12", "point": 1, "testname": "IL2244_VT26_LAYOUT_WS_opamp_ws_tb_1", "cornername": "Nominal"}
[2026-04-27 07:07:35.443 Z] [INFO] [cadence.virtuoso.ade.simulationMonitor] - Notice from spectre during initial setup.
    Multithreading is disabled due to the size of the design being too small. {"history": "Interactive.12", "point": 1, "testname": "IL2244_VT26_LAYOUT_WS_opamp_ws_tb_1", "cornername": "Nominal"}
[2026-04-27 07:07:35.444 Z] [INFO] [cadence.virtuoso.ade.simulationMonitor] -               nodes 110 {"history": "Interactive.12", "point": 1, "testname": "IL2244_VT26_LAYOUT_WS_opamp_ws_tb_1", "cornername": "Nominal"}
[2026-04-27 07:07:35.444 Z] [INFO] [cadence.virtuoso.ade.simulationMonitor] - Notice from spectre during initial setup.
    APS enabled.
    1 notice suppressed.
    72 warnings suppressed. {"history": "Interactive.12", "point": 1, "testname": "IL2244_VT26_LAYOUT_WS_opamp_ws_tb_1", "cornername": "Nominal"}
[2026-04-27 07:07:35.445 Z] [INFO] [cadence.virtuoso.ade.simulationMonitor] - Peak resident memory used = 205 Mbytes. {"history": "Interactive.12", "point": 1, "testname": "IL2244_VT26_LAYOUT_WS_opamp_ws_tb_1", "cornername": "Nominal"}
[2026-04-27 07:07:35.445 Z] [INFO] [cadence.virtuoso.ade.simulationMonitor] -    -   (APS) Multi-threading. The recommended number of threads is 1, consider adding +mt=1 on command line. {"history": "Interactive.12", "point": 1, "testname": "IL2244_VT26_LAYOUT_WS_opamp_ws_tb_1", "cornername": "Nominal"}
[2026-04-27 07:07:35.446 Z] [INFO] [cadence.virtuoso.ade.simulationMonitor] - Notice from spectre during DC analysis `dcOp'.
    No checklimit analysis defined for asserts. A default checklimit analysis 'SpectreChecklimitAnal' has been created with all asserts enabled. {"history": "Interactive.12", "point": 1, "testname": "IL2244_VT26_LAYOUT_WS_opamp_ws_tb_1", "cornername": "Nominal"}
[2026-04-27 07:07:35.446 Z] [WARN] [cadence.virtuoso.ade.simulationMonitor] -     WARNING (CMI-2943): Parameter checks have been ignored because the valid value for parameter 'trise' could not be found in 'I0.R0.CM'. {"history": "Interactive.12", "point": 1, "testname": "IL2244_VT26_LAYOUT_WS_opamp_ws_tb_1", "cornername": "Nominal"}
[2026-04-27 07:07:35.447 Z] [WARN] [cadence.virtuoso.ade.simulationMonitor] -     WARNING (CMI-2943): Parameter checks have been ignored because the valid value for parameter 'trise' could not be found in 'I0.R0.CS1'. {"history": "Interactive.12", "point": 1, "testname": "IL2244_VT26_LAYOUT_WS_opamp_ws_tb_1", "cornername": "Nominal"}
[2026-04-27 07:07:35.447 Z] [WARN] [cadence.virtuoso.ade.simulationMonitor] -     WARNING (CMI-2943): Parameter checks have been ignored because the valid value for parameter 'trise' could not be found in 'I0.R0.CS0'. {"history": "Interactive.12", "point": 1, "testname": "IL2244_VT26_LAYOUT_WS_opamp_ws_tb_1", "cornername": "Nominal"}
[2026-04-27 07:07:35.448 Z] [WARN] [cadence.virtuoso.ade.simulationMonitor] -     WARNING (CMI-2943): Parameter checks have been ignored because the valid value for parameter 'trise' could not be found in 'I0.C1.C1'. {"history": "Interactive.12", "point": 1, "testname": "IL2244_VT26_LAYOUT_WS_opamp_ws_tb_1", "cornername": "Nominal"}
[2026-04-27 07:07:35.448 Z] [WARN] [cadence.virtuoso.ade.simulationMonitor] -     WARNING (CMI-2943): Parameter checks have been ignored because the valid value for parameter 'trise' could not be found in 'C0'.
        Further occurrences of this warning will be suppressed. {"history": "Interactive.12", "point": 1, "testname": "IL2244_VT26_LAYOUT_WS_opamp_ws_tb_1", "cornername": "Nominal"}
[2026-04-27 07:07:35.448 Z] [INFO] [cadence.virtuoso.ade.simulationMonitor] - Total time required for dc analysis `dcOp': CPU = 33.373 ms, elapsed = 43.8039 ms, util. = 76.2%. {"history": "Interactive.12", "point": 1, "testname": "IL2244_VT26_LAYOUT_WS_opamp_ws_tb_1", "cornername": "Nominal"}
[2026-04-27 07:07:35.448 Z] [INFO] [cadence.virtuoso.ade.simulationMonitor] - Peak resident memory used = 209 Mbytes. {"history": "Interactive.12", "point": 1, "testname": "IL2244_VT26_LAYOUT_WS_opamp_ws_tb_1", "cornername": "Nominal"}
[2026-04-27 07:07:35.448 Z] [INFO] [cadence.virtuoso.ade.simulationMonitor] - Notice from spectre.
    1 warning suppressed. {"history": "Interactive.12", "point": 1, "testname": "IL2244_VT26_LAYOUT_WS_opamp_ws_tb_1", "cornername": "Nominal"}
[2026-04-27 07:07:35.448 Z] [WARN] [cadence.virtuoso.ade.simulationMonitor] -     WARNING: BSIM3v3 MOS Transistor - frequency dependent components are present in the circuit, approximated as AC equivalents at 1.000000e+00Hz for pz analysis. {"history": "Interactive.12", "point": 1, "testname": "IL2244_VT26_LAYOUT_WS_opamp_ws_tb_1", "cornername": "Nominal"}
[2026-04-27 07:07:35.448 Z] [WARN] [cadence.virtuoso.ade.simulationMonitor] -     WARNING (CMI-2943): Parameter checks have been ignored because the valid value for parameter 'trise' could not be found in 'I0.R0.CM'. {"history": "Interactive.12", "point": 1, "testname": "IL2244_VT26_LAYOUT_WS_opamp_ws_tb_1", "cornername": "Nominal"}
[2026-04-27 07:07:35.449 Z] [WARN] [cadence.virtuoso.ade.simulationMonitor] -     WARNING (CMI-2943): Parameter checks have been ignored because the valid value for parameter 'trise' could not be found in 'I0.R0.CS1'. {"history": "Interactive.12", "point": 1, "testname": "IL2244_VT26_LAYOUT_WS_opamp_ws_tb_1", "cornername": "Nominal"}
[2026-04-27 07:07:35.449 Z] [WARN] [cadence.virtuoso.ade.simulationMonitor] -     WARNING (CMI-2943): Parameter checks have been ignored because the valid value for parameter 'trise' could not be found in 'I0.R0.CS0'. {"history": "Interactive.12", "point": 1, "testname": "IL2244_VT26_LAYOUT_WS_opamp_ws_tb_1", "cornername": "Nominal"}
[2026-04-27 07:07:35.449 Z] [WARN] [cadence.virtuoso.ade.simulationMonitor] -     WARNING (CMI-2943): Parameter checks have been ignored because the valid value for parameter 'trise' could not be found in 'I0.C1.C1'. {"history": "Interactive.12", "point": 1, "testname": "IL2244_VT26_LAYOUT_WS_opamp_ws_tb_1", "cornername": "Nominal"}
[2026-04-27 07:07:35.449 Z] [WARN] [cadence.virtuoso.ade.simulationMonitor] -     WARNING (CMI-2943): Parameter checks have been ignored because the valid value for parameter 'trise' could not be found in 'C0'.
        Further occurrences of this warning will be suppressed. {"history": "Interactive.12", "point": 1, "testname": "IL2244_VT26_LAYOUT_WS_opamp_ws_tb_1", "cornername": "Nominal"}
[2026-04-27 07:07:35.449 Z] [WARN] [cadence.virtuoso.ade.simulationMonitor] -     WARNING (UWI-8101): The specified waveform format 'psf' (improper context for requested action) could not be added. The simulator will ignore the waveform. Check the application programming interface (API) before running the simulation again. {"history": "Interactive.12", "point": 1, "testname": "IL2244_VT26_LAYOUT_WS_opamp_ws_tb_1", "cornername": "Nominal"}
[2026-04-27 07:07:35.449 Z] [WARN] [cadence.virtuoso.ade.simulationMonitor] -     WARNING (UWI-8101): The specified waveform format 'psf' (improper context for requested action) could not be added. The simulator will ignore the waveform. Check the application programming interface (API) before running the simulation again. {"history": "Interactive.12", "point": 1, "testname": "IL2244_VT26_LAYOUT_WS_opamp_ws_tb_1", "cornername": "Nominal"}
[2026-04-27 07:07:35.449 Z] [WARN] [cadence.virtuoso.ade.simulationMonitor] -     WARNING (UWI-8101): The specified waveform format 'psf' (improper context for requested action) could not be added. The simulator will ignore the waveform. Check the application programming interface (API) before running the simulation again. {"history": "Interactive.12", "point": 1, "testname": "IL2244_VT26_LAYOUT_WS_opamp_ws_tb_1", "cornername": "Nominal"}
[2026-04-27 07:07:35.449 Z] [WARN] [cadence.virtuoso.ade.simulationMonitor] -     WARNING (UWI-8101): The specified waveform format 'psf' (improper context for requested action) could not be added. The simulator will ignore the waveform. Check the application programming interface (API) before running the simulation again. {"history": "Interactive.12", "point": 1, "testname": "IL2244_VT26_LAYOUT_WS_opamp_ws_tb_1", "cornername": "Nominal"}
[2026-04-27 07:07:35.449 Z] [WARN] [cadence.virtuoso.ade.simulationMonitor] -     WARNING (UWI-8101): The specified waveform format 'psf' (improper context for requested action) could not be added. The simulator will ignore the waveform. Check the application programming interface (API) before running the simulation again.
        Further occurrences of this warning will be suppressed. {"history": "Interactive.12", "point": 1, "testname": "IL2244_VT26_LAYOUT_WS_opamp_ws_tb_1", "cornername": "Nominal"}
[2026-04-27 07:07:35.449 Z] [INFO] [cadence.virtuoso.ade.simulationMonitor] - Total time required for pz analysis `pz': CPU = 10.1 ms, elapsed = 13.4032 ms, util. = 75.4%. {"history": "Interactive.12", "point": 1, "testname": "IL2244_VT26_LAYOUT_WS_opamp_ws_tb_1", "cornername": "Nominal"}
[2026-04-27 07:07:35.449 Z] [INFO] [cadence.virtuoso.ade.simulationMonitor] - Peak resident memory used = 214 Mbytes. {"history": "Interactive.12", "point": 1, "testname": "IL2244_VT26_LAYOUT_WS_opamp_ws_tb_1", "cornername": "Nominal"}
[2026-04-27 07:07:35.449 Z] [INFO] [cadence.virtuoso.ade.simulationMonitor] - Notice from spectre.
    28 warnings suppressed. {"history": "Interactive.12", "point": 1, "testname": "IL2244_VT26_LAYOUT_WS_opamp_ws_tb_1", "cornername": "Nominal"}
[2026-04-27 07:07:35.449 Z] [WARN] [cadence.virtuoso.ade.simulationMonitor] -     WARNING (CMI-2943): Parameter checks have been ignored because the valid value for parameter 'trise' could not be found in 'I0.R0.CM'. {"history": "Interactive.12", "point": 1, "testname": "IL2244_VT26_LAYOUT_WS_opamp_ws_tb_1", "cornername": "Nominal"}
[2026-04-27 07:07:35.449 Z] [WARN] [cadence.virtuoso.ade.simulationMonitor] -     WARNING (CMI-2943): Parameter checks have been ignored because the valid value for parameter 'trise' could not be found in 'I0.R0.CS1'. {"history": "Interactive.12", "point": 1, "testname": "IL2244_VT26_LAYOUT_WS_opamp_ws_tb_1", "cornername": "Nominal"}
[2026-04-27 07:07:35.449 Z] [WARN] [cadence.virtuoso.ade.simulationMonitor] -     WARNING (CMI-2943): Parameter checks have been ignored because the valid value for parameter 'trise' could not be found in 'I0.R0.CS0'. {"history": "Interactive.12", "point": 1, "testname": "IL2244_VT26_LAYOUT_WS_opamp_ws_tb_1", "cornername": "Nominal"}
[2026-04-27 07:07:35.449 Z] [WARN] [cadence.virtuoso.ade.simulationMonitor] -     WARNING (CMI-2943): Parameter checks have been ignored because the valid value for parameter 'trise' could not be found in 'I0.C1.C1'. {"history": "Interactive.12", "point": 1, "testname": "IL2244_VT26_LAYOUT_WS_opamp_ws_tb_1", "cornername": "Nominal"}
[2026-04-27 07:07:35.449 Z] [WARN] [cadence.virtuoso.ade.simulationMonitor] -     WARNING (CMI-2943): Parameter checks have been ignored because the valid value for parameter 'trise' could not be found in 'C0'.
        Further occurrences of this warning will be suppressed. {"history": "Interactive.12", "point": 1, "testname": "IL2244_VT26_LAYOUT_WS_opamp_ws_tb_1", "cornername": "Nominal"}
[2026-04-27 07:07:35.449 Z] [INFO] [cadence.virtuoso.ade.simulationMonitor] - Total time required for ac analysis `ac': CPU = 17.057 ms, elapsed = 20.407 ms, util. = 83.6%. {"history": "Interactive.12", "point": 1, "testname": "IL2244_VT26_LAYOUT_WS_opamp_ws_tb_1", "cornername": "Nominal"}
[2026-04-27 07:07:35.449 Z] [INFO] [cadence.virtuoso.ade.simulationMonitor] - Peak resident memory used = 214 Mbytes. {"history": "Interactive.12", "point": 1, "testname": "IL2244_VT26_LAYOUT_WS_opamp_ws_tb_1", "cornername": "Nominal"}
[2026-04-27 07:07:35.450 Z] [INFO] [cadence.virtuoso.ade.simulationMonitor] - Notice from spectre.
    1 warning suppressed. {"history": "Interactive.12", "point": 1, "testname": "IL2244_VT26_LAYOUT_WS_opamp_ws_tb_1", "cornername": "Nominal"}
[2026-04-27 07:07:35.450 Z] [INFO] [cadence.virtuoso.ade.simulationMonitor] - Time used: CPU = 312 ms, elapsed = 677 ms, util. = 46.1%. {"history": "Interactive.12", "point": 1, "testname": "IL2244_VT26_LAYOUT_WS_opamp_ws_tb_1", "cornername": "Nominal"}
[2026-04-27 07:07:35.450 Z] [INFO] [cadence.virtuoso.ade.simulationMonitor] - Time spent in licensing: elapsed = 27.8 ms. {"history": "Interactive.12", "point": 1, "testname": "IL2244_VT26_LAYOUT_WS_opamp_ws_tb_1", "cornername": "Nominal"}
[2026-04-27 07:07:35.450 Z] [INFO] [cadence.virtuoso.ade.simulationMonitor] - Peak memory used = 215 Mbytes. {"history": "Interactive.12", "point": 1, "testname": "IL2244_VT26_LAYOUT_WS_opamp_ws_tb_1", "cornername": "Nominal"}
[2026-04-27 07:07:35.450 Z] [PROCESS] [cadence.virtuoso.ade.simulationMonitor] - Simulation started at: 7:07:34 AM, Mon Apr 27, 2026, ended at: 7:07:35 AM, Mon Apr 27, 2026, with elapsed time (wall clock): 677 ms. {"history": "Interactive.12", "point": 1, "testname": "IL2244_VT26_LAYOUT_WS_opamp_ws_tb_1", "cornername": "Nominal"}
[2026-04-27 07:07:35.450 Z] [PROCESS] [cadence.virtuoso.ade.simulationMonitor] - spectre completes with 0 errors, 40 warnings, and 11 notices. {"history": "Interactive.12", "point": 1, "testname": "IL2244_VT26_LAYOUT_WS_opamp_ws_tb_1", "cornername": "Nominal"}
[2026-04-27 07:07:35.450 Z] [PROCESS] [cadence.virtuoso.ade.simulationMonitor] - Finished simulating for one point {"hostname": "edatools", "processid": 4089080, "history": "Interactive.12", "testname": "IL2244_VT26_LAYOUT_WS_opamp_ws_tb_1", "cornername": "Nominal", "point": 1, "logfile": "/home/saul/projects/IL2244_VT26_SAUL/logs_saul/logs0/Job11.log", "simid": "1"}
[2026-04-27 07:07:35.450 Z] [PROCESS] [cadence.virtuoso.ade.simulationMonitor] - Simulator exited {"hostname": "edatools", "processid": 4089080, "history": "Interactive.12", "testname": "IL2244_VT26_LAYOUT_WS_opamp_ws_tb_1", "cornername": "Nominal", "point": 1, "logfile": "/home/saul/projects/IL2244_VT26_SAUL/logs_saul/logs0/Job11.log", "exitStatus": "0"}
[2026-04-27 07:07:35.450 Z] [PROCESS] [cadence.virtuoso.ade.simulationMonitor] - Finished Simulation {"hostname": "edatools", "processid": 4089080, "history": "Interactive.12", "testname": "IL2244_VT26_LAYOUT_WS_opamp_ws_tb_1", "cornername": "Nominal", "point": 1, "logfile": "/home/saul/projects/IL2244_VT26_SAUL/logs_saul/logs0/Job11.log", "simid": "1"}
[2026-04-27 07:07:37.455 Z] [PROCESS] [cadence.virtuoso.ade.simulationMonitor] - Point Finished {"hostname": "edatools", "processid": 4089080, "history": "Interactive.12", "testname": "IL2244_VT26_LAYOUT_WS_opamp_ws_tb_1", "cornername": "Nominal", "point": 1, "logfile": "/home/saul/projects/IL2244_VT26_SAUL/logs_saul/logs0/Job11.log"}
[2026-04-27 07:12:38.088 Z] [PROCESS] [cadence.virtuoso.ade.simulationMonitor] - Current memory used: 52.3516 MBytes, peak memory used: 52.3516 MBytes {"hostname": "edatools", "processid": 4089080, "history": "Interactive.12", "testname": "IL2244_VT26_LAYOUT_WS_opamp_ws_tb_1", "cornername": "Nominal", "point": 1, "logfile": "/home/saul/projects/IL2244_VT26_SAUL/logs_saul/logs0/Job11.log"}
[2026-04-27 07:12:38.089 Z] [PROCESS] [cadence.virtuoso.ade.simulationMonitor] - Simulation Monitor process exit. {"hostname": "edatools", "processid": 4089080, "history": "Interactive.12", "testname": "IL2244_VT26_LAYOUT_WS_opamp_ws_tb_1", "cornername": "Nominal", "point": 1, "logfile": "/home/saul/projects/IL2244_VT26_SAUL/logs_saul/logs0/Job11.log"}
