[Simulation Monitor: 18]
[2026-04-09 06:08:57.173 Z] [PROCESS] [cadence.virtuoso.ade.simulationMonitor] - Simulation Monitor has successfully started up. Trying to set up communication channels to other components ... {"hostname": "edatools", "processid": 90252, "logfile": "/home/saul/projects/IL2244_VT26_SAUL/logs_saul/logs0/Job18.log"}
[2026-04-09 06:08:57.174 Z] [PROCESS] [cadence.virtuoso.ade.simulationMonitor] - Communication channels have been successfully set up. Start processing events ... {"hostname": "edatools", "processid": 90252, "logfile": "/home/saul/projects/IL2244_VT26_SAUL/logs_saul/logs0/Job18.log"}
[2026-04-09 06:08:57.174 Z] [PROCESS] [cadence.virtuoso.ade.simulationMonitor] - Considering to start history {"hostname": "edatools", "processid": 90252, "history": "Interactive.92", "logfile": "/home/saul/projects/IL2244_VT26_SAUL/logs_saul/logs0/Job18.log"}
[2026-04-09 06:08:57.176 Z] [PROCESS] [cadence.virtuoso.ade.simulationMonitor] - Padding test token found for runId '102', Linger time '300', currentRunSyn '203', currentTestSyn '206' {"hostname": "edatools", "processid": 90252, "history": "Interactive.92", "logfile": "/home/saul/projects/IL2244_VT26_SAUL/logs_saul/logs0/Job18.log"}
[2026-04-09 06:08:57.184 Z] [PROCESS] [cadence.virtuoso.ade.simulationMonitor] - Padding test token found for runId '102', Linger time '300', currentRunSyn '203', currentTestSyn '206' {"hostname": "edatools", "processid": 90252, "history": "Interactive.92", "logfile": "/home/saul/projects/IL2244_VT26_SAUL/logs_saul/logs0/Job18.log"}
[2026-04-09 06:08:57.223 Z] [PROCESS] [cadence.virtuoso.ade.simulationMonitor] - Padding test token found for runId '102', Linger time '300', currentRunSyn '203', currentTestSyn '206' {"hostname": "edatools", "processid": 90252, "history": "Interactive.92", "logfile": "/home/saul/projects/IL2244_VT26_SAUL/logs_saul/logs0/Job18.log"}
[2026-04-09 06:08:57.460 Z] [PROCESS] [cadence.virtuoso.ade.simulationMonitor] - Padding test token found for runId '102', Linger time '300', currentRunSyn '203', currentTestSyn '206' {"hostname": "edatools", "processid": 90252, "history": "Interactive.92", "logfile": "/home/saul/projects/IL2244_VT26_SAUL/logs_saul/logs0/Job18.log"}
[2026-04-09 06:08:58.002 Z] [PROCESS] [cadence.virtuoso.ade.simulationMonitor] - HostInfo:
Host name (type):	edatools (x86_64)
Operating system:	Linux 6.17.0-20-generic #20~24.04.1-Ubuntu SMP PREEMPT_DYNAMIC Thu Mar 19 01:28:37 UTC 2 {"hostname": "edatools", "processid": 90252, "history": "Interactive.92", "logfile": "/home/saul/projects/IL2244_VT26_SAUL/logs_saul/logs0/Job18.log", "nodename": "edatools", "domainname": "(none)", "machine": "x86_64", "sysname": "Linux", "release": "6.17.0-20-generic", "version": "#20~24.04.1-Ubuntu SMP PREEMPT_DYNAMIC Thu Mar 19 01:28:37 UTC 2"}
[2026-04-09 06:08:58.002 Z] [PROCESS] [cadence.virtuoso.ade.simulationMonitor] - UsageInfo:
pid=90252
totalPhysicalMemory=62.544991GB,Used=21.059925GB,totalVirtualMemory=70.544987GB,Used=21.059925GB
Cpu: Cores=16, Load average:0.450000,0.470000,0.410000 {"hostname": "edatools", "processid": 90252, "history": "Interactive.92", "logfile": "/home/saul/projects/IL2244_VT26_SAUL/logs_saul/logs0/Job18.log", "pid": "90252", "totalPhysicalMemory": "62.544991", "physicalMemoryUsed": "21.059925", "totalVirtualMemory": "70.544987", "virtualMemoryUsed": "21.059925", "cpuCores": "16", "processes": "1957", "loadAverage1": "0.450000", "loadAverage5": "0.470000", "loadAverage15": "0.410000", "loadAverage1Percent": "0.028125"}
[2026-04-09 06:08:58.002 Z] [EVENT] [cadence.virtuoso.ade.simulationMonitor] - NewPoint {"history": "Interactive.92", "point": 1, "testname": "STAB", "cornername": "Nominal", "event": "NewPoint", "EventSource": "Simulation Monitor", "HistoryName": "Interactive.92", "logFile": "/home/saul/projects/IL2244_VT26_SAUL/logs_saul/logs0/Job18.log", "logFileSize": "3531"}
[2026-04-09 06:08:58.103 Z] [EVENT] [cadence.virtuoso.ade.simulationMonitor] - NewPoint {"history": "Interactive.92", "point": 1, "testname": "STAB", "cornername": "Nominal", "event": "NewPoint", "EventSource": "spectre", "HistoryName": "Interactive.92", "logFile": "/home/saul/projects/IL2244_VT26_SAUL/Sim/FECG/fecg_cmfb_tb/maestro/results/maestro/Interactive.92/1/STAB/psf/spectre.out", "logFileSize": "-1"}
[2026-04-09 06:08:58.174 Z] [PROCESS] [cadence.virtuoso.ade.simulationMonitor] - Simulator launched {"hostname": "edatools", "processid": 90252, "history": "Interactive.92", "testname": "STAB", "cornername": "Nominal", "point": 1, "logfile": "/home/saul/projects/IL2244_VT26_SAUL/logs_saul/logs0/Job18.log", "simid": "1"}
[2026-04-09 06:08:58.178 Z] [PROCESS] [cadence.virtuoso.ade.simulationMonitor] - Expression evaluator launched {"hostname": "edatools", "processid": 90252, "history": "Interactive.92", "testname": "STAB", "cornername": "Nominal", "point": 1, "logfile": "/home/saul/projects/IL2244_VT26_SAUL/logs_saul/logs0/Job18.log"}
[2026-04-09 06:08:58.206 Z] [PROCESS] [cadence.virtuoso.ade.simulationMonitor] - Started Simulation {"hostname": "edatools", "processid": 90252, "history": "Interactive.92", "testname": "STAB", "cornername": "Nominal", "point": 1, "logfile": "/home/saul/projects/IL2244_VT26_SAUL/logs_saul/logs0/Job18.log", "event": "started", "task": "simulation"}
[2026-04-09 06:08:58.707 Z] [INFO] [cadence.virtuoso.ade.simulationMonitor] - Notice from spectre during circuit read-in.
    Pre_Configuration file used: /opt/tools/cadence/installs/SPECTRE241/tools.lnx86/spectre/etc/configs/preset.precfg
    Configuration file used: `/opt/tools/cadence/installs/SPECTRE241/tools.lnx86/spectre/etc/configs/preset.cfg'. {"history": "Interactive.92", "point": 1, "testname": "STAB", "cornername": "Nominal"}
[2026-04-09 06:08:58.707 Z] [WARN] [cadence.virtuoso.ade.simulationMonitor] -     WARNING (SPECTRE-8360): line 1511: `ac' is an undefined primitive device. {"history": "Interactive.92", "point": 1, "testname": "STAB", "cornername": "Nominal"}
[2026-04-09 06:08:58.707 Z] [WARN] [cadence.virtuoso.ade.simulationMonitor] -     WARNING (SPECTRE-8360): line 1512: `ac' is an undefined primitive device. {"history": "Interactive.92", "point": 1, "testname": "STAB", "cornername": "Nominal"}
[2026-04-09 06:08:58.707 Z] [WARN] [cadence.virtuoso.ade.simulationMonitor] -     WARNING (SPECTRE-8360): line 1513: `ac' is an undefined primitive device. {"history": "Interactive.92", "point": 1, "testname": "STAB", "cornername": "Nominal"}
[2026-04-09 06:08:58.707 Z] [WARN] [cadence.virtuoso.ade.simulationMonitor] -     WARNING (SPECTRE-8360): line 1514: `ac' is an undefined primitive device. {"history": "Interactive.92", "point": 1, "testname": "STAB", "cornername": "Nominal"}
[2026-04-09 06:08:58.707 Z] [WARN] [cadence.virtuoso.ade.simulationMonitor] -     WARNING (SPECTRE-8360): line 1515: `ac' is an undefined primitive device.
        Further occurrences of this warning will be suppressed. {"history": "Interactive.92", "point": 1, "testname": "STAB", "cornername": "Nominal"}
[2026-04-09 06:08:58.707 Z] [INFO] [cadence.virtuoso.ade.simulationMonitor] - Peak resident memory used = 172 Mbytes. {"history": "Interactive.92", "point": 1, "testname": "STAB", "cornername": "Nominal"}
[2026-04-09 06:08:58.707 Z] [WARN] [cadence.virtuoso.ade.simulationMonitor] -     WARNING (VACOMP-2435): The environment variable CDS_AHDLCMI_ENABLE is no longer supported. Therefore, the simulator will use the default compiled C code flow. {"history": "Interactive.92", "point": 1, "testname": "STAB", "cornername": "Nominal"}
[2026-04-09 06:08:58.707 Z] [WARN] [cadence.virtuoso.ade.simulationMonitor] -     WARNING (SFE-3029): The dummy capacitor C8 is removed. {"history": "Interactive.92", "point": 1, "testname": "STAB", "cornername": "Nominal"}
[2026-04-09 06:08:58.707 Z] [INFO] [cadence.virtuoso.ade.simulationMonitor] - Peak resident memory used = 185 Mbytes. {"history": "Interactive.92", "point": 1, "testname": "STAB", "cornername": "Nominal"}
[2026-04-09 06:08:58.707 Z] [INFO] [cadence.virtuoso.ade.simulationMonitor] - Notice from spectre during hierarchy flattening.
    The value 'psf' specified for the 'checklimitdest' option will no longer be supported in future releases. Use 'spectre -h' to see other recommended values for the 'checklimitdest' option.
    I7.R10.CS0 of rpolyhc: `c' has the unusually small value of 0 F.
    I7.R10.CS1 of rpolyhc: `c' has the unusually small value of 0 F.
    I7.R9.CS0 of rpolyhc: `c' has the unusually small value of 0 F.
    I7.R9.CS1 of rpolyhc: `c' has the unusually small value of 0... {"history": "Interactive.92", "point": 1, "testname": "STAB", "cornername": "Nominal"}
[2026-04-09 06:08:58.707 Z] [INFO] [cadence.virtuoso.ade.simulationMonitor] - Peak resident memory used = 188 Mbytes. {"history": "Interactive.92", "point": 1, "testname": "STAB", "cornername": "Nominal"}
[2026-04-09 06:08:58.708 Z] [WARN] [cadence.virtuoso.ade.simulationMonitor] -     WARNING (CMI-2425): I7.I3.C1: `Acde' = 2.393 is unusually large. {"history": "Interactive.92", "point": 1, "testname": "STAB", "cornername": "Nominal"}
[2026-04-09 06:08:58.708 Z] [WARN] [cadence.virtuoso.ade.simulationMonitor] -     WARNING (CMI-2425): I7.I3.C1: `Noff' = 4.732 is unusually large. {"history": "Interactive.92", "point": 1, "testname": "STAB", "cornername": "Nominal"}
[2026-04-09 06:08:58.708 Z] [WARN] [cadence.virtuoso.ade.simulationMonitor] -     WARNING (CMI-2424): I7.I3.C1: `Voffcv' = -867.4e-03 is unusually small. {"history": "Interactive.92", "point": 1, "testname": "STAB", "cornername": "Nominal"}
[2026-04-09 06:08:58.708 Z] [WARN] [cadence.virtuoso.ade.simulationMonitor] -     WARNING (CMI-2425): I7.C0: `Acde' = 2.393 is unusually large. {"history": "Interactive.92", "point": 1, "testname": "STAB", "cornername": "Nominal"}
[2026-04-09 06:08:58.708 Z] [WARN] [cadence.virtuoso.ade.simulationMonitor] -     WARNING (CMI-2425): I7.C0: `Noff' = 4.732 is unusually large. {"history": "Interactive.92", "point": 1, "testname": "STAB", "cornername": "Nominal"}
[2026-04-09 06:08:58.708 Z] [WARN] [cadence.virtuoso.ade.simulationMonitor] -     WARNING (CMI-2424): I7.C0: `Voffcv' = -867.4e-03 is unusually small. {"history": "Interactive.92", "point": 1, "testname": "STAB", "cornername": "Nominal"}
[2026-04-09 06:08:58.708 Z] [WARN] [cadence.virtuoso.ade.simulationMonitor] -     WARNING (SPECTRE-17607): Assert `SOAC_rpolyh_vminuspsub' is ignored because it contains an expression which is invalid or not supported by native evaluator.  {"history": "Interactive.92", "point": 1, "testname": "STAB", "cornername": "Nominal"}
[2026-04-09 06:08:58.709 Z] [WARN] [cadence.virtuoso.ade.simulationMonitor] -     WARNING (SPECTRE-17607): Assert `SOAC_rpolyh_vpluspsub' is ignored because it contains an expression which is invalid or not supported by native evaluator.  {"history": "Interactive.92", "point": 1, "testname": "STAB", "cornername": "Nominal"}
[2026-04-09 06:08:58.709 Z] [WARN] [cadence.virtuoso.ade.simulationMonitor] -     WARNING (SPECTRE-16460): SOAC_cvarm_vspsub:Specified subcircuit master `cvarm' was not found. {"history": "Interactive.92", "point": 1, "testname": "STAB", "cornername": "Nominal"}
[2026-04-09 06:08:58.709 Z] [WARN] [cadence.virtuoso.ade.simulationMonitor] -     WARNING (SPECTRE-16462): SOAC_cvarm_vspsub:Error in specification of subcircuit master. Assert is ignored. {"history": "Interactive.92", "point": 1, "testname": "STAB", "cornername": "Nominal"}
[2026-04-09 06:08:58.709 Z] [WARN] [cadence.virtuoso.ade.simulationMonitor] -     WARNING (SPECTRE-16460): SOAC_cvarm_vbs:Specified subcircuit master `cvarm' was not found. {"history": "Interactive.92", "point": 1, "testname": "STAB", "cornername": "Nominal"}
[2026-04-09 06:08:58.709 Z] [WARN] [cadence.virtuoso.ade.simulationMonitor] -     WARNING (SPECTRE-16462): SOAC_cvarm_vbs:Error in specification of subcircuit master. Assert is ignored. {"history": "Interactive.92", "point": 1, "testname": "STAB", "cornername": "Nominal"}
[2026-04-09 06:08:58.709 Z] [WARN] [cadence.virtuoso.ade.simulationMonitor] -     WARNING (SPECTRE-16460): SOAC_cvarm_vgb:Specified subcircuit master `cvarm' was not found. {"history": "Interactive.92", "point": 1, "testname": "STAB", "cornername": "Nominal"}
[2026-04-09 06:08:58.709 Z] [WARN] [cadence.virtuoso.ade.simulationMonitor] -     WARNING (SPECTRE-16462): SOAC_cvarm_vgb:Error in specification of subcircuit master. Assert is ignored. {"history": "Interactive.92", "point": 1, "testname": "STAB", "cornername": "Nominal"}
[2026-04-09 06:08:58.709 Z] [WARN] [cadence.virtuoso.ade.simulationMonitor] -     WARNING (SPECTRE-16460): SOAC_cvart_vspsub:Specified subcircuit master `cvart' was not found. {"history": "Interactive.92", "point": 1, "testname": "STAB", "cornername": "Nominal"}
[2026-04-09 06:08:58.709 Z] [WARN] [cadence.virtuoso.ade.simulationMonitor] -     WARNING (SPECTRE-16462): SOAC_cvart_vspsub:Error in specification of subcircuit master. Assert is ignored. {"history": "Interactive.92", "point": 1, "testname": "STAB", "cornername": "Nominal"}
[2026-04-09 06:08:58.709 Z] [WARN] [cadence.virtuoso.ade.simulationMonitor] -     WARNING (SPECTRE-16460): SOAC_cvart_vbs:Specified subcircuit master `cvart' was not found.
        Further occurrences of this warning will be suppressed. {"history": "Interactive.92", "point": 1, "testname": "STAB", "cornername": "Nominal"}
[2026-04-09 06:08:58.709 Z] [WARN] [cadence.virtuoso.ade.simulationMonitor] -     WARNING (SPECTRE-16462): SOAC_cvart_vbs:Error in specification of subcircuit master. Assert is ignored.
        Further occurrences of this warning will be suppressed. {"history": "Interactive.92", "point": 1, "testname": "STAB", "cornername": "Nominal"}
[2026-04-09 06:08:58.709 Z] [WARN] [cadence.virtuoso.ade.simulationMonitor] -     WARNING (SPECTRE-17607): Assert `SOAC_cvar_vspsub' is ignored because it contains an expression which is invalid or not supported by native evaluator.  {"history": "Interactive.92", "point": 1, "testname": "STAB", "cornername": "Nominal"}
[2026-04-09 06:08:58.709 Z] [WARN] [cadence.virtuoso.ade.simulationMonitor] -     WARNING (SPECTRE-17607): Assert `SOAC_cvar_vbpsub' is ignored because it contains an expression which is invalid or not supported by native evaluator.  {"history": "Interactive.92", "point": 1, "testname": "STAB", "cornername": "Nominal"}
[2026-04-09 06:08:58.709 Z] [WARN] [cadence.virtuoso.ade.simulationMonitor] -     WARNING (SPECTRE-17607): Assert `SOAC_cvar_vgpsub' is ignored because it contains an expression which is invalid or not supported by native evaluator. 
        Further occurrences of this warning will be suppressed. {"history": "Interactive.92", "point": 1, "testname": "STAB", "cornername": "Nominal"}
[2026-04-09 06:08:59.210 Z] [INFO] [cadence.virtuoso.ade.simulationMonitor] - Notice from spectre during topology check.
    No DC path from node `VA' to ground, Gmin installed to provide path. {"history": "Interactive.92", "point": 1, "testname": "STAB", "cornername": "Nominal"}
[2026-04-09 06:08:59.211 Z] [INFO] [cadence.virtuoso.ade.simulationMonitor] - Notice from spectre during initial setup.
    Multithreading is disabled due to the size of the design being too small. {"history": "Interactive.92", "point": 1, "testname": "STAB", "cornername": "Nominal"}
[2026-04-09 06:08:59.212 Z] [INFO] [cadence.virtuoso.ade.simulationMonitor] -               nodes 63 {"history": "Interactive.92", "point": 1, "testname": "STAB", "cornername": "Nominal"}
[2026-04-09 06:08:59.212 Z] [INFO] [cadence.virtuoso.ade.simulationMonitor] - Notice from spectre during initial setup.
    2 capacitors are cut because their value is less than or equal to 'ndbccut or ndbcabscut'.
    (Comment: number of capacitors isn't number of cut capacitors but number of capacitor lines impacted.)
    2 resistors are shorted because their absolute value is less than or equal to 'rabsshort'.
    1 vsources are shorted because their absolute value is less than or equal to 'vabsshort'.
    Spectre X preset=cx enabled. {"history": "Interactive.92", "point": 1, "testname": "STAB", "cornername": "Nominal"}
[2026-04-09 06:08:59.213 Z] [WARN] [cadence.virtuoso.ade.simulationMonitor] -     WARNING (CMI-2425): I7.I3.C1: `Acde' = 2.393 is unusually large.
        Further occurrences of this warning will be suppressed. {"history": "Interactive.92", "point": 1, "testname": "STAB", "cornername": "Nominal"}
[2026-04-09 06:08:59.213 Z] [WARN] [cadence.virtuoso.ade.simulationMonitor] -     WARNING (CMI-2424): I7.I3.C1: `Voffcv' = -867.4e-03 is unusually small. {"history": "Interactive.92", "point": 1, "testname": "STAB", "cornername": "Nominal"}
[2026-04-09 06:08:59.213 Z] [WARN] [cadence.virtuoso.ade.simulationMonitor] -     WARNING (CMI-2424): I7.C0: `Voffcv' = -867.4e-03 is unusually small. {"history": "Interactive.92", "point": 1, "testname": "STAB", "cornername": "Nominal"}
[2026-04-09 06:08:59.214 Z] [INFO] [cadence.virtuoso.ade.simulationMonitor] - Notice from spectre.
    7 notices suppressed.
    77 warnings suppressed. {"history": "Interactive.92", "point": 1, "testname": "STAB", "cornername": "Nominal"}
[2026-04-09 06:08:59.214 Z] [INFO] [cadence.virtuoso.ade.simulationMonitor] - Peak resident memory used = 195 Mbytes. {"history": "Interactive.92", "point": 1, "testname": "STAB", "cornername": "Nominal"}
[2026-04-09 06:08:59.215 Z] [INFO] [cadence.virtuoso.ade.simulationMonitor] -    -   (Spectre X) Multi-threading. The recommended number of threads is 1, consider adding +mt=1 on command line. {"history": "Interactive.92", "point": 1, "testname": "STAB", "cornername": "Nominal"}
[2026-04-09 06:08:59.215 Z] [INFO] [cadence.virtuoso.ade.simulationMonitor] - Notice from spectre during DC analysis `dcOp'.
    No checklimit analysis defined for asserts. A default checklimit analysis 'SpectreChecklimitAnal' has been created with all asserts enabled. {"history": "Interactive.92", "point": 1, "testname": "STAB", "cornername": "Nominal"}
[2026-04-09 06:08:59.216 Z] [INFO] [cadence.virtuoso.ade.simulationMonitor] - Notice from spectre during DC analysis `dcOp'.
    GminDC = 1 pS is large enough to noticeably affect the DC solution.
        dV(I7.I3.C1.d1) = 2.5885 mV
        Use the `gmin_check' option to eliminate or expand this report.
    Bad pivoting is found during DC analysis. Option dc_pivot_check=yes is recommended for possible improvement of convergence. {"history": "Interactive.92", "point": 1, "testname": "STAB", "cornername": "Nominal"}
[2026-04-09 06:08:59.216 Z] [WARN] [cadence.virtuoso.ade.simulationMonitor] -     WARNING (CMI-2943): Parameter checks have been ignored because the valid value for parameter 'trise' could not be found in 'C9'. {"history": "Interactive.92", "point": 1, "testname": "STAB", "cornername": "Nominal"}
[2026-04-09 06:08:59.217 Z] [WARN] [cadence.virtuoso.ade.simulationMonitor] -     WARNING (CMI-2943): Parameter checks have been ignored because the valid value for parameter 'trise' could not be found in 'C0'. {"history": "Interactive.92", "point": 1, "testname": "STAB", "cornername": "Nominal"}
[2026-04-09 06:08:59.217 Z] [WARN] [cadence.virtuoso.ade.simulationMonitor] -     WARNING (CMI-2943): Parameter checks have been ignored because the valid value for parameter 'trise' could not be found in 'C1'. {"history": "Interactive.92", "point": 1, "testname": "STAB", "cornername": "Nominal"}
[2026-04-09 06:08:59.217 Z] [WARN] [cadence.virtuoso.ade.simulationMonitor] -     WARNING (CMI-2943): Parameter checks have been ignored because the valid value for parameter 'trise' could not be found in 'C4'. {"history": "Interactive.92", "point": 1, "testname": "STAB", "cornername": "Nominal"}
[2026-04-09 06:08:59.217 Z] [WARN] [cadence.virtuoso.ade.simulationMonitor] -     WARNING (CMI-2943): Parameter checks have been ignored because the valid value for parameter 'trise' could not be found in 'C5'.
        Further occurrences of this warning will be suppressed. {"history": "Interactive.92", "point": 1, "testname": "STAB", "cornername": "Nominal"}
[2026-04-09 06:08:59.217 Z] [INFO] [cadence.virtuoso.ade.simulationMonitor] - Total time required for dc analysis `dcOp': CPU = 37.087 ms, elapsed = 48.1651 ms, util. = 77%. {"history": "Interactive.92", "point": 1, "testname": "STAB", "cornername": "Nominal"}
[2026-04-09 06:08:59.217 Z] [INFO] [cadence.virtuoso.ade.simulationMonitor] - Peak resident memory used = 202 Mbytes. {"history": "Interactive.92", "point": 1, "testname": "STAB", "cornername": "Nominal"}
[2026-04-09 06:08:59.217 Z] [INFO] [cadence.virtuoso.ade.simulationMonitor] - Notice from spectre.
    43 warnings suppressed. {"history": "Interactive.92", "point": 1, "testname": "STAB", "cornername": "Nominal"}
[2026-04-09 06:08:59.217 Z] [WARN] [cadence.virtuoso.ade.simulationMonitor] -     WARNING (CMI-2425): I7.C0: `Acde' = 2.393 is unusually large. {"history": "Interactive.92", "point": 1, "testname": "STAB", "cornername": "Nominal"}
[2026-04-09 06:08:59.217 Z] [WARN] [cadence.virtuoso.ade.simulationMonitor] -     WARNING (CMI-2425): I7.C0: `Noff' = 4.732 is unusually large. {"history": "Interactive.92", "point": 1, "testname": "STAB", "cornername": "Nominal"}
[2026-04-09 06:08:59.217 Z] [WARN] [cadence.virtuoso.ade.simulationMonitor] -     WARNING (CMI-2424): I7.C0: `Voffcv' = -867.4e-03 is unusually small. {"history": "Interactive.92", "point": 1, "testname": "STAB", "cornername": "Nominal"}
[2026-04-09 06:08:59.217 Z] [WARN] [cadence.virtuoso.ade.simulationMonitor] -     WARNING (CMI-2425): I7.I3.C1: `Acde' = 2.393 is unusually large. {"history": "Interactive.92", "point": 1, "testname": "STAB", "cornername": "Nominal"}
[2026-04-09 06:08:59.217 Z] [WARN] [cadence.virtuoso.ade.simulationMonitor] -     WARNING (CMI-2425): I7.I3.C1: `Noff' = 4.732 is unusually large. {"history": "Interactive.92", "point": 1, "testname": "STAB", "cornername": "Nominal"}
[2026-04-09 06:08:59.217 Z] [WARN] [cadence.virtuoso.ade.simulationMonitor] -     WARNING (CMI-2424): I7.I3.C1: `Voffcv' = -867.4e-03 is unusually small. {"history": "Interactive.92", "point": 1, "testname": "STAB", "cornername": "Nominal"}
[2026-04-09 06:08:59.218 Z] [WARN] [cadence.virtuoso.ade.simulationMonitor] -     WARNING: BSIM3v3 MOS Transistor - frequency dependent components are present in the circuit, approximated as AC equivalents at 1.000000e+00Hz for pz analysis. {"history": "Interactive.92", "point": 1, "testname": "STAB", "cornername": "Nominal"}
[2026-04-09 06:08:59.218 Z] [INFO] [cadence.virtuoso.ade.simulationMonitor] - Notice from spectre during DC analysis, during PZ analysis `pz'.
    GminDC = 1 pS is large enough to noticeably affect the DC solution.
        dV(I7.I5.C1.s1) = 2.5885 mV
        Use the `gmin_check' option to eliminate or expand this report.
    Bad pivoting is found during DC analysis. Option dc_pivot_check=yes is recommended for possible improvement of convergence. {"history": "Interactive.92", "point": 1, "testname": "STAB", "cornername": "Nominal"}
[2026-04-09 06:08:59.218 Z] [WARN] [cadence.virtuoso.ade.simulationMonitor] -     WARNING (CMI-2943): Parameter checks have been ignored because the valid value for parameter 'trise' could not be found in 'C9'. {"history": "Interactive.92", "point": 1, "testname": "STAB", "cornername": "Nominal"}
[2026-04-09 06:08:59.218 Z] [WARN] [cadence.virtuoso.ade.simulationMonitor] -     WARNING (CMI-2943): Parameter checks have been ignored because the valid value for parameter 'trise' could not be found in 'C0'. {"history": "Interactive.92", "point": 1, "testname": "STAB", "cornername": "Nominal"}
[2026-04-09 06:08:59.218 Z] [WARN] [cadence.virtuoso.ade.simulationMonitor] -     WARNING (CMI-2943): Parameter checks have been ignored because the valid value for parameter 'trise' could not be found in 'C1'. {"history": "Interactive.92", "point": 1, "testname": "STAB", "cornername": "Nominal"}
[2026-04-09 06:08:59.218 Z] [WARN] [cadence.virtuoso.ade.simulationMonitor] -     WARNING (CMI-2943): Parameter checks have been ignored because the valid value for parameter 'trise' could not be found in 'C4'. {"history": "Interactive.92", "point": 1, "testname": "STAB", "cornername": "Nominal"}
[2026-04-09 06:08:59.218 Z] [WARN] [cadence.virtuoso.ade.simulationMonitor] -     WARNING (CMI-2943): Parameter checks have been ignored because the valid value for parameter 'trise' could not be found in 'C5'.
        Further occurrences of this warning will be suppressed. {"history": "Interactive.92", "point": 1, "testname": "STAB", "cornername": "Nominal"}
[2026-04-09 06:08:59.218 Z] [INFO] [cadence.virtuoso.ade.simulationMonitor] - Notice from spectre at 0 during DC analysis, during PZ analysis `pz'.
    GminDC = 1 pS is large enough to noticeably affect the DC solution.
        dV(I7.I5.C1.s1) = 2.5885 mV
        Use the `gmin_check' option to eliminate or expand this report. {"history": "Interactive.92", "point": 1, "testname": "STAB", "cornername": "Nominal"}
[2026-04-09 06:08:59.218 Z] [WARN] [cadence.virtuoso.ade.simulationMonitor] -     WARNING (UWI-8101): The specified waveform format 'psf' (improper context for requested action) could not be added. The simulator will ignore the waveform. Check the application programming interface (API) before running the simulation again. {"history": "Interactive.92", "point": 1, "testname": "STAB", "cornername": "Nominal"}
[2026-04-09 06:08:59.218 Z] [WARN] [cadence.virtuoso.ade.simulationMonitor] -     WARNING (UWI-8101): The specified waveform format 'psf' (improper context for requested action) could not be added. The simulator will ignore the waveform. Check the application programming interface (API) before running the simulation again. {"history": "Interactive.92", "point": 1, "testname": "STAB", "cornername": "Nominal"}
[2026-04-09 06:08:59.218 Z] [WARN] [cadence.virtuoso.ade.simulationMonitor] -     WARNING (UWI-8101): The specified waveform format 'psf' (improper context for requested action) could not be added. The simulator will ignore the waveform. Check the application programming interface (API) before running the simulation again. {"history": "Interactive.92", "point": 1, "testname": "STAB", "cornername": "Nominal"}
[2026-04-09 06:08:59.218 Z] [WARN] [cadence.virtuoso.ade.simulationMonitor] -     WARNING (UWI-8101): The specified waveform format 'psf' (improper context for requested action) could not be added. The simulator will ignore the waveform. Check the application programming interface (API) before running the simulation again. {"history": "Interactive.92", "point": 1, "testname": "STAB", "cornername": "Nominal"}
[2026-04-09 06:08:59.218 Z] [WARN] [cadence.virtuoso.ade.simulationMonitor] -     WARNING (UWI-8101): The specified waveform format 'psf' (improper context for requested action) could not be added. The simulator will ignore the waveform. Check the application programming interface (API) before running the simulation again.
        Further occurrences of this warning will be suppressed. {"history": "Interactive.92", "point": 1, "testname": "STAB", "cornername": "Nominal"}
[2026-04-09 06:08:59.218 Z] [INFO] [cadence.virtuoso.ade.simulationMonitor] - Total time required for pz analysis `pz': CPU = 26.443 ms, elapsed = 30.129 ms, util. = 87.8%. {"history": "Interactive.92", "point": 1, "testname": "STAB", "cornername": "Nominal"}
[2026-04-09 06:08:59.218 Z] [INFO] [cadence.virtuoso.ade.simulationMonitor] - Peak resident memory used = 210 Mbytes. {"history": "Interactive.92", "point": 1, "testname": "STAB", "cornername": "Nominal"}
[2026-04-09 06:08:59.218 Z] [INFO] [cadence.virtuoso.ade.simulationMonitor] - Notice from spectre.
    130 warnings suppressed. {"history": "Interactive.92", "point": 1, "testname": "STAB", "cornername": "Nominal"}
[2026-04-09 06:08:59.218 Z] [WARN] [cadence.virtuoso.ade.simulationMonitor] -     WARNING (CMI-2425): I7.C0: `Acde' = 2.393 is unusually large. {"history": "Interactive.92", "point": 1, "testname": "STAB", "cornername": "Nominal"}
[2026-04-09 06:08:59.218 Z] [WARN] [cadence.virtuoso.ade.simulationMonitor] -     WARNING (CMI-2425): I7.C0: `Noff' = 4.732 is unusually large. {"history": "Interactive.92", "point": 1, "testname": "STAB", "cornername": "Nominal"}
[2026-04-09 06:08:59.218 Z] [WARN] [cadence.virtuoso.ade.simulationMonitor] -     WARNING (CMI-2424): I7.C0: `Voffcv' = -867.4e-03 is unusually small. {"history": "Interactive.92", "point": 1, "testname": "STAB", "cornername": "Nominal"}
[2026-04-09 06:08:59.218 Z] [WARN] [cadence.virtuoso.ade.simulationMonitor] -     WARNING (CMI-2425): I7.I3.C1: `Acde' = 2.393 is unusually large. {"history": "Interactive.92", "point": 1, "testname": "STAB", "cornername": "Nominal"}
[2026-04-09 06:08:59.218 Z] [WARN] [cadence.virtuoso.ade.simulationMonitor] -     WARNING (CMI-2425): I7.I3.C1: `Noff' = 4.732 is unusually large. {"history": "Interactive.92", "point": 1, "testname": "STAB", "cornername": "Nominal"}
[2026-04-09 06:08:59.218 Z] [WARN] [cadence.virtuoso.ade.simulationMonitor] -     WARNING (CMI-2424): I7.I3.C1: `Voffcv' = -867.4e-03 is unusually small. {"history": "Interactive.92", "point": 1, "testname": "STAB", "cornername": "Nominal"}
[2026-04-09 06:08:59.218 Z] [INFO] [cadence.virtuoso.ade.simulationMonitor] - Notice from spectre during IC analysis, during transient analysis `tran'.
    GminDC = 1 pS is large enough to noticeably affect the DC solution.
        dV(I7.I3.C1.d1) = 2.5885 mV
        Use the `gmin_check' option to eliminate or expand this report.
    Bad pivoting is found during DC analysis. Option dc_pivot_check=yes is recommended for possible improvement of convergence. {"history": "Interactive.92", "point": 1, "testname": "STAB", "cornername": "Nominal"}
[2026-04-09 06:08:59.218 Z] [WARN] [cadence.virtuoso.ade.simulationMonitor] -     WARNING (CMI-2943): Parameter checks have been ignored because the valid value for parameter 'trise' could not be found in 'C9'. {"history": "Interactive.92", "point": 1, "testname": "STAB", "cornername": "Nominal"}
[2026-04-09 06:08:59.219 Z] [WARN] [cadence.virtuoso.ade.simulationMonitor] -     WARNING (CMI-2943): Parameter checks have been ignored because the valid value for parameter 'trise' could not be found in 'C0'. {"history": "Interactive.92", "point": 1, "testname": "STAB", "cornername": "Nominal"}
[2026-04-09 06:08:59.219 Z] [WARN] [cadence.virtuoso.ade.simulationMonitor] -     WARNING (CMI-2943): Parameter checks have been ignored because the valid value for parameter 'trise' could not be found in 'C1'. {"history": "Interactive.92", "point": 1, "testname": "STAB", "cornername": "Nominal"}
[2026-04-09 06:08:59.219 Z] [WARN] [cadence.virtuoso.ade.simulationMonitor] -     WARNING (CMI-2943): Parameter checks have been ignored because the valid value for parameter 'trise' could not be found in 'C4'. {"history": "Interactive.92", "point": 1, "testname": "STAB", "cornername": "Nominal"}
[2026-04-09 06:08:59.219 Z] [WARN] [cadence.virtuoso.ade.simulationMonitor] -     WARNING (CMI-2943): Parameter checks have been ignored because the valid value for parameter 'trise' could not be found in 'C5'.
        Further occurrences of this warning will be suppressed. {"history": "Interactive.92", "point": 1, "testname": "STAB", "cornername": "Nominal"}
[2026-04-09 06:08:59.219 Z] [INFO] [cadence.virtuoso.ade.simulationMonitor] - Notice from spectre during transient analysis `tran'.
    Multithreading is disabled due to the size of the design being too small. {"history": "Interactive.92", "point": 1, "testname": "STAB", "cornername": "Nominal"}
[2026-04-09 06:08:59.219 Z] [INFO] [cadence.virtuoso.ade.simulationMonitor] - Total time required for tran analysis `tran': CPU = 14.753 ms, elapsed = 16.6688 ms, util. = 88.5%. {"history": "Interactive.92", "point": 1, "testname": "STAB", "cornername": "Nominal"}
[2026-04-09 06:08:59.219 Z] [INFO] [cadence.virtuoso.ade.simulationMonitor] - Peak resident memory used = 213 Mbytes. {"history": "Interactive.92", "point": 1, "testname": "STAB", "cornername": "Nominal"}
[2026-04-09 06:08:59.219 Z] [INFO] [cadence.virtuoso.ade.simulationMonitor] - Notice from spectre.
    43 warnings suppressed. {"history": "Interactive.92", "point": 1, "testname": "STAB", "cornername": "Nominal"}
[2026-04-09 06:08:59.219 Z] [INFO] [cadence.virtuoso.ade.simulationMonitor] - Time used: CPU = 263 ms, elapsed = 546 ms, util. = 48.3%. {"history": "Interactive.92", "point": 1, "testname": "STAB", "cornername": "Nominal"}
[2026-04-09 06:08:59.219 Z] [INFO] [cadence.virtuoso.ade.simulationMonitor] - Time spent in licensing: elapsed = 51.9 ms, percentage of total = 9.51%. {"history": "Interactive.92", "point": 1, "testname": "STAB", "cornername": "Nominal"}
[2026-04-09 06:08:59.219 Z] [INFO] [cadence.virtuoso.ade.simulationMonitor] - Peak memory used = 213 Mbytes. {"history": "Interactive.92", "point": 1, "testname": "STAB", "cornername": "Nominal"}
[2026-04-09 06:08:59.219 Z] [PROCESS] [cadence.virtuoso.ade.simulationMonitor] - Simulation started at: 6:08:58 AM, Thur Apr 9, 2026, ended at: 6:08:58 AM, Thur Apr 9, 2026, with elapsed time (wall clock): 546 ms. {"history": "Interactive.92", "point": 1, "testname": "STAB", "cornername": "Nominal"}
[2026-04-09 06:08:59.219 Z] [PROCESS] [cadence.virtuoso.ade.simulationMonitor] - spectre completes with 0 errors, 64 warnings, and 31 notices. {"history": "Interactive.92", "point": 1, "testname": "STAB", "cornername": "Nominal"}
[2026-04-09 06:08:59.219 Z] [PROCESS] [cadence.virtuoso.ade.simulationMonitor] - Finished simulating for one point {"hostname": "edatools", "processid": 90252, "history": "Interactive.92", "testname": "STAB", "cornername": "Nominal", "point": 1, "logfile": "/home/saul/projects/IL2244_VT26_SAUL/logs_saul/logs0/Job18.log", "simid": "1"}
[2026-04-09 06:08:59.219 Z] [PROCESS] [cadence.virtuoso.ade.simulationMonitor] - Simulator exited {"hostname": "edatools", "processid": 90252, "history": "Interactive.92", "testname": "STAB", "cornername": "Nominal", "point": 1, "logfile": "/home/saul/projects/IL2244_VT26_SAUL/logs_saul/logs0/Job18.log", "exitStatus": "0"}
[2026-04-09 06:08:59.219 Z] [PROCESS] [cadence.virtuoso.ade.simulationMonitor] - Finished Simulation {"hostname": "edatools", "processid": 90252, "history": "Interactive.92", "testname": "STAB", "cornername": "Nominal", "point": 1, "logfile": "/home/saul/projects/IL2244_VT26_SAUL/logs_saul/logs0/Job18.log", "simid": "1"}
[2026-04-09 06:09:01.225 Z] [PROCESS] [cadence.virtuoso.ade.simulationMonitor] - Point Finished {"hostname": "edatools", "processid": 90252, "history": "Interactive.92", "testname": "STAB", "cornername": "Nominal", "point": 1, "logfile": "/home/saul/projects/IL2244_VT26_SAUL/logs_saul/logs0/Job18.log"}
[2026-04-09 06:09:02.274 Z] [PROCESS] [cadence.virtuoso.ade.simulationMonitor] - HostInfo:
Host name (type):	edatools (x86_64)
Operating system:	Linux 6.17.0-20-generic #20~24.04.1-Ubuntu SMP PREEMPT_DYNAMIC Thu Mar 19 01:28:37 UTC 2 {"hostname": "edatools", "processid": 90252, "history": "Interactive.92", "testname": "STAB", "cornername": "Nominal", "point": 1, "logfile": "/home/saul/projects/IL2244_VT26_SAUL/logs_saul/logs0/Job18.log", "nodename": "edatools", "domainname": "(none)", "machine": "x86_64", "sysname": "Linux", "release": "6.17.0-20-generic", "version": "#20~24.04.1-Ubuntu SMP PREEMPT_DYNAMIC Thu Mar 19 01:28:37 UTC 2"}
[2026-04-09 06:09:02.274 Z] [PROCESS] [cadence.virtuoso.ade.simulationMonitor] - UsageInfo:
pid=90252
totalPhysicalMemory=62.544991GB,Used=21.302624GB,totalVirtualMemory=70.544987GB,Used=21.302624GB
Cpu: Cores=16, Load average:0.410000,0.470000,0.400000 {"hostname": "edatools", "processid": 90252, "history": "Interactive.92", "testname": "STAB", "cornername": "Nominal", "point": 1, "logfile": "/home/saul/projects/IL2244_VT26_SAUL/logs_saul/logs0/Job18.log", "pid": "90252", "totalPhysicalMemory": "62.544991", "physicalMemoryUsed": "21.302624", "totalVirtualMemory": "70.544987", "virtualMemoryUsed": "21.302624", "cpuCores": "16", "processes": "1958", "loadAverage1": "0.410000", "loadAverage5": "0.470000", "loadAverage15": "0.400000", "loadAverage1Percent": "0.025625"}
[2026-04-09 06:09:02.275 Z] [EVENT] [cadence.virtuoso.ade.simulationMonitor] - NewPoint {"history": "Interactive.92", "point": 1, "testname": "FECG_fecg_cmfb_tb_1", "cornername": "Nominal", "event": "NewPoint", "EventSource": "Simulation Monitor", "HistoryName": "Interactive.92", "logFile": "/home/saul/projects/IL2244_VT26_SAUL/logs_saul/logs0/Job18.log", "logFileSize": "36193"}
[2026-04-09 06:09:02.377 Z] [EVENT] [cadence.virtuoso.ade.simulationMonitor] - NewPoint {"history": "Interactive.92", "point": 1, "testname": "FECG_fecg_cmfb_tb_1", "cornername": "Nominal", "event": "NewPoint", "EventSource": "spectre", "HistoryName": "Interactive.92", "logFile": "/home/saul/projects/IL2244_VT26_SAUL/Sim/FECG/fecg_cmfb_tb/maestro/results/maestro/Interactive.92/1/FECG_fecg_cmfb_tb_1/psf/spectre.out", "logFileSize": "-1"}
[2026-04-09 06:09:02.386 Z] [PROCESS] [cadence.virtuoso.ade.simulationMonitor] - Simulator launched {"hostname": "edatools", "processid": 90252, "history": "Interactive.92", "testname": "FECG_fecg_cmfb_tb_1", "cornername": "Nominal", "point": 1, "logfile": "/home/saul/projects/IL2244_VT26_SAUL/logs_saul/logs0/Job18.log", "simid": "2"}
[2026-04-09 06:09:02.409 Z] [PROCESS] [cadence.virtuoso.ade.simulationMonitor] - Started Simulation {"hostname": "edatools", "processid": 90252, "history": "Interactive.92", "testname": "FECG_fecg_cmfb_tb_1", "cornername": "Nominal", "point": 1, "logfile": "/home/saul/projects/IL2244_VT26_SAUL/logs_saul/logs0/Job18.log", "event": "started", "task": "simulation"}
[2026-04-09 06:09:02.909 Z] [INFO] [cadence.virtuoso.ade.simulationMonitor] - Notice from spectre during circuit read-in.
    Pre_Configuration file used: /opt/tools/cadence/installs/SPECTRE241/tools.lnx86/spectre/etc/configs/preset.precfg
    Configuration file used: `/opt/tools/cadence/installs/SPECTRE241/tools.lnx86/spectre/etc/configs/preset.cfg'. {"history": "Interactive.92", "point": 1, "testname": "FECG_fecg_cmfb_tb_1", "cornername": "Nominal"}
[2026-04-09 06:09:02.909 Z] [WARN] [cadence.virtuoso.ade.simulationMonitor] -     WARNING (SPECTRE-8360): line 1511: `ac' is an undefined primitive device. {"history": "Interactive.92", "point": 1, "testname": "FECG_fecg_cmfb_tb_1", "cornername": "Nominal"}
[2026-04-09 06:09:02.909 Z] [WARN] [cadence.virtuoso.ade.simulationMonitor] -     WARNING (SPECTRE-8360): line 1512: `ac' is an undefined primitive device. {"history": "Interactive.92", "point": 1, "testname": "FECG_fecg_cmfb_tb_1", "cornername": "Nominal"}
[2026-04-09 06:09:02.909 Z] [WARN] [cadence.virtuoso.ade.simulationMonitor] -     WARNING (SPECTRE-8360): line 1513: `ac' is an undefined primitive device. {"history": "Interactive.92", "point": 1, "testname": "FECG_fecg_cmfb_tb_1", "cornername": "Nominal"}
[2026-04-09 06:09:02.909 Z] [WARN] [cadence.virtuoso.ade.simulationMonitor] -     WARNING (SPECTRE-8360): line 1514: `ac' is an undefined primitive device. {"history": "Interactive.92", "point": 1, "testname": "FECG_fecg_cmfb_tb_1", "cornername": "Nominal"}
[2026-04-09 06:09:02.910 Z] [WARN] [cadence.virtuoso.ade.simulationMonitor] -     WARNING (SPECTRE-8360): line 1515: `ac' is an undefined primitive device.
        Further occurrences of this warning will be suppressed. {"history": "Interactive.92", "point": 1, "testname": "FECG_fecg_cmfb_tb_1", "cornername": "Nominal"}
[2026-04-09 06:09:02.910 Z] [INFO] [cadence.virtuoso.ade.simulationMonitor] - Peak resident memory used = 172 Mbytes. {"history": "Interactive.92", "point": 1, "testname": "FECG_fecg_cmfb_tb_1", "cornername": "Nominal"}
[2026-04-09 06:09:02.910 Z] [WARN] [cadence.virtuoso.ade.simulationMonitor] -     WARNING (VACOMP-2435): The environment variable CDS_AHDLCMI_ENABLE is no longer supported. Therefore, the simulator will use the default compiled C code flow. {"history": "Interactive.92", "point": 1, "testname": "FECG_fecg_cmfb_tb_1", "cornername": "Nominal"}
[2026-04-09 06:09:02.910 Z] [WARN] [cadence.virtuoso.ade.simulationMonitor] -     WARNING (SFE-3029): The dummy capacitor C8 is removed. {"history": "Interactive.92", "point": 1, "testname": "FECG_fecg_cmfb_tb_1", "cornername": "Nominal"}
[2026-04-09 06:09:02.910 Z] [INFO] [cadence.virtuoso.ade.simulationMonitor] - Peak resident memory used = 185 Mbytes. {"history": "Interactive.92", "point": 1, "testname": "FECG_fecg_cmfb_tb_1", "cornername": "Nominal"}
[2026-04-09 06:09:02.910 Z] [INFO] [cadence.virtuoso.ade.simulationMonitor] - Notice from spectre during hierarchy flattening.
    The value 'psf' specified for the 'checklimitdest' option will no longer be supported in future releases. Use 'spectre -h' to see other recommended values for the 'checklimitdest' option.
    I7.R10.CS0 of rpolyhc: `c' has the unusually small value of 0 F.
    I7.R10.CS1 of rpolyhc: `c' has the unusually small value of 0 F.
    I7.R9.CS0 of rpolyhc: `c' has the unusually small value of 0 F.
    I7.R9.CS1 of rpolyhc: `c' has the unusually small value of 0... {"history": "Interactive.92", "point": 1, "testname": "FECG_fecg_cmfb_tb_1", "cornername": "Nominal"}
[2026-04-09 06:09:02.910 Z] [INFO] [cadence.virtuoso.ade.simulationMonitor] - Peak resident memory used = 188 Mbytes. {"history": "Interactive.92", "point": 1, "testname": "FECG_fecg_cmfb_tb_1", "cornername": "Nominal"}
[2026-04-09 06:09:02.910 Z] [WARN] [cadence.virtuoso.ade.simulationMonitor] -     WARNING (CMI-2425): I7.I3.C1: `Acde' = 2.393 is unusually large. {"history": "Interactive.92", "point": 1, "testname": "FECG_fecg_cmfb_tb_1", "cornername": "Nominal"}
[2026-04-09 06:09:02.910 Z] [WARN] [cadence.virtuoso.ade.simulationMonitor] -     WARNING (CMI-2425): I7.I3.C1: `Noff' = 4.732 is unusually large. {"history": "Interactive.92", "point": 1, "testname": "FECG_fecg_cmfb_tb_1", "cornername": "Nominal"}
[2026-04-09 06:09:02.910 Z] [WARN] [cadence.virtuoso.ade.simulationMonitor] -     WARNING (CMI-2424): I7.I3.C1: `Voffcv' = -867.4e-03 is unusually small. {"history": "Interactive.92", "point": 1, "testname": "FECG_fecg_cmfb_tb_1", "cornername": "Nominal"}
[2026-04-09 06:09:02.910 Z] [WARN] [cadence.virtuoso.ade.simulationMonitor] -     WARNING (CMI-2425): I7.C0: `Acde' = 2.393 is unusually large. {"history": "Interactive.92", "point": 1, "testname": "FECG_fecg_cmfb_tb_1", "cornername": "Nominal"}
[2026-04-09 06:09:02.910 Z] [WARN] [cadence.virtuoso.ade.simulationMonitor] -     WARNING (CMI-2425): I7.C0: `Noff' = 4.732 is unusually large. {"history": "Interactive.92", "point": 1, "testname": "FECG_fecg_cmfb_tb_1", "cornername": "Nominal"}
[2026-04-09 06:09:02.910 Z] [WARN] [cadence.virtuoso.ade.simulationMonitor] -     WARNING (CMI-2424): I7.C0: `Voffcv' = -867.4e-03 is unusually small. {"history": "Interactive.92", "point": 1, "testname": "FECG_fecg_cmfb_tb_1", "cornername": "Nominal"}
[2026-04-09 06:09:02.910 Z] [WARN] [cadence.virtuoso.ade.simulationMonitor] -     WARNING (SPECTRE-17607): Assert `SOAC_rpolyh_vminuspsub' is ignored because it contains an expression which is invalid or not supported by native evaluator.  {"history": "Interactive.92", "point": 1, "testname": "FECG_fecg_cmfb_tb_1", "cornername": "Nominal"}
[2026-04-09 06:09:02.910 Z] [WARN] [cadence.virtuoso.ade.simulationMonitor] -     WARNING (SPECTRE-17607): Assert `SOAC_rpolyh_vpluspsub' is ignored because it contains an expression which is invalid or not supported by native evaluator.  {"history": "Interactive.92", "point": 1, "testname": "FECG_fecg_cmfb_tb_1", "cornername": "Nominal"}
[2026-04-09 06:09:02.910 Z] [WARN] [cadence.virtuoso.ade.simulationMonitor] -     WARNING (SPECTRE-16460): SOAC_cvarm_vspsub:Specified subcircuit master `cvarm' was not found. {"history": "Interactive.92", "point": 1, "testname": "FECG_fecg_cmfb_tb_1", "cornername": "Nominal"}
[2026-04-09 06:09:02.910 Z] [WARN] [cadence.virtuoso.ade.simulationMonitor] -     WARNING (SPECTRE-16462): SOAC_cvarm_vspsub:Error in specification of subcircuit master. Assert is ignored. {"history": "Interactive.92", "point": 1, "testname": "FECG_fecg_cmfb_tb_1", "cornername": "Nominal"}
[2026-04-09 06:09:02.910 Z] [WARN] [cadence.virtuoso.ade.simulationMonitor] -     WARNING (SPECTRE-16460): SOAC_cvarm_vbs:Specified subcircuit master `cvarm' was not found. {"history": "Interactive.92", "point": 1, "testname": "FECG_fecg_cmfb_tb_1", "cornername": "Nominal"}
[2026-04-09 06:09:02.910 Z] [WARN] [cadence.virtuoso.ade.simulationMonitor] -     WARNING (SPECTRE-16462): SOAC_cvarm_vbs:Error in specification of subcircuit master. Assert is ignored. {"history": "Interactive.92", "point": 1, "testname": "FECG_fecg_cmfb_tb_1", "cornername": "Nominal"}
[2026-04-09 06:09:02.910 Z] [WARN] [cadence.virtuoso.ade.simulationMonitor] -     WARNING (SPECTRE-16460): SOAC_cvarm_vgb:Specified subcircuit master `cvarm' was not found. {"history": "Interactive.92", "point": 1, "testname": "FECG_fecg_cmfb_tb_1", "cornername": "Nominal"}
[2026-04-09 06:09:02.910 Z] [WARN] [cadence.virtuoso.ade.simulationMonitor] -     WARNING (SPECTRE-16462): SOAC_cvarm_vgb:Error in specification of subcircuit master. Assert is ignored. {"history": "Interactive.92", "point": 1, "testname": "FECG_fecg_cmfb_tb_1", "cornername": "Nominal"}
[2026-04-09 06:09:02.910 Z] [WARN] [cadence.virtuoso.ade.simulationMonitor] -     WARNING (SPECTRE-16460): SOAC_cvart_vspsub:Specified subcircuit master `cvart' was not found. {"history": "Interactive.92", "point": 1, "testname": "FECG_fecg_cmfb_tb_1", "cornername": "Nominal"}
[2026-04-09 06:09:02.910 Z] [WARN] [cadence.virtuoso.ade.simulationMonitor] -     WARNING (SPECTRE-16462): SOAC_cvart_vspsub:Error in specification of subcircuit master. Assert is ignored. {"history": "Interactive.92", "point": 1, "testname": "FECG_fecg_cmfb_tb_1", "cornername": "Nominal"}
[2026-04-09 06:09:02.910 Z] [WARN] [cadence.virtuoso.ade.simulationMonitor] -     WARNING (SPECTRE-16460): SOAC_cvart_vbs:Specified subcircuit master `cvart' was not found.
        Further occurrences of this warning will be suppressed. {"history": "Interactive.92", "point": 1, "testname": "FECG_fecg_cmfb_tb_1", "cornername": "Nominal"}
[2026-04-09 06:09:02.910 Z] [WARN] [cadence.virtuoso.ade.simulationMonitor] -     WARNING (SPECTRE-16462): SOAC_cvart_vbs:Error in specification of subcircuit master. Assert is ignored.
        Further occurrences of this warning will be suppressed. {"history": "Interactive.92", "point": 1, "testname": "FECG_fecg_cmfb_tb_1", "cornername": "Nominal"}
[2026-04-09 06:09:02.911 Z] [WARN] [cadence.virtuoso.ade.simulationMonitor] -     WARNING (SPECTRE-17607): Assert `SOAC_cvar_vspsub' is ignored because it contains an expression which is invalid or not supported by native evaluator.  {"history": "Interactive.92", "point": 1, "testname": "FECG_fecg_cmfb_tb_1", "cornername": "Nominal"}
[2026-04-09 06:09:02.911 Z] [WARN] [cadence.virtuoso.ade.simulationMonitor] -     WARNING (SPECTRE-17607): Assert `SOAC_cvar_vbpsub' is ignored because it contains an expression which is invalid or not supported by native evaluator.  {"history": "Interactive.92", "point": 1, "testname": "FECG_fecg_cmfb_tb_1", "cornername": "Nominal"}
[2026-04-09 06:09:02.911 Z] [WARN] [cadence.virtuoso.ade.simulationMonitor] -     WARNING (SPECTRE-17607): Assert `SOAC_cvar_vgpsub' is ignored because it contains an expression which is invalid or not supported by native evaluator. 
        Further occurrences of this warning will be suppressed. {"history": "Interactive.92", "point": 1, "testname": "FECG_fecg_cmfb_tb_1", "cornername": "Nominal"}
[2026-04-09 06:09:03.412 Z] [INFO] [cadence.virtuoso.ade.simulationMonitor] - Notice from spectre during topology check.
    No DC path from node `VA' to ground, Gmin installed to provide path. {"history": "Interactive.92", "point": 1, "testname": "FECG_fecg_cmfb_tb_1", "cornername": "Nominal"}
[2026-04-09 06:09:03.412 Z] [INFO] [cadence.virtuoso.ade.simulationMonitor] - Notice from spectre during initial setup.
    Multithreading is disabled due to the size of the design being too small. {"history": "Interactive.92", "point": 1, "testname": "FECG_fecg_cmfb_tb_1", "cornername": "Nominal"}
[2026-04-09 06:09:03.413 Z] [INFO] [cadence.virtuoso.ade.simulationMonitor] -               nodes 63 {"history": "Interactive.92", "point": 1, "testname": "FECG_fecg_cmfb_tb_1", "cornername": "Nominal"}
[2026-04-09 06:09:03.413 Z] [INFO] [cadence.virtuoso.ade.simulationMonitor] - Notice from spectre during initial setup.
    2 capacitors are cut because their value is less than or equal to 'ndbccut or ndbcabscut'.
    (Comment: number of capacitors isn't number of cut capacitors but number of capacitor lines impacted.)
    2 resistors are shorted because their absolute value is less than or equal to 'rabsshort'.
    1 vsources are shorted because their absolute value is less than or equal to 'vabsshort'.
    Spectre X preset=cx enabled. {"history": "Interactive.92", "point": 1, "testname": "FECG_fecg_cmfb_tb_1", "cornername": "Nominal"}
[2026-04-09 06:09:03.414 Z] [WARN] [cadence.virtuoso.ade.simulationMonitor] -     WARNING (CMI-2425): I7.I3.C1: `Acde' = 2.393 is unusually large.
        Further occurrences of this warning will be suppressed. {"history": "Interactive.92", "point": 1, "testname": "FECG_fecg_cmfb_tb_1", "cornername": "Nominal"}
[2026-04-09 06:09:03.414 Z] [WARN] [cadence.virtuoso.ade.simulationMonitor] -     WARNING (CMI-2424): I7.I3.C1: `Voffcv' = -867.4e-03 is unusually small. {"history": "Interactive.92", "point": 1, "testname": "FECG_fecg_cmfb_tb_1", "cornername": "Nominal"}
[2026-04-09 06:09:03.415 Z] [WARN] [cadence.virtuoso.ade.simulationMonitor] -     WARNING (CMI-2424): I7.C0: `Voffcv' = -867.4e-03 is unusually small. {"history": "Interactive.92", "point": 1, "testname": "FECG_fecg_cmfb_tb_1", "cornername": "Nominal"}
[2026-04-09 06:09:03.415 Z] [INFO] [cadence.virtuoso.ade.simulationMonitor] - Notice from spectre.
    7 notices suppressed.
    77 warnings suppressed. {"history": "Interactive.92", "point": 1, "testname": "FECG_fecg_cmfb_tb_1", "cornername": "Nominal"}
[2026-04-09 06:09:03.415 Z] [INFO] [cadence.virtuoso.ade.simulationMonitor] - Peak resident memory used = 195 Mbytes. {"history": "Interactive.92", "point": 1, "testname": "FECG_fecg_cmfb_tb_1", "cornername": "Nominal"}
[2026-04-09 06:09:03.416 Z] [INFO] [cadence.virtuoso.ade.simulationMonitor] -    -   (Spectre X) Multi-threading. The recommended number of threads is 1, consider adding +mt=1 on command line. {"history": "Interactive.92", "point": 1, "testname": "FECG_fecg_cmfb_tb_1", "cornername": "Nominal"}
[2026-04-09 06:09:03.416 Z] [INFO] [cadence.virtuoso.ade.simulationMonitor] - Notice from spectre during DC analysis `dcOp'.
    No checklimit analysis defined for asserts. A default checklimit analysis 'SpectreChecklimitAnal' has been created with all asserts enabled. {"history": "Interactive.92", "point": 1, "testname": "FECG_fecg_cmfb_tb_1", "cornername": "Nominal"}
[2026-04-09 06:09:03.416 Z] [INFO] [cadence.virtuoso.ade.simulationMonitor] - Notice from spectre during DC analysis `dcOp'.
    GminDC = 1 pS is large enough to noticeably affect the DC solution.
        dV(I7.I3.C1.d1) = 2.5885 mV
        Use the `gmin_check' option to eliminate or expand this report.
    Bad pivoting is found during DC analysis. Option dc_pivot_check=yes is recommended for possible improvement of convergence. {"history": "Interactive.92", "point": 1, "testname": "FECG_fecg_cmfb_tb_1", "cornername": "Nominal"}
[2026-04-09 06:09:03.416 Z] [WARN] [cadence.virtuoso.ade.simulationMonitor] -     WARNING (CMI-2943): Parameter checks have been ignored because the valid value for parameter 'trise' could not be found in 'C9'. {"history": "Interactive.92", "point": 1, "testname": "FECG_fecg_cmfb_tb_1", "cornername": "Nominal"}
[2026-04-09 06:09:03.417 Z] [WARN] [cadence.virtuoso.ade.simulationMonitor] -     WARNING (CMI-2943): Parameter checks have been ignored because the valid value for parameter 'trise' could not be found in 'C0'. {"history": "Interactive.92", "point": 1, "testname": "FECG_fecg_cmfb_tb_1", "cornername": "Nominal"}
[2026-04-09 06:09:03.417 Z] [WARN] [cadence.virtuoso.ade.simulationMonitor] -     WARNING (CMI-2943): Parameter checks have been ignored because the valid value for parameter 'trise' could not be found in 'C1'. {"history": "Interactive.92", "point": 1, "testname": "FECG_fecg_cmfb_tb_1", "cornername": "Nominal"}
[2026-04-09 06:09:03.417 Z] [WARN] [cadence.virtuoso.ade.simulationMonitor] -     WARNING (CMI-2943): Parameter checks have been ignored because the valid value for parameter 'trise' could not be found in 'C4'. {"history": "Interactive.92", "point": 1, "testname": "FECG_fecg_cmfb_tb_1", "cornername": "Nominal"}
[2026-04-09 06:09:03.418 Z] [WARN] [cadence.virtuoso.ade.simulationMonitor] -     WARNING (CMI-2943): Parameter checks have been ignored because the valid value for parameter 'trise' could not be found in 'C5'.
        Further occurrences of this warning will be suppressed. {"history": "Interactive.92", "point": 1, "testname": "FECG_fecg_cmfb_tb_1", "cornername": "Nominal"}
[2026-04-09 06:09:03.418 Z] [INFO] [cadence.virtuoso.ade.simulationMonitor] - Total time required for dc analysis `dcOp': CPU = 46.296 ms, elapsed = 57.317 ms, util. = 80.8%. {"history": "Interactive.92", "point": 1, "testname": "FECG_fecg_cmfb_tb_1", "cornername": "Nominal"}
[2026-04-09 06:09:03.418 Z] [INFO] [cadence.virtuoso.ade.simulationMonitor] - Peak resident memory used = 202 Mbytes. {"history": "Interactive.92", "point": 1, "testname": "FECG_fecg_cmfb_tb_1", "cornername": "Nominal"}
[2026-04-09 06:09:03.418 Z] [INFO] [cadence.virtuoso.ade.simulationMonitor] - Notice from spectre.
    43 warnings suppressed. {"history": "Interactive.92", "point": 1, "testname": "FECG_fecg_cmfb_tb_1", "cornername": "Nominal"}
[2026-04-09 06:09:03.418 Z] [WARN] [cadence.virtuoso.ade.simulationMonitor] -     WARNING (CMI-2425): I7.C0: `Acde' = 2.393 is unusually large. {"history": "Interactive.92", "point": 1, "testname": "FECG_fecg_cmfb_tb_1", "cornername": "Nominal"}
[2026-04-09 06:09:03.419 Z] [WARN] [cadence.virtuoso.ade.simulationMonitor] -     WARNING (CMI-2425): I7.C0: `Noff' = 4.732 is unusually large. {"history": "Interactive.92", "point": 1, "testname": "FECG_fecg_cmfb_tb_1", "cornername": "Nominal"}
[2026-04-09 06:09:03.419 Z] [WARN] [cadence.virtuoso.ade.simulationMonitor] -     WARNING (CMI-2424): I7.C0: `Voffcv' = -867.4e-03 is unusually small. {"history": "Interactive.92", "point": 1, "testname": "FECG_fecg_cmfb_tb_1", "cornername": "Nominal"}
[2026-04-09 06:09:03.419 Z] [WARN] [cadence.virtuoso.ade.simulationMonitor] -     WARNING (CMI-2425): I7.I3.C1: `Acde' = 2.393 is unusually large. {"history": "Interactive.92", "point": 1, "testname": "FECG_fecg_cmfb_tb_1", "cornername": "Nominal"}
[2026-04-09 06:09:03.419 Z] [WARN] [cadence.virtuoso.ade.simulationMonitor] -     WARNING (CMI-2425): I7.I3.C1: `Noff' = 4.732 is unusually large. {"history": "Interactive.92", "point": 1, "testname": "FECG_fecg_cmfb_tb_1", "cornername": "Nominal"}
[2026-04-09 06:09:03.419 Z] [WARN] [cadence.virtuoso.ade.simulationMonitor] -     WARNING (CMI-2424): I7.I3.C1: `Voffcv' = -867.4e-03 is unusually small. {"history": "Interactive.92", "point": 1, "testname": "FECG_fecg_cmfb_tb_1", "cornername": "Nominal"}
[2026-04-09 06:09:03.419 Z] [WARN] [cadence.virtuoso.ade.simulationMonitor] -     WARNING: BSIM3v3 MOS Transistor - frequency dependent components are present in the circuit, approximated as AC equivalents at 1.000000e+00Hz for pz analysis. {"history": "Interactive.92", "point": 1, "testname": "FECG_fecg_cmfb_tb_1", "cornername": "Nominal"}
[2026-04-09 06:09:03.419 Z] [INFO] [cadence.virtuoso.ade.simulationMonitor] - Notice from spectre during DC analysis, during PZ analysis `pz'.
    GminDC = 1 pS is large enough to noticeably affect the DC solution.
        dV(I7.I5.C1.s1) = 2.5885 mV
        Use the `gmin_check' option to eliminate or expand this report.
    Bad pivoting is found during DC analysis. Option dc_pivot_check=yes is recommended for possible improvement of convergence. {"history": "Interactive.92", "point": 1, "testname": "FECG_fecg_cmfb_tb_1", "cornername": "Nominal"}
[2026-04-09 06:09:03.419 Z] [WARN] [cadence.virtuoso.ade.simulationMonitor] -     WARNING (CMI-2943): Parameter checks have been ignored because the valid value for parameter 'trise' could not be found in 'C9'. {"history": "Interactive.92", "point": 1, "testname": "FECG_fecg_cmfb_tb_1", "cornername": "Nominal"}
[2026-04-09 06:09:03.419 Z] [WARN] [cadence.virtuoso.ade.simulationMonitor] -     WARNING (CMI-2943): Parameter checks have been ignored because the valid value for parameter 'trise' could not be found in 'C0'. {"history": "Interactive.92", "point": 1, "testname": "FECG_fecg_cmfb_tb_1", "cornername": "Nominal"}
[2026-04-09 06:09:03.419 Z] [WARN] [cadence.virtuoso.ade.simulationMonitor] -     WARNING (CMI-2943): Parameter checks have been ignored because the valid value for parameter 'trise' could not be found in 'C1'. {"history": "Interactive.92", "point": 1, "testname": "FECG_fecg_cmfb_tb_1", "cornername": "Nominal"}
[2026-04-09 06:09:03.419 Z] [WARN] [cadence.virtuoso.ade.simulationMonitor] -     WARNING (CMI-2943): Parameter checks have been ignored because the valid value for parameter 'trise' could not be found in 'C4'. {"history": "Interactive.92", "point": 1, "testname": "FECG_fecg_cmfb_tb_1", "cornername": "Nominal"}
[2026-04-09 06:09:03.419 Z] [WARN] [cadence.virtuoso.ade.simulationMonitor] -     WARNING (CMI-2943): Parameter checks have been ignored because the valid value for parameter 'trise' could not be found in 'C5'.
        Further occurrences of this warning will be suppressed. {"history": "Interactive.92", "point": 1, "testname": "FECG_fecg_cmfb_tb_1", "cornername": "Nominal"}
[2026-04-09 06:09:03.419 Z] [INFO] [cadence.virtuoso.ade.simulationMonitor] - Notice from spectre at 0 during DC analysis, during PZ analysis `pz'.
    GminDC = 1 pS is large enough to noticeably affect the DC solution.
        dV(I7.I5.C1.s1) = 2.5885 mV
        Use the `gmin_check' option to eliminate or expand this report. {"history": "Interactive.92", "point": 1, "testname": "FECG_fecg_cmfb_tb_1", "cornername": "Nominal"}
[2026-04-09 06:09:03.419 Z] [WARN] [cadence.virtuoso.ade.simulationMonitor] -     WARNING (UWI-8101): The specified waveform format 'psf' (improper context for requested action) could not be added. The simulator will ignore the waveform. Check the application programming interface (API) before running the simulation again. {"history": "Interactive.92", "point": 1, "testname": "FECG_fecg_cmfb_tb_1", "cornername": "Nominal"}
[2026-04-09 06:09:03.419 Z] [WARN] [cadence.virtuoso.ade.simulationMonitor] -     WARNING (UWI-8101): The specified waveform format 'psf' (improper context for requested action) could not be added. The simulator will ignore the waveform. Check the application programming interface (API) before running the simulation again. {"history": "Interactive.92", "point": 1, "testname": "FECG_fecg_cmfb_tb_1", "cornername": "Nominal"}
[2026-04-09 06:09:03.419 Z] [WARN] [cadence.virtuoso.ade.simulationMonitor] -     WARNING (UWI-8101): The specified waveform format 'psf' (improper context for requested action) could not be added. The simulator will ignore the waveform. Check the application programming interface (API) before running the simulation again. {"history": "Interactive.92", "point": 1, "testname": "FECG_fecg_cmfb_tb_1", "cornername": "Nominal"}
[2026-04-09 06:09:03.419 Z] [WARN] [cadence.virtuoso.ade.simulationMonitor] -     WARNING (UWI-8101): The specified waveform format 'psf' (improper context for requested action) could not be added. The simulator will ignore the waveform. Check the application programming interface (API) before running the simulation again. {"history": "Interactive.92", "point": 1, "testname": "FECG_fecg_cmfb_tb_1", "cornername": "Nominal"}
[2026-04-09 06:09:03.419 Z] [WARN] [cadence.virtuoso.ade.simulationMonitor] -     WARNING (UWI-8101): The specified waveform format 'psf' (improper context for requested action) could not be added. The simulator will ignore the waveform. Check the application programming interface (API) before running the simulation again.
        Further occurrences of this warning will be suppressed. {"history": "Interactive.92", "point": 1, "testname": "FECG_fecg_cmfb_tb_1", "cornername": "Nominal"}
[2026-04-09 06:09:03.419 Z] [INFO] [cadence.virtuoso.ade.simulationMonitor] - Total time required for pz analysis `pz': CPU = 21.531 ms, elapsed = 25.7299 ms, util. = 83.7%. {"history": "Interactive.92", "point": 1, "testname": "FECG_fecg_cmfb_tb_1", "cornername": "Nominal"}
[2026-04-09 06:09:03.419 Z] [INFO] [cadence.virtuoso.ade.simulationMonitor] - Peak resident memory used = 210 Mbytes. {"history": "Interactive.92", "point": 1, "testname": "FECG_fecg_cmfb_tb_1", "cornername": "Nominal"}
[2026-04-09 06:09:03.420 Z] [INFO] [cadence.virtuoso.ade.simulationMonitor] - Notice from spectre.
    130 warnings suppressed. {"history": "Interactive.92", "point": 1, "testname": "FECG_fecg_cmfb_tb_1", "cornername": "Nominal"}
[2026-04-09 06:09:03.420 Z] [WARN] [cadence.virtuoso.ade.simulationMonitor] -     WARNING (CMI-2425): I7.C0: `Acde' = 2.393 is unusually large. {"history": "Interactive.92", "point": 1, "testname": "FECG_fecg_cmfb_tb_1", "cornername": "Nominal"}
[2026-04-09 06:09:03.420 Z] [WARN] [cadence.virtuoso.ade.simulationMonitor] -     WARNING (CMI-2425): I7.C0: `Noff' = 4.732 is unusually large. {"history": "Interactive.92", "point": 1, "testname": "FECG_fecg_cmfb_tb_1", "cornername": "Nominal"}
[2026-04-09 06:09:03.420 Z] [WARN] [cadence.virtuoso.ade.simulationMonitor] -     WARNING (CMI-2424): I7.C0: `Voffcv' = -867.4e-03 is unusually small. {"history": "Interactive.92", "point": 1, "testname": "FECG_fecg_cmfb_tb_1", "cornername": "Nominal"}
[2026-04-09 06:09:03.420 Z] [WARN] [cadence.virtuoso.ade.simulationMonitor] -     WARNING (CMI-2425): I7.I3.C1: `Acde' = 2.393 is unusually large. {"history": "Interactive.92", "point": 1, "testname": "FECG_fecg_cmfb_tb_1", "cornername": "Nominal"}
[2026-04-09 06:09:03.420 Z] [WARN] [cadence.virtuoso.ade.simulationMonitor] -     WARNING (CMI-2425): I7.I3.C1: `Noff' = 4.732 is unusually large. {"history": "Interactive.92", "point": 1, "testname": "FECG_fecg_cmfb_tb_1", "cornername": "Nominal"}
[2026-04-09 06:09:03.420 Z] [WARN] [cadence.virtuoso.ade.simulationMonitor] -     WARNING (CMI-2424): I7.I3.C1: `Voffcv' = -867.4e-03 is unusually small. {"history": "Interactive.92", "point": 1, "testname": "FECG_fecg_cmfb_tb_1", "cornername": "Nominal"}
[2026-04-09 06:09:03.420 Z] [INFO] [cadence.virtuoso.ade.simulationMonitor] - Notice from spectre during IC analysis, during transient analysis `tran'.
    GminDC = 1 pS is large enough to noticeably affect the DC solution.
        dV(I7.I3.C1.d1) = 2.5885 mV
        Use the `gmin_check' option to eliminate or expand this report.
    Bad pivoting is found during DC analysis. Option dc_pivot_check=yes is recommended for possible improvement of convergence. {"history": "Interactive.92", "point": 1, "testname": "FECG_fecg_cmfb_tb_1", "cornername": "Nominal"}
[2026-04-09 06:09:03.420 Z] [WARN] [cadence.virtuoso.ade.simulationMonitor] -     WARNING (CMI-2943): Parameter checks have been ignored because the valid value for parameter 'trise' could not be found in 'C9'. {"history": "Interactive.92", "point": 1, "testname": "FECG_fecg_cmfb_tb_1", "cornername": "Nominal"}
[2026-04-09 06:09:03.420 Z] [WARN] [cadence.virtuoso.ade.simulationMonitor] -     WARNING (CMI-2943): Parameter checks have been ignored because the valid value for parameter 'trise' could not be found in 'C0'. {"history": "Interactive.92", "point": 1, "testname": "FECG_fecg_cmfb_tb_1", "cornername": "Nominal"}
[2026-04-09 06:09:03.420 Z] [WARN] [cadence.virtuoso.ade.simulationMonitor] -     WARNING (CMI-2943): Parameter checks have been ignored because the valid value for parameter 'trise' could not be found in 'C1'. {"history": "Interactive.92", "point": 1, "testname": "FECG_fecg_cmfb_tb_1", "cornername": "Nominal"}
[2026-04-09 06:09:03.420 Z] [WARN] [cadence.virtuoso.ade.simulationMonitor] -     WARNING (CMI-2943): Parameter checks have been ignored because the valid value for parameter 'trise' could not be found in 'C4'. {"history": "Interactive.92", "point": 1, "testname": "FECG_fecg_cmfb_tb_1", "cornername": "Nominal"}
[2026-04-09 06:09:03.420 Z] [WARN] [cadence.virtuoso.ade.simulationMonitor] -     WARNING (CMI-2943): Parameter checks have been ignored because the valid value for parameter 'trise' could not be found in 'C5'.
        Further occurrences of this warning will be suppressed. {"history": "Interactive.92", "point": 1, "testname": "FECG_fecg_cmfb_tb_1", "cornername": "Nominal"}
[2026-04-09 06:09:03.420 Z] [INFO] [cadence.virtuoso.ade.simulationMonitor] - Notice from spectre during transient analysis `tran'.
    Multithreading is disabled due to the size of the design being too small. {"history": "Interactive.92", "point": 1, "testname": "FECG_fecg_cmfb_tb_1", "cornername": "Nominal"}
[2026-04-09 06:09:03.420 Z] [INFO] [cadence.virtuoso.ade.simulationMonitor] - Total time required for tran analysis `tran': CPU = 13.872 ms, elapsed = 15.7399 ms, util. = 88.1%. {"history": "Interactive.92", "point": 1, "testname": "FECG_fecg_cmfb_tb_1", "cornername": "Nominal"}
[2026-04-09 06:09:03.420 Z] [INFO] [cadence.virtuoso.ade.simulationMonitor] - Peak resident memory used = 213 Mbytes. {"history": "Interactive.92", "point": 1, "testname": "FECG_fecg_cmfb_tb_1", "cornername": "Nominal"}
[2026-04-09 06:09:03.420 Z] [INFO] [cadence.virtuoso.ade.simulationMonitor] - Notice from spectre.
    43 warnings suppressed. {"history": "Interactive.92", "point": 1, "testname": "FECG_fecg_cmfb_tb_1", "cornername": "Nominal"}
[2026-04-09 06:09:03.420 Z] [INFO] [cadence.virtuoso.ade.simulationMonitor] - Time used: CPU = 278 ms, elapsed = 513 ms, util. = 54.1%. {"history": "Interactive.92", "point": 1, "testname": "FECG_fecg_cmfb_tb_1", "cornername": "Nominal"}
[2026-04-09 06:09:03.420 Z] [INFO] [cadence.virtuoso.ade.simulationMonitor] - Time spent in licensing: elapsed = 36.8 ms, percentage of total = 7.18%. {"history": "Interactive.92", "point": 1, "testname": "FECG_fecg_cmfb_tb_1", "cornername": "Nominal"}
[2026-04-09 06:09:03.420 Z] [INFO] [cadence.virtuoso.ade.simulationMonitor] - Peak memory used = 212 Mbytes. {"history": "Interactive.92", "point": 1, "testname": "FECG_fecg_cmfb_tb_1", "cornername": "Nominal"}
[2026-04-09 06:09:03.420 Z] [PROCESS] [cadence.virtuoso.ade.simulationMonitor] - Simulation started at: 6:09:02 AM, Thur Apr 9, 2026, ended at: 6:09:03 AM, Thur Apr 9, 2026, with elapsed time (wall clock): 513 ms. {"history": "Interactive.92", "point": 1, "testname": "FECG_fecg_cmfb_tb_1", "cornername": "Nominal"}
[2026-04-09 06:09:03.420 Z] [PROCESS] [cadence.virtuoso.ade.simulationMonitor] - spectre completes with 0 errors, 64 warnings, and 31 notices. {"history": "Interactive.92", "point": 1, "testname": "FECG_fecg_cmfb_tb_1", "cornername": "Nominal"}
[2026-04-09 06:09:03.420 Z] [PROCESS] [cadence.virtuoso.ade.simulationMonitor] - Finished simulating for one point {"hostname": "edatools", "processid": 90252, "history": "Interactive.92", "testname": "FECG_fecg_cmfb_tb_1", "cornername": "Nominal", "point": 1, "logfile": "/home/saul/projects/IL2244_VT26_SAUL/logs_saul/logs0/Job18.log", "simid": "2"}
[2026-04-09 06:09:03.421 Z] [PROCESS] [cadence.virtuoso.ade.simulationMonitor] - Simulator exited {"hostname": "edatools", "processid": 90252, "history": "Interactive.92", "testname": "FECG_fecg_cmfb_tb_1", "cornername": "Nominal", "point": 1, "logfile": "/home/saul/projects/IL2244_VT26_SAUL/logs_saul/logs0/Job18.log", "exitStatus": "0"}
[2026-04-09 06:09:03.421 Z] [PROCESS] [cadence.virtuoso.ade.simulationMonitor] - Finished Simulation {"hostname": "edatools", "processid": 90252, "history": "Interactive.92", "testname": "FECG_fecg_cmfb_tb_1", "cornername": "Nominal", "point": 1, "logfile": "/home/saul/projects/IL2244_VT26_SAUL/logs_saul/logs0/Job18.log", "simid": "2"}
[2026-04-09 06:09:04.426 Z] [PROCESS] [cadence.virtuoso.ade.simulationMonitor] - Point Finished {"hostname": "edatools", "processid": 90252, "history": "Interactive.92", "testname": "FECG_fecg_cmfb_tb_1", "cornername": "Nominal", "point": 1, "logfile": "/home/saul/projects/IL2244_VT26_SAUL/logs_saul/logs0/Job18.log"}
[2026-04-09 06:09:04.478 Z] [PROCESS] [cadence.virtuoso.ade.simulationMonitor] - Stay with the runId '102', Linger time '300', currentRunSyn '203', currentTestSyn '207' {"hostname": "edatools", "processid": 90252, "history": "Interactive.92", "testname": "FECG_fecg_cmfb_tb_1", "cornername": "Nominal", "point": 1, "logfile": "/home/saul/projects/IL2244_VT26_SAUL/logs_saul/logs0/Job18.log"}
[2026-04-09 06:14:04.982 Z] [PROCESS] [cadence.virtuoso.ade.simulationMonitor] - Current memory used: 52.2422 MBytes, peak memory used: 52.2422 MBytes {"hostname": "edatools", "processid": 90252, "history": "Interactive.92", "testname": "FECG_fecg_cmfb_tb_1", "cornername": "Nominal", "point": 1, "logfile": "/home/saul/projects/IL2244_VT26_SAUL/logs_saul/logs0/Job18.log"}
[2026-04-09 06:14:04.982 Z] [PROCESS] [cadence.virtuoso.ade.simulationMonitor] - Simulation Monitor process exit. {"hostname": "edatools", "processid": 90252, "history": "Interactive.92", "testname": "FECG_fecg_cmfb_tb_1", "cornername": "Nominal", "point": 1, "logfile": "/home/saul/projects/IL2244_VT26_SAUL/logs_saul/logs0/Job18.log"}
