[Simulation Monitor: 106]
[2026-04-15 07:56:57.388 Z] [PROCESS] [cadence.virtuoso.ade.simulationMonitor] - Simulation Monitor has successfully started up. Trying to set up communication channels to other components ... {"hostname": "edatools", "processid": 1900930, "logfile": "/home/saul/projects/IL2244_VT26_SAUL/logs_saul/logs0/Job106.log"}
[2026-04-15 07:56:57.389 Z] [PROCESS] [cadence.virtuoso.ade.simulationMonitor] - Communication channels have been successfully set up. Start processing events ... {"hostname": "edatools", "processid": 1900930, "logfile": "/home/saul/projects/IL2244_VT26_SAUL/logs_saul/logs0/Job106.log"}
[2026-04-15 07:56:57.390 Z] [PROCESS] [cadence.virtuoso.ade.simulationMonitor] - Started History {"hostname": "edatools", "processid": 1900930, "history": "Interactive.70", "logfile": "/home/saul/projects/IL2244_VT26_SAUL/logs_saul/logs0/Job106.log"}
[2026-04-15 07:56:57.390 Z] [PROCESS] [cadence.virtuoso.ade.simulationMonitor] - HostInfo:
Host name (type):	edatools (x86_64)
Operating system:	Linux 6.17.0-20-generic #20~24.04.1-Ubuntu SMP PREEMPT_DYNAMIC Thu Mar 19 01:28:37 UTC 2 {"hostname": "edatools", "processid": 1900930, "history": "Interactive.70", "logfile": "/home/saul/projects/IL2244_VT26_SAUL/logs_saul/logs0/Job106.log", "nodename": "edatools", "domainname": "(none)", "machine": "x86_64", "sysname": "Linux", "release": "6.17.0-20-generic", "version": "#20~24.04.1-Ubuntu SMP PREEMPT_DYNAMIC Thu Mar 19 01:28:37 UTC 2"}
[2026-04-15 07:56:57.390 Z] [PROCESS] [cadence.virtuoso.ade.simulationMonitor] - UsageInfo:
pid=1900930
totalPhysicalMemory=62.544991GB,Used=34.495735GB,totalVirtualMemory=70.544987GB,Used=34.495735GB
Cpu: Cores=16, Load average:1.150000,1.780000,2.310000 {"hostname": "edatools", "processid": 1900930, "history": "Interactive.70", "logfile": "/home/saul/projects/IL2244_VT26_SAUL/logs_saul/logs0/Job106.log", "pid": "1900930", "totalPhysicalMemory": "62.544991", "physicalMemoryUsed": "34.495735", "totalVirtualMemory": "70.544987", "virtualMemoryUsed": "34.495735", "cpuCores": "16", "processes": "2018", "loadAverage1": "1.150000", "loadAverage5": "1.780000", "loadAverage15": "2.310000", "loadAverage1Percent": "0.071875"}
[2026-04-15 07:56:57.390 Z] [EVENT] [cadence.virtuoso.ade.simulationMonitor] - NewPoint {"history": "Interactive.70", "point": 9, "testname": "DC", "cornername": "CMOS_RES_CAP_TEMP_7", "event": "NewPoint", "EventSource": "Simulation Monitor", "HistoryName": "Interactive.70", "logFile": "/home/saul/projects/IL2244_VT26_SAUL/logs_saul/logs0/Job106.log", "logFileSize": "2198"}
[2026-04-15 07:56:57.491 Z] [EVENT] [cadence.virtuoso.ade.simulationMonitor] - NewPoint {"history": "Interactive.70", "point": 9, "testname": "DC", "cornername": "CMOS_RES_CAP_TEMP_7", "event": "NewPoint", "EventSource": "spectre", "HistoryName": "Interactive.70", "logFile": "/home/saul/projects/IL2244_VT26_SAUL/Sim/FBIAS/fbias_gm_c_tb/maestro/results/maestro/Interactive.70/9/DC/psf/spectre.out", "logFileSize": "-1"}
[2026-04-15 07:56:57.544 Z] [PROCESS] [cadence.virtuoso.ade.simulationMonitor] - Simulator launched {"hostname": "edatools", "processid": 1900930, "history": "Interactive.70", "testname": "DC", "cornername": "CMOS_RES_CAP_TEMP_7", "point": 9, "logfile": "/home/saul/projects/IL2244_VT26_SAUL/logs_saul/logs0/Job106.log", "simid": "1"}
[2026-04-15 07:56:57.546 Z] [PROCESS] [cadence.virtuoso.ade.simulationMonitor] - Expression evaluator launched {"hostname": "edatools", "processid": 1900930, "history": "Interactive.70", "testname": "DC", "cornername": "CMOS_RES_CAP_TEMP_7", "point": 9, "logfile": "/home/saul/projects/IL2244_VT26_SAUL/logs_saul/logs0/Job106.log"}
[2026-04-15 07:56:57.566 Z] [PROCESS] [cadence.virtuoso.ade.simulationMonitor] - Started Simulation {"hostname": "edatools", "processid": 1900930, "history": "Interactive.70", "testname": "DC", "cornername": "CMOS_RES_CAP_TEMP_7", "point": 9, "logfile": "/home/saul/projects/IL2244_VT26_SAUL/logs_saul/logs0/Job106.log", "event": "started", "task": "simulation"}
[2026-04-15 07:56:58.066 Z] [INFO] [cadence.virtuoso.ade.simulationMonitor] - Notice from spectre during circuit read-in.
    Pre_Configuration file used: /opt/tools/cadence/installs/SPECTRE241/tools.lnx86/spectre/etc/configs/preset.precfg
    Configuration file used: `/opt/tools/cadence/installs/SPECTRE241/tools.lnx86/spectre/etc/configs/preset.cfg'. {"history": "Interactive.70", "point": 9, "testname": "DC", "cornername": "CMOS_RES_CAP_TEMP_7"}
[2026-04-15 07:56:58.067 Z] [WARN] [cadence.virtuoso.ade.simulationMonitor] -     WARNING (SPECTRE-8360): line 1511: `ac' is an undefined primitive device. {"history": "Interactive.70", "point": 9, "testname": "DC", "cornername": "CMOS_RES_CAP_TEMP_7"}
[2026-04-15 07:56:58.067 Z] [WARN] [cadence.virtuoso.ade.simulationMonitor] -     WARNING (SPECTRE-8360): line 1512: `ac' is an undefined primitive device. {"history": "Interactive.70", "point": 9, "testname": "DC", "cornername": "CMOS_RES_CAP_TEMP_7"}
[2026-04-15 07:56:58.067 Z] [WARN] [cadence.virtuoso.ade.simulationMonitor] -     WARNING (SPECTRE-8360): line 1513: `ac' is an undefined primitive device. {"history": "Interactive.70", "point": 9, "testname": "DC", "cornername": "CMOS_RES_CAP_TEMP_7"}
[2026-04-15 07:56:58.067 Z] [WARN] [cadence.virtuoso.ade.simulationMonitor] -     WARNING (SPECTRE-8360): line 1514: `ac' is an undefined primitive device. {"history": "Interactive.70", "point": 9, "testname": "DC", "cornername": "CMOS_RES_CAP_TEMP_7"}
[2026-04-15 07:56:58.067 Z] [WARN] [cadence.virtuoso.ade.simulationMonitor] -     WARNING (SPECTRE-8360): line 1515: `ac' is an undefined primitive device.
        Further occurrences of this warning will be suppressed. {"history": "Interactive.70", "point": 9, "testname": "DC", "cornername": "CMOS_RES_CAP_TEMP_7"}
[2026-04-15 07:56:58.067 Z] [INFO] [cadence.virtuoso.ade.simulationMonitor] - Peak resident memory used = 173 Mbytes. {"history": "Interactive.70", "point": 9, "testname": "DC", "cornername": "CMOS_RES_CAP_TEMP_7"}
[2026-04-15 07:56:58.067 Z] [WARN] [cadence.virtuoso.ade.simulationMonitor] -     WARNING (VACOMP-2435): The environment variable CDS_AHDLCMI_ENABLE is no longer supported. Therefore, the simulator will use the default compiled C code flow. {"history": "Interactive.70", "point": 9, "testname": "DC", "cornername": "CMOS_RES_CAP_TEMP_7"}
[2026-04-15 07:56:58.067 Z] [WARN] [cadence.virtuoso.ade.simulationMonitor] -     WARNING (SFE-3031): The floating capacitor I0.R2.CS1 is removed. {"history": "Interactive.70", "point": 9, "testname": "DC", "cornername": "CMOS_RES_CAP_TEMP_7"}
[2026-04-15 07:56:58.067 Z] [INFO] [cadence.virtuoso.ade.simulationMonitor] - Peak resident memory used = 186 Mbytes. {"history": "Interactive.70", "point": 9, "testname": "DC", "cornername": "CMOS_RES_CAP_TEMP_7"}
[2026-04-15 07:56:58.067 Z] [INFO] [cadence.virtuoso.ade.simulationMonitor] - Notice from spectre during hierarchy flattening.
    The value 'psf' specified for the 'checklimitdest' option will no longer be supported in future releases. Use 'spectre -h' to see other recommended values for the 'checklimitdest' option. {"history": "Interactive.70", "point": 9, "testname": "DC", "cornername": "CMOS_RES_CAP_TEMP_7"}
[2026-04-15 07:56:58.067 Z] [INFO] [cadence.virtuoso.ade.simulationMonitor] - Peak resident memory used = 188 Mbytes. {"history": "Interactive.70", "point": 9, "testname": "DC", "cornername": "CMOS_RES_CAP_TEMP_7"}
[2026-04-15 07:56:58.067 Z] [WARN] [cadence.virtuoso.ade.simulationMonitor] -     WARNING (SPECTRE-17607): Assert `SOAC_rpolyh_vminuspsub' is ignored because it contains an expression which is invalid or not supported by native evaluator.  {"history": "Interactive.70", "point": 9, "testname": "DC", "cornername": "CMOS_RES_CAP_TEMP_7"}
[2026-04-15 07:56:58.068 Z] [WARN] [cadence.virtuoso.ade.simulationMonitor] -     WARNING (SPECTRE-17607): Assert `SOAC_rpolyh_vpluspsub' is ignored because it contains an expression which is invalid or not supported by native evaluator.  {"history": "Interactive.70", "point": 9, "testname": "DC", "cornername": "CMOS_RES_CAP_TEMP_7"}
[2026-04-15 07:56:58.068 Z] [WARN] [cadence.virtuoso.ade.simulationMonitor] -     WARNING (SPECTRE-16460): SOAC_cvarm_vspsub:Specified subcircuit master `cvarm' was not found. {"history": "Interactive.70", "point": 9, "testname": "DC", "cornername": "CMOS_RES_CAP_TEMP_7"}
[2026-04-15 07:56:58.068 Z] [WARN] [cadence.virtuoso.ade.simulationMonitor] -     WARNING (SPECTRE-16462): SOAC_cvarm_vspsub:Error in specification of subcircuit master. Assert is ignored. {"history": "Interactive.70", "point": 9, "testname": "DC", "cornername": "CMOS_RES_CAP_TEMP_7"}
[2026-04-15 07:56:58.068 Z] [WARN] [cadence.virtuoso.ade.simulationMonitor] -     WARNING (SPECTRE-16460): SOAC_cvarm_vbs:Specified subcircuit master `cvarm' was not found. {"history": "Interactive.70", "point": 9, "testname": "DC", "cornername": "CMOS_RES_CAP_TEMP_7"}
[2026-04-15 07:56:58.068 Z] [WARN] [cadence.virtuoso.ade.simulationMonitor] -     WARNING (SPECTRE-16462): SOAC_cvarm_vbs:Error in specification of subcircuit master. Assert is ignored. {"history": "Interactive.70", "point": 9, "testname": "DC", "cornername": "CMOS_RES_CAP_TEMP_7"}
[2026-04-15 07:56:58.068 Z] [WARN] [cadence.virtuoso.ade.simulationMonitor] -     WARNING (SPECTRE-16460): SOAC_cvarm_vgb:Specified subcircuit master `cvarm' was not found. {"history": "Interactive.70", "point": 9, "testname": "DC", "cornername": "CMOS_RES_CAP_TEMP_7"}
[2026-04-15 07:56:58.068 Z] [WARN] [cadence.virtuoso.ade.simulationMonitor] -     WARNING (SPECTRE-16462): SOAC_cvarm_vgb:Error in specification of subcircuit master. Assert is ignored. {"history": "Interactive.70", "point": 9, "testname": "DC", "cornername": "CMOS_RES_CAP_TEMP_7"}
[2026-04-15 07:56:58.068 Z] [WARN] [cadence.virtuoso.ade.simulationMonitor] -     WARNING (SPECTRE-16460): SOAC_cvart_vspsub:Specified subcircuit master `cvart' was not found. {"history": "Interactive.70", "point": 9, "testname": "DC", "cornername": "CMOS_RES_CAP_TEMP_7"}
[2026-04-15 07:56:58.068 Z] [WARN] [cadence.virtuoso.ade.simulationMonitor] -     WARNING (SPECTRE-16462): SOAC_cvart_vspsub:Error in specification of subcircuit master. Assert is ignored. {"history": "Interactive.70", "point": 9, "testname": "DC", "cornername": "CMOS_RES_CAP_TEMP_7"}
[2026-04-15 07:56:58.069 Z] [WARN] [cadence.virtuoso.ade.simulationMonitor] -     WARNING (SPECTRE-16460): SOAC_cvart_vbs:Specified subcircuit master `cvart' was not found.
        Further occurrences of this warning will be suppressed. {"history": "Interactive.70", "point": 9, "testname": "DC", "cornername": "CMOS_RES_CAP_TEMP_7"}
[2026-04-15 07:56:58.069 Z] [WARN] [cadence.virtuoso.ade.simulationMonitor] -     WARNING (SPECTRE-16462): SOAC_cvart_vbs:Error in specification of subcircuit master. Assert is ignored.
        Further occurrences of this warning will be suppressed. {"history": "Interactive.70", "point": 9, "testname": "DC", "cornername": "CMOS_RES_CAP_TEMP_7"}
[2026-04-15 07:56:58.069 Z] [WARN] [cadence.virtuoso.ade.simulationMonitor] -     WARNING (SPECTRE-17607): Assert `SOAC_modp_vbpsub' is ignored because it contains an expression which is invalid or not supported by native evaluator.  {"history": "Interactive.70", "point": 9, "testname": "DC", "cornername": "CMOS_RES_CAP_TEMP_7"}
[2026-04-15 07:56:58.069 Z] [WARN] [cadence.virtuoso.ade.simulationMonitor] -     WARNING (SPECTRE-17607): Assert `SOAC_modn_vbpsub' is ignored because it contains an expression which is invalid or not supported by native evaluator.  {"history": "Interactive.70", "point": 9, "testname": "DC", "cornername": "CMOS_RES_CAP_TEMP_7"}
[2026-04-15 07:56:58.570 Z] [INFO] [cadence.virtuoso.ade.simulationMonitor] - Notice from spectre during initial setup.
    Multithreading is disabled due to the size of the design being too small. {"history": "Interactive.70", "point": 9, "testname": "DC", "cornername": "CMOS_RES_CAP_TEMP_7"}
[2026-04-15 07:56:58.570 Z] [INFO] [cadence.virtuoso.ade.simulationMonitor] -               nodes 16 {"history": "Interactive.70", "point": 9, "testname": "DC", "cornername": "CMOS_RES_CAP_TEMP_7"}
[2026-04-15 07:56:58.570 Z] [INFO] [cadence.virtuoso.ade.simulationMonitor] - Notice from spectre during initial setup.
    Spectre X preset=cx enabled.
    72 warnings suppressed. {"history": "Interactive.70", "point": 9, "testname": "DC", "cornername": "CMOS_RES_CAP_TEMP_7"}
[2026-04-15 07:56:58.570 Z] [INFO] [cadence.virtuoso.ade.simulationMonitor] - Peak resident memory used = 196 Mbytes. {"history": "Interactive.70", "point": 9, "testname": "DC", "cornername": "CMOS_RES_CAP_TEMP_7"}
[2026-04-15 07:56:58.570 Z] [INFO] [cadence.virtuoso.ade.simulationMonitor] -    -   (Spectre X) Multi-threading. The recommended number of threads is 1, consider adding +mt=1 on command line. {"history": "Interactive.70", "point": 9, "testname": "DC", "cornername": "CMOS_RES_CAP_TEMP_7"}
[2026-04-15 07:56:58.570 Z] [INFO] [cadence.virtuoso.ade.simulationMonitor] - Notice from spectre during DC analysis `dcOp'.
    No checklimit analysis defined for asserts. A default checklimit analysis 'SpectreChecklimitAnal' has been created with all asserts enabled. {"history": "Interactive.70", "point": 9, "testname": "DC", "cornername": "CMOS_RES_CAP_TEMP_7"}
[2026-04-15 07:56:58.570 Z] [WARN] [cadence.virtuoso.ade.simulationMonitor] -     WARNING (CMI-2943): Parameter checks have been ignored because the valid value for parameter 'trise' could not be found in 'I0.R2.CM'. {"history": "Interactive.70", "point": 9, "testname": "DC", "cornername": "CMOS_RES_CAP_TEMP_7"}
[2026-04-15 07:56:58.570 Z] [WARN] [cadence.virtuoso.ade.simulationMonitor] -     WARNING (CMI-2943): Parameter checks have been ignored because the valid value for parameter 'trise' could not be found in 'I0.R2.CS0'. {"history": "Interactive.70", "point": 9, "testname": "DC", "cornername": "CMOS_RES_CAP_TEMP_7"}
[2026-04-15 07:56:58.570 Z] [WARN] [cadence.virtuoso.ade.simulationMonitor] -     WARNING (CMI-2943): Parameter checks have been ignored because the valid value for parameter 'trise' could not be found in 'R0'. {"history": "Interactive.70", "point": 9, "testname": "DC", "cornername": "CMOS_RES_CAP_TEMP_7"}
[2026-04-15 07:56:58.570 Z] [WARN] [cadence.virtuoso.ade.simulationMonitor] -     WARNING (CMI-2943): Parameter checks have been ignored because the valid value for parameter 'trise' could not be found in 'R1'. {"history": "Interactive.70", "point": 9, "testname": "DC", "cornername": "CMOS_RES_CAP_TEMP_7"}
[2026-04-15 07:56:58.570 Z] [INFO] [cadence.virtuoso.ade.simulationMonitor] - Total time required for dc analysis `dcOp': CPU = 36.254 ms, elapsed = 47.9128 ms, util. = 75.7%. {"history": "Interactive.70", "point": 9, "testname": "DC", "cornername": "CMOS_RES_CAP_TEMP_7"}
[2026-04-15 07:56:58.571 Z] [INFO] [cadence.virtuoso.ade.simulationMonitor] - Peak resident memory used = 203 Mbytes. {"history": "Interactive.70", "point": 9, "testname": "DC", "cornername": "CMOS_RES_CAP_TEMP_7"}
[2026-04-15 07:56:58.571 Z] [INFO] [cadence.virtuoso.ade.simulationMonitor] - Notice from spectre at VDD = 20e-03 during DC analysis `dc'.
    GminDC = 1 pS is large enough to noticeably affect the DC solution.
        dV(I0.net2) = -161.187 uV
        Use the `gmin_check' option to eliminate or expand this report. {"history": "Interactive.70", "point": 9, "testname": "DC", "cornername": "CMOS_RES_CAP_TEMP_7"}
[2026-04-15 07:56:58.571 Z] [INFO] [cadence.virtuoso.ade.simulationMonitor] - Notice from spectre at VDD = 40e-03 during DC analysis `dc'.
    GminDC = 1 pS is large enough to noticeably affect the DC solution.
        dV(I0.net2) = -294.067 uV
        Use the `gmin_check' option to eliminate or expand this report. {"history": "Interactive.70", "point": 9, "testname": "DC", "cornername": "CMOS_RES_CAP_TEMP_7"}
[2026-04-15 07:56:58.571 Z] [INFO] [cadence.virtuoso.ade.simulationMonitor] - Notice from spectre at VDD = 60e-03 during DC analysis `dc'.
    GminDC = 1 pS is large enough to noticeably affect the DC solution.
        dV(I0.net2) = -411.535 uV
        Use the `gmin_check' option to eliminate or expand this report. {"history": "Interactive.70", "point": 9, "testname": "DC", "cornername": "CMOS_RES_CAP_TEMP_7"}
[2026-04-15 07:56:58.571 Z] [INFO] [cadence.virtuoso.ade.simulationMonitor] - Notice from spectre at VDD = 80e-03 during DC analysis `dc'.
    GminDC = 1 pS is large enough to noticeably affect the DC solution.
        dV(I0.A) = 514.998 uV
        Use the `gmin_check' option to eliminate or expand this report. {"history": "Interactive.70", "point": 9, "testname": "DC", "cornername": "CMOS_RES_CAP_TEMP_7"}
[2026-04-15 07:56:58.571 Z] [INFO] [cadence.virtuoso.ade.simulationMonitor] - Notice from spectre at VDD = 100e-03 during DC analysis `dc'.
    GminDC = 1 pS is large enough to noticeably affect the DC solution.
        Further occurrences of this notice will be suppressed.
        dV(I0.A) = 660.501 uV
        Further occurrences of this notice will be suppressed.
        Use the `gmin_check' option to eliminate or expand this report.
        Further occurrences of this notice will be suppressed. {"history": "Interactive.70", "point": 9, "testname": "DC", "cornername": "CMOS_RES_CAP_TEMP_7"}
[2026-04-15 07:56:58.571 Z] [WARN] [cadence.virtuoso.ade.simulationMonitor] -     WARNING (CMI-2943): Parameter checks have been ignored because the valid value for parameter 'trise' could not be found in 'I0.R2.CM'. {"history": "Interactive.70", "point": 9, "testname": "DC", "cornername": "CMOS_RES_CAP_TEMP_7"}
[2026-04-15 07:56:58.571 Z] [WARN] [cadence.virtuoso.ade.simulationMonitor] -     WARNING (CMI-2943): Parameter checks have been ignored because the valid value for parameter 'trise' could not be found in 'I0.R2.CS0'. {"history": "Interactive.70", "point": 9, "testname": "DC", "cornername": "CMOS_RES_CAP_TEMP_7"}
[2026-04-15 07:56:58.571 Z] [WARN] [cadence.virtuoso.ade.simulationMonitor] -     WARNING (CMI-2943): Parameter checks have been ignored because the valid value for parameter 'trise' could not be found in 'R0'. {"history": "Interactive.70", "point": 9, "testname": "DC", "cornername": "CMOS_RES_CAP_TEMP_7"}
[2026-04-15 07:56:58.571 Z] [WARN] [cadence.virtuoso.ade.simulationMonitor] -     WARNING (CMI-2943): Parameter checks have been ignored because the valid value for parameter 'trise' could not be found in 'R1'. {"history": "Interactive.70", "point": 9, "testname": "DC", "cornername": "CMOS_RES_CAP_TEMP_7"}
[2026-04-15 07:56:58.571 Z] [INFO] [cadence.virtuoso.ade.simulationMonitor] - Notice from spectre at VDD = 3.3 during DC analysis `dc'.
    The value of parameter 'VDD' has been reset to the original value 0. {"history": "Interactive.70", "point": 9, "testname": "DC", "cornername": "CMOS_RES_CAP_TEMP_7"}
[2026-04-15 07:56:58.571 Z] [INFO] [cadence.virtuoso.ade.simulationMonitor] - Total time required for dc analysis `dc': CPU = 20.802 ms, elapsed = 36.5071 ms, util. = 57%. {"history": "Interactive.70", "point": 9, "testname": "DC", "cornername": "CMOS_RES_CAP_TEMP_7"}
[2026-04-15 07:56:58.571 Z] [INFO] [cadence.virtuoso.ade.simulationMonitor] - Peak resident memory used = 203 Mbytes. {"history": "Interactive.70", "point": 9, "testname": "DC", "cornername": "CMOS_RES_CAP_TEMP_7"}
[2026-04-15 07:56:58.571 Z] [INFO] [cadence.virtuoso.ade.simulationMonitor] - Notice from spectre.
    144 notices suppressed. {"history": "Interactive.70", "point": 9, "testname": "DC", "cornername": "CMOS_RES_CAP_TEMP_7"}
[2026-04-15 07:56:58.571 Z] [WARN] [cadence.virtuoso.ade.simulationMonitor] -     WARNING (CMI-2943): Parameter checks have been ignored because the valid value for parameter 'trise' could not be found in 'I0.R2.CM'. {"history": "Interactive.70", "point": 9, "testname": "DC", "cornername": "CMOS_RES_CAP_TEMP_7"}
[2026-04-15 07:56:58.571 Z] [WARN] [cadence.virtuoso.ade.simulationMonitor] -     WARNING (CMI-2943): Parameter checks have been ignored because the valid value for parameter 'trise' could not be found in 'I0.R2.CS0'. {"history": "Interactive.70", "point": 9, "testname": "DC", "cornername": "CMOS_RES_CAP_TEMP_7"}
[2026-04-15 07:56:58.571 Z] [WARN] [cadence.virtuoso.ade.simulationMonitor] -     WARNING (CMI-2943): Parameter checks have been ignored because the valid value for parameter 'trise' could not be found in 'R0'. {"history": "Interactive.70", "point": 9, "testname": "DC", "cornername": "CMOS_RES_CAP_TEMP_7"}
[2026-04-15 07:56:58.571 Z] [WARN] [cadence.virtuoso.ade.simulationMonitor] -     WARNING (CMI-2943): Parameter checks have been ignored because the valid value for parameter 'trise' could not be found in 'R1'. {"history": "Interactive.70", "point": 9, "testname": "DC", "cornername": "CMOS_RES_CAP_TEMP_7"}
[2026-04-15 07:56:58.571 Z] [INFO] [cadence.virtuoso.ade.simulationMonitor] - Notice from spectre during transient analysis `tran'.
    Multithreading is disabled due to the size of the design being too small. {"history": "Interactive.70", "point": 9, "testname": "DC", "cornername": "CMOS_RES_CAP_TEMP_7"}
[2026-04-15 07:56:58.571 Z] [INFO] [cadence.virtuoso.ade.simulationMonitor] - Total time required for tran analysis `tran': CPU = 12.44 ms, elapsed = 14.4689 ms, util. = 86%. {"history": "Interactive.70", "point": 9, "testname": "DC", "cornername": "CMOS_RES_CAP_TEMP_7"}
[2026-04-15 07:56:58.571 Z] [INFO] [cadence.virtuoso.ade.simulationMonitor] - Peak resident memory used = 205 Mbytes. {"history": "Interactive.70", "point": 9, "testname": "DC", "cornername": "CMOS_RES_CAP_TEMP_7"}
[2026-04-15 07:56:58.572 Z] [INFO] [cadence.virtuoso.ade.simulationMonitor] - Time used: CPU = 262 ms, elapsed = 580 ms, util. = 45.1%. {"history": "Interactive.70", "point": 9, "testname": "DC", "cornername": "CMOS_RES_CAP_TEMP_7"}
[2026-04-15 07:56:58.572 Z] [INFO] [cadence.virtuoso.ade.simulationMonitor] - Time spent in licensing: elapsed = 42.4 ms, percentage of total = 7.31%. {"history": "Interactive.70", "point": 9, "testname": "DC", "cornername": "CMOS_RES_CAP_TEMP_7"}
[2026-04-15 07:56:58.572 Z] [INFO] [cadence.virtuoso.ade.simulationMonitor] - Peak memory used = 205 Mbytes. {"history": "Interactive.70", "point": 9, "testname": "DC", "cornername": "CMOS_RES_CAP_TEMP_7"}
[2026-04-15 07:56:58.572 Z] [PROCESS] [cadence.virtuoso.ade.simulationMonitor] - Simulation started at: 7:56:57 AM, Wed Apr 15, 2026, ended at: 7:56:58 AM, Wed Apr 15, 2026, with elapsed time (wall clock): 580 ms. {"history": "Interactive.70", "point": 9, "testname": "DC", "cornername": "CMOS_RES_CAP_TEMP_7"}
[2026-04-15 07:56:58.572 Z] [PROCESS] [cadence.virtuoso.ade.simulationMonitor] - spectre completes with 0 errors, 33 warnings, and 17 notices. {"history": "Interactive.70", "point": 9, "testname": "DC", "cornername": "CMOS_RES_CAP_TEMP_7"}
[2026-04-15 07:56:58.572 Z] [PROCESS] [cadence.virtuoso.ade.simulationMonitor] - Finished simulating for one point {"hostname": "edatools", "processid": 1900930, "history": "Interactive.70", "testname": "DC", "cornername": "CMOS_RES_CAP_TEMP_7", "point": 9, "logfile": "/home/saul/projects/IL2244_VT26_SAUL/logs_saul/logs0/Job106.log", "simid": "1"}
[2026-04-15 07:56:58.572 Z] [PROCESS] [cadence.virtuoso.ade.simulationMonitor] - Simulator exited {"hostname": "edatools", "processid": 1900930, "history": "Interactive.70", "testname": "DC", "cornername": "CMOS_RES_CAP_TEMP_7", "point": 9, "logfile": "/home/saul/projects/IL2244_VT26_SAUL/logs_saul/logs0/Job106.log", "exitStatus": "0"}
[2026-04-15 07:56:58.572 Z] [PROCESS] [cadence.virtuoso.ade.simulationMonitor] - Finished Simulation {"hostname": "edatools", "processid": 1900930, "history": "Interactive.70", "testname": "DC", "cornername": "CMOS_RES_CAP_TEMP_7", "point": 9, "logfile": "/home/saul/projects/IL2244_VT26_SAUL/logs_saul/logs0/Job106.log", "simid": "1"}
[2026-04-15 07:57:00.576 Z] [PROCESS] [cadence.virtuoso.ade.simulationMonitor] - Point Finished {"hostname": "edatools", "processid": 1900930, "history": "Interactive.70", "testname": "DC", "cornername": "CMOS_RES_CAP_TEMP_7", "point": 9, "logfile": "/home/saul/projects/IL2244_VT26_SAUL/logs_saul/logs0/Job106.log"}
[2026-04-15 07:57:00.577 Z] [PROCESS] [cadence.virtuoso.ade.simulationMonitor] - HostInfo:
Host name (type):	edatools (x86_64)
Operating system:	Linux 6.17.0-20-generic #20~24.04.1-Ubuntu SMP PREEMPT_DYNAMIC Thu Mar 19 01:28:37 UTC 2 {"hostname": "edatools", "processid": 1900930, "history": "Interactive.70", "testname": "DC", "cornername": "CMOS_RES_CAP_TEMP_7", "point": 9, "logfile": "/home/saul/projects/IL2244_VT26_SAUL/logs_saul/logs0/Job106.log", "nodename": "edatools", "domainname": "(none)", "machine": "x86_64", "sysname": "Linux", "release": "6.17.0-20-generic", "version": "#20~24.04.1-Ubuntu SMP PREEMPT_DYNAMIC Thu Mar 19 01:28:37 UTC 2"}
[2026-04-15 07:57:00.577 Z] [PROCESS] [cadence.virtuoso.ade.simulationMonitor] - UsageInfo:
pid=1900930
totalPhysicalMemory=62.544991GB,Used=35.179527GB,totalVirtualMemory=70.544987GB,Used=35.179527GB
Cpu: Cores=16, Load average:1.150000,1.780000,2.310000 {"hostname": "edatools", "processid": 1900930, "history": "Interactive.70", "testname": "DC", "cornername": "CMOS_RES_CAP_TEMP_7", "point": 9, "logfile": "/home/saul/projects/IL2244_VT26_SAUL/logs_saul/logs0/Job106.log", "pid": "1900930", "totalPhysicalMemory": "62.544991", "physicalMemoryUsed": "35.179527", "totalVirtualMemory": "70.544987", "virtualMemoryUsed": "35.179527", "cpuCores": "16", "processes": "2043", "loadAverage1": "1.150000", "loadAverage5": "1.780000", "loadAverage15": "2.310000", "loadAverage1Percent": "0.071875"}
[2026-04-15 07:57:00.578 Z] [EVENT] [cadence.virtuoso.ade.simulationMonitor] - NewPoint {"history": "Interactive.70", "point": 19, "testname": "DC", "cornername": "CMOS_RES_CAP_TEMP_17", "event": "NewPoint", "EventSource": "Simulation Monitor", "HistoryName": "Interactive.70", "logFile": "/home/saul/projects/IL2244_VT26_SAUL/logs_saul/logs0/Job106.log", "logFileSize": "25643"}
[2026-04-15 07:57:00.678 Z] [EVENT] [cadence.virtuoso.ade.simulationMonitor] - NewPoint {"history": "Interactive.70", "point": 19, "testname": "DC", "cornername": "CMOS_RES_CAP_TEMP_17", "event": "NewPoint", "EventSource": "spectre", "HistoryName": "Interactive.70", "logFile": "/home/saul/projects/IL2244_VT26_SAUL/Sim/FBIAS/fbias_gm_c_tb/maestro/results/maestro/Interactive.70/19/DC/psf/spectre.out", "logFileSize": "-1"}
[2026-04-15 07:57:00.681 Z] [PROCESS] [cadence.virtuoso.ade.simulationMonitor] - Simulator launched {"hostname": "edatools", "processid": 1900930, "history": "Interactive.70", "testname": "DC", "cornername": "CMOS_RES_CAP_TEMP_17", "point": 19, "logfile": "/home/saul/projects/IL2244_VT26_SAUL/logs_saul/logs0/Job106.log", "simid": "2"}
[2026-04-15 07:57:00.696 Z] [PROCESS] [cadence.virtuoso.ade.simulationMonitor] - Started Simulation {"hostname": "edatools", "processid": 1900930, "history": "Interactive.70", "testname": "DC", "cornername": "CMOS_RES_CAP_TEMP_17", "point": 19, "logfile": "/home/saul/projects/IL2244_VT26_SAUL/logs_saul/logs0/Job106.log", "event": "started", "task": "simulation"}
[2026-04-15 07:57:01.196 Z] [INFO] [cadence.virtuoso.ade.simulationMonitor] - Notice from spectre during circuit read-in.
    Pre_Configuration file used: /opt/tools/cadence/installs/SPECTRE241/tools.lnx86/spectre/etc/configs/preset.precfg
    Configuration file used: `/opt/tools/cadence/installs/SPECTRE241/tools.lnx86/spectre/etc/configs/preset.cfg'. {"history": "Interactive.70", "point": 19, "testname": "DC", "cornername": "CMOS_RES_CAP_TEMP_17"}
[2026-04-15 07:57:01.196 Z] [WARN] [cadence.virtuoso.ade.simulationMonitor] -     WARNING (SPECTRE-8360): line 1511: `ac' is an undefined primitive device. {"history": "Interactive.70", "point": 19, "testname": "DC", "cornername": "CMOS_RES_CAP_TEMP_17"}
[2026-04-15 07:57:01.196 Z] [WARN] [cadence.virtuoso.ade.simulationMonitor] -     WARNING (SPECTRE-8360): line 1512: `ac' is an undefined primitive device. {"history": "Interactive.70", "point": 19, "testname": "DC", "cornername": "CMOS_RES_CAP_TEMP_17"}
[2026-04-15 07:57:01.196 Z] [WARN] [cadence.virtuoso.ade.simulationMonitor] -     WARNING (SPECTRE-8360): line 1513: `ac' is an undefined primitive device. {"history": "Interactive.70", "point": 19, "testname": "DC", "cornername": "CMOS_RES_CAP_TEMP_17"}
[2026-04-15 07:57:01.196 Z] [WARN] [cadence.virtuoso.ade.simulationMonitor] -     WARNING (SPECTRE-8360): line 1514: `ac' is an undefined primitive device. {"history": "Interactive.70", "point": 19, "testname": "DC", "cornername": "CMOS_RES_CAP_TEMP_17"}
[2026-04-15 07:57:01.197 Z] [WARN] [cadence.virtuoso.ade.simulationMonitor] -     WARNING (SPECTRE-8360): line 1515: `ac' is an undefined primitive device.
        Further occurrences of this warning will be suppressed. {"history": "Interactive.70", "point": 19, "testname": "DC", "cornername": "CMOS_RES_CAP_TEMP_17"}
[2026-04-15 07:57:01.197 Z] [INFO] [cadence.virtuoso.ade.simulationMonitor] - Peak resident memory used = 173 Mbytes. {"history": "Interactive.70", "point": 19, "testname": "DC", "cornername": "CMOS_RES_CAP_TEMP_17"}
[2026-04-15 07:57:01.197 Z] [WARN] [cadence.virtuoso.ade.simulationMonitor] -     WARNING (VACOMP-2435): The environment variable CDS_AHDLCMI_ENABLE is no longer supported. Therefore, the simulator will use the default compiled C code flow. {"history": "Interactive.70", "point": 19, "testname": "DC", "cornername": "CMOS_RES_CAP_TEMP_17"}
[2026-04-15 07:57:01.197 Z] [WARN] [cadence.virtuoso.ade.simulationMonitor] -     WARNING (SFE-3031): The floating capacitor I0.R2.CS1 is removed. {"history": "Interactive.70", "point": 19, "testname": "DC", "cornername": "CMOS_RES_CAP_TEMP_17"}
[2026-04-15 07:57:01.197 Z] [INFO] [cadence.virtuoso.ade.simulationMonitor] - Peak resident memory used = 186 Mbytes. {"history": "Interactive.70", "point": 19, "testname": "DC", "cornername": "CMOS_RES_CAP_TEMP_17"}
[2026-04-15 07:57:01.197 Z] [INFO] [cadence.virtuoso.ade.simulationMonitor] - Notice from spectre during hierarchy flattening.
    The value 'psf' specified for the 'checklimitdest' option will no longer be supported in future releases. Use 'spectre -h' to see other recommended values for the 'checklimitdest' option. {"history": "Interactive.70", "point": 19, "testname": "DC", "cornername": "CMOS_RES_CAP_TEMP_17"}
[2026-04-15 07:57:01.197 Z] [INFO] [cadence.virtuoso.ade.simulationMonitor] - Peak resident memory used = 188 Mbytes. {"history": "Interactive.70", "point": 19, "testname": "DC", "cornername": "CMOS_RES_CAP_TEMP_17"}
[2026-04-15 07:57:01.197 Z] [WARN] [cadence.virtuoso.ade.simulationMonitor] -     WARNING (SPECTRE-17607): Assert `SOAC_rpolyh_vminuspsub' is ignored because it contains an expression which is invalid or not supported by native evaluator.  {"history": "Interactive.70", "point": 19, "testname": "DC", "cornername": "CMOS_RES_CAP_TEMP_17"}
[2026-04-15 07:57:01.197 Z] [WARN] [cadence.virtuoso.ade.simulationMonitor] -     WARNING (SPECTRE-17607): Assert `SOAC_rpolyh_vpluspsub' is ignored because it contains an expression which is invalid or not supported by native evaluator.  {"history": "Interactive.70", "point": 19, "testname": "DC", "cornername": "CMOS_RES_CAP_TEMP_17"}
[2026-04-15 07:57:01.197 Z] [WARN] [cadence.virtuoso.ade.simulationMonitor] -     WARNING (SPECTRE-16460): SOAC_cvarm_vspsub:Specified subcircuit master `cvarm' was not found. {"history": "Interactive.70", "point": 19, "testname": "DC", "cornername": "CMOS_RES_CAP_TEMP_17"}
[2026-04-15 07:57:01.197 Z] [WARN] [cadence.virtuoso.ade.simulationMonitor] -     WARNING (SPECTRE-16462): SOAC_cvarm_vspsub:Error in specification of subcircuit master. Assert is ignored. {"history": "Interactive.70", "point": 19, "testname": "DC", "cornername": "CMOS_RES_CAP_TEMP_17"}
[2026-04-15 07:57:01.197 Z] [WARN] [cadence.virtuoso.ade.simulationMonitor] -     WARNING (SPECTRE-16460): SOAC_cvarm_vbs:Specified subcircuit master `cvarm' was not found. {"history": "Interactive.70", "point": 19, "testname": "DC", "cornername": "CMOS_RES_CAP_TEMP_17"}
[2026-04-15 07:57:01.198 Z] [WARN] [cadence.virtuoso.ade.simulationMonitor] -     WARNING (SPECTRE-16462): SOAC_cvarm_vbs:Error in specification of subcircuit master. Assert is ignored. {"history": "Interactive.70", "point": 19, "testname": "DC", "cornername": "CMOS_RES_CAP_TEMP_17"}
[2026-04-15 07:57:01.198 Z] [WARN] [cadence.virtuoso.ade.simulationMonitor] -     WARNING (SPECTRE-16460): SOAC_cvarm_vgb:Specified subcircuit master `cvarm' was not found. {"history": "Interactive.70", "point": 19, "testname": "DC", "cornername": "CMOS_RES_CAP_TEMP_17"}
[2026-04-15 07:57:01.198 Z] [WARN] [cadence.virtuoso.ade.simulationMonitor] -     WARNING (SPECTRE-16462): SOAC_cvarm_vgb:Error in specification of subcircuit master. Assert is ignored. {"history": "Interactive.70", "point": 19, "testname": "DC", "cornername": "CMOS_RES_CAP_TEMP_17"}
[2026-04-15 07:57:01.198 Z] [WARN] [cadence.virtuoso.ade.simulationMonitor] -     WARNING (SPECTRE-16460): SOAC_cvart_vspsub:Specified subcircuit master `cvart' was not found. {"history": "Interactive.70", "point": 19, "testname": "DC", "cornername": "CMOS_RES_CAP_TEMP_17"}
[2026-04-15 07:57:01.198 Z] [WARN] [cadence.virtuoso.ade.simulationMonitor] -     WARNING (SPECTRE-16462): SOAC_cvart_vspsub:Error in specification of subcircuit master. Assert is ignored. {"history": "Interactive.70", "point": 19, "testname": "DC", "cornername": "CMOS_RES_CAP_TEMP_17"}
[2026-04-15 07:57:01.198 Z] [WARN] [cadence.virtuoso.ade.simulationMonitor] -     WARNING (SPECTRE-16460): SOAC_cvart_vbs:Specified subcircuit master `cvart' was not found.
        Further occurrences of this warning will be suppressed. {"history": "Interactive.70", "point": 19, "testname": "DC", "cornername": "CMOS_RES_CAP_TEMP_17"}
[2026-04-15 07:57:01.198 Z] [WARN] [cadence.virtuoso.ade.simulationMonitor] -     WARNING (SPECTRE-16462): SOAC_cvart_vbs:Error in specification of subcircuit master. Assert is ignored.
        Further occurrences of this warning will be suppressed. {"history": "Interactive.70", "point": 19, "testname": "DC", "cornername": "CMOS_RES_CAP_TEMP_17"}
[2026-04-15 07:57:01.198 Z] [WARN] [cadence.virtuoso.ade.simulationMonitor] -     WARNING (SPECTRE-17607): Assert `SOAC_modp_vbpsub' is ignored because it contains an expression which is invalid or not supported by native evaluator.  {"history": "Interactive.70", "point": 19, "testname": "DC", "cornername": "CMOS_RES_CAP_TEMP_17"}
[2026-04-15 07:57:01.198 Z] [WARN] [cadence.virtuoso.ade.simulationMonitor] -     WARNING (SPECTRE-17607): Assert `SOAC_modn_vbpsub' is ignored because it contains an expression which is invalid or not supported by native evaluator.  {"history": "Interactive.70", "point": 19, "testname": "DC", "cornername": "CMOS_RES_CAP_TEMP_17"}
[2026-04-15 07:57:01.698 Z] [INFO] [cadence.virtuoso.ade.simulationMonitor] - Notice from spectre during initial setup.
    Multithreading is disabled due to the size of the design being too small. {"history": "Interactive.70", "point": 19, "testname": "DC", "cornername": "CMOS_RES_CAP_TEMP_17"}
[2026-04-15 07:57:01.699 Z] [INFO] [cadence.virtuoso.ade.simulationMonitor] -               nodes 16 {"history": "Interactive.70", "point": 19, "testname": "DC", "cornername": "CMOS_RES_CAP_TEMP_17"}
[2026-04-15 07:57:01.699 Z] [INFO] [cadence.virtuoso.ade.simulationMonitor] - Notice from spectre during initial setup.
    Spectre X preset=cx enabled.
    72 warnings suppressed. {"history": "Interactive.70", "point": 19, "testname": "DC", "cornername": "CMOS_RES_CAP_TEMP_17"}
[2026-04-15 07:57:01.699 Z] [INFO] [cadence.virtuoso.ade.simulationMonitor] - Peak resident memory used = 196 Mbytes. {"history": "Interactive.70", "point": 19, "testname": "DC", "cornername": "CMOS_RES_CAP_TEMP_17"}
[2026-04-15 07:57:01.699 Z] [INFO] [cadence.virtuoso.ade.simulationMonitor] -    -   (Spectre X) Multi-threading. The recommended number of threads is 1, consider adding +mt=1 on command line. {"history": "Interactive.70", "point": 19, "testname": "DC", "cornername": "CMOS_RES_CAP_TEMP_17"}
[2026-04-15 07:57:01.699 Z] [INFO] [cadence.virtuoso.ade.simulationMonitor] - Notice from spectre during DC analysis `dcOp'.
    No checklimit analysis defined for asserts. A default checklimit analysis 'SpectreChecklimitAnal' has been created with all asserts enabled. {"history": "Interactive.70", "point": 19, "testname": "DC", "cornername": "CMOS_RES_CAP_TEMP_17"}
[2026-04-15 07:57:01.699 Z] [WARN] [cadence.virtuoso.ade.simulationMonitor] -     WARNING (CMI-2943): Parameter checks have been ignored because the valid value for parameter 'trise' could not be found in 'I0.R2.CM'. {"history": "Interactive.70", "point": 19, "testname": "DC", "cornername": "CMOS_RES_CAP_TEMP_17"}
[2026-04-15 07:57:01.699 Z] [WARN] [cadence.virtuoso.ade.simulationMonitor] -     WARNING (CMI-2943): Parameter checks have been ignored because the valid value for parameter 'trise' could not be found in 'I0.R2.CS0'. {"history": "Interactive.70", "point": 19, "testname": "DC", "cornername": "CMOS_RES_CAP_TEMP_17"}
[2026-04-15 07:57:01.699 Z] [WARN] [cadence.virtuoso.ade.simulationMonitor] -     WARNING (CMI-2943): Parameter checks have been ignored because the valid value for parameter 'trise' could not be found in 'R0'. {"history": "Interactive.70", "point": 19, "testname": "DC", "cornername": "CMOS_RES_CAP_TEMP_17"}
[2026-04-15 07:57:01.699 Z] [WARN] [cadence.virtuoso.ade.simulationMonitor] -     WARNING (CMI-2943): Parameter checks have been ignored because the valid value for parameter 'trise' could not be found in 'R1'. {"history": "Interactive.70", "point": 19, "testname": "DC", "cornername": "CMOS_RES_CAP_TEMP_17"}
[2026-04-15 07:57:01.699 Z] [INFO] [cadence.virtuoso.ade.simulationMonitor] - Total time required for dc analysis `dcOp': CPU = 32.706 ms, elapsed = 44.2588 ms, util. = 73.9%. {"history": "Interactive.70", "point": 19, "testname": "DC", "cornername": "CMOS_RES_CAP_TEMP_17"}
[2026-04-15 07:57:01.699 Z] [INFO] [cadence.virtuoso.ade.simulationMonitor] - Peak resident memory used = 203 Mbytes. {"history": "Interactive.70", "point": 19, "testname": "DC", "cornername": "CMOS_RES_CAP_TEMP_17"}
[2026-04-15 07:57:01.699 Z] [INFO] [cadence.virtuoso.ade.simulationMonitor] - Notice from spectre at VDD = 20e-03 during DC analysis `dc'.
    GminDC = 1 pS is large enough to noticeably affect the DC solution.
        dV(I0.net10) = -2.16385 mV
        Use the `gmin_check' option to eliminate or expand this report. {"history": "Interactive.70", "point": 19, "testname": "DC", "cornername": "CMOS_RES_CAP_TEMP_17"}
[2026-04-15 07:57:01.699 Z] [INFO] [cadence.virtuoso.ade.simulationMonitor] - Notice from spectre at VDD = 40e-03 during DC analysis `dc'.
    GminDC = 1 pS is large enough to noticeably affect the DC solution.
        dV(I0.net2) = -4.15322 mV
        Use the `gmin_check' option to eliminate or expand this report. {"history": "Interactive.70", "point": 19, "testname": "DC", "cornername": "CMOS_RES_CAP_TEMP_17"}
[2026-04-15 07:57:01.699 Z] [INFO] [cadence.virtuoso.ade.simulationMonitor] - Notice from spectre at VDD = 60e-03 during DC analysis `dc'.
    GminDC = 1 pS is large enough to noticeably affect the DC solution.
        dV(I0.net2) = -5.9865 mV
        Use the `gmin_check' option to eliminate or expand this report. {"history": "Interactive.70", "point": 19, "testname": "DC", "cornername": "CMOS_RES_CAP_TEMP_17"}
[2026-04-15 07:57:01.699 Z] [INFO] [cadence.virtuoso.ade.simulationMonitor] - Notice from spectre at VDD = 80e-03 during DC analysis `dc'.
    GminDC = 1 pS is large enough to noticeably affect the DC solution.
        dV(I0.net2) = -7.57244 mV
        Use the `gmin_check' option to eliminate or expand this report. {"history": "Interactive.70", "point": 19, "testname": "DC", "cornername": "CMOS_RES_CAP_TEMP_17"}
[2026-04-15 07:57:01.699 Z] [INFO] [cadence.virtuoso.ade.simulationMonitor] - Notice from spectre at VDD = 100e-03 during DC analysis `dc'.
    GminDC = 1 pS is large enough to noticeably affect the DC solution.
        Further occurrences of this notice will be suppressed.
        dV(I0.net2) = -8.85078 mV
        Further occurrences of this notice will be suppressed.
        Use the `gmin_check' option to eliminate or expand this report.
        Further occurrences of this notice will be suppressed. {"history": "Interactive.70", "point": 19, "testname": "DC", "cornername": "CMOS_RES_CAP_TEMP_17"}
[2026-04-15 07:57:01.699 Z] [WARN] [cadence.virtuoso.ade.simulationMonitor] -     WARNING (CMI-2943): Parameter checks have been ignored because the valid value for parameter 'trise' could not be found in 'I0.R2.CM'. {"history": "Interactive.70", "point": 19, "testname": "DC", "cornername": "CMOS_RES_CAP_TEMP_17"}
[2026-04-15 07:57:01.699 Z] [WARN] [cadence.virtuoso.ade.simulationMonitor] -     WARNING (CMI-2943): Parameter checks have been ignored because the valid value for parameter 'trise' could not be found in 'I0.R2.CS0'. {"history": "Interactive.70", "point": 19, "testname": "DC", "cornername": "CMOS_RES_CAP_TEMP_17"}
[2026-04-15 07:57:01.699 Z] [WARN] [cadence.virtuoso.ade.simulationMonitor] -     WARNING (CMI-2943): Parameter checks have been ignored because the valid value for parameter 'trise' could not be found in 'R0'. {"history": "Interactive.70", "point": 19, "testname": "DC", "cornername": "CMOS_RES_CAP_TEMP_17"}
[2026-04-15 07:57:01.700 Z] [WARN] [cadence.virtuoso.ade.simulationMonitor] -     WARNING (CMI-2943): Parameter checks have been ignored because the valid value for parameter 'trise' could not be found in 'R1'. {"history": "Interactive.70", "point": 19, "testname": "DC", "cornername": "CMOS_RES_CAP_TEMP_17"}
[2026-04-15 07:57:01.700 Z] [INFO] [cadence.virtuoso.ade.simulationMonitor] - Notice from spectre at VDD = 3.3 during DC analysis `dc'.
    The value of parameter 'VDD' has been reset to the original value 0. {"history": "Interactive.70", "point": 19, "testname": "DC", "cornername": "CMOS_RES_CAP_TEMP_17"}
[2026-04-15 07:57:01.700 Z] [INFO] [cadence.virtuoso.ade.simulationMonitor] - Total time required for dc analysis `dc': CPU = 21.407 ms, elapsed = 24.6079 ms, util. = 87%. {"history": "Interactive.70", "point": 19, "testname": "DC", "cornername": "CMOS_RES_CAP_TEMP_17"}
[2026-04-15 07:57:01.700 Z] [INFO] [cadence.virtuoso.ade.simulationMonitor] - Peak resident memory used = 203 Mbytes. {"history": "Interactive.70", "point": 19, "testname": "DC", "cornername": "CMOS_RES_CAP_TEMP_17"}
[2026-04-15 07:57:01.700 Z] [INFO] [cadence.virtuoso.ade.simulationMonitor] - Notice from spectre.
    160 notices suppressed. {"history": "Interactive.70", "point": 19, "testname": "DC", "cornername": "CMOS_RES_CAP_TEMP_17"}
[2026-04-15 07:57:01.700 Z] [WARN] [cadence.virtuoso.ade.simulationMonitor] -     WARNING (CMI-2943): Parameter checks have been ignored because the valid value for parameter 'trise' could not be found in 'I0.R2.CM'. {"history": "Interactive.70", "point": 19, "testname": "DC", "cornername": "CMOS_RES_CAP_TEMP_17"}
[2026-04-15 07:57:01.700 Z] [WARN] [cadence.virtuoso.ade.simulationMonitor] -     WARNING (CMI-2943): Parameter checks have been ignored because the valid value for parameter 'trise' could not be found in 'I0.R2.CS0'. {"history": "Interactive.70", "point": 19, "testname": "DC", "cornername": "CMOS_RES_CAP_TEMP_17"}
[2026-04-15 07:57:01.700 Z] [WARN] [cadence.virtuoso.ade.simulationMonitor] -     WARNING (CMI-2943): Parameter checks have been ignored because the valid value for parameter 'trise' could not be found in 'R0'. {"history": "Interactive.70", "point": 19, "testname": "DC", "cornername": "CMOS_RES_CAP_TEMP_17"}
[2026-04-15 07:57:01.700 Z] [WARN] [cadence.virtuoso.ade.simulationMonitor] -     WARNING (CMI-2943): Parameter checks have been ignored because the valid value for parameter 'trise' could not be found in 'R1'. {"history": "Interactive.70", "point": 19, "testname": "DC", "cornername": "CMOS_RES_CAP_TEMP_17"}
[2026-04-15 07:57:01.700 Z] [INFO] [cadence.virtuoso.ade.simulationMonitor] - Notice from spectre during transient analysis `tran'.
    Multithreading is disabled due to the size of the design being too small. {"history": "Interactive.70", "point": 19, "testname": "DC", "cornername": "CMOS_RES_CAP_TEMP_17"}
[2026-04-15 07:57:01.700 Z] [INFO] [cadence.virtuoso.ade.simulationMonitor] - Total time required for tran analysis `tran': CPU = 10.618 ms, elapsed = 12.9311 ms, util. = 82.1%. {"history": "Interactive.70", "point": 19, "testname": "DC", "cornername": "CMOS_RES_CAP_TEMP_17"}
[2026-04-15 07:57:01.700 Z] [INFO] [cadence.virtuoso.ade.simulationMonitor] - Peak resident memory used = 205 Mbytes. {"history": "Interactive.70", "point": 19, "testname": "DC", "cornername": "CMOS_RES_CAP_TEMP_17"}
[2026-04-15 07:57:01.700 Z] [INFO] [cadence.virtuoso.ade.simulationMonitor] - Time used: CPU = 232 ms, elapsed = 506 ms, util. = 45.8%. {"history": "Interactive.70", "point": 19, "testname": "DC", "cornername": "CMOS_RES_CAP_TEMP_17"}
[2026-04-15 07:57:01.700 Z] [INFO] [cadence.virtuoso.ade.simulationMonitor] - Time spent in licensing: elapsed = 37.7 ms, percentage of total = 7.46%. {"history": "Interactive.70", "point": 19, "testname": "DC", "cornername": "CMOS_RES_CAP_TEMP_17"}
[2026-04-15 07:57:01.700 Z] [INFO] [cadence.virtuoso.ade.simulationMonitor] - Peak memory used = 205 Mbytes. {"history": "Interactive.70", "point": 19, "testname": "DC", "cornername": "CMOS_RES_CAP_TEMP_17"}
[2026-04-15 07:57:01.700 Z] [PROCESS] [cadence.virtuoso.ade.simulationMonitor] - Simulation started at: 7:57:00 AM, Wed Apr 15, 2026, ended at: 7:57:01 AM, Wed Apr 15, 2026, with elapsed time (wall clock): 506 ms. {"history": "Interactive.70", "point": 19, "testname": "DC", "cornername": "CMOS_RES_CAP_TEMP_17"}
[2026-04-15 07:57:01.700 Z] [PROCESS] [cadence.virtuoso.ade.simulationMonitor] - spectre completes with 0 errors, 33 warnings, and 17 notices. {"history": "Interactive.70", "point": 19, "testname": "DC", "cornername": "CMOS_RES_CAP_TEMP_17"}
[2026-04-15 07:57:01.700 Z] [PROCESS] [cadence.virtuoso.ade.simulationMonitor] - Finished simulating for one point {"hostname": "edatools", "processid": 1900930, "history": "Interactive.70", "testname": "DC", "cornername": "CMOS_RES_CAP_TEMP_17", "point": 19, "logfile": "/home/saul/projects/IL2244_VT26_SAUL/logs_saul/logs0/Job106.log", "simid": "2"}
[2026-04-15 07:57:01.701 Z] [PROCESS] [cadence.virtuoso.ade.simulationMonitor] - Simulator exited {"hostname": "edatools", "processid": 1900930, "history": "Interactive.70", "testname": "DC", "cornername": "CMOS_RES_CAP_TEMP_17", "point": 19, "logfile": "/home/saul/projects/IL2244_VT26_SAUL/logs_saul/logs0/Job106.log", "exitStatus": "0"}
[2026-04-15 07:57:01.701 Z] [PROCESS] [cadence.virtuoso.ade.simulationMonitor] - Finished Simulation {"hostname": "edatools", "processid": 1900930, "history": "Interactive.70", "testname": "DC", "cornername": "CMOS_RES_CAP_TEMP_17", "point": 19, "logfile": "/home/saul/projects/IL2244_VT26_SAUL/logs_saul/logs0/Job106.log", "simid": "2"}
[2026-04-15 07:57:02.705 Z] [PROCESS] [cadence.virtuoso.ade.simulationMonitor] - Point Finished {"hostname": "edatools", "processid": 1900930, "history": "Interactive.70", "testname": "DC", "cornername": "CMOS_RES_CAP_TEMP_17", "point": 19, "logfile": "/home/saul/projects/IL2244_VT26_SAUL/logs_saul/logs0/Job106.log"}
[2026-04-15 07:57:02.706 Z] [PROCESS] [cadence.virtuoso.ade.simulationMonitor] - HostInfo:
Host name (type):	edatools (x86_64)
Operating system:	Linux 6.17.0-20-generic #20~24.04.1-Ubuntu SMP PREEMPT_DYNAMIC Thu Mar 19 01:28:37 UTC 2 {"hostname": "edatools", "processid": 1900930, "history": "Interactive.70", "testname": "DC", "cornername": "CMOS_RES_CAP_TEMP_17", "point": 19, "logfile": "/home/saul/projects/IL2244_VT26_SAUL/logs_saul/logs0/Job106.log", "nodename": "edatools", "domainname": "(none)", "machine": "x86_64", "sysname": "Linux", "release": "6.17.0-20-generic", "version": "#20~24.04.1-Ubuntu SMP PREEMPT_DYNAMIC Thu Mar 19 01:28:37 UTC 2"}
[2026-04-15 07:57:02.706 Z] [PROCESS] [cadence.virtuoso.ade.simulationMonitor] - UsageInfo:
pid=1900930
totalPhysicalMemory=62.544991GB,Used=35.306496GB,totalVirtualMemory=70.544987GB,Used=35.306496GB
Cpu: Cores=16, Load average:1.540000,1.850000,2.330000 {"hostname": "edatools", "processid": 1900930, "history": "Interactive.70", "testname": "DC", "cornername": "CMOS_RES_CAP_TEMP_17", "point": 19, "logfile": "/home/saul/projects/IL2244_VT26_SAUL/logs_saul/logs0/Job106.log", "pid": "1900930", "totalPhysicalMemory": "62.544991", "physicalMemoryUsed": "35.306496", "totalVirtualMemory": "70.544987", "virtualMemoryUsed": "35.306496", "cpuCores": "16", "processes": "2061", "loadAverage1": "1.540000", "loadAverage5": "1.850000", "loadAverage15": "2.330000", "loadAverage1Percent": "0.096250"}
[2026-04-15 07:57:02.706 Z] [EVENT] [cadence.virtuoso.ade.simulationMonitor] - NewPoint {"history": "Interactive.70", "point": 25, "testname": "DC", "cornername": "CMOS_RES_CAP_TEMP_23", "event": "NewPoint", "EventSource": "Simulation Monitor", "HistoryName": "Interactive.70", "logFile": "/home/saul/projects/IL2244_VT26_SAUL/logs_saul/logs0/Job106.log", "logFileSize": "48915"}
[2026-04-15 07:57:02.807 Z] [EVENT] [cadence.virtuoso.ade.simulationMonitor] - NewPoint {"history": "Interactive.70", "point": 25, "testname": "DC", "cornername": "CMOS_RES_CAP_TEMP_23", "event": "NewPoint", "EventSource": "spectre", "HistoryName": "Interactive.70", "logFile": "/home/saul/projects/IL2244_VT26_SAUL/Sim/FBIAS/fbias_gm_c_tb/maestro/results/maestro/Interactive.70/25/DC/psf/spectre.out", "logFileSize": "-1"}
[2026-04-15 07:57:02.810 Z] [PROCESS] [cadence.virtuoso.ade.simulationMonitor] - Simulator launched {"hostname": "edatools", "processid": 1900930, "history": "Interactive.70", "testname": "DC", "cornername": "CMOS_RES_CAP_TEMP_23", "point": 25, "logfile": "/home/saul/projects/IL2244_VT26_SAUL/logs_saul/logs0/Job106.log", "simid": "3"}
[2026-04-15 07:57:02.825 Z] [PROCESS] [cadence.virtuoso.ade.simulationMonitor] - Started Simulation {"hostname": "edatools", "processid": 1900930, "history": "Interactive.70", "testname": "DC", "cornername": "CMOS_RES_CAP_TEMP_23", "point": 25, "logfile": "/home/saul/projects/IL2244_VT26_SAUL/logs_saul/logs0/Job106.log", "event": "started", "task": "simulation"}
[2026-04-15 07:57:03.326 Z] [INFO] [cadence.virtuoso.ade.simulationMonitor] - Notice from spectre during circuit read-in.
    Pre_Configuration file used: /opt/tools/cadence/installs/SPECTRE241/tools.lnx86/spectre/etc/configs/preset.precfg
    Configuration file used: `/opt/tools/cadence/installs/SPECTRE241/tools.lnx86/spectre/etc/configs/preset.cfg'. {"history": "Interactive.70", "point": 25, "testname": "DC", "cornername": "CMOS_RES_CAP_TEMP_23"}
[2026-04-15 07:57:03.326 Z] [WARN] [cadence.virtuoso.ade.simulationMonitor] -     WARNING (SPECTRE-8360): line 1511: `ac' is an undefined primitive device. {"history": "Interactive.70", "point": 25, "testname": "DC", "cornername": "CMOS_RES_CAP_TEMP_23"}
[2026-04-15 07:57:03.326 Z] [WARN] [cadence.virtuoso.ade.simulationMonitor] -     WARNING (SPECTRE-8360): line 1512: `ac' is an undefined primitive device. {"history": "Interactive.70", "point": 25, "testname": "DC", "cornername": "CMOS_RES_CAP_TEMP_23"}
[2026-04-15 07:57:03.326 Z] [WARN] [cadence.virtuoso.ade.simulationMonitor] -     WARNING (SPECTRE-8360): line 1513: `ac' is an undefined primitive device. {"history": "Interactive.70", "point": 25, "testname": "DC", "cornername": "CMOS_RES_CAP_TEMP_23"}
[2026-04-15 07:57:03.326 Z] [WARN] [cadence.virtuoso.ade.simulationMonitor] -     WARNING (SPECTRE-8360): line 1514: `ac' is an undefined primitive device. {"history": "Interactive.70", "point": 25, "testname": "DC", "cornername": "CMOS_RES_CAP_TEMP_23"}
[2026-04-15 07:57:03.326 Z] [WARN] [cadence.virtuoso.ade.simulationMonitor] -     WARNING (SPECTRE-8360): line 1515: `ac' is an undefined primitive device.
        Further occurrences of this warning will be suppressed. {"history": "Interactive.70", "point": 25, "testname": "DC", "cornername": "CMOS_RES_CAP_TEMP_23"}
[2026-04-15 07:57:03.326 Z] [INFO] [cadence.virtuoso.ade.simulationMonitor] - Peak resident memory used = 173 Mbytes. {"history": "Interactive.70", "point": 25, "testname": "DC", "cornername": "CMOS_RES_CAP_TEMP_23"}
[2026-04-15 07:57:03.326 Z] [WARN] [cadence.virtuoso.ade.simulationMonitor] -     WARNING (VACOMP-2435): The environment variable CDS_AHDLCMI_ENABLE is no longer supported. Therefore, the simulator will use the default compiled C code flow. {"history": "Interactive.70", "point": 25, "testname": "DC", "cornername": "CMOS_RES_CAP_TEMP_23"}
[2026-04-15 07:57:03.326 Z] [WARN] [cadence.virtuoso.ade.simulationMonitor] -     WARNING (SFE-3031): The floating capacitor I0.R2.CS1 is removed. {"history": "Interactive.70", "point": 25, "testname": "DC", "cornername": "CMOS_RES_CAP_TEMP_23"}
[2026-04-15 07:57:03.326 Z] [INFO] [cadence.virtuoso.ade.simulationMonitor] - Peak resident memory used = 186 Mbytes. {"history": "Interactive.70", "point": 25, "testname": "DC", "cornername": "CMOS_RES_CAP_TEMP_23"}
[2026-04-15 07:57:03.326 Z] [INFO] [cadence.virtuoso.ade.simulationMonitor] - Notice from spectre during hierarchy flattening.
    The value 'psf' specified for the 'checklimitdest' option will no longer be supported in future releases. Use 'spectre -h' to see other recommended values for the 'checklimitdest' option. {"history": "Interactive.70", "point": 25, "testname": "DC", "cornername": "CMOS_RES_CAP_TEMP_23"}
[2026-04-15 07:57:03.327 Z] [INFO] [cadence.virtuoso.ade.simulationMonitor] - Peak resident memory used = 188 Mbytes. {"history": "Interactive.70", "point": 25, "testname": "DC", "cornername": "CMOS_RES_CAP_TEMP_23"}
[2026-04-15 07:57:03.327 Z] [WARN] [cadence.virtuoso.ade.simulationMonitor] -     WARNING (SPECTRE-17607): Assert `SOAC_rpolyh_vminuspsub' is ignored because it contains an expression which is invalid or not supported by native evaluator.  {"history": "Interactive.70", "point": 25, "testname": "DC", "cornername": "CMOS_RES_CAP_TEMP_23"}
[2026-04-15 07:57:03.327 Z] [WARN] [cadence.virtuoso.ade.simulationMonitor] -     WARNING (SPECTRE-17607): Assert `SOAC_rpolyh_vpluspsub' is ignored because it contains an expression which is invalid or not supported by native evaluator.  {"history": "Interactive.70", "point": 25, "testname": "DC", "cornername": "CMOS_RES_CAP_TEMP_23"}
[2026-04-15 07:57:03.327 Z] [WARN] [cadence.virtuoso.ade.simulationMonitor] -     WARNING (SPECTRE-16460): SOAC_cvarm_vspsub:Specified subcircuit master `cvarm' was not found. {"history": "Interactive.70", "point": 25, "testname": "DC", "cornername": "CMOS_RES_CAP_TEMP_23"}
[2026-04-15 07:57:03.327 Z] [WARN] [cadence.virtuoso.ade.simulationMonitor] -     WARNING (SPECTRE-16462): SOAC_cvarm_vspsub:Error in specification of subcircuit master. Assert is ignored. {"history": "Interactive.70", "point": 25, "testname": "DC", "cornername": "CMOS_RES_CAP_TEMP_23"}
[2026-04-15 07:57:03.327 Z] [WARN] [cadence.virtuoso.ade.simulationMonitor] -     WARNING (SPECTRE-16460): SOAC_cvarm_vbs:Specified subcircuit master `cvarm' was not found. {"history": "Interactive.70", "point": 25, "testname": "DC", "cornername": "CMOS_RES_CAP_TEMP_23"}
[2026-04-15 07:57:03.327 Z] [WARN] [cadence.virtuoso.ade.simulationMonitor] -     WARNING (SPECTRE-16462): SOAC_cvarm_vbs:Error in specification of subcircuit master. Assert is ignored. {"history": "Interactive.70", "point": 25, "testname": "DC", "cornername": "CMOS_RES_CAP_TEMP_23"}
[2026-04-15 07:57:03.327 Z] [WARN] [cadence.virtuoso.ade.simulationMonitor] -     WARNING (SPECTRE-16460): SOAC_cvarm_vgb:Specified subcircuit master `cvarm' was not found. {"history": "Interactive.70", "point": 25, "testname": "DC", "cornername": "CMOS_RES_CAP_TEMP_23"}
[2026-04-15 07:57:03.327 Z] [WARN] [cadence.virtuoso.ade.simulationMonitor] -     WARNING (SPECTRE-16462): SOAC_cvarm_vgb:Error in specification of subcircuit master. Assert is ignored. {"history": "Interactive.70", "point": 25, "testname": "DC", "cornername": "CMOS_RES_CAP_TEMP_23"}
[2026-04-15 07:57:03.327 Z] [WARN] [cadence.virtuoso.ade.simulationMonitor] -     WARNING (SPECTRE-16460): SOAC_cvart_vspsub:Specified subcircuit master `cvart' was not found. {"history": "Interactive.70", "point": 25, "testname": "DC", "cornername": "CMOS_RES_CAP_TEMP_23"}
[2026-04-15 07:57:03.327 Z] [WARN] [cadence.virtuoso.ade.simulationMonitor] -     WARNING (SPECTRE-16462): SOAC_cvart_vspsub:Error in specification of subcircuit master. Assert is ignored. {"history": "Interactive.70", "point": 25, "testname": "DC", "cornername": "CMOS_RES_CAP_TEMP_23"}
[2026-04-15 07:57:03.327 Z] [WARN] [cadence.virtuoso.ade.simulationMonitor] -     WARNING (SPECTRE-16460): SOAC_cvart_vbs:Specified subcircuit master `cvart' was not found.
        Further occurrences of this warning will be suppressed. {"history": "Interactive.70", "point": 25, "testname": "DC", "cornername": "CMOS_RES_CAP_TEMP_23"}
[2026-04-15 07:57:03.327 Z] [WARN] [cadence.virtuoso.ade.simulationMonitor] -     WARNING (SPECTRE-16462): SOAC_cvart_vbs:Error in specification of subcircuit master. Assert is ignored.
        Further occurrences of this warning will be suppressed. {"history": "Interactive.70", "point": 25, "testname": "DC", "cornername": "CMOS_RES_CAP_TEMP_23"}
[2026-04-15 07:57:03.327 Z] [WARN] [cadence.virtuoso.ade.simulationMonitor] -     WARNING (SPECTRE-17607): Assert `SOAC_modp_vbpsub' is ignored because it contains an expression which is invalid or not supported by native evaluator.  {"history": "Interactive.70", "point": 25, "testname": "DC", "cornername": "CMOS_RES_CAP_TEMP_23"}
[2026-04-15 07:57:03.327 Z] [WARN] [cadence.virtuoso.ade.simulationMonitor] -     WARNING (SPECTRE-17607): Assert `SOAC_modn_vbpsub' is ignored because it contains an expression which is invalid or not supported by native evaluator.  {"history": "Interactive.70", "point": 25, "testname": "DC", "cornername": "CMOS_RES_CAP_TEMP_23"}
[2026-04-15 07:57:03.828 Z] [INFO] [cadence.virtuoso.ade.simulationMonitor] - Notice from spectre during initial setup.
    Multithreading is disabled due to the size of the design being too small. {"history": "Interactive.70", "point": 25, "testname": "DC", "cornername": "CMOS_RES_CAP_TEMP_23"}
[2026-04-15 07:57:03.828 Z] [INFO] [cadence.virtuoso.ade.simulationMonitor] -               nodes 16 {"history": "Interactive.70", "point": 25, "testname": "DC", "cornername": "CMOS_RES_CAP_TEMP_23"}
[2026-04-15 07:57:03.828 Z] [INFO] [cadence.virtuoso.ade.simulationMonitor] - Notice from spectre during initial setup.
    Spectre X preset=cx enabled.
    72 warnings suppressed. {"history": "Interactive.70", "point": 25, "testname": "DC", "cornername": "CMOS_RES_CAP_TEMP_23"}
[2026-04-15 07:57:03.829 Z] [INFO] [cadence.virtuoso.ade.simulationMonitor] - Peak resident memory used = 196 Mbytes. {"history": "Interactive.70", "point": 25, "testname": "DC", "cornername": "CMOS_RES_CAP_TEMP_23"}
[2026-04-15 07:57:03.829 Z] [INFO] [cadence.virtuoso.ade.simulationMonitor] -    -   (Spectre X) Multi-threading. The recommended number of threads is 1, consider adding +mt=1 on command line. {"history": "Interactive.70", "point": 25, "testname": "DC", "cornername": "CMOS_RES_CAP_TEMP_23"}
[2026-04-15 07:57:03.829 Z] [INFO] [cadence.virtuoso.ade.simulationMonitor] - Notice from spectre during DC analysis `dcOp'.
    No checklimit analysis defined for asserts. A default checklimit analysis 'SpectreChecklimitAnal' has been created with all asserts enabled. {"history": "Interactive.70", "point": 25, "testname": "DC", "cornername": "CMOS_RES_CAP_TEMP_23"}
[2026-04-15 07:57:03.829 Z] [WARN] [cadence.virtuoso.ade.simulationMonitor] -     WARNING (CMI-2943): Parameter checks have been ignored because the valid value for parameter 'trise' could not be found in 'I0.R2.CM'. {"history": "Interactive.70", "point": 25, "testname": "DC", "cornername": "CMOS_RES_CAP_TEMP_23"}
[2026-04-15 07:57:03.829 Z] [WARN] [cadence.virtuoso.ade.simulationMonitor] -     WARNING (CMI-2943): Parameter checks have been ignored because the valid value for parameter 'trise' could not be found in 'I0.R2.CS0'. {"history": "Interactive.70", "point": 25, "testname": "DC", "cornername": "CMOS_RES_CAP_TEMP_23"}
[2026-04-15 07:57:03.829 Z] [WARN] [cadence.virtuoso.ade.simulationMonitor] -     WARNING (CMI-2943): Parameter checks have been ignored because the valid value for parameter 'trise' could not be found in 'R0'. {"history": "Interactive.70", "point": 25, "testname": "DC", "cornername": "CMOS_RES_CAP_TEMP_23"}
[2026-04-15 07:57:03.829 Z] [WARN] [cadence.virtuoso.ade.simulationMonitor] -     WARNING (CMI-2943): Parameter checks have been ignored because the valid value for parameter 'trise' could not be found in 'R1'. {"history": "Interactive.70", "point": 25, "testname": "DC", "cornername": "CMOS_RES_CAP_TEMP_23"}
[2026-04-15 07:57:03.829 Z] [INFO] [cadence.virtuoso.ade.simulationMonitor] - Total time required for dc analysis `dcOp': CPU = 33.429 ms, elapsed = 42.8371 ms, util. = 78%. {"history": "Interactive.70", "point": 25, "testname": "DC", "cornername": "CMOS_RES_CAP_TEMP_23"}
[2026-04-15 07:57:03.829 Z] [INFO] [cadence.virtuoso.ade.simulationMonitor] - Peak resident memory used = 203 Mbytes. {"history": "Interactive.70", "point": 25, "testname": "DC", "cornername": "CMOS_RES_CAP_TEMP_23"}
[2026-04-15 07:57:03.829 Z] [INFO] [cadence.virtuoso.ade.simulationMonitor] - Notice from spectre at VDD = 20e-03 during DC analysis `dc'.
    GminDC = 1 pS is large enough to noticeably affect the DC solution.
        dV(I0.net2) = -161.187 uV
        Use the `gmin_check' option to eliminate or expand this report. {"history": "Interactive.70", "point": 25, "testname": "DC", "cornername": "CMOS_RES_CAP_TEMP_23"}
[2026-04-15 07:57:03.830 Z] [INFO] [cadence.virtuoso.ade.simulationMonitor] - Notice from spectre at VDD = 40e-03 during DC analysis `dc'.
    GminDC = 1 pS is large enough to noticeably affect the DC solution.
        dV(I0.net2) = -294.067 uV
        Use the `gmin_check' option to eliminate or expand this report. {"history": "Interactive.70", "point": 25, "testname": "DC", "cornername": "CMOS_RES_CAP_TEMP_23"}
[2026-04-15 07:57:03.830 Z] [INFO] [cadence.virtuoso.ade.simulationMonitor] - Notice from spectre at VDD = 60e-03 during DC analysis `dc'.
    GminDC = 1 pS is large enough to noticeably affect the DC solution.
        dV(I0.net2) = -411.535 uV
        Use the `gmin_check' option to eliminate or expand this report. {"history": "Interactive.70", "point": 25, "testname": "DC", "cornername": "CMOS_RES_CAP_TEMP_23"}
[2026-04-15 07:57:03.830 Z] [INFO] [cadence.virtuoso.ade.simulationMonitor] - Notice from spectre at VDD = 80e-03 during DC analysis `dc'.
    GminDC = 1 pS is large enough to noticeably affect the DC solution.
        dV(I0.A) = 514.998 uV
        Use the `gmin_check' option to eliminate or expand this report. {"history": "Interactive.70", "point": 25, "testname": "DC", "cornername": "CMOS_RES_CAP_TEMP_23"}
[2026-04-15 07:57:03.830 Z] [INFO] [cadence.virtuoso.ade.simulationMonitor] - Notice from spectre at VDD = 100e-03 during DC analysis `dc'.
    GminDC = 1 pS is large enough to noticeably affect the DC solution.
        Further occurrences of this notice will be suppressed.
        dV(I0.A) = 660.501 uV
        Further occurrences of this notice will be suppressed.
        Use the `gmin_check' option to eliminate or expand this report.
        Further occurrences of this notice will be suppressed. {"history": "Interactive.70", "point": 25, "testname": "DC", "cornername": "CMOS_RES_CAP_TEMP_23"}
[2026-04-15 07:57:03.830 Z] [WARN] [cadence.virtuoso.ade.simulationMonitor] -     WARNING (CMI-2943): Parameter checks have been ignored because the valid value for parameter 'trise' could not be found in 'I0.R2.CM'. {"history": "Interactive.70", "point": 25, "testname": "DC", "cornername": "CMOS_RES_CAP_TEMP_23"}
[2026-04-15 07:57:03.830 Z] [WARN] [cadence.virtuoso.ade.simulationMonitor] -     WARNING (CMI-2943): Parameter checks have been ignored because the valid value for parameter 'trise' could not be found in 'I0.R2.CS0'. {"history": "Interactive.70", "point": 25, "testname": "DC", "cornername": "CMOS_RES_CAP_TEMP_23"}
[2026-04-15 07:57:03.830 Z] [WARN] [cadence.virtuoso.ade.simulationMonitor] -     WARNING (CMI-2943): Parameter checks have been ignored because the valid value for parameter 'trise' could not be found in 'R0'. {"history": "Interactive.70", "point": 25, "testname": "DC", "cornername": "CMOS_RES_CAP_TEMP_23"}
[2026-04-15 07:57:03.830 Z] [WARN] [cadence.virtuoso.ade.simulationMonitor] -     WARNING (CMI-2943): Parameter checks have been ignored because the valid value for parameter 'trise' could not be found in 'R1'. {"history": "Interactive.70", "point": 25, "testname": "DC", "cornername": "CMOS_RES_CAP_TEMP_23"}
[2026-04-15 07:57:03.830 Z] [INFO] [cadence.virtuoso.ade.simulationMonitor] - Notice from spectre at VDD = 3.3 during DC analysis `dc'.
    The value of parameter 'VDD' has been reset to the original value 0. {"history": "Interactive.70", "point": 25, "testname": "DC", "cornername": "CMOS_RES_CAP_TEMP_23"}
[2026-04-15 07:57:03.830 Z] [INFO] [cadence.virtuoso.ade.simulationMonitor] - Total time required for dc analysis `dc': CPU = 21.738 ms, elapsed = 25.413 ms, util. = 85.5%. {"history": "Interactive.70", "point": 25, "testname": "DC", "cornername": "CMOS_RES_CAP_TEMP_23"}
[2026-04-15 07:57:03.830 Z] [INFO] [cadence.virtuoso.ade.simulationMonitor] - Peak resident memory used = 203 Mbytes. {"history": "Interactive.70", "point": 25, "testname": "DC", "cornername": "CMOS_RES_CAP_TEMP_23"}
[2026-04-15 07:57:03.830 Z] [INFO] [cadence.virtuoso.ade.simulationMonitor] - Notice from spectre.
    144 notices suppressed. {"history": "Interactive.70", "point": 25, "testname": "DC", "cornername": "CMOS_RES_CAP_TEMP_23"}
[2026-04-15 07:57:03.830 Z] [WARN] [cadence.virtuoso.ade.simulationMonitor] -     WARNING (CMI-2943): Parameter checks have been ignored because the valid value for parameter 'trise' could not be found in 'I0.R2.CM'. {"history": "Interactive.70", "point": 25, "testname": "DC", "cornername": "CMOS_RES_CAP_TEMP_23"}
[2026-04-15 07:57:03.830 Z] [WARN] [cadence.virtuoso.ade.simulationMonitor] -     WARNING (CMI-2943): Parameter checks have been ignored because the valid value for parameter 'trise' could not be found in 'I0.R2.CS0'. {"history": "Interactive.70", "point": 25, "testname": "DC", "cornername": "CMOS_RES_CAP_TEMP_23"}
[2026-04-15 07:57:03.830 Z] [WARN] [cadence.virtuoso.ade.simulationMonitor] -     WARNING (CMI-2943): Parameter checks have been ignored because the valid value for parameter 'trise' could not be found in 'R0'. {"history": "Interactive.70", "point": 25, "testname": "DC", "cornername": "CMOS_RES_CAP_TEMP_23"}
[2026-04-15 07:57:03.830 Z] [WARN] [cadence.virtuoso.ade.simulationMonitor] -     WARNING (CMI-2943): Parameter checks have been ignored because the valid value for parameter 'trise' could not be found in 'R1'. {"history": "Interactive.70", "point": 25, "testname": "DC", "cornername": "CMOS_RES_CAP_TEMP_23"}
[2026-04-15 07:57:03.830 Z] [INFO] [cadence.virtuoso.ade.simulationMonitor] - Notice from spectre during transient analysis `tran'.
    Multithreading is disabled due to the size of the design being too small. {"history": "Interactive.70", "point": 25, "testname": "DC", "cornername": "CMOS_RES_CAP_TEMP_23"}
[2026-04-15 07:57:03.830 Z] [INFO] [cadence.virtuoso.ade.simulationMonitor] - Total time required for tran analysis `tran': CPU = 9.485 ms, elapsed = 11.471 ms, util. = 82.7%. {"history": "Interactive.70", "point": 25, "testname": "DC", "cornername": "CMOS_RES_CAP_TEMP_23"}
[2026-04-15 07:57:03.830 Z] [INFO] [cadence.virtuoso.ade.simulationMonitor] - Peak resident memory used = 205 Mbytes. {"history": "Interactive.70", "point": 25, "testname": "DC", "cornername": "CMOS_RES_CAP_TEMP_23"}
[2026-04-15 07:57:03.830 Z] [INFO] [cadence.virtuoso.ade.simulationMonitor] - Time used: CPU = 236 ms, elapsed = 490 ms, util. = 48.2%. {"history": "Interactive.70", "point": 25, "testname": "DC", "cornername": "CMOS_RES_CAP_TEMP_23"}
[2026-04-15 07:57:03.831 Z] [INFO] [cadence.virtuoso.ade.simulationMonitor] - Time spent in licensing: elapsed = 37.4 ms, percentage of total = 7.64%. {"history": "Interactive.70", "point": 25, "testname": "DC", "cornername": "CMOS_RES_CAP_TEMP_23"}
[2026-04-15 07:57:03.831 Z] [INFO] [cadence.virtuoso.ade.simulationMonitor] - Peak memory used = 205 Mbytes. {"history": "Interactive.70", "point": 25, "testname": "DC", "cornername": "CMOS_RES_CAP_TEMP_23"}
[2026-04-15 07:57:03.831 Z] [PROCESS] [cadence.virtuoso.ade.simulationMonitor] - Simulation started at: 7:57:02 AM, Wed Apr 15, 2026, ended at: 7:57:03 AM, Wed Apr 15, 2026, with elapsed time (wall clock): 490 ms. {"history": "Interactive.70", "point": 25, "testname": "DC", "cornername": "CMOS_RES_CAP_TEMP_23"}
[2026-04-15 07:57:03.831 Z] [PROCESS] [cadence.virtuoso.ade.simulationMonitor] - spectre completes with 0 errors, 33 warnings, and 17 notices. {"history": "Interactive.70", "point": 25, "testname": "DC", "cornername": "CMOS_RES_CAP_TEMP_23"}
[2026-04-15 07:57:03.831 Z] [PROCESS] [cadence.virtuoso.ade.simulationMonitor] - Finished simulating for one point {"hostname": "edatools", "processid": 1900930, "history": "Interactive.70", "testname": "DC", "cornername": "CMOS_RES_CAP_TEMP_23", "point": 25, "logfile": "/home/saul/projects/IL2244_VT26_SAUL/logs_saul/logs0/Job106.log", "simid": "3"}
[2026-04-15 07:57:03.831 Z] [PROCESS] [cadence.virtuoso.ade.simulationMonitor] - Simulator exited {"hostname": "edatools", "processid": 1900930, "history": "Interactive.70", "testname": "DC", "cornername": "CMOS_RES_CAP_TEMP_23", "point": 25, "logfile": "/home/saul/projects/IL2244_VT26_SAUL/logs_saul/logs0/Job106.log", "exitStatus": "0"}
[2026-04-15 07:57:03.831 Z] [PROCESS] [cadence.virtuoso.ade.simulationMonitor] - Finished Simulation {"hostname": "edatools", "processid": 1900930, "history": "Interactive.70", "testname": "DC", "cornername": "CMOS_RES_CAP_TEMP_23", "point": 25, "logfile": "/home/saul/projects/IL2244_VT26_SAUL/logs_saul/logs0/Job106.log", "simid": "3"}
[2026-04-15 07:57:04.835 Z] [PROCESS] [cadence.virtuoso.ade.simulationMonitor] - Point Finished {"hostname": "edatools", "processid": 1900930, "history": "Interactive.70", "testname": "DC", "cornername": "CMOS_RES_CAP_TEMP_23", "point": 25, "logfile": "/home/saul/projects/IL2244_VT26_SAUL/logs_saul/logs0/Job106.log"}
[2026-04-15 07:57:04.836 Z] [PROCESS] [cadence.virtuoso.ade.simulationMonitor] - HostInfo:
Host name (type):	edatools (x86_64)
Operating system:	Linux 6.17.0-20-generic #20~24.04.1-Ubuntu SMP PREEMPT_DYNAMIC Thu Mar 19 01:28:37 UTC 2 {"hostname": "edatools", "processid": 1900930, "history": "Interactive.70", "testname": "DC", "cornername": "CMOS_RES_CAP_TEMP_23", "point": 25, "logfile": "/home/saul/projects/IL2244_VT26_SAUL/logs_saul/logs0/Job106.log", "nodename": "edatools", "domainname": "(none)", "machine": "x86_64", "sysname": "Linux", "release": "6.17.0-20-generic", "version": "#20~24.04.1-Ubuntu SMP PREEMPT_DYNAMIC Thu Mar 19 01:28:37 UTC 2"}
[2026-04-15 07:57:04.836 Z] [PROCESS] [cadence.virtuoso.ade.simulationMonitor] - UsageInfo:
pid=1900930
totalPhysicalMemory=62.544991GB,Used=35.285599GB,totalVirtualMemory=70.544987GB,Used=35.285599GB
Cpu: Cores=16, Load average:1.540000,1.850000,2.330000 {"hostname": "edatools", "processid": 1900930, "history": "Interactive.70", "testname": "DC", "cornername": "CMOS_RES_CAP_TEMP_23", "point": 25, "logfile": "/home/saul/projects/IL2244_VT26_SAUL/logs_saul/logs0/Job106.log", "pid": "1900930", "totalPhysicalMemory": "62.544991", "physicalMemoryUsed": "35.285599", "totalVirtualMemory": "70.544987", "virtualMemoryUsed": "35.285599", "cpuCores": "16", "processes": "2061", "loadAverage1": "1.540000", "loadAverage5": "1.850000", "loadAverage15": "2.330000", "loadAverage1Percent": "0.096250"}
[2026-04-15 07:57:04.837 Z] [EVENT] [cadence.virtuoso.ade.simulationMonitor] - NewPoint {"history": "Interactive.70", "point": 31, "testname": "DC", "cornername": "CMOS_RES_CAP_TEMP_29", "event": "NewPoint", "EventSource": "Simulation Monitor", "HistoryName": "Interactive.70", "logFile": "/home/saul/projects/IL2244_VT26_SAUL/logs_saul/logs0/Job106.log", "logFileSize": "72176"}
[2026-04-15 07:57:04.937 Z] [EVENT] [cadence.virtuoso.ade.simulationMonitor] - NewPoint {"history": "Interactive.70", "point": 31, "testname": "DC", "cornername": "CMOS_RES_CAP_TEMP_29", "event": "NewPoint", "EventSource": "spectre", "HistoryName": "Interactive.70", "logFile": "/home/saul/projects/IL2244_VT26_SAUL/Sim/FBIAS/fbias_gm_c_tb/maestro/results/maestro/Interactive.70/31/DC/psf/spectre.out", "logFileSize": "-1"}
[2026-04-15 07:57:04.948 Z] [PROCESS] [cadence.virtuoso.ade.simulationMonitor] - Simulator launched {"hostname": "edatools", "processid": 1900930, "history": "Interactive.70", "testname": "DC", "cornername": "CMOS_RES_CAP_TEMP_29", "point": 31, "logfile": "/home/saul/projects/IL2244_VT26_SAUL/logs_saul/logs0/Job106.log", "simid": "4"}
[2026-04-15 07:57:04.963 Z] [PROCESS] [cadence.virtuoso.ade.simulationMonitor] - Started Simulation {"hostname": "edatools", "processid": 1900930, "history": "Interactive.70", "testname": "DC", "cornername": "CMOS_RES_CAP_TEMP_29", "point": 31, "logfile": "/home/saul/projects/IL2244_VT26_SAUL/logs_saul/logs0/Job106.log", "event": "started", "task": "simulation"}
[2026-04-15 07:57:05.463 Z] [INFO] [cadence.virtuoso.ade.simulationMonitor] - Notice from spectre during circuit read-in.
    Pre_Configuration file used: /opt/tools/cadence/installs/SPECTRE241/tools.lnx86/spectre/etc/configs/preset.precfg
    Configuration file used: `/opt/tools/cadence/installs/SPECTRE241/tools.lnx86/spectre/etc/configs/preset.cfg'. {"history": "Interactive.70", "point": 31, "testname": "DC", "cornername": "CMOS_RES_CAP_TEMP_29"}
[2026-04-15 07:57:05.463 Z] [WARN] [cadence.virtuoso.ade.simulationMonitor] -     WARNING (SPECTRE-8360): line 1511: `ac' is an undefined primitive device. {"history": "Interactive.70", "point": 31, "testname": "DC", "cornername": "CMOS_RES_CAP_TEMP_29"}
[2026-04-15 07:57:05.463 Z] [WARN] [cadence.virtuoso.ade.simulationMonitor] -     WARNING (SPECTRE-8360): line 1512: `ac' is an undefined primitive device. {"history": "Interactive.70", "point": 31, "testname": "DC", "cornername": "CMOS_RES_CAP_TEMP_29"}
[2026-04-15 07:57:05.463 Z] [WARN] [cadence.virtuoso.ade.simulationMonitor] -     WARNING (SPECTRE-8360): line 1513: `ac' is an undefined primitive device. {"history": "Interactive.70", "point": 31, "testname": "DC", "cornername": "CMOS_RES_CAP_TEMP_29"}
[2026-04-15 07:57:05.463 Z] [WARN] [cadence.virtuoso.ade.simulationMonitor] -     WARNING (SPECTRE-8360): line 1514: `ac' is an undefined primitive device. {"history": "Interactive.70", "point": 31, "testname": "DC", "cornername": "CMOS_RES_CAP_TEMP_29"}
[2026-04-15 07:57:05.463 Z] [WARN] [cadence.virtuoso.ade.simulationMonitor] -     WARNING (SPECTRE-8360): line 1515: `ac' is an undefined primitive device.
        Further occurrences of this warning will be suppressed. {"history": "Interactive.70", "point": 31, "testname": "DC", "cornername": "CMOS_RES_CAP_TEMP_29"}
[2026-04-15 07:57:05.463 Z] [INFO] [cadence.virtuoso.ade.simulationMonitor] - Peak resident memory used = 173 Mbytes. {"history": "Interactive.70", "point": 31, "testname": "DC", "cornername": "CMOS_RES_CAP_TEMP_29"}
[2026-04-15 07:57:05.464 Z] [WARN] [cadence.virtuoso.ade.simulationMonitor] -     WARNING (VACOMP-2435): The environment variable CDS_AHDLCMI_ENABLE is no longer supported. Therefore, the simulator will use the default compiled C code flow. {"history": "Interactive.70", "point": 31, "testname": "DC", "cornername": "CMOS_RES_CAP_TEMP_29"}
[2026-04-15 07:57:05.464 Z] [WARN] [cadence.virtuoso.ade.simulationMonitor] -     WARNING (SFE-3031): The floating capacitor I0.R2.CS1 is removed. {"history": "Interactive.70", "point": 31, "testname": "DC", "cornername": "CMOS_RES_CAP_TEMP_29"}
[2026-04-15 07:57:05.464 Z] [INFO] [cadence.virtuoso.ade.simulationMonitor] - Peak resident memory used = 189 Mbytes. {"history": "Interactive.70", "point": 31, "testname": "DC", "cornername": "CMOS_RES_CAP_TEMP_29"}
[2026-04-15 07:57:05.464 Z] [INFO] [cadence.virtuoso.ade.simulationMonitor] - Notice from spectre during hierarchy flattening.
    The value 'psf' specified for the 'checklimitdest' option will no longer be supported in future releases. Use 'spectre -h' to see other recommended values for the 'checklimitdest' option. {"history": "Interactive.70", "point": 31, "testname": "DC", "cornername": "CMOS_RES_CAP_TEMP_29"}
[2026-04-15 07:57:05.464 Z] [INFO] [cadence.virtuoso.ade.simulationMonitor] - Peak resident memory used = 191 Mbytes. {"history": "Interactive.70", "point": 31, "testname": "DC", "cornername": "CMOS_RES_CAP_TEMP_29"}
[2026-04-15 07:57:05.464 Z] [WARN] [cadence.virtuoso.ade.simulationMonitor] -     WARNING (SPECTRE-17607): Assert `SOAC_rpolyh_vminuspsub' is ignored because it contains an expression which is invalid or not supported by native evaluator.  {"history": "Interactive.70", "point": 31, "testname": "DC", "cornername": "CMOS_RES_CAP_TEMP_29"}
[2026-04-15 07:57:05.464 Z] [WARN] [cadence.virtuoso.ade.simulationMonitor] -     WARNING (SPECTRE-17607): Assert `SOAC_rpolyh_vpluspsub' is ignored because it contains an expression which is invalid or not supported by native evaluator.  {"history": "Interactive.70", "point": 31, "testname": "DC", "cornername": "CMOS_RES_CAP_TEMP_29"}
[2026-04-15 07:57:05.464 Z] [WARN] [cadence.virtuoso.ade.simulationMonitor] -     WARNING (SPECTRE-16460): SOAC_cvarm_vspsub:Specified subcircuit master `cvarm' was not found. {"history": "Interactive.70", "point": 31, "testname": "DC", "cornername": "CMOS_RES_CAP_TEMP_29"}
[2026-04-15 07:57:05.464 Z] [WARN] [cadence.virtuoso.ade.simulationMonitor] -     WARNING (SPECTRE-16462): SOAC_cvarm_vspsub:Error in specification of subcircuit master. Assert is ignored. {"history": "Interactive.70", "point": 31, "testname": "DC", "cornername": "CMOS_RES_CAP_TEMP_29"}
[2026-04-15 07:57:05.464 Z] [WARN] [cadence.virtuoso.ade.simulationMonitor] -     WARNING (SPECTRE-16460): SOAC_cvarm_vbs:Specified subcircuit master `cvarm' was not found. {"history": "Interactive.70", "point": 31, "testname": "DC", "cornername": "CMOS_RES_CAP_TEMP_29"}
[2026-04-15 07:57:05.464 Z] [WARN] [cadence.virtuoso.ade.simulationMonitor] -     WARNING (SPECTRE-16462): SOAC_cvarm_vbs:Error in specification of subcircuit master. Assert is ignored. {"history": "Interactive.70", "point": 31, "testname": "DC", "cornername": "CMOS_RES_CAP_TEMP_29"}
[2026-04-15 07:57:05.464 Z] [WARN] [cadence.virtuoso.ade.simulationMonitor] -     WARNING (SPECTRE-16460): SOAC_cvarm_vgb:Specified subcircuit master `cvarm' was not found. {"history": "Interactive.70", "point": 31, "testname": "DC", "cornername": "CMOS_RES_CAP_TEMP_29"}
[2026-04-15 07:57:05.464 Z] [WARN] [cadence.virtuoso.ade.simulationMonitor] -     WARNING (SPECTRE-16462): SOAC_cvarm_vgb:Error in specification of subcircuit master. Assert is ignored. {"history": "Interactive.70", "point": 31, "testname": "DC", "cornername": "CMOS_RES_CAP_TEMP_29"}
[2026-04-15 07:57:05.464 Z] [WARN] [cadence.virtuoso.ade.simulationMonitor] -     WARNING (SPECTRE-16460): SOAC_cvart_vspsub:Specified subcircuit master `cvart' was not found. {"history": "Interactive.70", "point": 31, "testname": "DC", "cornername": "CMOS_RES_CAP_TEMP_29"}
[2026-04-15 07:57:05.464 Z] [WARN] [cadence.virtuoso.ade.simulationMonitor] -     WARNING (SPECTRE-16462): SOAC_cvart_vspsub:Error in specification of subcircuit master. Assert is ignored. {"history": "Interactive.70", "point": 31, "testname": "DC", "cornername": "CMOS_RES_CAP_TEMP_29"}
[2026-04-15 07:57:05.464 Z] [WARN] [cadence.virtuoso.ade.simulationMonitor] -     WARNING (SPECTRE-16460): SOAC_cvart_vbs:Specified subcircuit master `cvart' was not found.
        Further occurrences of this warning will be suppressed. {"history": "Interactive.70", "point": 31, "testname": "DC", "cornername": "CMOS_RES_CAP_TEMP_29"}
[2026-04-15 07:57:05.464 Z] [WARN] [cadence.virtuoso.ade.simulationMonitor] -     WARNING (SPECTRE-16462): SOAC_cvart_vbs:Error in specification of subcircuit master. Assert is ignored.
        Further occurrences of this warning will be suppressed. {"history": "Interactive.70", "point": 31, "testname": "DC", "cornername": "CMOS_RES_CAP_TEMP_29"}
[2026-04-15 07:57:05.464 Z] [WARN] [cadence.virtuoso.ade.simulationMonitor] -     WARNING (SPECTRE-17607): Assert `SOAC_modp_vbpsub' is ignored because it contains an expression which is invalid or not supported by native evaluator.  {"history": "Interactive.70", "point": 31, "testname": "DC", "cornername": "CMOS_RES_CAP_TEMP_29"}
[2026-04-15 07:57:05.464 Z] [WARN] [cadence.virtuoso.ade.simulationMonitor] -     WARNING (SPECTRE-17607): Assert `SOAC_modn_vbpsub' is ignored because it contains an expression which is invalid or not supported by native evaluator.  {"history": "Interactive.70", "point": 31, "testname": "DC", "cornername": "CMOS_RES_CAP_TEMP_29"}
[2026-04-15 07:57:05.965 Z] [INFO] [cadence.virtuoso.ade.simulationMonitor] - Notice from spectre during initial setup.
    Multithreading is disabled due to the size of the design being too small. {"history": "Interactive.70", "point": 31, "testname": "DC", "cornername": "CMOS_RES_CAP_TEMP_29"}
[2026-04-15 07:57:05.965 Z] [INFO] [cadence.virtuoso.ade.simulationMonitor] -               nodes 16 {"history": "Interactive.70", "point": 31, "testname": "DC", "cornername": "CMOS_RES_CAP_TEMP_29"}
[2026-04-15 07:57:05.965 Z] [INFO] [cadence.virtuoso.ade.simulationMonitor] - Notice from spectre during initial setup.
    Spectre X preset=cx enabled.
    72 warnings suppressed. {"history": "Interactive.70", "point": 31, "testname": "DC", "cornername": "CMOS_RES_CAP_TEMP_29"}
[2026-04-15 07:57:05.965 Z] [INFO] [cadence.virtuoso.ade.simulationMonitor] - Peak resident memory used = 198 Mbytes. {"history": "Interactive.70", "point": 31, "testname": "DC", "cornername": "CMOS_RES_CAP_TEMP_29"}
[2026-04-15 07:57:05.965 Z] [INFO] [cadence.virtuoso.ade.simulationMonitor] -    -   (Spectre X) Multi-threading. The recommended number of threads is 1, consider adding +mt=1 on command line. {"history": "Interactive.70", "point": 31, "testname": "DC", "cornername": "CMOS_RES_CAP_TEMP_29"}
[2026-04-15 07:57:05.965 Z] [INFO] [cadence.virtuoso.ade.simulationMonitor] - Notice from spectre during DC analysis `dcOp'.
    No checklimit analysis defined for asserts. A default checklimit analysis 'SpectreChecklimitAnal' has been created with all asserts enabled. {"history": "Interactive.70", "point": 31, "testname": "DC", "cornername": "CMOS_RES_CAP_TEMP_29"}
[2026-04-15 07:57:05.965 Z] [WARN] [cadence.virtuoso.ade.simulationMonitor] -     WARNING (CMI-2943): Parameter checks have been ignored because the valid value for parameter 'trise' could not be found in 'I0.R2.CM'. {"history": "Interactive.70", "point": 31, "testname": "DC", "cornername": "CMOS_RES_CAP_TEMP_29"}
[2026-04-15 07:57:05.965 Z] [WARN] [cadence.virtuoso.ade.simulationMonitor] -     WARNING (CMI-2943): Parameter checks have been ignored because the valid value for parameter 'trise' could not be found in 'I0.R2.CS0'. {"history": "Interactive.70", "point": 31, "testname": "DC", "cornername": "CMOS_RES_CAP_TEMP_29"}
[2026-04-15 07:57:05.965 Z] [WARN] [cadence.virtuoso.ade.simulationMonitor] -     WARNING (CMI-2943): Parameter checks have been ignored because the valid value for parameter 'trise' could not be found in 'R0'. {"history": "Interactive.70", "point": 31, "testname": "DC", "cornername": "CMOS_RES_CAP_TEMP_29"}
[2026-04-15 07:57:05.965 Z] [WARN] [cadence.virtuoso.ade.simulationMonitor] -     WARNING (CMI-2943): Parameter checks have been ignored because the valid value for parameter 'trise' could not be found in 'R1'. {"history": "Interactive.70", "point": 31, "testname": "DC", "cornername": "CMOS_RES_CAP_TEMP_29"}
[2026-04-15 07:57:05.965 Z] [INFO] [cadence.virtuoso.ade.simulationMonitor] - Total time required for dc analysis `dcOp': CPU = 31.648 ms, elapsed = 47.4079 ms, util. = 66.8%. {"history": "Interactive.70", "point": 31, "testname": "DC", "cornername": "CMOS_RES_CAP_TEMP_29"}
[2026-04-15 07:57:05.966 Z] [INFO] [cadence.virtuoso.ade.simulationMonitor] - Peak resident memory used = 205 Mbytes. {"history": "Interactive.70", "point": 31, "testname": "DC", "cornername": "CMOS_RES_CAP_TEMP_29"}
[2026-04-15 07:57:05.966 Z] [INFO] [cadence.virtuoso.ade.simulationMonitor] - Notice from spectre at VDD = 20e-03 during DC analysis `dc'.
    GminDC = 1 pS is large enough to noticeably affect the DC solution.
        dV(I0.net2) = -2.12763 mV
        Use the `gmin_check' option to eliminate or expand this report. {"history": "Interactive.70", "point": 31, "testname": "DC", "cornername": "CMOS_RES_CAP_TEMP_29"}
[2026-04-15 07:57:05.966 Z] [INFO] [cadence.virtuoso.ade.simulationMonitor] - Notice from spectre at VDD = 40e-03 during DC analysis `dc'.
    GminDC = 1 pS is large enough to noticeably affect the DC solution.
        dV(I0.net2) = -4.14859 mV
        Use the `gmin_check' option to eliminate or expand this report. {"history": "Interactive.70", "point": 31, "testname": "DC", "cornername": "CMOS_RES_CAP_TEMP_29"}
[2026-04-15 07:57:05.966 Z] [INFO] [cadence.virtuoso.ade.simulationMonitor] - Notice from spectre at VDD = 60e-03 during DC analysis `dc'.
    GminDC = 1 pS is large enough to noticeably affect the DC solution.
        dV(I0.net2) = -6.00611 mV
        Use the `gmin_check' option to eliminate or expand this report. {"history": "Interactive.70", "point": 31, "testname": "DC", "cornername": "CMOS_RES_CAP_TEMP_29"}
[2026-04-15 07:57:05.966 Z] [INFO] [cadence.virtuoso.ade.simulationMonitor] - Notice from spectre at VDD = 80e-03 during DC analysis `dc'.
    GminDC = 1 pS is large enough to noticeably affect the DC solution.
        dV(I0.net2) = -7.64037 mV
        Use the `gmin_check' option to eliminate or expand this report. {"history": "Interactive.70", "point": 31, "testname": "DC", "cornername": "CMOS_RES_CAP_TEMP_29"}
[2026-04-15 07:57:05.966 Z] [INFO] [cadence.virtuoso.ade.simulationMonitor] - Notice from spectre at VDD = 100e-03 during DC analysis `dc'.
    GminDC = 1 pS is large enough to noticeably affect the DC solution.
        Further occurrences of this notice will be suppressed.
        dV(I0.net2) = -8.99204 mV
        Further occurrences of this notice will be suppressed.
        Use the `gmin_check' option to eliminate or expand this report.
        Further occurrences of this notice will be suppressed. {"history": "Interactive.70", "point": 31, "testname": "DC", "cornername": "CMOS_RES_CAP_TEMP_29"}
[2026-04-15 07:57:05.966 Z] [WARN] [cadence.virtuoso.ade.simulationMonitor] -     WARNING (CMI-2943): Parameter checks have been ignored because the valid value for parameter 'trise' could not be found in 'I0.R2.CM'. {"history": "Interactive.70", "point": 31, "testname": "DC", "cornername": "CMOS_RES_CAP_TEMP_29"}
[2026-04-15 07:57:05.966 Z] [WARN] [cadence.virtuoso.ade.simulationMonitor] -     WARNING (CMI-2943): Parameter checks have been ignored because the valid value for parameter 'trise' could not be found in 'I0.R2.CS0'. {"history": "Interactive.70", "point": 31, "testname": "DC", "cornername": "CMOS_RES_CAP_TEMP_29"}
[2026-04-15 07:57:05.966 Z] [WARN] [cadence.virtuoso.ade.simulationMonitor] -     WARNING (CMI-2943): Parameter checks have been ignored because the valid value for parameter 'trise' could not be found in 'R0'. {"history": "Interactive.70", "point": 31, "testname": "DC", "cornername": "CMOS_RES_CAP_TEMP_29"}
[2026-04-15 07:57:05.966 Z] [WARN] [cadence.virtuoso.ade.simulationMonitor] -     WARNING (CMI-2943): Parameter checks have been ignored because the valid value for parameter 'trise' could not be found in 'R1'. {"history": "Interactive.70", "point": 31, "testname": "DC", "cornername": "CMOS_RES_CAP_TEMP_29"}
[2026-04-15 07:57:05.966 Z] [INFO] [cadence.virtuoso.ade.simulationMonitor] - Notice from spectre at VDD = 3.3 during DC analysis `dc'.
    The value of parameter 'VDD' has been reset to the original value 0. {"history": "Interactive.70", "point": 31, "testname": "DC", "cornername": "CMOS_RES_CAP_TEMP_29"}
[2026-04-15 07:57:05.966 Z] [INFO] [cadence.virtuoso.ade.simulationMonitor] - Total time required for dc analysis `dc': CPU = 20.713 ms, elapsed = 26.7649 ms, util. = 77.4%. {"history": "Interactive.70", "point": 31, "testname": "DC", "cornername": "CMOS_RES_CAP_TEMP_29"}
[2026-04-15 07:57:05.966 Z] [INFO] [cadence.virtuoso.ade.simulationMonitor] - Peak resident memory used = 205 Mbytes. {"history": "Interactive.70", "point": 31, "testname": "DC", "cornername": "CMOS_RES_CAP_TEMP_29"}
[2026-04-15 07:57:05.966 Z] [INFO] [cadence.virtuoso.ade.simulationMonitor] - Notice from spectre.
    160 notices suppressed. {"history": "Interactive.70", "point": 31, "testname": "DC", "cornername": "CMOS_RES_CAP_TEMP_29"}
[2026-04-15 07:57:05.966 Z] [WARN] [cadence.virtuoso.ade.simulationMonitor] -     WARNING (CMI-2943): Parameter checks have been ignored because the valid value for parameter 'trise' could not be found in 'I0.R2.CM'. {"history": "Interactive.70", "point": 31, "testname": "DC", "cornername": "CMOS_RES_CAP_TEMP_29"}
[2026-04-15 07:57:05.966 Z] [WARN] [cadence.virtuoso.ade.simulationMonitor] -     WARNING (CMI-2943): Parameter checks have been ignored because the valid value for parameter 'trise' could not be found in 'I0.R2.CS0'. {"history": "Interactive.70", "point": 31, "testname": "DC", "cornername": "CMOS_RES_CAP_TEMP_29"}
[2026-04-15 07:57:05.967 Z] [WARN] [cadence.virtuoso.ade.simulationMonitor] -     WARNING (CMI-2943): Parameter checks have been ignored because the valid value for parameter 'trise' could not be found in 'R0'. {"history": "Interactive.70", "point": 31, "testname": "DC", "cornername": "CMOS_RES_CAP_TEMP_29"}
[2026-04-15 07:57:05.967 Z] [WARN] [cadence.virtuoso.ade.simulationMonitor] -     WARNING (CMI-2943): Parameter checks have been ignored because the valid value for parameter 'trise' could not be found in 'R1'. {"history": "Interactive.70", "point": 31, "testname": "DC", "cornername": "CMOS_RES_CAP_TEMP_29"}
[2026-04-15 07:57:05.967 Z] [INFO] [cadence.virtuoso.ade.simulationMonitor] - Notice from spectre during transient analysis `tran'.
    Multithreading is disabled due to the size of the design being too small. {"history": "Interactive.70", "point": 31, "testname": "DC", "cornername": "CMOS_RES_CAP_TEMP_29"}
[2026-04-15 07:57:05.967 Z] [INFO] [cadence.virtuoso.ade.simulationMonitor] - Total time required for tran analysis `tran': CPU = 11.793 ms, elapsed = 14.7409 ms, util. = 80%. {"history": "Interactive.70", "point": 31, "testname": "DC", "cornername": "CMOS_RES_CAP_TEMP_29"}
[2026-04-15 07:57:05.967 Z] [INFO] [cadence.virtuoso.ade.simulationMonitor] - Peak resident memory used = 206 Mbytes. {"history": "Interactive.70", "point": 31, "testname": "DC", "cornername": "CMOS_RES_CAP_TEMP_29"}
[2026-04-15 07:57:05.967 Z] [INFO] [cadence.virtuoso.ade.simulationMonitor] - Time used: CPU = 270 ms, elapsed = 589 ms, util. = 45.8%. {"history": "Interactive.70", "point": 31, "testname": "DC", "cornername": "CMOS_RES_CAP_TEMP_29"}
[2026-04-15 07:57:05.967 Z] [INFO] [cadence.virtuoso.ade.simulationMonitor] - Time spent in licensing: elapsed = 88.2 ms, percentage of total = 15%. {"history": "Interactive.70", "point": 31, "testname": "DC", "cornername": "CMOS_RES_CAP_TEMP_29"}
[2026-04-15 07:57:05.967 Z] [INFO] [cadence.virtuoso.ade.simulationMonitor] - Peak memory used = 207 Mbytes. {"history": "Interactive.70", "point": 31, "testname": "DC", "cornername": "CMOS_RES_CAP_TEMP_29"}
[2026-04-15 07:57:05.967 Z] [PROCESS] [cadence.virtuoso.ade.simulationMonitor] - Simulation started at: 7:57:05 AM, Wed Apr 15, 2026, ended at: 7:57:05 AM, Wed Apr 15, 2026, with elapsed time (wall clock): 589 ms. {"history": "Interactive.70", "point": 31, "testname": "DC", "cornername": "CMOS_RES_CAP_TEMP_29"}
[2026-04-15 07:57:05.967 Z] [PROCESS] [cadence.virtuoso.ade.simulationMonitor] - spectre completes with 0 errors, 33 warnings, and 17 notices. {"history": "Interactive.70", "point": 31, "testname": "DC", "cornername": "CMOS_RES_CAP_TEMP_29"}
[2026-04-15 07:57:05.967 Z] [PROCESS] [cadence.virtuoso.ade.simulationMonitor] - Finished simulating for one point {"hostname": "edatools", "processid": 1900930, "history": "Interactive.70", "testname": "DC", "cornername": "CMOS_RES_CAP_TEMP_29", "point": 31, "logfile": "/home/saul/projects/IL2244_VT26_SAUL/logs_saul/logs0/Job106.log", "simid": "4"}
[2026-04-15 07:57:05.967 Z] [PROCESS] [cadence.virtuoso.ade.simulationMonitor] - Simulator exited {"hostname": "edatools", "processid": 1900930, "history": "Interactive.70", "testname": "DC", "cornername": "CMOS_RES_CAP_TEMP_29", "point": 31, "logfile": "/home/saul/projects/IL2244_VT26_SAUL/logs_saul/logs0/Job106.log", "exitStatus": "0"}
[2026-04-15 07:57:05.967 Z] [PROCESS] [cadence.virtuoso.ade.simulationMonitor] - Finished Simulation {"hostname": "edatools", "processid": 1900930, "history": "Interactive.70", "testname": "DC", "cornername": "CMOS_RES_CAP_TEMP_29", "point": 31, "logfile": "/home/saul/projects/IL2244_VT26_SAUL/logs_saul/logs0/Job106.log", "simid": "4"}
[2026-04-15 07:57:06.972 Z] [PROCESS] [cadence.virtuoso.ade.simulationMonitor] - Point Finished {"hostname": "edatools", "processid": 1900930, "history": "Interactive.70", "testname": "DC", "cornername": "CMOS_RES_CAP_TEMP_29", "point": 31, "logfile": "/home/saul/projects/IL2244_VT26_SAUL/logs_saul/logs0/Job106.log"}
[2026-04-15 07:57:07.974 Z] [PROCESS] [cadence.virtuoso.ade.simulationMonitor] - Stay with the runId '38', Linger time '300', currentRunSyn '77', currentTestSyn '78' {"hostname": "edatools", "processid": 1900930, "history": "Interactive.70", "testname": "DC", "cornername": "CMOS_RES_CAP_TEMP_29", "point": 31, "logfile": "/home/saul/projects/IL2244_VT26_SAUL/logs_saul/logs0/Job106.log"}
[2026-04-15 07:57:08.974 Z] [PROCESS] [cadence.virtuoso.ade.simulationMonitor] - Stay with the runId '38', Linger time '300', currentRunSyn '77', currentTestSyn '78' {"hostname": "edatools", "processid": 1900930, "history": "Interactive.70", "testname": "DC", "cornername": "CMOS_RES_CAP_TEMP_29", "point": 31, "logfile": "/home/saul/projects/IL2244_VT26_SAUL/logs_saul/logs0/Job106.log"}
[2026-04-15 08:02:08.116 Z] [PROCESS] [cadence.virtuoso.ade.simulationMonitor] - Current memory used: 52.3125 MBytes, peak memory used: 52.3125 MBytes {"hostname": "edatools", "processid": 1900930, "history": "Interactive.70", "testname": "DC", "cornername": "CMOS_RES_CAP_TEMP_29", "point": 31, "logfile": "/home/saul/projects/IL2244_VT26_SAUL/logs_saul/logs0/Job106.log"}
[2026-04-15 08:02:08.117 Z] [PROCESS] [cadence.virtuoso.ade.simulationMonitor] - Simulation Monitor process exit. {"hostname": "edatools", "processid": 1900930, "history": "Interactive.70", "testname": "DC", "cornername": "CMOS_RES_CAP_TEMP_29", "point": 31, "logfile": "/home/saul/projects/IL2244_VT26_SAUL/logs_saul/logs0/Job106.log"}
