\# Program start time:     UTC 2026.03.18 14:02:01.617
\# Local time: UTC (UTC+00:00) 2026.03.18 14:02:01.617
\o Program:		@(#)$CDS: virtuoso version 6.1.8-64b 09/03/2024 19:11 (sjfhw316) $
\o Hierarchy:		/opt/tools/cadence/installs/IC618/tools.lnx86/dfII/
\o Sub version:		sub-version  IC6.1.8-64b.500.36  (64-bit addresses)
\# Command line:	/opt/tools/cadence/installs/IC618/tools.lnx86/dfII/bin/64bit/virtuoso -noautostart -mpssession virtuoso156634 -mpshost edatools -davinciService DaVinciService_156634_1773824177 -log /home/saul/projects/IL2244_VT26_SAUL/logs_saul/logs0/Job147.log -licenseLockFileName /home/saul/projects/IL2244_VT26_SAUL/.tmp_saul/.edatools_156634 -interactiveA -interactiveE -interactiveRTT -nostdin -nographE -axlChildIdFlag 147
\# Host name (type):	edatools (x86_64)
\# Operating system:	Linux 6.17.0-19-generic #19~24.04.2-Ubuntu SMP PREEMPT_DYNAMIC Fri Mar  6 23:08:46 UTC 2
\# Linux /etc/issue:	\S
\# Linux /etc/issue:	Kernel \r on an \m
\# X display name (WxH):	:6272 (1024x868)
\# Available geometry:			TL(0:0) BR(1023:867)
\# X server:			The X.Org Foundation
\# Depth of Visual (Root):	24 (24)
\# Number of Planes Used:	24
\# X version:		11.0 (vendor release 12011000)
\# X resource pool:	base 0x400000, mask 0x1fffff (2097151), shift 0
\# 			current id 0x0, current max 0x1ffffa (2097146)
\# Max data seg size:	     unlimited
\# Max process size:	     unlimited
\# Initial sbrk value:	      1,324 MB
\# Available memory:	     59,920 MB
\# System memory:	     72,238 MB
\# Maximum memory size:	     71,034 MB
\# Max mem available:	     60,039 MB
\# Initial memory used:	        119 MB
\#        process size:	      1,676 MB
\# Thread usage limits (effective/default):	maxthreads 4294967295/4294967295 maxload 16.00/16.00
\# Qt version:		5.9.1
\# Window Manager:	other
\# User Name:		saul
\o Working Directory:	edatools:/home/saul/projects/IL2244_VT26_SAUL
\# Process Id:		294995
\o 
\o COPYRIGHT (C) 1992-2024  CADENCE DESIGN SYSTEMS INC.  ALL RIGHTS RESERVED.
\o           (C) 1992-2024  UNIX SYSTEMS Laboratories INC.,
\o                          Reproduced with permission.
\o 
\o This Cadence Design Systems program and online documentation are
\o proprietary/confidential information and may be disclosed/used only
\o as authorized in a license agreement controlling such use and disclosure.
\o 
\o           RESTRICTED RIGHTS NOTICE (SHORT FORM)
\o Use/reproduction/disclosure is subject to restriction
\o set forth at FAR 1252.227-19 or its equivalent.
\o Loading geView.cxt 
\o Loading menuBuilder.cxt 
\o Loading schView.cxt 
\o Loading selectSv.cxt 
\o Loading wireEdit.cxt 
\o Loading pte2.cxt 
\o Loading xlUI.cxt 
\o Loading auCore.cxt 
\o Loading vhdl.cxt 
\o Loading seismic.cxt 
\o Loading ci.cxt 
\o Loading ams.cxt 
\o Loading oasis.cxt 
\o Loading analog.cxt 
\o Loading asimenv.cxt 
\o Loading dal.cxt 
\o Loading awv.cxt 
\o Loading socket.cxt 
\o Loading par.cxt 
\o Loading alvs.cxt 
\o Loading caa.cxt 
\o Loading amps.cxt 
\o Loading adexlCore.cxt 
\o Loading adexl.cxt 
\o *Info*    Exporting services from client ... 
\o 
\o Loading adexlDM.cxt 
\o Loading cpf.cxt 
\o Loading cli.cxt 
\o Loading lp.cxt 
\o INFO (ELI-00302) Connecting to parent process (session=virtuoso156634, host=edatools). Connection mode is ICRP. Total timeout is 180 seconds. Connection timeout is 90 seconds.
\o INFO (ELI-00303) Step 1: Connecting to parent. Time spent is 0 seconds.
\o INFO (ELI-00304) The registration of the child 294995 within 90 seconds is being processed...
\o INFO (ELI-00305) The result of registration is true. Time spent is 0 seconds.
\o INFO (ELI-00308) The connection has ended. Result is true. Total time spent is 0 seconds.
\# [14:02:01.445250] Configured Lic search path (22.01-s002): 3000@lic08.ug.kth.se:29000@lic06.ug.kth.se
\o ......................................................................................
\o            ams AG HIT-Kit v.ams_4.10
\o ......................................................................................
\o COPYRIGHT (c) 2012 Full Service Foundry @ ams AG.  ALL RIGHTS RESERVED
\o This HIT-Kit and attached documentation are confidential information and may 
\o only be used as authorized by the HIT-Kit license agreement.
\o ......................................................................................
\# Current Window: window(2)
\o Loading simulator default settings.
\o //
\o //  Calibre Skill Interface * (v2024.4_12.9) *
\o //
\o //                         Copyright Siemens 1996-2020     
\o //                             All Rights Reserved.
\o //         THIS WORK CONTAINS TRADE SECRET AND PROPRIETARY INFORMATION
\o //            WHICH IS THE PROPERTY OF MENTOR GRAPHICS CORPORATION
\o //              OR ITS LICENSORS AND IS SUBJECT TO LICENSE TERMS.
\o //
\o //
\# Memory report: using         280 MB, process size 1,972 MB at UTC 2026.03.18 14:02:05.814
\o Loading simulator default settings.
\o *Info*    Client has finished starting ... 
\o 
\o Loading vdsil.cxt 
\p hitkit: ams_4.10  Tech: c35b4c3  User: saul 
\w *WARNING* could not load font "-*-courier-medium-r-*-*-12-*", using font "fixed"
\# Loading perfDiag...
\# (PerfDiag): Set GDB path to environment variable 'gdbPath' (gdb).
\# Performance Diagnostic tool is installed. You can access PerfDiag from CIW Tools or use the shell command 'cdsPerfDiag -p 294995' to open it when Virtuoso freezes.
\# (PerfDiag): Use backtrace from GLIBC.
\w *WARNING* _perfPstackCheck: Cannot find pstack/gstack. Please setup PATH environment variable to pstack/gstack executable.
\o Loading vqp.cxt 
\o Loading hdlPkg.cxt 
\o 
\o 
\o *Info*    Configuring the session ...
\o 
\o Loading simui.cxt 
\o 	Library      = FECG
\o 	Cell         = fecg_ia_tb
\o 	View         = schematic
\o 	Simulator    = spectre
\o 	State Path   = $AXL_SETUPDB_DIR/test_states
\o 	State Name   = ECG_IA:ecg_ia_tb:1_none_Interactive.298
\o 	Results DB   = /home/saul/projects/IL2244_VT26_SAUL/FECG/fecg_ia_tb/adexl/results/data/Interactive.298.rdb
\o 	Results Dir  = /home/saul/projects/IL2244_VT26_SAUL/Sim/FECG/fecg_ia_tb/adexl/results/data/Interactive.298/1/ECG_IA:ecg_ia_tb:1
\o 	Results Loc  = /home/saul/projects/IL2244_VT26_SAUL/Sim/FECG/fecg_ia_tb/adexl/results/data
\o 	Project Dir  = /home/saul/projects/IL2244_VT26_SAUL/Sim
\o 	Setup DB loc = /home/saul/projects/IL2244_VT26_SAUL/FECG/fecg_ia_tb/adexl
\o 	File Encoding = 0
\o 
\o 
\o Loading viva.cxt 
\o Loading spectrei.cxt 
\o Loading devCheck.cxt 
\o Loading relXpert.cxt 
\o Loading hspiceD.cxt 
\o Loading spectreinl.cxt 
\o Loading msgHandler.cxt 
\o Loading UltraSim.cxt 
\o Loading AMSOSS.cxt 
\o Loading AMS.cxt 
\o 
\o *Info*    The auto suspension is disabled.
\o 
\o Loading monte.cxt 
\o 
\o 
\o 
\o 
\o 
\o *Info*    Run start for Point ID (70 6) on testbench [
\o           ECG_IA:ecg_ia_tb:1 ].
\o 
\o Resetting statistical vars
\o 
\o *Info*    Setting parameter values ...
\o 
\o Setting var FC = "2K"
\o Setting var VCM_AC = "1"
\o Setting var VCM_AMP = "0"
\o Setting var VCM_DC = "1.6"
\o Setting var VDD = "2.97"
\o Setting var VIN_AC = "1"
\o Setting var VIN_AMP = "1m"
\o Setting var VIN_DC = "0"
\o Setting var VIN_FREQ = "50"
\o Setting var temperature = "-40"
\o Setting temp(T) = -40
\o 
\o *Info*    Netlist Directory =
\o           /home/saul/projects/IL2244_VT26_SAUL/Sim/FECG/fecg_ia_tb/adexl/results/data/Interactive.298/6/ECG_IA:ecg_ia_tb:1/netlist
\o 
\o 
\o *Info*    Data Directory    =
\o           /home/saul/projects/IL2244_VT26_SAUL/Sim/FECG/fecg_ia_tb/adexl/results/data/Interactive.298/6/ECG_IA:ecg_ia_tb:1
\o 
\o 
\o *Info*    Creating Netlist for Point ID (70 6)
\o 
\o generate netlist...
\o Loading hnlInit.cxt 
\o Loading seCore.cxt 
\o function ansCdlCompPrim redefined
\o function ansCdlCompPrim redefined
\# [14:02:07.130568] periodic Lic check successful
\# [14:02:07.130571] Feature usage summary:
\o Begin Incremental Netlisting Mar 18 14:02:07 2026
\o End netlisting Mar 18 14:02:07 2026
\o 
\o 	The netlist is up to date.
\o 	Time taken to compare the design with netlist:   0.0s
\o       ...successful.
\o compose simulator input file...
\o       ...successful.
\o 
\o *Info*    Running simulation on testbench [ ECG_IA:ecg_ia_tb:1 ] for
\o           Point ID (70 6).
\o 
\o Delete psf data in /home/saul/projects/IL2244_VT26_SAUL/Sim/FECG/fecg_ia_tb/adexl/results/data/Interactive.298/6/ECG_IA:ecg_ia_tb:1/psf.
\o compose simulator input file...
\o       ...successful.
\o start simulator if needed...
\o       ...successful.
\o simulate...
\o To view the simulator output, right-click on the test name, result 
\o name, or any value in the "Results" tab of the Outputs section and 
\o choose "Output Log" menu option.
\o WARNING (ADE-3080): Fast viewing extensions for PSF XL format (also known as RTSF) will be discontinued  
\o        and Virtuoso Visualization and Analysis XL will not use RTSF data to plot waveforms from IC6.1.8 ISR7 onward. 
\o        There will be no performance impact on data visualization due to this change.
\o Loading paraplot.cxt 
\# Memory report: using         447 MB, process size 2,257 MB at UTC 2026.03.18 14:02:08.413
\# Available memory:         57,591 MB at UTC 2026.03.18 14:02:11.554
\# Memory report: Maximum memory size now 58,038 MB at UTC 2026.03.18 14:02:11.554
\# Thread usage report: 22 active threads, active load 1.40 at UTC 2026.03.18 14:02:11.554
\o INFO (ADE-3071): Simulation completed successfully.
\o reading simulation data...
\o       ...successful.
\o *Info*    Client has finished evaluating ... 
\o 
\o WARNING (OCN-6038): Results pz are not available for /home/saul/projects/IL2244_VT26_SAUL/Sim/FECG/fecg_ia_tb/adexl/results/data/Interactive.298/6/ECG_IA:ecg_ia_tb:1. Use results() for a list of available results.
\o WARNING (OCN-6038): Results pz are not available for /home/saul/projects/IL2244_VT26_SAUL/Sim/FECG/fecg_ia_tb/adexl/results/data/Interactive.298/6/ECG_IA:ecg_ia_tb:1. Use results() for a list of available results.
\e *Error* 
\e  Error in locating poles-zeros. Ensure that poles and zeros exist in this simualtion data.
\e 
\o ERROR (ADE-2709): Evaluation of output 'Zeros' returned 'nil' for point:'6' test:'ECG_IA:ecg_ia_tb:1'
\o 	Expression:'pzFrequencyAndRealFilter(getData("zeros" ?result "pz"))'.
\o Ensure that the definition of output is correct.
\o 
\o WARNING (OCN-6038): Results pz are not available for /home/saul/projects/IL2244_VT26_SAUL/Sim/FECG/fecg_ia_tb/adexl/results/data/Interactive.298/6/ECG_IA:ecg_ia_tb:1. Use results() for a list of available results.
\o WARNING (OCN-6038): Results pz are not available for /home/saul/projects/IL2244_VT26_SAUL/Sim/FECG/fecg_ia_tb/adexl/results/data/Interactive.298/6/ECG_IA:ecg_ia_tb:1. Use results() for a list of available results.
\e *Error* 
\e  Error in locating poles-zeros. Ensure that poles and zeros exist in this simualtion data.
\e 
\o ERROR (ADE-2709): Evaluation of output 'Poles' returned 'nil' for point:'6' test:'ECG_IA:ecg_ia_tb:1'
\o 	Expression:'pzFrequencyAndRealFilter(getData("poles" ?result "pz"))'.
\o Ensure that the definition of output is correct.
\o 
\o WARNING (OCN-6038): Results pnoiseOut1 are not available for /home/saul/projects/IL2244_VT26_SAUL/Sim/FECG/fecg_ia_tb/adexl/results/data/Interactive.298/6/ECG_IA:ecg_ia_tb:1. Use results() for a list of available results.
\o WARNING (OCN-6038): Results pnoiseOut1 are not available for /home/saul/projects/IL2244_VT26_SAUL/Sim/FECG/fecg_ia_tb/adexl/results/data/Interactive.298/6/ECG_IA:ecg_ia_tb:1. Use results() for a list of available results.
\e *Error* ("expt" 0 t nil ("*Error* expt: can't handle (nil**2)"))
\e 
\e 
\o ERROR (ADE-2708): Evaluation of output 'output noise-(VOUT 0); V/sqrt(Hz)' failed for point:'6' test:'ECG_IA:ecg_ia_tb:1'
\o 	Expression:'rfOutputNoise("V/sqrt(Hz)" ?result "pnoiseOut1")'
\o 	because of the following error(s)
\o 	*Error* expt: can't handle (nil**2).
\o Ensure that the definition of output is correct.
\o 
\o 
\o *Info*    Run complete for Point ID (70 6) on testbench [
\o           ECG_IA:ecg_ia_tb:1 ].
\o 
\o 
\o 
\o 
\o 
\o 
\o 
\o 
\o 
\o 
\o *Info*    Run start for Point ID (70 13) on testbench [
\o           ECG_IA:ecg_ia_tb:1 ].
\o 
\o Resetting statistical vars
\o 
\o *Info*    Setting parameter values ...
\o 
\o Setting var VDD = "3.63"
\o Setting var temperature = "85"
\o Setting temp(T) = 85
\o 
\o *Info*    Netlist Directory =
\o           /home/saul/projects/IL2244_VT26_SAUL/Sim/FECG/fecg_ia_tb/adexl/results/data/Interactive.298/13/ECG_IA:ecg_ia_tb:1/netlist
\o 
\o 
\o *Info*    Data Directory    =
\o           /home/saul/projects/IL2244_VT26_SAUL/Sim/FECG/fecg_ia_tb/adexl/results/data/Interactive.298/13/ECG_IA:ecg_ia_tb:1
\o 
\o 
\o *Info*    Creating Netlist for Point ID (70 13)
\o 
\o generate netlist...
\o function ansCdlCompPrim redefined
\o function ansCdlCompPrim redefined
\o Begin Incremental Netlisting Mar 18 14:02:21 2026
\o End netlisting Mar 18 14:02:21 2026
\o 
\o 	The netlist is up to date.
\o 	Time taken to compare the design with netlist:   0.0s
\o       ...successful.
\o compose simulator input file...
\o       ...successful.
\o 
\o *Info*    Running simulation on testbench [ ECG_IA:ecg_ia_tb:1 ] for
\o           Point ID (70 13).
\o 
\o Delete psf data in /home/saul/projects/IL2244_VT26_SAUL/Sim/FECG/fecg_ia_tb/adexl/results/data/Interactive.298/13/ECG_IA:ecg_ia_tb:1/psf.
\o compose simulator input file...
\o       ...successful.
\o start simulator if needed...
\o       ...successful.
\o simulate...
\o To view the simulator output, right-click on the test name, result 
\o name, or any value in the "Results" tab of the Outputs section and 
\o choose "Output Log" menu option.
\o WARNING (ADE-3080): Fast viewing extensions for PSF XL format (also known as RTSF) will be discontinued  
\o        and Virtuoso Visualization and Analysis XL will not use RTSF data to plot waveforms from IC6.1.8 ISR7 onward. 
\o        There will be no performance impact on data visualization due to this change.
\o INFO (ADE-3071): Simulation completed successfully.
\o reading simulation data...
\o       ...successful.
\o *Info*    Client has finished evaluating ... 
\o 
\o WARNING (OCN-6038): Results pz are not available for /home/saul/projects/IL2244_VT26_SAUL/Sim/FECG/fecg_ia_tb/adexl/results/data/Interactive.298/13/ECG_IA:ecg_ia_tb:1. Use results() for a list of available results.
\o WARNING (OCN-6038): Results pz are not available for /home/saul/projects/IL2244_VT26_SAUL/Sim/FECG/fecg_ia_tb/adexl/results/data/Interactive.298/13/ECG_IA:ecg_ia_tb:1. Use results() for a list of available results.
\e *Error* 
\e  Error in locating poles-zeros. Ensure that poles and zeros exist in this simualtion data.
\e 
\o ERROR (ADE-2709): Evaluation of output 'Zeros' returned 'nil' for point:'13' test:'ECG_IA:ecg_ia_tb:1'
\o 	Expression:'pzFrequencyAndRealFilter(getData("zeros" ?result "pz"))'.
\o Ensure that the definition of output is correct.
\o 
\o WARNING (OCN-6038): Results pz are not available for /home/saul/projects/IL2244_VT26_SAUL/Sim/FECG/fecg_ia_tb/adexl/results/data/Interactive.298/13/ECG_IA:ecg_ia_tb:1. Use results() for a list of available results.
\o WARNING (OCN-6038): Results pz are not available for /home/saul/projects/IL2244_VT26_SAUL/Sim/FECG/fecg_ia_tb/adexl/results/data/Interactive.298/13/ECG_IA:ecg_ia_tb:1. Use results() for a list of available results.
\e *Error* 
\e  Error in locating poles-zeros. Ensure that poles and zeros exist in this simualtion data.
\e 
\o ERROR (ADE-2709): Evaluation of output 'Poles' returned 'nil' for point:'13' test:'ECG_IA:ecg_ia_tb:1'
\o 	Expression:'pzFrequencyAndRealFilter(getData("poles" ?result "pz"))'.
\o Ensure that the definition of output is correct.
\o 
\o WARNING (OCN-6038): Results pnoiseOut1 are not available for /home/saul/projects/IL2244_VT26_SAUL/Sim/FECG/fecg_ia_tb/adexl/results/data/Interactive.298/13/ECG_IA:ecg_ia_tb:1. Use results() for a list of available results.
\o WARNING (OCN-6038): Results pnoiseOut1 are not available for /home/saul/projects/IL2244_VT26_SAUL/Sim/FECG/fecg_ia_tb/adexl/results/data/Interactive.298/13/ECG_IA:ecg_ia_tb:1. Use results() for a list of available results.
\e *Error* ("expt" 0 t nil ("*Error* expt: can't handle (nil**2)"))
\e 
\e 
\o ERROR (ADE-2708): Evaluation of output 'output noise-(VOUT 0); V/sqrt(Hz)' failed for point:'13' test:'ECG_IA:ecg_ia_tb:1'
\o 	Expression:'rfOutputNoise("V/sqrt(Hz)" ?result "pnoiseOut1")'
\o 	because of the following error(s)
\o 	*Error* expt: can't handle (nil**2).
\o Ensure that the definition of output is correct.
\o 
\o 
\o *Info*    Run complete for Point ID (70 13) on testbench [
\o           ECG_IA:ecg_ia_tb:1 ].
\o 
\o 
\o 
\o 
\o 
\o Simulation design variables differ from those on the cellView,
\o they have been saved in the file "/tmp/saved-design-variables".
\o To save future changes, copy variables to cellView before exiting.
\o 
\o 
\o *Info*    Configuring the session ...
\o 
\o 	Library      = FECG
\o 	Cell         = fecg_ia_tb
\o 	View         = schematic
\o 	Simulator    = spectre
\o 	State Path   = $AXL_SETUPDB_DIR/test_states
\o 	State Name   = ECG_IA:ecg_ia_tb:1_none_Interactive.299
\o 	Results DB   = /home/saul/projects/IL2244_VT26_SAUL/FECG/fecg_ia_tb/adexl/results/data/Interactive.299.rdb
\o 	Results Dir  = /home/saul/projects/IL2244_VT26_SAUL/Sim/FECG/fecg_ia_tb/adexl/results/data/Interactive.299/1/ECG_IA:ecg_ia_tb:1
\o 	Results Loc  = /home/saul/projects/IL2244_VT26_SAUL/Sim/FECG/fecg_ia_tb/adexl/results/data
\o 	Project Dir  = /home/saul/projects/IL2244_VT26_SAUL/Sim
\o 	Setup DB loc = /home/saul/projects/IL2244_VT26_SAUL/FECG/fecg_ia_tb/adexl
\o 	File Encoding = 0
\o 
\o 
\o 
\o *Info*    The auto suspension is disabled.
\o 
\o 
\o 
\o 
\o 
\o 
\o *Info*    Run start for Point ID (71 2) on testbench [
\o           ECG_IA:ecg_ia_tb:1 ].
\o 
\o Resetting statistical vars
\o 
\o *Info*    Setting parameter values ...
\o 
\o Setting var FC = "2K"
\o Setting var VCM_AC = "1"
\o Setting var VCM_AMP = "0"
\o Setting var VCM_DC = "1.6"
\o Setting var VDD = "2.97"
\o Setting var VIN_AC = "1"
\o Setting var VIN_AMP = "1m"
\o Setting var VIN_DC = "0"
\o Setting var VIN_FREQ = "50"
\o Setting var temperature = "-40"
\o Setting temp(T) = -40
\o 
\o *Info*    Netlist Directory =
\o           /home/saul/projects/IL2244_VT26_SAUL/Sim/FECG/fecg_ia_tb/adexl/results/data/Interactive.299/2/ECG_IA:ecg_ia_tb:1/netlist
\o 
\o 
\o *Info*    Data Directory    =
\o           /home/saul/projects/IL2244_VT26_SAUL/Sim/FECG/fecg_ia_tb/adexl/results/data/Interactive.299/2/ECG_IA:ecg_ia_tb:1
\o 
\o 
\o *Info*    Creating Netlist for Point ID (71 2)
\o 
\o generate netlist...
\o function ansCdlCompPrim redefined
\o function ansCdlCompPrim redefined
\o Begin Incremental Netlisting Mar 18 14:03:18 2026
\o Loading json.cxt 
\o End netlisting Mar 18 14:03:18 2026
\o 
\o Netlisting Statistics:
\o 	Number of components:   40
\o 
\o 	Elapsed time:          1.0s (40.00/s)
\o Errors: 0	Warnings: 0
\o       ...successful.
\o compose simulator input file...
\o       ...successful.
\o 
\o *Info*    Running simulation on testbench [ ECG_IA:ecg_ia_tb:1 ] for
\o           Point ID (71 2).
\o 
\o Delete psf data in /home/saul/projects/IL2244_VT26_SAUL/Sim/FECG/fecg_ia_tb/adexl/results/data/Interactive.299/2/ECG_IA:ecg_ia_tb:1/psf.
\o compose simulator input file...
\o       ...successful.
\o start simulator if needed...
\o       ...successful.
\o simulate...
\o To view the simulator output, right-click on the test name, result 
\o name, or any value in the "Results" tab of the Outputs section and 
\o choose "Output Log" menu option.
\o WARNING (ADE-3080): Fast viewing extensions for PSF XL format (also known as RTSF) will be discontinued  
\o        and Virtuoso Visualization and Analysis XL will not use RTSF data to plot waveforms from IC6.1.8 ISR7 onward. 
\o        There will be no performance impact on data visualization due to this change.
\o INFO (ADE-3071): Simulation completed successfully.
\o reading simulation data...
\o       ...successful.
\o *Info*    Client has finished evaluating ... 
\o 
\o WARNING (OCN-6038): Results pz are not available for /home/saul/projects/IL2244_VT26_SAUL/Sim/FECG/fecg_ia_tb/adexl/results/data/Interactive.299/2/ECG_IA:ecg_ia_tb:1. Use results() for a list of available results.
\o WARNING (OCN-6038): Results pz are not available for /home/saul/projects/IL2244_VT26_SAUL/Sim/FECG/fecg_ia_tb/adexl/results/data/Interactive.299/2/ECG_IA:ecg_ia_tb:1. Use results() for a list of available results.
\e *Error* 
\e  Error in locating poles-zeros. Ensure that poles and zeros exist in this simualtion data.
\e 
\o ERROR (ADE-2709): Evaluation of output 'Zeros' returned 'nil' for point:'2' test:'ECG_IA:ecg_ia_tb:1'
\o 	Expression:'pzFrequencyAndRealFilter(getData("zeros" ?result "pz"))'.
\o Ensure that the definition of output is correct.
\o 
\o WARNING (OCN-6038): Results pz are not available for /home/saul/projects/IL2244_VT26_SAUL/Sim/FECG/fecg_ia_tb/adexl/results/data/Interactive.299/2/ECG_IA:ecg_ia_tb:1. Use results() for a list of available results.
\o WARNING (OCN-6038): Results pz are not available for /home/saul/projects/IL2244_VT26_SAUL/Sim/FECG/fecg_ia_tb/adexl/results/data/Interactive.299/2/ECG_IA:ecg_ia_tb:1. Use results() for a list of available results.
\e *Error* 
\e  Error in locating poles-zeros. Ensure that poles and zeros exist in this simualtion data.
\e 
\o ERROR (ADE-2709): Evaluation of output 'Poles' returned 'nil' for point:'2' test:'ECG_IA:ecg_ia_tb:1'
\o 	Expression:'pzFrequencyAndRealFilter(getData("poles" ?result "pz"))'.
\o Ensure that the definition of output is correct.
\o 
\o WARNING (OCN-6038): Results pnoiseOut1 are not available for /home/saul/projects/IL2244_VT26_SAUL/Sim/FECG/fecg_ia_tb/adexl/results/data/Interactive.299/2/ECG_IA:ecg_ia_tb:1. Use results() for a list of available results.
\o WARNING (OCN-6038): Results pnoiseOut1 are not available for /home/saul/projects/IL2244_VT26_SAUL/Sim/FECG/fecg_ia_tb/adexl/results/data/Interactive.299/2/ECG_IA:ecg_ia_tb:1. Use results() for a list of available results.
\e *Error* ("expt" 0 t nil ("*Error* expt: can't handle (nil**2)"))
\e 
\e 
\o ERROR (ADE-2708): Evaluation of output 'output noise-(VOUT 0); V/sqrt(Hz)' failed for point:'2' test:'ECG_IA:ecg_ia_tb:1'
\o 	Expression:'rfOutputNoise("V/sqrt(Hz)" ?result "pnoiseOut1")'
\o 	because of the following error(s)
\o 	*Error* expt: can't handle (nil**2).
\o Ensure that the definition of output is correct.
\o 
\o 
\o *Info*    Run complete for Point ID (71 2) on testbench [
\o           ECG_IA:ecg_ia_tb:1 ].
\o 
\o 
\o 
\o 
\o 
\o 
\o 
\o 
\o 
\o 
\o *Info*    Run start for Point ID (71 8) on testbench [
\o           ECG_IA:ecg_ia_tb:1 ].
\o 
\o Resetting statistical vars
\o 
\o *Info*    Setting parameter values ...
\o 
\o Setting var VDD = "3.63"
\o 
\o *Info*    Netlist Directory =
\o           /home/saul/projects/IL2244_VT26_SAUL/Sim/FECG/fecg_ia_tb/adexl/results/data/Interactive.299/8/ECG_IA:ecg_ia_tb:1/netlist
\o 
\o 
\o *Info*    Data Directory    =
\o           /home/saul/projects/IL2244_VT26_SAUL/Sim/FECG/fecg_ia_tb/adexl/results/data/Interactive.299/8/ECG_IA:ecg_ia_tb:1
\o 
\o 
\o *Info*    Creating Netlist for Point ID (71 8)
\o 
\o generate netlist...
\o function ansCdlCompPrim redefined
\o function ansCdlCompPrim redefined
\o Begin Incremental Netlisting Mar 18 14:03:24 2026
\o End netlisting Mar 18 14:03:24 2026
\o 
\o 	The netlist is up to date.
\o 	Time taken to compare the design with netlist:   0.0s
\o       ...successful.
\o compose simulator input file...
\o       ...successful.
\o 
\o *Info*    Running simulation on testbench [ ECG_IA:ecg_ia_tb:1 ] for
\o           Point ID (71 8).
\o 
\o Delete psf data in /home/saul/projects/IL2244_VT26_SAUL/Sim/FECG/fecg_ia_tb/adexl/results/data/Interactive.299/8/ECG_IA:ecg_ia_tb:1/psf.
\o compose simulator input file...
\o       ...successful.
\o start simulator if needed...
\o       ...successful.
\o simulate...
\o To view the simulator output, right-click on the test name, result 
\o name, or any value in the "Results" tab of the Outputs section and 
\o choose "Output Log" menu option.
\o WARNING (ADE-3080): Fast viewing extensions for PSF XL format (also known as RTSF) will be discontinued  
\o        and Virtuoso Visualization and Analysis XL will not use RTSF data to plot waveforms from IC6.1.8 ISR7 onward. 
\o        There will be no performance impact on data visualization due to this change.
\o INFO (ADE-3071): Simulation completed successfully.
\o reading simulation data...
\o       ...successful.
\o *Info*    Client has finished evaluating ... 
\o 
\o WARNING (OCN-6038): Results pz are not available for /home/saul/projects/IL2244_VT26_SAUL/Sim/FECG/fecg_ia_tb/adexl/results/data/Interactive.299/8/ECG_IA:ecg_ia_tb:1. Use results() for a list of available results.
\o WARNING (OCN-6038): Results pz are not available for /home/saul/projects/IL2244_VT26_SAUL/Sim/FECG/fecg_ia_tb/adexl/results/data/Interactive.299/8/ECG_IA:ecg_ia_tb:1. Use results() for a list of available results.
\e *Error* 
\e  Error in locating poles-zeros. Ensure that poles and zeros exist in this simualtion data.
\e 
\o ERROR (ADE-2709): Evaluation of output 'Zeros' returned 'nil' for point:'8' test:'ECG_IA:ecg_ia_tb:1'
\o 	Expression:'pzFrequencyAndRealFilter(getData("zeros" ?result "pz"))'.
\o Ensure that the definition of output is correct.
\o 
\o WARNING (OCN-6038): Results pz are not available for /home/saul/projects/IL2244_VT26_SAUL/Sim/FECG/fecg_ia_tb/adexl/results/data/Interactive.299/8/ECG_IA:ecg_ia_tb:1. Use results() for a list of available results.
\o WARNING (OCN-6038): Results pz are not available for /home/saul/projects/IL2244_VT26_SAUL/Sim/FECG/fecg_ia_tb/adexl/results/data/Interactive.299/8/ECG_IA:ecg_ia_tb:1. Use results() for a list of available results.
\e *Error* 
\e  Error in locating poles-zeros. Ensure that poles and zeros exist in this simualtion data.
\e 
\o ERROR (ADE-2709): Evaluation of output 'Poles' returned 'nil' for point:'8' test:'ECG_IA:ecg_ia_tb:1'
\o 	Expression:'pzFrequencyAndRealFilter(getData("poles" ?result "pz"))'.
\o Ensure that the definition of output is correct.
\o 
\o WARNING (OCN-6038): Results pnoiseOut1 are not available for /home/saul/projects/IL2244_VT26_SAUL/Sim/FECG/fecg_ia_tb/adexl/results/data/Interactive.299/8/ECG_IA:ecg_ia_tb:1. Use results() for a list of available results.
\o WARNING (OCN-6038): Results pnoiseOut1 are not available for /home/saul/projects/IL2244_VT26_SAUL/Sim/FECG/fecg_ia_tb/adexl/results/data/Interactive.299/8/ECG_IA:ecg_ia_tb:1. Use results() for a list of available results.
\e *Error* ("expt" 0 t nil ("*Error* expt: can't handle (nil**2)"))
\e 
\e 
\o ERROR (ADE-2708): Evaluation of output 'output noise-(VOUT 0); V/sqrt(Hz)' failed for point:'8' test:'ECG_IA:ecg_ia_tb:1'
\o 	Expression:'rfOutputNoise("V/sqrt(Hz)" ?result "pnoiseOut1")'
\o 	because of the following error(s)
\o 	*Error* expt: can't handle (nil**2).
\o Ensure that the definition of output is correct.
\o 
\o 
\o *Info*    Run complete for Point ID (71 8) on testbench [
\o           ECG_IA:ecg_ia_tb:1 ].
\o 
\o 
\o 
\o 
\o 
\o 
\o 
\o 
\o 
\o 
\o *Info*    Run start for Point ID (71 16) on testbench [
\o           ECG_IA:ecg_ia_tb:1 ].
\o 
\o Resetting statistical vars
\o 
\o *Info*    Setting parameter values ...
\o 
\o 
\o *Info*    Netlist Directory =
\o           /home/saul/projects/IL2244_VT26_SAUL/Sim/FECG/fecg_ia_tb/adexl/results/data/Interactive.299/16/ECG_IA:ecg_ia_tb:1/netlist
\o 
\o 
\o *Info*    Data Directory    =
\o           /home/saul/projects/IL2244_VT26_SAUL/Sim/FECG/fecg_ia_tb/adexl/results/data/Interactive.299/16/ECG_IA:ecg_ia_tb:1
\o 
\o 
\o *Info*    Creating Netlist for Point ID (71 16)
\o 
\o generate netlist...
\o function ansCdlCompPrim redefined
\o function ansCdlCompPrim redefined
\o Begin Incremental Netlisting Mar 18 14:03:31 2026
\o End netlisting Mar 18 14:03:31 2026
\o 
\o 	The netlist is up to date.
\o 	Time taken to compare the design with netlist:   0.0s
\o       ...successful.
\o compose simulator input file...
\o       ...successful.
\o 
\o *Info*    Running simulation on testbench [ ECG_IA:ecg_ia_tb:1 ] for
\o           Point ID (71 16).
\o 
\o Delete psf data in /home/saul/projects/IL2244_VT26_SAUL/Sim/FECG/fecg_ia_tb/adexl/results/data/Interactive.299/16/ECG_IA:ecg_ia_tb:1/psf.
\o compose simulator input file...
\o       ...successful.
\o start simulator if needed...
\o       ...successful.
\o simulate...
\o To view the simulator output, right-click on the test name, result 
\o name, or any value in the "Results" tab of the Outputs section and 
\o choose "Output Log" menu option.
\o WARNING (ADE-3080): Fast viewing extensions for PSF XL format (also known as RTSF) will be discontinued  
\o        and Virtuoso Visualization and Analysis XL will not use RTSF data to plot waveforms from IC6.1.8 ISR7 onward. 
\o        There will be no performance impact on data visualization due to this change.
\o INFO (ADE-3071): Simulation completed successfully.
\o reading simulation data...
\o       ...successful.
\o *Info*    Client has finished evaluating ... 
\o 
\o WARNING (OCN-6038): Results pz are not available for /home/saul/projects/IL2244_VT26_SAUL/Sim/FECG/fecg_ia_tb/adexl/results/data/Interactive.299/16/ECG_IA:ecg_ia_tb:1. Use results() for a list of available results.
\o WARNING (OCN-6038): Results pz are not available for /home/saul/projects/IL2244_VT26_SAUL/Sim/FECG/fecg_ia_tb/adexl/results/data/Interactive.299/16/ECG_IA:ecg_ia_tb:1. Use results() for a list of available results.
\e *Error* 
\e  Error in locating poles-zeros. Ensure that poles and zeros exist in this simualtion data.
\e 
\o ERROR (ADE-2709): Evaluation of output 'Zeros' returned 'nil' for point:'16' test:'ECG_IA:ecg_ia_tb:1'
\o 	Expression:'pzFrequencyAndRealFilter(getData("zeros" ?result "pz"))'.
\o Ensure that the definition of output is correct.
\o 
\o WARNING (OCN-6038): Results pz are not available for /home/saul/projects/IL2244_VT26_SAUL/Sim/FECG/fecg_ia_tb/adexl/results/data/Interactive.299/16/ECG_IA:ecg_ia_tb:1. Use results() for a list of available results.
\o WARNING (OCN-6038): Results pz are not available for /home/saul/projects/IL2244_VT26_SAUL/Sim/FECG/fecg_ia_tb/adexl/results/data/Interactive.299/16/ECG_IA:ecg_ia_tb:1. Use results() for a list of available results.
\e *Error* 
\e  Error in locating poles-zeros. Ensure that poles and zeros exist in this simualtion data.
\e 
\o ERROR (ADE-2709): Evaluation of output 'Poles' returned 'nil' for point:'16' test:'ECG_IA:ecg_ia_tb:1'
\o 	Expression:'pzFrequencyAndRealFilter(getData("poles" ?result "pz"))'.
\o Ensure that the definition of output is correct.
\o 
\o WARNING (OCN-6038): Results pnoiseOut1 are not available for /home/saul/projects/IL2244_VT26_SAUL/Sim/FECG/fecg_ia_tb/adexl/results/data/Interactive.299/16/ECG_IA:ecg_ia_tb:1. Use results() for a list of available results.
\o WARNING (OCN-6038): Results pnoiseOut1 are not available for /home/saul/projects/IL2244_VT26_SAUL/Sim/FECG/fecg_ia_tb/adexl/results/data/Interactive.299/16/ECG_IA:ecg_ia_tb:1. Use results() for a list of available results.
\e *Error* ("expt" 0 t nil ("*Error* expt: can't handle (nil**2)"))
\e 
\e 
\o ERROR (ADE-2708): Evaluation of output 'output noise-(VOUT 0); V/sqrt(Hz)' failed for point:'16' test:'ECG_IA:ecg_ia_tb:1'
\o 	Expression:'rfOutputNoise("V/sqrt(Hz)" ?result "pnoiseOut1")'
\o 	because of the following error(s)
\o 	*Error* expt: can't handle (nil**2).
\o Ensure that the definition of output is correct.
\o 
\o 
\o *Info*    Run complete for Point ID (71 16) on testbench [
\o           ECG_IA:ecg_ia_tb:1 ].
\o 
\o 
\o 
\o 
\o 
\o Simulation design variables differ from those on the cellView,
\o they have been saved in the file "/tmp/saved-design-variables".
\o To save future changes, copy variables to cellView before exiting.
\o 
\o 
\o *Info*    Configuring the session ...
\o 
\o 	Library      = FECG
\o 	Cell         = fecg_ia_tb
\o 	View         = schematic
\o 	Simulator    = spectre
\o 	State Path   = $AXL_SETUPDB_DIR/test_states
\o 	State Name   = ECG_IA:ecg_ia_tb:1_none_Interactive.300
\o 	Results DB   = /home/saul/projects/IL2244_VT26_SAUL/FECG/fecg_ia_tb/adexl/results/data/Interactive.300.rdb
\o 	Results Dir  = /home/saul/projects/IL2244_VT26_SAUL/Sim/FECG/fecg_ia_tb/adexl/results/data/Interactive.300/1/ECG_IA:ecg_ia_tb:1
\o 	Results Loc  = /home/saul/projects/IL2244_VT26_SAUL/Sim/FECG/fecg_ia_tb/adexl/results/data
\o 	Project Dir  = /home/saul/projects/IL2244_VT26_SAUL/Sim
\o 	Setup DB loc = /home/saul/projects/IL2244_VT26_SAUL/FECG/fecg_ia_tb/adexl
\o 	File Encoding = 0
\o 
\o 
\o 
\o *Info*    The auto suspension is disabled.
\o 
\o 
\o 
\o 
\o 
\o 
\o *Info*    Run start for Point ID (72 5) on testbench [
\o           ECG_IA:ecg_ia_tb:1 ].
\o 
\o Resetting statistical vars
\o 
\o *Info*    Setting parameter values ...
\o 
\o Setting var FC = "2K"
\o Setting var VCM_AC = "1"
\o Setting var VCM_AMP = "0"
\o Setting var VCM_DC = "1.6"
\o Setting var VDD = "3.63"
\o Setting var VIN_AC = "1"
\o Setting var VIN_AMP = "1m"
\o Setting var VIN_DC = "0"
\o Setting var VIN_FREQ = "50"
\o Setting var temperature = "85"
\o Setting temp(T) = 85
\o 
\o *Info*    Netlist Directory =
\o           /home/saul/projects/IL2244_VT26_SAUL/Sim/FECG/fecg_ia_tb/adexl/results/data/Interactive.300/5/ECG_IA:ecg_ia_tb:1/netlist
\o 
\o 
\o *Info*    Data Directory    =
\o           /home/saul/projects/IL2244_VT26_SAUL/Sim/FECG/fecg_ia_tb/adexl/results/data/Interactive.300/5/ECG_IA:ecg_ia_tb:1
\o 
\o 
\o *Info*    Creating Netlist for Point ID (72 5)
\o 
\o generate netlist...
\o function ansCdlCompPrim redefined
\o function ansCdlCompPrim redefined
\o Begin Incremental Netlisting Mar 18 14:04:39 2026
\o End netlisting Mar 18 14:04:39 2026
\o 
\o Netlisting Statistics:
\o 	Number of components:   50
\o 
\o 	Elapsed time:          0.0s
\o Errors: 0	Warnings: 0
\o       ...successful.
\o compose simulator input file...
\o       ...successful.
\o 
\o *Info*    Running simulation on testbench [ ECG_IA:ecg_ia_tb:1 ] for
\o           Point ID (72 5).
\o 
\o Delete psf data in /home/saul/projects/IL2244_VT26_SAUL/Sim/FECG/fecg_ia_tb/adexl/results/data/Interactive.300/5/ECG_IA:ecg_ia_tb:1/psf.
\o compose simulator input file...
\o       ...successful.
\o start simulator if needed...
\o       ...successful.
\o simulate...
\o To view the simulator output, right-click on the test name, result 
\o name, or any value in the "Results" tab of the Outputs section and 
\o choose "Output Log" menu option.
\o WARNING (ADE-3080): Fast viewing extensions for PSF XL format (also known as RTSF) will be discontinued  
\o        and Virtuoso Visualization and Analysis XL will not use RTSF data to plot waveforms from IC6.1.8 ISR7 onward. 
\o        There will be no performance impact on data visualization due to this change.
\o INFO (ADE-3071): Simulation completed successfully.
\o reading simulation data...
\o       ...successful.
\o *Info*    Client has finished evaluating ... 
\o 
\o WARNING (OCN-6038): Results pz are not available for /home/saul/projects/IL2244_VT26_SAUL/Sim/FECG/fecg_ia_tb/adexl/results/data/Interactive.300/5/ECG_IA:ecg_ia_tb:1. Use results() for a list of available results.
\o WARNING (OCN-6038): Results pz are not available for /home/saul/projects/IL2244_VT26_SAUL/Sim/FECG/fecg_ia_tb/adexl/results/data/Interactive.300/5/ECG_IA:ecg_ia_tb:1. Use results() for a list of available results.
\e *Error* 
\e  Error in locating poles-zeros. Ensure that poles and zeros exist in this simualtion data.
\e 
\o ERROR (ADE-2709): Evaluation of output 'Zeros' returned 'nil' for point:'5' test:'ECG_IA:ecg_ia_tb:1'
\o 	Expression:'pzFrequencyAndRealFilter(getData("zeros" ?result "pz"))'.
\o Ensure that the definition of output is correct.
\o 
\o WARNING (OCN-6038): Results pz are not available for /home/saul/projects/IL2244_VT26_SAUL/Sim/FECG/fecg_ia_tb/adexl/results/data/Interactive.300/5/ECG_IA:ecg_ia_tb:1. Use results() for a list of available results.
\o WARNING (OCN-6038): Results pz are not available for /home/saul/projects/IL2244_VT26_SAUL/Sim/FECG/fecg_ia_tb/adexl/results/data/Interactive.300/5/ECG_IA:ecg_ia_tb:1. Use results() for a list of available results.
\e *Error* 
\e  Error in locating poles-zeros. Ensure that poles and zeros exist in this simualtion data.
\e 
\o ERROR (ADE-2709): Evaluation of output 'Poles' returned 'nil' for point:'5' test:'ECG_IA:ecg_ia_tb:1'
\o 	Expression:'pzFrequencyAndRealFilter(getData("poles" ?result "pz"))'.
\o Ensure that the definition of output is correct.
\o 
\o WARNING (OCN-6038): Results pnoiseOut1 are not available for /home/saul/projects/IL2244_VT26_SAUL/Sim/FECG/fecg_ia_tb/adexl/results/data/Interactive.300/5/ECG_IA:ecg_ia_tb:1. Use results() for a list of available results.
\o WARNING (OCN-6038): Results pnoiseOut1 are not available for /home/saul/projects/IL2244_VT26_SAUL/Sim/FECG/fecg_ia_tb/adexl/results/data/Interactive.300/5/ECG_IA:ecg_ia_tb:1. Use results() for a list of available results.
\e *Error* ("expt" 0 t nil ("*Error* expt: can't handle (nil**2)"))
\e 
\e 
\o ERROR (ADE-2708): Evaluation of output 'output noise-(VOUT 0); V/sqrt(Hz)' failed for point:'5' test:'ECG_IA:ecg_ia_tb:1'
\o 	Expression:'rfOutputNoise("V/sqrt(Hz)" ?result "pnoiseOut1")'
\o 	because of the following error(s)
\o 	*Error* expt: can't handle (nil**2).
\o Ensure that the definition of output is correct.
\o 
\o 
\o *Info*    Run complete for Point ID (72 5) on testbench [
\o           ECG_IA:ecg_ia_tb:1 ].
\o 
\o 
\o 
\o 
\o 
\o 
\o 
\o 
\o 
\o 
\o *Info*    Run start for Point ID (72 12) on testbench [
\o           ECG_IA:ecg_ia_tb:1 ].
\o 
\o Resetting statistical vars
\o 
\o *Info*    Setting parameter values ...
\o 
\o Setting var temperature = "-40"
\o Setting temp(T) = -40
\o 
\o *Info*    Netlist Directory =
\o           /home/saul/projects/IL2244_VT26_SAUL/Sim/FECG/fecg_ia_tb/adexl/results/data/Interactive.300/12/ECG_IA:ecg_ia_tb:1/netlist
\o 
\o 
\o *Info*    Data Directory    =
\o           /home/saul/projects/IL2244_VT26_SAUL/Sim/FECG/fecg_ia_tb/adexl/results/data/Interactive.300/12/ECG_IA:ecg_ia_tb:1
\o 
\o 
\o *Info*    Creating Netlist for Point ID (72 12)
\o 
\o generate netlist...
\o function ansCdlCompPrim redefined
\o function ansCdlCompPrim redefined
\o Begin Incremental Netlisting Mar 18 14:04:46 2026
\o End netlisting Mar 18 14:04:46 2026
\o 
\o 	The netlist is up to date.
\o 	Time taken to compare the design with netlist:   0.0s
\o       ...successful.
\o compose simulator input file...
\o       ...successful.
\o 
\o *Info*    Running simulation on testbench [ ECG_IA:ecg_ia_tb:1 ] for
\o           Point ID (72 12).
\o 
\o Delete psf data in /home/saul/projects/IL2244_VT26_SAUL/Sim/FECG/fecg_ia_tb/adexl/results/data/Interactive.300/12/ECG_IA:ecg_ia_tb:1/psf.
\o compose simulator input file...
\o       ...successful.
\o start simulator if needed...
\o       ...successful.
\o simulate...
\o To view the simulator output, right-click on the test name, result 
\o name, or any value in the "Results" tab of the Outputs section and 
\o choose "Output Log" menu option.
\o WARNING (ADE-3080): Fast viewing extensions for PSF XL format (also known as RTSF) will be discontinued  
\o        and Virtuoso Visualization and Analysis XL will not use RTSF data to plot waveforms from IC6.1.8 ISR7 onward. 
\o        There will be no performance impact on data visualization due to this change.
\o INFO (ADE-3071): Simulation completed successfully.
\o reading simulation data...
\o       ...successful.
\o *Info*    Client has finished evaluating ... 
\o 
\o WARNING (OCN-6038): Results pz are not available for /home/saul/projects/IL2244_VT26_SAUL/Sim/FECG/fecg_ia_tb/adexl/results/data/Interactive.300/12/ECG_IA:ecg_ia_tb:1. Use results() for a list of available results.
\o WARNING (OCN-6038): Results pz are not available for /home/saul/projects/IL2244_VT26_SAUL/Sim/FECG/fecg_ia_tb/adexl/results/data/Interactive.300/12/ECG_IA:ecg_ia_tb:1. Use results() for a list of available results.
\e *Error* 
\e  Error in locating poles-zeros. Ensure that poles and zeros exist in this simualtion data.
\e 
\o ERROR (ADE-2709): Evaluation of output 'Zeros' returned 'nil' for point:'12' test:'ECG_IA:ecg_ia_tb:1'
\o 	Expression:'pzFrequencyAndRealFilter(getData("zeros" ?result "pz"))'.
\o Ensure that the definition of output is correct.
\o 
\o WARNING (OCN-6038): Results pz are not available for /home/saul/projects/IL2244_VT26_SAUL/Sim/FECG/fecg_ia_tb/adexl/results/data/Interactive.300/12/ECG_IA:ecg_ia_tb:1. Use results() for a list of available results.
\o WARNING (OCN-6038): Results pz are not available for /home/saul/projects/IL2244_VT26_SAUL/Sim/FECG/fecg_ia_tb/adexl/results/data/Interactive.300/12/ECG_IA:ecg_ia_tb:1. Use results() for a list of available results.
\e *Error* 
\e  Error in locating poles-zeros. Ensure that poles and zeros exist in this simualtion data.
\e 
\o ERROR (ADE-2709): Evaluation of output 'Poles' returned 'nil' for point:'12' test:'ECG_IA:ecg_ia_tb:1'
\o 	Expression:'pzFrequencyAndRealFilter(getData("poles" ?result "pz"))'.
\o Ensure that the definition of output is correct.
\o 
\o WARNING (OCN-6038): Results pnoiseOut1 are not available for /home/saul/projects/IL2244_VT26_SAUL/Sim/FECG/fecg_ia_tb/adexl/results/data/Interactive.300/12/ECG_IA:ecg_ia_tb:1. Use results() for a list of available results.
\o WARNING (OCN-6038): Results pnoiseOut1 are not available for /home/saul/projects/IL2244_VT26_SAUL/Sim/FECG/fecg_ia_tb/adexl/results/data/Interactive.300/12/ECG_IA:ecg_ia_tb:1. Use results() for a list of available results.
\e *Error* ("expt" 0 t nil ("*Error* expt: can't handle (nil**2)"))
\e 
\e 
\o ERROR (ADE-2708): Evaluation of output 'output noise-(VOUT 0); V/sqrt(Hz)' failed for point:'12' test:'ECG_IA:ecg_ia_tb:1'
\o 	Expression:'rfOutputNoise("V/sqrt(Hz)" ?result "pnoiseOut1")'
\o 	because of the following error(s)
\o 	*Error* expt: can't handle (nil**2).
\o Ensure that the definition of output is correct.
\o 
\o 
\o *Info*    Run complete for Point ID (72 12) on testbench [
\o           ECG_IA:ecg_ia_tb:1 ].
\o 
\o 
\o 
\o 
\o 
\o Simulation design variables differ from those on the cellView,
\o they have been saved in the file "/tmp/saved-design-variables".
\o To save future changes, copy variables to cellView before exiting.
\o 
\o 
\o *Info*    Configuring the session ...
\o 
\o 	Library      = FECG
\o 	Cell         = fecg_ia_tb
\o 	View         = schematic
\o 	Simulator    = spectre
\o 	State Path   = $AXL_SETUPDB_DIR/test_states
\o 	State Name   = MC_ECG_IA:ecg_ia_tb:1:1_state_Interactive.301
\o 	Results DB   = /home/saul/projects/IL2244_VT26_SAUL/FECG/fecg_ia_tb/adexl/results/data/Interactive.301.rdb
\o 	Results Dir  = /home/saul/projects/IL2244_VT26_SAUL/Sim/FECG/fecg_ia_tb/adexl/results/data/Interactive.301/1/MC
\o 	Results Loc  = /home/saul/projects/IL2244_VT26_SAUL/Sim/FECG/fecg_ia_tb/adexl/results/data
\o 	Project Dir  = /home/saul/projects/IL2244_VT26_SAUL/Sim
\o 	Setup DB loc = /home/saul/projects/IL2244_VT26_SAUL/FECG/fecg_ia_tb/adexl
\o 	File Encoding = 0
\o 
\o 
\o 
\o *Info*    The auto suspension is disabled.
\o 
\o 
\o 
\o 
\o 
\o 
\o *Info*    Run start for Point ID (73 5) on testbench [ MC ].
\o 
\o Resetting statistical vars
\o 
\o *Info*    Setting parameter values ...
\o 
\o Setting var FC = "2k"
\o Setting var VCM_AC = "1"
\o Setting var VCM_AMP = "100m"
\o Setting var VCM_DC = "1.6"
\o Setting var VDD = "3.63"
\o Setting var VDD_STEP = "0"
\o Setting var VIN_AC = "1"
\o Setting var VIN_AMP = "0"
\o Setting var VIN_DC = "0"
\o Setting var VIN_FREQ = "50"
\o Setting var VIN_STEP = "0"
\o Setting var temperature = "85"
\o Setting temp(T) = 85
\o 
\o *Info*    Netlist Directory =
\o           /home/saul/projects/IL2244_VT26_SAUL/Sim/FECG/fecg_ia_tb/adexl/results/data/Interactive.301/5/MC/netlist
\o 
\o 
\o *Info*    Data Directory    =
\o           /home/saul/projects/IL2244_VT26_SAUL/Sim/FECG/fecg_ia_tb/adexl/results/data/Interactive.301/5/MC
\o 
\o 
\o *Info*    Creating Netlist for Point ID (73 5)
\o 
\o generate netlist...
\o function ansCdlCompPrim redefined
\o function ansCdlCompPrim redefined
\o Begin Incremental Netlisting Mar 18 14:06:05 2026
\o End netlisting Mar 18 14:06:05 2026
\o 
\o Netlisting Statistics:
\o 	Number of components:   61
\o 
\o 	Elapsed time:          0.0s
\o Errors: 0	Warnings: 0
\o       ...successful.
\o compose simulator input file...
\o       ...successful.
\o 
\o *Info*    Running simulation on testbench [ MC ] for Point ID (73 5).
\o 
\o Delete psf data in /home/saul/projects/IL2244_VT26_SAUL/Sim/FECG/fecg_ia_tb/adexl/results/data/Interactive.301/5/MC/psf.
\o compose simulator input file...
\o       ...successful.
\o start simulator if needed...
\o       ...successful.
\o simulate...
\o To view the simulator output, right-click on the test name, result 
\o name, or any value in the "Results" tab of the Outputs section and 
\o choose "Output Log" menu option.
\o WARNING (ADE-3080): Fast viewing extensions for PSF XL format (also known as RTSF) will be discontinued  
\o        and Virtuoso Visualization and Analysis XL will not use RTSF data to plot waveforms from IC6.1.8 ISR7 onward. 
\o        There will be no performance impact on data visualization due to this change.
\o *Info*    Current simulation for points ((73 5)).
\o *Info*    (ADE-3072): Simulation stopped because you selected the
\o           'Stop Simulation' command in ADE.
\o 
\o INFO (ADE-3067): Errors encountered during simulation. For more information, right-click
\o         on a test name in the 'Results' tab of the Outputs pane and choose 'Output Log'
\o         to view the simulation run log.
\o reading simulation data...
\o       ...successful.
\o *Info*    Client has finished evaluating ... 
\o 
\e *Error* db: can't handle db(nil)
\e 
\e 
\o ERROR (ADE-2709): Evaluation of output 'Fundamental_dB' returned 'nil' for point:'5' test:'MC'
\o 	Expression:'harmonic(db(vh('pss "/VOUT")) 1)'.
\o Ensure that the definition of output is correct.
\o 
\o WARNING (OCN-6038): Results xf are not available for /home/saul/projects/IL2244_VT26_SAUL/Sim/FECG/fecg_ia_tb/adexl/results/data/Interactive.301/5/MC. Use results() for a list of available results.
\o WARNING (OCN-6038): Results xf are not available for /home/saul/projects/IL2244_VT26_SAUL/Sim/FECG/fecg_ia_tb/adexl/results/data/Interactive.301/5/MC. Use results() for a list of available results.
\e *Error* db: can't handle db(nil)
\e 
\e 
\o ERROR (ADE-2709): Evaluation of output 'GAIN_CM' returned 'nil' for point:'5' test:'MC'
\o 	Expression:'db(getData("/V2" ?result "xf"))'.
\o Ensure that the definition of output is correct.
\o 
\o WARNING (OCN-6038): Results xf are not available for /home/saul/projects/IL2244_VT26_SAUL/Sim/FECG/fecg_ia_tb/adexl/results/data/Interactive.301/5/MC. Use results() for a list of available results.
\o WARNING (OCN-6038): Results xf are not available for /home/saul/projects/IL2244_VT26_SAUL/Sim/FECG/fecg_ia_tb/adexl/results/data/Interactive.301/5/MC. Use results() for a list of available results.
\e *Error* db: can't handle db(nil)
\e 
\e 
\o ERROR (ADE-2709): Evaluation of output 'GAIN_DIF' returned 'nil' for point:'5' test:'MC'
\o 	Expression:'db(getData("/V7" ?result "xf"))'.
\o Ensure that the definition of output is correct.
\o 
\o WARNING (OCN-6038): Results ac are not available for /home/saul/projects/IL2244_VT26_SAUL/Sim/FECG/fecg_ia_tb/adexl/results/data/Interactive.301/5/MC/psf. Use results() for a list of available results.
\o WARNING (OCN-6038): Results ac are not available for /home/saul/projects/IL2244_VT26_SAUL/Sim/FECG/fecg_ia_tb/adexl/results/data/Interactive.301/5/MC/psf. Use results() for a list of available results.
\e *Error* mag: can't handle mag(nil)
\e 
\e 
\o ERROR (ADE-2709): Evaluation of output 'value(mag(VF("/VOUT")) 50)' returned 'nil' for point:'5' test:'MC'
\o 	Expression:'value(mag(VF("/VOUT")) 50)'.
\o Ensure that the definition of output is correct.
\o 
\o 
\o *Info*    Run complete for Point ID (73 5) on testbench [ MC ].
\o 
\o 
\o 
\o 
\o 
\o Simulation design variables differ from those on the cellView,
\o they have been saved in the file "/tmp/saved-design-variables".
\o To save future changes, copy variables to cellView before exiting.
\o 
\o 
\o *Info*    Configuring the session ...
\o 
\o 	Library      = FECG
\o 	Cell         = fecg_ia_tb
\o 	View         = schematic
\o 	Simulator    = spectre
\o 	State Path   = $AXL_SETUPDB_DIR/test_states
\o 	State Name   = MC_ECG_IA:ecg_ia_tb:1:1_state_MonteCarlo.0
\o 	Results DB   = /home/saul/projects/IL2244_VT26_SAUL/FECG/fecg_ia_tb/adexl/results/data/MonteCarlo.0.rdb
\o 	Results Dir  = /home/saul/projects/IL2244_VT26_SAUL/Sim/FECG/fecg_ia_tb/adexl/results/data/MonteCarlo.0/1/MC
\o 	Results Loc  = /home/saul/projects/IL2244_VT26_SAUL/Sim/FECG/fecg_ia_tb/adexl/results/data
\o 	Project Dir  = /home/saul/projects/IL2244_VT26_SAUL/Sim
\o 	Setup DB loc = /home/saul/projects/IL2244_VT26_SAUL/FECG/fecg_ia_tb/adexl
\o 	File Encoding = 0
\o 
\o 
\o 
\o *Info*    The auto suspension is disabled.
\o 
\o 
\o 
\o 
\o 
\o 
\o *Info*    Run start for Point ID (74 4) on testbench [ MC ].
\o 
\o Resetting statistical vars
\o 
\o *Info*    Setting parameter values ...
\o 
\o Setting var FC = "2k"
\o Setting var VCM_AC = "1"
\o Setting var VCM_AMP = "100m"
\o Setting var VCM_DC = "1.6"
\o Setting var VDD = "3.63"
\o Setting var VDD_STEP = "0"
\o Setting var VIN_AC = "1"
\o Setting var VIN_AMP = "0"
\o Setting var VIN_DC = "0"
\o Setting var VIN_FREQ = "50"
\o Setting var VIN_STEP = "0"
\o Setting var temperature = "-40"
\o Setting temp(T) = -40
\o 
\o *Info*    Netlist Directory =
\o           /home/saul/projects/IL2244_VT26_SAUL/Sim/FECG/fecg_ia_tb/adexl/results/data/MonteCarlo.0/4/MC/groupRunDataDir/netlist
\o 
\o 
\o *Info*    Data Directory    =
\o           /home/saul/projects/IL2244_VT26_SAUL/Sim/FECG/fecg_ia_tb/adexl/results/data/MonteCarlo.0/4/MC/groupRunDataDir
\o 
\o 
\o *Info*    Creating Netlist for Point ID (74 4)
\o 
\o generate netlist...
\o function ansCdlCompPrim redefined
\o function ansCdlCompPrim redefined
\o Begin Incremental Netlisting Mar 18 14:06:32 2026
\o End netlisting Mar 18 14:06:32 2026
\o 
\o 	The netlist is up to date.
\o 	Time taken to compare the design with netlist:   0.0s
\o       ...successful.
\o compose simulator input file...
\o       ...successful.
\o 
\o *Info*    Running simulation on testbench [ MC ] for Point ID (74 4).
\o 
\o *Info*    Spectre controlMode is set "batch" due to monte carlo run.
\o 
\o Delete psf data in /home/saul/projects/IL2244_VT26_SAUL/Sim/FECG/fecg_ia_tb/adexl/results/data/MonteCarlo.0/4/MC/groupRunDataDir/psf.
\o generate netlist...
\o function ansCdlCompPrim redefined
\o function ansCdlCompPrim redefined
\o Begin Incremental Netlisting Mar 18 14:06:32 2026
\o End netlisting Mar 18 14:06:32 2026
\o 
\o 	The netlist is up to date.
\o 	Time taken to compare the design with netlist:   0.0s
\o       ...successful.
\o compose simulator input file...
\o       ...successful.
\o start simulator if needed...
\o       ...successful.
\o simulate...
\o To view the simulator output, right-click on the test name, result 
\o name, or any value in the "Results" tab of the Outputs section and 
\o choose "Output Log" menu option.
\o WARNING (ADE-3080): Fast viewing extensions for PSF XL format (also known as RTSF) will be discontinued  
\o        and Virtuoso Visualization and Analysis XL will not use RTSF data to plot waveforms from IC6.1.8 ISR7 onward. 
\o        There will be no performance impact on data visualization due to this change.
\o *Info*    Client has finished evaluating ... 
\o 
\o 
\o *Info*    Run complete for Point ID (74 4) on testbench [ MC ].
\o 
\o 
\o 
\o 
\o 
\o *Info*    Client has finished evaluating ... 
\o 
\o 
\o *Info*    Run complete for Point ID (74 21) on testbench [ MC ].
\o 
\o 
\o 
\o 
\o 
\o *Info*    Current simulation for points ((74 4) (74 21) (74 38) (74
\o           55) (74 72) (74 89) (74 106) (74 123) (74 140) (74 157) (74
\o           174) (74 191) (74 208) (74 225) (74 242) (74 259) (74 276)
\o           (74 293) (74 310) (74 327) (74 344) (74 361) (74 378) (74
\o           395) (74 412) (74 429) (74 446) (74 463) (74 480) (74 497)
\o           (74 514) (74 531) (74 548) (74 565) (74 582) (74 599) (74
\o           616) (74 633) (74 650) (74 667) (74 684) (74 701) (74 718)
\o           (74 735) (74 752) (74 769) (74 786) (74 803) (74 820) (74
\o           837) (74 854) (74 871) (74 888) (74 905) (74 922) (74 939)
\o           (74 956) (74 973) (74 990) (74 1007) (74 1024) (74 1041)
\o           (74 1058) (74 1075) (74 1092) (74 1109) (74 1126) (74 1143)
\o           (74 1160) (74 1177) (74 1194) (74 1211) (74 1228) (74 1245)
\o           (74 1262) (74 1279) (74 1296) (74 1313) (74 1330) (74 1347)
\o           (74 1364) (74 1381) (74 1398) (74 1415) (74 1432) (74 1449)
\o           (74 1466) (74 1483) (74 1500) (74 1517) (74 1534) (74 1551)
\o           (74 1568) (74 1585) (74 1602) (74 1619) (74 1636) (74 1653)
\o           (74 1670) (74 1687)).
\o *Info*    (ADE-3072): Simulation stopped because you selected the
\o           'Stop Simulation' command in ADE.
\o 
\o *Info*    Monte Carlo Simulation unsuccessful...
\o *Info*    See simulation output log for more information.
\o INFO (ADE-3067): Errors encountered during simulation. For more information, right-click
\o         on a test name in the 'Results' tab of the Outputs pane and choose 'Output Log'
\o         to view the simulation run log.
\o reading simulation data...
\o       ...successful.
\o Simulation design variables differ from those on the cellView,
\o they have been saved in the file "/tmp/saved-design-variables".
\o To save future changes, copy variables to cellView before exiting.
\o 
\o 
\o *Info*    Configuring the session ...
\o 
\o 	Library      = FECG
\o 	Cell         = fecg_ia_tb
\o 	View         = schematic
\o 	Simulator    = spectre
\o 	State Path   = $AXL_SETUPDB_DIR/test_states
\o 	State Name   = MC_ECG_IA:ecg_ia_tb:1:1_state_MonteCarlo.1
\o 	Results DB   = /home/saul/projects/IL2244_VT26_SAUL/FECG/fecg_ia_tb/adexl/results/data/MonteCarlo.1.rdb
\o 	Results Dir  = /home/saul/projects/IL2244_VT26_SAUL/Sim/FECG/fecg_ia_tb/adexl/results/data/MonteCarlo.1/1/MC
\o 	Results Loc  = /home/saul/projects/IL2244_VT26_SAUL/Sim/FECG/fecg_ia_tb/adexl/results/data
\o 	Project Dir  = /home/saul/projects/IL2244_VT26_SAUL/Sim
\o 	Setup DB loc = /home/saul/projects/IL2244_VT26_SAUL/FECG/fecg_ia_tb/adexl
\o 	File Encoding = 0
\o 
\o 
\o 
\o *Info*    The auto suspension is disabled.
\o 
\o 
\o 
\o 
\o 
\o 
\o *Info*    Run start for Point ID (75 1) on testbench [ MC ].
\o 
\o Resetting statistical vars
\o 
\o *Info*    Setting parameter values ...
\o 
\o Setting var FC = "2k"
\o Setting var VCM_AC = "1"
\o Setting var VCM_AMP = "100m"
\o Setting var VCM_DC = "1.6"
\o Setting var VDD = "3.3"
\o Setting var VDD_STEP = "0"
\o Setting var VIN_AC = "1"
\o Setting var VIN_AMP = "0"
\o Setting var VIN_DC = "0"
\o Setting var VIN_FREQ = "50"
\o Setting var VIN_STEP = "0"
\o Setting var temperature = "27"
\o Setting temp(T) = 27
\o 
\o *Info*    Netlist Directory =
\o           /home/saul/projects/IL2244_VT26_SAUL/Sim/FECG/fecg_ia_tb/adexl/results/data/MonteCarlo.1/1/MC/groupRunDataDir/netlist
\o 
\o 
\o *Info*    Data Directory    =
\o           /home/saul/projects/IL2244_VT26_SAUL/Sim/FECG/fecg_ia_tb/adexl/results/data/MonteCarlo.1/1/MC/groupRunDataDir
\o 
\o 
\o *Info*    Creating Netlist for Point ID (75 1)
\o 
\o generate netlist...
\o function ansCdlCompPrim redefined
\o function ansCdlCompPrim redefined
\o Begin Incremental Netlisting Mar 18 14:07:06 2026
\o End netlisting Mar 18 14:07:06 2026
\o 
\o 	The netlist is up to date.
\o 	Time taken to compare the design with netlist:   0.0s
\o       ...successful.
\o compose simulator input file...
\o       ...successful.
\o 
\o *Info*    Running simulation on testbench [ MC ] for Point ID (75 1).
\o 
\o *Info*    Spectre controlMode is set "batch" due to monte carlo run.
\o 
\o Delete psf data in /home/saul/projects/IL2244_VT26_SAUL/Sim/FECG/fecg_ia_tb/adexl/results/data/MonteCarlo.1/1/MC/groupRunDataDir/psf.
\o generate netlist...
\o function ansCdlCompPrim redefined
\o function ansCdlCompPrim redefined
\o Begin Incremental Netlisting Mar 18 14:07:06 2026
\o End netlisting Mar 18 14:07:06 2026
\o 
\o 	The netlist is up to date.
\o 	Time taken to compare the design with netlist:   0.0s
\o       ...successful.
\o compose simulator input file...
\o       ...successful.
\o start simulator if needed...
\o       ...successful.
\o simulate...
\o To view the simulator output, right-click on the test name, result 
\o name, or any value in the "Results" tab of the Outputs section and 
\o choose "Output Log" menu option.
\o WARNING (ADE-3080): Fast viewing extensions for PSF XL format (also known as RTSF) will be discontinued  
\o        and Virtuoso Visualization and Analysis XL will not use RTSF data to plot waveforms from IC6.1.8 ISR7 onward. 
\o        There will be no performance impact on data visualization due to this change.
\o *Info*    Client has finished evaluating ... 
\o 
\o 
\o *Info*    Run complete for Point ID (75 1) on testbench [ MC ].
\o 
\o 
\o 
\o 
\o 
\o *Info*    Client has finished evaluating ... 
\o 
\o 
\o *Info*    Run complete for Point ID (75 2) on testbench [ MC ].
\o 
\o 
\o 
\o 
\o 
\o *Info*    Client has finished evaluating ... 
\o 
\o 
\o *Info*    Run complete for Point ID (75 3) on testbench [ MC ].
\o 
\o 
\o 
\o 
\o 
\o *Info*    Client has finished evaluating ... 
\o 
\o 
\o *Info*    Run complete for Point ID (75 4) on testbench [ MC ].
\o 
\o 
\o 
\o 
\o 
\o *Info*    Client has finished evaluating ... 
\o 
\o 
\o *Info*    Run complete for Point ID (75 5) on testbench [ MC ].
\o 
\o 
\o 
\o 
\o 
\o *Info*    Client has finished evaluating ... 
\o 
\o 
\o *Info*    Run complete for Point ID (75 6) on testbench [ MC ].
\o 
\o 
\o 
\o 
\o 
\o *Info*    Client has finished evaluating ... 
\o 
\o 
\o *Info*    Run complete for Point ID (75 7) on testbench [ MC ].
\o 
\o 
\o 
\o 
\o 
\o *Info*    Client has finished evaluating ... 
\o 
\o 
\o *Info*    Run complete for Point ID (75 8) on testbench [ MC ].
\o 
\o 
\o 
\o 
\o 
\o *Info*    Client has finished evaluating ... 
\o 
\o 
\o *Info*    Run complete for Point ID (75 9) on testbench [ MC ].
\o 
\o 
\o 
\o 
\o 
\o *Info*    Client has finished evaluating ... 
\o 
\o 
\o *Info*    Run complete for Point ID (75 10) on testbench [ MC ].
\o 
\o 
\o 
\o 
\o 
\o *Info*    Client has finished evaluating ... 
\o 
\o 
\o *Info*    Run complete for Point ID (75 11) on testbench [ MC ].
\o 
\o 
\o 
\o 
\o 
\o *Info*    Client has finished evaluating ... 
\o 
\o 
\o *Info*    Run complete for Point ID (75 12) on testbench [ MC ].
\o 
\o 
\o 
\o 
\o 
\o *Info*    Client has finished evaluating ... 
\o 
\o 
\o *Info*    Run complete for Point ID (75 13) on testbench [ MC ].
\o 
\o 
\o 
\o 
\o 
\o *Info*    Client has finished evaluating ... 
\o 
\o 
\o *Info*    Run complete for Point ID (75 14) on testbench [ MC ].
\o 
\o 
\o 
\o 
\o 
\o *Info*    Client has finished evaluating ... 
\o 
\o 
\o *Info*    Run complete for Point ID (75 15) on testbench [ MC ].
\o 
\o 
\o 
\o 
\o 
\o *Info*    Client has finished evaluating ... 
\o 
\o 
\o *Info*    Run complete for Point ID (75 16) on testbench [ MC ].
\o 
\o 
\o 
\o 
\o 
\o INFO (ADE-3071): Simulation completed successfully.
\o reading simulation data...
\o       ...successful.
\o *Info*    Client has finished evaluating ... 
\o 
\o 
\o *Info*    Run complete for Point ID (75 17) on testbench [ MC ].
\o 
\o 
\o 
\o 
\o 
\o *Info*    Monte Carlo Simulation completed successfully...
\o Simulation design variables differ from those on the cellView,
\o they have been saved in the file "/tmp/saved-design-variables".
\o To save future changes, copy variables to cellView before exiting.
\o 
\o 
\o *Info*    Configuring the session ...
\o 
\o 	Library      = FECG
\o 	Cell         = fecg_ia_tb
\o 	View         = schematic
\o 	Simulator    = spectre
\o 	State Path   = $AXL_SETUPDB_DIR/test_states
\o 	State Name   = MC_ECG_IA:ecg_ia_tb:1:1_state_MonteCarlo.2
\o 	Results DB   = /home/saul/projects/IL2244_VT26_SAUL/FECG/fecg_ia_tb/adexl/results/data/MonteCarlo.2.rdb
\o 	Results Dir  = /home/saul/projects/IL2244_VT26_SAUL/Sim/FECG/fecg_ia_tb/adexl/results/data/MonteCarlo.2/1/MC
\o 	Results Loc  = /home/saul/projects/IL2244_VT26_SAUL/Sim/FECG/fecg_ia_tb/adexl/results/data
\o 	Project Dir  = /home/saul/projects/IL2244_VT26_SAUL/Sim
\o 	Setup DB loc = /home/saul/projects/IL2244_VT26_SAUL/FECG/fecg_ia_tb/adexl
\o 	File Encoding = 0
\o 
\o 
\o 
\o *Info*    The auto suspension is disabled.
\o 
\o 
\o 
\o 
\o 
\o 
\o *Info*    Run start for Point ID (76 69) on testbench [ MC ].
\o 
\o Resetting statistical vars
\o 
\o *Info*    Setting parameter values ...
\o 
\o Setting var FC = "2k"
\o Setting var VCM_AC = "1"
\o Setting var VCM_AMP = "100m"
\o Setting var VCM_DC = "1.6"
\o Setting var VDD = "3.3"
\o Setting var VDD_STEP = "0"
\o Setting var VIN_AC = "1"
\o Setting var VIN_AMP = "0"
\o Setting var VIN_DC = "0"
\o Setting var VIN_FREQ = "50"
\o Setting var VIN_STEP = "0"
\o Setting var temperature = "27"
\o Setting temp(T) = 27
\o 
\o *Info*    Netlist Directory =
\o           /home/saul/projects/IL2244_VT26_SAUL/Sim/FECG/fecg_ia_tb/adexl/results/data/MonteCarlo.2/69/MC/groupRunDataDir/netlist
\o 
\o 
\o *Info*    Data Directory    =
\o           /home/saul/projects/IL2244_VT26_SAUL/Sim/FECG/fecg_ia_tb/adexl/results/data/MonteCarlo.2/69/MC/groupRunDataDir
\o 
\o 
\o *Info*    Creating Netlist for Point ID (76 69)
\o 
\o generate netlist...
\o function ansCdlCompPrim redefined
\o function ansCdlCompPrim redefined
\o Begin Incremental Netlisting Mar 18 14:12:51 2026
\o End netlisting Mar 18 14:12:51 2026
\o 
\o Netlisting Statistics:
\o 	Number of components:   40
\o 
\o 	Elapsed time:          0.0s
\o Errors: 0	Warnings: 0
\o       ...successful.
\o compose simulator input file...
\o       ...successful.
\o 
\o *Info*    Running simulation on testbench [ MC ] for Point ID (76 69).
\o 
\o *Info*    Spectre controlMode is set "batch" due to monte carlo run.
\o 
\o Delete psf data in /home/saul/projects/IL2244_VT26_SAUL/Sim/FECG/fecg_ia_tb/adexl/results/data/MonteCarlo.2/69/MC/groupRunDataDir/psf.
\o generate netlist...
\o function ansCdlCompPrim redefined
\o function ansCdlCompPrim redefined
\o Begin Incremental Netlisting Mar 18 14:12:51 2026
\o End netlisting Mar 18 14:12:51 2026
\o 
\o 	The netlist is up to date.
\o 	Time taken to compare the design with netlist:   0.0s
\o       ...successful.
\o compose simulator input file...
\o       ...successful.
\o start simulator if needed...
\o       ...successful.
\o simulate...
\o To view the simulator output, right-click on the test name, result 
\o name, or any value in the "Results" tab of the Outputs section and 
\o choose "Output Log" menu option.
\o WARNING (ADE-3080): Fast viewing extensions for PSF XL format (also known as RTSF) will be discontinued  
\o        and Virtuoso Visualization and Analysis XL will not use RTSF data to plot waveforms from IC6.1.8 ISR7 onward. 
\o        There will be no performance impact on data visualization due to this change.
\o *Info*    Client has finished evaluating ... 
\o 
\o 
\o *Info*    Run complete for Point ID (76 69) on testbench [ MC ].
\o 
\o 
\o 
\o 
\o 
\o *Info*    Client has finished evaluating ... 
\o 
\o 
\o *Info*    Run complete for Point ID (76 70) on testbench [ MC ].
\o 
\o 
\o 
\o 
\o 
\o *Info*    Client has finished evaluating ... 
\o 
\o 
\o *Info*    Run complete for Point ID (76 71) on testbench [ MC ].
\o 
\o 
\o 
\o 
\o 
\o *Info*    Client has finished evaluating ... 
\o 
\o 
\o *Info*    Run complete for Point ID (76 72) on testbench [ MC ].
\o 
\o 
\o 
\o 
\o 
\o *Info*    Client has finished evaluating ... 
\o 
\o 
\o *Info*    Run complete for Point ID (76 73) on testbench [ MC ].
\o 
\o 
\o 
\o 
\o 
\o *Info*    Current simulation for points ((76 69) (76 70) (76 71) (76
\o           72) (76 73) (76 74) (76 75) (76 76) (76 77) (76 78) (76 79)
\o           (76 80) (76 81) (76 82) (76 83) (76 84) (76 85)).
\o *Info*    (ADE-3072): Simulation stopped because you selected the
\o           'Stop Simulation' command in ADE.
\o 
\o *Info*    Monte Carlo Simulation unsuccessful...
\o *Info*    See simulation output log for more information.
\o INFO (ADE-3067): Errors encountered during simulation. For more information, right-click
\o         on a test name in the 'Results' tab of the Outputs pane and choose 'Output Log'
\o         to view the simulation run log.
\o reading simulation data...
\o       ...successful.
\o Simulation design variables differ from those on the cellView,
\o they have been saved in the file "/tmp/saved-design-variables".
\o To save future changes, copy variables to cellView before exiting.
\o 
\o 
\o *Info*    Configuring the session ...
\o 
\o 	Library      = FECG
\o 	Cell         = fecg_ia_tb
\o 	View         = schematic
\o 	Simulator    = spectre
\o 	State Path   = $AXL_SETUPDB_DIR/test_states
\o 	State Name   = ECG_IA:ecg_ia_tb:1_none_Interactive.303
\o 	Results DB   = /home/saul/projects/IL2244_VT26_SAUL/FECG/fecg_ia_tb/adexl/results/data/Interactive.303.rdb
\o 	Results Dir  = /home/saul/projects/IL2244_VT26_SAUL/Sim/FECG/fecg_ia_tb/adexl/results/data/Interactive.303/1/ECG_IA:ecg_ia_tb:1
\o 	Results Loc  = /home/saul/projects/IL2244_VT26_SAUL/Sim/FECG/fecg_ia_tb/adexl/results/data
\o 	Project Dir  = /home/saul/projects/IL2244_VT26_SAUL/Sim
\o 	Setup DB loc = /home/saul/projects/IL2244_VT26_SAUL/FECG/fecg_ia_tb/adexl
\o 	File Encoding = 0
\o 
\o 
\o 
\o *Info*    The auto suspension is disabled.
\o 
\o 
\o 
\o 
\o 
\o 
\o *Info*    Run start for Point ID (78 1) on testbench [
\o           ECG_IA:ecg_ia_tb:1 ].
\o 
\o Resetting statistical vars
\o 
\o *Info*    Setting parameter values ...
\o 
\o Setting var FC = "2K"
\o Setting var VCM_AC = "1"
\o Setting var VCM_AMP = "0"
\o Setting var VCM_DC = "1.6"
\o Setting var VDD = "3.3"
\o Setting var VIN_AC = "1"
\o Setting var VIN_AMP = "1m"
\o Setting var VIN_DC = "0"
\o Setting var VIN_FREQ = "50"
\o Setting var temperature = "27"
\o Setting temp(T) = 27
\o 
\o *Info*    Netlist Directory =
\o           /home/saul/projects/IL2244_VT26_SAUL/Sim/FECG/fecg_ia_tb/adexl/results/data/Interactive.303/1/ECG_IA:ecg_ia_tb:1/netlist
\o 
\o 
\o *Info*    Data Directory    =
\o           /home/saul/projects/IL2244_VT26_SAUL/Sim/FECG/fecg_ia_tb/adexl/results/data/Interactive.303/1/ECG_IA:ecg_ia_tb:1
\o 
\o 
\o *Info*    Creating Netlist for Point ID (78 1)
\o 
\o generate netlist...
\o function ansCdlCompPrim redefined
\o function ansCdlCompPrim redefined
\o Begin Incremental Netlisting Mar 18 14:14:03 2026
\o End netlisting Mar 18 14:14:03 2026
\o 
\o 	The netlist is up to date.
\o 	Time taken to compare the design with netlist:   0.0s
\o       ...successful.
\o compose simulator input file...
\o       ...successful.
\o 
\o *Info*    Running simulation on testbench [ ECG_IA:ecg_ia_tb:1 ] for
\o           Point ID (78 1).
\o 
\o Delete psf data in /home/saul/projects/IL2244_VT26_SAUL/Sim/FECG/fecg_ia_tb/adexl/results/data/Interactive.303/1/ECG_IA:ecg_ia_tb:1/psf.
\o compose simulator input file...
\o       ...successful.
\o start simulator if needed...
\o       ...successful.
\o simulate...
\o To view the simulator output, right-click on the test name, result 
\o name, or any value in the "Results" tab of the Outputs section and 
\o choose "Output Log" menu option.
\o WARNING (ADE-3080): Fast viewing extensions for PSF XL format (also known as RTSF) will be discontinued  
\o        and Virtuoso Visualization and Analysis XL will not use RTSF data to plot waveforms from IC6.1.8 ISR7 onward. 
\o        There will be no performance impact on data visualization due to this change.
\o INFO (ADE-3071): Simulation completed successfully.
\o reading simulation data...
\o       ...successful.
\o *Info*    Client has finished evaluating ... 
\o 
\o WARNING (OCN-6038): Results pz are not available for /home/saul/projects/IL2244_VT26_SAUL/Sim/FECG/fecg_ia_tb/adexl/results/data/Interactive.303/1/ECG_IA:ecg_ia_tb:1. Use results() for a list of available results.
\o WARNING (OCN-6038): Results pz are not available for /home/saul/projects/IL2244_VT26_SAUL/Sim/FECG/fecg_ia_tb/adexl/results/data/Interactive.303/1/ECG_IA:ecg_ia_tb:1. Use results() for a list of available results.
\e *Error* 
\e  Error in locating poles-zeros. Ensure that poles and zeros exist in this simualtion data.
\e 
\o ERROR (ADE-2709): Evaluation of output 'Zeros' returned 'nil' for point:'1' test:'ECG_IA:ecg_ia_tb:1'
\o 	Expression:'pzFrequencyAndRealFilter(getData("zeros" ?result "pz"))'.
\o Ensure that the definition of output is correct.
\o 
\o WARNING (OCN-6038): Results pz are not available for /home/saul/projects/IL2244_VT26_SAUL/Sim/FECG/fecg_ia_tb/adexl/results/data/Interactive.303/1/ECG_IA:ecg_ia_tb:1. Use results() for a list of available results.
\o WARNING (OCN-6038): Results pz are not available for /home/saul/projects/IL2244_VT26_SAUL/Sim/FECG/fecg_ia_tb/adexl/results/data/Interactive.303/1/ECG_IA:ecg_ia_tb:1. Use results() for a list of available results.
\e *Error* 
\e  Error in locating poles-zeros. Ensure that poles and zeros exist in this simualtion data.
\e 
\o ERROR (ADE-2709): Evaluation of output 'Poles' returned 'nil' for point:'1' test:'ECG_IA:ecg_ia_tb:1'
\o 	Expression:'pzFrequencyAndRealFilter(getData("poles" ?result "pz"))'.
\o Ensure that the definition of output is correct.
\o 
\o WARNING (OCN-6038): Results pnoiseOut1 are not available for /home/saul/projects/IL2244_VT26_SAUL/Sim/FECG/fecg_ia_tb/adexl/results/data/Interactive.303/1/ECG_IA:ecg_ia_tb:1. Use results() for a list of available results.
\o WARNING (OCN-6038): Results pnoiseOut1 are not available for /home/saul/projects/IL2244_VT26_SAUL/Sim/FECG/fecg_ia_tb/adexl/results/data/Interactive.303/1/ECG_IA:ecg_ia_tb:1. Use results() for a list of available results.
\e *Error* ("expt" 0 t nil ("*Error* expt: can't handle (nil**2)"))
\e 
\e 
\o ERROR (ADE-2708): Evaluation of output 'output noise-(VOUT 0); V/sqrt(Hz)' failed for point:'1' test:'ECG_IA:ecg_ia_tb:1'
\o 	Expression:'rfOutputNoise("V/sqrt(Hz)" ?result "pnoiseOut1")'
\o 	because of the following error(s)
\o 	*Error* expt: can't handle (nil**2).
\o Ensure that the definition of output is correct.
\o 
\o 
\o *Info*    Run complete for Point ID (78 1) on testbench [
\o           ECG_IA:ecg_ia_tb:1 ].
\o 
\o 
\o 
\o 
\o 
\o 
\o 
\o 
\o 
\o 
\o *Info*    Run start for Point ID (78 9) on testbench [
\o           ECG_IA:ecg_ia_tb:1 ].
\o 
\o Resetting statistical vars
\o 
\o *Info*    Setting parameter values ...
\o 
\o Setting var VDD = "3.63"
\o Setting var temperature = "85"
\o Setting temp(T) = 85
\o 
\o *Info*    Netlist Directory =
\o           /home/saul/projects/IL2244_VT26_SAUL/Sim/FECG/fecg_ia_tb/adexl/results/data/Interactive.303/9/ECG_IA:ecg_ia_tb:1/netlist
\o 
\o 
\o *Info*    Data Directory    =
\o           /home/saul/projects/IL2244_VT26_SAUL/Sim/FECG/fecg_ia_tb/adexl/results/data/Interactive.303/9/ECG_IA:ecg_ia_tb:1
\o 
\o 
\o *Info*    Creating Netlist for Point ID (78 9)
\o 
\o generate netlist...
\o function ansCdlCompPrim redefined
\o function ansCdlCompPrim redefined
\o Begin Incremental Netlisting Mar 18 14:14:10 2026
\o End netlisting Mar 18 14:14:10 2026
\o 
\o 	The netlist is up to date.
\o 	Time taken to compare the design with netlist:   0.0s
\o       ...successful.
\o compose simulator input file...
\o       ...successful.
\o 
\o *Info*    Running simulation on testbench [ ECG_IA:ecg_ia_tb:1 ] for
\o           Point ID (78 9).
\o 
\o Delete psf data in /home/saul/projects/IL2244_VT26_SAUL/Sim/FECG/fecg_ia_tb/adexl/results/data/Interactive.303/9/ECG_IA:ecg_ia_tb:1/psf.
\o compose simulator input file...
\o       ...successful.
\o start simulator if needed...
\o       ...successful.
\o simulate...
\o To view the simulator output, right-click on the test name, result 
\o name, or any value in the "Results" tab of the Outputs section and 
\o choose "Output Log" menu option.
\o WARNING (ADE-3080): Fast viewing extensions for PSF XL format (also known as RTSF) will be discontinued  
\o        and Virtuoso Visualization and Analysis XL will not use RTSF data to plot waveforms from IC6.1.8 ISR7 onward. 
\o        There will be no performance impact on data visualization due to this change.
\o INFO (ADE-3071): Simulation completed successfully.
\o reading simulation data...
\o       ...successful.
\o *Info*    Client has finished evaluating ... 
\o 
\o WARNING (OCN-6038): Results pz are not available for /home/saul/projects/IL2244_VT26_SAUL/Sim/FECG/fecg_ia_tb/adexl/results/data/Interactive.303/9/ECG_IA:ecg_ia_tb:1. Use results() for a list of available results.
\o WARNING (OCN-6038): Results pz are not available for /home/saul/projects/IL2244_VT26_SAUL/Sim/FECG/fecg_ia_tb/adexl/results/data/Interactive.303/9/ECG_IA:ecg_ia_tb:1. Use results() for a list of available results.
\e *Error* 
\e  Error in locating poles-zeros. Ensure that poles and zeros exist in this simualtion data.
\e 
\o ERROR (ADE-2709): Evaluation of output 'Zeros' returned 'nil' for point:'9' test:'ECG_IA:ecg_ia_tb:1'
\o 	Expression:'pzFrequencyAndRealFilter(getData("zeros" ?result "pz"))'.
\o Ensure that the definition of output is correct.
\o 
\o WARNING (OCN-6038): Results pz are not available for /home/saul/projects/IL2244_VT26_SAUL/Sim/FECG/fecg_ia_tb/adexl/results/data/Interactive.303/9/ECG_IA:ecg_ia_tb:1. Use results() for a list of available results.
\o WARNING (OCN-6038): Results pz are not available for /home/saul/projects/IL2244_VT26_SAUL/Sim/FECG/fecg_ia_tb/adexl/results/data/Interactive.303/9/ECG_IA:ecg_ia_tb:1. Use results() for a list of available results.
\e *Error* 
\e  Error in locating poles-zeros. Ensure that poles and zeros exist in this simualtion data.
\e 
\o ERROR (ADE-2709): Evaluation of output 'Poles' returned 'nil' for point:'9' test:'ECG_IA:ecg_ia_tb:1'
\o 	Expression:'pzFrequencyAndRealFilter(getData("poles" ?result "pz"))'.
\o Ensure that the definition of output is correct.
\o 
\o WARNING (OCN-6038): Results pnoiseOut1 are not available for /home/saul/projects/IL2244_VT26_SAUL/Sim/FECG/fecg_ia_tb/adexl/results/data/Interactive.303/9/ECG_IA:ecg_ia_tb:1. Use results() for a list of available results.
\o WARNING (OCN-6038): Results pnoiseOut1 are not available for /home/saul/projects/IL2244_VT26_SAUL/Sim/FECG/fecg_ia_tb/adexl/results/data/Interactive.303/9/ECG_IA:ecg_ia_tb:1. Use results() for a list of available results.
\e *Error* ("expt" 0 t nil ("*Error* expt: can't handle (nil**2)"))
\e 
\e 
\o ERROR (ADE-2708): Evaluation of output 'output noise-(VOUT 0); V/sqrt(Hz)' failed for point:'9' test:'ECG_IA:ecg_ia_tb:1'
\o 	Expression:'rfOutputNoise("V/sqrt(Hz)" ?result "pnoiseOut1")'
\o 	because of the following error(s)
\o 	*Error* expt: can't handle (nil**2).
\o Ensure that the definition of output is correct.
\o 
\o 
\o *Info*    Run complete for Point ID (78 9) on testbench [
\o           ECG_IA:ecg_ia_tb:1 ].
\o 
\o 
\o 
\o 
\o 
\o 
\o 
\o 
\o 
\o 
\o *Info*    Run start for Point ID (78 17) on testbench [
\o           ECG_IA:ecg_ia_tb:1 ].
\o 
\o Resetting statistical vars
\o 
\o *Info*    Setting parameter values ...
\o 
\o 
\o *Info*    Netlist Directory =
\o           /home/saul/projects/IL2244_VT26_SAUL/Sim/FECG/fecg_ia_tb/adexl/results/data/Interactive.303/17/ECG_IA:ecg_ia_tb:1/netlist
\o 
\o 
\o *Info*    Data Directory    =
\o           /home/saul/projects/IL2244_VT26_SAUL/Sim/FECG/fecg_ia_tb/adexl/results/data/Interactive.303/17/ECG_IA:ecg_ia_tb:1
\o 
\o 
\o *Info*    Creating Netlist for Point ID (78 17)
\o 
\o generate netlist...
\o function ansCdlCompPrim redefined
\o function ansCdlCompPrim redefined
\o Begin Incremental Netlisting Mar 18 14:14:17 2026
\o End netlisting Mar 18 14:14:17 2026
\o 
\o 	The netlist is up to date.
\o 	Time taken to compare the design with netlist:   0.0s
\o       ...successful.
\o compose simulator input file...
\o       ...successful.
\o 
\o *Info*    Running simulation on testbench [ ECG_IA:ecg_ia_tb:1 ] for
\o           Point ID (78 17).
\o 
\o Delete psf data in /home/saul/projects/IL2244_VT26_SAUL/Sim/FECG/fecg_ia_tb/adexl/results/data/Interactive.303/17/ECG_IA:ecg_ia_tb:1/psf.
\o compose simulator input file...
\o       ...successful.
\o start simulator if needed...
\o       ...successful.
\o simulate...
\o To view the simulator output, right-click on the test name, result 
\o name, or any value in the "Results" tab of the Outputs section and 
\o choose "Output Log" menu option.
\o WARNING (ADE-3080): Fast viewing extensions for PSF XL format (also known as RTSF) will be discontinued  
\o        and Virtuoso Visualization and Analysis XL will not use RTSF data to plot waveforms from IC6.1.8 ISR7 onward. 
\o        There will be no performance impact on data visualization due to this change.
\# Memory report: using         548 MB, process size 2,358 MB at UTC 2026.03.18 14:14:19.168
\o INFO (ADE-3071): Simulation completed successfully.
\o reading simulation data...
\o       ...successful.
\o *Info*    Client has finished evaluating ... 
\o 
\o WARNING (OCN-6038): Results pz are not available for /home/saul/projects/IL2244_VT26_SAUL/Sim/FECG/fecg_ia_tb/adexl/results/data/Interactive.303/17/ECG_IA:ecg_ia_tb:1. Use results() for a list of available results.
\o WARNING (OCN-6038): Results pz are not available for /home/saul/projects/IL2244_VT26_SAUL/Sim/FECG/fecg_ia_tb/adexl/results/data/Interactive.303/17/ECG_IA:ecg_ia_tb:1. Use results() for a list of available results.
\e *Error* 
\e  Error in locating poles-zeros. Ensure that poles and zeros exist in this simualtion data.
\e 
\o ERROR (ADE-2709): Evaluation of output 'Zeros' returned 'nil' for point:'17' test:'ECG_IA:ecg_ia_tb:1'
\o 	Expression:'pzFrequencyAndRealFilter(getData("zeros" ?result "pz"))'.
\o Ensure that the definition of output is correct.
\o 
\o WARNING (OCN-6038): Results pz are not available for /home/saul/projects/IL2244_VT26_SAUL/Sim/FECG/fecg_ia_tb/adexl/results/data/Interactive.303/17/ECG_IA:ecg_ia_tb:1. Use results() for a list of available results.
\o WARNING (OCN-6038): Results pz are not available for /home/saul/projects/IL2244_VT26_SAUL/Sim/FECG/fecg_ia_tb/adexl/results/data/Interactive.303/17/ECG_IA:ecg_ia_tb:1. Use results() for a list of available results.
\e *Error* 
\e  Error in locating poles-zeros. Ensure that poles and zeros exist in this simualtion data.
\e 
\o ERROR (ADE-2709): Evaluation of output 'Poles' returned 'nil' for point:'17' test:'ECG_IA:ecg_ia_tb:1'
\o 	Expression:'pzFrequencyAndRealFilter(getData("poles" ?result "pz"))'.
\o Ensure that the definition of output is correct.
\o 
\o WARNING (OCN-6038): Results pnoiseOut1 are not available for /home/saul/projects/IL2244_VT26_SAUL/Sim/FECG/fecg_ia_tb/adexl/results/data/Interactive.303/17/ECG_IA:ecg_ia_tb:1. Use results() for a list of available results.
\o WARNING (OCN-6038): Results pnoiseOut1 are not available for /home/saul/projects/IL2244_VT26_SAUL/Sim/FECG/fecg_ia_tb/adexl/results/data/Interactive.303/17/ECG_IA:ecg_ia_tb:1. Use results() for a list of available results.
\e *Error* ("expt" 0 t nil ("*Error* expt: can't handle (nil**2)"))
\e 
\e 
\o ERROR (ADE-2708): Evaluation of output 'output noise-(VOUT 0); V/sqrt(Hz)' failed for point:'17' test:'ECG_IA:ecg_ia_tb:1'
\o 	Expression:'rfOutputNoise("V/sqrt(Hz)" ?result "pnoiseOut1")'
\o 	because of the following error(s)
\o 	*Error* expt: can't handle (nil**2).
\o Ensure that the definition of output is correct.
\o 
\o 
\o *Info*    Run complete for Point ID (78 17) on testbench [
\o           ECG_IA:ecg_ia_tb:1 ].
\o 
\o 
\o 
\o 
\o 
\o Job 147 timed out after no activity in 300 seconds.
\o Simulation design variables differ from those on the cellView,
\o they have been saved in the file "/tmp/saved-design-variables".
\o To save future changes, copy variables to cellView before exiting.
\o 
\o *Info*    Received signal SIGTERM.
\o 
\o 
