[Simulation Monitor: 107]
[2026-04-15 07:56:57.497 Z] [PROCESS] [cadence.virtuoso.ade.simulationMonitor] - Simulation Monitor has successfully started up. Trying to set up communication channels to other components ... {"hostname": "edatools", "processid": 1900997, "logfile": "/home/saul/projects/IL2244_VT26_SAUL/logs_saul/logs0/Job107.log"}
[2026-04-15 07:56:57.498 Z] [PROCESS] [cadence.virtuoso.ade.simulationMonitor] - Communication channels have been successfully set up. Start processing events ... {"hostname": "edatools", "processid": 1900997, "logfile": "/home/saul/projects/IL2244_VT26_SAUL/logs_saul/logs0/Job107.log"}
[2026-04-15 07:56:57.499 Z] [PROCESS] [cadence.virtuoso.ade.simulationMonitor] - Started History {"hostname": "edatools", "processid": 1900997, "history": "Interactive.70", "logfile": "/home/saul/projects/IL2244_VT26_SAUL/logs_saul/logs0/Job107.log"}
[2026-04-15 07:56:57.499 Z] [PROCESS] [cadence.virtuoso.ade.simulationMonitor] - HostInfo:
Host name (type):	edatools (x86_64)
Operating system:	Linux 6.17.0-20-generic #20~24.04.1-Ubuntu SMP PREEMPT_DYNAMIC Thu Mar 19 01:28:37 UTC 2 {"hostname": "edatools", "processid": 1900997, "history": "Interactive.70", "logfile": "/home/saul/projects/IL2244_VT26_SAUL/logs_saul/logs0/Job107.log", "nodename": "edatools", "domainname": "(none)", "machine": "x86_64", "sysname": "Linux", "release": "6.17.0-20-generic", "version": "#20~24.04.1-Ubuntu SMP PREEMPT_DYNAMIC Thu Mar 19 01:28:37 UTC 2"}
[2026-04-15 07:56:57.499 Z] [PROCESS] [cadence.virtuoso.ade.simulationMonitor] - UsageInfo:
pid=1900997
totalPhysicalMemory=62.544991GB,Used=34.499187GB,totalVirtualMemory=70.544987GB,Used=34.499187GB
Cpu: Cores=16, Load average:1.150000,1.780000,2.310000 {"hostname": "edatools", "processid": 1900997, "history": "Interactive.70", "logfile": "/home/saul/projects/IL2244_VT26_SAUL/logs_saul/logs0/Job107.log", "pid": "1900997", "totalPhysicalMemory": "62.544991", "physicalMemoryUsed": "34.499187", "totalVirtualMemory": "70.544987", "virtualMemoryUsed": "34.499187", "cpuCores": "16", "processes": "2024", "loadAverage1": "1.150000", "loadAverage5": "1.780000", "loadAverage15": "2.310000", "loadAverage1Percent": "0.071875"}
[2026-04-15 07:56:57.499 Z] [EVENT] [cadence.virtuoso.ade.simulationMonitor] - NewPoint {"history": "Interactive.70", "point": 10, "testname": "DC", "cornername": "CMOS_RES_CAP_TEMP_8", "event": "NewPoint", "EventSource": "Simulation Monitor", "HistoryName": "Interactive.70", "logFile": "/home/saul/projects/IL2244_VT26_SAUL/logs_saul/logs0/Job107.log", "logFileSize": "2198"}
[2026-04-15 07:56:57.600 Z] [EVENT] [cadence.virtuoso.ade.simulationMonitor] - NewPoint {"history": "Interactive.70", "point": 10, "testname": "DC", "cornername": "CMOS_RES_CAP_TEMP_8", "event": "NewPoint", "EventSource": "spectre", "HistoryName": "Interactive.70", "logFile": "/home/saul/projects/IL2244_VT26_SAUL/Sim/FBIAS/fbias_gm_c_tb/maestro/results/maestro/Interactive.70/10/DC/psf/spectre.out", "logFileSize": "-1"}
[2026-04-15 07:56:57.651 Z] [PROCESS] [cadence.virtuoso.ade.simulationMonitor] - Simulator launched {"hostname": "edatools", "processid": 1900997, "history": "Interactive.70", "testname": "DC", "cornername": "CMOS_RES_CAP_TEMP_8", "point": 10, "logfile": "/home/saul/projects/IL2244_VT26_SAUL/logs_saul/logs0/Job107.log", "simid": "1"}
[2026-04-15 07:56:57.652 Z] [PROCESS] [cadence.virtuoso.ade.simulationMonitor] - Expression evaluator launched {"hostname": "edatools", "processid": 1900997, "history": "Interactive.70", "testname": "DC", "cornername": "CMOS_RES_CAP_TEMP_8", "point": 10, "logfile": "/home/saul/projects/IL2244_VT26_SAUL/logs_saul/logs0/Job107.log"}
[2026-04-15 07:56:57.672 Z] [PROCESS] [cadence.virtuoso.ade.simulationMonitor] - Started Simulation {"hostname": "edatools", "processid": 1900997, "history": "Interactive.70", "testname": "DC", "cornername": "CMOS_RES_CAP_TEMP_8", "point": 10, "logfile": "/home/saul/projects/IL2244_VT26_SAUL/logs_saul/logs0/Job107.log", "event": "started", "task": "simulation"}
[2026-04-15 07:56:58.173 Z] [INFO] [cadence.virtuoso.ade.simulationMonitor] - Notice from spectre during circuit read-in.
    Pre_Configuration file used: /opt/tools/cadence/installs/SPECTRE241/tools.lnx86/spectre/etc/configs/preset.precfg
    Configuration file used: `/opt/tools/cadence/installs/SPECTRE241/tools.lnx86/spectre/etc/configs/preset.cfg'. {"history": "Interactive.70", "point": 10, "testname": "DC", "cornername": "CMOS_RES_CAP_TEMP_8"}
[2026-04-15 07:56:58.173 Z] [WARN] [cadence.virtuoso.ade.simulationMonitor] -     WARNING (SPECTRE-8360): line 1511: `ac' is an undefined primitive device. {"history": "Interactive.70", "point": 10, "testname": "DC", "cornername": "CMOS_RES_CAP_TEMP_8"}
[2026-04-15 07:56:58.173 Z] [WARN] [cadence.virtuoso.ade.simulationMonitor] -     WARNING (SPECTRE-8360): line 1512: `ac' is an undefined primitive device. {"history": "Interactive.70", "point": 10, "testname": "DC", "cornername": "CMOS_RES_CAP_TEMP_8"}
[2026-04-15 07:56:58.173 Z] [WARN] [cadence.virtuoso.ade.simulationMonitor] -     WARNING (SPECTRE-8360): line 1513: `ac' is an undefined primitive device. {"history": "Interactive.70", "point": 10, "testname": "DC", "cornername": "CMOS_RES_CAP_TEMP_8"}
[2026-04-15 07:56:58.173 Z] [WARN] [cadence.virtuoso.ade.simulationMonitor] -     WARNING (SPECTRE-8360): line 1514: `ac' is an undefined primitive device. {"history": "Interactive.70", "point": 10, "testname": "DC", "cornername": "CMOS_RES_CAP_TEMP_8"}
[2026-04-15 07:56:58.173 Z] [WARN] [cadence.virtuoso.ade.simulationMonitor] -     WARNING (SPECTRE-8360): line 1515: `ac' is an undefined primitive device.
        Further occurrences of this warning will be suppressed. {"history": "Interactive.70", "point": 10, "testname": "DC", "cornername": "CMOS_RES_CAP_TEMP_8"}
[2026-04-15 07:56:58.173 Z] [INFO] [cadence.virtuoso.ade.simulationMonitor] - Peak resident memory used = 173 Mbytes. {"history": "Interactive.70", "point": 10, "testname": "DC", "cornername": "CMOS_RES_CAP_TEMP_8"}
[2026-04-15 07:56:58.173 Z] [WARN] [cadence.virtuoso.ade.simulationMonitor] -     WARNING (VACOMP-2435): The environment variable CDS_AHDLCMI_ENABLE is no longer supported. Therefore, the simulator will use the default compiled C code flow. {"history": "Interactive.70", "point": 10, "testname": "DC", "cornername": "CMOS_RES_CAP_TEMP_8"}
[2026-04-15 07:56:58.174 Z] [WARN] [cadence.virtuoso.ade.simulationMonitor] -     WARNING (SFE-3031): The floating capacitor I0.R2.CS1 is removed. {"history": "Interactive.70", "point": 10, "testname": "DC", "cornername": "CMOS_RES_CAP_TEMP_8"}
[2026-04-15 07:56:58.174 Z] [INFO] [cadence.virtuoso.ade.simulationMonitor] - Peak resident memory used = 189 Mbytes. {"history": "Interactive.70", "point": 10, "testname": "DC", "cornername": "CMOS_RES_CAP_TEMP_8"}
[2026-04-15 07:56:58.174 Z] [INFO] [cadence.virtuoso.ade.simulationMonitor] - Notice from spectre during hierarchy flattening.
    The value 'psf' specified for the 'checklimitdest' option will no longer be supported in future releases. Use 'spectre -h' to see other recommended values for the 'checklimitdest' option. {"history": "Interactive.70", "point": 10, "testname": "DC", "cornername": "CMOS_RES_CAP_TEMP_8"}
[2026-04-15 07:56:58.174 Z] [INFO] [cadence.virtuoso.ade.simulationMonitor] - Peak resident memory used = 191 Mbytes. {"history": "Interactive.70", "point": 10, "testname": "DC", "cornername": "CMOS_RES_CAP_TEMP_8"}
[2026-04-15 07:56:58.174 Z] [WARN] [cadence.virtuoso.ade.simulationMonitor] -     WARNING (SPECTRE-17607): Assert `SOAC_rpolyh_vminuspsub' is ignored because it contains an expression which is invalid or not supported by native evaluator.  {"history": "Interactive.70", "point": 10, "testname": "DC", "cornername": "CMOS_RES_CAP_TEMP_8"}
[2026-04-15 07:56:58.174 Z] [WARN] [cadence.virtuoso.ade.simulationMonitor] -     WARNING (SPECTRE-17607): Assert `SOAC_rpolyh_vpluspsub' is ignored because it contains an expression which is invalid or not supported by native evaluator.  {"history": "Interactive.70", "point": 10, "testname": "DC", "cornername": "CMOS_RES_CAP_TEMP_8"}
[2026-04-15 07:56:58.174 Z] [WARN] [cadence.virtuoso.ade.simulationMonitor] -     WARNING (SPECTRE-16460): SOAC_cvarm_vspsub:Specified subcircuit master `cvarm' was not found. {"history": "Interactive.70", "point": 10, "testname": "DC", "cornername": "CMOS_RES_CAP_TEMP_8"}
[2026-04-15 07:56:58.174 Z] [WARN] [cadence.virtuoso.ade.simulationMonitor] -     WARNING (SPECTRE-16462): SOAC_cvarm_vspsub:Error in specification of subcircuit master. Assert is ignored. {"history": "Interactive.70", "point": 10, "testname": "DC", "cornername": "CMOS_RES_CAP_TEMP_8"}
[2026-04-15 07:56:58.174 Z] [WARN] [cadence.virtuoso.ade.simulationMonitor] -     WARNING (SPECTRE-16460): SOAC_cvarm_vbs:Specified subcircuit master `cvarm' was not found. {"history": "Interactive.70", "point": 10, "testname": "DC", "cornername": "CMOS_RES_CAP_TEMP_8"}
[2026-04-15 07:56:58.174 Z] [WARN] [cadence.virtuoso.ade.simulationMonitor] -     WARNING (SPECTRE-16462): SOAC_cvarm_vbs:Error in specification of subcircuit master. Assert is ignored. {"history": "Interactive.70", "point": 10, "testname": "DC", "cornername": "CMOS_RES_CAP_TEMP_8"}
[2026-04-15 07:56:58.174 Z] [WARN] [cadence.virtuoso.ade.simulationMonitor] -     WARNING (SPECTRE-16460): SOAC_cvarm_vgb:Specified subcircuit master `cvarm' was not found. {"history": "Interactive.70", "point": 10, "testname": "DC", "cornername": "CMOS_RES_CAP_TEMP_8"}
[2026-04-15 07:56:58.174 Z] [WARN] [cadence.virtuoso.ade.simulationMonitor] -     WARNING (SPECTRE-16462): SOAC_cvarm_vgb:Error in specification of subcircuit master. Assert is ignored. {"history": "Interactive.70", "point": 10, "testname": "DC", "cornername": "CMOS_RES_CAP_TEMP_8"}
[2026-04-15 07:56:58.174 Z] [WARN] [cadence.virtuoso.ade.simulationMonitor] -     WARNING (SPECTRE-16460): SOAC_cvart_vspsub:Specified subcircuit master `cvart' was not found. {"history": "Interactive.70", "point": 10, "testname": "DC", "cornername": "CMOS_RES_CAP_TEMP_8"}
[2026-04-15 07:56:58.175 Z] [WARN] [cadence.virtuoso.ade.simulationMonitor] -     WARNING (SPECTRE-16462): SOAC_cvart_vspsub:Error in specification of subcircuit master. Assert is ignored. {"history": "Interactive.70", "point": 10, "testname": "DC", "cornername": "CMOS_RES_CAP_TEMP_8"}
[2026-04-15 07:56:58.175 Z] [WARN] [cadence.virtuoso.ade.simulationMonitor] -     WARNING (SPECTRE-16460): SOAC_cvart_vbs:Specified subcircuit master `cvart' was not found.
        Further occurrences of this warning will be suppressed. {"history": "Interactive.70", "point": 10, "testname": "DC", "cornername": "CMOS_RES_CAP_TEMP_8"}
[2026-04-15 07:56:58.175 Z] [WARN] [cadence.virtuoso.ade.simulationMonitor] -     WARNING (SPECTRE-16462): SOAC_cvart_vbs:Error in specification of subcircuit master. Assert is ignored.
        Further occurrences of this warning will be suppressed. {"history": "Interactive.70", "point": 10, "testname": "DC", "cornername": "CMOS_RES_CAP_TEMP_8"}
[2026-04-15 07:56:58.175 Z] [WARN] [cadence.virtuoso.ade.simulationMonitor] -     WARNING (SPECTRE-17607): Assert `SOAC_modp_vbpsub' is ignored because it contains an expression which is invalid or not supported by native evaluator.  {"history": "Interactive.70", "point": 10, "testname": "DC", "cornername": "CMOS_RES_CAP_TEMP_8"}
[2026-04-15 07:56:58.175 Z] [WARN] [cadence.virtuoso.ade.simulationMonitor] -     WARNING (SPECTRE-17607): Assert `SOAC_modn_vbpsub' is ignored because it contains an expression which is invalid or not supported by native evaluator.  {"history": "Interactive.70", "point": 10, "testname": "DC", "cornername": "CMOS_RES_CAP_TEMP_8"}
[2026-04-15 07:56:58.675 Z] [INFO] [cadence.virtuoso.ade.simulationMonitor] - Notice from spectre during initial setup.
    Multithreading is disabled due to the size of the design being too small. {"history": "Interactive.70", "point": 10, "testname": "DC", "cornername": "CMOS_RES_CAP_TEMP_8"}
[2026-04-15 07:56:58.675 Z] [INFO] [cadence.virtuoso.ade.simulationMonitor] -               nodes 16 {"history": "Interactive.70", "point": 10, "testname": "DC", "cornername": "CMOS_RES_CAP_TEMP_8"}
[2026-04-15 07:56:58.675 Z] [INFO] [cadence.virtuoso.ade.simulationMonitor] - Notice from spectre during initial setup.
    Spectre X preset=cx enabled.
    72 warnings suppressed. {"history": "Interactive.70", "point": 10, "testname": "DC", "cornername": "CMOS_RES_CAP_TEMP_8"}
[2026-04-15 07:56:58.675 Z] [INFO] [cadence.virtuoso.ade.simulationMonitor] - Peak resident memory used = 198 Mbytes. {"history": "Interactive.70", "point": 10, "testname": "DC", "cornername": "CMOS_RES_CAP_TEMP_8"}
[2026-04-15 07:56:58.676 Z] [INFO] [cadence.virtuoso.ade.simulationMonitor] -    -   (Spectre X) Multi-threading. The recommended number of threads is 1, consider adding +mt=1 on command line. {"history": "Interactive.70", "point": 10, "testname": "DC", "cornername": "CMOS_RES_CAP_TEMP_8"}
[2026-04-15 07:56:58.676 Z] [INFO] [cadence.virtuoso.ade.simulationMonitor] - Notice from spectre during DC analysis `dcOp'.
    No checklimit analysis defined for asserts. A default checklimit analysis 'SpectreChecklimitAnal' has been created with all asserts enabled. {"history": "Interactive.70", "point": 10, "testname": "DC", "cornername": "CMOS_RES_CAP_TEMP_8"}
[2026-04-15 07:56:58.676 Z] [WARN] [cadence.virtuoso.ade.simulationMonitor] -     WARNING (CMI-2943): Parameter checks have been ignored because the valid value for parameter 'trise' could not be found in 'I0.R2.CM'. {"history": "Interactive.70", "point": 10, "testname": "DC", "cornername": "CMOS_RES_CAP_TEMP_8"}
[2026-04-15 07:56:58.676 Z] [WARN] [cadence.virtuoso.ade.simulationMonitor] -     WARNING (CMI-2943): Parameter checks have been ignored because the valid value for parameter 'trise' could not be found in 'I0.R2.CS0'. {"history": "Interactive.70", "point": 10, "testname": "DC", "cornername": "CMOS_RES_CAP_TEMP_8"}
[2026-04-15 07:56:58.676 Z] [WARN] [cadence.virtuoso.ade.simulationMonitor] -     WARNING (CMI-2943): Parameter checks have been ignored because the valid value for parameter 'trise' could not be found in 'R0'. {"history": "Interactive.70", "point": 10, "testname": "DC", "cornername": "CMOS_RES_CAP_TEMP_8"}
[2026-04-15 07:56:58.676 Z] [WARN] [cadence.virtuoso.ade.simulationMonitor] -     WARNING (CMI-2943): Parameter checks have been ignored because the valid value for parameter 'trise' could not be found in 'R1'. {"history": "Interactive.70", "point": 10, "testname": "DC", "cornername": "CMOS_RES_CAP_TEMP_8"}
[2026-04-15 07:56:58.676 Z] [INFO] [cadence.virtuoso.ade.simulationMonitor] - Total time required for dc analysis `dcOp': CPU = 34.213 ms, elapsed = 63.426 ms, util. = 53.9%. {"history": "Interactive.70", "point": 10, "testname": "DC", "cornername": "CMOS_RES_CAP_TEMP_8"}
[2026-04-15 07:56:58.676 Z] [INFO] [cadence.virtuoso.ade.simulationMonitor] - Peak resident memory used = 205 Mbytes. {"history": "Interactive.70", "point": 10, "testname": "DC", "cornername": "CMOS_RES_CAP_TEMP_8"}
[2026-04-15 07:56:58.676 Z] [INFO] [cadence.virtuoso.ade.simulationMonitor] - Notice from spectre at VDD = 20e-03 during DC analysis `dc'.
    GminDC = 1 pS is large enough to noticeably affect the DC solution.
        dV(I0.A) = 2.55248 mV
        Use the `gmin_check' option to eliminate or expand this report. {"history": "Interactive.70", "point": 10, "testname": "DC", "cornername": "CMOS_RES_CAP_TEMP_8"}
[2026-04-15 07:56:58.676 Z] [INFO] [cadence.virtuoso.ade.simulationMonitor] - Notice from spectre at VDD = 40e-03 during DC analysis `dc'.
    GminDC = 1 pS is large enough to noticeably affect the DC solution.
        dV(I0.A) = 5.05668 mV
        Use the `gmin_check' option to eliminate or expand this report. {"history": "Interactive.70", "point": 10, "testname": "DC", "cornername": "CMOS_RES_CAP_TEMP_8"}
[2026-04-15 07:56:58.676 Z] [INFO] [cadence.virtuoso.ade.simulationMonitor] - Notice from spectre at VDD = 60e-03 during DC analysis `dc'.
    GminDC = 1 pS is large enough to noticeably affect the DC solution.
        dV(I0.A) = 7.47001 mV
        Use the `gmin_check' option to eliminate or expand this report. {"history": "Interactive.70", "point": 10, "testname": "DC", "cornername": "CMOS_RES_CAP_TEMP_8"}
[2026-04-15 07:56:58.676 Z] [INFO] [cadence.virtuoso.ade.simulationMonitor] - Notice from spectre at VDD = 80e-03 during DC analysis `dc'.
    GminDC = 1 pS is large enough to noticeably affect the DC solution.
        dV(I0.A) = 9.7493 mV
        Use the `gmin_check' option to eliminate or expand this report. {"history": "Interactive.70", "point": 10, "testname": "DC", "cornername": "CMOS_RES_CAP_TEMP_8"}
[2026-04-15 07:56:58.676 Z] [INFO] [cadence.virtuoso.ade.simulationMonitor] - Notice from spectre at VDD = 100e-03 during DC analysis `dc'.
    GminDC = 1 pS is large enough to noticeably affect the DC solution.
        Further occurrences of this notice will be suppressed.
        dV(I0.A) = 11.854 mV
        Further occurrences of this notice will be suppressed.
        Use the `gmin_check' option to eliminate or expand this report.
        Further occurrences of this notice will be suppressed. {"history": "Interactive.70", "point": 10, "testname": "DC", "cornername": "CMOS_RES_CAP_TEMP_8"}
[2026-04-15 07:56:58.676 Z] [WARN] [cadence.virtuoso.ade.simulationMonitor] -     WARNING (CMI-2943): Parameter checks have been ignored because the valid value for parameter 'trise' could not be found in 'I0.R2.CM'. {"history": "Interactive.70", "point": 10, "testname": "DC", "cornername": "CMOS_RES_CAP_TEMP_8"}
[2026-04-15 07:56:58.676 Z] [WARN] [cadence.virtuoso.ade.simulationMonitor] -     WARNING (CMI-2943): Parameter checks have been ignored because the valid value for parameter 'trise' could not be found in 'I0.R2.CS0'. {"history": "Interactive.70", "point": 10, "testname": "DC", "cornername": "CMOS_RES_CAP_TEMP_8"}
[2026-04-15 07:56:58.676 Z] [WARN] [cadence.virtuoso.ade.simulationMonitor] -     WARNING (CMI-2943): Parameter checks have been ignored because the valid value for parameter 'trise' could not be found in 'R0'. {"history": "Interactive.70", "point": 10, "testname": "DC", "cornername": "CMOS_RES_CAP_TEMP_8"}
[2026-04-15 07:56:58.676 Z] [WARN] [cadence.virtuoso.ade.simulationMonitor] -     WARNING (CMI-2943): Parameter checks have been ignored because the valid value for parameter 'trise' could not be found in 'R1'. {"history": "Interactive.70", "point": 10, "testname": "DC", "cornername": "CMOS_RES_CAP_TEMP_8"}
[2026-04-15 07:56:58.676 Z] [INFO] [cadence.virtuoso.ade.simulationMonitor] - Notice from spectre at VDD = 3.3 during DC analysis `dc'.
    The value of parameter 'VDD' has been reset to the original value 0. {"history": "Interactive.70", "point": 10, "testname": "DC", "cornername": "CMOS_RES_CAP_TEMP_8"}
[2026-04-15 07:56:58.676 Z] [INFO] [cadence.virtuoso.ade.simulationMonitor] - Total time required for dc analysis `dc': CPU = 23.743 ms, elapsed = 27.5662 ms, util. = 86.1%. {"history": "Interactive.70", "point": 10, "testname": "DC", "cornername": "CMOS_RES_CAP_TEMP_8"}
[2026-04-15 07:56:58.676 Z] [INFO] [cadence.virtuoso.ade.simulationMonitor] - Peak resident memory used = 205 Mbytes. {"history": "Interactive.70", "point": 10, "testname": "DC", "cornername": "CMOS_RES_CAP_TEMP_8"}
[2026-04-15 07:56:58.676 Z] [INFO] [cadence.virtuoso.ade.simulationMonitor] - Notice from spectre.
    81 notices suppressed. {"history": "Interactive.70", "point": 10, "testname": "DC", "cornername": "CMOS_RES_CAP_TEMP_8"}
[2026-04-15 07:56:58.676 Z] [WARN] [cadence.virtuoso.ade.simulationMonitor] -     WARNING (CMI-2943): Parameter checks have been ignored because the valid value for parameter 'trise' could not be found in 'I0.R2.CM'. {"history": "Interactive.70", "point": 10, "testname": "DC", "cornername": "CMOS_RES_CAP_TEMP_8"}
[2026-04-15 07:56:58.677 Z] [WARN] [cadence.virtuoso.ade.simulationMonitor] -     WARNING (CMI-2943): Parameter checks have been ignored because the valid value for parameter 'trise' could not be found in 'I0.R2.CS0'. {"history": "Interactive.70", "point": 10, "testname": "DC", "cornername": "CMOS_RES_CAP_TEMP_8"}
[2026-04-15 07:56:58.677 Z] [WARN] [cadence.virtuoso.ade.simulationMonitor] -     WARNING (CMI-2943): Parameter checks have been ignored because the valid value for parameter 'trise' could not be found in 'R0'. {"history": "Interactive.70", "point": 10, "testname": "DC", "cornername": "CMOS_RES_CAP_TEMP_8"}
[2026-04-15 07:56:58.677 Z] [WARN] [cadence.virtuoso.ade.simulationMonitor] -     WARNING (CMI-2943): Parameter checks have been ignored because the valid value for parameter 'trise' could not be found in 'R1'. {"history": "Interactive.70", "point": 10, "testname": "DC", "cornername": "CMOS_RES_CAP_TEMP_8"}
[2026-04-15 07:56:58.677 Z] [INFO] [cadence.virtuoso.ade.simulationMonitor] - Notice from spectre during transient analysis `tran'.
    Multithreading is disabled due to the size of the design being too small. {"history": "Interactive.70", "point": 10, "testname": "DC", "cornername": "CMOS_RES_CAP_TEMP_8"}
[2026-04-15 07:56:58.677 Z] [INFO] [cadence.virtuoso.ade.simulationMonitor] - Total time required for tran analysis `tran': CPU = 18.4 ms, elapsed = 20.4101 ms, util. = 90.2%. {"history": "Interactive.70", "point": 10, "testname": "DC", "cornername": "CMOS_RES_CAP_TEMP_8"}
[2026-04-15 07:56:58.677 Z] [INFO] [cadence.virtuoso.ade.simulationMonitor] - Peak resident memory used = 206 Mbytes. {"history": "Interactive.70", "point": 10, "testname": "DC", "cornername": "CMOS_RES_CAP_TEMP_8"}
[2026-04-15 07:56:58.677 Z] [INFO] [cadence.virtuoso.ade.simulationMonitor] - Time used: CPU = 288 ms, elapsed = 656 ms, util. = 44%. {"history": "Interactive.70", "point": 10, "testname": "DC", "cornername": "CMOS_RES_CAP_TEMP_8"}
[2026-04-15 07:56:58.677 Z] [INFO] [cadence.virtuoso.ade.simulationMonitor] - Time spent in licensing: elapsed = 40.9 ms, percentage of total = 6.23%. {"history": "Interactive.70", "point": 10, "testname": "DC", "cornername": "CMOS_RES_CAP_TEMP_8"}
[2026-04-15 07:56:58.677 Z] [INFO] [cadence.virtuoso.ade.simulationMonitor] - Peak memory used = 207 Mbytes. {"history": "Interactive.70", "point": 10, "testname": "DC", "cornername": "CMOS_RES_CAP_TEMP_8"}
[2026-04-15 07:56:58.677 Z] [PROCESS] [cadence.virtuoso.ade.simulationMonitor] - Simulation started at: 7:56:57 AM, Wed Apr 15, 2026, ended at: 7:56:58 AM, Wed Apr 15, 2026, with elapsed time (wall clock): 656 ms. {"history": "Interactive.70", "point": 10, "testname": "DC", "cornername": "CMOS_RES_CAP_TEMP_8"}
[2026-04-15 07:56:58.677 Z] [PROCESS] [cadence.virtuoso.ade.simulationMonitor] - spectre completes with 0 errors, 33 warnings, and 17 notices. {"history": "Interactive.70", "point": 10, "testname": "DC", "cornername": "CMOS_RES_CAP_TEMP_8"}
[2026-04-15 07:56:58.677 Z] [PROCESS] [cadence.virtuoso.ade.simulationMonitor] - Finished simulating for one point {"hostname": "edatools", "processid": 1900997, "history": "Interactive.70", "testname": "DC", "cornername": "CMOS_RES_CAP_TEMP_8", "point": 10, "logfile": "/home/saul/projects/IL2244_VT26_SAUL/logs_saul/logs0/Job107.log", "simid": "1"}
[2026-04-15 07:56:58.677 Z] [PROCESS] [cadence.virtuoso.ade.simulationMonitor] - Simulator exited {"hostname": "edatools", "processid": 1900997, "history": "Interactive.70", "testname": "DC", "cornername": "CMOS_RES_CAP_TEMP_8", "point": 10, "logfile": "/home/saul/projects/IL2244_VT26_SAUL/logs_saul/logs0/Job107.log", "exitStatus": "0"}
[2026-04-15 07:56:58.677 Z] [PROCESS] [cadence.virtuoso.ade.simulationMonitor] - Finished Simulation {"hostname": "edatools", "processid": 1900997, "history": "Interactive.70", "testname": "DC", "cornername": "CMOS_RES_CAP_TEMP_8", "point": 10, "logfile": "/home/saul/projects/IL2244_VT26_SAUL/logs_saul/logs0/Job107.log", "simid": "1"}
[2026-04-15 07:57:00.682 Z] [PROCESS] [cadence.virtuoso.ade.simulationMonitor] - Point Finished {"hostname": "edatools", "processid": 1900997, "history": "Interactive.70", "testname": "DC", "cornername": "CMOS_RES_CAP_TEMP_8", "point": 10, "logfile": "/home/saul/projects/IL2244_VT26_SAUL/logs_saul/logs0/Job107.log"}
[2026-04-15 07:57:00.683 Z] [PROCESS] [cadence.virtuoso.ade.simulationMonitor] - HostInfo:
Host name (type):	edatools (x86_64)
Operating system:	Linux 6.17.0-20-generic #20~24.04.1-Ubuntu SMP PREEMPT_DYNAMIC Thu Mar 19 01:28:37 UTC 2 {"hostname": "edatools", "processid": 1900997, "history": "Interactive.70", "testname": "DC", "cornername": "CMOS_RES_CAP_TEMP_8", "point": 10, "logfile": "/home/saul/projects/IL2244_VT26_SAUL/logs_saul/logs0/Job107.log", "nodename": "edatools", "domainname": "(none)", "machine": "x86_64", "sysname": "Linux", "release": "6.17.0-20-generic", "version": "#20~24.04.1-Ubuntu SMP PREEMPT_DYNAMIC Thu Mar 19 01:28:37 UTC 2"}
[2026-04-15 07:57:00.683 Z] [PROCESS] [cadence.virtuoso.ade.simulationMonitor] - UsageInfo:
pid=1900997
totalPhysicalMemory=62.544991GB,Used=35.180691GB,totalVirtualMemory=70.544987GB,Used=35.180691GB
Cpu: Cores=16, Load average:1.150000,1.780000,2.310000 {"hostname": "edatools", "processid": 1900997, "history": "Interactive.70", "testname": "DC", "cornername": "CMOS_RES_CAP_TEMP_8", "point": 10, "logfile": "/home/saul/projects/IL2244_VT26_SAUL/logs_saul/logs0/Job107.log", "pid": "1900997", "totalPhysicalMemory": "62.544991", "physicalMemoryUsed": "35.180691", "totalVirtualMemory": "70.544987", "virtualMemoryUsed": "35.180691", "cpuCores": "16", "processes": "2040", "loadAverage1": "1.150000", "loadAverage5": "1.780000", "loadAverage15": "2.310000", "loadAverage1Percent": "0.071875"}
[2026-04-15 07:57:00.683 Z] [EVENT] [cadence.virtuoso.ade.simulationMonitor] - NewPoint {"history": "Interactive.70", "point": 20, "testname": "DC", "cornername": "CMOS_RES_CAP_TEMP_18", "event": "NewPoint", "EventSource": "Simulation Monitor", "HistoryName": "Interactive.70", "logFile": "/home/saul/projects/IL2244_VT26_SAUL/logs_saul/logs0/Job107.log", "logFileSize": "25703"}
[2026-04-15 07:57:00.783 Z] [EVENT] [cadence.virtuoso.ade.simulationMonitor] - NewPoint {"history": "Interactive.70", "point": 20, "testname": "DC", "cornername": "CMOS_RES_CAP_TEMP_18", "event": "NewPoint", "EventSource": "spectre", "HistoryName": "Interactive.70", "logFile": "/home/saul/projects/IL2244_VT26_SAUL/Sim/FBIAS/fbias_gm_c_tb/maestro/results/maestro/Interactive.70/20/DC/psf/spectre.out", "logFileSize": "-1"}
[2026-04-15 07:57:00.787 Z] [PROCESS] [cadence.virtuoso.ade.simulationMonitor] - Simulator launched {"hostname": "edatools", "processid": 1900997, "history": "Interactive.70", "testname": "DC", "cornername": "CMOS_RES_CAP_TEMP_18", "point": 20, "logfile": "/home/saul/projects/IL2244_VT26_SAUL/logs_saul/logs0/Job107.log", "simid": "2"}
[2026-04-15 07:57:00.802 Z] [PROCESS] [cadence.virtuoso.ade.simulationMonitor] - Started Simulation {"hostname": "edatools", "processid": 1900997, "history": "Interactive.70", "testname": "DC", "cornername": "CMOS_RES_CAP_TEMP_18", "point": 20, "logfile": "/home/saul/projects/IL2244_VT26_SAUL/logs_saul/logs0/Job107.log", "event": "started", "task": "simulation"}
[2026-04-15 07:57:01.302 Z] [INFO] [cadence.virtuoso.ade.simulationMonitor] - Notice from spectre during circuit read-in.
    Pre_Configuration file used: /opt/tools/cadence/installs/SPECTRE241/tools.lnx86/spectre/etc/configs/preset.precfg
    Configuration file used: `/opt/tools/cadence/installs/SPECTRE241/tools.lnx86/spectre/etc/configs/preset.cfg'. {"history": "Interactive.70", "point": 20, "testname": "DC", "cornername": "CMOS_RES_CAP_TEMP_18"}
[2026-04-15 07:57:01.303 Z] [WARN] [cadence.virtuoso.ade.simulationMonitor] -     WARNING (SPECTRE-8360): line 1511: `ac' is an undefined primitive device. {"history": "Interactive.70", "point": 20, "testname": "DC", "cornername": "CMOS_RES_CAP_TEMP_18"}
[2026-04-15 07:57:01.303 Z] [WARN] [cadence.virtuoso.ade.simulationMonitor] -     WARNING (SPECTRE-8360): line 1512: `ac' is an undefined primitive device. {"history": "Interactive.70", "point": 20, "testname": "DC", "cornername": "CMOS_RES_CAP_TEMP_18"}
[2026-04-15 07:57:01.303 Z] [WARN] [cadence.virtuoso.ade.simulationMonitor] -     WARNING (SPECTRE-8360): line 1513: `ac' is an undefined primitive device. {"history": "Interactive.70", "point": 20, "testname": "DC", "cornername": "CMOS_RES_CAP_TEMP_18"}
[2026-04-15 07:57:01.303 Z] [WARN] [cadence.virtuoso.ade.simulationMonitor] -     WARNING (SPECTRE-8360): line 1514: `ac' is an undefined primitive device. {"history": "Interactive.70", "point": 20, "testname": "DC", "cornername": "CMOS_RES_CAP_TEMP_18"}
[2026-04-15 07:57:01.303 Z] [WARN] [cadence.virtuoso.ade.simulationMonitor] -     WARNING (SPECTRE-8360): line 1515: `ac' is an undefined primitive device.
        Further occurrences of this warning will be suppressed. {"history": "Interactive.70", "point": 20, "testname": "DC", "cornername": "CMOS_RES_CAP_TEMP_18"}
[2026-04-15 07:57:01.303 Z] [INFO] [cadence.virtuoso.ade.simulationMonitor] - Peak resident memory used = 173 Mbytes. {"history": "Interactive.70", "point": 20, "testname": "DC", "cornername": "CMOS_RES_CAP_TEMP_18"}
[2026-04-15 07:57:01.303 Z] [WARN] [cadence.virtuoso.ade.simulationMonitor] -     WARNING (VACOMP-2435): The environment variable CDS_AHDLCMI_ENABLE is no longer supported. Therefore, the simulator will use the default compiled C code flow. {"history": "Interactive.70", "point": 20, "testname": "DC", "cornername": "CMOS_RES_CAP_TEMP_18"}
[2026-04-15 07:57:01.303 Z] [WARN] [cadence.virtuoso.ade.simulationMonitor] -     WARNING (SFE-3031): The floating capacitor I0.R2.CS1 is removed. {"history": "Interactive.70", "point": 20, "testname": "DC", "cornername": "CMOS_RES_CAP_TEMP_18"}
[2026-04-15 07:57:01.303 Z] [INFO] [cadence.virtuoso.ade.simulationMonitor] - Peak resident memory used = 186 Mbytes. {"history": "Interactive.70", "point": 20, "testname": "DC", "cornername": "CMOS_RES_CAP_TEMP_18"}
[2026-04-15 07:57:01.303 Z] [INFO] [cadence.virtuoso.ade.simulationMonitor] - Notice from spectre during hierarchy flattening.
    The value 'psf' specified for the 'checklimitdest' option will no longer be supported in future releases. Use 'spectre -h' to see other recommended values for the 'checklimitdest' option. {"history": "Interactive.70", "point": 20, "testname": "DC", "cornername": "CMOS_RES_CAP_TEMP_18"}
[2026-04-15 07:57:01.303 Z] [INFO] [cadence.virtuoso.ade.simulationMonitor] - Peak resident memory used = 188 Mbytes. {"history": "Interactive.70", "point": 20, "testname": "DC", "cornername": "CMOS_RES_CAP_TEMP_18"}
[2026-04-15 07:57:01.304 Z] [WARN] [cadence.virtuoso.ade.simulationMonitor] -     WARNING (SPECTRE-17607): Assert `SOAC_rpolyh_vminuspsub' is ignored because it contains an expression which is invalid or not supported by native evaluator.  {"history": "Interactive.70", "point": 20, "testname": "DC", "cornername": "CMOS_RES_CAP_TEMP_18"}
[2026-04-15 07:57:01.304 Z] [WARN] [cadence.virtuoso.ade.simulationMonitor] -     WARNING (SPECTRE-17607): Assert `SOAC_rpolyh_vpluspsub' is ignored because it contains an expression which is invalid or not supported by native evaluator.  {"history": "Interactive.70", "point": 20, "testname": "DC", "cornername": "CMOS_RES_CAP_TEMP_18"}
[2026-04-15 07:57:01.304 Z] [WARN] [cadence.virtuoso.ade.simulationMonitor] -     WARNING (SPECTRE-16460): SOAC_cvarm_vspsub:Specified subcircuit master `cvarm' was not found. {"history": "Interactive.70", "point": 20, "testname": "DC", "cornername": "CMOS_RES_CAP_TEMP_18"}
[2026-04-15 07:57:01.304 Z] [WARN] [cadence.virtuoso.ade.simulationMonitor] -     WARNING (SPECTRE-16462): SOAC_cvarm_vspsub:Error in specification of subcircuit master. Assert is ignored. {"history": "Interactive.70", "point": 20, "testname": "DC", "cornername": "CMOS_RES_CAP_TEMP_18"}
[2026-04-15 07:57:01.304 Z] [WARN] [cadence.virtuoso.ade.simulationMonitor] -     WARNING (SPECTRE-16460): SOAC_cvarm_vbs:Specified subcircuit master `cvarm' was not found. {"history": "Interactive.70", "point": 20, "testname": "DC", "cornername": "CMOS_RES_CAP_TEMP_18"}
[2026-04-15 07:57:01.304 Z] [WARN] [cadence.virtuoso.ade.simulationMonitor] -     WARNING (SPECTRE-16462): SOAC_cvarm_vbs:Error in specification of subcircuit master. Assert is ignored. {"history": "Interactive.70", "point": 20, "testname": "DC", "cornername": "CMOS_RES_CAP_TEMP_18"}
[2026-04-15 07:57:01.304 Z] [WARN] [cadence.virtuoso.ade.simulationMonitor] -     WARNING (SPECTRE-16460): SOAC_cvarm_vgb:Specified subcircuit master `cvarm' was not found. {"history": "Interactive.70", "point": 20, "testname": "DC", "cornername": "CMOS_RES_CAP_TEMP_18"}
[2026-04-15 07:57:01.304 Z] [WARN] [cadence.virtuoso.ade.simulationMonitor] -     WARNING (SPECTRE-16462): SOAC_cvarm_vgb:Error in specification of subcircuit master. Assert is ignored. {"history": "Interactive.70", "point": 20, "testname": "DC", "cornername": "CMOS_RES_CAP_TEMP_18"}
[2026-04-15 07:57:01.304 Z] [WARN] [cadence.virtuoso.ade.simulationMonitor] -     WARNING (SPECTRE-16460): SOAC_cvart_vspsub:Specified subcircuit master `cvart' was not found. {"history": "Interactive.70", "point": 20, "testname": "DC", "cornername": "CMOS_RES_CAP_TEMP_18"}
[2026-04-15 07:57:01.304 Z] [WARN] [cadence.virtuoso.ade.simulationMonitor] -     WARNING (SPECTRE-16462): SOAC_cvart_vspsub:Error in specification of subcircuit master. Assert is ignored. {"history": "Interactive.70", "point": 20, "testname": "DC", "cornername": "CMOS_RES_CAP_TEMP_18"}
[2026-04-15 07:57:01.304 Z] [WARN] [cadence.virtuoso.ade.simulationMonitor] -     WARNING (SPECTRE-16460): SOAC_cvart_vbs:Specified subcircuit master `cvart' was not found.
        Further occurrences of this warning will be suppressed. {"history": "Interactive.70", "point": 20, "testname": "DC", "cornername": "CMOS_RES_CAP_TEMP_18"}
[2026-04-15 07:57:01.304 Z] [WARN] [cadence.virtuoso.ade.simulationMonitor] -     WARNING (SPECTRE-16462): SOAC_cvart_vbs:Error in specification of subcircuit master. Assert is ignored.
        Further occurrences of this warning will be suppressed. {"history": "Interactive.70", "point": 20, "testname": "DC", "cornername": "CMOS_RES_CAP_TEMP_18"}
[2026-04-15 07:57:01.304 Z] [WARN] [cadence.virtuoso.ade.simulationMonitor] -     WARNING (SPECTRE-17607): Assert `SOAC_modp_vbpsub' is ignored because it contains an expression which is invalid or not supported by native evaluator.  {"history": "Interactive.70", "point": 20, "testname": "DC", "cornername": "CMOS_RES_CAP_TEMP_18"}
[2026-04-15 07:57:01.304 Z] [WARN] [cadence.virtuoso.ade.simulationMonitor] -     WARNING (SPECTRE-17607): Assert `SOAC_modn_vbpsub' is ignored because it contains an expression which is invalid or not supported by native evaluator.  {"history": "Interactive.70", "point": 20, "testname": "DC", "cornername": "CMOS_RES_CAP_TEMP_18"}
[2026-04-15 07:57:01.805 Z] [INFO] [cadence.virtuoso.ade.simulationMonitor] - Notice from spectre during initial setup.
    Multithreading is disabled due to the size of the design being too small. {"history": "Interactive.70", "point": 20, "testname": "DC", "cornername": "CMOS_RES_CAP_TEMP_18"}
[2026-04-15 07:57:01.805 Z] [INFO] [cadence.virtuoso.ade.simulationMonitor] -               nodes 16 {"history": "Interactive.70", "point": 20, "testname": "DC", "cornername": "CMOS_RES_CAP_TEMP_18"}
[2026-04-15 07:57:01.805 Z] [INFO] [cadence.virtuoso.ade.simulationMonitor] - Notice from spectre during initial setup.
    Spectre X preset=cx enabled.
    72 warnings suppressed. {"history": "Interactive.70", "point": 20, "testname": "DC", "cornername": "CMOS_RES_CAP_TEMP_18"}
[2026-04-15 07:57:01.805 Z] [INFO] [cadence.virtuoso.ade.simulationMonitor] - Peak resident memory used = 196 Mbytes. {"history": "Interactive.70", "point": 20, "testname": "DC", "cornername": "CMOS_RES_CAP_TEMP_18"}
[2026-04-15 07:57:01.805 Z] [INFO] [cadence.virtuoso.ade.simulationMonitor] -    -   (Spectre X) Multi-threading. The recommended number of threads is 1, consider adding +mt=1 on command line. {"history": "Interactive.70", "point": 20, "testname": "DC", "cornername": "CMOS_RES_CAP_TEMP_18"}
[2026-04-15 07:57:01.805 Z] [INFO] [cadence.virtuoso.ade.simulationMonitor] - Notice from spectre during DC analysis `dcOp'.
    No checklimit analysis defined for asserts. A default checklimit analysis 'SpectreChecklimitAnal' has been created with all asserts enabled. {"history": "Interactive.70", "point": 20, "testname": "DC", "cornername": "CMOS_RES_CAP_TEMP_18"}
[2026-04-15 07:57:01.806 Z] [WARN] [cadence.virtuoso.ade.simulationMonitor] -     WARNING (CMI-2943): Parameter checks have been ignored because the valid value for parameter 'trise' could not be found in 'I0.R2.CM'. {"history": "Interactive.70", "point": 20, "testname": "DC", "cornername": "CMOS_RES_CAP_TEMP_18"}
[2026-04-15 07:57:01.806 Z] [WARN] [cadence.virtuoso.ade.simulationMonitor] -     WARNING (CMI-2943): Parameter checks have been ignored because the valid value for parameter 'trise' could not be found in 'I0.R2.CS0'. {"history": "Interactive.70", "point": 20, "testname": "DC", "cornername": "CMOS_RES_CAP_TEMP_18"}
[2026-04-15 07:57:01.806 Z] [WARN] [cadence.virtuoso.ade.simulationMonitor] -     WARNING (CMI-2943): Parameter checks have been ignored because the valid value for parameter 'trise' could not be found in 'R0'. {"history": "Interactive.70", "point": 20, "testname": "DC", "cornername": "CMOS_RES_CAP_TEMP_18"}
[2026-04-15 07:57:01.806 Z] [WARN] [cadence.virtuoso.ade.simulationMonitor] -     WARNING (CMI-2943): Parameter checks have been ignored because the valid value for parameter 'trise' could not be found in 'R1'. {"history": "Interactive.70", "point": 20, "testname": "DC", "cornername": "CMOS_RES_CAP_TEMP_18"}
[2026-04-15 07:57:01.806 Z] [INFO] [cadence.virtuoso.ade.simulationMonitor] - Total time required for dc analysis `dcOp': CPU = 32.145 ms, elapsed = 48.1329 ms, util. = 66.8%. {"history": "Interactive.70", "point": 20, "testname": "DC", "cornername": "CMOS_RES_CAP_TEMP_18"}
[2026-04-15 07:57:01.806 Z] [INFO] [cadence.virtuoso.ade.simulationMonitor] - Peak resident memory used = 203 Mbytes. {"history": "Interactive.70", "point": 20, "testname": "DC", "cornername": "CMOS_RES_CAP_TEMP_18"}
[2026-04-15 07:57:01.806 Z] [INFO] [cadence.virtuoso.ade.simulationMonitor] - Notice from spectre at VDD = 20e-03 during DC analysis `dc'.
    GminDC = 1 pS is large enough to noticeably affect the DC solution.
        dV(I0.A) = 2.56659 mV
        Use the `gmin_check' option to eliminate or expand this report. {"history": "Interactive.70", "point": 20, "testname": "DC", "cornername": "CMOS_RES_CAP_TEMP_18"}
[2026-04-15 07:57:01.806 Z] [INFO] [cadence.virtuoso.ade.simulationMonitor] - Notice from spectre at VDD = 40e-03 during DC analysis `dc'.
    GminDC = 1 pS is large enough to noticeably affect the DC solution.
        dV(I0.A) = 5.12616 mV
        Use the `gmin_check' option to eliminate or expand this report. {"history": "Interactive.70", "point": 20, "testname": "DC", "cornername": "CMOS_RES_CAP_TEMP_18"}
[2026-04-15 07:57:01.806 Z] [INFO] [cadence.virtuoso.ade.simulationMonitor] - Notice from spectre at VDD = 60e-03 during DC analysis `dc'.
    GminDC = 1 pS is large enough to noticeably affect the DC solution.
        dV(I0.A) = 7.6333 mV
        Use the `gmin_check' option to eliminate or expand this report. {"history": "Interactive.70", "point": 20, "testname": "DC", "cornername": "CMOS_RES_CAP_TEMP_18"}
[2026-04-15 07:57:01.806 Z] [INFO] [cadence.virtuoso.ade.simulationMonitor] - Notice from spectre at VDD = 80e-03 during DC analysis `dc'.
    GminDC = 1 pS is large enough to noticeably affect the DC solution.
        dV(I0.A) = 10.0402 mV
        Use the `gmin_check' option to eliminate or expand this report. {"history": "Interactive.70", "point": 20, "testname": "DC", "cornername": "CMOS_RES_CAP_TEMP_18"}
[2026-04-15 07:57:01.806 Z] [INFO] [cadence.virtuoso.ade.simulationMonitor] - Notice from spectre at VDD = 100e-03 during DC analysis `dc'.
    GminDC = 1 pS is large enough to noticeably affect the DC solution.
        Further occurrences of this notice will be suppressed.
        dV(I0.A) = 12.3001 mV
        Further occurrences of this notice will be suppressed.
        Use the `gmin_check' option to eliminate or expand this report.
        Further occurrences of this notice will be suppressed. {"history": "Interactive.70", "point": 20, "testname": "DC", "cornername": "CMOS_RES_CAP_TEMP_18"}
[2026-04-15 07:57:01.806 Z] [WARN] [cadence.virtuoso.ade.simulationMonitor] -     WARNING (CMI-2943): Parameter checks have been ignored because the valid value for parameter 'trise' could not be found in 'I0.R2.CM'. {"history": "Interactive.70", "point": 20, "testname": "DC", "cornername": "CMOS_RES_CAP_TEMP_18"}
[2026-04-15 07:57:01.806 Z] [WARN] [cadence.virtuoso.ade.simulationMonitor] -     WARNING (CMI-2943): Parameter checks have been ignored because the valid value for parameter 'trise' could not be found in 'I0.R2.CS0'. {"history": "Interactive.70", "point": 20, "testname": "DC", "cornername": "CMOS_RES_CAP_TEMP_18"}
[2026-04-15 07:57:01.806 Z] [WARN] [cadence.virtuoso.ade.simulationMonitor] -     WARNING (CMI-2943): Parameter checks have been ignored because the valid value for parameter 'trise' could not be found in 'R0'. {"history": "Interactive.70", "point": 20, "testname": "DC", "cornername": "CMOS_RES_CAP_TEMP_18"}
[2026-04-15 07:57:01.807 Z] [WARN] [cadence.virtuoso.ade.simulationMonitor] -     WARNING (CMI-2943): Parameter checks have been ignored because the valid value for parameter 'trise' could not be found in 'R1'. {"history": "Interactive.70", "point": 20, "testname": "DC", "cornername": "CMOS_RES_CAP_TEMP_18"}
[2026-04-15 07:57:01.807 Z] [INFO] [cadence.virtuoso.ade.simulationMonitor] - Notice from spectre at VDD = 3.3 during DC analysis `dc'.
    The value of parameter 'VDD' has been reset to the original value 0. {"history": "Interactive.70", "point": 20, "testname": "DC", "cornername": "CMOS_RES_CAP_TEMP_18"}
[2026-04-15 07:57:01.807 Z] [INFO] [cadence.virtuoso.ade.simulationMonitor] - Total time required for dc analysis `dc': CPU = 21.234 ms, elapsed = 24.569 ms, util. = 86.4%. {"history": "Interactive.70", "point": 20, "testname": "DC", "cornername": "CMOS_RES_CAP_TEMP_18"}
[2026-04-15 07:57:01.807 Z] [INFO] [cadence.virtuoso.ade.simulationMonitor] - Peak resident memory used = 203 Mbytes. {"history": "Interactive.70", "point": 20, "testname": "DC", "cornername": "CMOS_RES_CAP_TEMP_18"}
[2026-04-15 07:57:01.807 Z] [INFO] [cadence.virtuoso.ade.simulationMonitor] - Notice from spectre.
    56 notices suppressed. {"history": "Interactive.70", "point": 20, "testname": "DC", "cornername": "CMOS_RES_CAP_TEMP_18"}
[2026-04-15 07:57:01.807 Z] [WARN] [cadence.virtuoso.ade.simulationMonitor] -     WARNING (CMI-2943): Parameter checks have been ignored because the valid value for parameter 'trise' could not be found in 'I0.R2.CM'. {"history": "Interactive.70", "point": 20, "testname": "DC", "cornername": "CMOS_RES_CAP_TEMP_18"}
[2026-04-15 07:57:01.807 Z] [WARN] [cadence.virtuoso.ade.simulationMonitor] -     WARNING (CMI-2943): Parameter checks have been ignored because the valid value for parameter 'trise' could not be found in 'I0.R2.CS0'. {"history": "Interactive.70", "point": 20, "testname": "DC", "cornername": "CMOS_RES_CAP_TEMP_18"}
[2026-04-15 07:57:01.807 Z] [WARN] [cadence.virtuoso.ade.simulationMonitor] -     WARNING (CMI-2943): Parameter checks have been ignored because the valid value for parameter 'trise' could not be found in 'R0'. {"history": "Interactive.70", "point": 20, "testname": "DC", "cornername": "CMOS_RES_CAP_TEMP_18"}
[2026-04-15 07:57:01.807 Z] [WARN] [cadence.virtuoso.ade.simulationMonitor] -     WARNING (CMI-2943): Parameter checks have been ignored because the valid value for parameter 'trise' could not be found in 'R1'. {"history": "Interactive.70", "point": 20, "testname": "DC", "cornername": "CMOS_RES_CAP_TEMP_18"}
[2026-04-15 07:57:01.807 Z] [INFO] [cadence.virtuoso.ade.simulationMonitor] - Notice from spectre during transient analysis `tran'.
    Multithreading is disabled due to the size of the design being too small. {"history": "Interactive.70", "point": 20, "testname": "DC", "cornername": "CMOS_RES_CAP_TEMP_18"}
[2026-04-15 07:57:01.807 Z] [INFO] [cadence.virtuoso.ade.simulationMonitor] - Total time required for tran analysis `tran': CPU = 10.51 ms, elapsed = 12.383 ms, util. = 84.9%. {"history": "Interactive.70", "point": 20, "testname": "DC", "cornername": "CMOS_RES_CAP_TEMP_18"}
[2026-04-15 07:57:01.807 Z] [INFO] [cadence.virtuoso.ade.simulationMonitor] - Peak resident memory used = 205 Mbytes. {"history": "Interactive.70", "point": 20, "testname": "DC", "cornername": "CMOS_RES_CAP_TEMP_18"}
[2026-04-15 07:57:01.807 Z] [INFO] [cadence.virtuoso.ade.simulationMonitor] - Time used: CPU = 234 ms, elapsed = 508 ms, util. = 46.1%. {"history": "Interactive.70", "point": 20, "testname": "DC", "cornername": "CMOS_RES_CAP_TEMP_18"}
[2026-04-15 07:57:01.807 Z] [INFO] [cadence.virtuoso.ade.simulationMonitor] - Time spent in licensing: elapsed = 37.2 ms, percentage of total = 7.34%. {"history": "Interactive.70", "point": 20, "testname": "DC", "cornername": "CMOS_RES_CAP_TEMP_18"}
[2026-04-15 07:57:01.807 Z] [INFO] [cadence.virtuoso.ade.simulationMonitor] - Peak memory used = 205 Mbytes. {"history": "Interactive.70", "point": 20, "testname": "DC", "cornername": "CMOS_RES_CAP_TEMP_18"}
[2026-04-15 07:57:01.807 Z] [PROCESS] [cadence.virtuoso.ade.simulationMonitor] - Simulation started at: 7:57:00 AM, Wed Apr 15, 2026, ended at: 7:57:01 AM, Wed Apr 15, 2026, with elapsed time (wall clock): 508 ms. {"history": "Interactive.70", "point": 20, "testname": "DC", "cornername": "CMOS_RES_CAP_TEMP_18"}
[2026-04-15 07:57:01.808 Z] [PROCESS] [cadence.virtuoso.ade.simulationMonitor] - spectre completes with 0 errors, 33 warnings, and 17 notices. {"history": "Interactive.70", "point": 20, "testname": "DC", "cornername": "CMOS_RES_CAP_TEMP_18"}
[2026-04-15 07:57:01.808 Z] [PROCESS] [cadence.virtuoso.ade.simulationMonitor] - Finished simulating for one point {"hostname": "edatools", "processid": 1900997, "history": "Interactive.70", "testname": "DC", "cornername": "CMOS_RES_CAP_TEMP_18", "point": 20, "logfile": "/home/saul/projects/IL2244_VT26_SAUL/logs_saul/logs0/Job107.log", "simid": "2"}
[2026-04-15 07:57:01.808 Z] [PROCESS] [cadence.virtuoso.ade.simulationMonitor] - Simulator exited {"hostname": "edatools", "processid": 1900997, "history": "Interactive.70", "testname": "DC", "cornername": "CMOS_RES_CAP_TEMP_18", "point": 20, "logfile": "/home/saul/projects/IL2244_VT26_SAUL/logs_saul/logs0/Job107.log", "exitStatus": "0"}
[2026-04-15 07:57:01.808 Z] [PROCESS] [cadence.virtuoso.ade.simulationMonitor] - Finished Simulation {"hostname": "edatools", "processid": 1900997, "history": "Interactive.70", "testname": "DC", "cornername": "CMOS_RES_CAP_TEMP_18", "point": 20, "logfile": "/home/saul/projects/IL2244_VT26_SAUL/logs_saul/logs0/Job107.log", "simid": "2"}
[2026-04-15 07:57:02.812 Z] [PROCESS] [cadence.virtuoso.ade.simulationMonitor] - Point Finished {"hostname": "edatools", "processid": 1900997, "history": "Interactive.70", "testname": "DC", "cornername": "CMOS_RES_CAP_TEMP_18", "point": 20, "logfile": "/home/saul/projects/IL2244_VT26_SAUL/logs_saul/logs0/Job107.log"}
[2026-04-15 07:57:02.813 Z] [PROCESS] [cadence.virtuoso.ade.simulationMonitor] - HostInfo:
Host name (type):	edatools (x86_64)
Operating system:	Linux 6.17.0-20-generic #20~24.04.1-Ubuntu SMP PREEMPT_DYNAMIC Thu Mar 19 01:28:37 UTC 2 {"hostname": "edatools", "processid": 1900997, "history": "Interactive.70", "testname": "DC", "cornername": "CMOS_RES_CAP_TEMP_18", "point": 20, "logfile": "/home/saul/projects/IL2244_VT26_SAUL/logs_saul/logs0/Job107.log", "nodename": "edatools", "domainname": "(none)", "machine": "x86_64", "sysname": "Linux", "release": "6.17.0-20-generic", "version": "#20~24.04.1-Ubuntu SMP PREEMPT_DYNAMIC Thu Mar 19 01:28:37 UTC 2"}
[2026-04-15 07:57:02.813 Z] [PROCESS] [cadence.virtuoso.ade.simulationMonitor] - UsageInfo:
pid=1900997
totalPhysicalMemory=62.544991GB,Used=35.290901GB,totalVirtualMemory=70.544987GB,Used=35.290901GB
Cpu: Cores=16, Load average:1.540000,1.850000,2.330000 {"hostname": "edatools", "processid": 1900997, "history": "Interactive.70", "testname": "DC", "cornername": "CMOS_RES_CAP_TEMP_18", "point": 20, "logfile": "/home/saul/projects/IL2244_VT26_SAUL/logs_saul/logs0/Job107.log", "pid": "1900997", "totalPhysicalMemory": "62.544991", "physicalMemoryUsed": "35.290901", "totalVirtualMemory": "70.544987", "virtualMemoryUsed": "35.290901", "cpuCores": "16", "processes": "2062", "loadAverage1": "1.540000", "loadAverage5": "1.850000", "loadAverage15": "2.330000", "loadAverage1Percent": "0.096250"}
[2026-04-15 07:57:02.814 Z] [EVENT] [cadence.virtuoso.ade.simulationMonitor] - NewPoint {"history": "Interactive.70", "point": 26, "testname": "DC", "cornername": "CMOS_RES_CAP_TEMP_24", "event": "NewPoint", "EventSource": "Simulation Monitor", "HistoryName": "Interactive.70", "logFile": "/home/saul/projects/IL2244_VT26_SAUL/logs_saul/logs0/Job107.log", "logFileSize": "48952"}
[2026-04-15 07:57:02.914 Z] [EVENT] [cadence.virtuoso.ade.simulationMonitor] - NewPoint {"history": "Interactive.70", "point": 26, "testname": "DC", "cornername": "CMOS_RES_CAP_TEMP_24", "event": "NewPoint", "EventSource": "spectre", "HistoryName": "Interactive.70", "logFile": "/home/saul/projects/IL2244_VT26_SAUL/Sim/FBIAS/fbias_gm_c_tb/maestro/results/maestro/Interactive.70/26/DC/psf/spectre.out", "logFileSize": "-1"}
[2026-04-15 07:57:02.917 Z] [PROCESS] [cadence.virtuoso.ade.simulationMonitor] - Simulator launched {"hostname": "edatools", "processid": 1900997, "history": "Interactive.70", "testname": "DC", "cornername": "CMOS_RES_CAP_TEMP_24", "point": 26, "logfile": "/home/saul/projects/IL2244_VT26_SAUL/logs_saul/logs0/Job107.log", "simid": "3"}
[2026-04-15 07:57:02.932 Z] [PROCESS] [cadence.virtuoso.ade.simulationMonitor] - Started Simulation {"hostname": "edatools", "processid": 1900997, "history": "Interactive.70", "testname": "DC", "cornername": "CMOS_RES_CAP_TEMP_24", "point": 26, "logfile": "/home/saul/projects/IL2244_VT26_SAUL/logs_saul/logs0/Job107.log", "event": "started", "task": "simulation"}
[2026-04-15 07:57:03.432 Z] [INFO] [cadence.virtuoso.ade.simulationMonitor] - Notice from spectre during circuit read-in.
    Pre_Configuration file used: /opt/tools/cadence/installs/SPECTRE241/tools.lnx86/spectre/etc/configs/preset.precfg
    Configuration file used: `/opt/tools/cadence/installs/SPECTRE241/tools.lnx86/spectre/etc/configs/preset.cfg'. {"history": "Interactive.70", "point": 26, "testname": "DC", "cornername": "CMOS_RES_CAP_TEMP_24"}
[2026-04-15 07:57:03.433 Z] [WARN] [cadence.virtuoso.ade.simulationMonitor] -     WARNING (SPECTRE-8360): line 1511: `ac' is an undefined primitive device. {"history": "Interactive.70", "point": 26, "testname": "DC", "cornername": "CMOS_RES_CAP_TEMP_24"}
[2026-04-15 07:57:03.433 Z] [WARN] [cadence.virtuoso.ade.simulationMonitor] -     WARNING (SPECTRE-8360): line 1512: `ac' is an undefined primitive device. {"history": "Interactive.70", "point": 26, "testname": "DC", "cornername": "CMOS_RES_CAP_TEMP_24"}
[2026-04-15 07:57:03.433 Z] [WARN] [cadence.virtuoso.ade.simulationMonitor] -     WARNING (SPECTRE-8360): line 1513: `ac' is an undefined primitive device. {"history": "Interactive.70", "point": 26, "testname": "DC", "cornername": "CMOS_RES_CAP_TEMP_24"}
[2026-04-15 07:57:03.433 Z] [WARN] [cadence.virtuoso.ade.simulationMonitor] -     WARNING (SPECTRE-8360): line 1514: `ac' is an undefined primitive device. {"history": "Interactive.70", "point": 26, "testname": "DC", "cornername": "CMOS_RES_CAP_TEMP_24"}
[2026-04-15 07:57:03.433 Z] [WARN] [cadence.virtuoso.ade.simulationMonitor] -     WARNING (SPECTRE-8360): line 1515: `ac' is an undefined primitive device.
        Further occurrences of this warning will be suppressed. {"history": "Interactive.70", "point": 26, "testname": "DC", "cornername": "CMOS_RES_CAP_TEMP_24"}
[2026-04-15 07:57:03.433 Z] [INFO] [cadence.virtuoso.ade.simulationMonitor] - Peak resident memory used = 173 Mbytes. {"history": "Interactive.70", "point": 26, "testname": "DC", "cornername": "CMOS_RES_CAP_TEMP_24"}
[2026-04-15 07:57:03.433 Z] [WARN] [cadence.virtuoso.ade.simulationMonitor] -     WARNING (VACOMP-2435): The environment variable CDS_AHDLCMI_ENABLE is no longer supported. Therefore, the simulator will use the default compiled C code flow. {"history": "Interactive.70", "point": 26, "testname": "DC", "cornername": "CMOS_RES_CAP_TEMP_24"}
[2026-04-15 07:57:03.433 Z] [WARN] [cadence.virtuoso.ade.simulationMonitor] -     WARNING (SFE-3031): The floating capacitor I0.R2.CS1 is removed. {"history": "Interactive.70", "point": 26, "testname": "DC", "cornername": "CMOS_RES_CAP_TEMP_24"}
[2026-04-15 07:57:03.433 Z] [INFO] [cadence.virtuoso.ade.simulationMonitor] - Peak resident memory used = 186 Mbytes. {"history": "Interactive.70", "point": 26, "testname": "DC", "cornername": "CMOS_RES_CAP_TEMP_24"}
[2026-04-15 07:57:03.433 Z] [INFO] [cadence.virtuoso.ade.simulationMonitor] - Notice from spectre during hierarchy flattening.
    The value 'psf' specified for the 'checklimitdest' option will no longer be supported in future releases. Use 'spectre -h' to see other recommended values for the 'checklimitdest' option. {"history": "Interactive.70", "point": 26, "testname": "DC", "cornername": "CMOS_RES_CAP_TEMP_24"}
[2026-04-15 07:57:03.433 Z] [INFO] [cadence.virtuoso.ade.simulationMonitor] - Peak resident memory used = 188 Mbytes. {"history": "Interactive.70", "point": 26, "testname": "DC", "cornername": "CMOS_RES_CAP_TEMP_24"}
[2026-04-15 07:57:03.433 Z] [WARN] [cadence.virtuoso.ade.simulationMonitor] -     WARNING (SPECTRE-17607): Assert `SOAC_rpolyh_vminuspsub' is ignored because it contains an expression which is invalid or not supported by native evaluator.  {"history": "Interactive.70", "point": 26, "testname": "DC", "cornername": "CMOS_RES_CAP_TEMP_24"}
[2026-04-15 07:57:03.433 Z] [WARN] [cadence.virtuoso.ade.simulationMonitor] -     WARNING (SPECTRE-17607): Assert `SOAC_rpolyh_vpluspsub' is ignored because it contains an expression which is invalid or not supported by native evaluator.  {"history": "Interactive.70", "point": 26, "testname": "DC", "cornername": "CMOS_RES_CAP_TEMP_24"}
[2026-04-15 07:57:03.433 Z] [WARN] [cadence.virtuoso.ade.simulationMonitor] -     WARNING (SPECTRE-16460): SOAC_cvarm_vspsub:Specified subcircuit master `cvarm' was not found. {"history": "Interactive.70", "point": 26, "testname": "DC", "cornername": "CMOS_RES_CAP_TEMP_24"}
[2026-04-15 07:57:03.433 Z] [WARN] [cadence.virtuoso.ade.simulationMonitor] -     WARNING (SPECTRE-16462): SOAC_cvarm_vspsub:Error in specification of subcircuit master. Assert is ignored. {"history": "Interactive.70", "point": 26, "testname": "DC", "cornername": "CMOS_RES_CAP_TEMP_24"}
[2026-04-15 07:57:03.433 Z] [WARN] [cadence.virtuoso.ade.simulationMonitor] -     WARNING (SPECTRE-16460): SOAC_cvarm_vbs:Specified subcircuit master `cvarm' was not found. {"history": "Interactive.70", "point": 26, "testname": "DC", "cornername": "CMOS_RES_CAP_TEMP_24"}
[2026-04-15 07:57:03.433 Z] [WARN] [cadence.virtuoso.ade.simulationMonitor] -     WARNING (SPECTRE-16462): SOAC_cvarm_vbs:Error in specification of subcircuit master. Assert is ignored. {"history": "Interactive.70", "point": 26, "testname": "DC", "cornername": "CMOS_RES_CAP_TEMP_24"}
[2026-04-15 07:57:03.433 Z] [WARN] [cadence.virtuoso.ade.simulationMonitor] -     WARNING (SPECTRE-16460): SOAC_cvarm_vgb:Specified subcircuit master `cvarm' was not found. {"history": "Interactive.70", "point": 26, "testname": "DC", "cornername": "CMOS_RES_CAP_TEMP_24"}
[2026-04-15 07:57:03.433 Z] [WARN] [cadence.virtuoso.ade.simulationMonitor] -     WARNING (SPECTRE-16462): SOAC_cvarm_vgb:Error in specification of subcircuit master. Assert is ignored. {"history": "Interactive.70", "point": 26, "testname": "DC", "cornername": "CMOS_RES_CAP_TEMP_24"}
[2026-04-15 07:57:03.433 Z] [WARN] [cadence.virtuoso.ade.simulationMonitor] -     WARNING (SPECTRE-16460): SOAC_cvart_vspsub:Specified subcircuit master `cvart' was not found. {"history": "Interactive.70", "point": 26, "testname": "DC", "cornername": "CMOS_RES_CAP_TEMP_24"}
[2026-04-15 07:57:03.434 Z] [WARN] [cadence.virtuoso.ade.simulationMonitor] -     WARNING (SPECTRE-16462): SOAC_cvart_vspsub:Error in specification of subcircuit master. Assert is ignored. {"history": "Interactive.70", "point": 26, "testname": "DC", "cornername": "CMOS_RES_CAP_TEMP_24"}
[2026-04-15 07:57:03.434 Z] [WARN] [cadence.virtuoso.ade.simulationMonitor] -     WARNING (SPECTRE-16460): SOAC_cvart_vbs:Specified subcircuit master `cvart' was not found.
        Further occurrences of this warning will be suppressed. {"history": "Interactive.70", "point": 26, "testname": "DC", "cornername": "CMOS_RES_CAP_TEMP_24"}
[2026-04-15 07:57:03.434 Z] [WARN] [cadence.virtuoso.ade.simulationMonitor] -     WARNING (SPECTRE-16462): SOAC_cvart_vbs:Error in specification of subcircuit master. Assert is ignored.
        Further occurrences of this warning will be suppressed. {"history": "Interactive.70", "point": 26, "testname": "DC", "cornername": "CMOS_RES_CAP_TEMP_24"}
[2026-04-15 07:57:03.434 Z] [WARN] [cadence.virtuoso.ade.simulationMonitor] -     WARNING (SPECTRE-17607): Assert `SOAC_modp_vbpsub' is ignored because it contains an expression which is invalid or not supported by native evaluator.  {"history": "Interactive.70", "point": 26, "testname": "DC", "cornername": "CMOS_RES_CAP_TEMP_24"}
[2026-04-15 07:57:03.434 Z] [WARN] [cadence.virtuoso.ade.simulationMonitor] -     WARNING (SPECTRE-17607): Assert `SOAC_modn_vbpsub' is ignored because it contains an expression which is invalid or not supported by native evaluator.  {"history": "Interactive.70", "point": 26, "testname": "DC", "cornername": "CMOS_RES_CAP_TEMP_24"}
[2026-04-15 07:57:03.934 Z] [INFO] [cadence.virtuoso.ade.simulationMonitor] - Notice from spectre during initial setup.
    Multithreading is disabled due to the size of the design being too small. {"history": "Interactive.70", "point": 26, "testname": "DC", "cornername": "CMOS_RES_CAP_TEMP_24"}
[2026-04-15 07:57:03.934 Z] [INFO] [cadence.virtuoso.ade.simulationMonitor] -               nodes 16 {"history": "Interactive.70", "point": 26, "testname": "DC", "cornername": "CMOS_RES_CAP_TEMP_24"}
[2026-04-15 07:57:03.934 Z] [INFO] [cadence.virtuoso.ade.simulationMonitor] - Notice from spectre during initial setup.
    Spectre X preset=cx enabled.
    72 warnings suppressed. {"history": "Interactive.70", "point": 26, "testname": "DC", "cornername": "CMOS_RES_CAP_TEMP_24"}
[2026-04-15 07:57:03.934 Z] [INFO] [cadence.virtuoso.ade.simulationMonitor] - Peak resident memory used = 196 Mbytes. {"history": "Interactive.70", "point": 26, "testname": "DC", "cornername": "CMOS_RES_CAP_TEMP_24"}
[2026-04-15 07:57:03.934 Z] [INFO] [cadence.virtuoso.ade.simulationMonitor] -    -   (Spectre X) Multi-threading. The recommended number of threads is 1, consider adding +mt=1 on command line. {"history": "Interactive.70", "point": 26, "testname": "DC", "cornername": "CMOS_RES_CAP_TEMP_24"}
[2026-04-15 07:57:03.935 Z] [INFO] [cadence.virtuoso.ade.simulationMonitor] - Notice from spectre during DC analysis `dcOp'.
    No checklimit analysis defined for asserts. A default checklimit analysis 'SpectreChecklimitAnal' has been created with all asserts enabled. {"history": "Interactive.70", "point": 26, "testname": "DC", "cornername": "CMOS_RES_CAP_TEMP_24"}
[2026-04-15 07:57:03.935 Z] [WARN] [cadence.virtuoso.ade.simulationMonitor] -     WARNING (CMI-2943): Parameter checks have been ignored because the valid value for parameter 'trise' could not be found in 'I0.R2.CM'. {"history": "Interactive.70", "point": 26, "testname": "DC", "cornername": "CMOS_RES_CAP_TEMP_24"}
[2026-04-15 07:57:03.935 Z] [WARN] [cadence.virtuoso.ade.simulationMonitor] -     WARNING (CMI-2943): Parameter checks have been ignored because the valid value for parameter 'trise' could not be found in 'I0.R2.CS0'. {"history": "Interactive.70", "point": 26, "testname": "DC", "cornername": "CMOS_RES_CAP_TEMP_24"}
[2026-04-15 07:57:03.935 Z] [WARN] [cadence.virtuoso.ade.simulationMonitor] -     WARNING (CMI-2943): Parameter checks have been ignored because the valid value for parameter 'trise' could not be found in 'R0'. {"history": "Interactive.70", "point": 26, "testname": "DC", "cornername": "CMOS_RES_CAP_TEMP_24"}
[2026-04-15 07:57:03.935 Z] [WARN] [cadence.virtuoso.ade.simulationMonitor] -     WARNING (CMI-2943): Parameter checks have been ignored because the valid value for parameter 'trise' could not be found in 'R1'. {"history": "Interactive.70", "point": 26, "testname": "DC", "cornername": "CMOS_RES_CAP_TEMP_24"}
[2026-04-15 07:57:03.935 Z] [INFO] [cadence.virtuoso.ade.simulationMonitor] - Total time required for dc analysis `dcOp': CPU = 31.864 ms, elapsed = 41.604 ms, util. = 76.6%. {"history": "Interactive.70", "point": 26, "testname": "DC", "cornername": "CMOS_RES_CAP_TEMP_24"}
[2026-04-15 07:57:03.935 Z] [INFO] [cadence.virtuoso.ade.simulationMonitor] - Peak resident memory used = 203 Mbytes. {"history": "Interactive.70", "point": 26, "testname": "DC", "cornername": "CMOS_RES_CAP_TEMP_24"}
[2026-04-15 07:57:03.935 Z] [INFO] [cadence.virtuoso.ade.simulationMonitor] - Notice from spectre at VDD = 20e-03 during DC analysis `dc'.
    GminDC = 1 pS is large enough to noticeably affect the DC solution.
        dV(I0.A) = 2.55248 mV
        Use the `gmin_check' option to eliminate or expand this report. {"history": "Interactive.70", "point": 26, "testname": "DC", "cornername": "CMOS_RES_CAP_TEMP_24"}
[2026-04-15 07:57:03.935 Z] [INFO] [cadence.virtuoso.ade.simulationMonitor] - Notice from spectre at VDD = 40e-03 during DC analysis `dc'.
    GminDC = 1 pS is large enough to noticeably affect the DC solution.
        dV(I0.A) = 5.05668 mV
        Use the `gmin_check' option to eliminate or expand this report. {"history": "Interactive.70", "point": 26, "testname": "DC", "cornername": "CMOS_RES_CAP_TEMP_24"}
[2026-04-15 07:57:03.935 Z] [INFO] [cadence.virtuoso.ade.simulationMonitor] - Notice from spectre at VDD = 60e-03 during DC analysis `dc'.
    GminDC = 1 pS is large enough to noticeably affect the DC solution.
        dV(I0.A) = 7.47001 mV
        Use the `gmin_check' option to eliminate or expand this report. {"history": "Interactive.70", "point": 26, "testname": "DC", "cornername": "CMOS_RES_CAP_TEMP_24"}
[2026-04-15 07:57:03.935 Z] [INFO] [cadence.virtuoso.ade.simulationMonitor] - Notice from spectre at VDD = 80e-03 during DC analysis `dc'.
    GminDC = 1 pS is large enough to noticeably affect the DC solution.
        dV(I0.A) = 9.7493 mV
        Use the `gmin_check' option to eliminate or expand this report. {"history": "Interactive.70", "point": 26, "testname": "DC", "cornername": "CMOS_RES_CAP_TEMP_24"}
[2026-04-15 07:57:03.935 Z] [INFO] [cadence.virtuoso.ade.simulationMonitor] - Notice from spectre at VDD = 100e-03 during DC analysis `dc'.
    GminDC = 1 pS is large enough to noticeably affect the DC solution.
        Further occurrences of this notice will be suppressed.
        dV(I0.A) = 11.854 mV
        Further occurrences of this notice will be suppressed.
        Use the `gmin_check' option to eliminate or expand this report.
        Further occurrences of this notice will be suppressed. {"history": "Interactive.70", "point": 26, "testname": "DC", "cornername": "CMOS_RES_CAP_TEMP_24"}
[2026-04-15 07:57:03.935 Z] [WARN] [cadence.virtuoso.ade.simulationMonitor] -     WARNING (CMI-2943): Parameter checks have been ignored because the valid value for parameter 'trise' could not be found in 'I0.R2.CM'. {"history": "Interactive.70", "point": 26, "testname": "DC", "cornername": "CMOS_RES_CAP_TEMP_24"}
[2026-04-15 07:57:03.935 Z] [WARN] [cadence.virtuoso.ade.simulationMonitor] -     WARNING (CMI-2943): Parameter checks have been ignored because the valid value for parameter 'trise' could not be found in 'I0.R2.CS0'. {"history": "Interactive.70", "point": 26, "testname": "DC", "cornername": "CMOS_RES_CAP_TEMP_24"}
[2026-04-15 07:57:03.935 Z] [WARN] [cadence.virtuoso.ade.simulationMonitor] -     WARNING (CMI-2943): Parameter checks have been ignored because the valid value for parameter 'trise' could not be found in 'R0'. {"history": "Interactive.70", "point": 26, "testname": "DC", "cornername": "CMOS_RES_CAP_TEMP_24"}
[2026-04-15 07:57:03.936 Z] [WARN] [cadence.virtuoso.ade.simulationMonitor] -     WARNING (CMI-2943): Parameter checks have been ignored because the valid value for parameter 'trise' could not be found in 'R1'. {"history": "Interactive.70", "point": 26, "testname": "DC", "cornername": "CMOS_RES_CAP_TEMP_24"}
[2026-04-15 07:57:03.936 Z] [INFO] [cadence.virtuoso.ade.simulationMonitor] - Notice from spectre at VDD = 3.3 during DC analysis `dc'.
    The value of parameter 'VDD' has been reset to the original value 0. {"history": "Interactive.70", "point": 26, "testname": "DC", "cornername": "CMOS_RES_CAP_TEMP_24"}
[2026-04-15 07:57:03.936 Z] [INFO] [cadence.virtuoso.ade.simulationMonitor] - Total time required for dc analysis `dc': CPU = 20.313 ms, elapsed = 23.5391 ms, util. = 86.3%. {"history": "Interactive.70", "point": 26, "testname": "DC", "cornername": "CMOS_RES_CAP_TEMP_24"}
[2026-04-15 07:57:03.936 Z] [INFO] [cadence.virtuoso.ade.simulationMonitor] - Peak resident memory used = 203 Mbytes. {"history": "Interactive.70", "point": 26, "testname": "DC", "cornername": "CMOS_RES_CAP_TEMP_24"}
[2026-04-15 07:57:03.936 Z] [INFO] [cadence.virtuoso.ade.simulationMonitor] - Notice from spectre.
    81 notices suppressed. {"history": "Interactive.70", "point": 26, "testname": "DC", "cornername": "CMOS_RES_CAP_TEMP_24"}
[2026-04-15 07:57:03.936 Z] [WARN] [cadence.virtuoso.ade.simulationMonitor] -     WARNING (CMI-2943): Parameter checks have been ignored because the valid value for parameter 'trise' could not be found in 'I0.R2.CM'. {"history": "Interactive.70", "point": 26, "testname": "DC", "cornername": "CMOS_RES_CAP_TEMP_24"}
[2026-04-15 07:57:03.936 Z] [WARN] [cadence.virtuoso.ade.simulationMonitor] -     WARNING (CMI-2943): Parameter checks have been ignored because the valid value for parameter 'trise' could not be found in 'I0.R2.CS0'. {"history": "Interactive.70", "point": 26, "testname": "DC", "cornername": "CMOS_RES_CAP_TEMP_24"}
[2026-04-15 07:57:03.936 Z] [WARN] [cadence.virtuoso.ade.simulationMonitor] -     WARNING (CMI-2943): Parameter checks have been ignored because the valid value for parameter 'trise' could not be found in 'R0'. {"history": "Interactive.70", "point": 26, "testname": "DC", "cornername": "CMOS_RES_CAP_TEMP_24"}
[2026-04-15 07:57:03.936 Z] [WARN] [cadence.virtuoso.ade.simulationMonitor] -     WARNING (CMI-2943): Parameter checks have been ignored because the valid value for parameter 'trise' could not be found in 'R1'. {"history": "Interactive.70", "point": 26, "testname": "DC", "cornername": "CMOS_RES_CAP_TEMP_24"}
[2026-04-15 07:57:03.936 Z] [INFO] [cadence.virtuoso.ade.simulationMonitor] - Notice from spectre during transient analysis `tran'.
    Multithreading is disabled due to the size of the design being too small. {"history": "Interactive.70", "point": 26, "testname": "DC", "cornername": "CMOS_RES_CAP_TEMP_24"}
[2026-04-15 07:57:03.936 Z] [INFO] [cadence.virtuoso.ade.simulationMonitor] - Total time required for tran analysis `tran': CPU = 12.421 ms, elapsed = 14.832 ms, util. = 83.7%. {"history": "Interactive.70", "point": 26, "testname": "DC", "cornername": "CMOS_RES_CAP_TEMP_24"}
[2026-04-15 07:57:03.936 Z] [INFO] [cadence.virtuoso.ade.simulationMonitor] - Peak resident memory used = 205 Mbytes. {"history": "Interactive.70", "point": 26, "testname": "DC", "cornername": "CMOS_RES_CAP_TEMP_24"}
[2026-04-15 07:57:03.936 Z] [INFO] [cadence.virtuoso.ade.simulationMonitor] - Time used: CPU = 233 ms, elapsed = 577 ms, util. = 40.3%. {"history": "Interactive.70", "point": 26, "testname": "DC", "cornername": "CMOS_RES_CAP_TEMP_24"}
[2026-04-15 07:57:03.936 Z] [INFO] [cadence.virtuoso.ade.simulationMonitor] - Time spent in licensing: elapsed = 209 ms, percentage of total = 36.3%. {"history": "Interactive.70", "point": 26, "testname": "DC", "cornername": "CMOS_RES_CAP_TEMP_24"}
[2026-04-15 07:57:03.936 Z] [INFO] [cadence.virtuoso.ade.simulationMonitor] - Peak memory used = 205 Mbytes. {"history": "Interactive.70", "point": 26, "testname": "DC", "cornername": "CMOS_RES_CAP_TEMP_24"}
[2026-04-15 07:57:03.936 Z] [PROCESS] [cadence.virtuoso.ade.simulationMonitor] - Simulation started at: 7:57:03 AM, Wed Apr 15, 2026, ended at: 7:57:03 AM, Wed Apr 15, 2026, with elapsed time (wall clock): 577 ms. {"history": "Interactive.70", "point": 26, "testname": "DC", "cornername": "CMOS_RES_CAP_TEMP_24"}
[2026-04-15 07:57:03.937 Z] [PROCESS] [cadence.virtuoso.ade.simulationMonitor] - spectre completes with 0 errors, 33 warnings, and 17 notices. {"history": "Interactive.70", "point": 26, "testname": "DC", "cornername": "CMOS_RES_CAP_TEMP_24"}
[2026-04-15 07:57:03.937 Z] [PROCESS] [cadence.virtuoso.ade.simulationMonitor] - Finished simulating for one point {"hostname": "edatools", "processid": 1900997, "history": "Interactive.70", "testname": "DC", "cornername": "CMOS_RES_CAP_TEMP_24", "point": 26, "logfile": "/home/saul/projects/IL2244_VT26_SAUL/logs_saul/logs0/Job107.log", "simid": "3"}
[2026-04-15 07:57:03.937 Z] [PROCESS] [cadence.virtuoso.ade.simulationMonitor] - Simulator exited {"hostname": "edatools", "processid": 1900997, "history": "Interactive.70", "testname": "DC", "cornername": "CMOS_RES_CAP_TEMP_24", "point": 26, "logfile": "/home/saul/projects/IL2244_VT26_SAUL/logs_saul/logs0/Job107.log", "exitStatus": "0"}
[2026-04-15 07:57:03.937 Z] [PROCESS] [cadence.virtuoso.ade.simulationMonitor] - Finished Simulation {"hostname": "edatools", "processid": 1900997, "history": "Interactive.70", "testname": "DC", "cornername": "CMOS_RES_CAP_TEMP_24", "point": 26, "logfile": "/home/saul/projects/IL2244_VT26_SAUL/logs_saul/logs0/Job107.log", "simid": "3"}
[2026-04-15 07:57:04.942 Z] [PROCESS] [cadence.virtuoso.ade.simulationMonitor] - Point Finished {"hostname": "edatools", "processid": 1900997, "history": "Interactive.70", "testname": "DC", "cornername": "CMOS_RES_CAP_TEMP_24", "point": 26, "logfile": "/home/saul/projects/IL2244_VT26_SAUL/logs_saul/logs0/Job107.log"}
[2026-04-15 07:57:04.946 Z] [PROCESS] [cadence.virtuoso.ade.simulationMonitor] - HostInfo:
Host name (type):	edatools (x86_64)
Operating system:	Linux 6.17.0-20-generic #20~24.04.1-Ubuntu SMP PREEMPT_DYNAMIC Thu Mar 19 01:28:37 UTC 2 {"hostname": "edatools", "processid": 1900997, "history": "Interactive.70", "testname": "DC", "cornername": "CMOS_RES_CAP_TEMP_24", "point": 26, "logfile": "/home/saul/projects/IL2244_VT26_SAUL/logs_saul/logs0/Job107.log", "nodename": "edatools", "domainname": "(none)", "machine": "x86_64", "sysname": "Linux", "release": "6.17.0-20-generic", "version": "#20~24.04.1-Ubuntu SMP PREEMPT_DYNAMIC Thu Mar 19 01:28:37 UTC 2"}
[2026-04-15 07:57:04.947 Z] [PROCESS] [cadence.virtuoso.ade.simulationMonitor] - UsageInfo:
pid=1900997
totalPhysicalMemory=62.544991GB,Used=35.278355GB,totalVirtualMemory=70.544987GB,Used=35.278355GB
Cpu: Cores=16, Load average:1.540000,1.850000,2.330000 {"hostname": "edatools", "processid": 1900997, "history": "Interactive.70", "testname": "DC", "cornername": "CMOS_RES_CAP_TEMP_24", "point": 26, "logfile": "/home/saul/projects/IL2244_VT26_SAUL/logs_saul/logs0/Job107.log", "pid": "1900997", "totalPhysicalMemory": "62.544991", "physicalMemoryUsed": "35.278355", "totalVirtualMemory": "70.544987", "virtualMemoryUsed": "35.278355", "cpuCores": "16", "processes": "2054", "loadAverage1": "1.540000", "loadAverage5": "1.850000", "loadAverage15": "2.330000", "loadAverage1Percent": "0.096250"}
[2026-04-15 07:57:04.947 Z] [EVENT] [cadence.virtuoso.ade.simulationMonitor] - NewPoint {"history": "Interactive.70", "point": 32, "testname": "DC", "cornername": "CMOS_RES_CAP_TEMP_30", "event": "NewPoint", "EventSource": "Simulation Monitor", "HistoryName": "Interactive.70", "logFile": "/home/saul/projects/IL2244_VT26_SAUL/logs_saul/logs0/Job107.log", "logFileSize": "71404"}
[2026-04-15 07:57:05.048 Z] [EVENT] [cadence.virtuoso.ade.simulationMonitor] - NewPoint {"history": "Interactive.70", "point": 32, "testname": "DC", "cornername": "CMOS_RES_CAP_TEMP_30", "event": "NewPoint", "EventSource": "spectre", "HistoryName": "Interactive.70", "logFile": "/home/saul/projects/IL2244_VT26_SAUL/Sim/FBIAS/fbias_gm_c_tb/maestro/results/maestro/Interactive.70/32/DC/psf/spectre.out", "logFileSize": "-1"}
[2026-04-15 07:57:05.051 Z] [PROCESS] [cadence.virtuoso.ade.simulationMonitor] - Simulator launched {"hostname": "edatools", "processid": 1900997, "history": "Interactive.70", "testname": "DC", "cornername": "CMOS_RES_CAP_TEMP_30", "point": 32, "logfile": "/home/saul/projects/IL2244_VT26_SAUL/logs_saul/logs0/Job107.log", "simid": "4"}
[2026-04-15 07:57:05.067 Z] [PROCESS] [cadence.virtuoso.ade.simulationMonitor] - Started Simulation {"hostname": "edatools", "processid": 1900997, "history": "Interactive.70", "testname": "DC", "cornername": "CMOS_RES_CAP_TEMP_30", "point": 32, "logfile": "/home/saul/projects/IL2244_VT26_SAUL/logs_saul/logs0/Job107.log", "event": "started", "task": "simulation"}
[2026-04-15 07:57:05.567 Z] [INFO] [cadence.virtuoso.ade.simulationMonitor] - Notice from spectre during circuit read-in.
    Pre_Configuration file used: /opt/tools/cadence/installs/SPECTRE241/tools.lnx86/spectre/etc/configs/preset.precfg
    Configuration file used: `/opt/tools/cadence/installs/SPECTRE241/tools.lnx86/spectre/etc/configs/preset.cfg'. {"history": "Interactive.70", "point": 32, "testname": "DC", "cornername": "CMOS_RES_CAP_TEMP_30"}
[2026-04-15 07:57:05.567 Z] [WARN] [cadence.virtuoso.ade.simulationMonitor] -     WARNING (SPECTRE-8360): line 1511: `ac' is an undefined primitive device. {"history": "Interactive.70", "point": 32, "testname": "DC", "cornername": "CMOS_RES_CAP_TEMP_30"}
[2026-04-15 07:57:05.567 Z] [WARN] [cadence.virtuoso.ade.simulationMonitor] -     WARNING (SPECTRE-8360): line 1512: `ac' is an undefined primitive device. {"history": "Interactive.70", "point": 32, "testname": "DC", "cornername": "CMOS_RES_CAP_TEMP_30"}
[2026-04-15 07:57:05.567 Z] [WARN] [cadence.virtuoso.ade.simulationMonitor] -     WARNING (SPECTRE-8360): line 1513: `ac' is an undefined primitive device. {"history": "Interactive.70", "point": 32, "testname": "DC", "cornername": "CMOS_RES_CAP_TEMP_30"}
[2026-04-15 07:57:05.567 Z] [WARN] [cadence.virtuoso.ade.simulationMonitor] -     WARNING (SPECTRE-8360): line 1514: `ac' is an undefined primitive device. {"history": "Interactive.70", "point": 32, "testname": "DC", "cornername": "CMOS_RES_CAP_TEMP_30"}
[2026-04-15 07:57:05.568 Z] [WARN] [cadence.virtuoso.ade.simulationMonitor] -     WARNING (SPECTRE-8360): line 1515: `ac' is an undefined primitive device.
        Further occurrences of this warning will be suppressed. {"history": "Interactive.70", "point": 32, "testname": "DC", "cornername": "CMOS_RES_CAP_TEMP_30"}
[2026-04-15 07:57:05.568 Z] [INFO] [cadence.virtuoso.ade.simulationMonitor] - Peak resident memory used = 173 Mbytes. {"history": "Interactive.70", "point": 32, "testname": "DC", "cornername": "CMOS_RES_CAP_TEMP_30"}
[2026-04-15 07:57:05.568 Z] [WARN] [cadence.virtuoso.ade.simulationMonitor] -     WARNING (VACOMP-2435): The environment variable CDS_AHDLCMI_ENABLE is no longer supported. Therefore, the simulator will use the default compiled C code flow. {"history": "Interactive.70", "point": 32, "testname": "DC", "cornername": "CMOS_RES_CAP_TEMP_30"}
[2026-04-15 07:57:05.568 Z] [WARN] [cadence.virtuoso.ade.simulationMonitor] -     WARNING (SFE-3031): The floating capacitor I0.R2.CS1 is removed. {"history": "Interactive.70", "point": 32, "testname": "DC", "cornername": "CMOS_RES_CAP_TEMP_30"}
[2026-04-15 07:57:05.568 Z] [INFO] [cadence.virtuoso.ade.simulationMonitor] - Peak resident memory used = 186 Mbytes. {"history": "Interactive.70", "point": 32, "testname": "DC", "cornername": "CMOS_RES_CAP_TEMP_30"}
[2026-04-15 07:57:05.568 Z] [INFO] [cadence.virtuoso.ade.simulationMonitor] - Notice from spectre during hierarchy flattening.
    The value 'psf' specified for the 'checklimitdest' option will no longer be supported in future releases. Use 'spectre -h' to see other recommended values for the 'checklimitdest' option. {"history": "Interactive.70", "point": 32, "testname": "DC", "cornername": "CMOS_RES_CAP_TEMP_30"}
[2026-04-15 07:57:05.568 Z] [INFO] [cadence.virtuoso.ade.simulationMonitor] - Peak resident memory used = 188 Mbytes. {"history": "Interactive.70", "point": 32, "testname": "DC", "cornername": "CMOS_RES_CAP_TEMP_30"}
[2026-04-15 07:57:05.568 Z] [WARN] [cadence.virtuoso.ade.simulationMonitor] -     WARNING (SPECTRE-17607): Assert `SOAC_rpolyh_vminuspsub' is ignored because it contains an expression which is invalid or not supported by native evaluator.  {"history": "Interactive.70", "point": 32, "testname": "DC", "cornername": "CMOS_RES_CAP_TEMP_30"}
[2026-04-15 07:57:05.568 Z] [WARN] [cadence.virtuoso.ade.simulationMonitor] -     WARNING (SPECTRE-17607): Assert `SOAC_rpolyh_vpluspsub' is ignored because it contains an expression which is invalid or not supported by native evaluator.  {"history": "Interactive.70", "point": 32, "testname": "DC", "cornername": "CMOS_RES_CAP_TEMP_30"}
[2026-04-15 07:57:05.568 Z] [WARN] [cadence.virtuoso.ade.simulationMonitor] -     WARNING (SPECTRE-16460): SOAC_cvarm_vspsub:Specified subcircuit master `cvarm' was not found. {"history": "Interactive.70", "point": 32, "testname": "DC", "cornername": "CMOS_RES_CAP_TEMP_30"}
[2026-04-15 07:57:05.568 Z] [WARN] [cadence.virtuoso.ade.simulationMonitor] -     WARNING (SPECTRE-16462): SOAC_cvarm_vspsub:Error in specification of subcircuit master. Assert is ignored. {"history": "Interactive.70", "point": 32, "testname": "DC", "cornername": "CMOS_RES_CAP_TEMP_30"}
[2026-04-15 07:57:05.568 Z] [WARN] [cadence.virtuoso.ade.simulationMonitor] -     WARNING (SPECTRE-16460): SOAC_cvarm_vbs:Specified subcircuit master `cvarm' was not found. {"history": "Interactive.70", "point": 32, "testname": "DC", "cornername": "CMOS_RES_CAP_TEMP_30"}
[2026-04-15 07:57:05.568 Z] [WARN] [cadence.virtuoso.ade.simulationMonitor] -     WARNING (SPECTRE-16462): SOAC_cvarm_vbs:Error in specification of subcircuit master. Assert is ignored. {"history": "Interactive.70", "point": 32, "testname": "DC", "cornername": "CMOS_RES_CAP_TEMP_30"}
[2026-04-15 07:57:05.568 Z] [WARN] [cadence.virtuoso.ade.simulationMonitor] -     WARNING (SPECTRE-16460): SOAC_cvarm_vgb:Specified subcircuit master `cvarm' was not found. {"history": "Interactive.70", "point": 32, "testname": "DC", "cornername": "CMOS_RES_CAP_TEMP_30"}
[2026-04-15 07:57:05.568 Z] [WARN] [cadence.virtuoso.ade.simulationMonitor] -     WARNING (SPECTRE-16462): SOAC_cvarm_vgb:Error in specification of subcircuit master. Assert is ignored. {"history": "Interactive.70", "point": 32, "testname": "DC", "cornername": "CMOS_RES_CAP_TEMP_30"}
[2026-04-15 07:57:05.568 Z] [WARN] [cadence.virtuoso.ade.simulationMonitor] -     WARNING (SPECTRE-16460): SOAC_cvart_vspsub:Specified subcircuit master `cvart' was not found. {"history": "Interactive.70", "point": 32, "testname": "DC", "cornername": "CMOS_RES_CAP_TEMP_30"}
[2026-04-15 07:57:05.568 Z] [WARN] [cadence.virtuoso.ade.simulationMonitor] -     WARNING (SPECTRE-16462): SOAC_cvart_vspsub:Error in specification of subcircuit master. Assert is ignored. {"history": "Interactive.70", "point": 32, "testname": "DC", "cornername": "CMOS_RES_CAP_TEMP_30"}
[2026-04-15 07:57:05.569 Z] [WARN] [cadence.virtuoso.ade.simulationMonitor] -     WARNING (SPECTRE-16460): SOAC_cvart_vbs:Specified subcircuit master `cvart' was not found.
        Further occurrences of this warning will be suppressed. {"history": "Interactive.70", "point": 32, "testname": "DC", "cornername": "CMOS_RES_CAP_TEMP_30"}
[2026-04-15 07:57:05.569 Z] [WARN] [cadence.virtuoso.ade.simulationMonitor] -     WARNING (SPECTRE-16462): SOAC_cvart_vbs:Error in specification of subcircuit master. Assert is ignored.
        Further occurrences of this warning will be suppressed. {"history": "Interactive.70", "point": 32, "testname": "DC", "cornername": "CMOS_RES_CAP_TEMP_30"}
[2026-04-15 07:57:05.569 Z] [WARN] [cadence.virtuoso.ade.simulationMonitor] -     WARNING (SPECTRE-17607): Assert `SOAC_modp_vbpsub' is ignored because it contains an expression which is invalid or not supported by native evaluator.  {"history": "Interactive.70", "point": 32, "testname": "DC", "cornername": "CMOS_RES_CAP_TEMP_30"}
[2026-04-15 07:57:05.569 Z] [WARN] [cadence.virtuoso.ade.simulationMonitor] -     WARNING (SPECTRE-17607): Assert `SOAC_modn_vbpsub' is ignored because it contains an expression which is invalid or not supported by native evaluator.  {"history": "Interactive.70", "point": 32, "testname": "DC", "cornername": "CMOS_RES_CAP_TEMP_30"}
[2026-04-15 07:57:06.069 Z] [INFO] [cadence.virtuoso.ade.simulationMonitor] - Notice from spectre during initial setup.
    Multithreading is disabled due to the size of the design being too small. {"history": "Interactive.70", "point": 32, "testname": "DC", "cornername": "CMOS_RES_CAP_TEMP_30"}
[2026-04-15 07:57:06.069 Z] [INFO] [cadence.virtuoso.ade.simulationMonitor] -               nodes 16 {"history": "Interactive.70", "point": 32, "testname": "DC", "cornername": "CMOS_RES_CAP_TEMP_30"}
[2026-04-15 07:57:06.070 Z] [INFO] [cadence.virtuoso.ade.simulationMonitor] - Notice from spectre during initial setup.
    Spectre X preset=cx enabled.
    72 warnings suppressed. {"history": "Interactive.70", "point": 32, "testname": "DC", "cornername": "CMOS_RES_CAP_TEMP_30"}
[2026-04-15 07:57:06.070 Z] [INFO] [cadence.virtuoso.ade.simulationMonitor] - Peak resident memory used = 196 Mbytes. {"history": "Interactive.70", "point": 32, "testname": "DC", "cornername": "CMOS_RES_CAP_TEMP_30"}
[2026-04-15 07:57:06.070 Z] [INFO] [cadence.virtuoso.ade.simulationMonitor] -    -   (Spectre X) Multi-threading. The recommended number of threads is 1, consider adding +mt=1 on command line. {"history": "Interactive.70", "point": 32, "testname": "DC", "cornername": "CMOS_RES_CAP_TEMP_30"}
[2026-04-15 07:57:06.070 Z] [INFO] [cadence.virtuoso.ade.simulationMonitor] - Notice from spectre during DC analysis `dcOp'.
    No checklimit analysis defined for asserts. A default checklimit analysis 'SpectreChecklimitAnal' has been created with all asserts enabled. {"history": "Interactive.70", "point": 32, "testname": "DC", "cornername": "CMOS_RES_CAP_TEMP_30"}
[2026-04-15 07:57:06.070 Z] [WARN] [cadence.virtuoso.ade.simulationMonitor] -     WARNING (CMI-2943): Parameter checks have been ignored because the valid value for parameter 'trise' could not be found in 'I0.R2.CM'. {"history": "Interactive.70", "point": 32, "testname": "DC", "cornername": "CMOS_RES_CAP_TEMP_30"}
[2026-04-15 07:57:06.070 Z] [WARN] [cadence.virtuoso.ade.simulationMonitor] -     WARNING (CMI-2943): Parameter checks have been ignored because the valid value for parameter 'trise' could not be found in 'I0.R2.CS0'. {"history": "Interactive.70", "point": 32, "testname": "DC", "cornername": "CMOS_RES_CAP_TEMP_30"}
[2026-04-15 07:57:06.070 Z] [WARN] [cadence.virtuoso.ade.simulationMonitor] -     WARNING (CMI-2943): Parameter checks have been ignored because the valid value for parameter 'trise' could not be found in 'R0'. {"history": "Interactive.70", "point": 32, "testname": "DC", "cornername": "CMOS_RES_CAP_TEMP_30"}
[2026-04-15 07:57:06.070 Z] [WARN] [cadence.virtuoso.ade.simulationMonitor] -     WARNING (CMI-2943): Parameter checks have been ignored because the valid value for parameter 'trise' could not be found in 'R1'. {"history": "Interactive.70", "point": 32, "testname": "DC", "cornername": "CMOS_RES_CAP_TEMP_30"}
[2026-04-15 07:57:06.070 Z] [INFO] [cadence.virtuoso.ade.simulationMonitor] - Total time required for dc analysis `dcOp': CPU = 31.851 ms, elapsed = 46.2492 ms, util. = 68.9%. {"history": "Interactive.70", "point": 32, "testname": "DC", "cornername": "CMOS_RES_CAP_TEMP_30"}
[2026-04-15 07:57:06.070 Z] [INFO] [cadence.virtuoso.ade.simulationMonitor] - Peak resident memory used = 203 Mbytes. {"history": "Interactive.70", "point": 32, "testname": "DC", "cornername": "CMOS_RES_CAP_TEMP_30"}
[2026-04-15 07:57:06.071 Z] [INFO] [cadence.virtuoso.ade.simulationMonitor] - Notice from spectre at VDD = 140e-03 during DC analysis `dc'.
    GminDC = 1 pS is large enough to noticeably affect the DC solution.
        dV(I0.net4) = 37.6335 uV
        Use the `gmin_check' option to eliminate or expand this report. {"history": "Interactive.70", "point": 32, "testname": "DC", "cornername": "CMOS_RES_CAP_TEMP_30"}
[2026-04-15 07:57:06.071 Z] [INFO] [cadence.virtuoso.ade.simulationMonitor] - Notice from spectre at VDD = 160e-03 during DC analysis `dc'.
    GminDC = 1 pS is large enough to noticeably affect the DC solution.
        dV(I0.net4) = 48.6807 uV
        Use the `gmin_check' option to eliminate or expand this report. {"history": "Interactive.70", "point": 32, "testname": "DC", "cornername": "CMOS_RES_CAP_TEMP_30"}
[2026-04-15 07:57:06.071 Z] [INFO] [cadence.virtuoso.ade.simulationMonitor] - Notice from spectre at VDD = 180e-03 during DC analysis `dc'.
    GminDC = 1 pS is large enough to noticeably affect the DC solution.
        dV(I0.net4) = 62.2273 uV
        Use the `gmin_check' option to eliminate or expand this report. {"history": "Interactive.70", "point": 32, "testname": "DC", "cornername": "CMOS_RES_CAP_TEMP_30"}
[2026-04-15 07:57:06.071 Z] [INFO] [cadence.virtuoso.ade.simulationMonitor] - Notice from spectre at VDD = 200e-03 during DC analysis `dc'.
    GminDC = 1 pS is large enough to noticeably affect the DC solution.
        dV(I0.net4) = 78.856 uV
        Use the `gmin_check' option to eliminate or expand this report. {"history": "Interactive.70", "point": 32, "testname": "DC", "cornername": "CMOS_RES_CAP_TEMP_30"}
[2026-04-15 07:57:06.071 Z] [INFO] [cadence.virtuoso.ade.simulationMonitor] - Notice from spectre at VDD = 220e-03 during DC analysis `dc'.
    GminDC = 1 pS is large enough to noticeably affect the DC solution.
        Further occurrences of this notice will be suppressed.
        dV(I0.net4) = 99.2755 uV
        Further occurrences of this notice will be suppressed.
        Use the `gmin_check' option to eliminate or expand this report.
        Further occurrences of this notice will be suppressed. {"history": "Interactive.70", "point": 32, "testname": "DC", "cornername": "CMOS_RES_CAP_TEMP_30"}
[2026-04-15 07:57:06.071 Z] [WARN] [cadence.virtuoso.ade.simulationMonitor] -     WARNING (CMI-2943): Parameter checks have been ignored because the valid value for parameter 'trise' could not be found in 'I0.R2.CM'. {"history": "Interactive.70", "point": 32, "testname": "DC", "cornername": "CMOS_RES_CAP_TEMP_30"}
[2026-04-15 07:57:06.071 Z] [WARN] [cadence.virtuoso.ade.simulationMonitor] -     WARNING (CMI-2943): Parameter checks have been ignored because the valid value for parameter 'trise' could not be found in 'I0.R2.CS0'. {"history": "Interactive.70", "point": 32, "testname": "DC", "cornername": "CMOS_RES_CAP_TEMP_30"}
[2026-04-15 07:57:06.071 Z] [WARN] [cadence.virtuoso.ade.simulationMonitor] -     WARNING (CMI-2943): Parameter checks have been ignored because the valid value for parameter 'trise' could not be found in 'R0'. {"history": "Interactive.70", "point": 32, "testname": "DC", "cornername": "CMOS_RES_CAP_TEMP_30"}
[2026-04-15 07:57:06.071 Z] [WARN] [cadence.virtuoso.ade.simulationMonitor] -     WARNING (CMI-2943): Parameter checks have been ignored because the valid value for parameter 'trise' could not be found in 'R1'. {"history": "Interactive.70", "point": 32, "testname": "DC", "cornername": "CMOS_RES_CAP_TEMP_30"}
[2026-04-15 07:57:06.071 Z] [INFO] [cadence.virtuoso.ade.simulationMonitor] - Notice from spectre at VDD = 3.3 during DC analysis `dc'.
    The value of parameter 'VDD' has been reset to the original value 0. {"history": "Interactive.70", "point": 32, "testname": "DC", "cornername": "CMOS_RES_CAP_TEMP_30"}
[2026-04-15 07:57:06.071 Z] [INFO] [cadence.virtuoso.ade.simulationMonitor] - Total time required for dc analysis `dc': CPU = 20.13 ms, elapsed = 23.932 ms, util. = 84.1%. {"history": "Interactive.70", "point": 32, "testname": "DC", "cornername": "CMOS_RES_CAP_TEMP_30"}
[2026-04-15 07:57:06.071 Z] [INFO] [cadence.virtuoso.ade.simulationMonitor] - Peak resident memory used = 203 Mbytes. {"history": "Interactive.70", "point": 32, "testname": "DC", "cornername": "CMOS_RES_CAP_TEMP_30"}
[2026-04-15 07:57:06.071 Z] [INFO] [cadence.virtuoso.ade.simulationMonitor] - Notice from spectre.
    53 notices suppressed. {"history": "Interactive.70", "point": 32, "testname": "DC", "cornername": "CMOS_RES_CAP_TEMP_30"}
[2026-04-15 07:57:06.071 Z] [WARN] [cadence.virtuoso.ade.simulationMonitor] -     WARNING (CMI-2943): Parameter checks have been ignored because the valid value for parameter 'trise' could not be found in 'I0.R2.CM'. {"history": "Interactive.70", "point": 32, "testname": "DC", "cornername": "CMOS_RES_CAP_TEMP_30"}
[2026-04-15 07:57:06.071 Z] [WARN] [cadence.virtuoso.ade.simulationMonitor] -     WARNING (CMI-2943): Parameter checks have been ignored because the valid value for parameter 'trise' could not be found in 'I0.R2.CS0'. {"history": "Interactive.70", "point": 32, "testname": "DC", "cornername": "CMOS_RES_CAP_TEMP_30"}
[2026-04-15 07:57:06.071 Z] [WARN] [cadence.virtuoso.ade.simulationMonitor] -     WARNING (CMI-2943): Parameter checks have been ignored because the valid value for parameter 'trise' could not be found in 'R0'. {"history": "Interactive.70", "point": 32, "testname": "DC", "cornername": "CMOS_RES_CAP_TEMP_30"}
[2026-04-15 07:57:06.071 Z] [WARN] [cadence.virtuoso.ade.simulationMonitor] -     WARNING (CMI-2943): Parameter checks have been ignored because the valid value for parameter 'trise' could not be found in 'R1'. {"history": "Interactive.70", "point": 32, "testname": "DC", "cornername": "CMOS_RES_CAP_TEMP_30"}
[2026-04-15 07:57:06.071 Z] [INFO] [cadence.virtuoso.ade.simulationMonitor] - Notice from spectre during transient analysis `tran'.
    Multithreading is disabled due to the size of the design being too small. {"history": "Interactive.70", "point": 32, "testname": "DC", "cornername": "CMOS_RES_CAP_TEMP_30"}
[2026-04-15 07:57:06.071 Z] [INFO] [cadence.virtuoso.ade.simulationMonitor] - Total time required for tran analysis `tran': CPU = 12.417 ms, elapsed = 14.3471 ms, util. = 86.5%. {"history": "Interactive.70", "point": 32, "testname": "DC", "cornername": "CMOS_RES_CAP_TEMP_30"}
[2026-04-15 07:57:06.071 Z] [INFO] [cadence.virtuoso.ade.simulationMonitor] - Peak resident memory used = 205 Mbytes. {"history": "Interactive.70", "point": 32, "testname": "DC", "cornername": "CMOS_RES_CAP_TEMP_30"}
[2026-04-15 07:57:06.071 Z] [INFO] [cadence.virtuoso.ade.simulationMonitor] - Time used: CPU = 231 ms, elapsed = 521 ms, util. = 44.4%. {"history": "Interactive.70", "point": 32, "testname": "DC", "cornername": "CMOS_RES_CAP_TEMP_30"}
[2026-04-15 07:57:06.072 Z] [INFO] [cadence.virtuoso.ade.simulationMonitor] - Time spent in licensing: elapsed = 34.9 ms, percentage of total = 6.7%. {"history": "Interactive.70", "point": 32, "testname": "DC", "cornername": "CMOS_RES_CAP_TEMP_30"}
[2026-04-15 07:57:06.072 Z] [INFO] [cadence.virtuoso.ade.simulationMonitor] - Peak memory used = 205 Mbytes. {"history": "Interactive.70", "point": 32, "testname": "DC", "cornername": "CMOS_RES_CAP_TEMP_30"}
[2026-04-15 07:57:06.072 Z] [PROCESS] [cadence.virtuoso.ade.simulationMonitor] - Simulation started at: 7:57:05 AM, Wed Apr 15, 2026, ended at: 7:57:05 AM, Wed Apr 15, 2026, with elapsed time (wall clock): 521 ms. {"history": "Interactive.70", "point": 32, "testname": "DC", "cornername": "CMOS_RES_CAP_TEMP_30"}
[2026-04-15 07:57:06.072 Z] [PROCESS] [cadence.virtuoso.ade.simulationMonitor] - spectre completes with 0 errors, 33 warnings, and 17 notices. {"history": "Interactive.70", "point": 32, "testname": "DC", "cornername": "CMOS_RES_CAP_TEMP_30"}
[2026-04-15 07:57:06.072 Z] [PROCESS] [cadence.virtuoso.ade.simulationMonitor] - Finished simulating for one point {"hostname": "edatools", "processid": 1900997, "history": "Interactive.70", "testname": "DC", "cornername": "CMOS_RES_CAP_TEMP_30", "point": 32, "logfile": "/home/saul/projects/IL2244_VT26_SAUL/logs_saul/logs0/Job107.log", "simid": "4"}
[2026-04-15 07:57:06.072 Z] [PROCESS] [cadence.virtuoso.ade.simulationMonitor] - Simulator exited {"hostname": "edatools", "processid": 1900997, "history": "Interactive.70", "testname": "DC", "cornername": "CMOS_RES_CAP_TEMP_30", "point": 32, "logfile": "/home/saul/projects/IL2244_VT26_SAUL/logs_saul/logs0/Job107.log", "exitStatus": "0"}
[2026-04-15 07:57:06.072 Z] [PROCESS] [cadence.virtuoso.ade.simulationMonitor] - Finished Simulation {"hostname": "edatools", "processid": 1900997, "history": "Interactive.70", "testname": "DC", "cornername": "CMOS_RES_CAP_TEMP_30", "point": 32, "logfile": "/home/saul/projects/IL2244_VT26_SAUL/logs_saul/logs0/Job107.log", "simid": "4"}
[2026-04-15 07:57:07.077 Z] [PROCESS] [cadence.virtuoso.ade.simulationMonitor] - Point Finished {"hostname": "edatools", "processid": 1900997, "history": "Interactive.70", "testname": "DC", "cornername": "CMOS_RES_CAP_TEMP_30", "point": 32, "logfile": "/home/saul/projects/IL2244_VT26_SAUL/logs_saul/logs0/Job107.log"}
[2026-04-15 07:57:08.084 Z] [PROCESS] [cadence.virtuoso.ade.simulationMonitor] - Stay with the runId '38', Linger time '300', currentRunSyn '77', currentTestSyn '78' {"hostname": "edatools", "processid": 1900997, "history": "Interactive.70", "testname": "DC", "cornername": "CMOS_RES_CAP_TEMP_30", "point": 32, "logfile": "/home/saul/projects/IL2244_VT26_SAUL/logs_saul/logs0/Job107.log"}
[2026-04-15 08:02:08.197 Z] [PROCESS] [cadence.virtuoso.ade.simulationMonitor] - Current memory used: 52.2930 MBytes, peak memory used: 52.2930 MBytes {"hostname": "edatools", "processid": 1900997, "history": "Interactive.70", "testname": "DC", "cornername": "CMOS_RES_CAP_TEMP_30", "point": 32, "logfile": "/home/saul/projects/IL2244_VT26_SAUL/logs_saul/logs0/Job107.log"}
[2026-04-15 08:02:08.198 Z] [PROCESS] [cadence.virtuoso.ade.simulationMonitor] - Simulation Monitor process exit. {"hostname": "edatools", "processid": 1900997, "history": "Interactive.70", "testname": "DC", "cornername": "CMOS_RES_CAP_TEMP_30", "point": 32, "logfile": "/home/saul/projects/IL2244_VT26_SAUL/logs_saul/logs0/Job107.log"}
