*Info*    Exporting services from client ... 

*Info*    Client has finished starting ... 



*Info*    Configuring the session ...

	Library      = FECG
	Cell         = fecg_ia_step_tb
	View         = schematic
	Simulator    = spectre
	State Path   = $AXL_SETUPDB_DIR/test_states
	State Name   = FECG:fecg_ia_step_tb:1_none_Interactive.9
	Results DB   = /home/saul/projects/IL2244_VT26_SAUL/FECG/fecg_ia_step_tb/adexl/results/data/Interactive.9.rdb
	Results Dir  = /home/saul/projects/IL2244_VT26_SAUL/Sim/FECG/fecg_ia_step_tb/adexl/results/data/Interactive.9/1/FECG:fecg_ia_step_tb:1
	Results Loc  = /home/saul/projects/IL2244_VT26_SAUL/Sim/FECG/fecg_ia_step_tb/adexl/results/data
	Project Dir  = /home/saul/projects/IL2244_VT26_SAUL/Sim
	Setup DB loc = /home/saul/projects/IL2244_VT26_SAUL/FECG/fecg_ia_step_tb/adexl
	File Encoding = 0



*Info*    The auto suspension is disabled.






*Info*    Run start for Point ID (9 1) on testbench [
          FECG:fecg_ia_step_tb:1 ].

Resetting statistical vars

*Info*    Setting parameter values ...

Setting var FC = "0"
Setting var VCM_AC = "0"
Setting var VCM_AMP = "0"
Setting var VCM_DC = "1.6"
Setting var VDD = "3.3"
Setting var VIN_AC = "1"
Setting var VIN_AMP = "0"
Setting var VIN_DC = "0"
Setting var VIN_FREQ = "50"
Setting var VIN_PULSE = "300m"
Setting var s = "0"
Setting var temperature = "27"
Setting temp(T) = 27

*Info*    Netlist Directory =
          /home/saul/projects/IL2244_VT26_SAUL/Sim/FECG/fecg_ia_step_tb/adexl/results/data/Interactive.9/1/FECG:fecg_ia_step_tb:1/netlist


*Info*    Data Directory    =
          /home/saul/projects/IL2244_VT26_SAUL/Sim/FECG/fecg_ia_step_tb/adexl/results/data/Interactive.9/1/FECG:fecg_ia_step_tb:1


*Info*    Creating Netlist for Point ID (9 1)

generate netlist...
function ansCdlCompPrim redefined
function ansCdlCompPrim redefined
Begin Incremental Netlisting Mar 30 05:14:09 2026
WARNING (OSSHNL-941): Failed to open the sameCellNamesInMultipleLibs file '/home/saul/projects/IL2244_VT26_SAUL/Sim/FECG/fecg_ia_tb/adexl/results/data/Interactive.325/1/ECG_IA:ecg_ia_tb:1/netlist/ihnl/sameCellNamesInMultipleLibs', in the append mode.
Ensure that you have the write permission for the mentioned file.

End netlisting Mar 30 05:14:09 2026

	The netlist is up to date.
	Time taken to compare the design with netlist:   0.0s
      ...successful.
compose simulator input file...
      ...successful.

*Info*    Running simulation on testbench [ FECG:fecg_ia_step_tb:1 ]
          for Point ID (9 1).

Delete psf data in /home/saul/projects/IL2244_VT26_SAUL/Sim/FECG/fecg_ia_step_tb/adexl/results/data/Interactive.9/1/FECG:fecg_ia_step_tb:1/psf.
compose simulator input file...
      ...successful.
start simulator if needed...
      ...successful.
simulate...
To view the simulator output, right-click on the test name, result 
name, or any value in the "Results" tab of the Outputs section and 
choose "Output Log" menu option.
WARNING (ADE-3080): Fast viewing extensions for PSF XL format (also known as RTSF) will be discontinued  
       and Virtuoso Visualization and Analysis XL will not use RTSF data to plot waveforms from IC6.1.8 ISR7 onward. 
       There will be no performance impact on data visualization due to this change.
INFO (ADE-3067): Errors encountered during simulation. For more information, right-click
        on a test name in the 'Results' tab of the Outputs pane and choose 'Output Log'
        to view the simulation run log.

*Error*   Error ID  = 5011
*Error*   Error Msg = Simulator failed to complete the simulation.

          Fatal error found by spectre during hierarchy
          flattening.
FATAL (SFE-1973): "input.scs" 256: Cannot run
          the simulation, because V0 in parameter `period': Attempt
          to divide by zero (1 / 0).
FATAL (SFE-1973): "input.scs"
          256: Cannot run the simulation, because V0 in parameter
          `width': Attempt to divide by zero (1 / 0).










*Info*    Run start for Point ID (9 1) on testbench [
          FECG:fecg_ia_step_tb:1 ].

Resetting statistical vars

*Info*    Setting parameter values ...

Setting var FC = "0"
Setting var VCM_AC = "0"
Setting var VCM_AMP = "0"
Setting var VCM_DC = "1.6"
Setting var VDD = "3.3"
Setting var VIN_AC = "1"
Setting var VIN_AMP = "0"
Setting var VIN_DC = "0"
Setting var VIN_FREQ = "50"
Setting var VIN_PULSE = "300m"
Setting var s = "0"
Setting var temperature = "27"
Setting temp(T) = 27

*Info*    Netlist Directory =
          /home/saul/projects/IL2244_VT26_SAUL/Sim/FECG/fecg_ia_step_tb/adexl/results/data/Interactive.9/1/FECG:fecg_ia_step_tb:1/netlist


*Info*    Data Directory    =
          /home/saul/projects/IL2244_VT26_SAUL/Sim/FECG/fecg_ia_step_tb/adexl/results/data/Interactive.9/1/FECG:fecg_ia_step_tb:1


*Info*    Creating Netlist for Point ID (9 1)

generate netlist...
function ansCdlCompPrim redefined
function ansCdlCompPrim redefined
Begin Incremental Netlisting Mar 30 05:14:10 2026
WARNING (OSSHNL-941): Failed to open the sameCellNamesInMultipleLibs file '/home/saul/projects/IL2244_VT26_SAUL/Sim/FECG/fecg_ia_tb/adexl/results/data/Interactive.325/1/ECG_IA:ecg_ia_tb:1/netlist/ihnl/sameCellNamesInMultipleLibs', in the append mode.
Ensure that you have the write permission for the mentioned file.

End netlisting Mar 30 05:14:10 2026

	The netlist is up to date.
	Time taken to compare the design with netlist:   0.0s
      ...successful.
compose simulator input file...
      ...successful.

*Info*    Running simulation on testbench [ FECG:fecg_ia_step_tb:1 ]
          for Point ID (9 1).

Delete psf data in /home/saul/projects/IL2244_VT26_SAUL/Sim/FECG/fecg_ia_step_tb/adexl/results/data/Interactive.9/1/FECG:fecg_ia_step_tb:1/psf.
compose simulator input file...
      ...successful.
start simulator if needed...
      ...successful.
simulate...
To view the simulator output, right-click on the test name, result 
name, or any value in the "Results" tab of the Outputs section and 
choose "Output Log" menu option.
WARNING (ADE-3080): Fast viewing extensions for PSF XL format (also known as RTSF) will be discontinued  
       and Virtuoso Visualization and Analysis XL will not use RTSF data to plot waveforms from IC6.1.8 ISR7 onward. 
       There will be no performance impact on data visualization due to this change.
INFO (ADE-3067): Errors encountered during simulation. For more information, right-click
        on a test name in the 'Results' tab of the Outputs pane and choose 'Output Log'
        to view the simulation run log.

*Error*   Error ID  = 5011
*Error*   Error Msg = Simulator failed to complete the simulation.

          Fatal error found by spectre during hierarchy
          flattening.
FATAL (SFE-1973): "input.scs" 256: Cannot run
          the simulation, because V0 in parameter `period': Attempt
          to divide by zero (1 / 0).
FATAL (SFE-1973): "input.scs"
          256: Cannot run the simulation, because V0 in parameter
          `width': Attempt to divide by zero (1 / 0).





Simulation design variables differ from those on the cellView,
they have been saved in the file "/tmp/saved-design-variables".
To save future changes, copy variables to cellView before exiting.
