*Info*    Exporting services from client ... 

*Info*    Client has finished starting ... 



*Info*    Configuring the session ...

	Library      = FECG
	Cell         = gmc_lpf_tb
	View         = schematic
	Simulator    = spectre
	State Path   = $AXL_SETUPDB_DIR/test_states
	State Name   = IN_spectre_state1_Interactive.143
	Results DB   = /home/saul/projects/IL2244_VT26_SAUL/FECG/gmc_lpf_tb/adexl/results/data/Interactive.143.rdb
	Results Dir  = /home/saul/projects/IL2244_VT26_SAUL/Sim/FECG/gmc_lpf_tb/adexl/results/data/Interactive.143/1/IN
	Results Loc  = /home/saul/projects/IL2244_VT26_SAUL/Sim/FECG/gmc_lpf_tb/adexl/results/data
	Project Dir  = /home/saul/projects/IL2244_VT26_SAUL/Sim
	Setup DB loc = /home/saul/projects/IL2244_VT26_SAUL/FECG/gmc_lpf_tb/adexl
	File Encoding = 0



*Info*    The auto suspension is disabled.






*Info*    Run start for Point ID (112 1) on testbench [ IN ].

Resetting statistical vars

*Info*    Setting parameter values ...

Setting var DC_IN = "1.5"
Setting var F0 = "0"
Setting var F1 = "3.3"
Setting var F2 = "0"
Setting var VDD = "3.3"
Setting var VIN_AMPV = "0.5"
Setting var VIN_DC = "0"
Setting var temperature = "27"
Setting temp(T) = 27

*Info*    Netlist Directory =
          /home/saul/projects/IL2244_VT26_SAUL/Sim/FECG/gmc_lpf_tb/adexl/results/data/Interactive.143/1/IN/netlist


*Info*    Data Directory    =
          /home/saul/projects/IL2244_VT26_SAUL/Sim/FECG/gmc_lpf_tb/adexl/results/data/Interactive.143/1/IN


*Info*    Creating Netlist for Point ID (112 1)

generate netlist...
function ansCdlCompPrim redefined
function ansCdlCompPrim redefined
Begin Incremental Netlisting Apr  2 19:30:11 2026
WARNING (OSSHNL-941): Failed to open the sameCellNamesInMultipleLibs file '/home/saul/projects/IL2244_VT26_SAUL/Sim/FECG/gmc_lpf_tb/adexl/results/data/Interactive.32/1/IN/netlist/ihnl/sameCellNamesInMultipleLibs', in the append mode.
Ensure that you have the write permission for the mentioned file.

End netlisting Apr  2 19:30:11 2026

Netlisting Statistics:
	Number of components:    9

	Elapsed time:          0.0s
Errors: 0	Warnings: 0
      ...successful.
compose simulator input file...
      ...successful.

*Info*    Running simulation on testbench [ IN ] for Point ID (112 1).

Delete psf data in /home/saul/projects/IL2244_VT26_SAUL/Sim/FECG/gmc_lpf_tb/adexl/results/data/Interactive.143/1/IN/psf.
compose simulator input file...
      ...successful.
start simulator if needed...
      ...successful.
simulate...
To view the simulator output, right-click on the test name, result 
name, or any value in the "Results" tab of the Outputs section and 
choose "Output Log" menu option.
WARNING (ADE-3080): Fast viewing extensions for PSF XL format (also known as RTSF) will be discontinued  
       and Virtuoso Visualization and Analysis XL will not use RTSF data to plot waveforms from IC6.1.8 ISR7 onward. 
       There will be no performance impact on data visualization due to this change.
INFO (ADE-3071): Simulation completed successfully.
reading simulation data...
      ...successful.
*Info*    Client has finished evaluating ... 


*Info*    Run complete for Point ID (112 1) on testbench [ IN ].





Simulation design variables differ from those on the cellView,
they have been saved in the file "/tmp/saved-design-variables".
To save future changes, copy variables to cellView before exiting.
