\# Program start time:     UTC 2026.03.13 10:37:20.541
\# Local time: UTC (UTC+00:00) 2026.03.13 10:37:20.541
\o Program:		@(#)$CDS: virtuoso version 6.1.8-64b 09/03/2024 19:11 (sjfhw316) $
\o Hierarchy:		/opt/tools/cadence/installs/IC618/tools.lnx86/dfII/
\o Sub version:		sub-version  IC6.1.8-64b.500.36  (64-bit addresses)
\# Command line:	/opt/tools/cadence/installs/IC618/tools.lnx86/dfII/bin/64bit/virtuoso -noautostart -mpssession virtuoso767640 -mpshost edatools -davinciService DaVinciService_767640_1773306145 -log /home/saul/projects/IL2244_VT26_SAUL/logs_saul/logs0/Job133.log -licenseLockFileName /home/saul/projects/IL2244_VT26_SAUL/.tmp_saul/.edatools_767640 -interactiveA -interactiveE -interactiveRTT -nostdin -nographE -axlChildIdFlag 133
\# Host name (type):	edatools (x86_64)
\# Operating system:	Linux 6.17.0-14-generic #14~24.04.1-Ubuntu SMP PREEMPT_DYNAMIC Thu Jan 15 15:52:10 UTC 2
\# Linux /etc/issue:	\S
\# Linux /etc/issue:	Kernel \r on an \m
\# X display name (WxH):	:7964 (1024x868)
\# Available geometry:			TL(0:0) BR(1023:867)
\# X server:			The X.Org Foundation
\# Depth of Visual (Root):	24 (24)
\# Number of Planes Used:	24
\# X version:		11.0 (vendor release 12011000)
\# X resource pool:	base 0x400000, mask 0x1fffff (2097151), shift 0
\# 			current id 0x0, current max 0x1ffffa (2097146)
\# Max data seg size:	     unlimited
\# Max process size:	     unlimited
\# Initial sbrk value:	      1,553 MB
\# Available memory:	     54,519 MB
\# System memory:	     72,238 MB
\# Maximum memory size:	     70,804 MB
\# Max mem available:	     54,639 MB
\# Initial memory used:	        119 MB
\#        process size:	      1,676 MB
\# Thread usage limits (effective/default):	maxthreads 4294967295/4294967295 maxload 16.00/16.00
\# Qt version:		5.9.1
\# Window Manager:	other
\# User Name:		saul
\o Working Directory:	edatools:/home/saul/projects/IL2244_VT26_SAUL
\# Process Id:		827633
\o 
\o COPYRIGHT (C) 1992-2024  CADENCE DESIGN SYSTEMS INC.  ALL RIGHTS RESERVED.
\o           (C) 1992-2024  UNIX SYSTEMS Laboratories INC.,
\o                          Reproduced with permission.
\o 
\o This Cadence Design Systems program and online documentation are
\o proprietary/confidential information and may be disclosed/used only
\o as authorized in a license agreement controlling such use and disclosure.
\o 
\o           RESTRICTED RIGHTS NOTICE (SHORT FORM)
\o Use/reproduction/disclosure is subject to restriction
\o set forth at FAR 1252.227-19 or its equivalent.
\o Loading geView.cxt 
\o Loading menuBuilder.cxt 
\o Loading schView.cxt 
\o Loading selectSv.cxt 
\o Loading wireEdit.cxt 
\o Loading pte2.cxt 
\o Loading xlUI.cxt 
\o Loading auCore.cxt 
\o Loading dal.cxt 
\o Loading awv.cxt 
\o Loading vhdl.cxt 
\o Loading seismic.cxt 
\o Loading ci.cxt 
\o Loading ams.cxt 
\o Loading oasis.cxt 
\o Loading analog.cxt 
\# Memory report: using         221 MB, process size 1,786 MB at UTC 2026.03.13 10:37:21.048
\o Loading asimenv.cxt 
\o Loading socket.cxt 
\o Loading par.cxt 
\o Loading alvs.cxt 
\o Loading caa.cxt 
\o Loading amps.cxt 
\o Loading adexlCore.cxt 
\o Loading adexl.cxt 
\o *Info*    Exporting services from client ... 
\o 
\o Loading adexlDM.cxt 
\o Loading cpf.cxt 
\o Loading cli.cxt 
\o Loading lp.cxt 
\o INFO (ELI-00302) Connecting to parent process (session=virtuoso767640, host=edatools). Connection mode is ICRP. Total timeout is 180 seconds. Connection timeout is 90 seconds.
\o INFO (ELI-00303) Step 1: Connecting to parent. Time spent is 0 seconds.
\o INFO (ELI-00304) The registration of the child 827633 within 90 seconds is being processed...
\o INFO (ELI-00305) The result of registration is true. Time spent is 0 seconds.
\o INFO (ELI-00308) The connection has ended. Result is true. Total time spent is 0 seconds.
\# [10:37:20.445290] Configured Lic search path (22.01-s002): 3000@lic08.ug.kth.se:29000@lic06.ug.kth.se
\o ......................................................................................
\o            ams AG HIT-Kit v.ams_4.10
\o ......................................................................................
\o COPYRIGHT (c) 2012 Full Service Foundry @ ams AG.  ALL RIGHTS RESERVED
\o This HIT-Kit and attached documentation are confidential information and may 
\o only be used as authorized by the HIT-Kit license agreement.
\o ......................................................................................
\# Current Window: window(2)
\o Loading simulator default settings.
\o //
\o //  Calibre Skill Interface * (v2024.4_12.9) *
\o //
\o //                         Copyright Siemens 1996-2020     
\o //                             All Rights Reserved.
\o //         THIS WORK CONTAINS TRADE SECRET AND PROPRIETARY INFORMATION
\o //            WHICH IS THE PROPERTY OF MENTOR GRAPHICS CORPORATION
\o //              OR ITS LICENSORS AND IS SUBJECT TO LICENSE TERMS.
\o //
\o //
\o Loading simulator default settings.
\o *Info*    Client has finished starting ... 
\o 
\o Loading vdsil.cxt 
\p hitkit: ams_4.10  Tech: c35b4c3  User: saul 
\w *WARNING* could not load font "-*-courier-medium-r-*-*-12-*", using font "fixed"
\# Loading perfDiag...
\# (PerfDiag): Set GDB path to environment variable 'gdbPath' (gdb).
\# Performance Diagnostic tool is installed. You can access PerfDiag from CIW Tools or use the shell command 'cdsPerfDiag -p 827633' to open it when Virtuoso freezes.
\# (PerfDiag): Use backtrace from GLIBC.
\w *WARNING* _perfPstackCheck: Cannot find pstack/gstack. Please setup PATH environment variable to pstack/gstack executable.
\o Loading vqp.cxt 
\o Loading hdlPkg.cxt 
\o 
\o 
\o *Info*    Configuring the session ...
\o 
\o Loading simui.cxt 
\o 	Library      = ECG_IA
\o 	Cell         = ecg_vga_tb
\o 	View         = schematic
\o 	Simulator    = spectre
\o 	State Path   = $AXL_SETUPDB_DIR/test_states
\o 	State Name   = ECG_IA:ecg_vga_tb:1_none_Interactive.79
\o 	Results DB   = /home/saul/projects/IL2244_VT26_SAUL/ECG_IA/ecg_vga_tb/adexl/results/data/Interactive.79.rdb
\o 	Results Dir  = /home/saul/projects/IL2244_VT26_SAUL/Sim/ECG_IA/ecg_vga_tb/adexl/results/data/Interactive.79/1/ECG_IA:ecg_vga_tb:1
\o 	Results Loc  = /home/saul/projects/IL2244_VT26_SAUL/Sim/ECG_IA/ecg_vga_tb/adexl/results/data
\o 	Project Dir  = /home/saul/projects/IL2244_VT26_SAUL/Sim
\o 	Setup DB loc = /home/saul/projects/IL2244_VT26_SAUL/ECG_IA/ecg_vga_tb/adexl
\o 	File Encoding = 0
\o 
\o 
\o Loading viva.cxt 
\o Loading spectrei.cxt 
\# Memory report: using         351 MB, process size 2,047 MB at UTC 2026.03.13 10:37:25.029
\o Loading devCheck.cxt 
\o Loading relXpert.cxt 
\o Loading hspiceD.cxt 
\o Loading spectreinl.cxt 
\o Loading msgHandler.cxt 
\o Loading UltraSim.cxt 
\o Loading AMSOSS.cxt 
\o Loading AMS.cxt 
\o 
\o *Info*    The auto suspension is disabled.
\o 
\o Loading monte.cxt 
\o 
\o 
\o 
\o 
\o 
\o *Info*    Run start for Point ID (61 4) on testbench [
\o           ECG_IA:ecg_vga_tb:1 ].
\o 
\o Resetting statistical vars
\o 
\o *Info*    Setting parameter values ...
\o 
\o Setting var S0 = "3.3"
\o Setting var S1 = "3.3"
\o Setting var S2 = "3.3"
\o Setting var VDD = "2.97"
\o Setting var temperature = "27"
\o Setting temp(T) = 27
\o 
\o *Info*    Netlist Directory =
\o           /home/saul/projects/IL2244_VT26_SAUL/Sim/ECG_IA/ecg_vga_tb/adexl/results/data/Interactive.79/4/ECG_IA:ecg_vga_tb:1/netlist
\o 
\o 
\o *Info*    Data Directory    =
\o           /home/saul/projects/IL2244_VT26_SAUL/Sim/ECG_IA/ecg_vga_tb/adexl/results/data/Interactive.79/4/ECG_IA:ecg_vga_tb:1
\o 
\o 
\o *Info*    Creating Netlist for Point ID (61 4)
\o 
\o generate netlist...
\o Loading hnlInit.cxt 
\o Loading seCore.cxt 
\o function ansCdlCompPrim redefined
\o function ansCdlCompPrim redefined
\# [10:37:25.358056] Periodic Lic check successful
\# [10:37:25.358057] Feature usage summary:
\o Begin Incremental Netlisting Mar 13 10:37:25 2026
\o End netlisting Mar 13 10:37:25 2026
\o 
\o 	The netlist is up to date.
\o 	Time taken to compare the design with netlist:   0.0s
\o       ...successful.
\o compose simulator input file...
\o       ...successful.
\o 
\o *Info*    Running simulation on testbench [ ECG_IA:ecg_vga_tb:1 ] for
\o           Point ID (61 4).
\o 
\o Delete psf data in /home/saul/projects/IL2244_VT26_SAUL/Sim/ECG_IA/ecg_vga_tb/adexl/results/data/Interactive.79/4/ECG_IA:ecg_vga_tb:1/psf.
\o compose simulator input file...
\o       ...successful.
\o start simulator if needed...
\o       ...successful.
\o simulate...
\o To view the simulator output, right-click on the test name, result 
\o name, or any value in the "Results" tab of the Outputs section and 
\o choose "Output Log" menu option.
\o WARNING (ADE-3080): Fast viewing extensions for PSF XL format (also known as RTSF) will be discontinued  
\o        and Virtuoso Visualization and Analysis XL will not use RTSF data to plot waveforms from IC6.1.8 ISR7 onward. 
\o        There will be no performance impact on data visualization due to this change.
\o Loading paraplot.cxt 
\o INFO (ADE-3071): Simulation completed successfully.
\o reading simulation data...
\o       ...successful.
\o *Info*    Client has finished evaluating ... 
\o 
\o 
\o *Info*    Run complete for Point ID (61 4) on testbench [
\o           ECG_IA:ecg_vga_tb:1 ].
\o 
\o 
\o 
\o 
\o 
\o 
\o 
\o 
\o 
\o 
\o *Info*    Run start for Point ID (61 9) on testbench [
\o           ECG_IA:ecg_vga_tb:1 ].
\o 
\o Resetting statistical vars
\o 
\o *Info*    Setting parameter values ...
\o 
\o Setting var VDD = "3.63"
\o 
\o *Info*    Netlist Directory =
\o           /home/saul/projects/IL2244_VT26_SAUL/Sim/ECG_IA/ecg_vga_tb/adexl/results/data/Interactive.79/9/ECG_IA:ecg_vga_tb:1/netlist
\o 
\o 
\o *Info*    Data Directory    =
\o           /home/saul/projects/IL2244_VT26_SAUL/Sim/ECG_IA/ecg_vga_tb/adexl/results/data/Interactive.79/9/ECG_IA:ecg_vga_tb:1
\o 
\o 
\o *Info*    Creating Netlist for Point ID (61 9)
\o 
\o generate netlist...
\o function ansCdlCompPrim redefined
\o function ansCdlCompPrim redefined
\o Begin Incremental Netlisting Mar 13 10:37:27 2026
\o End netlisting Mar 13 10:37:27 2026
\o 
\o 	The netlist is up to date.
\o 	Time taken to compare the design with netlist:   0.0s
\o       ...successful.
\o compose simulator input file...
\o       ...successful.
\o 
\o *Info*    Running simulation on testbench [ ECG_IA:ecg_vga_tb:1 ] for
\o           Point ID (61 9).
\o 
\o Delete psf data in /home/saul/projects/IL2244_VT26_SAUL/Sim/ECG_IA/ecg_vga_tb/adexl/results/data/Interactive.79/9/ECG_IA:ecg_vga_tb:1/psf.
\o compose simulator input file...
\o       ...successful.
\o start simulator if needed...
\o       ...successful.
\o simulate...
\o To view the simulator output, right-click on the test name, result 
\o name, or any value in the "Results" tab of the Outputs section and 
\o choose "Output Log" menu option.
\o WARNING (ADE-3080): Fast viewing extensions for PSF XL format (also known as RTSF) will be discontinued  
\o        and Virtuoso Visualization and Analysis XL will not use RTSF data to plot waveforms from IC6.1.8 ISR7 onward. 
\o        There will be no performance impact on data visualization due to this change.
\# Memory report: using         455 MB, process size 2,265 MB at UTC 2026.03.13 10:37:28.265
\o INFO (ADE-3071): Simulation completed successfully.
\o reading simulation data...
\o       ...successful.
\o *Info*    Client has finished evaluating ... 
\o 
\o 
\o *Info*    Run complete for Point ID (61 9) on testbench [
\o           ECG_IA:ecg_vga_tb:1 ].
\o 
\o 
\o 
\o 
\o 
\o 
\o 
\o 
\o 
\o 
\o *Info*    Run start for Point ID (61 16) on testbench [
\o           ECG_IA:ecg_vga_tb:1 ].
\o 
\o Resetting statistical vars
\o 
\o *Info*    Setting parameter values ...
\o 
\o Setting var VDD = "2.97"
\o 
\o *Info*    Netlist Directory =
\o           /home/saul/projects/IL2244_VT26_SAUL/Sim/ECG_IA/ecg_vga_tb/adexl/results/data/Interactive.79/16/ECG_IA:ecg_vga_tb:1/netlist
\o 
\o 
\o *Info*    Data Directory    =
\o           /home/saul/projects/IL2244_VT26_SAUL/Sim/ECG_IA/ecg_vga_tb/adexl/results/data/Interactive.79/16/ECG_IA:ecg_vga_tb:1
\o 
\o 
\o *Info*    Creating Netlist for Point ID (61 16)
\o 
\o generate netlist...
\o function ansCdlCompPrim redefined
\o function ansCdlCompPrim redefined
\o Begin Incremental Netlisting Mar 13 10:37:29 2026
\o End netlisting Mar 13 10:37:29 2026
\o 
\o 	The netlist is up to date.
\o 	Time taken to compare the design with netlist:   0.0s
\o       ...successful.
\o compose simulator input file...
\o       ...successful.
\o 
\o *Info*    Running simulation on testbench [ ECG_IA:ecg_vga_tb:1 ] for
\o           Point ID (61 16).
\o 
\o Delete psf data in /home/saul/projects/IL2244_VT26_SAUL/Sim/ECG_IA/ecg_vga_tb/adexl/results/data/Interactive.79/16/ECG_IA:ecg_vga_tb:1/psf.
\o compose simulator input file...
\o       ...successful.
\o start simulator if needed...
\o       ...successful.
\o simulate...
\o To view the simulator output, right-click on the test name, result 
\o name, or any value in the "Results" tab of the Outputs section and 
\o choose "Output Log" menu option.
\o WARNING (ADE-3080): Fast viewing extensions for PSF XL format (also known as RTSF) will be discontinued  
\o        and Virtuoso Visualization and Analysis XL will not use RTSF data to plot waveforms from IC6.1.8 ISR7 onward. 
\o        There will be no performance impact on data visualization due to this change.
\o INFO (ADE-3071): Simulation completed successfully.
\o reading simulation data...
\o       ...successful.
\o *Info*    Client has finished evaluating ... 
\o 
\# Available memory:         52,477 MB at UTC 2026.03.13 10:37:30.306
\# Memory report: Maximum memory size now 52,934 MB at UTC 2026.03.13 10:37:30.306
\# Thread usage report: 22 active threads, active load 1.40 at UTC 2026.03.13 10:37:30.306
\o 
\o *Info*    Run complete for Point ID (61 16) on testbench [
\o           ECG_IA:ecg_vga_tb:1 ].
\o 
\o 
\o 
\o 
\o 
\o Simulation design variables differ from those on the cellView,
\o they have been saved in the file "/tmp/saved-design-variables".
\o To save future changes, copy variables to cellView before exiting.
\o 
\o 
\o *Info*    Configuring the session ...
\o 
\o 	Library      = ECG_IA
\o 	Cell         = ecg_vga_tb
\o 	View         = schematic
\o 	Simulator    = spectre
\o 	State Path   = $AXL_SETUPDB_DIR/test_states
\o 	State Name   = ECG_IA:ecg_vga_tb:1_none_Interactive.80
\o 	Results DB   = /home/saul/projects/IL2244_VT26_SAUL/ECG_IA/ecg_vga_tb/adexl/results/data/Interactive.80.rdb
\o 	Results Dir  = /home/saul/projects/IL2244_VT26_SAUL/Sim/ECG_IA/ecg_vga_tb/adexl/results/data/Interactive.80/1/ECG_IA:ecg_vga_tb:1
\o 	Results Loc  = /home/saul/projects/IL2244_VT26_SAUL/Sim/ECG_IA/ecg_vga_tb/adexl/results/data
\o 	Project Dir  = /home/saul/projects/IL2244_VT26_SAUL/Sim
\o 	Setup DB loc = /home/saul/projects/IL2244_VT26_SAUL/ECG_IA/ecg_vga_tb/adexl
\o 	File Encoding = 0
\o 
\o 
\o 
\o *Info*    The auto suspension is disabled.
\o 
\o 
\o 
\o 
\o 
\o 
\o *Info*    Run start for Point ID (62 2) on testbench [
\o           ECG_IA:ecg_vga_tb:1 ].
\o 
\o Resetting statistical vars
\o 
\o *Info*    Setting parameter values ...
\o 
\o Setting var S0 = "3.3"
\o Setting var S1 = "3.3"
\o Setting var S2 = "3.3"
\o Setting var VDD = "2.97"
\o Setting var temperature = "27"
\o Setting temp(T) = 27
\o 
\o *Info*    Netlist Directory =
\o           /home/saul/projects/IL2244_VT26_SAUL/Sim/ECG_IA/ecg_vga_tb/adexl/results/data/Interactive.80/2/ECG_IA:ecg_vga_tb:1/netlist
\o 
\o 
\o *Info*    Data Directory    =
\o           /home/saul/projects/IL2244_VT26_SAUL/Sim/ECG_IA/ecg_vga_tb/adexl/results/data/Interactive.80/2/ECG_IA:ecg_vga_tb:1
\o 
\o 
\o *Info*    Creating Netlist for Point ID (62 2)
\o 
\o generate netlist...
\o function ansCdlCompPrim redefined
\o function ansCdlCompPrim redefined
\o Begin Incremental Netlisting Mar 13 10:40:34 2026
\o Loading json.cxt 
\o End netlisting Mar 13 10:40:34 2026
\o 
\o Netlisting Statistics:
\o 	Number of components:   38
\o 
\o 	Elapsed time:          0.0s
\o Errors: 0	Warnings: 0
\o       ...successful.
\o compose simulator input file...
\o       ...successful.
\o 
\o *Info*    Running simulation on testbench [ ECG_IA:ecg_vga_tb:1 ] for
\o           Point ID (62 2).
\o 
\o Delete psf data in /home/saul/projects/IL2244_VT26_SAUL/Sim/ECG_IA/ecg_vga_tb/adexl/results/data/Interactive.80/2/ECG_IA:ecg_vga_tb:1/psf.
\o compose simulator input file...
\o       ...successful.
\o start simulator if needed...
\o       ...successful.
\o simulate...
\o To view the simulator output, right-click on the test name, result 
\o name, or any value in the "Results" tab of the Outputs section and 
\o choose "Output Log" menu option.
\o WARNING (ADE-3080): Fast viewing extensions for PSF XL format (also known as RTSF) will be discontinued  
\o        and Virtuoso Visualization and Analysis XL will not use RTSF data to plot waveforms from IC6.1.8 ISR7 onward. 
\o        There will be no performance impact on data visualization due to this change.
\o INFO (ADE-3071): Simulation completed successfully.
\o reading simulation data...
\o       ...successful.
\o *Info*    Client has finished evaluating ... 
\o 
\o 
\o *Info*    Run complete for Point ID (62 2) on testbench [
\o           ECG_IA:ecg_vga_tb:1 ].
\o 
\o 
\o 
\o 
\o 
\o 
\o 
\o 
\o 
\o 
\o *Info*    Run start for Point ID (62 9) on testbench [
\o           ECG_IA:ecg_vga_tb:1 ].
\o 
\o Resetting statistical vars
\o 
\o *Info*    Setting parameter values ...
\o 
\o Setting var VDD = "3.63"
\o 
\o *Info*    Netlist Directory =
\o           /home/saul/projects/IL2244_VT26_SAUL/Sim/ECG_IA/ecg_vga_tb/adexl/results/data/Interactive.80/9/ECG_IA:ecg_vga_tb:1/netlist
\o 
\o 
\o *Info*    Data Directory    =
\o           /home/saul/projects/IL2244_VT26_SAUL/Sim/ECG_IA/ecg_vga_tb/adexl/results/data/Interactive.80/9/ECG_IA:ecg_vga_tb:1
\o 
\o 
\o *Info*    Creating Netlist for Point ID (62 9)
\o 
\o generate netlist...
\o function ansCdlCompPrim redefined
\o function ansCdlCompPrim redefined
\o Begin Incremental Netlisting Mar 13 10:40:36 2026
\o End netlisting Mar 13 10:40:36 2026
\o 
\o 	The netlist is up to date.
\o 	Time taken to compare the design with netlist:   0.0s
\o       ...successful.
\o compose simulator input file...
\o       ...successful.
\o 
\o *Info*    Running simulation on testbench [ ECG_IA:ecg_vga_tb:1 ] for
\o           Point ID (62 9).
\o 
\o Delete psf data in /home/saul/projects/IL2244_VT26_SAUL/Sim/ECG_IA/ecg_vga_tb/adexl/results/data/Interactive.80/9/ECG_IA:ecg_vga_tb:1/psf.
\o compose simulator input file...
\o       ...successful.
\o start simulator if needed...
\o       ...successful.
\o simulate...
\o To view the simulator output, right-click on the test name, result 
\o name, or any value in the "Results" tab of the Outputs section and 
\o choose "Output Log" menu option.
\o WARNING (ADE-3080): Fast viewing extensions for PSF XL format (also known as RTSF) will be discontinued  
\o        and Virtuoso Visualization and Analysis XL will not use RTSF data to plot waveforms from IC6.1.8 ISR7 onward. 
\o        There will be no performance impact on data visualization due to this change.
\o INFO (ADE-3071): Simulation completed successfully.
\o reading simulation data...
\o       ...successful.
\o *Info*    Client has finished evaluating ... 
\o 
\o 
\o *Info*    Run complete for Point ID (62 9) on testbench [
\o           ECG_IA:ecg_vga_tb:1 ].
\o 
\o 
\o 
\o 
\o 
\o 
\o 
\o 
\o 
\o 
\o *Info*    Run start for Point ID (62 16) on testbench [
\o           ECG_IA:ecg_vga_tb:1 ].
\o 
\o Resetting statistical vars
\o 
\o *Info*    Setting parameter values ...
\o 
\o Setting var VDD = "2.97"
\o 
\o *Info*    Netlist Directory =
\o           /home/saul/projects/IL2244_VT26_SAUL/Sim/ECG_IA/ecg_vga_tb/adexl/results/data/Interactive.80/16/ECG_IA:ecg_vga_tb:1/netlist
\o 
\o 
\o *Info*    Data Directory    =
\o           /home/saul/projects/IL2244_VT26_SAUL/Sim/ECG_IA/ecg_vga_tb/adexl/results/data/Interactive.80/16/ECG_IA:ecg_vga_tb:1
\o 
\o 
\o *Info*    Creating Netlist for Point ID (62 16)
\o 
\o generate netlist...
\o function ansCdlCompPrim redefined
\o function ansCdlCompPrim redefined
\o Begin Incremental Netlisting Mar 13 10:40:38 2026
\o End netlisting Mar 13 10:40:38 2026
\o 
\o 	The netlist is up to date.
\o 	Time taken to compare the design with netlist:   0.0s
\o       ...successful.
\o compose simulator input file...
\o       ...successful.
\o 
\o *Info*    Running simulation on testbench [ ECG_IA:ecg_vga_tb:1 ] for
\o           Point ID (62 16).
\o 
\o Delete psf data in /home/saul/projects/IL2244_VT26_SAUL/Sim/ECG_IA/ecg_vga_tb/adexl/results/data/Interactive.80/16/ECG_IA:ecg_vga_tb:1/psf.
\o compose simulator input file...
\o       ...successful.
\o start simulator if needed...
\o       ...successful.
\o simulate...
\o To view the simulator output, right-click on the test name, result 
\o name, or any value in the "Results" tab of the Outputs section and 
\o choose "Output Log" menu option.
\o WARNING (ADE-3080): Fast viewing extensions for PSF XL format (also known as RTSF) will be discontinued  
\o        and Virtuoso Visualization and Analysis XL will not use RTSF data to plot waveforms from IC6.1.8 ISR7 onward. 
\o        There will be no performance impact on data visualization due to this change.
\o INFO (ADE-3071): Simulation completed successfully.
\o reading simulation data...
\o       ...successful.
\o *Info*    Client has finished evaluating ... 
\o 
\o 
\o *Info*    Run complete for Point ID (62 16) on testbench [
\o           ECG_IA:ecg_vga_tb:1 ].
\o 
\o 
\o 
\o 
\o 
\o Simulation design variables differ from those on the cellView,
\o they have been saved in the file "/tmp/saved-design-variables".
\o To save future changes, copy variables to cellView before exiting.
\# Lic Summary:
\# [10:45:45.051987] Cdslmd servers:3000@lic08.ug.kth.se:29000@lic06.ug.kth.se
\# [10:45:45.052008] Feature usage summary:
\# Memory report: on exit            472 MB, process size 2,280 MB at UTC 2026.03.13 10:45:45.576
\# Memory report: peak usage         472 MB, process size 2,282 MB
