[Simulation Monitor: 25]
[2026-04-09 07:58:03.324 Z] [PROCESS] [cadence.virtuoso.ade.simulationMonitor] - Simulation Monitor has successfully started up. Trying to set up communication channels to other components ... {"hostname": "edatools", "processid": 102748, "logfile": "/home/saul/projects/IL2244_VT26_SAUL/logs_saul/logs0/Job25.log"}
[2026-04-09 07:58:03.324 Z] [PROCESS] [cadence.virtuoso.ade.simulationMonitor] - Communication channels have been successfully set up. Start processing events ... {"hostname": "edatools", "processid": 102748, "logfile": "/home/saul/projects/IL2244_VT26_SAUL/logs_saul/logs0/Job25.log"}
[2026-04-09 07:58:03.324 Z] [PROCESS] [cadence.virtuoso.ade.simulationMonitor] - Considering to start history {"hostname": "edatools", "processid": 102748, "history": "Interactive.21", "logfile": "/home/saul/projects/IL2244_VT26_SAUL/logs_saul/logs0/Job25.log"}
[2026-04-09 07:58:03.325 Z] [PROCESS] [cadence.virtuoso.ade.simulationMonitor] - HostInfo:
Host name (type):	edatools (x86_64)
Operating system:	Linux 6.17.0-20-generic #20~24.04.1-Ubuntu SMP PREEMPT_DYNAMIC Thu Mar 19 01:28:37 UTC 2 {"hostname": "edatools", "processid": 102748, "history": "Interactive.21", "logfile": "/home/saul/projects/IL2244_VT26_SAUL/logs_saul/logs0/Job25.log", "nodename": "edatools", "domainname": "(none)", "machine": "x86_64", "sysname": "Linux", "release": "6.17.0-20-generic", "version": "#20~24.04.1-Ubuntu SMP PREEMPT_DYNAMIC Thu Mar 19 01:28:37 UTC 2"}
[2026-04-09 07:58:03.325 Z] [PROCESS] [cadence.virtuoso.ade.simulationMonitor] - UsageInfo:
pid=102748
totalPhysicalMemory=62.544991GB,Used=21.345932GB,totalVirtualMemory=70.544987GB,Used=21.345932GB
Cpu: Cores=16, Load average:0.600000,0.580000,0.500000 {"hostname": "edatools", "processid": 102748, "history": "Interactive.21", "logfile": "/home/saul/projects/IL2244_VT26_SAUL/logs_saul/logs0/Job25.log", "pid": "102748", "totalPhysicalMemory": "62.544991", "physicalMemoryUsed": "21.345932", "totalVirtualMemory": "70.544987", "virtualMemoryUsed": "21.345932", "cpuCores": "16", "processes": "2000", "loadAverage1": "0.600000", "loadAverage5": "0.580000", "loadAverage15": "0.500000", "loadAverage1Percent": "0.037500"}
[2026-04-09 07:58:03.326 Z] [EVENT] [cadence.virtuoso.ade.simulationMonitor] - NewPoint {"history": "Interactive.21", "point": 1, "testname": "IN", "cornername": "Nominal", "event": "NewPoint", "EventSource": "Simulation Monitor", "HistoryName": "Interactive.21", "logFile": "/home/saul/projects/IL2244_VT26_SAUL/logs_saul/logs0/Job25.log", "logFileSize": "2198"}
[2026-04-09 07:58:03.426 Z] [EVENT] [cadence.virtuoso.ade.simulationMonitor] - NewPoint {"history": "Interactive.21", "point": 1, "testname": "IN", "cornername": "Nominal", "event": "NewPoint", "EventSource": "spectre", "HistoryName": "Interactive.21", "logFile": "/home/saul/projects/IL2244_VT26_SAUL/Sim/FECG/fecg_front_end_tb/maestro/results/maestro/Interactive.21/1/IN/psf/spectre.out", "logFileSize": "-1"}
[2026-04-09 07:58:03.441 Z] [PROCESS] [cadence.virtuoso.ade.simulationMonitor] - Simulator launched {"hostname": "edatools", "processid": 102748, "history": "Interactive.21", "testname": "IN", "cornername": "Nominal", "point": 1, "logfile": "/home/saul/projects/IL2244_VT26_SAUL/logs_saul/logs0/Job25.log", "simid": "1"}
[2026-04-09 07:58:03.444 Z] [PROCESS] [cadence.virtuoso.ade.simulationMonitor] - Expression evaluator launched {"hostname": "edatools", "processid": 102748, "history": "Interactive.21", "testname": "IN", "cornername": "Nominal", "point": 1, "logfile": "/home/saul/projects/IL2244_VT26_SAUL/logs_saul/logs0/Job25.log"}
[2026-04-09 07:58:03.470 Z] [PROCESS] [cadence.virtuoso.ade.simulationMonitor] - Started Simulation {"hostname": "edatools", "processid": 102748, "history": "Interactive.21", "testname": "IN", "cornername": "Nominal", "point": 1, "logfile": "/home/saul/projects/IL2244_VT26_SAUL/logs_saul/logs0/Job25.log", "event": "started", "task": "simulation"}
[2026-04-09 07:58:03.970 Z] [INFO] [cadence.virtuoso.ade.simulationMonitor] - Notice from spectre during circuit read-in.
    Pre_Configuration file used: /opt/tools/cadence/installs/SPECTRE241/tools.lnx86/spectre/etc/configs/preset.precfg
    Configuration file used: `/opt/tools/cadence/installs/SPECTRE241/tools.lnx86/spectre/etc/configs/preset.cfg'. {"history": "Interactive.21", "point": 1, "testname": "IN", "cornername": "Nominal"}
[2026-04-09 07:58:03.970 Z] [WARN] [cadence.virtuoso.ade.simulationMonitor] -     WARNING (SPECTRE-8360): line 1511: `ac' is an undefined primitive device. {"history": "Interactive.21", "point": 1, "testname": "IN", "cornername": "Nominal"}
[2026-04-09 07:58:03.970 Z] [WARN] [cadence.virtuoso.ade.simulationMonitor] -     WARNING (SPECTRE-8360): line 1512: `ac' is an undefined primitive device. {"history": "Interactive.21", "point": 1, "testname": "IN", "cornername": "Nominal"}
[2026-04-09 07:58:03.971 Z] [WARN] [cadence.virtuoso.ade.simulationMonitor] -     WARNING (SPECTRE-8360): line 1513: `ac' is an undefined primitive device. {"history": "Interactive.21", "point": 1, "testname": "IN", "cornername": "Nominal"}
[2026-04-09 07:58:03.971 Z] [WARN] [cadence.virtuoso.ade.simulationMonitor] -     WARNING (SPECTRE-8360): line 1514: `ac' is an undefined primitive device. {"history": "Interactive.21", "point": 1, "testname": "IN", "cornername": "Nominal"}
[2026-04-09 07:58:03.971 Z] [WARN] [cadence.virtuoso.ade.simulationMonitor] -     WARNING (SPECTRE-8360): line 1515: `ac' is an undefined primitive device.
        Further occurrences of this warning will be suppressed. {"history": "Interactive.21", "point": 1, "testname": "IN", "cornername": "Nominal"}
[2026-04-09 07:58:03.971 Z] [INFO] [cadence.virtuoso.ade.simulationMonitor] - Peak resident memory used = 171 Mbytes. {"history": "Interactive.21", "point": 1, "testname": "IN", "cornername": "Nominal"}
[2026-04-09 07:58:03.971 Z] [WARN] [cadence.virtuoso.ade.simulationMonitor] -     WARNING (VACOMP-2435): The environment variable CDS_AHDLCMI_ENABLE is no longer supported. Therefore, the simulator will use the default compiled C code flow. {"history": "Interactive.21", "point": 1, "testname": "IN", "cornername": "Nominal"}
[2026-04-09 07:58:03.971 Z] [WARN] [cadence.virtuoso.ade.simulationMonitor] -     WARNING (SFE-3031): The floating capacitor I19.I11.C7<0>_turbo_m3.C1 is removed. {"history": "Interactive.21", "point": 1, "testname": "IN", "cornername": "Nominal"}
[2026-04-09 07:58:03.971 Z] [WARN] [cadence.virtuoso.ade.simulationMonitor] -     WARNING (SFE-3031): The floating capacitor I19.I11.C10<0>_turbo_m12.C1 is removed. {"history": "Interactive.21", "point": 1, "testname": "IN", "cornername": "Nominal"}
[2026-04-09 07:58:03.971 Z] [WARN] [cadence.virtuoso.ade.simulationMonitor] -     WARNING (SFE-3031): The floating capacitor I19.I12.C7<0>_turbo_m3.C1 is removed. {"history": "Interactive.21", "point": 1, "testname": "IN", "cornername": "Nominal"}
[2026-04-09 07:58:03.972 Z] [WARN] [cadence.virtuoso.ade.simulationMonitor] -     WARNING (SFE-3031): The floating capacitor I19.I8.C6<0>_turbo_m3.C1 is removed. {"history": "Interactive.21", "point": 1, "testname": "IN", "cornername": "Nominal"}
[2026-04-09 07:58:03.972 Z] [WARN] [cadence.virtuoso.ade.simulationMonitor] -     WARNING (SFE-3031): The floating capacitor I19.I14.C2.C1 is removed.
        Further occurrences of this warning will be suppressed. {"history": "Interactive.21", "point": 1, "testname": "IN", "cornername": "Nominal"}
[2026-04-09 07:58:03.972 Z] [INFO] [cadence.virtuoso.ade.simulationMonitor] - Peak resident memory used = 187 Mbytes. {"history": "Interactive.21", "point": 1, "testname": "IN", "cornername": "Nominal"}
[2026-04-09 07:58:03.972 Z] [INFO] [cadence.virtuoso.ade.simulationMonitor] - Notice from spectre during hierarchy flattening.
    The value 'psf' specified for the 'checklimitdest' option will no longer be supported in future releases. Use 'spectre -h' to see other recommended values for the 'checklimitdest' option.
    I19.I0.R10.CS0 of rpolyhc: `c' has the unusually small value of 0 F.
    I19.I0.R10.CS1 of rpolyhc: `c' has the unusually small value of 0 F.
    I19.I0.R9.CS0 of rpolyhc: `c' has the unusually small value of 0 F.
    I19.I0.R9.CS1 of rpolyhc: `c' has the unusually ... {"history": "Interactive.21", "point": 1, "testname": "IN", "cornername": "Nominal"}
[2026-04-09 07:58:03.972 Z] [INFO] [cadence.virtuoso.ade.simulationMonitor] - Peak resident memory used = 190 Mbytes. {"history": "Interactive.21", "point": 1, "testname": "IN", "cornername": "Nominal"}
[2026-04-09 07:58:03.972 Z] [WARN] [cadence.virtuoso.ade.simulationMonitor] -     WARNING (CMI-2425): I19.I0.C0: `Acde' = 2.393 is unusually large. {"history": "Interactive.21", "point": 1, "testname": "IN", "cornername": "Nominal"}
[2026-04-09 07:58:03.972 Z] [WARN] [cadence.virtuoso.ade.simulationMonitor] -     WARNING (CMI-2425): I19.I0.C0: `Noff' = 4.732 is unusually large. {"history": "Interactive.21", "point": 1, "testname": "IN", "cornername": "Nominal"}
[2026-04-09 07:58:03.972 Z] [WARN] [cadence.virtuoso.ade.simulationMonitor] -     WARNING (CMI-2424): I19.I0.C0: `Voffcv' = -867.4e-03 is unusually small. {"history": "Interactive.21", "point": 1, "testname": "IN", "cornername": "Nominal"}
[2026-04-09 07:58:03.972 Z] [WARN] [cadence.virtuoso.ade.simulationMonitor] -     WARNING (CMI-2425): I19.I0.I3.C1: `Acde' = 2.393 is unusually large. {"history": "Interactive.21", "point": 1, "testname": "IN", "cornername": "Nominal"}
[2026-04-09 07:58:03.972 Z] [WARN] [cadence.virtuoso.ade.simulationMonitor] -     WARNING (CMI-2425): I19.I0.I3.C1: `Noff' = 4.732 is unusually large. {"history": "Interactive.21", "point": 1, "testname": "IN", "cornername": "Nominal"}
[2026-04-09 07:58:03.972 Z] [WARN] [cadence.virtuoso.ade.simulationMonitor] -     WARNING (CMI-2424): I19.I0.I3.C1: `Voffcv' = -867.4e-03 is unusually small. {"history": "Interactive.21", "point": 1, "testname": "IN", "cornername": "Nominal"}
[2026-04-09 07:58:03.972 Z] [WARN] [cadence.virtuoso.ade.simulationMonitor] -     WARNING (CMI-2425): I19.I14.C1: `Acde' = 2.393 is unusually large.
        Further occurrences of this warning will be suppressed. {"history": "Interactive.21", "point": 1, "testname": "IN", "cornername": "Nominal"}
[2026-04-09 07:58:03.972 Z] [WARN] [cadence.virtuoso.ade.simulationMonitor] -     WARNING (CMI-2424): I19.I14.C1: `Voffcv' = -867.4e-03 is unusually small. {"history": "Interactive.21", "point": 1, "testname": "IN", "cornername": "Nominal"}
[2026-04-09 07:58:03.973 Z] [WARN] [cadence.virtuoso.ade.simulationMonitor] -     WARNING (CMI-2424): I19.I14.C1: `Voffcv' = -867.4e-03 is unusually small. {"history": "Interactive.21", "point": 1, "testname": "IN", "cornername": "Nominal"}
[2026-04-09 07:58:03.973 Z] [WARN] [cadence.virtuoso.ade.simulationMonitor] -     WARNING (CMI-2424): I19.I0.I3.C1: `Voffcv' = -867.4e-03 is unusually small.
        Further occurrences of this warning will be suppressed. {"history": "Interactive.21", "point": 1, "testname": "IN", "cornername": "Nominal"}
[2026-04-09 07:58:03.973 Z] [WARN] [cadence.virtuoso.ade.simulationMonitor] -     WARNING (SPECTRE-17607): Assert `SOAC_rpolyh_vminuspsub' is ignored because it contains an expression which is invalid or not supported by native evaluator.  {"history": "Interactive.21", "point": 1, "testname": "IN", "cornername": "Nominal"}
[2026-04-09 07:58:03.973 Z] [WARN] [cadence.virtuoso.ade.simulationMonitor] -     WARNING (SPECTRE-17607): Assert `SOAC_rpolyh_vpluspsub' is ignored because it contains an expression which is invalid or not supported by native evaluator.  {"history": "Interactive.21", "point": 1, "testname": "IN", "cornername": "Nominal"}
[2026-04-09 07:58:03.973 Z] [WARN] [cadence.virtuoso.ade.simulationMonitor] -     WARNING (SPECTRE-16460): SOAC_cvarm_vspsub:Specified subcircuit master `cvarm' was not found. {"history": "Interactive.21", "point": 1, "testname": "IN", "cornername": "Nominal"}
[2026-04-09 07:58:03.973 Z] [WARN] [cadence.virtuoso.ade.simulationMonitor] -     WARNING (SPECTRE-16462): SOAC_cvarm_vspsub:Error in specification of subcircuit master. Assert is ignored. {"history": "Interactive.21", "point": 1, "testname": "IN", "cornername": "Nominal"}
[2026-04-09 07:58:03.973 Z] [WARN] [cadence.virtuoso.ade.simulationMonitor] -     WARNING (SPECTRE-16460): SOAC_cvarm_vbs:Specified subcircuit master `cvarm' was not found. {"history": "Interactive.21", "point": 1, "testname": "IN", "cornername": "Nominal"}
[2026-04-09 07:58:03.973 Z] [WARN] [cadence.virtuoso.ade.simulationMonitor] -     WARNING (SPECTRE-16462): SOAC_cvarm_vbs:Error in specification of subcircuit master. Assert is ignored. {"history": "Interactive.21", "point": 1, "testname": "IN", "cornername": "Nominal"}
[2026-04-09 07:58:03.973 Z] [WARN] [cadence.virtuoso.ade.simulationMonitor] -     WARNING (SPECTRE-16460): SOAC_cvarm_vgb:Specified subcircuit master `cvarm' was not found. {"history": "Interactive.21", "point": 1, "testname": "IN", "cornername": "Nominal"}
[2026-04-09 07:58:03.973 Z] [WARN] [cadence.virtuoso.ade.simulationMonitor] -     WARNING (SPECTRE-16462): SOAC_cvarm_vgb:Error in specification of subcircuit master. Assert is ignored. {"history": "Interactive.21", "point": 1, "testname": "IN", "cornername": "Nominal"}
[2026-04-09 07:58:03.973 Z] [WARN] [cadence.virtuoso.ade.simulationMonitor] -     WARNING (SPECTRE-16460): SOAC_cvart_vspsub:Specified subcircuit master `cvart' was not found. {"history": "Interactive.21", "point": 1, "testname": "IN", "cornername": "Nominal"}
[2026-04-09 07:58:03.973 Z] [WARN] [cadence.virtuoso.ade.simulationMonitor] -     WARNING (SPECTRE-16462): SOAC_cvart_vspsub:Error in specification of subcircuit master. Assert is ignored. {"history": "Interactive.21", "point": 1, "testname": "IN", "cornername": "Nominal"}
[2026-04-09 07:58:03.973 Z] [WARN] [cadence.virtuoso.ade.simulationMonitor] -     WARNING (SPECTRE-16460): SOAC_cvart_vbs:Specified subcircuit master `cvart' was not found.
        Further occurrences of this warning will be suppressed. {"history": "Interactive.21", "point": 1, "testname": "IN", "cornername": "Nominal"}
[2026-04-09 07:58:03.973 Z] [WARN] [cadence.virtuoso.ade.simulationMonitor] -     WARNING (SPECTRE-16462): SOAC_cvart_vbs:Error in specification of subcircuit master. Assert is ignored.
        Further occurrences of this warning will be suppressed. {"history": "Interactive.21", "point": 1, "testname": "IN", "cornername": "Nominal"}
[2026-04-09 07:58:03.974 Z] [WARN] [cadence.virtuoso.ade.simulationMonitor] -     WARNING (SPECTRE-17607): Assert `SOAC_cvar_vspsub' is ignored because it contains an expression which is invalid or not supported by native evaluator.  {"history": "Interactive.21", "point": 1, "testname": "IN", "cornername": "Nominal"}
[2026-04-09 07:58:03.974 Z] [WARN] [cadence.virtuoso.ade.simulationMonitor] -     WARNING (SPECTRE-17607): Assert `SOAC_cvar_vbpsub' is ignored because it contains an expression which is invalid or not supported by native evaluator.  {"history": "Interactive.21", "point": 1, "testname": "IN", "cornername": "Nominal"}
[2026-04-09 07:58:03.974 Z] [WARN] [cadence.virtuoso.ade.simulationMonitor] -     WARNING (SPECTRE-17607): Assert `SOAC_cvar_vgpsub' is ignored because it contains an expression which is invalid or not supported by native evaluator. 
        Further occurrences of this warning will be suppressed. {"history": "Interactive.21", "point": 1, "testname": "IN", "cornername": "Nominal"}
[2026-04-09 07:58:04.474 Z] [INFO] [cadence.virtuoso.ade.simulationMonitor] - Notice from spectre during initial setup.
    Multithreading is disabled due to the size of the design being too small. {"history": "Interactive.21", "point": 1, "testname": "IN", "cornername": "Nominal"}
[2026-04-09 07:58:04.474 Z] [WARN] [cadence.virtuoso.ade.simulationMonitor] -     WARNING (SPECTRE-592): Following parameters are disabled because they are ignored or redefined in Spectre X:
        
        
        PSS Parameters:
          errpreset {"history": "Interactive.21", "point": 1, "testname": "IN", "cornername": "Nominal"}
[2026-04-09 07:58:04.474 Z] [INFO] [cadence.virtuoso.ade.simulationMonitor] -               nodes 204 {"history": "Interactive.21", "point": 1, "testname": "IN", "cornername": "Nominal"}
[2026-04-09 07:58:04.474 Z] [INFO] [cadence.virtuoso.ade.simulationMonitor] - Notice from spectre during initial setup.
    3 vsources are shorted because their absolute value is less than or equal to 'vabsshort'.
    Spectre X preset=mx enabled.
    7 notices suppressed.
    102 warnings suppressed. {"history": "Interactive.21", "point": 1, "testname": "IN", "cornername": "Nominal"}
[2026-04-09 07:58:04.474 Z] [INFO] [cadence.virtuoso.ade.simulationMonitor] - Peak resident memory used = 207 Mbytes. {"history": "Interactive.21", "point": 1, "testname": "IN", "cornername": "Nominal"}
[2026-04-09 07:58:04.475 Z] [INFO] [cadence.virtuoso.ade.simulationMonitor] -    -   (Spectre X) Multi-threading. The recommended number of threads is 1, consider adding +mt=1 on command line. {"history": "Interactive.21", "point": 1, "testname": "IN", "cornername": "Nominal"}
[2026-04-09 07:58:04.475 Z] [INFO] [cadence.virtuoso.ade.simulationMonitor] - Notice from spectre during DC analysis `dcOp'.
    No checklimit analysis defined for asserts. A default checklimit analysis 'SpectreChecklimitAnal' has been created with all asserts enabled. {"history": "Interactive.21", "point": 1, "testname": "IN", "cornername": "Nominal"}
[2026-04-09 07:58:04.475 Z] [INFO] [cadence.virtuoso.ade.simulationMonitor] - Notice from spectre during DC analysis `dcOp'.
    GminDC = 1 pS is large enough to noticeably affect the DC solution.
        dV(I19.I14.C1.d1) = 2.58858 mV
        Use the `gmin_check' option to eliminate or expand this report.
    Bad pivoting is found during DC analysis. Option dc_pivot_check=yes is recommended for possible improvement of convergence. {"history": "Interactive.21", "point": 1, "testname": "IN", "cornername": "Nominal"}
[2026-04-09 07:58:04.475 Z] [WARN] [cadence.virtuoso.ade.simulationMonitor] -     WARNING (CMI-2943): Parameter checks have been ignored because the valid value for parameter 'trise' could not be found in 'C0'. {"history": "Interactive.21", "point": 1, "testname": "IN", "cornername": "Nominal"}
[2026-04-09 07:58:04.475 Z] [WARN] [cadence.virtuoso.ade.simulationMonitor] -     WARNING (CMI-2943): Parameter checks have been ignored because the valid value for parameter 'trise' could not be found in 'C3'. {"history": "Interactive.21", "point": 1, "testname": "IN", "cornername": "Nominal"}
[2026-04-09 07:58:04.475 Z] [WARN] [cadence.virtuoso.ade.simulationMonitor] -     WARNING (CMI-2943): Parameter checks have been ignored because the valid value for parameter 'trise' could not be found in 'I19.I2.C2<0>_turbo_m10.C1'. {"history": "Interactive.21", "point": 1, "testname": "IN", "cornername": "Nominal"}
[2026-04-09 07:58:04.475 Z] [WARN] [cadence.virtuoso.ade.simulationMonitor] -     WARNING (CMI-2943): Parameter checks have been ignored because the valid value for parameter 'trise' could not be found in 'I19.I2.R0.CM'. {"history": "Interactive.21", "point": 1, "testname": "IN", "cornername": "Nominal"}
[2026-04-09 07:58:04.475 Z] [WARN] [cadence.virtuoso.ade.simulationMonitor] -     WARNING (CMI-2943): Parameter checks have been ignored because the valid value for parameter 'trise' could not be found in 'I19.I2.R0.CS1'.
        Further occurrences of this warning will be suppressed. {"history": "Interactive.21", "point": 1, "testname": "IN", "cornername": "Nominal"}
[2026-04-09 07:58:04.475 Z] [INFO] [cadence.virtuoso.ade.simulationMonitor] - Total time required for dc analysis `dcOp': CPU = 71.188 ms, elapsed = 81.5351 ms, util. = 87.3%. {"history": "Interactive.21", "point": 1, "testname": "IN", "cornername": "Nominal"}
[2026-04-09 07:58:04.475 Z] [INFO] [cadence.virtuoso.ade.simulationMonitor] - Peak resident memory used = 218 Mbytes. {"history": "Interactive.21", "point": 1, "testname": "IN", "cornername": "Nominal"}
[2026-04-09 07:58:04.475 Z] [INFO] [cadence.virtuoso.ade.simulationMonitor] - Notice from spectre.
    101 warnings suppressed. {"history": "Interactive.21", "point": 1, "testname": "IN", "cornername": "Nominal"}
[2026-04-09 07:58:04.475 Z] [WARN] [cadence.virtuoso.ade.simulationMonitor] -     WARNING (CMI-2425): I19.I0.C0: `Acde' = 2.393 is unusually large. {"history": "Interactive.21", "point": 1, "testname": "IN", "cornername": "Nominal"}
[2026-04-09 07:58:04.475 Z] [WARN] [cadence.virtuoso.ade.simulationMonitor] -     WARNING (CMI-2425): I19.I0.C0: `Noff' = 4.732 is unusually large. {"history": "Interactive.21", "point": 1, "testname": "IN", "cornername": "Nominal"}
[2026-04-09 07:58:04.475 Z] [WARN] [cadence.virtuoso.ade.simulationMonitor] -     WARNING (CMI-2424): I19.I0.C0: `Voffcv' = -867.4e-03 is unusually small. {"history": "Interactive.21", "point": 1, "testname": "IN", "cornername": "Nominal"}
[2026-04-09 07:58:04.475 Z] [WARN] [cadence.virtuoso.ade.simulationMonitor] -     WARNING (CMI-2425): I19.I0.I3.C1: `Acde' = 2.393 is unusually large. {"history": "Interactive.21", "point": 1, "testname": "IN", "cornername": "Nominal"}
[2026-04-09 07:58:04.475 Z] [WARN] [cadence.virtuoso.ade.simulationMonitor] -     WARNING (CMI-2425): I19.I0.I3.C1: `Noff' = 4.732 is unusually large. {"history": "Interactive.21", "point": 1, "testname": "IN", "cornername": "Nominal"}
[2026-04-09 07:58:04.475 Z] [WARN] [cadence.virtuoso.ade.simulationMonitor] -     WARNING (CMI-2424): I19.I0.I3.C1: `Voffcv' = -867.4e-03 is unusually small. {"history": "Interactive.21", "point": 1, "testname": "IN", "cornername": "Nominal"}
[2026-04-09 07:58:04.475 Z] [WARN] [cadence.virtuoso.ade.simulationMonitor] -     WARNING (CMI-2425): I19.I14.C1: `Acde' = 2.393 is unusually large.
        Further occurrences of this warning will be suppressed. {"history": "Interactive.21", "point": 1, "testname": "IN", "cornername": "Nominal"}
[2026-04-09 07:58:04.475 Z] [WARN] [cadence.virtuoso.ade.simulationMonitor] -     WARNING (CMI-2424): I19.I14.C1: `Voffcv' = -867.4e-03 is unusually small. {"history": "Interactive.21", "point": 1, "testname": "IN", "cornername": "Nominal"}
[2026-04-09 07:58:04.475 Z] [INFO] [cadence.virtuoso.ade.simulationMonitor] - Notice from spectre during IC analysis, during periodic steady state analysis `pss'.
    GminDC = 1 pS is large enough to noticeably affect the DC solution.
        dV(I19.I14.C1.d1) = 2.58851 mV
        Use the `gmin_check' option to eliminate or expand this report.
    Bad pivoting is found during DC analysis. Option dc_pivot_check=yes is recommended for possible improvement of convergence. {"history": "Interactive.21", "point": 1, "testname": "IN", "cornername": "Nominal"}
[2026-04-09 07:58:04.475 Z] [WARN] [cadence.virtuoso.ade.simulationMonitor] -     WARNING (CMI-2943): Parameter checks have been ignored because the valid value for parameter 'trise' could not be found in 'C0'. {"history": "Interactive.21", "point": 1, "testname": "IN", "cornername": "Nominal"}
[2026-04-09 07:58:04.476 Z] [WARN] [cadence.virtuoso.ade.simulationMonitor] -     WARNING (CMI-2943): Parameter checks have been ignored because the valid value for parameter 'trise' could not be found in 'C3'. {"history": "Interactive.21", "point": 1, "testname": "IN", "cornername": "Nominal"}
[2026-04-09 07:58:04.476 Z] [WARN] [cadence.virtuoso.ade.simulationMonitor] -     WARNING (CMI-2943): Parameter checks have been ignored because the valid value for parameter 'trise' could not be found in 'I19.I2.C2<0>_turbo_m10.C1'. {"history": "Interactive.21", "point": 1, "testname": "IN", "cornername": "Nominal"}
[2026-04-09 07:58:04.476 Z] [WARN] [cadence.virtuoso.ade.simulationMonitor] -     WARNING (CMI-2943): Parameter checks have been ignored because the valid value for parameter 'trise' could not be found in 'I19.I2.R0.CM'. {"history": "Interactive.21", "point": 1, "testname": "IN", "cornername": "Nominal"}
[2026-04-09 07:58:04.476 Z] [WARN] [cadence.virtuoso.ade.simulationMonitor] -     WARNING (CMI-2943): Parameter checks have been ignored because the valid value for parameter 'trise' could not be found in 'I19.I2.R0.CS1'.
        Further occurrences of this warning will be suppressed. {"history": "Interactive.21", "point": 1, "testname": "IN", "cornername": "Nominal"}
[2026-04-09 07:58:04.476 Z] [INFO] [cadence.virtuoso.ade.simulationMonitor] - Notice from spectre at time = 42.5504 us during periodic steady state analysis `pss'.
    Found trapezoidal ringing on node V2:p. {"history": "Interactive.21", "point": 1, "testname": "IN", "cornername": "Nominal"}
[2026-04-09 07:58:04.476 Z] [INFO] [cadence.virtuoso.ade.simulationMonitor] - Notice from spectre at time = 72.8422 us during periodic steady state analysis `pss'.
    Found trapezoidal ringing on node V2:p. {"history": "Interactive.21", "point": 1, "testname": "IN", "cornername": "Nominal"}
[2026-04-09 07:58:04.476 Z] [INFO] [cadence.virtuoso.ade.simulationMonitor] - Notice from spectre at time = 74.5551 us during periodic steady state analysis `pss'.
    Found trapezoidal ringing on node V2:p. {"history": "Interactive.21", "point": 1, "testname": "IN", "cornername": "Nominal"}
[2026-04-09 07:58:04.476 Z] [INFO] [cadence.virtuoso.ade.simulationMonitor] - Notice from spectre at time = 101.72 us during periodic steady state analysis `pss'.
    Found trapezoidal ringing on node V2:p. {"history": "Interactive.21", "point": 1, "testname": "IN", "cornername": "Nominal"}
[2026-04-09 07:58:04.476 Z] [INFO] [cadence.virtuoso.ade.simulationMonitor] - Notice from spectre at time = 109.93 us during periodic steady state analysis `pss'.
    Found trapezoidal ringing on node V2:p.
        Further occurrences of this notice will be suppressed. {"history": "Interactive.21", "point": 1, "testname": "IN", "cornername": "Nominal"}
[2026-04-09 07:58:05.976 Z] [INFO] [cadence.virtuoso.ade.simulationMonitor] - Total time required for tstab analysis `pss': CPU = 1.37681 s, elapsed = 1.37716 s. {"history": "Interactive.21", "point": 1, "testname": "IN", "cornername": "Nominal"}
[2026-04-09 07:58:05.976 Z] [INFO] [cadence.virtuoso.ade.simulationMonitor] - Peak resident memory used = 221 Mbytes. {"history": "Interactive.21", "point": 1, "testname": "IN", "cornername": "Nominal"}
[2026-04-09 07:58:05.977 Z] [INFO] [cadence.virtuoso.ade.simulationMonitor] - Notice from spectre during periodic steady state analysis `pss'.
    102 warnings suppressed. {"history": "Interactive.21", "point": 1, "testname": "IN", "cornername": "Nominal"}
[2026-04-09 07:58:24.982 Z] [INFO] [cadence.virtuoso.ade.simulationMonitor] - Notice from spectre during periodic steady state analysis `pss'.
    Trapezoidal ringing is detected during pss analysis.
        Please use method=trap for better results and performance. {"history": "Interactive.21", "point": 1, "testname": "IN", "cornername": "Nominal"}
[2026-04-09 07:58:24.983 Z] [INFO] [cadence.virtuoso.ade.simulationMonitor] - Total time required for pss analysis `pss': CPU = 20.4544 s, elapsed = 20.494 s, util. = 99.8%. {"history": "Interactive.21", "point": 1, "testname": "IN", "cornername": "Nominal"}
[2026-04-09 07:58:24.983 Z] [INFO] [cadence.virtuoso.ade.simulationMonitor] - Peak resident memory used = 446 Mbytes. {"history": "Interactive.21", "point": 1, "testname": "IN", "cornername": "Nominal"}
[2026-04-09 07:58:24.984 Z] [INFO] [cadence.virtuoso.ade.simulationMonitor] - Notice from spectre.
    1211 notices suppressed. {"history": "Interactive.21", "point": 1, "testname": "IN", "cornername": "Nominal"}
[2026-04-09 07:58:24.984 Z] [WARN] [cadence.virtuoso.ade.simulationMonitor] -     WARNING (CMI-2425): I19.I14.C1: `Acde' = 2.393 is unusually large. {"history": "Interactive.21", "point": 1, "testname": "IN", "cornername": "Nominal"}
[2026-04-09 07:58:24.985 Z] [WARN] [cadence.virtuoso.ade.simulationMonitor] -     WARNING (CMI-2425): I19.I14.C1: `Noff' = 4.732 is unusually large. {"history": "Interactive.21", "point": 1, "testname": "IN", "cornername": "Nominal"}
[2026-04-09 07:58:24.985 Z] [WARN] [cadence.virtuoso.ade.simulationMonitor] -     WARNING (CMI-2424): I19.I14.C1: `Voffcv' = -867.4e-03 is unusually small. {"history": "Interactive.21", "point": 1, "testname": "IN", "cornername": "Nominal"}
[2026-04-09 07:58:24.985 Z] [WARN] [cadence.virtuoso.ade.simulationMonitor] -     WARNING (CMI-2425): I19.I0.I3.C1: `Acde' = 2.393 is unusually large. {"history": "Interactive.21", "point": 1, "testname": "IN", "cornername": "Nominal"}
[2026-04-09 07:58:24.986 Z] [WARN] [cadence.virtuoso.ade.simulationMonitor] -     WARNING (CMI-2425): I19.I0.I3.C1: `Noff' = 4.732 is unusually large. {"history": "Interactive.21", "point": 1, "testname": "IN", "cornername": "Nominal"}
[2026-04-09 07:58:24.986 Z] [WARN] [cadence.virtuoso.ade.simulationMonitor] -     WARNING (CMI-2424): I19.I0.I3.C1: `Voffcv' = -867.4e-03 is unusually small. {"history": "Interactive.21", "point": 1, "testname": "IN", "cornername": "Nominal"}
[2026-04-09 07:58:24.986 Z] [WARN] [cadence.virtuoso.ade.simulationMonitor] -     WARNING (CMI-2425): I19.I0.C0: `Acde' = 2.393 is unusually large.
        Further occurrences of this warning will be suppressed. {"history": "Interactive.21", "point": 1, "testname": "IN", "cornername": "Nominal"}
[2026-04-09 07:58:24.986 Z] [WARN] [cadence.virtuoso.ade.simulationMonitor] -     WARNING (CMI-2424): I19.I0.C0: `Voffcv' = -867.4e-03 is unusually small. {"history": "Interactive.21", "point": 1, "testname": "IN", "cornername": "Nominal"}
[2026-04-09 07:58:24.987 Z] [INFO] [cadence.virtuoso.ade.simulationMonitor] - Notice from spectre.
    1 warning suppressed. {"history": "Interactive.21", "point": 1, "testname": "IN", "cornername": "Nominal"}
[2026-04-09 07:58:24.987 Z] [INFO] [cadence.virtuoso.ade.simulationMonitor] - Time used: CPU = 20.8 s, elapsed = 21.1 s, util. = 98.5%. {"history": "Interactive.21", "point": 1, "testname": "IN", "cornername": "Nominal"}
[2026-04-09 07:58:24.987 Z] [INFO] [cadence.virtuoso.ade.simulationMonitor] - Time spent in licensing: elapsed = 52.2 ms. {"history": "Interactive.21", "point": 1, "testname": "IN", "cornername": "Nominal"}
[2026-04-09 07:58:24.987 Z] [INFO] [cadence.virtuoso.ade.simulationMonitor] - Peak memory used = 445 Mbytes. {"history": "Interactive.21", "point": 1, "testname": "IN", "cornername": "Nominal"}
[2026-04-09 07:58:24.988 Z] [PROCESS] [cadence.virtuoso.ade.simulationMonitor] - Simulation started at: 7:58:03 AM, Thur Apr 9, 2026, ended at: 7:58:24 AM, Thur Apr 9, 2026, with elapsed time (wall clock): 21.1 s. {"history": "Interactive.21", "point": 1, "testname": "IN", "cornername": "Nominal"}
[2026-04-09 07:58:24.988 Z] [PROCESS] [cadence.virtuoso.ade.simulationMonitor] - spectre completes with 0 errors, 63 warnings, and 30 notices. {"history": "Interactive.21", "point": 1, "testname": "IN", "cornername": "Nominal"}
[2026-04-09 07:58:24.988 Z] [PROCESS] [cadence.virtuoso.ade.simulationMonitor] - Finished simulating for one point {"hostname": "edatools", "processid": 102748, "history": "Interactive.21", "testname": "IN", "cornername": "Nominal", "point": 1, "logfile": "/home/saul/projects/IL2244_VT26_SAUL/logs_saul/logs0/Job25.log", "simid": "1"}
[2026-04-09 07:58:24.989 Z] [PROCESS] [cadence.virtuoso.ade.simulationMonitor] - Simulator exited {"hostname": "edatools", "processid": 102748, "history": "Interactive.21", "testname": "IN", "cornername": "Nominal", "point": 1, "logfile": "/home/saul/projects/IL2244_VT26_SAUL/logs_saul/logs0/Job25.log", "exitStatus": "0"}
[2026-04-09 07:58:24.989 Z] [PROCESS] [cadence.virtuoso.ade.simulationMonitor] - Finished Simulation {"hostname": "edatools", "processid": 102748, "history": "Interactive.21", "testname": "IN", "cornername": "Nominal", "point": 1, "logfile": "/home/saul/projects/IL2244_VT26_SAUL/logs_saul/logs0/Job25.log", "simid": "1"}
[2026-04-09 07:58:26.006 Z] [PROCESS] [cadence.virtuoso.ade.simulationMonitor] - Point Finished {"hostname": "edatools", "processid": 102748, "history": "Interactive.21", "testname": "IN", "cornername": "Nominal", "point": 1, "logfile": "/home/saul/projects/IL2244_VT26_SAUL/logs_saul/logs0/Job25.log"}
[2026-04-09 07:59:38.429 Z] [PROCESS] [cadence.virtuoso.ade.simulationMonitor] - get signal Terminated<15> from user:saul, which pid:102746:/opt/tools/cadence/installs/IC618/tools/bin/64bit/cdsServIpc {"hostname": "edatools", "processid": 102748, "history": "Interactive.21", "testname": "IN", "cornername": "Nominal", "point": 1, "logfile": "/home/saul/projects/IL2244_VT26_SAUL/logs_saul/logs0/Job25.log", "signal": "15", "signalName": "Terminated", "which": "/opt/tools/cadence/installs/IC618/tools/bin/64bit/cdsServIpc", "pid": "102746", "user": "saul", "uid": "1000"}
[2026-04-09 07:59:38.430 Z] [INFO] [cadence.virtuoso.ade.simulationMonitor] - SimulationMonitor has terminated the  process '102784', reason: 'simulationMonitor is handling signal 15' {"history": "Interactive.21", "point": 1, "testname": "IN", "cornername": "Nominal"}
[2026-04-09 07:59:38.930 Z] [PROCESS] [cadence.virtuoso.ade.simulationMonitor] - Current memory used: 52.9141 MBytes, peak memory used: 52.9141 MBytes {"hostname": "edatools", "processid": 102748, "history": "Interactive.21", "testname": "IN", "cornername": "Nominal", "point": 1, "logfile": "/home/saul/projects/IL2244_VT26_SAUL/logs_saul/logs0/Job25.log"}
[2026-04-09 07:59:38.931 Z] [PROCESS] [cadence.virtuoso.ade.simulationMonitor] - Simulation Monitor process exit. {"hostname": "edatools", "processid": 102748, "history": "Interactive.21", "testname": "IN", "cornername": "Nominal", "point": 1, "logfile": "/home/saul/projects/IL2244_VT26_SAUL/logs_saul/logs0/Job25.log"}
