\# Program start time:     UTC 2026.04.01 05:40:54.610
\# Local time: UTC (UTC+00:00) 2026.04.01 05:40:54.610
\o Program:		@(#)$CDS: virtuoso version 6.1.8-64b 09/03/2024 19:11 (sjfhw316) $
\o Hierarchy:		/opt/tools/cadence/installs/IC618/tools.lnx86/dfII/
\o Sub version:		sub-version  IC6.1.8-64b.500.36  (64-bit addresses)
\# Command line:	/opt/tools/cadence/installs/IC618/tools.lnx86/dfII/bin/64bit/virtuoso -noautostart -mpssession virtuoso962994 -mpshost edatools -davinciService DaVinciService_962994_1775021157 -log /home/saul/projects/IL2244_VT26_SAUL/logs_saul/logs0/Job23.log -licenseLockFileName /home/saul/projects/IL2244_VT26_SAUL/.tmp_saul/.edatools_962994 -interactiveA -interactiveE -interactiveRTT -nostdin -nographE -axlChildIdFlag 23
\# Host name (type):	edatools (x86_64)
\# Operating system:	Linux 6.17.0-19-generic #19~24.04.2-Ubuntu SMP PREEMPT_DYNAMIC Fri Mar  6 23:08:46 UTC 2
\# Linux /etc/issue:	\S
\# Linux /etc/issue:	Kernel \r on an \m
\# X display name (WxH):	:4305 (1024x868)
\# Available geometry:			TL(0:0) BR(1023:867)
\# X server:			The X.Org Foundation
\# Depth of Visual (Root):	24 (24)
\# Number of Planes Used:	24
\# X version:		11.0 (vendor release 12011000)
\# X resource pool:	base 0x400000, mask 0x1fffff (2097151), shift 0
\# 			current id 0x0, current max 0x1ffffa (2097146)
\# Max data seg size:	     unlimited
\# Max process size:	     unlimited
\# Initial sbrk value:	      1,631 MB
\# Available memory:	     50,562 MB
\# System memory:	     72,238 MB
\# Maximum memory size:	     70,726 MB
\# Max mem available:	     50,681 MB
\# Initial memory used:	        119 MB
\#        process size:	      1,676 MB
\# Thread usage limits (effective/default):	maxthreads 4294967295/4294967295 maxload 16.00/16.00
\# Qt version:		5.9.1
\# Window Manager:	other
\# User Name:		saul
\o Working Directory:	edatools:/home/saul/projects/IL2244_VT26_SAUL
\# Process Id:		994879
\o 
\o COPYRIGHT (C) 1992-2024  CADENCE DESIGN SYSTEMS INC.  ALL RIGHTS RESERVED.
\o           (C) 1992-2024  UNIX SYSTEMS Laboratories INC.,
\o                          Reproduced with permission.
\o 
\o This Cadence Design Systems program and online documentation are
\o proprietary/confidential information and may be disclosed/used only
\o as authorized in a license agreement controlling such use and disclosure.
\o 
\o           RESTRICTED RIGHTS NOTICE (SHORT FORM)
\o Use/reproduction/disclosure is subject to restriction
\o set forth at FAR 1252.227-19 or its equivalent.
\o Loading geView.cxt 
\o Loading menuBuilder.cxt 
\o Loading schView.cxt 
\o Loading selectSv.cxt 
\o Loading wireEdit.cxt 
\o Loading pte2.cxt 
\o Loading xlUI.cxt 
\o Loading auCore.cxt 
\o Loading vhdl.cxt 
\o Loading seismic.cxt 
\o Loading ci.cxt 
\o Loading ams.cxt 
\o Loading oasis.cxt 
\o Loading analog.cxt 
\o Loading asimenv.cxt 
\o Loading dal.cxt 
\o Loading awv.cxt 
\o Loading socket.cxt 
\o Loading par.cxt 
\o Loading alvs.cxt 
\o Loading caa.cxt 
\o Loading amps.cxt 
\o Loading adexlCore.cxt 
\o Loading adexl.cxt 
\o *Info*    Exporting services from client ... 
\o 
\o Loading adexlDM.cxt 
\o Loading cpf.cxt 
\o Loading cli.cxt 
\o Loading lp.cxt 
\o INFO (ELI-00302) Connecting to parent process (session=virtuoso962994, host=edatools). Connection mode is ICRP. Total timeout is 180 seconds. Connection timeout is 90 seconds.
\o INFO (ELI-00303) Step 1: Connecting to parent. Time spent is 0 seconds.
\o INFO (ELI-00304) The registration of the child 994879 within 90 seconds is being processed...
\o INFO (ELI-00305) The result of registration is true. Time spent is 0 seconds.
\o INFO (ELI-00308) The connection has ended. Result is true. Total time spent is 0 seconds.
\# [05:40:54.445330] Configured Lic search path (22.01-s002): 3000@lic08.ug.kth.se:29000@lic06.ug.kth.se
\o ......................................................................................
\o            ams AG HIT-Kit v.ams_4.10
\o ......................................................................................
\o COPYRIGHT (c) 2012 Full Service Foundry @ ams AG.  ALL RIGHTS RESERVED
\o This HIT-Kit and attached documentation are confidential information and may 
\o only be used as authorized by the HIT-Kit license agreement.
\o ......................................................................................
\# Current Window: window(2)
\o Loading simulator default settings.
\o //
\o //  Calibre Skill Interface * (v2024.4_12.9) *
\o //
\o //                         Copyright Siemens 1996-2020     
\o //                             All Rights Reserved.
\o //         THIS WORK CONTAINS TRADE SECRET AND PROPRIETARY INFORMATION
\o //            WHICH IS THE PROPERTY OF MENTOR GRAPHICS CORPORATION
\o //              OR ITS LICENSORS AND IS SUBJECT TO LICENSE TERMS.
\o //
\o //
\# Memory report: using         280 MB, process size 1,972 MB at UTC 2026.04.01 05:40:56.694
\o Loading simulator default settings.
\o *Info*    Client has finished starting ... 
\o 
\o Loading vdsil.cxt 
\p hitkit: ams_4.10  Tech: c35b4c3  User: saul 
\w *WARNING* could not load font "-*-courier-medium-r-*-*-12-*", using font "fixed"
\# Loading perfDiag...
\# (PerfDiag): Set GDB path to environment variable 'gdbPath' (gdb).
\# Performance Diagnostic tool is installed. You can access PerfDiag from CIW Tools or use the shell command 'cdsPerfDiag -p 994879' to open it when Virtuoso freezes.
\# (PerfDiag): Use backtrace from GLIBC.
\w *WARNING* _perfPstackCheck: Cannot find pstack/gstack. Please setup PATH environment variable to pstack/gstack executable.
\o Loading vqp.cxt 
\o Loading hdlPkg.cxt 
\o 
\o 
\o *Info*    Configuring the session ...
\o 
\o Loading simui.cxt 
\o 	Library      = FECG
\o 	Cell         = buffer_tb
\o 	View         = schematic
\o 	Simulator    = spectre
\o 	State Path   = $AXL_SETUPDB_DIR/test_states
\o 	State Name   = VDD_VIN:1_state_Interactive.10
\o 	Results DB   = /home/saul/projects/IL2244_VT26_SAUL/FECG/buffer_tb/adexl/results/data/Interactive.10.rdb
\o 	Results Dir  = /home/saul/projects/IL2244_VT26_SAUL/Sim/FECG/buffer_tb/adexl/results/data/Interactive.10/5/VDD
\o 	Results Loc  = /home/saul/projects/IL2244_VT26_SAUL/Sim/FECG/buffer_tb/adexl/results/data
\o 	Project Dir  = /home/saul/projects/IL2244_VT26_SAUL/Sim
\o 	Setup DB loc = /home/saul/projects/IL2244_VT26_SAUL/FECG/buffer_tb/adexl
\o 	File Encoding = 0
\o 
\o 
\o Loading viva.cxt 
\o Loading spectrei.cxt 
\o Loading devCheck.cxt 
\o Loading relXpert.cxt 
\o Loading hspiceD.cxt 
\o Loading spectreinl.cxt 
\o Loading msgHandler.cxt 
\o Loading UltraSim.cxt 
\o Loading AMSOSS.cxt 
\o Loading AMS.cxt 
\o 
\o *Info*    The auto suspension is disabled.
\o 
\o Loading monte.cxt 
\o 
\o 
\o 
\o 
\o 
\o *Info*    Run start for Point ID (10 10) on testbench [ VDD ].
\o 
\o Resetting statistical vars
\o 
\o *Info*    Setting parameter values ...
\o 
\o Setting var VCM = "1.6"
\o Setting var VDD = "0"
\o Setting var VDD_PULSE = "3.3"
\o Setting var VDD_RT = "1u"
\o Setting var VIN_PULSE = "0"
\o Setting var temperature = "-40"
\o Setting temp(T) = -40
\o 
\o *Info*    Netlist Directory =
\o           /home/saul/projects/IL2244_VT26_SAUL/Sim/FECG/buffer_tb/adexl/results/data/Interactive.10/10/VDD/netlist
\o 
\o 
\o *Info*    Data Directory    =
\o           /home/saul/projects/IL2244_VT26_SAUL/Sim/FECG/buffer_tb/adexl/results/data/Interactive.10/10/VDD
\o 
\o 
\o *Info*    Creating Netlist for Point ID (10 10)
\o 
\o generate netlist...
\o Loading hnlInit.cxt 
\o Loading seCore.cxt 
\o function ansCdlCompPrim redefined
\o function ansCdlCompPrim redefined
\# [05:40:58.082258] Periodic Lic check successful
\# [05:40:58.082259] Feature usage summary:
\o Begin Incremental Netlisting Apr  1 05:40:58 2026
\# Memory report: using         406 MB, process size 2,166 MB at UTC 2026.04.01 05:40:58.109
\o End netlisting Apr  1 05:40:58 2026
\o 
\o 	The netlist is up to date.
\o 	Time taken to compare the design with netlist:   0.0s
\o       ...successful.
\o compose simulator input file...
\o       ...successful.
\o 
\o *Info*    Running simulation on testbench [ VDD ] for Point ID (10
\o           10).
\o 
\o Delete psf data in /home/saul/projects/IL2244_VT26_SAUL/Sim/FECG/buffer_tb/adexl/results/data/Interactive.10/10/VDD/psf.
\o compose simulator input file...
\o       ...successful.
\o start simulator if needed...
\o       ...successful.
\o simulate...
\o To view the simulator output, right-click on the test name, result 
\o name, or any value in the "Results" tab of the Outputs section and 
\o choose "Output Log" menu option.
\o WARNING (ADE-3080): Fast viewing extensions for PSF XL format (also known as RTSF) will be discontinued  
\o        and Virtuoso Visualization and Analysis XL will not use RTSF data to plot waveforms from IC6.1.8 ISR7 onward. 
\o        There will be no performance impact on data visualization due to this change.
\o Loading paraplot.cxt 
\o INFO (ADE-3071): Simulation completed successfully.
\o reading simulation data...
\o       ...successful.
\o *Info*    Client has finished evaluating ... 
\o 
\o WARNING (OCN-6038): Results noise are not available for /home/saul/projects/IL2244_VT26_SAUL/Sim/FECG/buffer_tb/adexl/results/data/Interactive.10/10/VDD. Use results() for a list of available results.
\o WARNING (OCN-6038): Results noise are not available for /home/saul/projects/IL2244_VT26_SAUL/Sim/FECG/buffer_tb/adexl/results/data/Interactive.10/10/VDD. Use results() for a list of available results.
\e *Error* ("expt" 0 t nil ("*Error* expt: can't handle (nil**2)"))
\e 
\e 
\o ERROR (ADE-2708): Evaluation of output 'integrated noise V' failed for point:'10' test:'VDD'
\o 	Expression:'sqrt(totalNoise("noise" 0.01 100000000 nil))'
\o 	because of the following error(s)
\o 	*Error* expt: can't handle (nil**2).
\o Ensure that the definition of output is correct.
\o 
\o 
\o *Info*    Run complete for Point ID (10 10) on testbench [ VDD ].
\o 
\o 
\o 
\o 
\o 
\o 
\o 
\o 
\o 
\o 
\o *Info*    Run start for Point ID (10 16) on testbench [ VDD ].
\o 
\o Resetting statistical vars
\o 
\o *Info*    Setting parameter values ...
\o 
\o 
\o *Info*    Netlist Directory =
\o           /home/saul/projects/IL2244_VT26_SAUL/Sim/FECG/buffer_tb/adexl/results/data/Interactive.10/16/VDD/netlist
\o 
\o 
\o *Info*    Data Directory    =
\o           /home/saul/projects/IL2244_VT26_SAUL/Sim/FECG/buffer_tb/adexl/results/data/Interactive.10/16/VDD
\o 
\o 
\o *Info*    Creating Netlist for Point ID (10 16)
\o 
\o generate netlist...
\o function ansCdlCompPrim redefined
\o function ansCdlCompPrim redefined
\o Begin Incremental Netlisting Apr  1 05:40:59 2026
\o End netlisting Apr  1 05:40:59 2026
\o 
\o 	The netlist is up to date.
\o 	Time taken to compare the design with netlist:   0.0s
\o       ...successful.
\o compose simulator input file...
\o       ...successful.
\o 
\o *Info*    Running simulation on testbench [ VDD ] for Point ID (10
\o           16).
\o 
\o Delete psf data in /home/saul/projects/IL2244_VT26_SAUL/Sim/FECG/buffer_tb/adexl/results/data/Interactive.10/16/VDD/psf.
\o compose simulator input file...
\o       ...successful.
\o start simulator if needed...
\o       ...successful.
\o simulate...
\o To view the simulator output, right-click on the test name, result 
\o name, or any value in the "Results" tab of the Outputs section and 
\o choose "Output Log" menu option.
\o WARNING (ADE-3080): Fast viewing extensions for PSF XL format (also known as RTSF) will be discontinued  
\o        and Virtuoso Visualization and Analysis XL will not use RTSF data to plot waveforms from IC6.1.8 ISR7 onward. 
\o        There will be no performance impact on data visualization due to this change.
\o INFO (ADE-3071): Simulation completed successfully.
\o reading simulation data...
\o       ...successful.
\o *Info*    Client has finished evaluating ... 
\o 
\o WARNING (OCN-6038): Results noise are not available for /home/saul/projects/IL2244_VT26_SAUL/Sim/FECG/buffer_tb/adexl/results/data/Interactive.10/16/VDD. Use results() for a list of available results.
\o WARNING (OCN-6038): Results noise are not available for /home/saul/projects/IL2244_VT26_SAUL/Sim/FECG/buffer_tb/adexl/results/data/Interactive.10/16/VDD. Use results() for a list of available results.
\e *Error* ("expt" 0 t nil ("*Error* expt: can't handle (nil**2)"))
\e 
\e 
\o ERROR (ADE-2708): Evaluation of output 'integrated noise V' failed for point:'16' test:'VDD'
\o 	Expression:'sqrt(totalNoise("noise" 0.01 100000000 nil))'
\o 	because of the following error(s)
\o 	*Error* expt: can't handle (nil**2).
\o Ensure that the definition of output is correct.
\o 
\o 
\o *Info*    Run complete for Point ID (10 16) on testbench [ VDD ].
\o 
\o 
\o 
\o 
\o 
\o 
\o 
\o 
\o 
\o 
\o *Info*    Run start for Point ID (10 22) on testbench [ VDD ].
\o 
\o Resetting statistical vars
\o 
\o *Info*    Setting parameter values ...
\o 
\o 
\o *Info*    Netlist Directory =
\o           /home/saul/projects/IL2244_VT26_SAUL/Sim/FECG/buffer_tb/adexl/results/data/Interactive.10/22/VDD/netlist
\o 
\o 
\o *Info*    Data Directory    =
\o           /home/saul/projects/IL2244_VT26_SAUL/Sim/FECG/buffer_tb/adexl/results/data/Interactive.10/22/VDD
\o 
\o 
\o *Info*    Creating Netlist for Point ID (10 22)
\o 
\o generate netlist...
\o function ansCdlCompPrim redefined
\o function ansCdlCompPrim redefined
\o Begin Incremental Netlisting Apr  1 05:41:01 2026
\o End netlisting Apr  1 05:41:01 2026
\o 
\o 	The netlist is up to date.
\o 	Time taken to compare the design with netlist:   0.0s
\o       ...successful.
\o compose simulator input file...
\o       ...successful.
\o 
\o *Info*    Running simulation on testbench [ VDD ] for Point ID (10
\o           22).
\o 
\o Delete psf data in /home/saul/projects/IL2244_VT26_SAUL/Sim/FECG/buffer_tb/adexl/results/data/Interactive.10/22/VDD/psf.
\o compose simulator input file...
\o       ...successful.
\o start simulator if needed...
\o       ...successful.
\o simulate...
\o To view the simulator output, right-click on the test name, result 
\o name, or any value in the "Results" tab of the Outputs section and 
\o choose "Output Log" menu option.
\o WARNING (ADE-3080): Fast viewing extensions for PSF XL format (also known as RTSF) will be discontinued  
\o        and Virtuoso Visualization and Analysis XL will not use RTSF data to plot waveforms from IC6.1.8 ISR7 onward. 
\o        There will be no performance impact on data visualization due to this change.
\o INFO (ADE-3071): Simulation completed successfully.
\o reading simulation data...
\o       ...successful.
\o *Info*    Client has finished evaluating ... 
\o 
\o WARNING (OCN-6038): Results noise are not available for /home/saul/projects/IL2244_VT26_SAUL/Sim/FECG/buffer_tb/adexl/results/data/Interactive.10/22/VDD. Use results() for a list of available results.
\o WARNING (OCN-6038): Results noise are not available for /home/saul/projects/IL2244_VT26_SAUL/Sim/FECG/buffer_tb/adexl/results/data/Interactive.10/22/VDD. Use results() for a list of available results.
\e *Error* ("expt" 0 t nil ("*Error* expt: can't handle (nil**2)"))
\e 
\e 
\o ERROR (ADE-2708): Evaluation of output 'integrated noise V' failed for point:'22' test:'VDD'
\o 	Expression:'sqrt(totalNoise("noise" 0.01 100000000 nil))'
\o 	because of the following error(s)
\o 	*Error* expt: can't handle (nil**2).
\o Ensure that the definition of output is correct.
\o 
\o 
\o *Info*    Run complete for Point ID (10 22) on testbench [ VDD ].
\o 
\o 
\o 
\o 
\o 
\o 
\o 
\o 
\o 
\o 
\o *Info*    Run start for Point ID (10 28) on testbench [ VDD ].
\o 
\o Resetting statistical vars
\o 
\o *Info*    Setting parameter values ...
\o 
\o 
\o *Info*    Netlist Directory =
\o           /home/saul/projects/IL2244_VT26_SAUL/Sim/FECG/buffer_tb/adexl/results/data/Interactive.10/28/VDD/netlist
\o 
\o 
\o *Info*    Data Directory    =
\o           /home/saul/projects/IL2244_VT26_SAUL/Sim/FECG/buffer_tb/adexl/results/data/Interactive.10/28/VDD
\o 
\o 
\o *Info*    Creating Netlist for Point ID (10 28)
\o 
\o generate netlist...
\o function ansCdlCompPrim redefined
\o function ansCdlCompPrim redefined
\o Begin Incremental Netlisting Apr  1 05:41:02 2026
\o End netlisting Apr  1 05:41:02 2026
\o 
\o 	The netlist is up to date.
\o 	Time taken to compare the design with netlist:   0.0s
\o       ...successful.
\o compose simulator input file...
\o       ...successful.
\o 
\o *Info*    Running simulation on testbench [ VDD ] for Point ID (10
\o           28).
\o 
\o Delete psf data in /home/saul/projects/IL2244_VT26_SAUL/Sim/FECG/buffer_tb/adexl/results/data/Interactive.10/28/VDD/psf.
\o compose simulator input file...
\o       ...successful.
\o start simulator if needed...
\o       ...successful.
\o simulate...
\o To view the simulator output, right-click on the test name, result 
\o name, or any value in the "Results" tab of the Outputs section and 
\o choose "Output Log" menu option.
\o WARNING (ADE-3080): Fast viewing extensions for PSF XL format (also known as RTSF) will be discontinued  
\o        and Virtuoso Visualization and Analysis XL will not use RTSF data to plot waveforms from IC6.1.8 ISR7 onward. 
\o        There will be no performance impact on data visualization due to this change.
\o INFO (ADE-3071): Simulation completed successfully.
\o reading simulation data...
\o       ...successful.
\o *Info*    Client has finished evaluating ... 
\o 
\o WARNING (OCN-6038): Results noise are not available for /home/saul/projects/IL2244_VT26_SAUL/Sim/FECG/buffer_tb/adexl/results/data/Interactive.10/28/VDD. Use results() for a list of available results.
\o WARNING (OCN-6038): Results noise are not available for /home/saul/projects/IL2244_VT26_SAUL/Sim/FECG/buffer_tb/adexl/results/data/Interactive.10/28/VDD. Use results() for a list of available results.
\e *Error* ("expt" 0 t nil ("*Error* expt: can't handle (nil**2)"))
\e 
\e 
\o ERROR (ADE-2708): Evaluation of output 'integrated noise V' failed for point:'28' test:'VDD'
\o 	Expression:'sqrt(totalNoise("noise" 0.01 100000000 nil))'
\o 	because of the following error(s)
\o 	*Error* expt: can't handle (nil**2).
\o Ensure that the definition of output is correct.
\o 
\o 
\o *Info*    Run complete for Point ID (10 28) on testbench [ VDD ].
\o 
\o 
\o 
\o 
\o 
\# Available memory:         49,051 MB at UTC 2026.04.01 05:41:04.554
\# Memory report: Maximum memory size now 49,517 MB at UTC 2026.04.01 05:41:04.554
\# Thread usage report: 22 active threads, active load 1.40 at UTC 2026.04.01 05:41:04.554
\o Simulation design variables differ from those on the cellView,
\o they have been saved in the file "/tmp/saved-design-variables".
\o To save future changes, copy variables to cellView before exiting.
\o 
\o 
\o *Info*    Configuring the session ...
\o 
\o 	Library      = FECG
\o 	Cell         = buffer_tb
\o 	View         = schematic
\o 	Simulator    = spectre
\o 	State Path   = $AXL_SETUPDB_DIR/test_states
\o 	State Name   = VIN_spectre_state1_Interactive.11
\o 	Results DB   = /home/saul/projects/IL2244_VT26_SAUL/FECG/buffer_tb/adexl/results/data/Interactive.11.rdb
\o 	Results Dir  = /home/saul/projects/IL2244_VT26_SAUL/Sim/FECG/buffer_tb/adexl/results/data/Interactive.11/1/VIN
\o 	Results Loc  = /home/saul/projects/IL2244_VT26_SAUL/Sim/FECG/buffer_tb/adexl/results/data
\o 	Project Dir  = /home/saul/projects/IL2244_VT26_SAUL/Sim
\o 	Setup DB loc = /home/saul/projects/IL2244_VT26_SAUL/FECG/buffer_tb/adexl
\o 	File Encoding = 0
\o 
\o 
\o 
\o *Info*    The auto suspension is disabled.
\o 
\o 
\o 
\o 
\o 
\o 
\o *Info*    Run start for Point ID (11 6) on testbench [ VIN ].
\o 
\o Resetting statistical vars
\o 
\o *Info*    Setting parameter values ...
\o 
\o Setting var VCM = "1.6"
\o Setting var VDD = "3.3"
\o Setting var VDD_PULSE = "0"
\o Setting var VDD_RT = "1u"
\o Setting var VIN_PULSE = "10m"
\o Setting var temperature = "-40"
\o Setting temp(T) = -40
\o 
\o *Info*    Netlist Directory =
\o           /home/saul/projects/IL2244_VT26_SAUL/Sim/FECG/buffer_tb/adexl/results/data/Interactive.11/6/VIN/netlist
\o 
\o 
\o *Info*    Data Directory    =
\o           /home/saul/projects/IL2244_VT26_SAUL/Sim/FECG/buffer_tb/adexl/results/data/Interactive.11/6/VIN
\o 
\o 
\o *Info*    Creating Netlist for Point ID (11 6)
\o 
\o generate netlist...
\o function ansCdlCompPrim redefined
\o function ansCdlCompPrim redefined
\o Begin Incremental Netlisting Apr  1 05:41:57 2026
\o End netlisting Apr  1 05:41:57 2026
\o 
\o 	The netlist is up to date.
\o 	Time taken to compare the design with netlist:   0.0s
\o       ...successful.
\o compose simulator input file...
\o       ...successful.
\o 
\o *Info*    Running simulation on testbench [ VIN ] for Point ID (11 6).
\o 
\o Delete psf data in /home/saul/projects/IL2244_VT26_SAUL/Sim/FECG/buffer_tb/adexl/results/data/Interactive.11/6/VIN/psf.
\o compose simulator input file...
\o       ...successful.
\o start simulator if needed...
\o       ...successful.
\o simulate...
\o To view the simulator output, right-click on the test name, result 
\o name, or any value in the "Results" tab of the Outputs section and 
\o choose "Output Log" menu option.
\o WARNING (ADE-3080): Fast viewing extensions for PSF XL format (also known as RTSF) will be discontinued  
\o        and Virtuoso Visualization and Analysis XL will not use RTSF data to plot waveforms from IC6.1.8 ISR7 onward. 
\o        There will be no performance impact on data visualization due to this change.
\o INFO (ADE-3071): Simulation completed successfully.
\o reading simulation data...
\o       ...successful.
\o *Info*    Client has finished evaluating ... 
\o 
\o 
\o *Info*    Run complete for Point ID (11 6) on testbench [ VIN ].
\o 
\o 
\o 
\o 
\o 
\o 
\o 
\o 
\o 
\o 
\o *Info*    Run start for Point ID (11 10) on testbench [ VIN ].
\o 
\o Resetting statistical vars
\o 
\o *Info*    Setting parameter values ...
\o 
\o 
\o *Info*    Netlist Directory =
\o           /home/saul/projects/IL2244_VT26_SAUL/Sim/FECG/buffer_tb/adexl/results/data/Interactive.11/10/VIN/netlist
\o 
\o 
\o *Info*    Data Directory    =
\o           /home/saul/projects/IL2244_VT26_SAUL/Sim/FECG/buffer_tb/adexl/results/data/Interactive.11/10/VIN
\o 
\o 
\o *Info*    Creating Netlist for Point ID (11 10)
\o 
\o generate netlist...
\o function ansCdlCompPrim redefined
\o function ansCdlCompPrim redefined
\o Begin Incremental Netlisting Apr  1 05:42:05 2026
\o End netlisting Apr  1 05:42:05 2026
\o 
\o 	The netlist is up to date.
\o 	Time taken to compare the design with netlist:   0.0s
\o       ...successful.
\o compose simulator input file...
\o       ...successful.
\o 
\o *Info*    Running simulation on testbench [ VIN ] for Point ID (11
\o           10).
\o 
\o Delete psf data in /home/saul/projects/IL2244_VT26_SAUL/Sim/FECG/buffer_tb/adexl/results/data/Interactive.11/10/VIN/psf.
\o compose simulator input file...
\o       ...successful.
\o start simulator if needed...
\o       ...successful.
\o simulate...
\o To view the simulator output, right-click on the test name, result 
\o name, or any value in the "Results" tab of the Outputs section and 
\o choose "Output Log" menu option.
\o WARNING (ADE-3080): Fast viewing extensions for PSF XL format (also known as RTSF) will be discontinued  
\o        and Virtuoso Visualization and Analysis XL will not use RTSF data to plot waveforms from IC6.1.8 ISR7 onward. 
\o        There will be no performance impact on data visualization due to this change.
\o INFO (ADE-3071): Simulation completed successfully.
\o reading simulation data...
\o       ...successful.
\o *Info*    Client has finished evaluating ... 
\o 
\o 
\o *Info*    Run complete for Point ID (11 10) on testbench [ VIN ].
\o 
\o 
\o 
\o 
\o 
\o 
\o 
\o 
\o 
\o 
\o *Info*    Run start for Point ID (11 16) on testbench [ VIN ].
\o 
\o Resetting statistical vars
\o 
\o *Info*    Setting parameter values ...
\o 
\o 
\o *Info*    Netlist Directory =
\o           /home/saul/projects/IL2244_VT26_SAUL/Sim/FECG/buffer_tb/adexl/results/data/Interactive.11/16/VIN/netlist
\o 
\o 
\o *Info*    Data Directory    =
\o           /home/saul/projects/IL2244_VT26_SAUL/Sim/FECG/buffer_tb/adexl/results/data/Interactive.11/16/VIN
\o 
\o 
\o *Info*    Creating Netlist for Point ID (11 16)
\o 
\o generate netlist...
\o function ansCdlCompPrim redefined
\o function ansCdlCompPrim redefined
\o Begin Incremental Netlisting Apr  1 05:42:12 2026
\o End netlisting Apr  1 05:42:12 2026
\o 
\o 	The netlist is up to date.
\o 	Time taken to compare the design with netlist:   0.0s
\o       ...successful.
\o compose simulator input file...
\o       ...successful.
\o 
\o *Info*    Running simulation on testbench [ VIN ] for Point ID (11
\o           16).
\o 
\o Delete psf data in /home/saul/projects/IL2244_VT26_SAUL/Sim/FECG/buffer_tb/adexl/results/data/Interactive.11/16/VIN/psf.
\o compose simulator input file...
\o       ...successful.
\o start simulator if needed...
\o       ...successful.
\o simulate...
\o To view the simulator output, right-click on the test name, result 
\o name, or any value in the "Results" tab of the Outputs section and 
\o choose "Output Log" menu option.
\o WARNING (ADE-3080): Fast viewing extensions for PSF XL format (also known as RTSF) will be discontinued  
\o        and Virtuoso Visualization and Analysis XL will not use RTSF data to plot waveforms from IC6.1.8 ISR7 onward. 
\o        There will be no performance impact on data visualization due to this change.
\o INFO (ADE-3071): Simulation completed successfully.
\o reading simulation data...
\o       ...successful.
\o *Info*    Client has finished evaluating ... 
\o 
\o 
\o *Info*    Run complete for Point ID (11 16) on testbench [ VIN ].
\o 
\o 
\o 
\o 
\o 
\o 
\o 
\o 
\o 
\o 
\o *Info*    Run start for Point ID (11 22) on testbench [ VIN ].
\o 
\o Resetting statistical vars
\o 
\o *Info*    Setting parameter values ...
\o 
\o 
\o *Info*    Netlist Directory =
\o           /home/saul/projects/IL2244_VT26_SAUL/Sim/FECG/buffer_tb/adexl/results/data/Interactive.11/22/VIN/netlist
\o 
\o 
\o *Info*    Data Directory    =
\o           /home/saul/projects/IL2244_VT26_SAUL/Sim/FECG/buffer_tb/adexl/results/data/Interactive.11/22/VIN
\o 
\o 
\o *Info*    Creating Netlist for Point ID (11 22)
\o 
\o generate netlist...
\o function ansCdlCompPrim redefined
\o function ansCdlCompPrim redefined
\o Begin Incremental Netlisting Apr  1 05:42:13 2026
\o End netlisting Apr  1 05:42:13 2026
\o 
\o 	The netlist is up to date.
\o 	Time taken to compare the design with netlist:   0.0s
\o       ...successful.
\o compose simulator input file...
\o       ...successful.
\o 
\o *Info*    Running simulation on testbench [ VIN ] for Point ID (11
\o           22).
\o 
\o Delete psf data in /home/saul/projects/IL2244_VT26_SAUL/Sim/FECG/buffer_tb/adexl/results/data/Interactive.11/22/VIN/psf.
\o compose simulator input file...
\o       ...successful.
\o start simulator if needed...
\o       ...successful.
\o simulate...
\o To view the simulator output, right-click on the test name, result 
\o name, or any value in the "Results" tab of the Outputs section and 
\o choose "Output Log" menu option.
\o WARNING (ADE-3080): Fast viewing extensions for PSF XL format (also known as RTSF) will be discontinued  
\o        and Virtuoso Visualization and Analysis XL will not use RTSF data to plot waveforms from IC6.1.8 ISR7 onward. 
\o        There will be no performance impact on data visualization due to this change.
\o INFO (ADE-3071): Simulation completed successfully.
\o reading simulation data...
\o       ...successful.
\o *Info*    Client has finished evaluating ... 
\o 
\o 
\o *Info*    Run complete for Point ID (11 22) on testbench [ VIN ].
\o 
\o 
\o 
\o 
\o 
\o 
\o 
\o 
\o 
\o 
\o *Info*    Run start for Point ID (11 28) on testbench [ VIN ].
\o 
\o Resetting statistical vars
\o 
\o *Info*    Setting parameter values ...
\o 
\o 
\o *Info*    Netlist Directory =
\o           /home/saul/projects/IL2244_VT26_SAUL/Sim/FECG/buffer_tb/adexl/results/data/Interactive.11/28/VIN/netlist
\o 
\o 
\o *Info*    Data Directory    =
\o           /home/saul/projects/IL2244_VT26_SAUL/Sim/FECG/buffer_tb/adexl/results/data/Interactive.11/28/VIN
\o 
\o 
\o *Info*    Creating Netlist for Point ID (11 28)
\o 
\o generate netlist...
\o function ansCdlCompPrim redefined
\o function ansCdlCompPrim redefined
\o Begin Incremental Netlisting Apr  1 05:42:15 2026
\o End netlisting Apr  1 05:42:15 2026
\o 
\o 	The netlist is up to date.
\o 	Time taken to compare the design with netlist:   0.0s
\o       ...successful.
\o compose simulator input file...
\o       ...successful.
\o 
\o *Info*    Running simulation on testbench [ VIN ] for Point ID (11
\o           28).
\o 
\o Delete psf data in /home/saul/projects/IL2244_VT26_SAUL/Sim/FECG/buffer_tb/adexl/results/data/Interactive.11/28/VIN/psf.
\o compose simulator input file...
\o       ...successful.
\o start simulator if needed...
\o       ...successful.
\o simulate...
\o To view the simulator output, right-click on the test name, result 
\o name, or any value in the "Results" tab of the Outputs section and 
\o choose "Output Log" menu option.
\o WARNING (ADE-3080): Fast viewing extensions for PSF XL format (also known as RTSF) will be discontinued  
\o        and Virtuoso Visualization and Analysis XL will not use RTSF data to plot waveforms from IC6.1.8 ISR7 onward. 
\o        There will be no performance impact on data visualization due to this change.
\o INFO (ADE-3071): Simulation completed successfully.
\o reading simulation data...
\o       ...successful.
\o *Info*    Client has finished evaluating ... 
\o 
\o 
\o *Info*    Run complete for Point ID (11 28) on testbench [ VIN ].
\o 
\o 
\o 
\o 
\o 
\o Simulation design variables differ from those on the cellView,
\o they have been saved in the file "/tmp/saved-design-variables".
\o To save future changes, copy variables to cellView before exiting.
\o 
\o 
\o *Info*    Configuring the session ...
\o 
\o 	Library      = FECG
\o 	Cell         = buffer_tb
\o 	View         = schematic
\o 	Simulator    = spectre
\o 	State Path   = $AXL_SETUPDB_DIR/test_states
\o 	State Name   = VIN_MC_VIN:1_state_MonteCarlo.0
\o 	Results DB   = /home/saul/projects/IL2244_VT26_SAUL/FECG/buffer_tb/adexl/results/data/MonteCarlo.0.rdb
\o 	Results Dir  = /home/saul/projects/IL2244_VT26_SAUL/Sim/FECG/buffer_tb/adexl/results/data/MonteCarlo.0/1/VIN_MC
\o 	Results Loc  = /home/saul/projects/IL2244_VT26_SAUL/Sim/FECG/buffer_tb/adexl/results/data
\o 	Project Dir  = /home/saul/projects/IL2244_VT26_SAUL/Sim
\o 	Setup DB loc = /home/saul/projects/IL2244_VT26_SAUL/FECG/buffer_tb/adexl
\o 	File Encoding = 0
\o 
\o 
\o 
\o *Info*    The auto suspension is disabled.
\o 
\o 
\o 
\o 
\o 
\o 
\o *Info*    Run start for Point ID (12 1) on testbench [ VIN_MC ].
\o 
\o Resetting statistical vars
\o 
\o *Info*    Setting parameter values ...
\o 
\o Setting var VCM = "1.6"
\o Setting var VDD = "3.3"
\o Setting var VDD_PULSE = "0"
\o Setting var VDD_RT = "1u"
\o Setting var VIN_PULSE = "10m"
\o Setting var temperature = "27"
\o Setting temp(T) = 27
\o 
\o *Info*    Netlist Directory =
\o           /home/saul/projects/IL2244_VT26_SAUL/Sim/FECG/buffer_tb/adexl/results/data/MonteCarlo.0/1/VIN_MC/groupRunDataDir/netlist
\o 
\o 
\o *Info*    Data Directory    =
\o           /home/saul/projects/IL2244_VT26_SAUL/Sim/FECG/buffer_tb/adexl/results/data/MonteCarlo.0/1/VIN_MC/groupRunDataDir
\o 
\o 
\o *Info*    Creating Netlist for Point ID (12 1)
\o 
\o generate netlist...
\o function ansCdlCompPrim redefined
\o function ansCdlCompPrim redefined
\o Initializing the control file using cp:
\o     cp /opt/tools/cadence/installs/IC618/tools.lnx86/dfII/etc/si/control.spectre /home/saul/projects/IL2244_VT26_SAUL/Sim/FECG/buffer_tb/adexl/results/data/MonteCarlo.0/1/VIN_MC/groupRunDataDir/netlist/control
\o Copying Spectre source file 'spectre.inp'
\o Copying Spectre command file 'spectre.sim'
\o Begin Incremental Netlisting Apr  1 05:44:41 2026
\o Loading json.cxt 
\o End netlisting Apr  1 05:44:41 2026
\o 
\o Netlisting Statistics:
\o 	Number of components:   38
\o 
\o 	Elapsed time:          1.0s (38.00/s)
\o Errors: 0	Warnings: 0
\o       ...successful.
\o compose simulator input file...
\o       ...successful.
\o 
\o *Info*    Running simulation on testbench [ VIN_MC ] for Point ID (12
\o           1).
\o 
\o *Info*    Spectre controlMode is set "batch" due to monte carlo run.
\o 
\o Delete psf data in /home/saul/projects/IL2244_VT26_SAUL/Sim/FECG/buffer_tb/adexl/results/data/MonteCarlo.0/1/VIN_MC/groupRunDataDir/psf.
\o generate netlist...
\o function ansCdlCompPrim redefined
\o function ansCdlCompPrim redefined
\o Begin Incremental Netlisting Apr  1 05:44:42 2026
\o End netlisting Apr  1 05:44:42 2026
\o 
\o 	The netlist is up to date.
\o 	Time taken to compare the design with netlist:   0.0s
\o       ...successful.
\o compose simulator input file...
\o       ...successful.
\o start simulator if needed...
\o       ...successful.
\o simulate...
\o To view the simulator output, right-click on the test name, result 
\o name, or any value in the "Results" tab of the Outputs section and 
\o choose "Output Log" menu option.
\o WARNING (ADE-3080): Fast viewing extensions for PSF XL format (also known as RTSF) will be discontinued  
\o        and Virtuoso Visualization and Analysis XL will not use RTSF data to plot waveforms from IC6.1.8 ISR7 onward. 
\o        There will be no performance impact on data visualization due to this change.
\o *Info*    Client has finished evaluating ... 
\o 
\o 
\o *Info*    Run complete for Point ID (12 1) on testbench [ VIN_MC ].
\o 
\o 
\o 
\o 
\o 
\o *Info*    Client has finished evaluating ... 
\o 
\o 
\o *Info*    Run complete for Point ID (12 34) on testbench [ VIN_MC ].
\o 
\o 
\o 
\o 
\o 
\o *Info*    Client has finished evaluating ... 
\o 
\o 
\o *Info*    Run complete for Point ID (12 67) on testbench [ VIN_MC ].
\o 
\o 
\o 
\o 
\o 
\# Memory report: using         508 MB, process size 2,318 MB at UTC 2026.04.01 05:44:48.401
\o *Info*    Client has finished evaluating ... 
\o 
\o 
\o *Info*    Run complete for Point ID (12 100) on testbench [ VIN_MC ].
\o 
\o 
\o 
\o 
\o 
\o *Info*    Client has finished evaluating ... 
\o 
\o 
\o *Info*    Run complete for Point ID (12 133) on testbench [ VIN_MC ].
\o 
\o 
\o 
\o 
\o 
\o *Info*    Client has finished evaluating ... 
\o 
\o 
\o *Info*    Run complete for Point ID (12 166) on testbench [ VIN_MC ].
\o 
\o 
\o 
\o 
\o 
\o *Info*    Current simulation for points ((12 1) (12 34) (12 67) (12
\o           100) (12 133) (12 166) (12 199) (12 232) (12 265) (12 298)
\o           (12 331) (12 364) (12 397) (12 430) (12 463) (12 496) (12
\o           529) (12 562) (12 595) (12 628) (12 661) (12 694) (12 727)
\o           (12 760) (12 793) (12 826) (12 859) (12 892) (12 925) (12
\o           958) (12 991) (12 1024) (12 1057) (12 1090) (12 1123) (12
\o           1156) (12 1189) (12 1222) (12 1255) (12 1288) (12 1321) (12
\o           1354) (12 1387) (12 1420) (12 1453) (12 1486) (12 1519) (12
\o           1552) (12 1585) (12 1618) (12 1651) (12 1684) (12 1717) (12
\o           1750) (12 1783) (12 1816) (12 1849) (12 1882) (12 1915) (12
\o           1948) (12 1981) (12 2014) (12 2047) (12 2080) (12 2113) (12
\o           2146) (12 2179) (12 2212) (12 2245) (12 2278) (12 2311) (12
\o           2344) (12 2377) (12 2410) (12 2443) (12 2476) (12 2509) (12
\o           2542) (12 2575) (12 2608) (12 2641) (12 2674) (12 2707) (12
\o           2740) (12 2773) (12 2806) (12 2839) (12 2872) (12 2905) (12
\o           2938) (12 2971) (12 3004) (12 3037) (12 3070) (12 3103) (12
\o           3136) (12 3169) (12 3202) (12 3235) (12 3268)).
\o *Info*    (ADE-3072): Simulation stopped because you selected the
\o           'Stop Simulation' command in ADE.
\o 
\o *Info*    Monte Carlo Simulation unsuccessful...
\o *Info*    See simulation output log for more information.
\o INFO (ADE-3067): Errors encountered during simulation. For more information, right-click
\o         on a test name in the 'Results' tab of the Outputs pane and choose 'Output Log'
\o         to view the simulation run log.
\o reading simulation data...
\o       ...successful.
\o Simulation design variables differ from those on the cellView,
\o they have been saved in the file "/tmp/saved-design-variables".
\o To save future changes, copy variables to cellView before exiting.
\o 
\o 
\o *Info*    Configuring the session ...
\o 
\o 	Library      = FECG
\o 	Cell         = buffer_tb
\o 	View         = schematic
\o 	Simulator    = spectre
\o 	State Path   = $AXL_SETUPDB_DIR/test_states
\o 	State Name   = VIN_MC_VIN:1_state_MonteCarlo.1
\o 	Results DB   = /home/saul/projects/IL2244_VT26_SAUL/FECG/buffer_tb/adexl/results/data/MonteCarlo.1.rdb
\o 	Results Dir  = /home/saul/projects/IL2244_VT26_SAUL/Sim/FECG/buffer_tb/adexl/results/data/MonteCarlo.1/1/VIN_MC
\o 	Results Loc  = /home/saul/projects/IL2244_VT26_SAUL/Sim/FECG/buffer_tb/adexl/results/data
\o 	Project Dir  = /home/saul/projects/IL2244_VT26_SAUL/Sim
\o 	Setup DB loc = /home/saul/projects/IL2244_VT26_SAUL/FECG/buffer_tb/adexl
\o 	File Encoding = 0
\o 
\o 
\o 
\o *Info*    The auto suspension is disabled.
\o 
\o 
\o 
\o 
\o 
\o 
\o *Info*    Run start for Point ID (13 27) on testbench [ VIN_MC ].
\o 
\o Resetting statistical vars
\o 
\o *Info*    Setting parameter values ...
\o 
\o Setting var VCM = "1.6"
\o Setting var VDD = "3.3"
\o Setting var VDD_PULSE = "0"
\o Setting var VDD_RT = "1u"
\o Setting var VIN_PULSE = "10m"
\o Setting var temperature = "27"
\o Setting temp(T) = 27
\o 
\o *Info*    Netlist Directory =
\o           /home/saul/projects/IL2244_VT26_SAUL/Sim/FECG/buffer_tb/adexl/results/data/MonteCarlo.1/27/VIN_MC/groupRunDataDir/netlist
\o 
\o 
\o *Info*    Data Directory    =
\o           /home/saul/projects/IL2244_VT26_SAUL/Sim/FECG/buffer_tb/adexl/results/data/MonteCarlo.1/27/VIN_MC/groupRunDataDir
\o 
\o 
\o *Info*    Creating Netlist for Point ID (13 27)
\o 
\o generate netlist...
\o function ansCdlCompPrim redefined
\o function ansCdlCompPrim redefined
\o Begin Incremental Netlisting Apr  1 05:45:04 2026
\o End netlisting Apr  1 05:45:04 2026
\o 
\o 	The netlist is up to date.
\o 	Time taken to compare the design with netlist:   0.0s
\o       ...successful.
\o compose simulator input file...
\o       ...successful.
\o 
\o *Info*    Running simulation on testbench [ VIN_MC ] for Point ID (13
\o           27).
\o 
\o *Info*    Spectre controlMode is set "batch" due to monte carlo run.
\o 
\o Delete psf data in /home/saul/projects/IL2244_VT26_SAUL/Sim/FECG/buffer_tb/adexl/results/data/MonteCarlo.1/27/VIN_MC/groupRunDataDir/psf.
\o generate netlist...
\o function ansCdlCompPrim redefined
\o function ansCdlCompPrim redefined
\o Begin Incremental Netlisting Apr  1 05:45:04 2026
\o End netlisting Apr  1 05:45:04 2026
\o 
\o 	The netlist is up to date.
\o 	Time taken to compare the design with netlist:   0.0s
\o       ...successful.
\o compose simulator input file...
\o       ...successful.
\o start simulator if needed...
\o       ...successful.
\o simulate...
\o To view the simulator output, right-click on the test name, result 
\o name, or any value in the "Results" tab of the Outputs section and 
\o choose "Output Log" menu option.
\o WARNING (ADE-3080): Fast viewing extensions for PSF XL format (also known as RTSF) will be discontinued  
\o        and Virtuoso Visualization and Analysis XL will not use RTSF data to plot waveforms from IC6.1.8 ISR7 onward. 
\o        There will be no performance impact on data visualization due to this change.
\o *Info*    Client has finished evaluating ... 
\o 
\o 
\o *Info*    Run complete for Point ID (13 27) on testbench [ VIN_MC ].
\o 
\o 
\o 
\o 
\o 
\o *Info*    Client has finished evaluating ... 
\o 
\o 
\o *Info*    Run complete for Point ID (13 28) on testbench [ VIN_MC ].
\o 
\o 
\o 
\o 
\o 
\o *Info*    Client has finished evaluating ... 
\o 
\o 
\o *Info*    Run complete for Point ID (13 29) on testbench [ VIN_MC ].
\o 
\o 
\o 
\o 
\o 
\o *Info*    Client has finished evaluating ... 
\o 
\o 
\o *Info*    Run complete for Point ID (13 30) on testbench [ VIN_MC ].
\o 
\o 
\o 
\o 
\o 
\o *Info*    Client has finished evaluating ... 
\o 
\o 
\o *Info*    Run complete for Point ID (13 31) on testbench [ VIN_MC ].
\o 
\o 
\o 
\o 
\o 
\o *Info*    Client has finished evaluating ... 
\o 
\o 
\o *Info*    Run complete for Point ID (13 32) on testbench [ VIN_MC ].
\o 
\o 
\o 
\o 
\o 
\o INFO (ADE-3071): Simulation completed successfully.
\o reading simulation data...
\o       ...successful.
\o *Info*    Client has finished evaluating ... 
\o 
\o 
\o *Info*    Run complete for Point ID (13 33) on testbench [ VIN_MC ].
\o 
\o 
\o 
\o 
\o 
\o *Info*    Client has finished evaluating ... 
\o 
\o 
\o *Info*    Run complete for Point ID (13 34) on testbench [ VIN_MC ].
\o 
\o 
\o 
\o 
\o 
\o *Info*    Client has finished evaluating ... 
\o 
\o 
\o *Info*    Run complete for Point ID (13 35) on testbench [ VIN_MC ].
\o 
\o 
\o 
\o 
\o 
\o *Info*    Client has finished evaluating ... 
\o 
\o 
\o *Info*    Run complete for Point ID (13 36) on testbench [ VIN_MC ].
\o 
\o 
\o 
\o 
\o 
\o *Info*    Client has finished evaluating ... 
\o 
\o 
\o *Info*    Run complete for Point ID (13 37) on testbench [ VIN_MC ].
\o 
\o 
\o 
\o 
\o 
\o *Info*    Client has finished evaluating ... 
\o 
\o 
\o *Info*    Run complete for Point ID (13 38) on testbench [ VIN_MC ].
\o 
\o 
\o 
\o 
\o 
\o *Info*    Client has finished evaluating ... 
\o 
\o 
\o *Info*    Run complete for Point ID (13 39) on testbench [ VIN_MC ].
\o 
\o 
\o 
\o 
\o 
\o *Info*    Monte Carlo Simulation completed successfully...
\# Memory report: Maximum memory size now 48,522 MB at UTC 2026.04.01 05:45:34.554
\o Simulation design variables differ from those on the cellView,
\o they have been saved in the file "/tmp/saved-design-variables".
\o To save future changes, copy variables to cellView before exiting.
\# Lic Summary:
\# [05:50:34.069321] Cdslmd servers:3000@lic08.ug.kth.se:29000@lic06.ug.kth.se
\# [05:50:34.069322] Feature usage summary:
\# Memory report: on exit            570 MB, process size 2,378 MB at UTC 2026.04.01 05:50:34.593
\# Memory report: peak usage         570 MB, process size 2,380 MB
