[Simulation Monitor: 234]
[2026-04-16 17:48:37.352 Z] [PROCESS] [cadence.virtuoso.ade.simulationMonitor] - Simulation Monitor has successfully started up. Trying to set up communication channels to other components ... {"hostname": "edatools", "processid": 2811163, "logfile": "/home/saul/projects/IL2244_VT26_SAUL/logs_saul/logs0/Job234.log"}
[2026-04-16 17:48:37.352 Z] [PROCESS] [cadence.virtuoso.ade.simulationMonitor] - Communication channels have been successfully set up. Start processing events ... {"hostname": "edatools", "processid": 2811163, "logfile": "/home/saul/projects/IL2244_VT26_SAUL/logs_saul/logs0/Job234.log"}
[2026-04-16 17:48:37.352 Z] [PROCESS] [cadence.virtuoso.ade.simulationMonitor] - Considering to start history {"hostname": "edatools", "processid": 2811163, "history": "Interactive.32", "logfile": "/home/saul/projects/IL2244_VT26_SAUL/logs_saul/logs0/Job234.log"}
[2026-04-16 17:48:37.354 Z] [PROCESS] [cadence.virtuoso.ade.simulationMonitor] - HostInfo:
Host name (type):	edatools (x86_64)
Operating system:	Linux 6.17.0-20-generic #20~24.04.1-Ubuntu SMP PREEMPT_DYNAMIC Thu Mar 19 01:28:37 UTC 2 {"hostname": "edatools", "processid": 2811163, "history": "Interactive.32", "logfile": "/home/saul/projects/IL2244_VT26_SAUL/logs_saul/logs0/Job234.log", "nodename": "edatools", "domainname": "(none)", "machine": "x86_64", "sysname": "Linux", "release": "6.17.0-20-generic", "version": "#20~24.04.1-Ubuntu SMP PREEMPT_DYNAMIC Thu Mar 19 01:28:37 UTC 2"}
[2026-04-16 17:48:37.354 Z] [PROCESS] [cadence.virtuoso.ade.simulationMonitor] - UsageInfo:
pid=2811163
totalPhysicalMemory=62.544991GB,Used=37.247063GB,totalVirtualMemory=70.544987GB,Used=37.247063GB
Cpu: Cores=16, Load average:0.130000,0.210000,0.440000 {"hostname": "edatools", "processid": 2811163, "history": "Interactive.32", "logfile": "/home/saul/projects/IL2244_VT26_SAUL/logs_saul/logs0/Job234.log", "pid": "2811163", "totalPhysicalMemory": "62.544991", "physicalMemoryUsed": "37.247063", "totalVirtualMemory": "70.544987", "virtualMemoryUsed": "37.247063", "cpuCores": "16", "processes": "1986", "loadAverage1": "0.130000", "loadAverage5": "0.210000", "loadAverage15": "0.440000", "loadAverage1Percent": "0.008125"}
[2026-04-16 17:48:37.354 Z] [EVENT] [cadence.virtuoso.ade.simulationMonitor] - NewPoint {"history": "Interactive.32", "point": 1, "testname": "DC", "cornername": "Nominal", "event": "NewPoint", "EventSource": "Simulation Monitor", "HistoryName": "Interactive.32", "logFile": "/home/saul/projects/IL2244_VT26_SAUL/logs_saul/logs0/Job234.log", "logFileSize": "2211"}
[2026-04-16 17:48:37.455 Z] [EVENT] [cadence.virtuoso.ade.simulationMonitor] - NewPoint {"history": "Interactive.32", "point": 1, "testname": "DC", "cornername": "Nominal", "event": "NewPoint", "EventSource": "spectre", "HistoryName": "Interactive.32", "logFile": "/home/saul/projects/IL2244_VT26_SAUL/Sim/FBIAS/fbias_por_tb/maestro/results/maestro/Interactive.32/1/DC/psf/spectre.out", "logFileSize": "-1"}
[2026-04-16 17:48:37.522 Z] [PROCESS] [cadence.virtuoso.ade.simulationMonitor] - Simulator launched {"hostname": "edatools", "processid": 2811163, "history": "Interactive.32", "testname": "DC", "cornername": "Nominal", "point": 1, "logfile": "/home/saul/projects/IL2244_VT26_SAUL/logs_saul/logs0/Job234.log", "simid": "1"}
[2026-04-16 17:48:37.526 Z] [PROCESS] [cadence.virtuoso.ade.simulationMonitor] - Expression evaluator launched {"hostname": "edatools", "processid": 2811163, "history": "Interactive.32", "testname": "DC", "cornername": "Nominal", "point": 1, "logfile": "/home/saul/projects/IL2244_VT26_SAUL/logs_saul/logs0/Job234.log"}
[2026-04-16 17:48:37.553 Z] [PROCESS] [cadence.virtuoso.ade.simulationMonitor] - Started Simulation {"hostname": "edatools", "processid": 2811163, "history": "Interactive.32", "testname": "DC", "cornername": "Nominal", "point": 1, "logfile": "/home/saul/projects/IL2244_VT26_SAUL/logs_saul/logs0/Job234.log", "event": "started", "task": "simulation"}
[2026-04-16 17:48:38.053 Z] [INFO] [cadence.virtuoso.ade.simulationMonitor] - Notice from spectre during circuit read-in.
    Pre_Configuration file used: /opt/tools/cadence/installs/SPECTRE241/tools.lnx86/spectre/etc/configs/preset.precfg
    Configuration file used: `/opt/tools/cadence/installs/SPECTRE241/tools.lnx86/spectre/etc/configs/preset.cfg'. {"history": "Interactive.32", "point": 1, "testname": "DC", "cornername": "Nominal"}
[2026-04-16 17:48:38.053 Z] [WARN] [cadence.virtuoso.ade.simulationMonitor] -     WARNING (SPECTRE-8360): line 1511: `ac' is an undefined primitive device. {"history": "Interactive.32", "point": 1, "testname": "DC", "cornername": "Nominal"}
[2026-04-16 17:48:38.053 Z] [WARN] [cadence.virtuoso.ade.simulationMonitor] -     WARNING (SPECTRE-8360): line 1512: `ac' is an undefined primitive device. {"history": "Interactive.32", "point": 1, "testname": "DC", "cornername": "Nominal"}
[2026-04-16 17:48:38.053 Z] [WARN] [cadence.virtuoso.ade.simulationMonitor] -     WARNING (SPECTRE-8360): line 1513: `ac' is an undefined primitive device. {"history": "Interactive.32", "point": 1, "testname": "DC", "cornername": "Nominal"}
[2026-04-16 17:48:38.054 Z] [WARN] [cadence.virtuoso.ade.simulationMonitor] -     WARNING (SPECTRE-8360): line 1514: `ac' is an undefined primitive device. {"history": "Interactive.32", "point": 1, "testname": "DC", "cornername": "Nominal"}
[2026-04-16 17:48:38.054 Z] [WARN] [cadence.virtuoso.ade.simulationMonitor] -     WARNING (SPECTRE-8360): line 1515: `ac' is an undefined primitive device.
        Further occurrences of this warning will be suppressed. {"history": "Interactive.32", "point": 1, "testname": "DC", "cornername": "Nominal"}
[2026-04-16 17:48:38.054 Z] [INFO] [cadence.virtuoso.ade.simulationMonitor] - Peak resident memory used = 171 Mbytes. {"history": "Interactive.32", "point": 1, "testname": "DC", "cornername": "Nominal"}
[2026-04-16 17:48:38.054 Z] [WARN] [cadence.virtuoso.ade.simulationMonitor] -     WARNING (VACOMP-2435): The environment variable CDS_AHDLCMI_ENABLE is no longer supported. Therefore, the simulator will use the default compiled C code flow. {"history": "Interactive.32", "point": 1, "testname": "DC", "cornername": "Nominal"}
[2026-04-16 17:48:38.054 Z] [WARN] [cadence.virtuoso.ade.simulationMonitor] -     WARNING (SFE-3028): The floating resistor I0.C0<0>_turbo_m4.rsub2 is removed. {"history": "Interactive.32", "point": 1, "testname": "DC", "cornername": "Nominal"}
[2026-04-16 17:48:38.054 Z] [WARN] [cadence.virtuoso.ade.simulationMonitor] -     WARNING (SFE-3014): The floating device I0.C0<0>_turbo_m4.dsub1 is removed. {"history": "Interactive.32", "point": 1, "testname": "DC", "cornername": "Nominal"}
[2026-04-16 17:48:38.054 Z] [WARN] [cadence.virtuoso.ade.simulationMonitor] -     WARNING (SFE-3014): The floating device I0.C0<0>_turbo_m4.dsub2 is removed. {"history": "Interactive.32", "point": 1, "testname": "DC", "cornername": "Nominal"}
[2026-04-16 17:48:38.054 Z] [WARN] [cadence.virtuoso.ade.simulationMonitor] -     WARNING (SFE-3031): The floating capacitor I1.R2.CS1 is removed. {"history": "Interactive.32", "point": 1, "testname": "DC", "cornername": "Nominal"}
[2026-04-16 17:48:38.054 Z] [WARN] [cadence.virtuoso.ade.simulationMonitor] -     WARNING (SFE-3028): The floating resistor I0.C0<0>_turbo_m4.rsub1 is removed. {"history": "Interactive.32", "point": 1, "testname": "DC", "cornername": "Nominal"}
[2026-04-16 17:48:38.054 Z] [WARN] [cadence.virtuoso.ade.simulationMonitor] -     WARNING (SFE-3031): The floating capacitor I0.R3.CS1 is removed. {"history": "Interactive.32", "point": 1, "testname": "DC", "cornername": "Nominal"}
[2026-04-16 17:48:38.054 Z] [WARN] [cadence.virtuoso.ade.simulationMonitor] -     WARNING (SFE-3016): The floating node I0.C0<0>_turbo_m4.b2 is removed. {"history": "Interactive.32", "point": 1, "testname": "DC", "cornername": "Nominal"}
[2026-04-16 17:48:38.054 Z] [WARN] [cadence.virtuoso.ade.simulationMonitor] -     WARNING (SFE-3016): The floating node I0.C0<0>_turbo_m4.b1 is removed. {"history": "Interactive.32", "point": 1, "testname": "DC", "cornername": "Nominal"}
[2026-04-16 17:48:38.054 Z] [INFO] [cadence.virtuoso.ade.simulationMonitor] - Peak resident memory used = 188 Mbytes. {"history": "Interactive.32", "point": 1, "testname": "DC", "cornername": "Nominal"}
[2026-04-16 17:48:38.054 Z] [INFO] [cadence.virtuoso.ade.simulationMonitor] - Notice from spectre during hierarchy flattening.
    The value 'psf' specified for the 'checklimitdest' option will no longer be supported in future releases. Use 'spectre -h' to see other recommended values for the 'checklimitdest' option.
    I2.Q0.bjtinsub: `minr' has the unusually small value of 10 fOhm.
    I0.R4.CS0 of rpolyhc: `c' has the unusually small value of 368.192e-21 F.
    I0.R4.CS1 of rpolyhc: `c' has the unusually small value of 368.192e-21 F.
    I0.R3.CS0 of rpolyhc: `c' has the unusual... {"history": "Interactive.32", "point": 1, "testname": "DC", "cornername": "Nominal"}
[2026-04-16 17:48:38.054 Z] [INFO] [cadence.virtuoso.ade.simulationMonitor] - Peak resident memory used = 190 Mbytes. {"history": "Interactive.32", "point": 1, "testname": "DC", "cornername": "Nominal"}
[2026-04-16 17:48:38.055 Z] [WARN] [cadence.virtuoso.ade.simulationMonitor] -     WARNING (CMI-2425): I0.C0<0>_turbo_m4: `Acde' = 2.393 is unusually large. {"history": "Interactive.32", "point": 1, "testname": "DC", "cornername": "Nominal"}
[2026-04-16 17:48:38.055 Z] [WARN] [cadence.virtuoso.ade.simulationMonitor] -     WARNING (CMI-2425): I0.C0<0>_turbo_m4: `Noff' = 4.732 is unusually large. {"history": "Interactive.32", "point": 1, "testname": "DC", "cornername": "Nominal"}
[2026-04-16 17:48:38.055 Z] [WARN] [cadence.virtuoso.ade.simulationMonitor] -     WARNING (CMI-2424): I0.C0<0>_turbo_m4: `Voffcv' = -867.4e-03 is unusually small. {"history": "Interactive.32", "point": 1, "testname": "DC", "cornername": "Nominal"}
[2026-04-16 17:48:38.055 Z] [WARN] [cadence.virtuoso.ade.simulationMonitor] -     WARNING (CMI-2425): I0.C0<0>_turbo_m4: `Acde' = 2.393 is unusually large. {"history": "Interactive.32", "point": 1, "testname": "DC", "cornername": "Nominal"}
[2026-04-16 17:48:38.055 Z] [WARN] [cadence.virtuoso.ade.simulationMonitor] -     WARNING (CMI-2425): I0.C0<0>_turbo_m4: `Noff' = 4.732 is unusually large. {"history": "Interactive.32", "point": 1, "testname": "DC", "cornername": "Nominal"}
[2026-04-16 17:48:38.055 Z] [WARN] [cadence.virtuoso.ade.simulationMonitor] -     WARNING (CMI-2424): I0.C0<0>_turbo_m4: `Voffcv' = -867.4e-03 is unusually small. {"history": "Interactive.32", "point": 1, "testname": "DC", "cornername": "Nominal"}
[2026-04-16 17:48:38.055 Z] [WARN] [cadence.virtuoso.ade.simulationMonitor] -     WARNING (SPECTRE-17607): Assert `SOAC_vert10_vsubpsub' is ignored because it contains an expression which is invalid or not supported by native evaluator.  {"history": "Interactive.32", "point": 1, "testname": "DC", "cornername": "Nominal"}
[2026-04-16 17:48:38.055 Z] [WARN] [cadence.virtuoso.ade.simulationMonitor] -     WARNING (SPECTRE-17607): Assert `SOAC_vert10_vcsub' is ignored because it contains an expression which is invalid or not supported by native evaluator.  {"history": "Interactive.32", "point": 1, "testname": "DC", "cornername": "Nominal"}
[2026-04-16 17:48:38.055 Z] [WARN] [cadence.virtuoso.ade.simulationMonitor] -     WARNING (SPECTRE-17607): Assert `SOAC_rpolyh_vminuspsub' is ignored because it contains an expression which is invalid or not supported by native evaluator.  {"history": "Interactive.32", "point": 1, "testname": "DC", "cornername": "Nominal"}
[2026-04-16 17:48:38.055 Z] [WARN] [cadence.virtuoso.ade.simulationMonitor] -     WARNING (SPECTRE-17607): Assert `SOAC_rpolyh_vpluspsub' is ignored because it contains an expression which is invalid or not supported by native evaluator.  {"history": "Interactive.32", "point": 1, "testname": "DC", "cornername": "Nominal"}
[2026-04-16 17:48:38.055 Z] [WARN] [cadence.virtuoso.ade.simulationMonitor] -     WARNING (SPECTRE-16460): SOAC_cvarm_vspsub:Specified subcircuit master `cvarm' was not found. {"history": "Interactive.32", "point": 1, "testname": "DC", "cornername": "Nominal"}
[2026-04-16 17:48:38.055 Z] [WARN] [cadence.virtuoso.ade.simulationMonitor] -     WARNING (SPECTRE-16462): SOAC_cvarm_vspsub:Error in specification of subcircuit master. Assert is ignored. {"history": "Interactive.32", "point": 1, "testname": "DC", "cornername": "Nominal"}
[2026-04-16 17:48:38.055 Z] [WARN] [cadence.virtuoso.ade.simulationMonitor] -     WARNING (SPECTRE-16460): SOAC_cvarm_vbs:Specified subcircuit master `cvarm' was not found. {"history": "Interactive.32", "point": 1, "testname": "DC", "cornername": "Nominal"}
[2026-04-16 17:48:38.055 Z] [WARN] [cadence.virtuoso.ade.simulationMonitor] -     WARNING (SPECTRE-16462): SOAC_cvarm_vbs:Error in specification of subcircuit master. Assert is ignored. {"history": "Interactive.32", "point": 1, "testname": "DC", "cornername": "Nominal"}
[2026-04-16 17:48:38.055 Z] [WARN] [cadence.virtuoso.ade.simulationMonitor] -     WARNING (SPECTRE-16460): SOAC_cvarm_vgb:Specified subcircuit master `cvarm' was not found. {"history": "Interactive.32", "point": 1, "testname": "DC", "cornername": "Nominal"}
[2026-04-16 17:48:38.055 Z] [WARN] [cadence.virtuoso.ade.simulationMonitor] -     WARNING (SPECTRE-16462): SOAC_cvarm_vgb:Error in specification of subcircuit master. Assert is ignored. {"history": "Interactive.32", "point": 1, "testname": "DC", "cornername": "Nominal"}
[2026-04-16 17:48:38.055 Z] [WARN] [cadence.virtuoso.ade.simulationMonitor] -     WARNING (SPECTRE-16460): SOAC_cvart_vspsub:Specified subcircuit master `cvart' was not found. {"history": "Interactive.32", "point": 1, "testname": "DC", "cornername": "Nominal"}
[2026-04-16 17:48:38.055 Z] [WARN] [cadence.virtuoso.ade.simulationMonitor] -     WARNING (SPECTRE-16462): SOAC_cvart_vspsub:Error in specification of subcircuit master. Assert is ignored. {"history": "Interactive.32", "point": 1, "testname": "DC", "cornername": "Nominal"}
[2026-04-16 17:48:38.055 Z] [WARN] [cadence.virtuoso.ade.simulationMonitor] -     WARNING (SPECTRE-16460): SOAC_cvart_vbs:Specified subcircuit master `cvart' was not found.
        Further occurrences of this warning will be suppressed. {"history": "Interactive.32", "point": 1, "testname": "DC", "cornername": "Nominal"}
[2026-04-16 17:48:38.055 Z] [WARN] [cadence.virtuoso.ade.simulationMonitor] -     WARNING (SPECTRE-16462): SOAC_cvart_vbs:Error in specification of subcircuit master. Assert is ignored.
        Further occurrences of this warning will be suppressed. {"history": "Interactive.32", "point": 1, "testname": "DC", "cornername": "Nominal"}
[2026-04-16 17:48:38.055 Z] [WARN] [cadence.virtuoso.ade.simulationMonitor] -     WARNING (SPECTRE-17607): Assert `SOAC_cvar_vspsub' is ignored because it contains an expression which is invalid or not supported by native evaluator. 
        Further occurrences of this warning will be suppressed. {"history": "Interactive.32", "point": 1, "testname": "DC", "cornername": "Nominal"}
[2026-04-16 17:48:38.556 Z] [INFO] [cadence.virtuoso.ade.simulationMonitor] - Notice from spectre during topology check.
    Only one connection to the following 2 nodes:
        net8
        net5
    No DC path from node `I0.net6' to ground, Gmin installed to provide path. {"history": "Interactive.32", "point": 1, "testname": "DC", "cornername": "Nominal"}
[2026-04-16 17:48:38.557 Z] [INFO] [cadence.virtuoso.ade.simulationMonitor] - Notice from spectre during initial setup.
    Multithreading is disabled due to the size of the design being too small. {"history": "Interactive.32", "point": 1, "testname": "DC", "cornername": "Nominal"}
[2026-04-16 17:48:38.558 Z] [INFO] [cadence.virtuoso.ade.simulationMonitor] -               nodes 78 {"history": "Interactive.32", "point": 1, "testname": "DC", "cornername": "Nominal"}
[2026-04-16 17:48:38.558 Z] [INFO] [cadence.virtuoso.ade.simulationMonitor] - Notice from spectre during initial setup.
    Spectre X preset=mx enabled.
    I0.R3.CS0 of rpolyhc: `ceff' has the unusually small value of 368.192e-21 F.
        Further occurrences of this notice will be suppressed. {"history": "Interactive.32", "point": 1, "testname": "DC", "cornername": "Nominal"}
[2026-04-16 17:48:38.559 Z] [WARN] [cadence.virtuoso.ade.simulationMonitor] -     WARNING (CMI-2425): I0.C0<0>_turbo_m4: `Acde' = 2.393 is unusually large.
        Further occurrences of this warning will be suppressed. {"history": "Interactive.32", "point": 1, "testname": "DC", "cornername": "Nominal"}
[2026-04-16 17:48:38.559 Z] [WARN] [cadence.virtuoso.ade.simulationMonitor] -     WARNING (CMI-2424): I0.C0<0>_turbo_m4: `Voffcv' = -867.4e-03 is unusually small. {"history": "Interactive.32", "point": 1, "testname": "DC", "cornername": "Nominal"}
[2026-04-16 17:48:38.560 Z] [INFO] [cadence.virtuoso.ade.simulationMonitor] - Notice from spectre.
    2 notices suppressed.
    79 warnings suppressed. {"history": "Interactive.32", "point": 1, "testname": "DC", "cornername": "Nominal"}
[2026-04-16 17:48:38.560 Z] [INFO] [cadence.virtuoso.ade.simulationMonitor] - Peak resident memory used = 202 Mbytes. {"history": "Interactive.32", "point": 1, "testname": "DC", "cornername": "Nominal"}
[2026-04-16 17:48:38.561 Z] [INFO] [cadence.virtuoso.ade.simulationMonitor] -    -   (Spectre X) Multi-threading. The recommended number of threads is 1, consider adding +mt=1 on command line. {"history": "Interactive.32", "point": 1, "testname": "DC", "cornername": "Nominal"}
[2026-04-16 17:48:38.561 Z] [INFO] [cadence.virtuoso.ade.simulationMonitor] - Notice from spectre during DC analysis `dcOp'.
    No checklimit analysis defined for asserts. A default checklimit analysis 'SpectreChecklimitAnal' has been created with all asserts enabled. {"history": "Interactive.32", "point": 1, "testname": "DC", "cornername": "Nominal"}
[2026-04-16 17:48:38.562 Z] [INFO] [cadence.virtuoso.ade.simulationMonitor] - Notice from spectre during DC analysis `dcOp'.
    GminDC = 1 pS is large enough to noticeably affect the DC solution.
        dV(I1.net10) = 24.4177 mV
        Use the `gmin_check' option to eliminate or expand this report. {"history": "Interactive.32", "point": 1, "testname": "DC", "cornername": "Nominal"}
[2026-04-16 17:48:38.562 Z] [WARN] [cadence.virtuoso.ade.simulationMonitor] -     WARNING (CMI-2943): Parameter checks have been ignored because the valid value for parameter 'trise' could not be found in 'C0'. {"history": "Interactive.32", "point": 1, "testname": "DC", "cornername": "Nominal"}
[2026-04-16 17:48:38.563 Z] [WARN] [cadence.virtuoso.ade.simulationMonitor] -     WARNING (CMI-2943): Parameter checks have been ignored because the valid value for parameter 'trise' could not be found in 'I0.R3.CM'. {"history": "Interactive.32", "point": 1, "testname": "DC", "cornername": "Nominal"}
[2026-04-16 17:48:38.563 Z] [WARN] [cadence.virtuoso.ade.simulationMonitor] -     WARNING (CMI-2943): Parameter checks have been ignored because the valid value for parameter 'trise' could not be found in 'I0.R3.CS0'. {"history": "Interactive.32", "point": 1, "testname": "DC", "cornername": "Nominal"}
[2026-04-16 17:48:38.563 Z] [WARN] [cadence.virtuoso.ade.simulationMonitor] -     WARNING (CMI-2943): Parameter checks have been ignored because the valid value for parameter 'trise' could not be found in 'I0.R4.CM'. {"history": "Interactive.32", "point": 1, "testname": "DC", "cornername": "Nominal"}
[2026-04-16 17:48:38.564 Z] [WARN] [cadence.virtuoso.ade.simulationMonitor] -     WARNING (CMI-2943): Parameter checks have been ignored because the valid value for parameter 'trise' could not be found in 'I0.R4.CS1'.
        Further occurrences of this warning will be suppressed. {"history": "Interactive.32", "point": 1, "testname": "DC", "cornername": "Nominal"}
[2026-04-16 17:48:38.564 Z] [INFO] [cadence.virtuoso.ade.simulationMonitor] - Total time required for dc analysis `dcOp': CPU = 44.823 ms, elapsed = 55.861 ms, util. = 80.2%. {"history": "Interactive.32", "point": 1, "testname": "DC", "cornername": "Nominal"}
[2026-04-16 17:48:38.564 Z] [INFO] [cadence.virtuoso.ade.simulationMonitor] - Peak resident memory used = 210 Mbytes. {"history": "Interactive.32", "point": 1, "testname": "DC", "cornername": "Nominal"}
[2026-04-16 17:48:38.564 Z] [INFO] [cadence.virtuoso.ade.simulationMonitor] - Notice from spectre.
    18 warnings suppressed. {"history": "Interactive.32", "point": 1, "testname": "DC", "cornername": "Nominal"}
[2026-04-16 17:48:38.565 Z] [WARN] [cadence.virtuoso.ade.simulationMonitor] -     WARNING (CMI-2425): I0.C0<0>_turbo_m4: `Acde' = 2.393 is unusually large. {"history": "Interactive.32", "point": 1, "testname": "DC", "cornername": "Nominal"}
[2026-04-16 17:48:38.565 Z] [WARN] [cadence.virtuoso.ade.simulationMonitor] -     WARNING (CMI-2425): I0.C0<0>_turbo_m4: `Noff' = 4.732 is unusually large. {"history": "Interactive.32", "point": 1, "testname": "DC", "cornername": "Nominal"}
[2026-04-16 17:48:38.565 Z] [WARN] [cadence.virtuoso.ade.simulationMonitor] -     WARNING (CMI-2424): I0.C0<0>_turbo_m4: `Voffcv' = -867.4e-03 is unusually small. {"history": "Interactive.32", "point": 1, "testname": "DC", "cornername": "Nominal"}
[2026-04-16 17:48:38.566 Z] [INFO] [cadence.virtuoso.ade.simulationMonitor] - Notice from spectre during DC analysis, during XF analysis `xf'.
    GminDC = 1 pS is large enough to noticeably affect the DC solution.
        dV(I0.MN4:int_s) = 1.98965 uV
        Use the `gmin_check' option to eliminate or expand this report.
    Bad pivoting is found during DC analysis. Option dc_pivot_check=yes is recommended for possible improvement of convergence. {"history": "Interactive.32", "point": 1, "testname": "DC", "cornername": "Nominal"}
[2026-04-16 17:48:38.566 Z] [WARN] [cadence.virtuoso.ade.simulationMonitor] -     WARNING (CMI-2943): Parameter checks have been ignored because the valid value for parameter 'trise' could not be found in 'C0'. {"history": "Interactive.32", "point": 1, "testname": "DC", "cornername": "Nominal"}
[2026-04-16 17:48:38.566 Z] [WARN] [cadence.virtuoso.ade.simulationMonitor] -     WARNING (CMI-2943): Parameter checks have been ignored because the valid value for parameter 'trise' could not be found in 'I0.R3.CM'. {"history": "Interactive.32", "point": 1, "testname": "DC", "cornername": "Nominal"}
[2026-04-16 17:48:38.566 Z] [WARN] [cadence.virtuoso.ade.simulationMonitor] -     WARNING (CMI-2943): Parameter checks have been ignored because the valid value for parameter 'trise' could not be found in 'I0.R3.CS0'. {"history": "Interactive.32", "point": 1, "testname": "DC", "cornername": "Nominal"}
[2026-04-16 17:48:38.566 Z] [WARN] [cadence.virtuoso.ade.simulationMonitor] -     WARNING (CMI-2943): Parameter checks have been ignored because the valid value for parameter 'trise' could not be found in 'I0.R4.CM'. {"history": "Interactive.32", "point": 1, "testname": "DC", "cornername": "Nominal"}
[2026-04-16 17:48:38.566 Z] [WARN] [cadence.virtuoso.ade.simulationMonitor] -     WARNING (CMI-2943): Parameter checks have been ignored because the valid value for parameter 'trise' could not be found in 'I0.R4.CS1'.
        Further occurrences of this warning will be suppressed. {"history": "Interactive.32", "point": 1, "testname": "DC", "cornername": "Nominal"}
[2026-04-16 17:48:38.567 Z] [INFO] [cadence.virtuoso.ade.simulationMonitor] - Total time required for xf analysis `xf': CPU = 16.955 ms, elapsed = 21.1079 ms, util. = 80.3%. {"history": "Interactive.32", "point": 1, "testname": "DC", "cornername": "Nominal"}
[2026-04-16 17:48:38.567 Z] [INFO] [cadence.virtuoso.ade.simulationMonitor] - Peak resident memory used = 210 Mbytes. {"history": "Interactive.32", "point": 1, "testname": "DC", "cornername": "Nominal"}
[2026-04-16 17:48:38.567 Z] [INFO] [cadence.virtuoso.ade.simulationMonitor] - Notice from spectre.
    18 warnings suppressed. {"history": "Interactive.32", "point": 1, "testname": "DC", "cornername": "Nominal"}
[2026-04-16 17:48:38.567 Z] [WARN] [cadence.virtuoso.ade.simulationMonitor] -     WARNING (CMI-2425): I0.C0<0>_turbo_m4: `Acde' = 2.393 is unusually large. {"history": "Interactive.32", "point": 1, "testname": "DC", "cornername": "Nominal"}
[2026-04-16 17:48:38.567 Z] [WARN] [cadence.virtuoso.ade.simulationMonitor] -     WARNING (CMI-2425): I0.C0<0>_turbo_m4: `Noff' = 4.732 is unusually large. {"history": "Interactive.32", "point": 1, "testname": "DC", "cornername": "Nominal"}
[2026-04-16 17:48:38.567 Z] [WARN] [cadence.virtuoso.ade.simulationMonitor] -     WARNING (CMI-2424): I0.C0<0>_turbo_m4: `Voffcv' = -867.4e-03 is unusually small. {"history": "Interactive.32", "point": 1, "testname": "DC", "cornername": "Nominal"}
[2026-04-16 17:48:38.567 Z] [WARN] [cadence.virtuoso.ade.simulationMonitor] -     WARNING (CMI-2425): I0.C0<0>_dummy: `Acde' = 2.393 is unusually large. {"history": "Interactive.32", "point": 1, "testname": "DC", "cornername": "Nominal"}
[2026-04-16 17:48:38.567 Z] [WARN] [cadence.virtuoso.ade.simulationMonitor] -     WARNING (CMI-2425): I0.C0<0>_dummy: `Noff' = 4.732 is unusually large. {"history": "Interactive.32", "point": 1, "testname": "DC", "cornername": "Nominal"}
[2026-04-16 17:48:38.567 Z] [WARN] [cadence.virtuoso.ade.simulationMonitor] -     WARNING (CMI-2424): I0.C0<0>_dummy: `Voffcv' = -867.4e-03 is unusually small. {"history": "Interactive.32", "point": 1, "testname": "DC", "cornername": "Nominal"}
[2026-04-16 17:48:38.567 Z] [INFO] [cadence.virtuoso.ade.simulationMonitor] - Time used: CPU = 270 ms, elapsed = 538 ms, util. = 50.1%. {"history": "Interactive.32", "point": 1, "testname": "DC", "cornername": "Nominal"}
[2026-04-16 17:48:38.567 Z] [INFO] [cadence.virtuoso.ade.simulationMonitor] - Time spent in licensing: elapsed = 41.5 ms, percentage of total = 7.72%. {"history": "Interactive.32", "point": 1, "testname": "DC", "cornername": "Nominal"}
[2026-04-16 17:48:38.567 Z] [INFO] [cadence.virtuoso.ade.simulationMonitor] - Peak memory used = 211 Mbytes. {"history": "Interactive.32", "point": 1, "testname": "DC", "cornername": "Nominal"}
[2026-04-16 17:48:38.567 Z] [PROCESS] [cadence.virtuoso.ade.simulationMonitor] - Simulation started at: 5:48:37 PM, Thur Apr 16, 2026, ended at: 5:48:38 PM, Thur Apr 16, 2026, with elapsed time (wall clock): 538 ms. {"history": "Interactive.32", "point": 1, "testname": "DC", "cornername": "Nominal"}
[2026-04-16 17:48:38.567 Z] [PROCESS] [cadence.virtuoso.ade.simulationMonitor] - spectre completes with 0 errors, 56 warnings, and 22 notices. {"history": "Interactive.32", "point": 1, "testname": "DC", "cornername": "Nominal"}
[2026-04-16 17:48:38.567 Z] [PROCESS] [cadence.virtuoso.ade.simulationMonitor] - Finished simulating for one point {"hostname": "edatools", "processid": 2811163, "history": "Interactive.32", "testname": "DC", "cornername": "Nominal", "point": 1, "logfile": "/home/saul/projects/IL2244_VT26_SAUL/logs_saul/logs0/Job234.log", "simid": "1"}
[2026-04-16 17:48:38.567 Z] [PROCESS] [cadence.virtuoso.ade.simulationMonitor] - Simulator exited {"hostname": "edatools", "processid": 2811163, "history": "Interactive.32", "testname": "DC", "cornername": "Nominal", "point": 1, "logfile": "/home/saul/projects/IL2244_VT26_SAUL/logs_saul/logs0/Job234.log", "exitStatus": "0"}
[2026-04-16 17:48:38.567 Z] [PROCESS] [cadence.virtuoso.ade.simulationMonitor] - Finished Simulation {"hostname": "edatools", "processid": 2811163, "history": "Interactive.32", "testname": "DC", "cornername": "Nominal", "point": 1, "logfile": "/home/saul/projects/IL2244_VT26_SAUL/logs_saul/logs0/Job234.log", "simid": "1"}
[2026-04-16 17:48:40.573 Z] [PROCESS] [cadence.virtuoso.ade.simulationMonitor] - Point Finished {"hostname": "edatools", "processid": 2811163, "history": "Interactive.32", "testname": "DC", "cornername": "Nominal", "point": 1, "logfile": "/home/saul/projects/IL2244_VT26_SAUL/logs_saul/logs0/Job234.log"}
[2026-04-16 17:48:42.624 Z] [PROCESS] [cadence.virtuoso.ade.simulationMonitor] - Stay with the runId '34', Linger time '300', currentRunSyn '80', currentTestSyn '76' {"hostname": "edatools", "processid": 2811163, "history": "Interactive.32", "testname": "DC", "cornername": "Nominal", "point": 1, "logfile": "/home/saul/projects/IL2244_VT26_SAUL/logs_saul/logs0/Job234.log"}
[2026-04-16 17:48:43.628 Z] [PROCESS] [cadence.virtuoso.ade.simulationMonitor] - Stay with the runId '34', Linger time '300', currentRunSyn '80', currentTestSyn '76' {"hostname": "edatools", "processid": 2811163, "history": "Interactive.32", "testname": "DC", "cornername": "Nominal", "point": 1, "logfile": "/home/saul/projects/IL2244_VT26_SAUL/logs_saul/logs0/Job234.log"}
[2026-04-16 17:48:44.626 Z] [PROCESS] [cadence.virtuoso.ade.simulationMonitor] - Stay with the runId '34', Linger time '300', currentRunSyn '80', currentTestSyn '76' {"hostname": "edatools", "processid": 2811163, "history": "Interactive.32", "testname": "DC", "cornername": "Nominal", "point": 1, "logfile": "/home/saul/projects/IL2244_VT26_SAUL/logs_saul/logs0/Job234.log"}
[2026-04-16 17:48:45.626 Z] [PROCESS] [cadence.virtuoso.ade.simulationMonitor] - Stay with the runId '34', Linger time '300', currentRunSyn '80', currentTestSyn '76' {"hostname": "edatools", "processid": 2811163, "history": "Interactive.32", "testname": "DC", "cornername": "Nominal", "point": 1, "logfile": "/home/saul/projects/IL2244_VT26_SAUL/logs_saul/logs0/Job234.log"}
[2026-04-16 17:48:46.624 Z] [PROCESS] [cadence.virtuoso.ade.simulationMonitor] - Stay with the runId '34', Linger time '300', currentRunSyn '80', currentTestSyn '76' {"hostname": "edatools", "processid": 2811163, "history": "Interactive.32", "testname": "DC", "cornername": "Nominal", "point": 1, "logfile": "/home/saul/projects/IL2244_VT26_SAUL/logs_saul/logs0/Job234.log"}
[2026-04-16 17:48:47.624 Z] [PROCESS] [cadence.virtuoso.ade.simulationMonitor] - Stay with the runId '34', Linger time '300', currentRunSyn '80', currentTestSyn '76' {"hostname": "edatools", "processid": 2811163, "history": "Interactive.32", "testname": "DC", "cornername": "Nominal", "point": 1, "logfile": "/home/saul/projects/IL2244_VT26_SAUL/logs_saul/logs0/Job234.log"}
[2026-04-16 17:48:48.628 Z] [PROCESS] [cadence.virtuoso.ade.simulationMonitor] - Stay with the runId '34', Linger time '300', currentRunSyn '80', currentTestSyn '76' {"hostname": "edatools", "processid": 2811163, "history": "Interactive.32", "testname": "DC", "cornername": "Nominal", "point": 1, "logfile": "/home/saul/projects/IL2244_VT26_SAUL/logs_saul/logs0/Job234.log"}
[2026-04-16 17:48:49.628 Z] [PROCESS] [cadence.virtuoso.ade.simulationMonitor] - Stay with the runId '34', Linger time '300', currentRunSyn '80', currentTestSyn '76' {"hostname": "edatools", "processid": 2811163, "history": "Interactive.32", "testname": "DC", "cornername": "Nominal", "point": 1, "logfile": "/home/saul/projects/IL2244_VT26_SAUL/logs_saul/logs0/Job234.log"}
[2026-04-16 17:48:50.629 Z] [PROCESS] [cadence.virtuoso.ade.simulationMonitor] - Stay with the runId '34', Linger time '300', currentRunSyn '80', currentTestSyn '76' {"hostname": "edatools", "processid": 2811163, "history": "Interactive.32", "testname": "DC", "cornername": "Nominal", "point": 1, "logfile": "/home/saul/projects/IL2244_VT26_SAUL/logs_saul/logs0/Job234.log"}
[2026-04-16 17:48:51.630 Z] [PROCESS] [cadence.virtuoso.ade.simulationMonitor] - Stay with the runId '34', Linger time '300', currentRunSyn '80', currentTestSyn '76' {"hostname": "edatools", "processid": 2811163, "history": "Interactive.32", "testname": "DC", "cornername": "Nominal", "point": 1, "logfile": "/home/saul/projects/IL2244_VT26_SAUL/logs_saul/logs0/Job234.log"}
[2026-04-16 17:48:52.633 Z] [PROCESS] [cadence.virtuoso.ade.simulationMonitor] - Stay with the runId '34', Linger time '300', currentRunSyn '80', currentTestSyn '76' {"hostname": "edatools", "processid": 2811163, "history": "Interactive.32", "testname": "DC", "cornername": "Nominal", "point": 1, "logfile": "/home/saul/projects/IL2244_VT26_SAUL/logs_saul/logs0/Job234.log"}
[2026-04-16 17:48:53.629 Z] [PROCESS] [cadence.virtuoso.ade.simulationMonitor] - Stay with the runId '34', Linger time '300', currentRunSyn '80', currentTestSyn '76' {"hostname": "edatools", "processid": 2811163, "history": "Interactive.32", "testname": "DC", "cornername": "Nominal", "point": 1, "logfile": "/home/saul/projects/IL2244_VT26_SAUL/logs_saul/logs0/Job234.log"}
[2026-04-16 17:48:54.632 Z] [PROCESS] [cadence.virtuoso.ade.simulationMonitor] - Stay with the runId '34', Linger time '300', currentRunSyn '80', currentTestSyn '76' {"hostname": "edatools", "processid": 2811163, "history": "Interactive.32", "testname": "DC", "cornername": "Nominal", "point": 1, "logfile": "/home/saul/projects/IL2244_VT26_SAUL/logs_saul/logs0/Job234.log"}
[2026-04-16 17:48:55.635 Z] [PROCESS] [cadence.virtuoso.ade.simulationMonitor] - Stay with the runId '34', Linger time '300', currentRunSyn '80', currentTestSyn '76' {"hostname": "edatools", "processid": 2811163, "history": "Interactive.32", "testname": "DC", "cornername": "Nominal", "point": 1, "logfile": "/home/saul/projects/IL2244_VT26_SAUL/logs_saul/logs0/Job234.log"}
[2026-04-16 17:48:56.633 Z] [PROCESS] [cadence.virtuoso.ade.simulationMonitor] - Stay with the runId '34', Linger time '300', currentRunSyn '80', currentTestSyn '76' {"hostname": "edatools", "processid": 2811163, "history": "Interactive.32", "testname": "DC", "cornername": "Nominal", "point": 1, "logfile": "/home/saul/projects/IL2244_VT26_SAUL/logs_saul/logs0/Job234.log"}
[2026-04-16 17:48:57.634 Z] [PROCESS] [cadence.virtuoso.ade.simulationMonitor] - Stay with the runId '34', Linger time '300', currentRunSyn '80', currentTestSyn '76' {"hostname": "edatools", "processid": 2811163, "history": "Interactive.32", "testname": "DC", "cornername": "Nominal", "point": 1, "logfile": "/home/saul/projects/IL2244_VT26_SAUL/logs_saul/logs0/Job234.log"}
[2026-04-16 17:48:58.637 Z] [PROCESS] [cadence.virtuoso.ade.simulationMonitor] - Stay with the runId '34', Linger time '300', currentRunSyn '80', currentTestSyn '76' {"hostname": "edatools", "processid": 2811163, "history": "Interactive.32", "testname": "DC", "cornername": "Nominal", "point": 1, "logfile": "/home/saul/projects/IL2244_VT26_SAUL/logs_saul/logs0/Job234.log"}
[2026-04-16 17:48:59.637 Z] [PROCESS] [cadence.virtuoso.ade.simulationMonitor] - Stay with the runId '34', Linger time '300', currentRunSyn '80', currentTestSyn '76' {"hostname": "edatools", "processid": 2811163, "history": "Interactive.32", "testname": "DC", "cornername": "Nominal", "point": 1, "logfile": "/home/saul/projects/IL2244_VT26_SAUL/logs_saul/logs0/Job234.log"}
[2026-04-16 17:49:00.637 Z] [PROCESS] [cadence.virtuoso.ade.simulationMonitor] - Stay with the runId '34', Linger time '300', currentRunSyn '80', currentTestSyn '76' {"hostname": "edatools", "processid": 2811163, "history": "Interactive.32", "testname": "DC", "cornername": "Nominal", "point": 1, "logfile": "/home/saul/projects/IL2244_VT26_SAUL/logs_saul/logs0/Job234.log"}
[2026-04-16 17:49:01.638 Z] [PROCESS] [cadence.virtuoso.ade.simulationMonitor] - Stay with the runId '34', Linger time '300', currentRunSyn '80', currentTestSyn '76' {"hostname": "edatools", "processid": 2811163, "history": "Interactive.32", "testname": "DC", "cornername": "Nominal", "point": 1, "logfile": "/home/saul/projects/IL2244_VT26_SAUL/logs_saul/logs0/Job234.log"}
[2026-04-16 17:49:02.638 Z] [PROCESS] [cadence.virtuoso.ade.simulationMonitor] - Stay with the runId '34', Linger time '300', currentRunSyn '80', currentTestSyn '76' {"hostname": "edatools", "processid": 2811163, "history": "Interactive.32", "testname": "DC", "cornername": "Nominal", "point": 1, "logfile": "/home/saul/projects/IL2244_VT26_SAUL/logs_saul/logs0/Job234.log"}
[2026-04-16 17:49:03.640 Z] [PROCESS] [cadence.virtuoso.ade.simulationMonitor] - Stay with the runId '34', Linger time '300', currentRunSyn '80', currentTestSyn '76' {"hostname": "edatools", "processid": 2811163, "history": "Interactive.32", "testname": "DC", "cornername": "Nominal", "point": 1, "logfile": "/home/saul/projects/IL2244_VT26_SAUL/logs_saul/logs0/Job234.log"}
[2026-04-16 17:49:04.641 Z] [PROCESS] [cadence.virtuoso.ade.simulationMonitor] - Stay with the runId '34', Linger time '300', currentRunSyn '80', currentTestSyn '76' {"hostname": "edatools", "processid": 2811163, "history": "Interactive.32", "testname": "DC", "cornername": "Nominal", "point": 1, "logfile": "/home/saul/projects/IL2244_VT26_SAUL/logs_saul/logs0/Job234.log"}
[2026-04-16 17:49:05.642 Z] [PROCESS] [cadence.virtuoso.ade.simulationMonitor] - Stay with the runId '34', Linger time '300', currentRunSyn '80', currentTestSyn '76' {"hostname": "edatools", "processid": 2811163, "history": "Interactive.32", "testname": "DC", "cornername": "Nominal", "point": 1, "logfile": "/home/saul/projects/IL2244_VT26_SAUL/logs_saul/logs0/Job234.log"}
[2026-04-16 17:49:06.643 Z] [PROCESS] [cadence.virtuoso.ade.simulationMonitor] - Stay with the runId '34', Linger time '300', currentRunSyn '80', currentTestSyn '76' {"hostname": "edatools", "processid": 2811163, "history": "Interactive.32", "testname": "DC", "cornername": "Nominal", "point": 1, "logfile": "/home/saul/projects/IL2244_VT26_SAUL/logs_saul/logs0/Job234.log"}
[2026-04-16 17:49:07.646 Z] [PROCESS] [cadence.virtuoso.ade.simulationMonitor] - Stay with the runId '34', Linger time '300', currentRunSyn '80', currentTestSyn '76' {"hostname": "edatools", "processid": 2811163, "history": "Interactive.32", "testname": "DC", "cornername": "Nominal", "point": 1, "logfile": "/home/saul/projects/IL2244_VT26_SAUL/logs_saul/logs0/Job234.log"}
[2026-04-16 17:49:08.644 Z] [PROCESS] [cadence.virtuoso.ade.simulationMonitor] - Stay with the runId '34', Linger time '300', currentRunSyn '80', currentTestSyn '76' {"hostname": "edatools", "processid": 2811163, "history": "Interactive.32", "testname": "DC", "cornername": "Nominal", "point": 1, "logfile": "/home/saul/projects/IL2244_VT26_SAUL/logs_saul/logs0/Job234.log"}
[2026-04-16 17:49:09.645 Z] [PROCESS] [cadence.virtuoso.ade.simulationMonitor] - Stay with the runId '34', Linger time '300', currentRunSyn '80', currentTestSyn '76' {"hostname": "edatools", "processid": 2811163, "history": "Interactive.32", "testname": "DC", "cornername": "Nominal", "point": 1, "logfile": "/home/saul/projects/IL2244_VT26_SAUL/logs_saul/logs0/Job234.log"}
[2026-04-16 17:49:10.646 Z] [PROCESS] [cadence.virtuoso.ade.simulationMonitor] - Stay with the runId '34', Linger time '300', currentRunSyn '80', currentTestSyn '76' {"hostname": "edatools", "processid": 2811163, "history": "Interactive.32", "testname": "DC", "cornername": "Nominal", "point": 1, "logfile": "/home/saul/projects/IL2244_VT26_SAUL/logs_saul/logs0/Job234.log"}
[2026-04-16 17:49:11.648 Z] [PROCESS] [cadence.virtuoso.ade.simulationMonitor] - Stay with the runId '34', Linger time '300', currentRunSyn '80', currentTestSyn '76' {"hostname": "edatools", "processid": 2811163, "history": "Interactive.32", "testname": "DC", "cornername": "Nominal", "point": 1, "logfile": "/home/saul/projects/IL2244_VT26_SAUL/logs_saul/logs0/Job234.log"}
[2026-04-16 17:49:12.648 Z] [PROCESS] [cadence.virtuoso.ade.simulationMonitor] - Stay with the runId '34', Linger time '300', currentRunSyn '80', currentTestSyn '76' {"hostname": "edatools", "processid": 2811163, "history": "Interactive.32", "testname": "DC", "cornername": "Nominal", "point": 1, "logfile": "/home/saul/projects/IL2244_VT26_SAUL/logs_saul/logs0/Job234.log"}
[2026-04-16 17:49:13.649 Z] [PROCESS] [cadence.virtuoso.ade.simulationMonitor] - Stay with the runId '34', Linger time '300', currentRunSyn '80', currentTestSyn '76' {"hostname": "edatools", "processid": 2811163, "history": "Interactive.32", "testname": "DC", "cornername": "Nominal", "point": 1, "logfile": "/home/saul/projects/IL2244_VT26_SAUL/logs_saul/logs0/Job234.log"}
[2026-04-16 17:49:14.650 Z] [PROCESS] [cadence.virtuoso.ade.simulationMonitor] - Stay with the runId '34', Linger time '300', currentRunSyn '80', currentTestSyn '76' {"hostname": "edatools", "processid": 2811163, "history": "Interactive.32", "testname": "DC", "cornername": "Nominal", "point": 1, "logfile": "/home/saul/projects/IL2244_VT26_SAUL/logs_saul/logs0/Job234.log"}
[2026-04-16 17:49:15.648 Z] [PROCESS] [cadence.virtuoso.ade.simulationMonitor] - Stay with the runId '34', Linger time '300', currentRunSyn '80', currentTestSyn '76' {"hostname": "edatools", "processid": 2811163, "history": "Interactive.32", "testname": "DC", "cornername": "Nominal", "point": 1, "logfile": "/home/saul/projects/IL2244_VT26_SAUL/logs_saul/logs0/Job234.log"}
[2026-04-16 17:49:16.648 Z] [PROCESS] [cadence.virtuoso.ade.simulationMonitor] - Stay with the runId '34', Linger time '300', currentRunSyn '80', currentTestSyn '76' {"hostname": "edatools", "processid": 2811163, "history": "Interactive.32", "testname": "DC", "cornername": "Nominal", "point": 1, "logfile": "/home/saul/projects/IL2244_VT26_SAUL/logs_saul/logs0/Job234.log"}
[2026-04-16 17:49:17.654 Z] [PROCESS] [cadence.virtuoso.ade.simulationMonitor] - Stay with the runId '34', Linger time '300', currentRunSyn '80', currentTestSyn '76' {"hostname": "edatools", "processid": 2811163, "history": "Interactive.32", "testname": "DC", "cornername": "Nominal", "point": 1, "logfile": "/home/saul/projects/IL2244_VT26_SAUL/logs_saul/logs0/Job234.log"}
[2026-04-16 17:49:18.653 Z] [PROCESS] [cadence.virtuoso.ade.simulationMonitor] - Stay with the runId '34', Linger time '300', currentRunSyn '80', currentTestSyn '76' {"hostname": "edatools", "processid": 2811163, "history": "Interactive.32", "testname": "DC", "cornername": "Nominal", "point": 1, "logfile": "/home/saul/projects/IL2244_VT26_SAUL/logs_saul/logs0/Job234.log"}
[2026-04-16 17:49:19.652 Z] [PROCESS] [cadence.virtuoso.ade.simulationMonitor] - Stay with the runId '34', Linger time '300', currentRunSyn '80', currentTestSyn '76' {"hostname": "edatools", "processid": 2811163, "history": "Interactive.32", "testname": "DC", "cornername": "Nominal", "point": 1, "logfile": "/home/saul/projects/IL2244_VT26_SAUL/logs_saul/logs0/Job234.log"}
[2026-04-16 17:49:20.651 Z] [PROCESS] [cadence.virtuoso.ade.simulationMonitor] - Stay with the runId '34', Linger time '300', currentRunSyn '80', currentTestSyn '76' {"hostname": "edatools", "processid": 2811163, "history": "Interactive.32", "testname": "DC", "cornername": "Nominal", "point": 1, "logfile": "/home/saul/projects/IL2244_VT26_SAUL/logs_saul/logs0/Job234.log"}
[2026-04-16 17:49:21.654 Z] [PROCESS] [cadence.virtuoso.ade.simulationMonitor] - Stay with the runId '34', Linger time '300', currentRunSyn '80', currentTestSyn '76' {"hostname": "edatools", "processid": 2811163, "history": "Interactive.32", "testname": "DC", "cornername": "Nominal", "point": 1, "logfile": "/home/saul/projects/IL2244_VT26_SAUL/logs_saul/logs0/Job234.log"}
[2026-04-16 17:49:22.658 Z] [PROCESS] [cadence.virtuoso.ade.simulationMonitor] - Stay with the runId '34', Linger time '300', currentRunSyn '80', currentTestSyn '76' {"hostname": "edatools", "processid": 2811163, "history": "Interactive.32", "testname": "DC", "cornername": "Nominal", "point": 1, "logfile": "/home/saul/projects/IL2244_VT26_SAUL/logs_saul/logs0/Job234.log"}
[2026-04-16 17:49:23.655 Z] [PROCESS] [cadence.virtuoso.ade.simulationMonitor] - Stay with the runId '34', Linger time '300', currentRunSyn '80', currentTestSyn '76' {"hostname": "edatools", "processid": 2811163, "history": "Interactive.32", "testname": "DC", "cornername": "Nominal", "point": 1, "logfile": "/home/saul/projects/IL2244_VT26_SAUL/logs_saul/logs0/Job234.log"}
[2026-04-16 17:49:24.656 Z] [PROCESS] [cadence.virtuoso.ade.simulationMonitor] - Stay with the runId '34', Linger time '300', currentRunSyn '80', currentTestSyn '76' {"hostname": "edatools", "processid": 2811163, "history": "Interactive.32", "testname": "DC", "cornername": "Nominal", "point": 1, "logfile": "/home/saul/projects/IL2244_VT26_SAUL/logs_saul/logs0/Job234.log"}
[2026-04-16 17:49:25.660 Z] [PROCESS] [cadence.virtuoso.ade.simulationMonitor] - Stay with the runId '34', Linger time '300', currentRunSyn '80', currentTestSyn '76' {"hostname": "edatools", "processid": 2811163, "history": "Interactive.32", "testname": "DC", "cornername": "Nominal", "point": 1, "logfile": "/home/saul/projects/IL2244_VT26_SAUL/logs_saul/logs0/Job234.log"}
[2026-04-16 17:49:26.659 Z] [PROCESS] [cadence.virtuoso.ade.simulationMonitor] - Stay with the runId '34', Linger time '300', currentRunSyn '80', currentTestSyn '76' {"hostname": "edatools", "processid": 2811163, "history": "Interactive.32", "testname": "DC", "cornername": "Nominal", "point": 1, "logfile": "/home/saul/projects/IL2244_VT26_SAUL/logs_saul/logs0/Job234.log"}
[2026-04-16 17:49:27.660 Z] [PROCESS] [cadence.virtuoso.ade.simulationMonitor] - Stay with the runId '34', Linger time '300', currentRunSyn '80', currentTestSyn '76' {"hostname": "edatools", "processid": 2811163, "history": "Interactive.32", "testname": "DC", "cornername": "Nominal", "point": 1, "logfile": "/home/saul/projects/IL2244_VT26_SAUL/logs_saul/logs0/Job234.log"}
[2026-04-16 17:49:28.660 Z] [PROCESS] [cadence.virtuoso.ade.simulationMonitor] - Stay with the runId '34', Linger time '300', currentRunSyn '80', currentTestSyn '76' {"hostname": "edatools", "processid": 2811163, "history": "Interactive.32", "testname": "DC", "cornername": "Nominal", "point": 1, "logfile": "/home/saul/projects/IL2244_VT26_SAUL/logs_saul/logs0/Job234.log"}
[2026-04-16 17:49:29.660 Z] [PROCESS] [cadence.virtuoso.ade.simulationMonitor] - Stay with the runId '34', Linger time '300', currentRunSyn '80', currentTestSyn '76' {"hostname": "edatools", "processid": 2811163, "history": "Interactive.32", "testname": "DC", "cornername": "Nominal", "point": 1, "logfile": "/home/saul/projects/IL2244_VT26_SAUL/logs_saul/logs0/Job234.log"}
[2026-04-16 17:49:30.661 Z] [PROCESS] [cadence.virtuoso.ade.simulationMonitor] - Stay with the runId '34', Linger time '300', currentRunSyn '80', currentTestSyn '76' {"hostname": "edatools", "processid": 2811163, "history": "Interactive.32", "testname": "DC", "cornername": "Nominal", "point": 1, "logfile": "/home/saul/projects/IL2244_VT26_SAUL/logs_saul/logs0/Job234.log"}
[2026-04-16 17:49:31.662 Z] [PROCESS] [cadence.virtuoso.ade.simulationMonitor] - Stay with the runId '34', Linger time '300', currentRunSyn '80', currentTestSyn '76' {"hostname": "edatools", "processid": 2811163, "history": "Interactive.32", "testname": "DC", "cornername": "Nominal", "point": 1, "logfile": "/home/saul/projects/IL2244_VT26_SAUL/logs_saul/logs0/Job234.log"}
[2026-04-16 17:49:32.664 Z] [PROCESS] [cadence.virtuoso.ade.simulationMonitor] - Stay with the runId '34', Linger time '300', currentRunSyn '80', currentTestSyn '76' {"hostname": "edatools", "processid": 2811163, "history": "Interactive.32", "testname": "DC", "cornername": "Nominal", "point": 1, "logfile": "/home/saul/projects/IL2244_VT26_SAUL/logs_saul/logs0/Job234.log"}
[2026-04-16 17:49:33.664 Z] [PROCESS] [cadence.virtuoso.ade.simulationMonitor] - Stay with the runId '34', Linger time '300', currentRunSyn '80', currentTestSyn '76' {"hostname": "edatools", "processid": 2811163, "history": "Interactive.32", "testname": "DC", "cornername": "Nominal", "point": 1, "logfile": "/home/saul/projects/IL2244_VT26_SAUL/logs_saul/logs0/Job234.log"}
[2026-04-16 17:49:34.664 Z] [PROCESS] [cadence.virtuoso.ade.simulationMonitor] - Stay with the runId '34', Linger time '300', currentRunSyn '80', currentTestSyn '76' {"hostname": "edatools", "processid": 2811163, "history": "Interactive.32", "testname": "DC", "cornername": "Nominal", "point": 1, "logfile": "/home/saul/projects/IL2244_VT26_SAUL/logs_saul/logs0/Job234.log"}
[2026-04-16 17:49:35.663 Z] [PROCESS] [cadence.virtuoso.ade.simulationMonitor] - Stay with the runId '34', Linger time '300', currentRunSyn '80', currentTestSyn '76' {"hostname": "edatools", "processid": 2811163, "history": "Interactive.32", "testname": "DC", "cornername": "Nominal", "point": 1, "logfile": "/home/saul/projects/IL2244_VT26_SAUL/logs_saul/logs0/Job234.log"}
[2026-04-16 17:49:36.663 Z] [PROCESS] [cadence.virtuoso.ade.simulationMonitor] - Stay with the runId '34', Linger time '300', currentRunSyn '80', currentTestSyn '76' {"hostname": "edatools", "processid": 2811163, "history": "Interactive.32", "testname": "DC", "cornername": "Nominal", "point": 1, "logfile": "/home/saul/projects/IL2244_VT26_SAUL/logs_saul/logs0/Job234.log"}
[2026-04-16 17:49:38.168 Z] [PROCESS] [cadence.virtuoso.ade.simulationMonitor] - Started History {"hostname": "edatools", "processid": 2811163, "history": "Interactive.33", "testname": "DC", "cornername": "Nominal", "point": 1, "logfile": "/home/saul/projects/IL2244_VT26_SAUL/logs_saul/logs0/Job234.log"}
[2026-04-16 17:49:38.168 Z] [PROCESS] [cadence.virtuoso.ade.simulationMonitor] - HostInfo:
Host name (type):	edatools (x86_64)
Operating system:	Linux 6.17.0-20-generic #20~24.04.1-Ubuntu SMP PREEMPT_DYNAMIC Thu Mar 19 01:28:37 UTC 2 {"hostname": "edatools", "processid": 2811163, "history": "Interactive.33", "testname": "DC", "cornername": "Nominal", "point": 1, "logfile": "/home/saul/projects/IL2244_VT26_SAUL/logs_saul/logs0/Job234.log", "nodename": "edatools", "domainname": "(none)", "machine": "x86_64", "sysname": "Linux", "release": "6.17.0-20-generic", "version": "#20~24.04.1-Ubuntu SMP PREEMPT_DYNAMIC Thu Mar 19 01:28:37 UTC 2"}
[2026-04-16 17:49:38.168 Z] [PROCESS] [cadence.virtuoso.ade.simulationMonitor] - UsageInfo:
pid=2811163
totalPhysicalMemory=62.544991GB,Used=37.097904GB,totalVirtualMemory=70.544987GB,Used=37.097904GB
Cpu: Cores=16, Load average:0.300000,0.240000,0.430000 {"hostname": "edatools", "processid": 2811163, "history": "Interactive.33", "testname": "DC", "cornername": "Nominal", "point": 1, "logfile": "/home/saul/projects/IL2244_VT26_SAUL/logs_saul/logs0/Job234.log", "pid": "2811163", "totalPhysicalMemory": "62.544991", "physicalMemoryUsed": "37.097904", "totalVirtualMemory": "70.544987", "virtualMemoryUsed": "37.097904", "cpuCores": "16", "processes": "1988", "loadAverage1": "0.300000", "loadAverage5": "0.240000", "loadAverage15": "0.430000", "loadAverage1Percent": "0.018750"}
[2026-04-16 17:49:38.168 Z] [EVENT] [cadence.virtuoso.ade.simulationMonitor] - NewPoint {"history": "Interactive.33", "point": 1, "testname": "DC", "cornername": "Nominal", "event": "NewPoint", "EventSource": "Simulation Monitor", "HistoryName": "Interactive.33", "logFile": "/home/saul/projects/IL2244_VT26_SAUL/logs_saul/logs0/Job234.log", "logFileSize": "50398"}
[2026-04-16 17:49:38.168 Z] [EVENT] [cadence.virtuoso.ade.simulationMonitor] - NewPoint {"history": "Interactive.33", "point": 1, "testname": "DC", "cornername": "Nominal", "event": "NewPoint", "EventSource": "spectre", "HistoryName": "Interactive.33", "logFile": "/home/saul/projects/IL2244_VT26_SAUL/Sim/FBIAS/fbias_por_tb/maestro/results/maestro/Interactive.33/1/DC/psf/spectre.out", "logFileSize": "-1"}
[2026-04-16 17:49:38.168 Z] [PROCESS] [cadence.virtuoso.ade.simulationMonitor] - Simulator launched {"hostname": "edatools", "processid": 2811163, "history": "Interactive.33", "testname": "DC", "cornername": "Nominal", "point": 1, "logfile": "/home/saul/projects/IL2244_VT26_SAUL/logs_saul/logs0/Job234.log", "simid": "2"}
[2026-04-16 17:49:38.168 Z] [PROCESS] [cadence.virtuoso.ade.simulationMonitor] - Expression evaluator launched {"hostname": "edatools", "processid": 2811163, "history": "Interactive.33", "testname": "DC", "cornername": "Nominal", "point": 1, "logfile": "/home/saul/projects/IL2244_VT26_SAUL/logs_saul/logs0/Job234.log"}
[2026-04-16 17:49:38.168 Z] [PROCESS] [cadence.virtuoso.ade.simulationMonitor] - Started Simulation {"hostname": "edatools", "processid": 2811163, "history": "Interactive.33", "testname": "DC", "cornername": "Nominal", "point": 1, "logfile": "/home/saul/projects/IL2244_VT26_SAUL/logs_saul/logs0/Job234.log", "event": "started", "task": "simulation"}
[2026-04-16 17:49:38.168 Z] [INFO] [cadence.virtuoso.ade.simulationMonitor] - Notice from spectre during circuit read-in.
    Pre_Configuration file used: /opt/tools/cadence/installs/SPECTRE241/tools.lnx86/spectre/etc/configs/preset.precfg
    Configuration file used: `/opt/tools/cadence/installs/SPECTRE241/tools.lnx86/spectre/etc/configs/preset.cfg'. {"history": "Interactive.33", "point": 1, "testname": "DC", "cornername": "Nominal"}
[2026-04-16 17:49:38.168 Z] [WARN] [cadence.virtuoso.ade.simulationMonitor] -     WARNING (SPECTRE-8360): line 1511: `ac' is an undefined primitive device. {"history": "Interactive.33", "point": 1, "testname": "DC", "cornername": "Nominal"}
[2026-04-16 17:49:38.168 Z] [WARN] [cadence.virtuoso.ade.simulationMonitor] -     WARNING (SPECTRE-8360): line 1512: `ac' is an undefined primitive device. {"history": "Interactive.33", "point": 1, "testname": "DC", "cornername": "Nominal"}
[2026-04-16 17:49:38.168 Z] [WARN] [cadence.virtuoso.ade.simulationMonitor] -     WARNING (SPECTRE-8360): line 1513: `ac' is an undefined primitive device. {"history": "Interactive.33", "point": 1, "testname": "DC", "cornername": "Nominal"}
[2026-04-16 17:49:38.168 Z] [WARN] [cadence.virtuoso.ade.simulationMonitor] -     WARNING (SPECTRE-8360): line 1514: `ac' is an undefined primitive device. {"history": "Interactive.33", "point": 1, "testname": "DC", "cornername": "Nominal"}
[2026-04-16 17:49:38.168 Z] [WARN] [cadence.virtuoso.ade.simulationMonitor] -     WARNING (SPECTRE-8360): line 1515: `ac' is an undefined primitive device.
        Further occurrences of this warning will be suppressed. {"history": "Interactive.33", "point": 1, "testname": "DC", "cornername": "Nominal"}
[2026-04-16 17:49:38.168 Z] [INFO] [cadence.virtuoso.ade.simulationMonitor] - Peak resident memory used = 171 Mbytes. {"history": "Interactive.33", "point": 1, "testname": "DC", "cornername": "Nominal"}
[2026-04-16 17:49:38.168 Z] [WARN] [cadence.virtuoso.ade.simulationMonitor] -     WARNING (VACOMP-2435): The environment variable CDS_AHDLCMI_ENABLE is no longer supported. Therefore, the simulator will use the default compiled C code flow. {"history": "Interactive.33", "point": 1, "testname": "DC", "cornername": "Nominal"}
[2026-04-16 17:49:38.168 Z] [WARN] [cadence.virtuoso.ade.simulationMonitor] -     WARNING (SFE-3028): The floating resistor I0.C0<0>_turbo_m4.rsub2 is removed. {"history": "Interactive.33", "point": 1, "testname": "DC", "cornername": "Nominal"}
[2026-04-16 17:49:38.168 Z] [WARN] [cadence.virtuoso.ade.simulationMonitor] -     WARNING (SFE-3014): The floating device I0.C0<0>_turbo_m4.dsub1 is removed. {"history": "Interactive.33", "point": 1, "testname": "DC", "cornername": "Nominal"}
[2026-04-16 17:49:38.168 Z] [WARN] [cadence.virtuoso.ade.simulationMonitor] -     WARNING (SFE-3014): The floating device I0.C0<0>_turbo_m4.dsub2 is removed. {"history": "Interactive.33", "point": 1, "testname": "DC", "cornername": "Nominal"}
[2026-04-16 17:49:38.168 Z] [WARN] [cadence.virtuoso.ade.simulationMonitor] -     WARNING (SFE-3031): The floating capacitor I1.R2.CS1 is removed. {"history": "Interactive.33", "point": 1, "testname": "DC", "cornername": "Nominal"}
[2026-04-16 17:49:38.168 Z] [WARN] [cadence.virtuoso.ade.simulationMonitor] -     WARNING (SFE-3028): The floating resistor I0.C0<0>_turbo_m4.rsub1 is removed. {"history": "Interactive.33", "point": 1, "testname": "DC", "cornername": "Nominal"}
[2026-04-16 17:49:38.168 Z] [WARN] [cadence.virtuoso.ade.simulationMonitor] -     WARNING (SFE-3031): The floating capacitor I0.R3.CS1 is removed. {"history": "Interactive.33", "point": 1, "testname": "DC", "cornername": "Nominal"}
[2026-04-16 17:49:38.168 Z] [WARN] [cadence.virtuoso.ade.simulationMonitor] -     WARNING (SFE-3016): The floating node I0.C0<0>_turbo_m4.b2 is removed. {"history": "Interactive.33", "point": 1, "testname": "DC", "cornername": "Nominal"}
[2026-04-16 17:49:38.168 Z] [WARN] [cadence.virtuoso.ade.simulationMonitor] -     WARNING (SFE-3016): The floating node I0.C0<0>_turbo_m4.b1 is removed. {"history": "Interactive.33", "point": 1, "testname": "DC", "cornername": "Nominal"}
[2026-04-16 17:49:38.168 Z] [INFO] [cadence.virtuoso.ade.simulationMonitor] - Peak resident memory used = 188 Mbytes. {"history": "Interactive.33", "point": 1, "testname": "DC", "cornername": "Nominal"}
[2026-04-16 17:49:38.168 Z] [INFO] [cadence.virtuoso.ade.simulationMonitor] - Notice from spectre during hierarchy flattening.
    The value 'psf' specified for the 'checklimitdest' option will no longer be supported in future releases. Use 'spectre -h' to see other recommended values for the 'checklimitdest' option.
    I2.Q0.bjtinsub: `minr' has the unusually small value of 10 fOhm.
    I0.R4.CS0 of rpolyhc: `c' has the unusually small value of 368.192e-21 F.
    I0.R4.CS1 of rpolyhc: `c' has the unusually small value of 368.192e-21 F.
    I0.R3.CS0 of rpolyhc: `c' has the unusual... {"history": "Interactive.33", "point": 1, "testname": "DC", "cornername": "Nominal"}
[2026-04-16 17:49:38.168 Z] [INFO] [cadence.virtuoso.ade.simulationMonitor] - Peak resident memory used = 190 Mbytes. {"history": "Interactive.33", "point": 1, "testname": "DC", "cornername": "Nominal"}
[2026-04-16 17:49:38.168 Z] [WARN] [cadence.virtuoso.ade.simulationMonitor] -     WARNING (CMI-2425): I0.C0<0>_turbo_m4: `Acde' = 2.393 is unusually large. {"history": "Interactive.33", "point": 1, "testname": "DC", "cornername": "Nominal"}
[2026-04-16 17:49:38.168 Z] [WARN] [cadence.virtuoso.ade.simulationMonitor] -     WARNING (CMI-2425): I0.C0<0>_turbo_m4: `Noff' = 4.732 is unusually large. {"history": "Interactive.33", "point": 1, "testname": "DC", "cornername": "Nominal"}
[2026-04-16 17:49:38.168 Z] [WARN] [cadence.virtuoso.ade.simulationMonitor] -     WARNING (CMI-2424): I0.C0<0>_turbo_m4: `Voffcv' = -867.4e-03 is unusually small. {"history": "Interactive.33", "point": 1, "testname": "DC", "cornername": "Nominal"}
[2026-04-16 17:49:38.168 Z] [WARN] [cadence.virtuoso.ade.simulationMonitor] -     WARNING (CMI-2425): I0.C0<0>_turbo_m4: `Acde' = 2.393 is unusually large. {"history": "Interactive.33", "point": 1, "testname": "DC", "cornername": "Nominal"}
[2026-04-16 17:49:38.168 Z] [WARN] [cadence.virtuoso.ade.simulationMonitor] -     WARNING (CMI-2425): I0.C0<0>_turbo_m4: `Noff' = 4.732 is unusually large. {"history": "Interactive.33", "point": 1, "testname": "DC", "cornername": "Nominal"}
[2026-04-16 17:49:38.168 Z] [WARN] [cadence.virtuoso.ade.simulationMonitor] -     WARNING (CMI-2424): I0.C0<0>_turbo_m4: `Voffcv' = -867.4e-03 is unusually small. {"history": "Interactive.33", "point": 1, "testname": "DC", "cornername": "Nominal"}
[2026-04-16 17:49:38.168 Z] [WARN] [cadence.virtuoso.ade.simulationMonitor] -     WARNING (SPECTRE-17607): Assert `SOAC_vert10_vsubpsub' is ignored because it contains an expression which is invalid or not supported by native evaluator.  {"history": "Interactive.33", "point": 1, "testname": "DC", "cornername": "Nominal"}
[2026-04-16 17:49:38.168 Z] [WARN] [cadence.virtuoso.ade.simulationMonitor] -     WARNING (SPECTRE-17607): Assert `SOAC_vert10_vcsub' is ignored because it contains an expression which is invalid or not supported by native evaluator.  {"history": "Interactive.33", "point": 1, "testname": "DC", "cornername": "Nominal"}
[2026-04-16 17:49:38.168 Z] [WARN] [cadence.virtuoso.ade.simulationMonitor] -     WARNING (SPECTRE-17607): Assert `SOAC_rpolyh_vminuspsub' is ignored because it contains an expression which is invalid or not supported by native evaluator.  {"history": "Interactive.33", "point": 1, "testname": "DC", "cornername": "Nominal"}
[2026-04-16 17:49:38.168 Z] [WARN] [cadence.virtuoso.ade.simulationMonitor] -     WARNING (SPECTRE-17607): Assert `SOAC_rpolyh_vpluspsub' is ignored because it contains an expression which is invalid or not supported by native evaluator.  {"history": "Interactive.33", "point": 1, "testname": "DC", "cornername": "Nominal"}
[2026-04-16 17:49:38.168 Z] [WARN] [cadence.virtuoso.ade.simulationMonitor] -     WARNING (SPECTRE-16460): SOAC_cvarm_vspsub:Specified subcircuit master `cvarm' was not found. {"history": "Interactive.33", "point": 1, "testname": "DC", "cornername": "Nominal"}
[2026-04-16 17:49:38.168 Z] [WARN] [cadence.virtuoso.ade.simulationMonitor] -     WARNING (SPECTRE-16462): SOAC_cvarm_vspsub:Error in specification of subcircuit master. Assert is ignored. {"history": "Interactive.33", "point": 1, "testname": "DC", "cornername": "Nominal"}
[2026-04-16 17:49:38.168 Z] [WARN] [cadence.virtuoso.ade.simulationMonitor] -     WARNING (SPECTRE-16460): SOAC_cvarm_vbs:Specified subcircuit master `cvarm' was not found. {"history": "Interactive.33", "point": 1, "testname": "DC", "cornername": "Nominal"}
[2026-04-16 17:49:38.168 Z] [WARN] [cadence.virtuoso.ade.simulationMonitor] -     WARNING (SPECTRE-16462): SOAC_cvarm_vbs:Error in specification of subcircuit master. Assert is ignored. {"history": "Interactive.33", "point": 1, "testname": "DC", "cornername": "Nominal"}
[2026-04-16 17:49:38.168 Z] [WARN] [cadence.virtuoso.ade.simulationMonitor] -     WARNING (SPECTRE-16460): SOAC_cvarm_vgb:Specified subcircuit master `cvarm' was not found. {"history": "Interactive.33", "point": 1, "testname": "DC", "cornername": "Nominal"}
[2026-04-16 17:49:38.168 Z] [WARN] [cadence.virtuoso.ade.simulationMonitor] -     WARNING (SPECTRE-16462): SOAC_cvarm_vgb:Error in specification of subcircuit master. Assert is ignored. {"history": "Interactive.33", "point": 1, "testname": "DC", "cornername": "Nominal"}
[2026-04-16 17:49:38.168 Z] [WARN] [cadence.virtuoso.ade.simulationMonitor] -     WARNING (SPECTRE-16460): SOAC_cvart_vspsub:Specified subcircuit master `cvart' was not found. {"history": "Interactive.33", "point": 1, "testname": "DC", "cornername": "Nominal"}
[2026-04-16 17:49:38.168 Z] [WARN] [cadence.virtuoso.ade.simulationMonitor] -     WARNING (SPECTRE-16462): SOAC_cvart_vspsub:Error in specification of subcircuit master. Assert is ignored. {"history": "Interactive.33", "point": 1, "testname": "DC", "cornername": "Nominal"}
[2026-04-16 17:49:38.168 Z] [WARN] [cadence.virtuoso.ade.simulationMonitor] -     WARNING (SPECTRE-16460): SOAC_cvart_vbs:Specified subcircuit master `cvart' was not found.
        Further occurrences of this warning will be suppressed. {"history": "Interactive.33", "point": 1, "testname": "DC", "cornername": "Nominal"}
[2026-04-16 17:49:38.168 Z] [WARN] [cadence.virtuoso.ade.simulationMonitor] -     WARNING (SPECTRE-16462): SOAC_cvart_vbs:Error in specification of subcircuit master. Assert is ignored.
        Further occurrences of this warning will be suppressed. {"history": "Interactive.33", "point": 1, "testname": "DC", "cornername": "Nominal"}
[2026-04-16 17:49:38.168 Z] [WARN] [cadence.virtuoso.ade.simulationMonitor] -     WARNING (SPECTRE-17607): Assert `SOAC_cvar_vspsub' is ignored because it contains an expression which is invalid or not supported by native evaluator. 
        Further occurrences of this warning will be suppressed. {"history": "Interactive.33", "point": 1, "testname": "DC", "cornername": "Nominal"}
[2026-04-16 17:49:39.371 Z] [INFO] [cadence.virtuoso.ade.simulationMonitor] - Notice from spectre during topology check.
    Only one connection to the following 2 nodes:
        net8
        net5
    No DC path from node `I0.net6' to ground, Gmin installed to provide path. {"history": "Interactive.33", "point": 1, "testname": "DC", "cornername": "Nominal"}
[2026-04-16 17:49:39.371 Z] [INFO] [cadence.virtuoso.ade.simulationMonitor] - Notice from spectre during initial setup.
    Multithreading is disabled due to the size of the design being too small. {"history": "Interactive.33", "point": 1, "testname": "DC", "cornername": "Nominal"}
[2026-04-16 17:49:39.371 Z] [INFO] [cadence.virtuoso.ade.simulationMonitor] -               nodes 78 {"history": "Interactive.33", "point": 1, "testname": "DC", "cornername": "Nominal"}
[2026-04-16 17:49:39.371 Z] [INFO] [cadence.virtuoso.ade.simulationMonitor] - Notice from spectre during initial setup.
    Spectre X preset=mx enabled.
    I0.R3.CS0 of rpolyhc: `ceff' has the unusually small value of 368.192e-21 F.
        Further occurrences of this notice will be suppressed. {"history": "Interactive.33", "point": 1, "testname": "DC", "cornername": "Nominal"}
[2026-04-16 17:49:39.371 Z] [WARN] [cadence.virtuoso.ade.simulationMonitor] -     WARNING (CMI-2425): I0.C0<0>_turbo_m4: `Acde' = 2.393 is unusually large.
        Further occurrences of this warning will be suppressed. {"history": "Interactive.33", "point": 1, "testname": "DC", "cornername": "Nominal"}
[2026-04-16 17:49:39.371 Z] [WARN] [cadence.virtuoso.ade.simulationMonitor] -     WARNING (CMI-2424): I0.C0<0>_turbo_m4: `Voffcv' = -867.4e-03 is unusually small. {"history": "Interactive.33", "point": 1, "testname": "DC", "cornername": "Nominal"}
[2026-04-16 17:49:39.371 Z] [INFO] [cadence.virtuoso.ade.simulationMonitor] - Notice from spectre.
    2 notices suppressed.
    79 warnings suppressed. {"history": "Interactive.33", "point": 1, "testname": "DC", "cornername": "Nominal"}
[2026-04-16 17:49:39.371 Z] [INFO] [cadence.virtuoso.ade.simulationMonitor] - Peak resident memory used = 202 Mbytes. {"history": "Interactive.33", "point": 1, "testname": "DC", "cornername": "Nominal"}
[2026-04-16 17:49:39.371 Z] [INFO] [cadence.virtuoso.ade.simulationMonitor] -    -   (Spectre X) Multi-threading. The recommended number of threads is 1, consider adding +mt=1 on command line. {"history": "Interactive.33", "point": 1, "testname": "DC", "cornername": "Nominal"}
[2026-04-16 17:49:39.371 Z] [INFO] [cadence.virtuoso.ade.simulationMonitor] - Notice from spectre during DC analysis `dcOp'.
    No checklimit analysis defined for asserts. A default checklimit analysis 'SpectreChecklimitAnal' has been created with all asserts enabled. {"history": "Interactive.33", "point": 1, "testname": "DC", "cornername": "Nominal"}
[2026-04-16 17:49:39.371 Z] [INFO] [cadence.virtuoso.ade.simulationMonitor] - Notice from spectre during DC analysis `dcOp'.
    GminDC = 1 pS is large enough to noticeably affect the DC solution.
        dV(I1.net10) = 24.4177 mV
        Use the `gmin_check' option to eliminate or expand this report. {"history": "Interactive.33", "point": 1, "testname": "DC", "cornername": "Nominal"}
[2026-04-16 17:49:39.371 Z] [WARN] [cadence.virtuoso.ade.simulationMonitor] -     WARNING (CMI-2943): Parameter checks have been ignored because the valid value for parameter 'trise' could not be found in 'C0'. {"history": "Interactive.33", "point": 1, "testname": "DC", "cornername": "Nominal"}
[2026-04-16 17:49:39.371 Z] [WARN] [cadence.virtuoso.ade.simulationMonitor] -     WARNING (CMI-2943): Parameter checks have been ignored because the valid value for parameter 'trise' could not be found in 'I0.R3.CM'. {"history": "Interactive.33", "point": 1, "testname": "DC", "cornername": "Nominal"}
[2026-04-16 17:49:39.371 Z] [WARN] [cadence.virtuoso.ade.simulationMonitor] -     WARNING (CMI-2943): Parameter checks have been ignored because the valid value for parameter 'trise' could not be found in 'I0.R3.CS0'. {"history": "Interactive.33", "point": 1, "testname": "DC", "cornername": "Nominal"}
[2026-04-16 17:49:39.371 Z] [WARN] [cadence.virtuoso.ade.simulationMonitor] -     WARNING (CMI-2943): Parameter checks have been ignored because the valid value for parameter 'trise' could not be found in 'I0.R4.CM'. {"history": "Interactive.33", "point": 1, "testname": "DC", "cornername": "Nominal"}
[2026-04-16 17:49:39.371 Z] [WARN] [cadence.virtuoso.ade.simulationMonitor] -     WARNING (CMI-2943): Parameter checks have been ignored because the valid value for parameter 'trise' could not be found in 'I0.R4.CS1'.
        Further occurrences of this warning will be suppressed. {"history": "Interactive.33", "point": 1, "testname": "DC", "cornername": "Nominal"}
[2026-04-16 17:49:39.371 Z] [INFO] [cadence.virtuoso.ade.simulationMonitor] - Total time required for dc analysis `dcOp': CPU = 46.248 ms, elapsed = 57.7152 ms, util. = 80.1%. {"history": "Interactive.33", "point": 1, "testname": "DC", "cornername": "Nominal"}
[2026-04-16 17:49:39.371 Z] [INFO] [cadence.virtuoso.ade.simulationMonitor] - Peak resident memory used = 210 Mbytes. {"history": "Interactive.33", "point": 1, "testname": "DC", "cornername": "Nominal"}
[2026-04-16 17:49:39.371 Z] [INFO] [cadence.virtuoso.ade.simulationMonitor] - Notice from spectre.
    18 warnings suppressed. {"history": "Interactive.33", "point": 1, "testname": "DC", "cornername": "Nominal"}
[2026-04-16 17:49:39.371 Z] [WARN] [cadence.virtuoso.ade.simulationMonitor] -     WARNING (CMI-2425): I0.C0<0>_turbo_m4: `Acde' = 2.393 is unusually large. {"history": "Interactive.33", "point": 1, "testname": "DC", "cornername": "Nominal"}
[2026-04-16 17:49:39.371 Z] [WARN] [cadence.virtuoso.ade.simulationMonitor] -     WARNING (CMI-2425): I0.C0<0>_turbo_m4: `Noff' = 4.732 is unusually large. {"history": "Interactive.33", "point": 1, "testname": "DC", "cornername": "Nominal"}
[2026-04-16 17:49:39.371 Z] [WARN] [cadence.virtuoso.ade.simulationMonitor] -     WARNING (CMI-2424): I0.C0<0>_turbo_m4: `Voffcv' = -867.4e-03 is unusually small. {"history": "Interactive.33", "point": 1, "testname": "DC", "cornername": "Nominal"}
[2026-04-16 17:49:39.371 Z] [INFO] [cadence.virtuoso.ade.simulationMonitor] - Notice from spectre during DC analysis, during XF analysis `xf'.
    GminDC = 1 pS is large enough to noticeably affect the DC solution.
        dV(I0.MN4:int_s) = 1.98965 uV
        Use the `gmin_check' option to eliminate or expand this report.
    Bad pivoting is found during DC analysis. Option dc_pivot_check=yes is recommended for possible improvement of convergence. {"history": "Interactive.33", "point": 1, "testname": "DC", "cornername": "Nominal"}
[2026-04-16 17:49:39.371 Z] [WARN] [cadence.virtuoso.ade.simulationMonitor] -     WARNING (CMI-2943): Parameter checks have been ignored because the valid value for parameter 'trise' could not be found in 'C0'. {"history": "Interactive.33", "point": 1, "testname": "DC", "cornername": "Nominal"}
[2026-04-16 17:49:39.371 Z] [WARN] [cadence.virtuoso.ade.simulationMonitor] -     WARNING (CMI-2943): Parameter checks have been ignored because the valid value for parameter 'trise' could not be found in 'I0.R3.CM'. {"history": "Interactive.33", "point": 1, "testname": "DC", "cornername": "Nominal"}
[2026-04-16 17:49:39.371 Z] [WARN] [cadence.virtuoso.ade.simulationMonitor] -     WARNING (CMI-2943): Parameter checks have been ignored because the valid value for parameter 'trise' could not be found in 'I0.R3.CS0'. {"history": "Interactive.33", "point": 1, "testname": "DC", "cornername": "Nominal"}
[2026-04-16 17:49:39.371 Z] [WARN] [cadence.virtuoso.ade.simulationMonitor] -     WARNING (CMI-2943): Parameter checks have been ignored because the valid value for parameter 'trise' could not be found in 'I0.R4.CM'. {"history": "Interactive.33", "point": 1, "testname": "DC", "cornername": "Nominal"}
[2026-04-16 17:49:39.371 Z] [WARN] [cadence.virtuoso.ade.simulationMonitor] -     WARNING (CMI-2943): Parameter checks have been ignored because the valid value for parameter 'trise' could not be found in 'I0.R4.CS1'.
        Further occurrences of this warning will be suppressed. {"history": "Interactive.33", "point": 1, "testname": "DC", "cornername": "Nominal"}
[2026-04-16 17:49:39.371 Z] [INFO] [cadence.virtuoso.ade.simulationMonitor] - Total time required for xf analysis `xf': CPU = 15.18 ms, elapsed = 19.0132 ms, util. = 79.8%. {"history": "Interactive.33", "point": 1, "testname": "DC", "cornername": "Nominal"}
[2026-04-16 17:49:39.371 Z] [INFO] [cadence.virtuoso.ade.simulationMonitor] - Peak resident memory used = 210 Mbytes. {"history": "Interactive.33", "point": 1, "testname": "DC", "cornername": "Nominal"}
[2026-04-16 17:49:39.371 Z] [INFO] [cadence.virtuoso.ade.simulationMonitor] - Notice from spectre.
    18 warnings suppressed. {"history": "Interactive.33", "point": 1, "testname": "DC", "cornername": "Nominal"}
[2026-04-16 17:49:39.371 Z] [WARN] [cadence.virtuoso.ade.simulationMonitor] -     WARNING (CMI-2425): I0.C0<0>_turbo_m4: `Acde' = 2.393 is unusually large. {"history": "Interactive.33", "point": 1, "testname": "DC", "cornername": "Nominal"}
[2026-04-16 17:49:39.371 Z] [WARN] [cadence.virtuoso.ade.simulationMonitor] -     WARNING (CMI-2425): I0.C0<0>_turbo_m4: `Noff' = 4.732 is unusually large. {"history": "Interactive.33", "point": 1, "testname": "DC", "cornername": "Nominal"}
[2026-04-16 17:49:39.371 Z] [WARN] [cadence.virtuoso.ade.simulationMonitor] -     WARNING (CMI-2424): I0.C0<0>_turbo_m4: `Voffcv' = -867.4e-03 is unusually small. {"history": "Interactive.33", "point": 1, "testname": "DC", "cornername": "Nominal"}
[2026-04-16 17:49:39.371 Z] [WARN] [cadence.virtuoso.ade.simulationMonitor] -     WARNING (CMI-2425): I0.C0<0>_dummy: `Acde' = 2.393 is unusually large. {"history": "Interactive.33", "point": 1, "testname": "DC", "cornername": "Nominal"}
[2026-04-16 17:49:39.371 Z] [WARN] [cadence.virtuoso.ade.simulationMonitor] -     WARNING (CMI-2425): I0.C0<0>_dummy: `Noff' = 4.732 is unusually large. {"history": "Interactive.33", "point": 1, "testname": "DC", "cornername": "Nominal"}
[2026-04-16 17:49:39.371 Z] [WARN] [cadence.virtuoso.ade.simulationMonitor] -     WARNING (CMI-2424): I0.C0<0>_dummy: `Voffcv' = -867.4e-03 is unusually small. {"history": "Interactive.33", "point": 1, "testname": "DC", "cornername": "Nominal"}
[2026-04-16 17:49:39.371 Z] [INFO] [cadence.virtuoso.ade.simulationMonitor] - Time used: CPU = 269 ms, elapsed = 531 ms, util. = 50.6%. {"history": "Interactive.33", "point": 1, "testname": "DC", "cornername": "Nominal"}
[2026-04-16 17:49:39.371 Z] [INFO] [cadence.virtuoso.ade.simulationMonitor] - Time spent in licensing: elapsed = 41.7 ms, percentage of total = 7.85%. {"history": "Interactive.33", "point": 1, "testname": "DC", "cornername": "Nominal"}
[2026-04-16 17:49:39.371 Z] [INFO] [cadence.virtuoso.ade.simulationMonitor] - Peak memory used = 211 Mbytes. {"history": "Interactive.33", "point": 1, "testname": "DC", "cornername": "Nominal"}
[2026-04-16 17:49:39.371 Z] [PROCESS] [cadence.virtuoso.ade.simulationMonitor] - Simulation started at: 5:49:38 PM, Thur Apr 16, 2026, ended at: 5:49:38 PM, Thur Apr 16, 2026, with elapsed time (wall clock): 531 ms. {"history": "Interactive.33", "point": 1, "testname": "DC", "cornername": "Nominal"}
[2026-04-16 17:49:39.371 Z] [PROCESS] [cadence.virtuoso.ade.simulationMonitor] - spectre completes with 0 errors, 56 warnings, and 22 notices. {"history": "Interactive.33", "point": 1, "testname": "DC", "cornername": "Nominal"}
[2026-04-16 17:49:39.371 Z] [PROCESS] [cadence.virtuoso.ade.simulationMonitor] - Finished simulating for one point {"hostname": "edatools", "processid": 2811163, "history": "Interactive.33", "testname": "DC", "cornername": "Nominal", "point": 1, "logfile": "/home/saul/projects/IL2244_VT26_SAUL/logs_saul/logs0/Job234.log", "simid": "2"}
[2026-04-16 17:49:39.371 Z] [PROCESS] [cadence.virtuoso.ade.simulationMonitor] - Simulator exited {"hostname": "edatools", "processid": 2811163, "history": "Interactive.33", "testname": "DC", "cornername": "Nominal", "point": 1, "logfile": "/home/saul/projects/IL2244_VT26_SAUL/logs_saul/logs0/Job234.log", "exitStatus": "0"}
[2026-04-16 17:49:39.371 Z] [PROCESS] [cadence.virtuoso.ade.simulationMonitor] - Finished Simulation {"hostname": "edatools", "processid": 2811163, "history": "Interactive.33", "testname": "DC", "cornername": "Nominal", "point": 1, "logfile": "/home/saul/projects/IL2244_VT26_SAUL/logs_saul/logs0/Job234.log", "simid": "2"}
[2026-04-16 17:49:41.385 Z] [PROCESS] [cadence.virtuoso.ade.simulationMonitor] - Point Finished {"hostname": "edatools", "processid": 2811163, "history": "Interactive.33", "testname": "DC", "cornername": "Nominal", "point": 1, "logfile": "/home/saul/projects/IL2244_VT26_SAUL/logs_saul/logs0/Job234.log"}
[2026-04-16 17:49:43.434 Z] [PROCESS] [cadence.virtuoso.ade.simulationMonitor] - Stay with the runId '34', Linger time '300', currentRunSyn '82', currentTestSyn '77' {"hostname": "edatools", "processid": 2811163, "history": "Interactive.33", "testname": "DC", "cornername": "Nominal", "point": 1, "logfile": "/home/saul/projects/IL2244_VT26_SAUL/logs_saul/logs0/Job234.log"}
[2026-04-16 17:49:44.437 Z] [PROCESS] [cadence.virtuoso.ade.simulationMonitor] - Stay with the runId '34', Linger time '300', currentRunSyn '82', currentTestSyn '77' {"hostname": "edatools", "processid": 2811163, "history": "Interactive.33", "testname": "DC", "cornername": "Nominal", "point": 1, "logfile": "/home/saul/projects/IL2244_VT26_SAUL/logs_saul/logs0/Job234.log"}
[2026-04-16 17:49:45.436 Z] [PROCESS] [cadence.virtuoso.ade.simulationMonitor] - Stay with the runId '34', Linger time '300', currentRunSyn '82', currentTestSyn '77' {"hostname": "edatools", "processid": 2811163, "history": "Interactive.33", "testname": "DC", "cornername": "Nominal", "point": 1, "logfile": "/home/saul/projects/IL2244_VT26_SAUL/logs_saul/logs0/Job234.log"}
[2026-04-16 17:49:46.436 Z] [PROCESS] [cadence.virtuoso.ade.simulationMonitor] - Stay with the runId '34', Linger time '300', currentRunSyn '82', currentTestSyn '77' {"hostname": "edatools", "processid": 2811163, "history": "Interactive.33", "testname": "DC", "cornername": "Nominal", "point": 1, "logfile": "/home/saul/projects/IL2244_VT26_SAUL/logs_saul/logs0/Job234.log"}
[2026-04-16 17:49:47.436 Z] [PROCESS] [cadence.virtuoso.ade.simulationMonitor] - Stay with the runId '34', Linger time '300', currentRunSyn '82', currentTestSyn '77' {"hostname": "edatools", "processid": 2811163, "history": "Interactive.33", "testname": "DC", "cornername": "Nominal", "point": 1, "logfile": "/home/saul/projects/IL2244_VT26_SAUL/logs_saul/logs0/Job234.log"}
[2026-04-16 17:49:48.440 Z] [PROCESS] [cadence.virtuoso.ade.simulationMonitor] - Stay with the runId '34', Linger time '300', currentRunSyn '82', currentTestSyn '77' {"hostname": "edatools", "processid": 2811163, "history": "Interactive.33", "testname": "DC", "cornername": "Nominal", "point": 1, "logfile": "/home/saul/projects/IL2244_VT26_SAUL/logs_saul/logs0/Job234.log"}
[2026-04-16 17:49:49.443 Z] [PROCESS] [cadence.virtuoso.ade.simulationMonitor] - Stay with the runId '34', Linger time '300', currentRunSyn '82', currentTestSyn '77' {"hostname": "edatools", "processid": 2811163, "history": "Interactive.33", "testname": "DC", "cornername": "Nominal", "point": 1, "logfile": "/home/saul/projects/IL2244_VT26_SAUL/logs_saul/logs0/Job234.log"}
[2026-04-16 17:49:50.439 Z] [PROCESS] [cadence.virtuoso.ade.simulationMonitor] - Stay with the runId '34', Linger time '300', currentRunSyn '82', currentTestSyn '77' {"hostname": "edatools", "processid": 2811163, "history": "Interactive.33", "testname": "DC", "cornername": "Nominal", "point": 1, "logfile": "/home/saul/projects/IL2244_VT26_SAUL/logs_saul/logs0/Job234.log"}
[2026-04-16 17:49:51.440 Z] [PROCESS] [cadence.virtuoso.ade.simulationMonitor] - Stay with the runId '34', Linger time '300', currentRunSyn '82', currentTestSyn '77' {"hostname": "edatools", "processid": 2811163, "history": "Interactive.33", "testname": "DC", "cornername": "Nominal", "point": 1, "logfile": "/home/saul/projects/IL2244_VT26_SAUL/logs_saul/logs0/Job234.log"}
[2026-04-16 17:49:52.440 Z] [PROCESS] [cadence.virtuoso.ade.simulationMonitor] - Stay with the runId '34', Linger time '300', currentRunSyn '82', currentTestSyn '77' {"hostname": "edatools", "processid": 2811163, "history": "Interactive.33", "testname": "DC", "cornername": "Nominal", "point": 1, "logfile": "/home/saul/projects/IL2244_VT26_SAUL/logs_saul/logs0/Job234.log"}
[2026-04-16 17:49:53.444 Z] [PROCESS] [cadence.virtuoso.ade.simulationMonitor] - Stay with the runId '34', Linger time '300', currentRunSyn '82', currentTestSyn '77' {"hostname": "edatools", "processid": 2811163, "history": "Interactive.33", "testname": "DC", "cornername": "Nominal", "point": 1, "logfile": "/home/saul/projects/IL2244_VT26_SAUL/logs_saul/logs0/Job234.log"}
[2026-04-16 17:49:54.446 Z] [PROCESS] [cadence.virtuoso.ade.simulationMonitor] - Stay with the runId '34', Linger time '300', currentRunSyn '82', currentTestSyn '77' {"hostname": "edatools", "processid": 2811163, "history": "Interactive.33", "testname": "DC", "cornername": "Nominal", "point": 1, "logfile": "/home/saul/projects/IL2244_VT26_SAUL/logs_saul/logs0/Job234.log"}
[2026-04-16 17:49:55.444 Z] [PROCESS] [cadence.virtuoso.ade.simulationMonitor] - Stay with the runId '34', Linger time '300', currentRunSyn '82', currentTestSyn '77' {"hostname": "edatools", "processid": 2811163, "history": "Interactive.33", "testname": "DC", "cornername": "Nominal", "point": 1, "logfile": "/home/saul/projects/IL2244_VT26_SAUL/logs_saul/logs0/Job234.log"}
[2026-04-16 17:49:56.445 Z] [PROCESS] [cadence.virtuoso.ade.simulationMonitor] - Stay with the runId '34', Linger time '300', currentRunSyn '82', currentTestSyn '77' {"hostname": "edatools", "processid": 2811163, "history": "Interactive.33", "testname": "DC", "cornername": "Nominal", "point": 1, "logfile": "/home/saul/projects/IL2244_VT26_SAUL/logs_saul/logs0/Job234.log"}
[2026-04-16 17:49:57.445 Z] [PROCESS] [cadence.virtuoso.ade.simulationMonitor] - Stay with the runId '34', Linger time '300', currentRunSyn '82', currentTestSyn '77' {"hostname": "edatools", "processid": 2811163, "history": "Interactive.33", "testname": "DC", "cornername": "Nominal", "point": 1, "logfile": "/home/saul/projects/IL2244_VT26_SAUL/logs_saul/logs0/Job234.log"}
[2026-04-16 17:49:58.446 Z] [PROCESS] [cadence.virtuoso.ade.simulationMonitor] - Stay with the runId '34', Linger time '300', currentRunSyn '82', currentTestSyn '77' {"hostname": "edatools", "processid": 2811163, "history": "Interactive.33", "testname": "DC", "cornername": "Nominal", "point": 1, "logfile": "/home/saul/projects/IL2244_VT26_SAUL/logs_saul/logs0/Job234.log"}
[2026-04-16 17:49:59.448 Z] [PROCESS] [cadence.virtuoso.ade.simulationMonitor] - Stay with the runId '34', Linger time '300', currentRunSyn '82', currentTestSyn '77' {"hostname": "edatools", "processid": 2811163, "history": "Interactive.33", "testname": "DC", "cornername": "Nominal", "point": 1, "logfile": "/home/saul/projects/IL2244_VT26_SAUL/logs_saul/logs0/Job234.log"}
[2026-04-16 17:50:00.447 Z] [PROCESS] [cadence.virtuoso.ade.simulationMonitor] - Stay with the runId '34', Linger time '300', currentRunSyn '82', currentTestSyn '77' {"hostname": "edatools", "processid": 2811163, "history": "Interactive.33", "testname": "DC", "cornername": "Nominal", "point": 1, "logfile": "/home/saul/projects/IL2244_VT26_SAUL/logs_saul/logs0/Job234.log"}
[2026-04-16 17:50:01.451 Z] [PROCESS] [cadence.virtuoso.ade.simulationMonitor] - Stay with the runId '34', Linger time '300', currentRunSyn '82', currentTestSyn '77' {"hostname": "edatools", "processid": 2811163, "history": "Interactive.33", "testname": "DC", "cornername": "Nominal", "point": 1, "logfile": "/home/saul/projects/IL2244_VT26_SAUL/logs_saul/logs0/Job234.log"}
[2026-04-16 17:50:02.449 Z] [PROCESS] [cadence.virtuoso.ade.simulationMonitor] - Stay with the runId '34', Linger time '300', currentRunSyn '82', currentTestSyn '77' {"hostname": "edatools", "processid": 2811163, "history": "Interactive.33", "testname": "DC", "cornername": "Nominal", "point": 1, "logfile": "/home/saul/projects/IL2244_VT26_SAUL/logs_saul/logs0/Job234.log"}
[2026-04-16 17:50:03.450 Z] [PROCESS] [cadence.virtuoso.ade.simulationMonitor] - Stay with the runId '34', Linger time '300', currentRunSyn '82', currentTestSyn '77' {"hostname": "edatools", "processid": 2811163, "history": "Interactive.33", "testname": "DC", "cornername": "Nominal", "point": 1, "logfile": "/home/saul/projects/IL2244_VT26_SAUL/logs_saul/logs0/Job234.log"}
[2026-04-16 17:50:04.452 Z] [PROCESS] [cadence.virtuoso.ade.simulationMonitor] - Stay with the runId '34', Linger time '300', currentRunSyn '82', currentTestSyn '77' {"hostname": "edatools", "processid": 2811163, "history": "Interactive.33", "testname": "DC", "cornername": "Nominal", "point": 1, "logfile": "/home/saul/projects/IL2244_VT26_SAUL/logs_saul/logs0/Job234.log"}
[2026-04-16 17:50:05.452 Z] [PROCESS] [cadence.virtuoso.ade.simulationMonitor] - Stay with the runId '34', Linger time '300', currentRunSyn '82', currentTestSyn '77' {"hostname": "edatools", "processid": 2811163, "history": "Interactive.33", "testname": "DC", "cornername": "Nominal", "point": 1, "logfile": "/home/saul/projects/IL2244_VT26_SAUL/logs_saul/logs0/Job234.log"}
[2026-04-16 17:50:06.453 Z] [PROCESS] [cadence.virtuoso.ade.simulationMonitor] - Stay with the runId '34', Linger time '300', currentRunSyn '82', currentTestSyn '77' {"hostname": "edatools", "processid": 2811163, "history": "Interactive.33", "testname": "DC", "cornername": "Nominal", "point": 1, "logfile": "/home/saul/projects/IL2244_VT26_SAUL/logs_saul/logs0/Job234.log"}
[2026-04-16 17:50:07.454 Z] [PROCESS] [cadence.virtuoso.ade.simulationMonitor] - Stay with the runId '34', Linger time '300', currentRunSyn '82', currentTestSyn '77' {"hostname": "edatools", "processid": 2811163, "history": "Interactive.33", "testname": "DC", "cornername": "Nominal", "point": 1, "logfile": "/home/saul/projects/IL2244_VT26_SAUL/logs_saul/logs0/Job234.log"}
[2026-04-16 17:50:08.456 Z] [PROCESS] [cadence.virtuoso.ade.simulationMonitor] - Stay with the runId '34', Linger time '300', currentRunSyn '82', currentTestSyn '77' {"hostname": "edatools", "processid": 2811163, "history": "Interactive.33", "testname": "DC", "cornername": "Nominal", "point": 1, "logfile": "/home/saul/projects/IL2244_VT26_SAUL/logs_saul/logs0/Job234.log"}
[2026-04-16 17:50:09.456 Z] [PROCESS] [cadence.virtuoso.ade.simulationMonitor] - Stay with the runId '34', Linger time '300', currentRunSyn '82', currentTestSyn '77' {"hostname": "edatools", "processid": 2811163, "history": "Interactive.33", "testname": "DC", "cornername": "Nominal", "point": 1, "logfile": "/home/saul/projects/IL2244_VT26_SAUL/logs_saul/logs0/Job234.log"}
[2026-04-16 17:50:10.458 Z] [PROCESS] [cadence.virtuoso.ade.simulationMonitor] - Stay with the runId '34', Linger time '300', currentRunSyn '82', currentTestSyn '77' {"hostname": "edatools", "processid": 2811163, "history": "Interactive.33", "testname": "DC", "cornername": "Nominal", "point": 1, "logfile": "/home/saul/projects/IL2244_VT26_SAUL/logs_saul/logs0/Job234.log"}
[2026-04-16 17:50:11.458 Z] [PROCESS] [cadence.virtuoso.ade.simulationMonitor] - Stay with the runId '34', Linger time '300', currentRunSyn '82', currentTestSyn '77' {"hostname": "edatools", "processid": 2811163, "history": "Interactive.33", "testname": "DC", "cornername": "Nominal", "point": 1, "logfile": "/home/saul/projects/IL2244_VT26_SAUL/logs_saul/logs0/Job234.log"}
[2026-04-16 17:50:12.458 Z] [PROCESS] [cadence.virtuoso.ade.simulationMonitor] - Stay with the runId '34', Linger time '300', currentRunSyn '82', currentTestSyn '77' {"hostname": "edatools", "processid": 2811163, "history": "Interactive.33", "testname": "DC", "cornername": "Nominal", "point": 1, "logfile": "/home/saul/projects/IL2244_VT26_SAUL/logs_saul/logs0/Job234.log"}
[2026-04-16 17:50:13.460 Z] [PROCESS] [cadence.virtuoso.ade.simulationMonitor] - Stay with the runId '34', Linger time '300', currentRunSyn '82', currentTestSyn '77' {"hostname": "edatools", "processid": 2811163, "history": "Interactive.33", "testname": "DC", "cornername": "Nominal", "point": 1, "logfile": "/home/saul/projects/IL2244_VT26_SAUL/logs_saul/logs0/Job234.log"}
[2026-04-16 17:50:14.460 Z] [PROCESS] [cadence.virtuoso.ade.simulationMonitor] - Stay with the runId '34', Linger time '300', currentRunSyn '82', currentTestSyn '77' {"hostname": "edatools", "processid": 2811163, "history": "Interactive.33", "testname": "DC", "cornername": "Nominal", "point": 1, "logfile": "/home/saul/projects/IL2244_VT26_SAUL/logs_saul/logs0/Job234.log"}
[2026-04-16 17:50:15.462 Z] [PROCESS] [cadence.virtuoso.ade.simulationMonitor] - Stay with the runId '34', Linger time '300', currentRunSyn '82', currentTestSyn '77' {"hostname": "edatools", "processid": 2811163, "history": "Interactive.33", "testname": "DC", "cornername": "Nominal", "point": 1, "logfile": "/home/saul/projects/IL2244_VT26_SAUL/logs_saul/logs0/Job234.log"}
[2026-04-16 17:50:16.459 Z] [PROCESS] [cadence.virtuoso.ade.simulationMonitor] - Stay with the runId '34', Linger time '300', currentRunSyn '82', currentTestSyn '77' {"hostname": "edatools", "processid": 2811163, "history": "Interactive.33", "testname": "DC", "cornername": "Nominal", "point": 1, "logfile": "/home/saul/projects/IL2244_VT26_SAUL/logs_saul/logs0/Job234.log"}
[2026-04-16 17:50:17.463 Z] [PROCESS] [cadence.virtuoso.ade.simulationMonitor] - Stay with the runId '34', Linger time '300', currentRunSyn '82', currentTestSyn '77' {"hostname": "edatools", "processid": 2811163, "history": "Interactive.33", "testname": "DC", "cornername": "Nominal", "point": 1, "logfile": "/home/saul/projects/IL2244_VT26_SAUL/logs_saul/logs0/Job234.log"}
[2026-04-16 17:50:18.463 Z] [PROCESS] [cadence.virtuoso.ade.simulationMonitor] - Stay with the runId '34', Linger time '300', currentRunSyn '82', currentTestSyn '77' {"hostname": "edatools", "processid": 2811163, "history": "Interactive.33", "testname": "DC", "cornername": "Nominal", "point": 1, "logfile": "/home/saul/projects/IL2244_VT26_SAUL/logs_saul/logs0/Job234.log"}
[2026-04-16 17:50:19.463 Z] [PROCESS] [cadence.virtuoso.ade.simulationMonitor] - Stay with the runId '34', Linger time '300', currentRunSyn '82', currentTestSyn '77' {"hostname": "edatools", "processid": 2811163, "history": "Interactive.33", "testname": "DC", "cornername": "Nominal", "point": 1, "logfile": "/home/saul/projects/IL2244_VT26_SAUL/logs_saul/logs0/Job234.log"}
[2026-04-16 17:50:20.465 Z] [PROCESS] [cadence.virtuoso.ade.simulationMonitor] - Stay with the runId '34', Linger time '300', currentRunSyn '82', currentTestSyn '77' {"hostname": "edatools", "processid": 2811163, "history": "Interactive.33", "testname": "DC", "cornername": "Nominal", "point": 1, "logfile": "/home/saul/projects/IL2244_VT26_SAUL/logs_saul/logs0/Job234.log"}
[2026-04-16 17:50:21.470 Z] [PROCESS] [cadence.virtuoso.ade.simulationMonitor] - Stay with the runId '34', Linger time '300', currentRunSyn '82', currentTestSyn '77' {"hostname": "edatools", "processid": 2811163, "history": "Interactive.33", "testname": "DC", "cornername": "Nominal", "point": 1, "logfile": "/home/saul/projects/IL2244_VT26_SAUL/logs_saul/logs0/Job234.log"}
[2026-04-16 17:50:22.468 Z] [PROCESS] [cadence.virtuoso.ade.simulationMonitor] - Stay with the runId '34', Linger time '300', currentRunSyn '82', currentTestSyn '77' {"hostname": "edatools", "processid": 2811163, "history": "Interactive.33", "testname": "DC", "cornername": "Nominal", "point": 1, "logfile": "/home/saul/projects/IL2244_VT26_SAUL/logs_saul/logs0/Job234.log"}
[2026-04-16 17:50:23.467 Z] [PROCESS] [cadence.virtuoso.ade.simulationMonitor] - Stay with the runId '34', Linger time '300', currentRunSyn '82', currentTestSyn '77' {"hostname": "edatools", "processid": 2811163, "history": "Interactive.33", "testname": "DC", "cornername": "Nominal", "point": 1, "logfile": "/home/saul/projects/IL2244_VT26_SAUL/logs_saul/logs0/Job234.log"}
[2026-04-16 17:50:24.100 Z] [PROCESS] [cadence.virtuoso.ade.simulationMonitor] - get signal Terminated<15> from user:saul, which pid:2811161:/opt/tools/cadence/installs/IC618/tools/bin/64bit/cdsServIpc {"hostname": "edatools", "processid": 2811163, "history": "Interactive.33", "testname": "DC", "cornername": "Nominal", "point": 1, "logfile": "/home/saul/projects/IL2244_VT26_SAUL/logs_saul/logs0/Job234.log", "signal": "15", "signalName": "Terminated", "which": "/opt/tools/cadence/installs/IC618/tools/bin/64bit/cdsServIpc", "pid": "2811161", "user": "saul", "uid": "1000"}
[2026-04-16 17:50:24.100 Z] [INFO] [cadence.virtuoso.ade.simulationMonitor] - SimulationMonitor has terminated the  process '2811792', reason: 'simulationMonitor is handling signal 15' {"history": "Interactive.33", "point": 1, "testname": "DC", "cornername": "Nominal"}
[2026-04-16 17:50:24.100 Z] [PROCESS] [cadence.virtuoso.ade.simulationMonitor] - Current memory used: 52.9688 MBytes, peak memory used: 52.9688 MBytes {"hostname": "edatools", "processid": 2811163, "history": "Interactive.33", "testname": "DC", "cornername": "Nominal", "point": 1, "logfile": "/home/saul/projects/IL2244_VT26_SAUL/logs_saul/logs0/Job234.log"}
[2026-04-16 17:50:24.100 Z] [PROCESS] [cadence.virtuoso.ade.simulationMonitor] - Simulation Monitor process exit. {"hostname": "edatools", "processid": 2811163, "history": "Interactive.33", "testname": "DC", "cornername": "Nominal", "point": 1, "logfile": "/home/saul/projects/IL2244_VT26_SAUL/logs_saul/logs0/Job234.log"}
