[Simulation Monitor: 29]
[2026-04-09 08:21:24.233 Z] [PROCESS] [cadence.virtuoso.ade.simulationMonitor] - Simulation Monitor has successfully started up. Trying to set up communication channels to other components ... {"hostname": "edatools", "processid": 106695, "logfile": "/home/saul/projects/IL2244_VT26_SAUL/logs_saul/logs0/Job29.log"}
[2026-04-09 08:21:24.233 Z] [PROCESS] [cadence.virtuoso.ade.simulationMonitor] - Communication channels have been successfully set up. Start processing events ... {"hostname": "edatools", "processid": 106695, "logfile": "/home/saul/projects/IL2244_VT26_SAUL/logs_saul/logs0/Job29.log"}
[2026-04-09 08:21:24.233 Z] [PROCESS] [cadence.virtuoso.ade.simulationMonitor] - Considering to start history {"hostname": "edatools", "processid": 106695, "history": "ExplorerRun.0", "logfile": "/home/saul/projects/IL2244_VT26_SAUL/logs_saul/logs0/Job29.log"}
[2026-04-09 08:21:24.234 Z] [PROCESS] [cadence.virtuoso.ade.simulationMonitor] - HostInfo:
Host name (type):	edatools (x86_64)
Operating system:	Linux 6.17.0-20-generic #20~24.04.1-Ubuntu SMP PREEMPT_DYNAMIC Thu Mar 19 01:28:37 UTC 2 {"hostname": "edatools", "processid": 106695, "history": "ExplorerRun.0", "logfile": "/home/saul/projects/IL2244_VT26_SAUL/logs_saul/logs0/Job29.log", "nodename": "edatools", "domainname": "(none)", "machine": "x86_64", "sysname": "Linux", "release": "6.17.0-20-generic", "version": "#20~24.04.1-Ubuntu SMP PREEMPT_DYNAMIC Thu Mar 19 01:28:37 UTC 2"}
[2026-04-09 08:21:24.235 Z] [PROCESS] [cadence.virtuoso.ade.simulationMonitor] - UsageInfo:
pid=106695
totalPhysicalMemory=62.544991GB,Used=21.214066GB,totalVirtualMemory=70.544987GB,Used=21.214066GB
Cpu: Cores=16, Load average:0.200000,0.090000,0.190000 {"hostname": "edatools", "processid": 106695, "history": "ExplorerRun.0", "logfile": "/home/saul/projects/IL2244_VT26_SAUL/logs_saul/logs0/Job29.log", "pid": "106695", "totalPhysicalMemory": "62.544991", "physicalMemoryUsed": "21.214066", "totalVirtualMemory": "70.544987", "virtualMemoryUsed": "21.214066", "cpuCores": "16", "processes": "1969", "loadAverage1": "0.200000", "loadAverage5": "0.090000", "loadAverage15": "0.190000", "loadAverage1Percent": "0.012500"}
[2026-04-09 08:21:24.235 Z] [EVENT] [cadence.virtuoso.ade.simulationMonitor] - NewPoint {"history": "ExplorerRun.0", "point": 1, "testname": "PSS_VIN", "cornername": "Nominal", "event": "NewPoint", "EventSource": "Simulation Monitor", "HistoryName": "ExplorerRun.0", "logFile": "/home/saul/projects/IL2244_VT26_SAUL/logs_saul/logs0/Job29.log", "logFileSize": "2195"}
[2026-04-09 08:21:24.336 Z] [EVENT] [cadence.virtuoso.ade.simulationMonitor] - NewPoint {"history": "ExplorerRun.0", "point": 1, "testname": "PSS_VIN", "cornername": "Nominal", "event": "NewPoint", "EventSource": "spectre", "HistoryName": "ExplorerRun.0", "logFile": "/home/saul/projects/IL2244_VT26_SAUL/Sim/FECG/fecg_front_end_tb/maestro/results/maestro/ExplorerRun.0/1/PSS_VIN/psf/spectre.out", "logFileSize": "-1"}
[2026-04-09 08:21:24.346 Z] [PROCESS] [cadence.virtuoso.ade.simulationMonitor] - Simulator launched {"hostname": "edatools", "processid": 106695, "history": "ExplorerRun.0", "testname": "PSS_VIN", "cornername": "Nominal", "point": 1, "logfile": "/home/saul/projects/IL2244_VT26_SAUL/logs_saul/logs0/Job29.log", "simid": "1"}
[2026-04-09 08:21:24.347 Z] [PROCESS] [cadence.virtuoso.ade.simulationMonitor] - Expression evaluator launched {"hostname": "edatools", "processid": 106695, "history": "ExplorerRun.0", "testname": "PSS_VIN", "cornername": "Nominal", "point": 1, "logfile": "/home/saul/projects/IL2244_VT26_SAUL/logs_saul/logs0/Job29.log"}
[2026-04-09 08:21:24.379 Z] [PROCESS] [cadence.virtuoso.ade.simulationMonitor] - Started Simulation {"hostname": "edatools", "processid": 106695, "history": "ExplorerRun.0", "testname": "PSS_VIN", "cornername": "Nominal", "point": 1, "logfile": "/home/saul/projects/IL2244_VT26_SAUL/logs_saul/logs0/Job29.log", "event": "started", "task": "simulation"}
[2026-04-09 08:21:24.880 Z] [WARN] [cadence.virtuoso.ade.simulationMonitor] -     WARNING (SPECTRE-8360): line 1511: `ac' is an undefined primitive device. {"history": "ExplorerRun.0", "point": 1, "testname": "PSS_VIN", "cornername": "Nominal"}
[2026-04-09 08:21:24.880 Z] [WARN] [cadence.virtuoso.ade.simulationMonitor] -     WARNING (SPECTRE-8360): line 1512: `ac' is an undefined primitive device. {"history": "ExplorerRun.0", "point": 1, "testname": "PSS_VIN", "cornername": "Nominal"}
[2026-04-09 08:21:24.880 Z] [WARN] [cadence.virtuoso.ade.simulationMonitor] -     WARNING (SPECTRE-8360): line 1513: `ac' is an undefined primitive device. {"history": "ExplorerRun.0", "point": 1, "testname": "PSS_VIN", "cornername": "Nominal"}
[2026-04-09 08:21:24.880 Z] [WARN] [cadence.virtuoso.ade.simulationMonitor] -     WARNING (SPECTRE-8360): line 1514: `ac' is an undefined primitive device. {"history": "ExplorerRun.0", "point": 1, "testname": "PSS_VIN", "cornername": "Nominal"}
[2026-04-09 08:21:24.880 Z] [WARN] [cadence.virtuoso.ade.simulationMonitor] -     WARNING (SPECTRE-8360): line 1515: `ac' is an undefined primitive device.
        Further occurrences of this warning will be suppressed. {"history": "ExplorerRun.0", "point": 1, "testname": "PSS_VIN", "cornername": "Nominal"}
[2026-04-09 08:21:24.880 Z] [WARN] [cadence.virtuoso.ade.simulationMonitor] -     WARNING (VACOMP-2435): The environment variable CDS_AHDLCMI_ENABLE is no longer supported. Therefore, the simulator will use the default compiled C code flow. {"history": "ExplorerRun.0", "point": 1, "testname": "PSS_VIN", "cornername": "Nominal"}
[2026-04-09 08:21:24.880 Z] [INFO] [cadence.virtuoso.ade.simulationMonitor] - Peak resident memory used = 189 Mbytes. {"history": "ExplorerRun.0", "point": 1, "testname": "PSS_VIN", "cornername": "Nominal"}
[2026-04-09 08:21:24.880 Z] [WARN] [cadence.virtuoso.ade.simulationMonitor] -     WARNING (SFE-30): "/opt/pdk/ams/410/spectre/c35/soac/cap.scs" 263: Parameter `l', specified for primitive `cvar_ahdl', has been ignored because it is an invalid instance parameter. Specify a valid instance parameter and rerun the simulation. Type `spectre -h cvar_ahdl' to get more information on valid instance parameters. {"history": "ExplorerRun.0", "point": 1, "testname": "PSS_VIN", "cornername": "Nominal"}
[2026-04-09 08:21:24.880 Z] [WARN] [cadence.virtuoso.ade.simulationMonitor] -     WARNING (SFE-30): "/opt/pdk/ams/410/spectre/c35/soac/cap.scs" 263: Parameter `l', specified for primitive `cvar_ahdl', has been ignored because it is an invalid instance parameter. Specify a valid instance parameter and rerun the simulation. Type `spectre -h cvar_ahdl' to get more information on valid instance parameters. {"history": "ExplorerRun.0", "point": 1, "testname": "PSS_VIN", "cornername": "Nominal"}
[2026-04-09 08:21:24.880 Z] [WARN] [cadence.virtuoso.ade.simulationMonitor] -     WARNING (SFE-30): "/opt/pdk/ams/410/spectre/c35/soac/cap.scs" 263: Parameter `l', specified for primitive `cvar_ahdl', has been ignored because it is an invalid instance parameter. Specify a valid instance parameter and rerun the simulation. Type `spectre -h cvar_ahdl' to get more information on valid instance parameters. {"history": "ExplorerRun.0", "point": 1, "testname": "PSS_VIN", "cornername": "Nominal"}
[2026-04-09 08:21:24.880 Z] [WARN] [cadence.virtuoso.ade.simulationMonitor] -     WARNING (SFE-30): "/opt/pdk/ams/410/spectre/c35/soac/cap.scs" 263: Parameter `l', specified for primitive `cvar_ahdl', has been ignored because it is an invalid instance parameter. Specify a valid instance parameter and rerun the simulation. Type `spectre -h cvar_ahdl' to get more information on valid instance parameters. {"history": "ExplorerRun.0", "point": 1, "testname": "PSS_VIN", "cornername": "Nominal"}
[2026-04-09 08:21:24.880 Z] [INFO] [cadence.virtuoso.ade.simulationMonitor] - Peak resident memory used = 197 Mbytes. {"history": "ExplorerRun.0", "point": 1, "testname": "PSS_VIN", "cornername": "Nominal"}
[2026-04-09 08:21:24.880 Z] [INFO] [cadence.virtuoso.ade.simulationMonitor] - Notice from spectre during hierarchy flattening.
    The value 'psf' specified for the 'checklimitdest' option will no longer be supported in future releases. Use 'spectre -h' to see other recommended values for the 'checklimitdest' option. {"history": "ExplorerRun.0", "point": 1, "testname": "PSS_VIN", "cornername": "Nominal"}
[2026-04-09 08:21:24.881 Z] [INFO] [cadence.virtuoso.ade.simulationMonitor] - Notice from spectre in `rpolyhc':`I19.I0.R10', in `fecg_cmfb2':`I19.I0', in `fecg_front_end':`I19', during hierarchy flattening.
    I19.I0.R10.CS0 of rpolyhc: `c' has the unusually small value of 0 F.
    I19.I0.R10.CS1 of rpolyhc: `c' has the unusually small value of 0 F. {"history": "ExplorerRun.0", "point": 1, "testname": "PSS_VIN", "cornername": "Nominal"}
[2026-04-09 08:21:24.881 Z] [INFO] [cadence.virtuoso.ade.simulationMonitor] - Notice from spectre in `rpolyhc':`I19.I0.R9', in `fecg_cmfb2':`I19.I0', in `fecg_front_end':`I19', during hierarchy flattening.
    I19.I0.R9.CS0 of rpolyhc: `c' has the unusually small value of 0 F.
    I19.I0.R9.CS1 of rpolyhc: `c' has the unusually small value of 0 F. {"history": "ExplorerRun.0", "point": 1, "testname": "PSS_VIN", "cornername": "Nominal"}
[2026-04-09 08:21:24.881 Z] [INFO] [cadence.virtuoso.ade.simulationMonitor] - Notice from spectre in `rpolyhc':`I19.I0.R7', in `fecg_cmfb2':`I19.I0', in `fecg_front_end':`I19', during hierarchy flattening.
    I19.I0.R7.CS0 of rpolyhc: `c' has the unusually small value of 0 F.
        Further occurrences of this notice will be suppressed. {"history": "ExplorerRun.0", "point": 1, "testname": "PSS_VIN", "cornername": "Nominal"}
[2026-04-09 08:21:24.881 Z] [WARN] [cadence.virtuoso.ade.simulationMonitor] -     WARNING (SPECTRE-8527): There are some nodes and instances removed from the netlist topology check. Check the circuit and correct the topology. Or use preserve_inst to keep them if necessary. {"history": "ExplorerRun.0", "point": 1, "testname": "PSS_VIN", "cornername": "Nominal"}
[2026-04-09 08:21:24.881 Z] [WARN] [cadence.virtuoso.ade.simulationMonitor] -     WARNING (SPECTRE-8528): The I19.I14.C2.C1 device is removed because its terminals are connected together. Check the device in the netlist file to ensure that this warning can be ignored. {"history": "ExplorerRun.0", "point": 1, "testname": "PSS_VIN", "cornername": "Nominal"}
[2026-04-09 08:21:24.881 Z] [WARN] [cadence.virtuoso.ade.simulationMonitor] -     WARNING (SPECTRE-8528): The I19.I8.C6<0>_turbo_m3.C1 device is removed because its terminals are connected together. Check the device in the netlist file to ensure that this warning can be ignored. {"history": "ExplorerRun.0", "point": 1, "testname": "PSS_VIN", "cornername": "Nominal"}
[2026-04-09 08:21:24.881 Z] [WARN] [cadence.virtuoso.ade.simulationMonitor] -     WARNING (SPECTRE-8528): The I19.I8.C9<0>_turbo_m6.C1 device is removed because its terminals are connected together. Check the device in the netlist file to ensure that this warning can be ignored. {"history": "ExplorerRun.0", "point": 1, "testname": "PSS_VIN", "cornername": "Nominal"}
[2026-04-09 08:21:24.881 Z] [WARN] [cadence.virtuoso.ade.simulationMonitor] -     WARNING (SPECTRE-8528): The I19.I8.C10<0>_turbo_m12.C1 device is removed because its terminals are connected together. Check the device in the netlist file to ensure that this warning can be ignored. {"history": "ExplorerRun.0", "point": 1, "testname": "PSS_VIN", "cornername": "Nominal"}
[2026-04-09 08:21:24.881 Z] [WARN] [cadence.virtuoso.ade.simulationMonitor] -     WARNING (SPECTRE-8528): The I19.I8.C7<0>_turbo_m3.C1 device is removed because its terminals are connected together. Check the device in the netlist file to ensure that this warning can be ignored.
        Further occurrences of this warning will be suppressed. {"history": "ExplorerRun.0", "point": 1, "testname": "PSS_VIN", "cornername": "Nominal"}
[2026-04-09 08:21:24.881 Z] [INFO] [cadence.virtuoso.ade.simulationMonitor] - Peak resident memory used = 200 Mbytes. {"history": "ExplorerRun.0", "point": 1, "testname": "PSS_VIN", "cornername": "Nominal"}
[2026-04-09 08:21:24.881 Z] [WARN] [cadence.virtuoso.ade.simulationMonitor] -     WARNING (CMI-2425): I19.I0.I3.C1: `Acde' = 2.393 is unusually large. {"history": "ExplorerRun.0", "point": 1, "testname": "PSS_VIN", "cornername": "Nominal"}
[2026-04-09 08:21:24.881 Z] [WARN] [cadence.virtuoso.ade.simulationMonitor] -     WARNING (CMI-2425): I19.I0.I3.C1: `Noff' = 4.732 is unusually large. {"history": "ExplorerRun.0", "point": 1, "testname": "PSS_VIN", "cornername": "Nominal"}
[2026-04-09 08:21:24.881 Z] [WARN] [cadence.virtuoso.ade.simulationMonitor] -     WARNING (CMI-2424): I19.I0.I3.C1: `Voffcv' = -867.4e-03 is unusually small. {"history": "ExplorerRun.0", "point": 1, "testname": "PSS_VIN", "cornername": "Nominal"}
[2026-04-09 08:21:24.881 Z] [WARN] [cadence.virtuoso.ade.simulationMonitor] -     WARNING (CMI-2425): I19.I0.C0: `Acde' = 2.393 is unusually large. {"history": "ExplorerRun.0", "point": 1, "testname": "PSS_VIN", "cornername": "Nominal"}
[2026-04-09 08:21:24.881 Z] [WARN] [cadence.virtuoso.ade.simulationMonitor] -     WARNING (CMI-2425): I19.I0.C0: `Noff' = 4.732 is unusually large. {"history": "ExplorerRun.0", "point": 1, "testname": "PSS_VIN", "cornername": "Nominal"}
[2026-04-09 08:21:24.881 Z] [WARN] [cadence.virtuoso.ade.simulationMonitor] -     WARNING (CMI-2424): I19.I0.C0: `Voffcv' = -867.4e-03 is unusually small. {"history": "ExplorerRun.0", "point": 1, "testname": "PSS_VIN", "cornername": "Nominal"}
[2026-04-09 08:21:25.382 Z] [WARN] [cadence.virtuoso.ade.simulationMonitor] -     WARNING (SPECTRE-16460): SOAC_cvarm_vspsub:Specified subcircuit master `cvarm' was not found. {"history": "ExplorerRun.0", "point": 1, "testname": "PSS_VIN", "cornername": "Nominal"}
[2026-04-09 08:21:25.383 Z] [WARN] [cadence.virtuoso.ade.simulationMonitor] -     WARNING (SPECTRE-16462): SOAC_cvarm_vspsub:Error in specification of subcircuit master. Assert is ignored. {"history": "ExplorerRun.0", "point": 1, "testname": "PSS_VIN", "cornername": "Nominal"}
[2026-04-09 08:21:25.384 Z] [WARN] [cadence.virtuoso.ade.simulationMonitor] -     WARNING (SPECTRE-16460): SOAC_cvarm_vbs:Specified subcircuit master `cvarm' was not found. {"history": "ExplorerRun.0", "point": 1, "testname": "PSS_VIN", "cornername": "Nominal"}
[2026-04-09 08:21:25.384 Z] [WARN] [cadence.virtuoso.ade.simulationMonitor] -     WARNING (SPECTRE-16462): SOAC_cvarm_vbs:Error in specification of subcircuit master. Assert is ignored. {"history": "ExplorerRun.0", "point": 1, "testname": "PSS_VIN", "cornername": "Nominal"}
[2026-04-09 08:21:25.384 Z] [WARN] [cadence.virtuoso.ade.simulationMonitor] -     WARNING (SPECTRE-16460): SOAC_cvarm_vgb:Specified subcircuit master `cvarm' was not found. {"history": "ExplorerRun.0", "point": 1, "testname": "PSS_VIN", "cornername": "Nominal"}
[2026-04-09 08:21:25.385 Z] [WARN] [cadence.virtuoso.ade.simulationMonitor] -     WARNING (SPECTRE-16462): SOAC_cvarm_vgb:Error in specification of subcircuit master. Assert is ignored. {"history": "ExplorerRun.0", "point": 1, "testname": "PSS_VIN", "cornername": "Nominal"}
[2026-04-09 08:21:25.385 Z] [WARN] [cadence.virtuoso.ade.simulationMonitor] -     WARNING (SPECTRE-16460): SOAC_cvart_vspsub:Specified subcircuit master `cvart' was not found. {"history": "ExplorerRun.0", "point": 1, "testname": "PSS_VIN", "cornername": "Nominal"}
[2026-04-09 08:21:25.385 Z] [WARN] [cadence.virtuoso.ade.simulationMonitor] -     WARNING (SPECTRE-16462): SOAC_cvart_vspsub:Error in specification of subcircuit master. Assert is ignored. {"history": "ExplorerRun.0", "point": 1, "testname": "PSS_VIN", "cornername": "Nominal"}
[2026-04-09 08:21:25.386 Z] [WARN] [cadence.virtuoso.ade.simulationMonitor] -     WARNING (SPECTRE-16460): SOAC_cvart_vbs:Specified subcircuit master `cvart' was not found.
        Further occurrences of this warning will be suppressed. {"history": "ExplorerRun.0", "point": 1, "testname": "PSS_VIN", "cornername": "Nominal"}
[2026-04-09 08:21:25.386 Z] [WARN] [cadence.virtuoso.ade.simulationMonitor] -     WARNING (SPECTRE-16462): SOAC_cvart_vbs:Error in specification of subcircuit master. Assert is ignored.
        Further occurrences of this warning will be suppressed. {"history": "ExplorerRun.0", "point": 1, "testname": "PSS_VIN", "cornername": "Nominal"}
[2026-04-09 08:21:25.387 Z] [INFO] [cadence.virtuoso.ade.simulationMonitor] - Notice from spectre during topology check.
    Only one connection to the following 301 nodes:
        I19.I0.MN3.psub!
        I19.I0.MN2.psub!
        I19.I0.MN9.psub!
        I19.I0.MN5.psub!
        I19.I0.MN8.psub!
        Further occurrences of this notice will be suppressed. {"history": "ExplorerRun.0", "point": 1, "testname": "PSS_VIN", "cornername": "Nominal"}
[2026-04-09 08:21:25.387 Z] [INFO] [cadence.virtuoso.ade.simulationMonitor] - Notice from spectre during initial setup.
    Number of thread was limited to 4 because of small circuit size. {"history": "ExplorerRun.0", "point": 1, "testname": "PSS_VIN", "cornername": "Nominal"}
[2026-04-09 08:21:25.388 Z] [INFO] [cadence.virtuoso.ade.simulationMonitor] -               nodes 594 {"history": "ExplorerRun.0", "point": 1, "testname": "PSS_VIN", "cornername": "Nominal"}
[2026-04-09 08:21:25.388 Z] [INFO] [cadence.virtuoso.ade.simulationMonitor] - Notice from spectre during initial setup.
    APS enabled.
    8 notices suppressed.
    81 warnings suppressed. {"history": "ExplorerRun.0", "point": 1, "testname": "PSS_VIN", "cornername": "Nominal"}
[2026-04-09 08:21:25.388 Z] [INFO] [cadence.virtuoso.ade.simulationMonitor] - Notice from spectre.
    Multithreading enabled: 4 threads in the system with 16 available processors. {"history": "ExplorerRun.0", "point": 1, "testname": "PSS_VIN", "cornername": "Nominal"}
[2026-04-09 08:21:25.389 Z] [INFO] [cadence.virtuoso.ade.simulationMonitor] - Peak resident memory used = 216 Mbytes. {"history": "ExplorerRun.0", "point": 1, "testname": "PSS_VIN", "cornername": "Nominal"}
[2026-04-09 08:21:25.389 Z] [INFO] [cadence.virtuoso.ade.simulationMonitor] -    -   (APS) Multi-threading. The recommended number of threads is 2, consider adding +mt=2 on command line. {"history": "ExplorerRun.0", "point": 1, "testname": "PSS_VIN", "cornername": "Nominal"}
[2026-04-09 08:21:25.389 Z] [INFO] [cadence.virtuoso.ade.simulationMonitor] - Notice from spectre during DC analysis `dcOp'.
    No checklimit analysis defined for asserts. A default checklimit analysis 'SpectreChecklimitAnal' has been created with all asserts enabled. {"history": "ExplorerRun.0", "point": 1, "testname": "PSS_VIN", "cornername": "Nominal"}
[2026-04-09 08:21:25.390 Z] [INFO] [cadence.virtuoso.ade.simulationMonitor] - Notice from spectre during DC analysis `dcOp'.
    Bad pivoting is found during DC analysis. Option dc_pivot_check=yes is recommended for possible improvement of convergence. {"history": "ExplorerRun.0", "point": 1, "testname": "PSS_VIN", "cornername": "Nominal"}
[2026-04-09 08:21:25.390 Z] [WARN] [cadence.virtuoso.ade.simulationMonitor] -     WARNING (CMI-2943): Parameter checks have been ignored because the valid value for parameter 'trise' could not be found in 'I19.I2.R0.CM'. {"history": "ExplorerRun.0", "point": 1, "testname": "PSS_VIN", "cornername": "Nominal"}
[2026-04-09 08:21:25.390 Z] [WARN] [cadence.virtuoso.ade.simulationMonitor] -     WARNING (CMI-2943): Parameter checks have been ignored because the valid value for parameter 'trise' could not be found in 'I19.I2.R0.CS1'. {"history": "ExplorerRun.0", "point": 1, "testname": "PSS_VIN", "cornername": "Nominal"}
[2026-04-09 08:21:25.391 Z] [WARN] [cadence.virtuoso.ade.simulationMonitor] -     WARNING (CMI-2943): Parameter checks have been ignored because the valid value for parameter 'trise' could not be found in 'I19.I2.R0.CS0'. {"history": "ExplorerRun.0", "point": 1, "testname": "PSS_VIN", "cornername": "Nominal"}
[2026-04-09 08:21:25.391 Z] [WARN] [cadence.virtuoso.ade.simulationMonitor] -     WARNING (CMI-2943): Parameter checks have been ignored because the valid value for parameter 'trise' could not be found in 'I19.I2.R1.CM'. {"history": "ExplorerRun.0", "point": 1, "testname": "PSS_VIN", "cornername": "Nominal"}
[2026-04-09 08:21:25.391 Z] [WARN] [cadence.virtuoso.ade.simulationMonitor] -     WARNING (CMI-2943): Parameter checks have been ignored because the valid value for parameter 'trise' could not be found in 'I19.I2.R1.CS1'.
        Further occurrences of this warning will be suppressed. {"history": "ExplorerRun.0", "point": 1, "testname": "PSS_VIN", "cornername": "Nominal"}
[2026-04-09 08:21:25.391 Z] [INFO] [cadence.virtuoso.ade.simulationMonitor] - Total time required for dc analysis `dcOp': CPU = 72.229 ms, elapsed = 59.433 ms, util. = 122%. {"history": "ExplorerRun.0", "point": 1, "testname": "PSS_VIN", "cornername": "Nominal"}
[2026-04-09 08:21:25.392 Z] [INFO] [cadence.virtuoso.ade.simulationMonitor] - Peak resident memory used = 223 Mbytes. {"history": "ExplorerRun.0", "point": 1, "testname": "PSS_VIN", "cornername": "Nominal"}
[2026-04-09 08:21:25.392 Z] [INFO] [cadence.virtuoso.ade.simulationMonitor] - Notice from spectre.
    101 warnings suppressed. {"history": "ExplorerRun.0", "point": 1, "testname": "PSS_VIN", "cornername": "Nominal"}
[2026-04-09 08:21:25.392 Z] [INFO] [cadence.virtuoso.ade.simulationMonitor] - Time used: CPU = 380 ms, elapsed = 692 ms, util. = 54.9%. {"history": "ExplorerRun.0", "point": 1, "testname": "PSS_VIN", "cornername": "Nominal"}
[2026-04-09 08:21:25.392 Z] [INFO] [cadence.virtuoso.ade.simulationMonitor] - Time spent in licensing: elapsed = 42.4 ms, percentage of total = 6.13%. {"history": "ExplorerRun.0", "point": 1, "testname": "PSS_VIN", "cornername": "Nominal"}
[2026-04-09 08:21:25.392 Z] [INFO] [cadence.virtuoso.ade.simulationMonitor] - Peak memory used = 225 Mbytes. {"history": "ExplorerRun.0", "point": 1, "testname": "PSS_VIN", "cornername": "Nominal"}
[2026-04-09 08:21:25.392 Z] [PROCESS] [cadence.virtuoso.ade.simulationMonitor] - Simulation started at: 8:21:24 AM, Thur Apr 9, 2026, ended at: 8:21:25 AM, Thur Apr 9, 2026, with elapsed time (wall clock): 692 ms. {"history": "ExplorerRun.0", "point": 1, "testname": "PSS_VIN", "cornername": "Nominal"}
[2026-04-09 08:21:25.393 Z] [PROCESS] [cadence.virtuoso.ade.simulationMonitor] - spectre completes with 0 errors, 37 warnings, and 15 notices. {"history": "ExplorerRun.0", "point": 1, "testname": "PSS_VIN", "cornername": "Nominal"}
[2026-04-09 08:21:25.393 Z] [PROCESS] [cadence.virtuoso.ade.simulationMonitor] - Finished simulating for one point {"hostname": "edatools", "processid": 106695, "history": "ExplorerRun.0", "testname": "PSS_VIN", "cornername": "Nominal", "point": 1, "logfile": "/home/saul/projects/IL2244_VT26_SAUL/logs_saul/logs0/Job29.log", "simid": "1"}
[2026-04-09 08:21:25.393 Z] [PROCESS] [cadence.virtuoso.ade.simulationMonitor] - Simulator exited {"hostname": "edatools", "processid": 106695, "history": "ExplorerRun.0", "testname": "PSS_VIN", "cornername": "Nominal", "point": 1, "logfile": "/home/saul/projects/IL2244_VT26_SAUL/logs_saul/logs0/Job29.log", "exitStatus": "0"}
[2026-04-09 08:21:25.393 Z] [PROCESS] [cadence.virtuoso.ade.simulationMonitor] - Finished Simulation {"hostname": "edatools", "processid": 106695, "history": "ExplorerRun.0", "testname": "PSS_VIN", "cornername": "Nominal", "point": 1, "logfile": "/home/saul/projects/IL2244_VT26_SAUL/logs_saul/logs0/Job29.log", "simid": "1"}
[2026-04-09 08:21:27.398 Z] [PROCESS] [cadence.virtuoso.ade.simulationMonitor] - Point Finished {"hostname": "edatools", "processid": 106695, "history": "ExplorerRun.0", "testname": "PSS_VIN", "cornername": "Nominal", "point": 1, "logfile": "/home/saul/projects/IL2244_VT26_SAUL/logs_saul/logs0/Job29.log"}
[2026-04-09 08:26:27.963 Z] [PROCESS] [cadence.virtuoso.ade.simulationMonitor] - Current memory used: 52.1562 MBytes, peak memory used: 52.1562 MBytes {"hostname": "edatools", "processid": 106695, "history": "ExplorerRun.0", "testname": "PSS_VIN", "cornername": "Nominal", "point": 1, "logfile": "/home/saul/projects/IL2244_VT26_SAUL/logs_saul/logs0/Job29.log"}
[2026-04-09 08:26:27.963 Z] [PROCESS] [cadence.virtuoso.ade.simulationMonitor] - Simulation Monitor process exit. {"hostname": "edatools", "processid": 106695, "history": "ExplorerRun.0", "testname": "PSS_VIN", "cornername": "Nominal", "point": 1, "logfile": "/home/saul/projects/IL2244_VT26_SAUL/logs_saul/logs0/Job29.log"}
