*Info*    Exporting services from client ... 

*Info*    Client has finished starting ... 



*Info*    Configuring the session ...

	Library      = ECG_IA
	Cell         = ecg_ia_tb
	View         = schematic
	Simulator    = spectre
	State Path   = $AXL_SETUPDB_DIR/test_states
	State Name   = ECG_IA:ecg_ia_tb:1_none_Interactive.14
	Results DB   = /home/saul/projects/IL2244_VT26_SAUL/ECG_IA/ecg_ia_tb/adexl/results/data/Interactive.14.rdb
	Results Dir  = /home/saul/projects/AMS_35_V4_MINIMAL/Sim/ECG_IA/ecg_ia_tb/adexl/results/data/Interactive.14/1/ECG_IA:ecg_ia_tb:1
	Results Loc  = /home/saul/projects/AMS_35_V4_MINIMAL/Sim/ECG_IA/ecg_ia_tb/adexl/results/data
	Project Dir  = /home/saul/projects/AMS_35_V4_MINIMAL/Sim
	Setup DB loc = /home/saul/projects/IL2244_VT26_SAUL/ECG_IA/ecg_ia_tb/adexl
	File Encoding = 0



*Info*    The auto suspension is disabled.






*Info*    Run start for Point ID (21 1) on testbench [
          ECG_IA:ecg_ia_tb:1 ].

Resetting statistical vars

*Info*    Setting parameter values ...

Setting var FC = "10k"
Setting var VCM_AC = "1"
Setting var VCM_DC = "1.6"
Setting var VDD = "3.3"
Setting var VIN_AC = "1"
Setting var VIN_DC = "10m"
Setting var temperature = "27"
Setting temp(T) = 27

*Info*    Netlist Directory =
          /home/saul/projects/AMS_35_V4_MINIMAL/Sim/ECG_IA/ecg_ia_tb/adexl/results/data/Interactive.14/1/ECG_IA:ecg_ia_tb:1/netlist


*Info*    Data Directory    =
          /home/saul/projects/AMS_35_V4_MINIMAL/Sim/ECG_IA/ecg_ia_tb/adexl/results/data/Interactive.14/1/ECG_IA:ecg_ia_tb:1


*Info*    Creating Netlist for Point ID (21 1)

generate netlist...
function ansCdlCompPrim redefined
function ansCdlCompPrim redefined
Begin Incremental Netlisting Mar  9 11:34:30 2026
End netlisting Mar  9 11:34:30 2026

Netlisting Statistics:
	Number of components:   35

	Elapsed time:          0.0s
Errors: 0	Warnings: 0
      ...successful.
compose simulator input file...
      ...successful.

*Info*    Running simulation on testbench [ ECG_IA:ecg_ia_tb:1 ] for
          Point ID (21 1).

Delete psf data in /home/saul/projects/AMS_35_V4_MINIMAL/Sim/ECG_IA/ecg_ia_tb/adexl/results/data/Interactive.14/1/ECG_IA:ecg_ia_tb:1/psf.
compose simulator input file...
      ...successful.
start simulator if needed...
      ...successful.
simulate...
To view the simulator output, right-click on the test name, result 
name, or any value in the "Results" tab of the Outputs section and 
choose "Output Log" menu option.
WARNING (ADE-3080): Fast viewing extensions for PSF XL format (also known as RTSF) will be discontinued  
       and Virtuoso Visualization and Analysis XL will not use RTSF data to plot waveforms from IC6.1.8 ISR7 onward. 
       There will be no performance impact on data visualization due to this change.
INFO (ADE-3071): Simulation completed successfully.
reading simulation data...
      ...successful.
*Info*    Client has finished evaluating ... 


*Info*    Run complete for Point ID (21 1) on testbench [
          ECG_IA:ecg_ia_tb:1 ].





Simulation design variables differ from those on the cellView,
they have been saved in the file "/tmp/saved-design-variables".
To save future changes, copy variables to cellView before exiting.
