[Simulation Monitor: 20]
[2026-04-06 21:01:35.677 Z] [PROCESS] [cadence.virtuoso.ade.simulationMonitor] - Simulation Monitor has successfully started up. Trying to set up communication channels to other components ... {"hostname": "edatools", "processid": 2915552, "logfile": "/home/saul/projects/IL2244_VT26_SAUL/logs_saul/logs0/Job20.log"}
[2026-04-06 21:01:35.678 Z] [PROCESS] [cadence.virtuoso.ade.simulationMonitor] - Communication channels have been successfully set up. Start processing events ... {"hostname": "edatools", "processid": 2915552, "logfile": "/home/saul/projects/IL2244_VT26_SAUL/logs_saul/logs0/Job20.log"}
[2026-04-06 21:01:35.678 Z] [PROCESS] [cadence.virtuoso.ade.simulationMonitor] - Considering to start history {"hostname": "edatools", "processid": 2915552, "history": "Interactive.18", "logfile": "/home/saul/projects/IL2244_VT26_SAUL/logs_saul/logs0/Job20.log"}
[2026-04-06 21:01:35.679 Z] [PROCESS] [cadence.virtuoso.ade.simulationMonitor] - Started History {"hostname": "edatools", "processid": 2915552, "history": "MonteCarlo.6", "testname": "IN_MC", "cornername": "Nominal", "point": 1, "logfile": "/home/saul/projects/IL2244_VT26_SAUL/logs_saul/logs0/Job20.log"}
[2026-04-06 21:01:35.679 Z] [PROCESS] [cadence.virtuoso.ade.simulationMonitor] - HostInfo:
Host name (type):	edatools (x86_64)
Operating system:	Linux 6.17.0-19-generic #19~24.04.2-Ubuntu SMP PREEMPT_DYNAMIC Fri Mar  6 23:08:46 UTC 2 {"hostname": "edatools", "processid": 2915552, "history": "MonteCarlo.6", "testname": "IN_MC", "cornername": "Nominal", "point": 1, "logfile": "/home/saul/projects/IL2244_VT26_SAUL/logs_saul/logs0/Job20.log", "nodename": "edatools", "domainname": "(none)", "machine": "x86_64", "sysname": "Linux", "release": "6.17.0-19-generic", "version": "#19~24.04.2-Ubuntu SMP PREEMPT_DYNAMIC Fri Mar  6 23:08:46 UTC 2"}
[2026-04-06 21:01:35.679 Z] [PROCESS] [cadence.virtuoso.ade.simulationMonitor] - UsageInfo:
pid=2915552
totalPhysicalMemory=62.544987GB,Used=40.369675GB,totalVirtualMemory=70.544983GB,Used=40.369675GB
Cpu: Cores=16, Load average:0.290000,0.320000,0.450000 {"hostname": "edatools", "processid": 2915552, "history": "MonteCarlo.6", "testname": "IN_MC", "cornername": "Nominal", "point": 1, "logfile": "/home/saul/projects/IL2244_VT26_SAUL/logs_saul/logs0/Job20.log", "pid": "2915552", "totalPhysicalMemory": "62.544987", "physicalMemoryUsed": "40.369675", "totalVirtualMemory": "70.544983", "virtualMemoryUsed": "40.369675", "cpuCores": "16", "processes": "1725", "loadAverage1": "0.290000", "loadAverage5": "0.320000", "loadAverage15": "0.450000", "loadAverage1Percent": "0.018125"}
[2026-04-06 21:01:35.679 Z] [EVENT] [cadence.virtuoso.ade.simulationMonitor] - GroupPoints {"history": "MonteCarlo.6", "point": 1, "testname": "IN_MC", "cornername": "Nominal", "event": "GroupPoints", "EventSource": "Simulation Monitor", "Points": "1:1:2", "HistoryName": "MonteCarlo.6", "logFile": "/home/saul/projects/IL2244_VT26_SAUL/logs_saul/logs0/Job20.log", "logFileSize": "2623"}
[2026-04-06 21:01:35.780 Z] [EVENT] [cadence.virtuoso.ade.simulationMonitor] - GroupPoints {"history": "MonteCarlo.6", "point": 1, "testname": "IN_MC", "cornername": "Nominal", "event": "GroupPoints", "EventSource": "spectre", "Points": "1:1:2", "HistoryName": "MonteCarlo.6", "logFile": "/home/saul/projects/IL2244_VT26_SAUL/Sim/FECG/fecg_tb/maestro/results/maestro/MonteCarlo.6/1/IN_MC/groupRunDataDir/psf/spectre.out", "logFileSize": "-1"}
[2026-04-06 21:01:35.788 Z] [PROCESS] [cadence.virtuoso.ade.simulationMonitor] - Simulator launched {"hostname": "edatools", "processid": 2915552, "history": "MonteCarlo.6", "testname": "IN_MC", "cornername": "Nominal", "point": 1, "logfile": "/home/saul/projects/IL2244_VT26_SAUL/logs_saul/logs0/Job20.log", "simid": "1"}
[2026-04-06 21:01:35.790 Z] [PROCESS] [cadence.virtuoso.ade.simulationMonitor] - Expression evaluator launched {"hostname": "edatools", "processid": 2915552, "history": "MonteCarlo.6", "testname": "IN_MC", "cornername": "Nominal", "point": 1, "logfile": "/home/saul/projects/IL2244_VT26_SAUL/logs_saul/logs0/Job20.log"}
[2026-04-06 21:01:35.816 Z] [PROCESS] [cadence.virtuoso.ade.simulationMonitor] - Started Simulation {"hostname": "edatools", "processid": 2915552, "history": "MonteCarlo.6", "testname": "IN_MC", "cornername": "Nominal", "point": 1, "logfile": "/home/saul/projects/IL2244_VT26_SAUL/logs_saul/logs0/Job20.log", "event": "started", "task": "simulation"}
[2026-04-06 21:01:36.316 Z] [INFO] [cadence.virtuoso.ade.simulationMonitor] - Notice from spectre during circuit read-in.
    Pre_Configuration file used: /opt/tools/cadence/installs/SPECTRE241/tools.lnx86/spectre/etc/configs/preset.precfg
    Configuration file used: `/opt/tools/cadence/installs/SPECTRE241/tools.lnx86/spectre/etc/configs/preset.cfg'. {"history": "MonteCarlo.6", "point": 1, "testname": "IN_MC", "cornername": "Nominal"}
[2026-04-06 21:01:36.316 Z] [WARN] [cadence.virtuoso.ade.simulationMonitor] -     WARNING (SPECTRE-8360): line 1511: `ac' is an undefined primitive device. {"history": "MonteCarlo.6", "point": 1, "testname": "IN_MC", "cornername": "Nominal"}
[2026-04-06 21:01:36.316 Z] [WARN] [cadence.virtuoso.ade.simulationMonitor] -     WARNING (SPECTRE-8360): line 1512: `ac' is an undefined primitive device. {"history": "MonteCarlo.6", "point": 1, "testname": "IN_MC", "cornername": "Nominal"}
[2026-04-06 21:01:36.316 Z] [WARN] [cadence.virtuoso.ade.simulationMonitor] -     WARNING (SPECTRE-8360): line 1513: `ac' is an undefined primitive device. {"history": "MonteCarlo.6", "point": 1, "testname": "IN_MC", "cornername": "Nominal"}
[2026-04-06 21:01:36.316 Z] [WARN] [cadence.virtuoso.ade.simulationMonitor] -     WARNING (SPECTRE-8360): line 1514: `ac' is an undefined primitive device. {"history": "MonteCarlo.6", "point": 1, "testname": "IN_MC", "cornername": "Nominal"}
[2026-04-06 21:01:36.316 Z] [WARN] [cadence.virtuoso.ade.simulationMonitor] -     WARNING (SPECTRE-8360): line 1515: `ac' is an undefined primitive device.
        Further occurrences of this warning will be suppressed. {"history": "MonteCarlo.6", "point": 1, "testname": "IN_MC", "cornername": "Nominal"}
[2026-04-06 21:01:36.317 Z] [INFO] [cadence.virtuoso.ade.simulationMonitor] - Peak resident memory used = 173 Mbytes. {"history": "MonteCarlo.6", "point": 1, "testname": "IN_MC", "cornername": "Nominal"}
[2026-04-06 21:01:36.317 Z] [WARN] [cadence.virtuoso.ade.simulationMonitor] -     WARNING (VACOMP-2435): The environment variable CDS_AHDLCMI_ENABLE is no longer supported. Therefore, the simulator will use the default compiled C code flow. {"history": "MonteCarlo.6", "point": 1, "testname": "IN_MC", "cornername": "Nominal"}
[2026-04-06 21:01:36.317 Z] [WARN] [cadence.virtuoso.ade.simulationMonitor] -     WARNING (SFE-3031): The floating capacitor I14.C2.C1 is removed. {"history": "MonteCarlo.6", "point": 1, "testname": "IN_MC", "cornername": "Nominal"}
[2026-04-06 21:01:36.317 Z] [WARN] [cadence.virtuoso.ade.simulationMonitor] -     WARNING (SFE-3031): The floating capacitor I11.C7<0>_turbo_m3.C1 is removed. {"history": "MonteCarlo.6", "point": 1, "testname": "IN_MC", "cornername": "Nominal"}
[2026-04-06 21:01:36.317 Z] [WARN] [cadence.virtuoso.ade.simulationMonitor] -     WARNING (SFE-3031): The floating capacitor I12.C6<0>_turbo_m3.C1 is removed. {"history": "MonteCarlo.6", "point": 1, "testname": "IN_MC", "cornername": "Nominal"}
[2026-04-06 21:01:36.317 Z] [WARN] [cadence.virtuoso.ade.simulationMonitor] -     WARNING (SFE-3031): The floating capacitor I11.C10<0>_turbo_m12.C1 is removed. {"history": "MonteCarlo.6", "point": 1, "testname": "IN_MC", "cornername": "Nominal"}
[2026-04-06 21:01:36.317 Z] [WARN] [cadence.virtuoso.ade.simulationMonitor] -     WARNING (SFE-3031): The floating capacitor I8.C7<0>_turbo_m3.C1 is removed.
        Further occurrences of this warning will be suppressed. {"history": "MonteCarlo.6", "point": 1, "testname": "IN_MC", "cornername": "Nominal"}
[2026-04-06 21:01:36.317 Z] [INFO] [cadence.virtuoso.ade.simulationMonitor] - Peak resident memory used = 190 Mbytes. {"history": "MonteCarlo.6", "point": 1, "testname": "IN_MC", "cornername": "Nominal"}
[2026-04-06 21:01:36.317 Z] [INFO] [cadence.virtuoso.ade.simulationMonitor] - Notice from spectre during hierarchy flattening.
    The value 'psf' specified for the 'checklimitdest' option will no longer be supported in future releases. Use 'spectre -h' to see other recommended values for the 'checklimitdest' option. {"history": "MonteCarlo.6", "point": 1, "testname": "IN_MC", "cornername": "Nominal"}
[2026-04-06 21:01:36.317 Z] [INFO] [cadence.virtuoso.ade.simulationMonitor] - Peak resident memory used = 193 Mbytes. {"history": "MonteCarlo.6", "point": 1, "testname": "IN_MC", "cornername": "Nominal"}
[2026-04-06 21:01:36.317 Z] [WARN] [cadence.virtuoso.ade.simulationMonitor] -     WARNING (CMI-2425): I14.C1: `Acde' = 2.393 is unusually large. {"history": "MonteCarlo.6", "point": 1, "testname": "IN_MC", "cornername": "Nominal"}
[2026-04-06 21:01:36.317 Z] [WARN] [cadence.virtuoso.ade.simulationMonitor] -     WARNING (CMI-2425): I14.C1: `Noff' = 4.732 is unusually large. {"history": "MonteCarlo.6", "point": 1, "testname": "IN_MC", "cornername": "Nominal"}
[2026-04-06 21:01:36.317 Z] [WARN] [cadence.virtuoso.ade.simulationMonitor] -     WARNING (CMI-2424): I14.C1: `Voffcv' = -867.4e-03 is unusually small. {"history": "MonteCarlo.6", "point": 1, "testname": "IN_MC", "cornername": "Nominal"}
[2026-04-06 21:01:36.317 Z] [WARN] [cadence.virtuoso.ade.simulationMonitor] -     WARNING (SPECTRE-17607): Assert `SOAC_rpolyh_vminuspsub' is ignored because it contains an expression which is invalid or not supported by native evaluator.  {"history": "MonteCarlo.6", "point": 1, "testname": "IN_MC", "cornername": "Nominal"}
[2026-04-06 21:01:36.317 Z] [WARN] [cadence.virtuoso.ade.simulationMonitor] -     WARNING (SPECTRE-17607): Assert `SOAC_rpolyh_vpluspsub' is ignored because it contains an expression which is invalid or not supported by native evaluator.  {"history": "MonteCarlo.6", "point": 1, "testname": "IN_MC", "cornername": "Nominal"}
[2026-04-06 21:01:36.318 Z] [WARN] [cadence.virtuoso.ade.simulationMonitor] -     WARNING (SPECTRE-16460): SOAC_cvarm_vspsub:Specified subcircuit master `cvarm' was not found. {"history": "MonteCarlo.6", "point": 1, "testname": "IN_MC", "cornername": "Nominal"}
[2026-04-06 21:01:36.318 Z] [WARN] [cadence.virtuoso.ade.simulationMonitor] -     WARNING (SPECTRE-16462): SOAC_cvarm_vspsub:Error in specification of subcircuit master. Assert is ignored. {"history": "MonteCarlo.6", "point": 1, "testname": "IN_MC", "cornername": "Nominal"}
[2026-04-06 21:01:36.318 Z] [WARN] [cadence.virtuoso.ade.simulationMonitor] -     WARNING (SPECTRE-16460): SOAC_cvarm_vbs:Specified subcircuit master `cvarm' was not found. {"history": "MonteCarlo.6", "point": 1, "testname": "IN_MC", "cornername": "Nominal"}
[2026-04-06 21:01:36.318 Z] [WARN] [cadence.virtuoso.ade.simulationMonitor] -     WARNING (SPECTRE-16462): SOAC_cvarm_vbs:Error in specification of subcircuit master. Assert is ignored. {"history": "MonteCarlo.6", "point": 1, "testname": "IN_MC", "cornername": "Nominal"}
[2026-04-06 21:01:36.318 Z] [WARN] [cadence.virtuoso.ade.simulationMonitor] -     WARNING (SPECTRE-16460): SOAC_cvarm_vgb:Specified subcircuit master `cvarm' was not found. {"history": "MonteCarlo.6", "point": 1, "testname": "IN_MC", "cornername": "Nominal"}
[2026-04-06 21:01:36.318 Z] [WARN] [cadence.virtuoso.ade.simulationMonitor] -     WARNING (SPECTRE-16462): SOAC_cvarm_vgb:Error in specification of subcircuit master. Assert is ignored. {"history": "MonteCarlo.6", "point": 1, "testname": "IN_MC", "cornername": "Nominal"}
[2026-04-06 21:01:36.318 Z] [WARN] [cadence.virtuoso.ade.simulationMonitor] -     WARNING (SPECTRE-16460): SOAC_cvart_vspsub:Specified subcircuit master `cvart' was not found. {"history": "MonteCarlo.6", "point": 1, "testname": "IN_MC", "cornername": "Nominal"}
[2026-04-06 21:01:36.318 Z] [WARN] [cadence.virtuoso.ade.simulationMonitor] -     WARNING (SPECTRE-16462): SOAC_cvart_vspsub:Error in specification of subcircuit master. Assert is ignored. {"history": "MonteCarlo.6", "point": 1, "testname": "IN_MC", "cornername": "Nominal"}
[2026-04-06 21:01:36.318 Z] [WARN] [cadence.virtuoso.ade.simulationMonitor] -     WARNING (SPECTRE-16460): SOAC_cvart_vbs:Specified subcircuit master `cvart' was not found.
        Further occurrences of this warning will be suppressed. {"history": "MonteCarlo.6", "point": 1, "testname": "IN_MC", "cornername": "Nominal"}
[2026-04-06 21:01:36.318 Z] [WARN] [cadence.virtuoso.ade.simulationMonitor] -     WARNING (SPECTRE-16462): SOAC_cvart_vbs:Error in specification of subcircuit master. Assert is ignored.
        Further occurrences of this warning will be suppressed. {"history": "MonteCarlo.6", "point": 1, "testname": "IN_MC", "cornername": "Nominal"}
[2026-04-06 21:01:36.318 Z] [WARN] [cadence.virtuoso.ade.simulationMonitor] -     WARNING (SPECTRE-17607): Assert `SOAC_cvar_vspsub' is ignored because it contains an expression which is invalid or not supported by native evaluator.  {"history": "MonteCarlo.6", "point": 1, "testname": "IN_MC", "cornername": "Nominal"}
[2026-04-06 21:01:36.318 Z] [WARN] [cadence.virtuoso.ade.simulationMonitor] -     WARNING (SPECTRE-17607): Assert `SOAC_cvar_vbpsub' is ignored because it contains an expression which is invalid or not supported by native evaluator.  {"history": "MonteCarlo.6", "point": 1, "testname": "IN_MC", "cornername": "Nominal"}
[2026-04-06 21:01:36.318 Z] [WARN] [cadence.virtuoso.ade.simulationMonitor] -     WARNING (SPECTRE-17607): Assert `SOAC_cvar_vgpsub' is ignored because it contains an expression which is invalid or not supported by native evaluator. 
        Further occurrences of this warning will be suppressed. {"history": "MonteCarlo.6", "point": 1, "testname": "IN_MC", "cornername": "Nominal"}
[2026-04-06 21:01:36.819 Z] [INFO] [cadence.virtuoso.ade.simulationMonitor] - Notice from spectre during initial setup.
    Multithreading is disabled due to the size of the design being too small. {"history": "MonteCarlo.6", "point": 1, "testname": "IN_MC", "cornername": "Nominal"}
[2026-04-06 21:01:36.819 Z] [WARN] [cadence.virtuoso.ade.simulationMonitor] -     WARNING (SPECTRE-592): Following parameters are disabled because they are ignored or redefined in Spectre X:
        
        
        PSS Parameters:
          errpreset {"history": "MonteCarlo.6", "point": 1, "testname": "IN_MC", "cornername": "Nominal"}
[2026-04-06 21:01:36.819 Z] [INFO] [cadence.virtuoso.ade.simulationMonitor] -               nodes 151 {"history": "MonteCarlo.6", "point": 1, "testname": "IN_MC", "cornername": "Nominal"}
[2026-04-06 21:01:36.819 Z] [INFO] [cadence.virtuoso.ade.simulationMonitor] - Notice from spectre during initial setup.
    Spectre X preset=mx enabled. {"history": "MonteCarlo.6", "point": 1, "testname": "IN_MC", "cornername": "Nominal"}
[2026-04-06 21:01:36.819 Z] [WARN] [cadence.virtuoso.ade.simulationMonitor] -     WARNING (CMI-2425): I14.C1: `Acde' = 2.393 is unusually large. {"history": "MonteCarlo.6", "point": 1, "testname": "IN_MC", "cornername": "Nominal"}
[2026-04-06 21:01:36.819 Z] [WARN] [cadence.virtuoso.ade.simulationMonitor] -     WARNING (CMI-2425): I14.C1: `Noff' = 4.732 is unusually large. {"history": "MonteCarlo.6", "point": 1, "testname": "IN_MC", "cornername": "Nominal"}
[2026-04-06 21:01:36.819 Z] [WARN] [cadence.virtuoso.ade.simulationMonitor] -     WARNING (CMI-2424): I14.C1: `Voffcv' = -867.4e-03 is unusually small. {"history": "MonteCarlo.6", "point": 1, "testname": "IN_MC", "cornername": "Nominal"}
[2026-04-06 21:01:36.819 Z] [INFO] [cadence.virtuoso.ade.simulationMonitor] - Notice from spectre.
    85 warnings suppressed. {"history": "MonteCarlo.6", "point": 1, "testname": "IN_MC", "cornername": "Nominal"}
[2026-04-06 21:01:36.819 Z] [INFO] [cadence.virtuoso.ade.simulationMonitor] - Peak resident memory used = 202 Mbytes. {"history": "MonteCarlo.6", "point": 1, "testname": "IN_MC", "cornername": "Nominal"}
[2026-04-06 21:01:36.819 Z] [INFO] [cadence.virtuoso.ade.simulationMonitor] -    -   (Spectre X) Multi-threading. The recommended number of threads is 1, consider adding +mt=1 on command line. {"history": "MonteCarlo.6", "point": 1, "testname": "IN_MC", "cornername": "Nominal"}
[2026-04-06 21:01:36.819 Z] [WARN] [cadence.virtuoso.ade.simulationMonitor] -     WARNING (CMI-2425): I14.C1: `Acde' = 2.393 is unusually large. {"history": "MonteCarlo.6", "point": 1, "testname": "IN_MC", "cornername": "Nominal"}
[2026-04-06 21:01:36.819 Z] [WARN] [cadence.virtuoso.ade.simulationMonitor] -     WARNING (CMI-2425): I14.C1: `Noff' = 4.732 is unusually large. {"history": "MonteCarlo.6", "point": 1, "testname": "IN_MC", "cornername": "Nominal"}
[2026-04-06 21:01:36.819 Z] [WARN] [cadence.virtuoso.ade.simulationMonitor] -     WARNING (CMI-2424): I14.C1: `Voffcv' = -867.4e-03 is unusually small. {"history": "MonteCarlo.6", "point": 1, "testname": "IN_MC", "cornername": "Nominal"}
[2026-04-06 21:01:36.820 Z] [INFO] [cadence.virtuoso.ade.simulationMonitor] - Notice from spectre at iteration = 1 during DC analysis `dcOp', during Monte Carlo analysis `mc1'.
    No checklimit analysis defined for asserts. A default checklimit analysis 'SpectreChecklimitAnal' has been created with all asserts enabled. {"history": "MonteCarlo.6", "point": 1, "testname": "IN_MC", "cornername": "Nominal"}
[2026-04-06 21:01:36.820 Z] [INFO] [cadence.virtuoso.ade.simulationMonitor] - Notice from spectre at iteration = 1 during DC analysis `dcOp', during Monte Carlo analysis `mc1'.
    GminDC = 1 pS is large enough to noticeably affect the DC solution.
        dV(I14.C1.d1) = 2.63055 mV
        Use the `gmin_check' option to eliminate or expand this report.
    Bad pivoting is found during DC analysis. Option dc_pivot_check=yes is recommended for possible improvement of convergence. {"history": "MonteCarlo.6", "point": 1, "testname": "IN_MC", "cornername": "Nominal"}
[2026-04-06 21:01:36.820 Z] [WARN] [cadence.virtuoso.ade.simulationMonitor] -     WARNING (CMI-2943): Parameter checks have been ignored because the valid value for parameter 'trise' could not be found in 'C0'. {"history": "MonteCarlo.6", "point": 1, "testname": "IN_MC", "cornername": "Nominal"}
[2026-04-06 21:01:36.820 Z] [WARN] [cadence.virtuoso.ade.simulationMonitor] -     WARNING (CMI-2943): Parameter checks have been ignored because the valid value for parameter 'trise' could not be found in 'C1'. {"history": "MonteCarlo.6", "point": 1, "testname": "IN_MC", "cornername": "Nominal"}
[2026-04-06 21:01:36.820 Z] [WARN] [cadence.virtuoso.ade.simulationMonitor] -     WARNING (CMI-2943): Parameter checks have been ignored because the valid value for parameter 'trise' could not be found in 'I14.C0<0>_turbo_m8.C1'. {"history": "MonteCarlo.6", "point": 1, "testname": "IN_MC", "cornername": "Nominal"}
[2026-04-06 21:01:36.820 Z] [WARN] [cadence.virtuoso.ade.simulationMonitor] -     WARNING (CMI-2943): Parameter checks have been ignored because the valid value for parameter 'trise' could not be found in 'I14.C3.C1'. {"history": "MonteCarlo.6", "point": 1, "testname": "IN_MC", "cornername": "Nominal"}
[2026-04-06 21:01:36.820 Z] [WARN] [cadence.virtuoso.ade.simulationMonitor] -     WARNING (CMI-2943): Parameter checks have been ignored because the valid value for parameter 'trise' could not be found in 'I14.R0.CM'.
        Further occurrences of this warning will be suppressed. {"history": "MonteCarlo.6", "point": 1, "testname": "IN_MC", "cornername": "Nominal"}
[2026-04-06 21:01:36.820 Z] [INFO] [cadence.virtuoso.ade.simulationMonitor] - Total time required for dc analysis `dcOp': CPU = 39.312 ms, elapsed = 55.865 ms, util. = 70.4%. {"history": "MonteCarlo.6", "point": 1, "testname": "IN_MC", "cornername": "Nominal"}
[2026-04-06 21:01:36.820 Z] [INFO] [cadence.virtuoso.ade.simulationMonitor] - Peak resident memory used = 213 Mbytes. {"history": "MonteCarlo.6", "point": 1, "testname": "IN_MC", "cornername": "Nominal"}
[2026-04-06 21:01:36.820 Z] [INFO] [cadence.virtuoso.ade.simulationMonitor] - Notice from spectre at iteration = 1 during Monte Carlo analysis `mc1'.
    62 warnings suppressed. {"history": "MonteCarlo.6", "point": 1, "testname": "IN_MC", "cornername": "Nominal"}
[2026-04-06 21:01:36.820 Z] [INFO] [cadence.virtuoso.ade.simulationMonitor] - Notice from spectre at iteration = 1 during IC analysis, during periodic steady state analysis `pss', during Monte Carlo analysis `mc1'.
    GminDC = 1 pS is large enough to noticeably affect the DC solution.
        dV(I14.C1.d1) = 2.63055 mV
        Use the `gmin_check' option to eliminate or expand this report.
    Bad pivoting is found during DC analysis. Option dc_pivot_check=yes is recommended for possible improvement of convergence. {"history": "MonteCarlo.6", "point": 1, "testname": "IN_MC", "cornername": "Nominal"}
[2026-04-06 21:01:36.820 Z] [WARN] [cadence.virtuoso.ade.simulationMonitor] -     WARNING (CMI-2943): Parameter checks have been ignored because the valid value for parameter 'trise' could not be found in 'C0'. {"history": "MonteCarlo.6", "point": 1, "testname": "IN_MC", "cornername": "Nominal"}
[2026-04-06 21:01:36.820 Z] [WARN] [cadence.virtuoso.ade.simulationMonitor] -     WARNING (CMI-2943): Parameter checks have been ignored because the valid value for parameter 'trise' could not be found in 'C1'. {"history": "MonteCarlo.6", "point": 1, "testname": "IN_MC", "cornername": "Nominal"}
[2026-04-06 21:01:36.821 Z] [WARN] [cadence.virtuoso.ade.simulationMonitor] -     WARNING (CMI-2943): Parameter checks have been ignored because the valid value for parameter 'trise' could not be found in 'I14.C0<0>_turbo_m8.C1'. {"history": "MonteCarlo.6", "point": 1, "testname": "IN_MC", "cornername": "Nominal"}
[2026-04-06 21:01:36.821 Z] [WARN] [cadence.virtuoso.ade.simulationMonitor] -     WARNING (CMI-2943): Parameter checks have been ignored because the valid value for parameter 'trise' could not be found in 'I14.C3.C1'. {"history": "MonteCarlo.6", "point": 1, "testname": "IN_MC", "cornername": "Nominal"}
[2026-04-06 21:01:36.821 Z] [WARN] [cadence.virtuoso.ade.simulationMonitor] -     WARNING (CMI-2943): Parameter checks have been ignored because the valid value for parameter 'trise' could not be found in 'I14.R0.CM'.
        Further occurrences of this warning will be suppressed. {"history": "MonteCarlo.6", "point": 1, "testname": "IN_MC", "cornername": "Nominal"}
[2026-04-06 21:01:36.821 Z] [INFO] [cadence.virtuoso.ade.simulationMonitor] - Notice from spectre at time = 75.7604 us during periodic steady state analysis `pss', during Monte Carlo analysis `mc1'.
    Found trapezoidal ringing on node V7:p. {"history": "MonteCarlo.6", "point": 1, "testname": "IN_MC", "cornername": "Nominal"}
[2026-04-06 21:01:36.821 Z] [INFO] [cadence.virtuoso.ade.simulationMonitor] - Notice from spectre at time = 81.4009 us during periodic steady state analysis `pss', during Monte Carlo analysis `mc1'.
    Found trapezoidal ringing on node V7:p. {"history": "MonteCarlo.6", "point": 1, "testname": "IN_MC", "cornername": "Nominal"}
[2026-04-06 21:01:36.821 Z] [INFO] [cadence.virtuoso.ade.simulationMonitor] - Notice from spectre at time = 67.1671 us during periodic steady state analysis `pss', during Monte Carlo analysis `mc1'.
    Found trapezoidal ringing on node I2.net3. {"history": "MonteCarlo.6", "point": 1, "testname": "IN_MC", "cornername": "Nominal"}
[2026-04-06 21:01:36.821 Z] [INFO] [cadence.virtuoso.ade.simulationMonitor] - Notice from spectre at time = 105.538 us during periodic steady state analysis `pss', during Monte Carlo analysis `mc1'.
    Found trapezoidal ringing on node I2.net3. {"history": "MonteCarlo.6", "point": 1, "testname": "IN_MC", "cornername": "Nominal"}
[2026-04-06 21:01:36.821 Z] [INFO] [cadence.virtuoso.ade.simulationMonitor] - Notice from spectre at time = 159.307 us during periodic steady state analysis `pss', during Monte Carlo analysis `mc1'.
    Found trapezoidal ringing on node I2.BC.
        Further occurrences of this notice will be suppressed. {"history": "MonteCarlo.6", "point": 1, "testname": "IN_MC", "cornername": "Nominal"}
[2026-04-06 21:01:45.829 Z] [INFO] [cadence.virtuoso.ade.simulationMonitor] - Total time required for tstab analysis `pss': CPU = 5.57856 s, elapsed = 9.10923 s. {"history": "MonteCarlo.6", "point": 1, "testname": "IN_MC", "cornername": "Nominal"}
[2026-04-06 21:01:45.830 Z] [INFO] [cadence.virtuoso.ade.simulationMonitor] - Peak resident memory used = 218 Mbytes. {"history": "MonteCarlo.6", "point": 1, "testname": "IN_MC", "cornername": "Nominal"}
[2026-04-06 21:01:45.831 Z] [INFO] [cadence.virtuoso.ade.simulationMonitor] - Notice from spectre during periodic steady state analysis `pss', during Monte Carlo analysis `mc1'.
    62 warnings suppressed. {"history": "MonteCarlo.6", "point": 1, "testname": "IN_MC", "cornername": "Nominal"}
[2026-04-06 21:02:01.839 Z] [INFO] [cadence.virtuoso.ade.simulationMonitor] - Notice from spectre during periodic steady state analysis `pss', during Monte Carlo analysis `mc1'.
    Trapezoidal ringing is detected during pss analysis.
        Please use method=trap for better results and performance. {"history": "MonteCarlo.6", "point": 1, "testname": "IN_MC", "cornername": "Nominal"}
[2026-04-06 21:02:01.839 Z] [INFO] [cadence.virtuoso.ade.simulationMonitor] - Total time required for pss analysis `pss': CPU = 19.7587 s, elapsed = 24.7804 s, util. = 79.7%. {"history": "MonteCarlo.6", "point": 1, "testname": "IN_MC", "cornername": "Nominal"}
[2026-04-06 21:02:01.839 Z] [INFO] [cadence.virtuoso.ade.simulationMonitor] - Peak resident memory used = 386 Mbytes. {"history": "MonteCarlo.6", "point": 1, "testname": "IN_MC", "cornername": "Nominal"}
[2026-04-06 21:02:01.839 Z] [INFO] [cadence.virtuoso.ade.simulationMonitor] - Notice from spectre during periodic steady state analysis `pss', during Monte Carlo analysis `mc1'.
    1198 notices suppressed. {"history": "MonteCarlo.6", "point": 1, "testname": "IN_MC", "cornername": "Nominal"}
[2026-04-06 21:02:01.839 Z] [WARN] [cadence.virtuoso.ade.simulationMonitor] -     WARNING (CMI-2425): I14.C1: `Acde' = 2.393 is unusually large. {"history": "MonteCarlo.6", "point": 1, "testname": "IN_MC", "cornername": "Nominal"}
[2026-04-06 21:02:01.839 Z] [WARN] [cadence.virtuoso.ade.simulationMonitor] -     WARNING (CMI-2425): I14.C1: `Noff' = 4.732 is unusually large. {"history": "MonteCarlo.6", "point": 1, "testname": "IN_MC", "cornername": "Nominal"}
[2026-04-06 21:02:01.839 Z] [WARN] [cadence.virtuoso.ade.simulationMonitor] -     WARNING (CMI-2424): I14.C1: `Voffcv' = -867.4e-03 is unusually small. {"history": "MonteCarlo.6", "point": 1, "testname": "IN_MC", "cornername": "Nominal"}
[2026-04-06 21:02:01.839 Z] [INFO] [cadence.virtuoso.ade.simulationMonitor] - Notice from spectre during DC analysis `dcOp', during Monte Carlo analysis `mc1'.
    GminDC = 1 pS is large enough to noticeably affect the DC solution.
        dV(I14.C1.d1) = 2.58332 mV
        Use the `gmin_check' option to eliminate or expand this report.
    Bad pivoting is found during DC analysis. Option dc_pivot_check=yes is recommended for possible improvement of convergence. {"history": "MonteCarlo.6", "point": 1, "testname": "IN_MC", "cornername": "Nominal"}
[2026-04-06 21:02:01.839 Z] [WARN] [cadence.virtuoso.ade.simulationMonitor] -     WARNING (CMI-2943): Parameter checks have been ignored because the valid value for parameter 'trise' could not be found in 'C0'. {"history": "MonteCarlo.6", "point": 1, "testname": "IN_MC", "cornername": "Nominal"}
[2026-04-06 21:02:01.840 Z] [WARN] [cadence.virtuoso.ade.simulationMonitor] -     WARNING (CMI-2943): Parameter checks have been ignored because the valid value for parameter 'trise' could not be found in 'C1'. {"history": "MonteCarlo.6", "point": 1, "testname": "IN_MC", "cornername": "Nominal"}
[2026-04-06 21:02:01.840 Z] [WARN] [cadence.virtuoso.ade.simulationMonitor] -     WARNING (CMI-2943): Parameter checks have been ignored because the valid value for parameter 'trise' could not be found in 'I14.C0<0>_turbo_m8.C1'. {"history": "MonteCarlo.6", "point": 1, "testname": "IN_MC", "cornername": "Nominal"}
[2026-04-06 21:02:01.840 Z] [WARN] [cadence.virtuoso.ade.simulationMonitor] -     WARNING (CMI-2943): Parameter checks have been ignored because the valid value for parameter 'trise' could not be found in 'I14.C3.C1'. {"history": "MonteCarlo.6", "point": 1, "testname": "IN_MC", "cornername": "Nominal"}
[2026-04-06 21:02:01.840 Z] [WARN] [cadence.virtuoso.ade.simulationMonitor] -     WARNING (CMI-2943): Parameter checks have been ignored because the valid value for parameter 'trise' could not be found in 'I14.R0.CM'.
        Further occurrences of this warning will be suppressed. {"history": "MonteCarlo.6", "point": 1, "testname": "IN_MC", "cornername": "Nominal"}
[2026-04-06 21:02:01.840 Z] [INFO] [cadence.virtuoso.ade.simulationMonitor] - Total time required for dc analysis `dcOp': CPU = 12.503 ms, elapsed = 18.229 ms, util. = 68.6%. {"history": "MonteCarlo.6", "point": 1, "testname": "IN_MC", "cornername": "Nominal"}
[2026-04-06 21:02:01.840 Z] [INFO] [cadence.virtuoso.ade.simulationMonitor] - Peak resident memory used = 386 Mbytes. {"history": "MonteCarlo.6", "point": 1, "testname": "IN_MC", "cornername": "Nominal"}
[2026-04-06 21:02:01.840 Z] [INFO] [cadence.virtuoso.ade.simulationMonitor] - Notice from spectre during Monte Carlo analysis `mc1'.
    62 warnings suppressed. {"history": "MonteCarlo.6", "point": 1, "testname": "IN_MC", "cornername": "Nominal"}
[2026-04-06 21:02:01.840 Z] [INFO] [cadence.virtuoso.ade.simulationMonitor] - Notice from spectre during IC analysis, during periodic steady state analysis `pss', during Monte Carlo analysis `mc1'.
    GminDC = 1 pS is large enough to noticeably affect the DC solution.
        dV(I14.C1.d1) = 2.58332 mV
        Use the `gmin_check' option to eliminate or expand this report.
    Bad pivoting is found during DC analysis. Option dc_pivot_check=yes is recommended for possible improvement of convergence. {"history": "MonteCarlo.6", "point": 1, "testname": "IN_MC", "cornername": "Nominal"}
[2026-04-06 21:02:01.840 Z] [WARN] [cadence.virtuoso.ade.simulationMonitor] -     WARNING (CMI-2943): Parameter checks have been ignored because the valid value for parameter 'trise' could not be found in 'C0'. {"history": "MonteCarlo.6", "point": 1, "testname": "IN_MC", "cornername": "Nominal"}
[2026-04-06 21:02:01.840 Z] [WARN] [cadence.virtuoso.ade.simulationMonitor] -     WARNING (CMI-2943): Parameter checks have been ignored because the valid value for parameter 'trise' could not be found in 'C1'. {"history": "MonteCarlo.6", "point": 1, "testname": "IN_MC", "cornername": "Nominal"}
[2026-04-06 21:02:01.840 Z] [WARN] [cadence.virtuoso.ade.simulationMonitor] -     WARNING (CMI-2943): Parameter checks have been ignored because the valid value for parameter 'trise' could not be found in 'I14.C0<0>_turbo_m8.C1'. {"history": "MonteCarlo.6", "point": 1, "testname": "IN_MC", "cornername": "Nominal"}
[2026-04-06 21:02:01.840 Z] [WARN] [cadence.virtuoso.ade.simulationMonitor] -     WARNING (CMI-2943): Parameter checks have been ignored because the valid value for parameter 'trise' could not be found in 'I14.C3.C1'. {"history": "MonteCarlo.6", "point": 1, "testname": "IN_MC", "cornername": "Nominal"}
[2026-04-06 21:02:01.840 Z] [WARN] [cadence.virtuoso.ade.simulationMonitor] -     WARNING (CMI-2943): Parameter checks have been ignored because the valid value for parameter 'trise' could not be found in 'I14.R0.CM'.
        Further occurrences of this warning will be suppressed. {"history": "MonteCarlo.6", "point": 1, "testname": "IN_MC", "cornername": "Nominal"}
[2026-04-06 21:02:01.840 Z] [INFO] [cadence.virtuoso.ade.simulationMonitor] - Notice from spectre at time = 20.6623 us during periodic steady state analysis `pss', during Monte Carlo analysis `mc1'.
    Found trapezoidal ringing on node I2.net3. {"history": "MonteCarlo.6", "point": 1, "testname": "IN_MC", "cornername": "Nominal"}
[2026-04-06 21:02:01.840 Z] [INFO] [cadence.virtuoso.ade.simulationMonitor] - Notice from spectre at time = 44.0616 us during periodic steady state analysis `pss', during Monte Carlo analysis `mc1'.
    Found trapezoidal ringing on node I2.A. {"history": "MonteCarlo.6", "point": 1, "testname": "IN_MC", "cornername": "Nominal"}
[2026-04-06 21:02:01.840 Z] [INFO] [cadence.virtuoso.ade.simulationMonitor] - Notice from spectre at time = 66.7787 us during periodic steady state analysis `pss', during Monte Carlo analysis `mc1'.
    Found trapezoidal ringing on node V1:p. {"history": "MonteCarlo.6", "point": 1, "testname": "IN_MC", "cornername": "Nominal"}
[2026-04-06 21:02:01.840 Z] [INFO] [cadence.virtuoso.ade.simulationMonitor] - Notice from spectre at time = 71.6541 us during periodic steady state analysis `pss', during Monte Carlo analysis `mc1'.
    Found trapezoidal ringing on node I2.A. {"history": "MonteCarlo.6", "point": 1, "testname": "IN_MC", "cornername": "Nominal"}
[2026-04-06 21:02:01.841 Z] [INFO] [cadence.virtuoso.ade.simulationMonitor] - Notice from spectre at time = 103.123 us during periodic steady state analysis `pss', during Monte Carlo analysis `mc1'.
    Found trapezoidal ringing on node V1:p.
        Further occurrences of this notice will be suppressed. {"history": "MonteCarlo.6", "point": 1, "testname": "IN_MC", "cornername": "Nominal"}
[2026-04-06 21:02:01.841 Z] [PROCESS] [cadence.virtuoso.ade.simulationMonitor] - Finished simulating for one iteration {"hostname": "edatools", "processid": 2915552, "history": "MonteCarlo.6", "testname": "IN_MC", "cornername": "Nominal", "point": 1, "logfile": "/home/saul/projects/IL2244_VT26_SAUL/logs_saul/logs0/Job20.log", "simid": "1"}
[2026-04-06 21:02:01.841 Z] [PROCESS] [cadence.virtuoso.ade.simulationMonitor] - Started Simulation {"hostname": "edatools", "processid": 2915552, "history": "MonteCarlo.6", "testname": "IN_MC", "cornername": "Nominal", "point": 2, "logfile": "/home/saul/projects/IL2244_VT26_SAUL/logs_saul/logs0/Job20.log", "event": "started", "task": "simulation"}
[2026-04-06 21:02:03.341 Z] [INFO] [cadence.virtuoso.ade.simulationMonitor] - Total time required for tstab analysis `pss': CPU = 1.43625 s, elapsed = 1.48526 s. {"history": "MonteCarlo.6", "point": 2, "testname": "IN_MC", "cornername": "Nominal"}
[2026-04-06 21:02:03.341 Z] [INFO] [cadence.virtuoso.ade.simulationMonitor] - Peak resident memory used = 386 Mbytes. {"history": "MonteCarlo.6", "point": 2, "testname": "IN_MC", "cornername": "Nominal"}
[2026-04-06 21:02:03.342 Z] [INFO] [cadence.virtuoso.ade.simulationMonitor] - Notice from spectre during periodic steady state analysis `pss', during Monte Carlo analysis `mc1'.
    62 warnings suppressed. {"history": "MonteCarlo.6", "point": 2, "testname": "IN_MC", "cornername": "Nominal"}
[2026-04-06 21:02:15.846 Z] [INFO] [cadence.virtuoso.ade.simulationMonitor] - Notice from spectre during periodic steady state analysis `pss', during Monte Carlo analysis `mc1'.
    Trapezoidal ringing is detected during pss analysis.
        Please use method=trap for better results and performance. {"history": "MonteCarlo.6", "point": 2, "testname": "IN_MC", "cornername": "Nominal"}
[2026-04-06 21:02:15.846 Z] [INFO] [cadence.virtuoso.ade.simulationMonitor] - Total time required for pss analysis `pss': CPU = 14.0829 s, elapsed = 14.1572 s, util. = 99.5%. {"history": "MonteCarlo.6", "point": 2, "testname": "IN_MC", "cornername": "Nominal"}
[2026-04-06 21:02:15.846 Z] [INFO] [cadence.virtuoso.ade.simulationMonitor] - Peak resident memory used = 395 Mbytes. {"history": "MonteCarlo.6", "point": 2, "testname": "IN_MC", "cornername": "Nominal"}
[2026-04-06 21:02:15.847 Z] [INFO] [cadence.virtuoso.ade.simulationMonitor] - Notice from spectre during periodic steady state analysis `pss', during Monte Carlo analysis `mc1'.
    815 notices suppressed. {"history": "MonteCarlo.6", "point": 2, "testname": "IN_MC", "cornername": "Nominal"}
[2026-04-06 21:02:15.847 Z] [PROCESS] [cadence.virtuoso.ade.simulationMonitor] - Finished simulating for one iteration {"hostname": "edatools", "processid": 2915552, "history": "MonteCarlo.6", "testname": "IN_MC", "cornername": "Nominal", "point": 2, "logfile": "/home/saul/projects/IL2244_VT26_SAUL/logs_saul/logs0/Job20.log", "simid": "1"}
[2026-04-06 21:02:16.347 Z] [INFO] [cadence.virtuoso.ade.simulationMonitor] - Total time required for montecarlo analysis `mc1': CPU = 34.0173 s, elapsed = 39.386 s, util. = 86.4%. {"history": "MonteCarlo.6", "point": 2, "testname": "IN_MC", "cornername": "Nominal"}
[2026-04-06 21:02:16.347 Z] [INFO] [cadence.virtuoso.ade.simulationMonitor] - Peak resident memory used = 395 Mbytes. {"history": "MonteCarlo.6", "point": 2, "testname": "IN_MC", "cornername": "Nominal"}
[2026-04-06 21:02:16.347 Z] [INFO] [cadence.virtuoso.ade.simulationMonitor] - Time used: CPU = 34.2 s, elapsed = 39.8 s, util. = 86%. {"history": "MonteCarlo.6", "point": 2, "testname": "IN_MC", "cornername": "Nominal"}
[2026-04-06 21:02:16.347 Z] [INFO] [cadence.virtuoso.ade.simulationMonitor] - Time spent in licensing: elapsed = 61.1 ms. {"history": "MonteCarlo.6", "point": 2, "testname": "IN_MC", "cornername": "Nominal"}
[2026-04-06 21:02:16.347 Z] [INFO] [cadence.virtuoso.ade.simulationMonitor] - Peak memory used = 394 Mbytes. {"history": "MonteCarlo.6", "point": 2, "testname": "IN_MC", "cornername": "Nominal"}
[2026-04-06 21:02:16.347 Z] [PROCESS] [cadence.virtuoso.ade.simulationMonitor] - Simulation started at: 9:01:35 PM, Mon Apr 6, 2026, ended at: 9:02:15 PM, Mon Apr 6, 2026, with elapsed time (wall clock): 39.8 s. {"history": "MonteCarlo.6", "point": 1, "testname": "IN_MC", "cornername": "Nominal", "Points": "1 2 "}
[2026-04-06 21:02:16.347 Z] [PROCESS] [cadence.virtuoso.ade.simulationMonitor] - spectre completes with 0 errors, 59 warnings, and 35 notices. {"history": "MonteCarlo.6", "point": 1, "testname": "IN_MC", "cornername": "Nominal", "Points": "1 2 "}
[2026-04-06 21:02:16.348 Z] [PROCESS] [cadence.virtuoso.ade.simulationMonitor] - Simulator exited {"hostname": "edatools", "processid": 2915552, "history": "MonteCarlo.6", "testname": "IN_MC", "cornername": "Nominal", "point": 2, "logfile": "/home/saul/projects/IL2244_VT26_SAUL/logs_saul/logs0/Job20.log", "exitStatus": "0"}
[2026-04-06 21:02:16.348 Z] [PROCESS] [cadence.virtuoso.ade.simulationMonitor] - Finished Simulation {"hostname": "edatools", "processid": 2915552, "history": "MonteCarlo.6", "testname": "IN_MC", "cornername": "Nominal", "point": 1, "logfile": "/home/saul/projects/IL2244_VT26_SAUL/logs_saul/logs0/Job20.log", "simid": "1"}
[2026-04-06 21:02:17.348 Z] [PROCESS] [cadence.virtuoso.ade.simulationMonitor] - Point Finished {"hostname": "edatools", "processid": 2915552, "history": "MonteCarlo.6", "testname": "IN_MC", "cornername": "Nominal", "point": 1, "logfile": "/home/saul/projects/IL2244_VT26_SAUL/logs_saul/logs0/Job20.log"}
[2026-04-06 21:02:18.349 Z] [PROCESS] [cadence.virtuoso.ade.simulationMonitor] - Stay with the runId '9', Linger time '300', currentRunSyn '19', currentTestSyn '7' {"hostname": "edatools", "processid": 2915552, "history": "MonteCarlo.6", "testname": "IN_MC", "cornername": "Nominal", "point": 1, "logfile": "/home/saul/projects/IL2244_VT26_SAUL/logs_saul/logs0/Job20.log"}
[2026-04-06 21:02:19.350 Z] [PROCESS] [cadence.virtuoso.ade.simulationMonitor] - Stay with the runId '9', Linger time '300', currentRunSyn '19', currentTestSyn '7' {"hostname": "edatools", "processid": 2915552, "history": "MonteCarlo.6", "testname": "IN_MC", "cornername": "Nominal", "point": 1, "logfile": "/home/saul/projects/IL2244_VT26_SAUL/logs_saul/logs0/Job20.log"}
[2026-04-06 21:02:20.352 Z] [PROCESS] [cadence.virtuoso.ade.simulationMonitor] - Stay with the runId '9', Linger time '300', currentRunSyn '19', currentTestSyn '7' {"hostname": "edatools", "processid": 2915552, "history": "MonteCarlo.6", "testname": "IN_MC", "cornername": "Nominal", "point": 1, "logfile": "/home/saul/projects/IL2244_VT26_SAUL/logs_saul/logs0/Job20.log"}
[2026-04-06 21:07:18.302 Z] [PROCESS] [cadence.virtuoso.ade.simulationMonitor] - Current memory used: 52.3945 MBytes, peak memory used: 52.3945 MBytes {"hostname": "edatools", "processid": 2915552, "history": "MonteCarlo.6", "testname": "IN_MC", "cornername": "Nominal", "point": 1, "logfile": "/home/saul/projects/IL2244_VT26_SAUL/logs_saul/logs0/Job20.log"}
[2026-04-06 21:07:18.302 Z] [PROCESS] [cadence.virtuoso.ade.simulationMonitor] - Simulation Monitor process exit. {"hostname": "edatools", "processid": 2915552, "history": "MonteCarlo.6", "testname": "IN_MC", "cornername": "Nominal", "point": 1, "logfile": "/home/saul/projects/IL2244_VT26_SAUL/logs_saul/logs0/Job20.log"}
