[Simulation Monitor: 2]
[2026-04-19 15:17:27.206 Z] [PROCESS] [cadence.virtuoso.ade.simulationMonitor] - Simulation Monitor has successfully started up. Trying to set up communication channels to other components ... {"hostname": "edatools", "processid": 3823923, "logfile": "/home/saul/projects/IL2244_VT26_SAUL/logs_saul/logs0/Job2.log"}
[2026-04-19 15:17:27.207 Z] [PROCESS] [cadence.virtuoso.ade.simulationMonitor] - Communication channels have been successfully set up. Start processing events ... {"hostname": "edatools", "processid": 3823923, "logfile": "/home/saul/projects/IL2244_VT26_SAUL/logs_saul/logs0/Job2.log"}
[2026-04-19 15:17:27.207 Z] [PROCESS] [cadence.virtuoso.ade.simulationMonitor] - Considering to start history {"hostname": "edatools", "processid": 3823923, "history": "Interactive.95", "logfile": "/home/saul/projects/IL2244_VT26_SAUL/logs_saul/logs0/Job2.log"}
[2026-04-19 15:17:27.208 Z] [PROCESS] [cadence.virtuoso.ade.simulationMonitor] - HostInfo:
Host name (type):	edatools (x86_64)
Operating system:	Linux 6.17.0-20-generic #20~24.04.1-Ubuntu SMP PREEMPT_DYNAMIC Thu Mar 19 01:28:37 UTC 2 {"hostname": "edatools", "processid": 3823923, "history": "Interactive.95", "logfile": "/home/saul/projects/IL2244_VT26_SAUL/logs_saul/logs0/Job2.log", "nodename": "edatools", "domainname": "(none)", "machine": "x86_64", "sysname": "Linux", "release": "6.17.0-20-generic", "version": "#20~24.04.1-Ubuntu SMP PREEMPT_DYNAMIC Thu Mar 19 01:28:37 UTC 2"}
[2026-04-19 15:17:27.208 Z] [PROCESS] [cadence.virtuoso.ade.simulationMonitor] - UsageInfo:
pid=3823923
totalPhysicalMemory=62.544991GB,Used=31.285275GB,totalVirtualMemory=70.544987GB,Used=31.285275GB
Cpu: Cores=16, Load average:0.230000,0.170000,0.150000 {"hostname": "edatools", "processid": 3823923, "history": "Interactive.95", "logfile": "/home/saul/projects/IL2244_VT26_SAUL/logs_saul/logs0/Job2.log", "pid": "3823923", "totalPhysicalMemory": "62.544991", "physicalMemoryUsed": "31.285275", "totalVirtualMemory": "70.544987", "virtualMemoryUsed": "31.285275", "cpuCores": "16", "processes": "1944", "loadAverage1": "0.230000", "loadAverage5": "0.170000", "loadAverage15": "0.150000", "loadAverage1Percent": "0.014375"}
[2026-04-19 15:17:27.208 Z] [EVENT] [cadence.virtuoso.ade.simulationMonitor] - NewPoint {"history": "Interactive.95", "point": 1, "testname": "FECG_fecg_cmfb_tb_1", "cornername": "Nominal", "event": "NewPoint", "EventSource": "Simulation Monitor", "HistoryName": "Interactive.95", "logFile": "/home/saul/projects/IL2244_VT26_SAUL/logs_saul/logs0/Job2.log", "logFileSize": "2199"}
[2026-04-19 15:17:27.309 Z] [EVENT] [cadence.virtuoso.ade.simulationMonitor] - NewPoint {"history": "Interactive.95", "point": 1, "testname": "FECG_fecg_cmfb_tb_1", "cornername": "Nominal", "event": "NewPoint", "EventSource": "spectre", "HistoryName": "Interactive.95", "logFile": "/home/saul/projects/IL2244_VT26_SAUL/Sim/FECG/fecg_cmfb_tb/maestro/results/maestro/Interactive.95/1/FECG_fecg_cmfb_tb_1/psf/spectre.out", "logFileSize": "-1"}
[2026-04-19 15:17:27.319 Z] [PROCESS] [cadence.virtuoso.ade.simulationMonitor] - Simulator launched {"hostname": "edatools", "processid": 3823923, "history": "Interactive.95", "testname": "FECG_fecg_cmfb_tb_1", "cornername": "Nominal", "point": 1, "logfile": "/home/saul/projects/IL2244_VT26_SAUL/logs_saul/logs0/Job2.log", "simid": "1"}
[2026-04-19 15:17:27.320 Z] [PROCESS] [cadence.virtuoso.ade.simulationMonitor] - Expression evaluator launched {"hostname": "edatools", "processid": 3823923, "history": "Interactive.95", "testname": "FECG_fecg_cmfb_tb_1", "cornername": "Nominal", "point": 1, "logfile": "/home/saul/projects/IL2244_VT26_SAUL/logs_saul/logs0/Job2.log"}
[2026-04-19 15:17:27.349 Z] [PROCESS] [cadence.virtuoso.ade.simulationMonitor] - Started Simulation {"hostname": "edatools", "processid": 3823923, "history": "Interactive.95", "testname": "FECG_fecg_cmfb_tb_1", "cornername": "Nominal", "point": 1, "logfile": "/home/saul/projects/IL2244_VT26_SAUL/logs_saul/logs0/Job2.log", "event": "started", "task": "simulation"}
[2026-04-19 15:17:27.850 Z] [INFO] [cadence.virtuoso.ade.simulationMonitor] - Notice from spectre during circuit read-in.
    Pre_Configuration file used: /opt/tools/cadence/installs/SPECTRE241/tools.lnx86/spectre/etc/configs/preset.precfg
    Configuration file used: `/opt/tools/cadence/installs/SPECTRE241/tools.lnx86/spectre/etc/configs/preset.cfg'. {"history": "Interactive.95", "point": 1, "testname": "FECG_fecg_cmfb_tb_1", "cornername": "Nominal"}
[2026-04-19 15:17:27.850 Z] [WARN] [cadence.virtuoso.ade.simulationMonitor] -     WARNING (SPECTRE-8360): line 1511: `ac' is an undefined primitive device. {"history": "Interactive.95", "point": 1, "testname": "FECG_fecg_cmfb_tb_1", "cornername": "Nominal"}
[2026-04-19 15:17:27.850 Z] [WARN] [cadence.virtuoso.ade.simulationMonitor] -     WARNING (SPECTRE-8360): line 1512: `ac' is an undefined primitive device. {"history": "Interactive.95", "point": 1, "testname": "FECG_fecg_cmfb_tb_1", "cornername": "Nominal"}
[2026-04-19 15:17:27.850 Z] [WARN] [cadence.virtuoso.ade.simulationMonitor] -     WARNING (SPECTRE-8360): line 1513: `ac' is an undefined primitive device. {"history": "Interactive.95", "point": 1, "testname": "FECG_fecg_cmfb_tb_1", "cornername": "Nominal"}
[2026-04-19 15:17:27.850 Z] [WARN] [cadence.virtuoso.ade.simulationMonitor] -     WARNING (SPECTRE-8360): line 1514: `ac' is an undefined primitive device. {"history": "Interactive.95", "point": 1, "testname": "FECG_fecg_cmfb_tb_1", "cornername": "Nominal"}
[2026-04-19 15:17:27.850 Z] [WARN] [cadence.virtuoso.ade.simulationMonitor] -     WARNING (SPECTRE-8360): line 1515: `ac' is an undefined primitive device.
        Further occurrences of this warning will be suppressed. {"history": "Interactive.95", "point": 1, "testname": "FECG_fecg_cmfb_tb_1", "cornername": "Nominal"}
[2026-04-19 15:17:27.850 Z] [INFO] [cadence.virtuoso.ade.simulationMonitor] - Peak resident memory used = 171 Mbytes. {"history": "Interactive.95", "point": 1, "testname": "FECG_fecg_cmfb_tb_1", "cornername": "Nominal"}
[2026-04-19 15:17:27.850 Z] [WARN] [cadence.virtuoso.ade.simulationMonitor] -     WARNING (VACOMP-2435): The environment variable CDS_AHDLCMI_ENABLE is no longer supported. Therefore, the simulator will use the default compiled C code flow. {"history": "Interactive.95", "point": 1, "testname": "FECG_fecg_cmfb_tb_1", "cornername": "Nominal"}
[2026-04-19 15:17:28.351 Z] [WARN] [cadence.virtuoso.ade.simulationMonitor] -     WARNING (SFE-3029): The dummy capacitor C8 is removed. {"history": "Interactive.95", "point": 1, "testname": "FECG_fecg_cmfb_tb_1", "cornername": "Nominal"}
[2026-04-19 15:17:28.351 Z] [INFO] [cadence.virtuoso.ade.simulationMonitor] - Peak resident memory used = 194 Mbytes. {"history": "Interactive.95", "point": 1, "testname": "FECG_fecg_cmfb_tb_1", "cornername": "Nominal"}
[2026-04-19 15:17:28.351 Z] [INFO] [cadence.virtuoso.ade.simulationMonitor] - Notice from spectre during hierarchy flattening.
    The value 'psf' specified for the 'checklimitdest' option will no longer be supported in future releases. Use 'spectre -h' to see other recommended values for the 'checklimitdest' option.
    I7.R10.CS0 of rpolyhc: `c' has the unusually small value of 0 F.
    I7.R10.CS1 of rpolyhc: `c' has the unusually small value of 0 F.
    I7.R9.CS0 of rpolyhc: `c' has the unusually small value of 0 F.
    I7.R9.CS1 of rpolyhc: `c' has the unusually small value of 0... {"history": "Interactive.95", "point": 1, "testname": "FECG_fecg_cmfb_tb_1", "cornername": "Nominal"}
[2026-04-19 15:17:28.351 Z] [INFO] [cadence.virtuoso.ade.simulationMonitor] - Peak resident memory used = 196 Mbytes. {"history": "Interactive.95", "point": 1, "testname": "FECG_fecg_cmfb_tb_1", "cornername": "Nominal"}
[2026-04-19 15:17:28.351 Z] [WARN] [cadence.virtuoso.ade.simulationMonitor] -     WARNING (CMI-2425): I7.I3.C1: `Acde' = 2.393 is unusually large. {"history": "Interactive.95", "point": 1, "testname": "FECG_fecg_cmfb_tb_1", "cornername": "Nominal"}
[2026-04-19 15:17:28.351 Z] [WARN] [cadence.virtuoso.ade.simulationMonitor] -     WARNING (CMI-2425): I7.I3.C1: `Noff' = 4.732 is unusually large. {"history": "Interactive.95", "point": 1, "testname": "FECG_fecg_cmfb_tb_1", "cornername": "Nominal"}
[2026-04-19 15:17:28.351 Z] [WARN] [cadence.virtuoso.ade.simulationMonitor] -     WARNING (CMI-2424): I7.I3.C1: `Voffcv' = -867.4e-03 is unusually small. {"history": "Interactive.95", "point": 1, "testname": "FECG_fecg_cmfb_tb_1", "cornername": "Nominal"}
[2026-04-19 15:17:28.351 Z] [WARN] [cadence.virtuoso.ade.simulationMonitor] -     WARNING (CMI-2425): I7.C0: `Acde' = 2.393 is unusually large. {"history": "Interactive.95", "point": 1, "testname": "FECG_fecg_cmfb_tb_1", "cornername": "Nominal"}
[2026-04-19 15:17:28.351 Z] [WARN] [cadence.virtuoso.ade.simulationMonitor] -     WARNING (CMI-2425): I7.C0: `Noff' = 4.732 is unusually large. {"history": "Interactive.95", "point": 1, "testname": "FECG_fecg_cmfb_tb_1", "cornername": "Nominal"}
[2026-04-19 15:17:28.351 Z] [WARN] [cadence.virtuoso.ade.simulationMonitor] -     WARNING (CMI-2424): I7.C0: `Voffcv' = -867.4e-03 is unusually small. {"history": "Interactive.95", "point": 1, "testname": "FECG_fecg_cmfb_tb_1", "cornername": "Nominal"}
[2026-04-19 15:17:28.852 Z] [WARN] [cadence.virtuoso.ade.simulationMonitor] -     WARNING (SPECTRE-17607): Assert `SOAC_rpolyh_vminuspsub' is ignored because it contains an expression which is invalid or not supported by native evaluator.  {"history": "Interactive.95", "point": 1, "testname": "FECG_fecg_cmfb_tb_1", "cornername": "Nominal"}
[2026-04-19 15:17:28.852 Z] [WARN] [cadence.virtuoso.ade.simulationMonitor] -     WARNING (SPECTRE-17607): Assert `SOAC_rpolyh_vpluspsub' is ignored because it contains an expression which is invalid or not supported by native evaluator.  {"history": "Interactive.95", "point": 1, "testname": "FECG_fecg_cmfb_tb_1", "cornername": "Nominal"}
[2026-04-19 15:17:28.852 Z] [WARN] [cadence.virtuoso.ade.simulationMonitor] -     WARNING (SPECTRE-16460): SOAC_cvarm_vspsub:Specified subcircuit master `cvarm' was not found. {"history": "Interactive.95", "point": 1, "testname": "FECG_fecg_cmfb_tb_1", "cornername": "Nominal"}
[2026-04-19 15:17:28.852 Z] [WARN] [cadence.virtuoso.ade.simulationMonitor] -     WARNING (SPECTRE-16462): SOAC_cvarm_vspsub:Error in specification of subcircuit master. Assert is ignored. {"history": "Interactive.95", "point": 1, "testname": "FECG_fecg_cmfb_tb_1", "cornername": "Nominal"}
[2026-04-19 15:17:28.852 Z] [WARN] [cadence.virtuoso.ade.simulationMonitor] -     WARNING (SPECTRE-16460): SOAC_cvarm_vbs:Specified subcircuit master `cvarm' was not found. {"history": "Interactive.95", "point": 1, "testname": "FECG_fecg_cmfb_tb_1", "cornername": "Nominal"}
[2026-04-19 15:17:28.852 Z] [WARN] [cadence.virtuoso.ade.simulationMonitor] -     WARNING (SPECTRE-16462): SOAC_cvarm_vbs:Error in specification of subcircuit master. Assert is ignored. {"history": "Interactive.95", "point": 1, "testname": "FECG_fecg_cmfb_tb_1", "cornername": "Nominal"}
[2026-04-19 15:17:28.852 Z] [WARN] [cadence.virtuoso.ade.simulationMonitor] -     WARNING (SPECTRE-16460): SOAC_cvarm_vgb:Specified subcircuit master `cvarm' was not found. {"history": "Interactive.95", "point": 1, "testname": "FECG_fecg_cmfb_tb_1", "cornername": "Nominal"}
[2026-04-19 15:17:28.853 Z] [WARN] [cadence.virtuoso.ade.simulationMonitor] -     WARNING (SPECTRE-16462): SOAC_cvarm_vgb:Error in specification of subcircuit master. Assert is ignored. {"history": "Interactive.95", "point": 1, "testname": "FECG_fecg_cmfb_tb_1", "cornername": "Nominal"}
[2026-04-19 15:17:28.853 Z] [WARN] [cadence.virtuoso.ade.simulationMonitor] -     WARNING (SPECTRE-16460): SOAC_cvart_vspsub:Specified subcircuit master `cvart' was not found. {"history": "Interactive.95", "point": 1, "testname": "FECG_fecg_cmfb_tb_1", "cornername": "Nominal"}
[2026-04-19 15:17:28.853 Z] [WARN] [cadence.virtuoso.ade.simulationMonitor] -     WARNING (SPECTRE-16462): SOAC_cvart_vspsub:Error in specification of subcircuit master. Assert is ignored. {"history": "Interactive.95", "point": 1, "testname": "FECG_fecg_cmfb_tb_1", "cornername": "Nominal"}
[2026-04-19 15:17:28.853 Z] [WARN] [cadence.virtuoso.ade.simulationMonitor] -     WARNING (SPECTRE-16460): SOAC_cvart_vbs:Specified subcircuit master `cvart' was not found.
        Further occurrences of this warning will be suppressed. {"history": "Interactive.95", "point": 1, "testname": "FECG_fecg_cmfb_tb_1", "cornername": "Nominal"}
[2026-04-19 15:17:28.853 Z] [WARN] [cadence.virtuoso.ade.simulationMonitor] -     WARNING (SPECTRE-16462): SOAC_cvart_vbs:Error in specification of subcircuit master. Assert is ignored.
        Further occurrences of this warning will be suppressed. {"history": "Interactive.95", "point": 1, "testname": "FECG_fecg_cmfb_tb_1", "cornername": "Nominal"}
[2026-04-19 15:17:28.853 Z] [WARN] [cadence.virtuoso.ade.simulationMonitor] -     WARNING (SPECTRE-17607): Assert `SOAC_cvar_vspsub' is ignored because it contains an expression which is invalid or not supported by native evaluator.  {"history": "Interactive.95", "point": 1, "testname": "FECG_fecg_cmfb_tb_1", "cornername": "Nominal"}
[2026-04-19 15:17:28.853 Z] [WARN] [cadence.virtuoso.ade.simulationMonitor] -     WARNING (SPECTRE-17607): Assert `SOAC_cvar_vbpsub' is ignored because it contains an expression which is invalid or not supported by native evaluator.  {"history": "Interactive.95", "point": 1, "testname": "FECG_fecg_cmfb_tb_1", "cornername": "Nominal"}
[2026-04-19 15:17:28.853 Z] [WARN] [cadence.virtuoso.ade.simulationMonitor] -     WARNING (SPECTRE-17607): Assert `SOAC_cvar_vgpsub' is ignored because it contains an expression which is invalid or not supported by native evaluator. 
        Further occurrences of this warning will be suppressed. {"history": "Interactive.95", "point": 1, "testname": "FECG_fecg_cmfb_tb_1", "cornername": "Nominal"}
[2026-04-19 15:17:28.853 Z] [INFO] [cadence.virtuoso.ade.simulationMonitor] - Notice from spectre during topology check.
    No DC path from node `VA' to ground, Gmin installed to provide path. {"history": "Interactive.95", "point": 1, "testname": "FECG_fecg_cmfb_tb_1", "cornername": "Nominal"}
[2026-04-19 15:17:28.853 Z] [INFO] [cadence.virtuoso.ade.simulationMonitor] - Notice from spectre during initial setup.
    Multithreading is disabled due to the size of the design being too small. {"history": "Interactive.95", "point": 1, "testname": "FECG_fecg_cmfb_tb_1", "cornername": "Nominal"}
[2026-04-19 15:17:28.853 Z] [INFO] [cadence.virtuoso.ade.simulationMonitor] -               nodes 63 {"history": "Interactive.95", "point": 1, "testname": "FECG_fecg_cmfb_tb_1", "cornername": "Nominal"}
[2026-04-19 15:17:28.853 Z] [INFO] [cadence.virtuoso.ade.simulationMonitor] - Notice from spectre during initial setup.
    2 resistors are shorted because their absolute value is less than or equal to 'rabsshort'.
    1 vsources are shorted because their absolute value is less than or equal to 'vabsshort'.
    Spectre X preset=cx enabled. {"history": "Interactive.95", "point": 1, "testname": "FECG_fecg_cmfb_tb_1", "cornername": "Nominal"}
[2026-04-19 15:17:28.853 Z] [WARN] [cadence.virtuoso.ade.simulationMonitor] -     WARNING (CMI-2425): I7.I3.C1: `Acde' = 2.393 is unusually large.
        Further occurrences of this warning will be suppressed. {"history": "Interactive.95", "point": 1, "testname": "FECG_fecg_cmfb_tb_1", "cornername": "Nominal"}
[2026-04-19 15:17:28.854 Z] [WARN] [cadence.virtuoso.ade.simulationMonitor] -     WARNING (CMI-2424): I7.I3.C1: `Voffcv' = -867.4e-03 is unusually small. {"history": "Interactive.95", "point": 1, "testname": "FECG_fecg_cmfb_tb_1", "cornername": "Nominal"}
[2026-04-19 15:17:28.854 Z] [WARN] [cadence.virtuoso.ade.simulationMonitor] -     WARNING (CMI-2424): I7.C0: `Voffcv' = -867.4e-03 is unusually small. {"history": "Interactive.95", "point": 1, "testname": "FECG_fecg_cmfb_tb_1", "cornername": "Nominal"}
[2026-04-19 15:17:28.854 Z] [INFO] [cadence.virtuoso.ade.simulationMonitor] - Notice from spectre.
    7 notices suppressed.
    77 warnings suppressed. {"history": "Interactive.95", "point": 1, "testname": "FECG_fecg_cmfb_tb_1", "cornername": "Nominal"}
[2026-04-19 15:17:28.854 Z] [INFO] [cadence.virtuoso.ade.simulationMonitor] - Peak resident memory used = 202 Mbytes. {"history": "Interactive.95", "point": 1, "testname": "FECG_fecg_cmfb_tb_1", "cornername": "Nominal"}
[2026-04-19 15:17:28.854 Z] [INFO] [cadence.virtuoso.ade.simulationMonitor] -    -   (Spectre X) Multi-threading. The recommended number of threads is 1, consider adding +mt=1 on command line. {"history": "Interactive.95", "point": 1, "testname": "FECG_fecg_cmfb_tb_1", "cornername": "Nominal"}
[2026-04-19 15:17:28.854 Z] [INFO] [cadence.virtuoso.ade.simulationMonitor] - Notice from spectre during DC analysis `dcOp'.
    No checklimit analysis defined for asserts. A default checklimit analysis 'SpectreChecklimitAnal' has been created with all asserts enabled. {"history": "Interactive.95", "point": 1, "testname": "FECG_fecg_cmfb_tb_1", "cornername": "Nominal"}
[2026-04-19 15:17:28.854 Z] [INFO] [cadence.virtuoso.ade.simulationMonitor] - Notice from spectre during DC analysis `dcOp'.
    GminDC = 1 pS is large enough to noticeably affect the DC solution.
        dV(I7.I3.C1.d1) = 2.5885 mV
        Use the `gmin_check' option to eliminate or expand this report.
    Bad pivoting is found during DC analysis. Option dc_pivot_check=yes is recommended for possible improvement of convergence. {"history": "Interactive.95", "point": 1, "testname": "FECG_fecg_cmfb_tb_1", "cornername": "Nominal"}
[2026-04-19 15:17:28.854 Z] [WARN] [cadence.virtuoso.ade.simulationMonitor] -     WARNING (CMI-2943): Parameter checks have been ignored because the valid value for parameter 'trise' could not be found in 'C9'. {"history": "Interactive.95", "point": 1, "testname": "FECG_fecg_cmfb_tb_1", "cornername": "Nominal"}
[2026-04-19 15:17:28.854 Z] [WARN] [cadence.virtuoso.ade.simulationMonitor] -     WARNING (CMI-2943): Parameter checks have been ignored because the valid value for parameter 'trise' could not be found in 'C0'. {"history": "Interactive.95", "point": 1, "testname": "FECG_fecg_cmfb_tb_1", "cornername": "Nominal"}
[2026-04-19 15:17:28.854 Z] [WARN] [cadence.virtuoso.ade.simulationMonitor] -     WARNING (CMI-2943): Parameter checks have been ignored because the valid value for parameter 'trise' could not be found in 'C1'. {"history": "Interactive.95", "point": 1, "testname": "FECG_fecg_cmfb_tb_1", "cornername": "Nominal"}
[2026-04-19 15:17:28.854 Z] [WARN] [cadence.virtuoso.ade.simulationMonitor] -     WARNING (CMI-2943): Parameter checks have been ignored because the valid value for parameter 'trise' could not be found in 'C4'. {"history": "Interactive.95", "point": 1, "testname": "FECG_fecg_cmfb_tb_1", "cornername": "Nominal"}
[2026-04-19 15:17:28.854 Z] [WARN] [cadence.virtuoso.ade.simulationMonitor] -     WARNING (CMI-2943): Parameter checks have been ignored because the valid value for parameter 'trise' could not be found in 'C5'.
        Further occurrences of this warning will be suppressed. {"history": "Interactive.95", "point": 1, "testname": "FECG_fecg_cmfb_tb_1", "cornername": "Nominal"}
[2026-04-19 15:17:28.854 Z] [INFO] [cadence.virtuoso.ade.simulationMonitor] - Total time required for dc analysis `dcOp': CPU = 35.278 ms, elapsed = 45.608 ms, util. = 77.4%. {"history": "Interactive.95", "point": 1, "testname": "FECG_fecg_cmfb_tb_1", "cornername": "Nominal"}
[2026-04-19 15:17:28.854 Z] [INFO] [cadence.virtuoso.ade.simulationMonitor] - Peak resident memory used = 208 Mbytes. {"history": "Interactive.95", "point": 1, "testname": "FECG_fecg_cmfb_tb_1", "cornername": "Nominal"}
[2026-04-19 15:17:28.854 Z] [INFO] [cadence.virtuoso.ade.simulationMonitor] - Notice from spectre.
    43 warnings suppressed. {"history": "Interactive.95", "point": 1, "testname": "FECG_fecg_cmfb_tb_1", "cornername": "Nominal"}
[2026-04-19 15:17:28.855 Z] [INFO] [cadence.virtuoso.ade.simulationMonitor] - Time used: CPU = 248 ms, elapsed = 1.21 s, util. = 20.6%. {"history": "Interactive.95", "point": 1, "testname": "FECG_fecg_cmfb_tb_1", "cornername": "Nominal"}
[2026-04-19 15:17:28.855 Z] [INFO] [cadence.virtuoso.ade.simulationMonitor] - Time spent in licensing: elapsed = 42.1 ms. {"history": "Interactive.95", "point": 1, "testname": "FECG_fecg_cmfb_tb_1", "cornername": "Nominal"}
[2026-04-19 15:17:28.855 Z] [INFO] [cadence.virtuoso.ade.simulationMonitor] - Peak memory used = 209 Mbytes. {"history": "Interactive.95", "point": 1, "testname": "FECG_fecg_cmfb_tb_1", "cornername": "Nominal"}
[2026-04-19 15:17:28.855 Z] [PROCESS] [cadence.virtuoso.ade.simulationMonitor] - Simulation started at: 3:17:27 PM, Sun Apr 19, 2026, ended at: 3:17:28 PM, Sun Apr 19, 2026, with elapsed time (wall clock): 1.21 s. {"history": "Interactive.95", "point": 1, "testname": "FECG_fecg_cmfb_tb_1", "cornername": "Nominal"}
[2026-04-19 15:17:28.855 Z] [PROCESS] [cadence.virtuoso.ade.simulationMonitor] - spectre completes with 0 errors, 36 warnings, and 21 notices. {"history": "Interactive.95", "point": 1, "testname": "FECG_fecg_cmfb_tb_1", "cornername": "Nominal"}
[2026-04-19 15:17:28.855 Z] [PROCESS] [cadence.virtuoso.ade.simulationMonitor] - Finished simulating for one point {"hostname": "edatools", "processid": 3823923, "history": "Interactive.95", "testname": "FECG_fecg_cmfb_tb_1", "cornername": "Nominal", "point": 1, "logfile": "/home/saul/projects/IL2244_VT26_SAUL/logs_saul/logs0/Job2.log", "simid": "1"}
[2026-04-19 15:17:28.855 Z] [PROCESS] [cadence.virtuoso.ade.simulationMonitor] - Simulator exited {"hostname": "edatools", "processid": 3823923, "history": "Interactive.95", "testname": "FECG_fecg_cmfb_tb_1", "cornername": "Nominal", "point": 1, "logfile": "/home/saul/projects/IL2244_VT26_SAUL/logs_saul/logs0/Job2.log", "exitStatus": "0"}
[2026-04-19 15:17:28.855 Z] [PROCESS] [cadence.virtuoso.ade.simulationMonitor] - Finished Simulation {"hostname": "edatools", "processid": 3823923, "history": "Interactive.95", "testname": "FECG_fecg_cmfb_tb_1", "cornername": "Nominal", "point": 1, "logfile": "/home/saul/projects/IL2244_VT26_SAUL/logs_saul/logs0/Job2.log", "simid": "1"}
[2026-04-19 15:17:30.360 Z] [PROCESS] [cadence.virtuoso.ade.simulationMonitor] - Point Finished {"hostname": "edatools", "processid": 3823923, "history": "Interactive.95", "testname": "FECG_fecg_cmfb_tb_1", "cornername": "Nominal", "point": 1, "logfile": "/home/saul/projects/IL2244_VT26_SAUL/logs_saul/logs0/Job2.log"}
[2026-04-19 15:19:45.298 Z] [PROCESS] [cadence.virtuoso.ade.simulationMonitor] - get signal Terminated<15> from user:saul, which pid:3823921:/opt/tools/cadence/installs/IC618/tools/bin/64bit/cdsServIpc {"hostname": "edatools", "processid": 3823923, "history": "Interactive.95", "testname": "FECG_fecg_cmfb_tb_1", "cornername": "Nominal", "point": 1, "logfile": "/home/saul/projects/IL2244_VT26_SAUL/logs_saul/logs0/Job2.log", "signal": "15", "signalName": "Terminated", "which": "/opt/tools/cadence/installs/IC618/tools/bin/64bit/cdsServIpc", "pid": "3823921", "user": "saul", "uid": "1000"}
[2026-04-19 15:19:45.298 Z] [INFO] [cadence.virtuoso.ade.simulationMonitor] - SimulationMonitor has terminated the  process '3823958', reason: 'simulationMonitor is handling signal 15' {"history": "Interactive.95", "point": 1, "testname": "FECG_fecg_cmfb_tb_1", "cornername": "Nominal"}
[2026-04-19 15:19:45.799 Z] [PROCESS] [cadence.virtuoso.ade.simulationMonitor] - Current memory used: 53.0312 MBytes, peak memory used: 53.0312 MBytes {"hostname": "edatools", "processid": 3823923, "history": "Interactive.95", "testname": "FECG_fecg_cmfb_tb_1", "cornername": "Nominal", "point": 1, "logfile": "/home/saul/projects/IL2244_VT26_SAUL/logs_saul/logs0/Job2.log"}
[2026-04-19 15:19:45.800 Z] [PROCESS] [cadence.virtuoso.ade.simulationMonitor] - Simulation Monitor process exit. {"hostname": "edatools", "processid": 3823923, "history": "Interactive.95", "testname": "FECG_fecg_cmfb_tb_1", "cornername": "Nominal", "point": 1, "logfile": "/home/saul/projects/IL2244_VT26_SAUL/logs_saul/logs0/Job2.log"}
