*Info*    Exporting services from client ... 

*Info*    Client has finished starting ... 



*Info*    Configuring the session ...

	Library      = ECG_IA
	Cell         = ecg_ia_tb
	View         = schematic
	Simulator    = spectre
	State Path   = $AXL_SETUPDB_DIR/test_states
	State Name   = Noise_ECG_IA:ecg_ia_tb:1:1_state_Interactive.29
	Results DB   = /home/saul/projects/IL2244_VT26_SAUL/ECG_IA/ecg_ia_tb/adexl/results/data/Interactive.29.rdb
	Results Dir  = /home/saul/projects/AMS_35_V4_MINIMAL/Sim/ECG_IA/ecg_ia_tb/adexl/results/data/Interactive.29/1/Noise
	Results Loc  = /home/saul/projects/AMS_35_V4_MINIMAL/Sim/ECG_IA/ecg_ia_tb/adexl/results/data
	Project Dir  = /home/saul/projects/AMS_35_V4_MINIMAL/Sim
	Setup DB loc = /home/saul/projects/IL2244_VT26_SAUL/ECG_IA/ecg_ia_tb/adexl
	File Encoding = 0



*Info*    The auto suspension is disabled.






*Info*    Run start for Point ID (36 1) on testbench [ Noise ].

Resetting statistical vars

*Info*    Setting parameter values ...

Setting var FC = "1k"
Setting var VCM_AC = "1"
Setting var VCM_DC = "1.6"
Setting var VDD = "3.3"
Setting var VIN_AC = "1"
Setting var VIN_AMP = "10m"
Setting var VIN_DC = "0"
Setting var temperature = "27"
Setting temp(T) = 27

*Info*    Netlist Directory =
          /home/saul/projects/AMS_35_V4_MINIMAL/Sim/ECG_IA/ecg_ia_tb/adexl/results/data/Interactive.29/1/Noise/netlist


*Info*    Data Directory    =
          /home/saul/projects/AMS_35_V4_MINIMAL/Sim/ECG_IA/ecg_ia_tb/adexl/results/data/Interactive.29/1/Noise


*Info*    Creating Netlist for Point ID (36 1)

generate netlist...
function ansCdlCompPrim redefined
function ansCdlCompPrim redefined
Begin Incremental Netlisting Mar  9 12:34:55 2026
End netlisting Mar  9 12:34:55 2026

Netlisting Statistics:
	Number of components:   35

	Elapsed time:          0.0s
Errors: 0	Warnings: 0
      ...successful.
compose simulator input file...
      ...successful.

*Info*    Running simulation on testbench [ Noise ] for Point ID (36
          1).

Delete psf data in /home/saul/projects/AMS_35_V4_MINIMAL/Sim/ECG_IA/ecg_ia_tb/adexl/results/data/Interactive.29/1/Noise/psf.
compose simulator input file...
      ...successful.
start simulator if needed...
      ...successful.
simulate...
To view the simulator output, right-click on the test name, result 
name, or any value in the "Results" tab of the Outputs section and 
choose "Output Log" menu option.
WARNING (ADE-3080): Fast viewing extensions for PSF XL format (also known as RTSF) will be discontinued  
       and Virtuoso Visualization and Analysis XL will not use RTSF data to plot waveforms from IC6.1.8 ISR7 onward. 
       There will be no performance impact on data visualization due to this change.
INFO (ADE-3067): Errors encountered during simulation. For more information, right-click
        on a test name in the 'Results' tab of the Outputs pane and choose 'Output Log'
        to view the simulation run log.
reading simulation data...
      ...successful.

*Error*   Error ID  = 5011
*Error*   Error Msg = Simulator failed to complete the simulation.

          Error found by spectre during periodic steady state
          analysis `pss'.
Error found by spectre during periodic
          steady state analysis `pss'.
ERROR (CMI-2207): V7: The
          fundamental frequency 'fund' 1 kHz does not divide evenly
          into the stimulus frequency 'freq' 50 Hz. To fix the
          problem, adju
st the fundamental frequency so that an
          integer multiple of 'fund' equals 'freq'. 
Error found by
          spectre.
Error found by spectre.
ERROR (SPCRTRF-15024): The
          pnoise analysis was skipped because a PSS analysis must be
          run first.
Error found by spectre.
Error found by
          spectre.
ERROR (SPCRTRF-15024): The pnoise analysis was
          skipped because a PSS analysis must be run first.
Error
          found by spectre.
Error found by spectre.
ERROR
          (SPCRTRF-15024): The pnoise analysis was skipped because a
          PSS analysis must be run first.





*Info*    Client has finished evaluating ... 

WARNING (OCN-6038): Results xf are not available for /home/saul/projects/AMS_35_V4_MINIMAL/Sim/ECG_IA/ecg_ia_tb/adexl/results/data/Interactive.29/1/Noise. Use results() for a list of available results.
WARNING (OCN-6038): Results xf are not available for /home/saul/projects/AMS_35_V4_MINIMAL/Sim/ECG_IA/ecg_ia_tb/adexl/results/data/Interactive.29/1/Noise. Use results() for a list of available results.
ERROR (ADEXL-2709): Evaluation of output 'GAIN_CM' returned 'nil' for point:'1' test:'Noise'
	Expression:'db(getData("/V2" ?result "xf"))'.
Ensure that the definition of output is correct.

WARNING (OCN-6038): Results xf are not available for /home/saul/projects/AMS_35_V4_MINIMAL/Sim/ECG_IA/ecg_ia_tb/adexl/results/data/Interactive.29/1/Noise. Use results() for a list of available results.
WARNING (OCN-6038): Results xf are not available for /home/saul/projects/AMS_35_V4_MINIMAL/Sim/ECG_IA/ecg_ia_tb/adexl/results/data/Interactive.29/1/Noise. Use results() for a list of available results.
ERROR (ADEXL-2709): Evaluation of output 'GAIN_DIF' returned 'nil' for point:'1' test:'Noise'
	Expression:'db(getData("/V7" ?result "xf"))'.
Ensure that the definition of output is correct.

WARNING (OCN-6038): Results pnoiseOut1 are not available for /home/saul/projects/AMS_35_V4_MINIMAL/Sim/ECG_IA/ecg_ia_tb/adexl/results/data/Interactive.29/1/Noise. Use results() for a list of available results.
WARNING (OCN-6038): Results pnoiseOut1 are not available for /home/saul/projects/AMS_35_V4_MINIMAL/Sim/ECG_IA/ecg_ia_tb/adexl/results/data/Interactive.29/1/Noise. Use results() for a list of available results.
ERROR (ADEXL-2708): Evaluation of output 'output noise-(VOUT 0); V/sqrt(Hz)' failed for point:'1' test:'Noise'
	Expression:'rfOutputNoise("V/sqrt(Hz)" ?result "pnoiseOut1")'
	because of the following error(s)
	*Error* expt: can't handle (nil**2).
Ensure that the definition of output is correct.


*Info*    Run complete for Point ID (36 1) on testbench [ Noise ].





Simulation design variables differ from those on the cellView,
they have been saved in the file "/tmp/saved-design-variables".
To save future changes, copy variables to cellView before exiting.
