[Simulation Monitor: 24]
[2026-04-06 21:01:36.090 Z] [PROCESS] [cadence.virtuoso.ade.simulationMonitor] - Simulation Monitor has successfully started up. Trying to set up communication channels to other components ... {"hostname": "edatools", "processid": 2915985, "logfile": "/home/saul/projects/IL2244_VT26_SAUL/logs_saul/logs0/Job24.log"}
[2026-04-06 21:01:36.090 Z] [PROCESS] [cadence.virtuoso.ade.simulationMonitor] - Communication channels have been successfully set up. Start processing events ... {"hostname": "edatools", "processid": 2915985, "logfile": "/home/saul/projects/IL2244_VT26_SAUL/logs_saul/logs0/Job24.log"}
[2026-04-06 21:01:36.090 Z] [PROCESS] [cadence.virtuoso.ade.simulationMonitor] - Considering to start history {"hostname": "edatools", "processid": 2915985, "history": "Interactive.18", "logfile": "/home/saul/projects/IL2244_VT26_SAUL/logs_saul/logs0/Job24.log"}
[2026-04-06 21:01:36.092 Z] [PROCESS] [cadence.virtuoso.ade.simulationMonitor] - Started History {"hostname": "edatools", "processid": 2915985, "history": "MonteCarlo.6", "testname": "IN_MC", "cornername": "Nominal", "point": 9, "logfile": "/home/saul/projects/IL2244_VT26_SAUL/logs_saul/logs0/Job24.log"}
[2026-04-06 21:01:36.092 Z] [PROCESS] [cadence.virtuoso.ade.simulationMonitor] - HostInfo:
Host name (type):	edatools (x86_64)
Operating system:	Linux 6.17.0-19-generic #19~24.04.2-Ubuntu SMP PREEMPT_DYNAMIC Fri Mar  6 23:08:46 UTC 2 {"hostname": "edatools", "processid": 2915985, "history": "MonteCarlo.6", "testname": "IN_MC", "cornername": "Nominal", "point": 9, "logfile": "/home/saul/projects/IL2244_VT26_SAUL/logs_saul/logs0/Job24.log", "nodename": "edatools", "domainname": "(none)", "machine": "x86_64", "sysname": "Linux", "release": "6.17.0-19-generic", "version": "#19~24.04.2-Ubuntu SMP PREEMPT_DYNAMIC Fri Mar  6 23:08:46 UTC 2"}
[2026-04-06 21:01:36.092 Z] [PROCESS] [cadence.virtuoso.ade.simulationMonitor] - UsageInfo:
pid=2915985
totalPhysicalMemory=62.544987GB,Used=40.558140GB,totalVirtualMemory=70.544983GB,Used=40.558140GB
Cpu: Cores=16, Load average:0.290000,0.320000,0.450000 {"hostname": "edatools", "processid": 2915985, "history": "MonteCarlo.6", "testname": "IN_MC", "cornername": "Nominal", "point": 9, "logfile": "/home/saul/projects/IL2244_VT26_SAUL/logs_saul/logs0/Job24.log", "pid": "2915985", "totalPhysicalMemory": "62.544987", "physicalMemoryUsed": "40.558140", "totalVirtualMemory": "70.544983", "virtualMemoryUsed": "40.558140", "cpuCores": "16", "processes": "1773", "loadAverage1": "0.290000", "loadAverage5": "0.320000", "loadAverage15": "0.450000", "loadAverage1Percent": "0.018125"}
[2026-04-06 21:01:36.092 Z] [EVENT] [cadence.virtuoso.ade.simulationMonitor] - GroupPoints {"history": "MonteCarlo.6", "point": 9, "testname": "IN_MC", "cornername": "Nominal", "event": "GroupPoints", "EventSource": "Simulation Monitor", "Points": "9:1:10", "HistoryName": "MonteCarlo.6", "logFile": "/home/saul/projects/IL2244_VT26_SAUL/logs_saul/logs0/Job24.log", "logFileSize": "2623"}
[2026-04-06 21:01:36.193 Z] [EVENT] [cadence.virtuoso.ade.simulationMonitor] - GroupPoints {"history": "MonteCarlo.6", "point": 9, "testname": "IN_MC", "cornername": "Nominal", "event": "GroupPoints", "EventSource": "spectre", "Points": "9:1:10", "HistoryName": "MonteCarlo.6", "logFile": "/home/saul/projects/IL2244_VT26_SAUL/Sim/FECG/fecg_tb/maestro/results/maestro/MonteCarlo.6/9/IN_MC/groupRunDataDir/psf/spectre.out", "logFileSize": "-1"}
[2026-04-06 21:01:36.196 Z] [PROCESS] [cadence.virtuoso.ade.simulationMonitor] - Simulator launched {"hostname": "edatools", "processid": 2915985, "history": "MonteCarlo.6", "testname": "IN_MC", "cornername": "Nominal", "point": 9, "logfile": "/home/saul/projects/IL2244_VT26_SAUL/logs_saul/logs0/Job24.log", "simid": "1"}
[2026-04-06 21:01:36.197 Z] [PROCESS] [cadence.virtuoso.ade.simulationMonitor] - Expression evaluator launched {"hostname": "edatools", "processid": 2915985, "history": "MonteCarlo.6", "testname": "IN_MC", "cornername": "Nominal", "point": 9, "logfile": "/home/saul/projects/IL2244_VT26_SAUL/logs_saul/logs0/Job24.log"}
[2026-04-06 21:01:36.218 Z] [PROCESS] [cadence.virtuoso.ade.simulationMonitor] - Started Simulation {"hostname": "edatools", "processid": 2915985, "history": "MonteCarlo.6", "testname": "IN_MC", "cornername": "Nominal", "point": 9, "logfile": "/home/saul/projects/IL2244_VT26_SAUL/logs_saul/logs0/Job24.log", "event": "started", "task": "simulation"}
[2026-04-06 21:01:36.718 Z] [INFO] [cadence.virtuoso.ade.simulationMonitor] - Notice from spectre during circuit read-in.
    Pre_Configuration file used: /opt/tools/cadence/installs/SPECTRE241/tools.lnx86/spectre/etc/configs/preset.precfg
    Configuration file used: `/opt/tools/cadence/installs/SPECTRE241/tools.lnx86/spectre/etc/configs/preset.cfg'. {"history": "MonteCarlo.6", "point": 9, "testname": "IN_MC", "cornername": "Nominal"}
[2026-04-06 21:01:36.718 Z] [WARN] [cadence.virtuoso.ade.simulationMonitor] -     WARNING (SPECTRE-8360): line 1511: `ac' is an undefined primitive device. {"history": "MonteCarlo.6", "point": 9, "testname": "IN_MC", "cornername": "Nominal"}
[2026-04-06 21:01:36.718 Z] [WARN] [cadence.virtuoso.ade.simulationMonitor] -     WARNING (SPECTRE-8360): line 1512: `ac' is an undefined primitive device. {"history": "MonteCarlo.6", "point": 9, "testname": "IN_MC", "cornername": "Nominal"}
[2026-04-06 21:01:36.719 Z] [WARN] [cadence.virtuoso.ade.simulationMonitor] -     WARNING (SPECTRE-8360): line 1513: `ac' is an undefined primitive device. {"history": "MonteCarlo.6", "point": 9, "testname": "IN_MC", "cornername": "Nominal"}
[2026-04-06 21:01:36.719 Z] [WARN] [cadence.virtuoso.ade.simulationMonitor] -     WARNING (SPECTRE-8360): line 1514: `ac' is an undefined primitive device. {"history": "MonteCarlo.6", "point": 9, "testname": "IN_MC", "cornername": "Nominal"}
[2026-04-06 21:01:36.719 Z] [WARN] [cadence.virtuoso.ade.simulationMonitor] -     WARNING (SPECTRE-8360): line 1515: `ac' is an undefined primitive device.
        Further occurrences of this warning will be suppressed. {"history": "MonteCarlo.6", "point": 9, "testname": "IN_MC", "cornername": "Nominal"}
[2026-04-06 21:01:36.719 Z] [INFO] [cadence.virtuoso.ade.simulationMonitor] - Peak resident memory used = 173 Mbytes. {"history": "MonteCarlo.6", "point": 9, "testname": "IN_MC", "cornername": "Nominal"}
[2026-04-06 21:01:36.719 Z] [WARN] [cadence.virtuoso.ade.simulationMonitor] -     WARNING (VACOMP-2435): The environment variable CDS_AHDLCMI_ENABLE is no longer supported. Therefore, the simulator will use the default compiled C code flow. {"history": "MonteCarlo.6", "point": 9, "testname": "IN_MC", "cornername": "Nominal"}
[2026-04-06 21:01:36.719 Z] [WARN] [cadence.virtuoso.ade.simulationMonitor] -     WARNING (SFE-3031): The floating capacitor I14.C2.C1 is removed. {"history": "MonteCarlo.6", "point": 9, "testname": "IN_MC", "cornername": "Nominal"}
[2026-04-06 21:01:36.719 Z] [WARN] [cadence.virtuoso.ade.simulationMonitor] -     WARNING (SFE-3031): The floating capacitor I11.C7<0>_turbo_m3.C1 is removed. {"history": "MonteCarlo.6", "point": 9, "testname": "IN_MC", "cornername": "Nominal"}
[2026-04-06 21:01:36.719 Z] [WARN] [cadence.virtuoso.ade.simulationMonitor] -     WARNING (SFE-3031): The floating capacitor I12.C6<0>_turbo_m3.C1 is removed. {"history": "MonteCarlo.6", "point": 9, "testname": "IN_MC", "cornername": "Nominal"}
[2026-04-06 21:01:36.719 Z] [WARN] [cadence.virtuoso.ade.simulationMonitor] -     WARNING (SFE-3031): The floating capacitor I11.C10<0>_turbo_m12.C1 is removed. {"history": "MonteCarlo.6", "point": 9, "testname": "IN_MC", "cornername": "Nominal"}
[2026-04-06 21:01:36.719 Z] [WARN] [cadence.virtuoso.ade.simulationMonitor] -     WARNING (SFE-3031): The floating capacitor I8.C7<0>_turbo_m3.C1 is removed.
        Further occurrences of this warning will be suppressed. {"history": "MonteCarlo.6", "point": 9, "testname": "IN_MC", "cornername": "Nominal"}
[2026-04-06 21:01:36.719 Z] [INFO] [cadence.virtuoso.ade.simulationMonitor] - Peak resident memory used = 190 Mbytes. {"history": "MonteCarlo.6", "point": 9, "testname": "IN_MC", "cornername": "Nominal"}
[2026-04-06 21:01:36.719 Z] [INFO] [cadence.virtuoso.ade.simulationMonitor] - Notice from spectre during hierarchy flattening.
    The value 'psf' specified for the 'checklimitdest' option will no longer be supported in future releases. Use 'spectre -h' to see other recommended values for the 'checklimitdest' option. {"history": "MonteCarlo.6", "point": 9, "testname": "IN_MC", "cornername": "Nominal"}
[2026-04-06 21:01:36.719 Z] [INFO] [cadence.virtuoso.ade.simulationMonitor] - Peak resident memory used = 193 Mbytes. {"history": "MonteCarlo.6", "point": 9, "testname": "IN_MC", "cornername": "Nominal"}
[2026-04-06 21:01:36.720 Z] [WARN] [cadence.virtuoso.ade.simulationMonitor] -     WARNING (CMI-2425): I14.C1: `Acde' = 2.393 is unusually large. {"history": "MonteCarlo.6", "point": 9, "testname": "IN_MC", "cornername": "Nominal"}
[2026-04-06 21:01:36.720 Z] [WARN] [cadence.virtuoso.ade.simulationMonitor] -     WARNING (CMI-2425): I14.C1: `Noff' = 4.732 is unusually large. {"history": "MonteCarlo.6", "point": 9, "testname": "IN_MC", "cornername": "Nominal"}
[2026-04-06 21:01:36.720 Z] [WARN] [cadence.virtuoso.ade.simulationMonitor] -     WARNING (CMI-2424): I14.C1: `Voffcv' = -867.4e-03 is unusually small. {"history": "MonteCarlo.6", "point": 9, "testname": "IN_MC", "cornername": "Nominal"}
[2026-04-06 21:01:36.720 Z] [WARN] [cadence.virtuoso.ade.simulationMonitor] -     WARNING (SPECTRE-17607): Assert `SOAC_rpolyh_vminuspsub' is ignored because it contains an expression which is invalid or not supported by native evaluator.  {"history": "MonteCarlo.6", "point": 9, "testname": "IN_MC", "cornername": "Nominal"}
[2026-04-06 21:01:36.720 Z] [WARN] [cadence.virtuoso.ade.simulationMonitor] -     WARNING (SPECTRE-17607): Assert `SOAC_rpolyh_vpluspsub' is ignored because it contains an expression which is invalid or not supported by native evaluator.  {"history": "MonteCarlo.6", "point": 9, "testname": "IN_MC", "cornername": "Nominal"}
[2026-04-06 21:01:36.720 Z] [WARN] [cadence.virtuoso.ade.simulationMonitor] -     WARNING (SPECTRE-16460): SOAC_cvarm_vspsub:Specified subcircuit master `cvarm' was not found. {"history": "MonteCarlo.6", "point": 9, "testname": "IN_MC", "cornername": "Nominal"}
[2026-04-06 21:01:36.720 Z] [WARN] [cadence.virtuoso.ade.simulationMonitor] -     WARNING (SPECTRE-16462): SOAC_cvarm_vspsub:Error in specification of subcircuit master. Assert is ignored. {"history": "MonteCarlo.6", "point": 9, "testname": "IN_MC", "cornername": "Nominal"}
[2026-04-06 21:01:36.720 Z] [WARN] [cadence.virtuoso.ade.simulationMonitor] -     WARNING (SPECTRE-16460): SOAC_cvarm_vbs:Specified subcircuit master `cvarm' was not found. {"history": "MonteCarlo.6", "point": 9, "testname": "IN_MC", "cornername": "Nominal"}
[2026-04-06 21:01:36.720 Z] [WARN] [cadence.virtuoso.ade.simulationMonitor] -     WARNING (SPECTRE-16462): SOAC_cvarm_vbs:Error in specification of subcircuit master. Assert is ignored. {"history": "MonteCarlo.6", "point": 9, "testname": "IN_MC", "cornername": "Nominal"}
[2026-04-06 21:01:36.720 Z] [WARN] [cadence.virtuoso.ade.simulationMonitor] -     WARNING (SPECTRE-16460): SOAC_cvarm_vgb:Specified subcircuit master `cvarm' was not found. {"history": "MonteCarlo.6", "point": 9, "testname": "IN_MC", "cornername": "Nominal"}
[2026-04-06 21:01:36.720 Z] [WARN] [cadence.virtuoso.ade.simulationMonitor] -     WARNING (SPECTRE-16462): SOAC_cvarm_vgb:Error in specification of subcircuit master. Assert is ignored. {"history": "MonteCarlo.6", "point": 9, "testname": "IN_MC", "cornername": "Nominal"}
[2026-04-06 21:01:36.720 Z] [WARN] [cadence.virtuoso.ade.simulationMonitor] -     WARNING (SPECTRE-16460): SOAC_cvart_vspsub:Specified subcircuit master `cvart' was not found. {"history": "MonteCarlo.6", "point": 9, "testname": "IN_MC", "cornername": "Nominal"}
[2026-04-06 21:01:36.720 Z] [WARN] [cadence.virtuoso.ade.simulationMonitor] -     WARNING (SPECTRE-16462): SOAC_cvart_vspsub:Error in specification of subcircuit master. Assert is ignored. {"history": "MonteCarlo.6", "point": 9, "testname": "IN_MC", "cornername": "Nominal"}
[2026-04-06 21:01:36.720 Z] [WARN] [cadence.virtuoso.ade.simulationMonitor] -     WARNING (SPECTRE-16460): SOAC_cvart_vbs:Specified subcircuit master `cvart' was not found.
        Further occurrences of this warning will be suppressed. {"history": "MonteCarlo.6", "point": 9, "testname": "IN_MC", "cornername": "Nominal"}
[2026-04-06 21:01:36.720 Z] [WARN] [cadence.virtuoso.ade.simulationMonitor] -     WARNING (SPECTRE-16462): SOAC_cvart_vbs:Error in specification of subcircuit master. Assert is ignored.
        Further occurrences of this warning will be suppressed. {"history": "MonteCarlo.6", "point": 9, "testname": "IN_MC", "cornername": "Nominal"}
[2026-04-06 21:01:36.721 Z] [WARN] [cadence.virtuoso.ade.simulationMonitor] -     WARNING (SPECTRE-17607): Assert `SOAC_cvar_vspsub' is ignored because it contains an expression which is invalid or not supported by native evaluator.  {"history": "MonteCarlo.6", "point": 9, "testname": "IN_MC", "cornername": "Nominal"}
[2026-04-06 21:01:36.721 Z] [WARN] [cadence.virtuoso.ade.simulationMonitor] -     WARNING (SPECTRE-17607): Assert `SOAC_cvar_vbpsub' is ignored because it contains an expression which is invalid or not supported by native evaluator.  {"history": "MonteCarlo.6", "point": 9, "testname": "IN_MC", "cornername": "Nominal"}
[2026-04-06 21:01:36.721 Z] [WARN] [cadence.virtuoso.ade.simulationMonitor] -     WARNING (SPECTRE-17607): Assert `SOAC_cvar_vgpsub' is ignored because it contains an expression which is invalid or not supported by native evaluator. 
        Further occurrences of this warning will be suppressed. {"history": "MonteCarlo.6", "point": 9, "testname": "IN_MC", "cornername": "Nominal"}
[2026-04-06 21:01:37.221 Z] [INFO] [cadence.virtuoso.ade.simulationMonitor] - Notice from spectre during initial setup.
    Multithreading is disabled due to the size of the design being too small. {"history": "MonteCarlo.6", "point": 9, "testname": "IN_MC", "cornername": "Nominal"}
[2026-04-06 21:01:37.221 Z] [WARN] [cadence.virtuoso.ade.simulationMonitor] -     WARNING (SPECTRE-592): Following parameters are disabled because they are ignored or redefined in Spectre X:
        
        
        PSS Parameters:
          errpreset {"history": "MonteCarlo.6", "point": 9, "testname": "IN_MC", "cornername": "Nominal"}
[2026-04-06 21:01:37.222 Z] [INFO] [cadence.virtuoso.ade.simulationMonitor] -               nodes 151 {"history": "MonteCarlo.6", "point": 9, "testname": "IN_MC", "cornername": "Nominal"}
[2026-04-06 21:01:37.222 Z] [INFO] [cadence.virtuoso.ade.simulationMonitor] - Notice from spectre during initial setup.
    Spectre X preset=mx enabled. {"history": "MonteCarlo.6", "point": 9, "testname": "IN_MC", "cornername": "Nominal"}
[2026-04-06 21:01:37.222 Z] [WARN] [cadence.virtuoso.ade.simulationMonitor] -     WARNING (CMI-2425): I14.C1: `Acde' = 2.393 is unusually large. {"history": "MonteCarlo.6", "point": 9, "testname": "IN_MC", "cornername": "Nominal"}
[2026-04-06 21:01:37.222 Z] [WARN] [cadence.virtuoso.ade.simulationMonitor] -     WARNING (CMI-2425): I14.C1: `Noff' = 4.732 is unusually large. {"history": "MonteCarlo.6", "point": 9, "testname": "IN_MC", "cornername": "Nominal"}
[2026-04-06 21:01:37.222 Z] [WARN] [cadence.virtuoso.ade.simulationMonitor] -     WARNING (CMI-2424): I14.C1: `Voffcv' = -867.4e-03 is unusually small. {"history": "MonteCarlo.6", "point": 9, "testname": "IN_MC", "cornername": "Nominal"}
[2026-04-06 21:01:37.223 Z] [INFO] [cadence.virtuoso.ade.simulationMonitor] - Notice from spectre.
    85 warnings suppressed. {"history": "MonteCarlo.6", "point": 9, "testname": "IN_MC", "cornername": "Nominal"}
[2026-04-06 21:01:37.223 Z] [INFO] [cadence.virtuoso.ade.simulationMonitor] - Peak resident memory used = 202 Mbytes. {"history": "MonteCarlo.6", "point": 9, "testname": "IN_MC", "cornername": "Nominal"}
[2026-04-06 21:01:37.223 Z] [INFO] [cadence.virtuoso.ade.simulationMonitor] -    -   (Spectre X) Multi-threading. The recommended number of threads is 1, consider adding +mt=1 on command line. {"history": "MonteCarlo.6", "point": 9, "testname": "IN_MC", "cornername": "Nominal"}
[2026-04-06 21:01:37.223 Z] [WARN] [cadence.virtuoso.ade.simulationMonitor] -     WARNING (CMI-2425): I14.C1: `Acde' = 2.393 is unusually large. {"history": "MonteCarlo.6", "point": 9, "testname": "IN_MC", "cornername": "Nominal"}
[2026-04-06 21:01:37.223 Z] [WARN] [cadence.virtuoso.ade.simulationMonitor] -     WARNING (CMI-2425): I14.C1: `Noff' = 4.732 is unusually large. {"history": "MonteCarlo.6", "point": 9, "testname": "IN_MC", "cornername": "Nominal"}
[2026-04-06 21:01:37.223 Z] [WARN] [cadence.virtuoso.ade.simulationMonitor] -     WARNING (CMI-2424): I14.C1: `Voffcv' = -867.4e-03 is unusually small. {"history": "MonteCarlo.6", "point": 9, "testname": "IN_MC", "cornername": "Nominal"}
[2026-04-06 21:01:37.224 Z] [INFO] [cadence.virtuoso.ade.simulationMonitor] - Notice from spectre at iteration = 9 during DC analysis `dcOp', during Monte Carlo analysis `mc1'.
    No checklimit analysis defined for asserts. A default checklimit analysis 'SpectreChecklimitAnal' has been created with all asserts enabled. {"history": "MonteCarlo.6", "point": 9, "testname": "IN_MC", "cornername": "Nominal"}
[2026-04-06 21:01:37.224 Z] [INFO] [cadence.virtuoso.ade.simulationMonitor] - Notice from spectre at iteration = 9 during DC analysis `dcOp', during Monte Carlo analysis `mc1'.
    GminDC = 1 pS is large enough to noticeably affect the DC solution.
        dV(I14.C1.d1) = 2.54605 mV
        Use the `gmin_check' option to eliminate or expand this report.
    Bad pivoting is found during DC analysis. Option dc_pivot_check=yes is recommended for possible improvement of convergence. {"history": "MonteCarlo.6", "point": 9, "testname": "IN_MC", "cornername": "Nominal"}
[2026-04-06 21:01:37.224 Z] [WARN] [cadence.virtuoso.ade.simulationMonitor] -     WARNING (CMI-2943): Parameter checks have been ignored because the valid value for parameter 'trise' could not be found in 'C0'. {"history": "MonteCarlo.6", "point": 9, "testname": "IN_MC", "cornername": "Nominal"}
[2026-04-06 21:01:37.224 Z] [WARN] [cadence.virtuoso.ade.simulationMonitor] -     WARNING (CMI-2943): Parameter checks have been ignored because the valid value for parameter 'trise' could not be found in 'C1'. {"history": "MonteCarlo.6", "point": 9, "testname": "IN_MC", "cornername": "Nominal"}
[2026-04-06 21:01:37.224 Z] [WARN] [cadence.virtuoso.ade.simulationMonitor] -     WARNING (CMI-2943): Parameter checks have been ignored because the valid value for parameter 'trise' could not be found in 'I14.C0<0>_turbo_m8.C1'. {"history": "MonteCarlo.6", "point": 9, "testname": "IN_MC", "cornername": "Nominal"}
[2026-04-06 21:01:37.225 Z] [WARN] [cadence.virtuoso.ade.simulationMonitor] -     WARNING (CMI-2943): Parameter checks have been ignored because the valid value for parameter 'trise' could not be found in 'I14.C3.C1'. {"history": "MonteCarlo.6", "point": 9, "testname": "IN_MC", "cornername": "Nominal"}
[2026-04-06 21:01:37.225 Z] [WARN] [cadence.virtuoso.ade.simulationMonitor] -     WARNING (CMI-2943): Parameter checks have been ignored because the valid value for parameter 'trise' could not be found in 'I14.R0.CM'.
        Further occurrences of this warning will be suppressed. {"history": "MonteCarlo.6", "point": 9, "testname": "IN_MC", "cornername": "Nominal"}
[2026-04-06 21:01:37.225 Z] [INFO] [cadence.virtuoso.ade.simulationMonitor] - Total time required for dc analysis `dcOp': CPU = 45.505 ms, elapsed = 56.3629 ms, util. = 80.7%. {"history": "MonteCarlo.6", "point": 9, "testname": "IN_MC", "cornername": "Nominal"}
[2026-04-06 21:01:37.225 Z] [INFO] [cadence.virtuoso.ade.simulationMonitor] - Peak resident memory used = 213 Mbytes. {"history": "MonteCarlo.6", "point": 9, "testname": "IN_MC", "cornername": "Nominal"}
[2026-04-06 21:01:37.225 Z] [INFO] [cadence.virtuoso.ade.simulationMonitor] - Notice from spectre at iteration = 9 during Monte Carlo analysis `mc1'.
    62 warnings suppressed. {"history": "MonteCarlo.6", "point": 9, "testname": "IN_MC", "cornername": "Nominal"}
[2026-04-06 21:01:37.225 Z] [INFO] [cadence.virtuoso.ade.simulationMonitor] - Notice from spectre at iteration = 9 during IC analysis, during periodic steady state analysis `pss', during Monte Carlo analysis `mc1'.
    GminDC = 1 pS is large enough to noticeably affect the DC solution.
        dV(I14.C1.d1) = 2.54605 mV
        Use the `gmin_check' option to eliminate or expand this report.
    Bad pivoting is found during DC analysis. Option dc_pivot_check=yes is recommended for possible improvement of convergence. {"history": "MonteCarlo.6", "point": 9, "testname": "IN_MC", "cornername": "Nominal"}
[2026-04-06 21:01:37.226 Z] [WARN] [cadence.virtuoso.ade.simulationMonitor] -     WARNING (CMI-2943): Parameter checks have been ignored because the valid value for parameter 'trise' could not be found in 'C0'. {"history": "MonteCarlo.6", "point": 9, "testname": "IN_MC", "cornername": "Nominal"}
[2026-04-06 21:01:37.226 Z] [WARN] [cadence.virtuoso.ade.simulationMonitor] -     WARNING (CMI-2943): Parameter checks have been ignored because the valid value for parameter 'trise' could not be found in 'C1'. {"history": "MonteCarlo.6", "point": 9, "testname": "IN_MC", "cornername": "Nominal"}
[2026-04-06 21:01:37.226 Z] [WARN] [cadence.virtuoso.ade.simulationMonitor] -     WARNING (CMI-2943): Parameter checks have been ignored because the valid value for parameter 'trise' could not be found in 'I14.C0<0>_turbo_m8.C1'. {"history": "MonteCarlo.6", "point": 9, "testname": "IN_MC", "cornername": "Nominal"}
[2026-04-06 21:01:37.226 Z] [WARN] [cadence.virtuoso.ade.simulationMonitor] -     WARNING (CMI-2943): Parameter checks have been ignored because the valid value for parameter 'trise' could not be found in 'I14.C3.C1'. {"history": "MonteCarlo.6", "point": 9, "testname": "IN_MC", "cornername": "Nominal"}
[2026-04-06 21:01:37.226 Z] [WARN] [cadence.virtuoso.ade.simulationMonitor] -     WARNING (CMI-2943): Parameter checks have been ignored because the valid value for parameter 'trise' could not be found in 'I14.R0.CM'.
        Further occurrences of this warning will be suppressed. {"history": "MonteCarlo.6", "point": 9, "testname": "IN_MC", "cornername": "Nominal"}
[2026-04-06 21:01:37.227 Z] [INFO] [cadence.virtuoso.ade.simulationMonitor] - Notice from spectre at time = 59.3909 us during periodic steady state analysis `pss', during Monte Carlo analysis `mc1'.
    Found trapezoidal ringing on node V7:p. {"history": "MonteCarlo.6", "point": 9, "testname": "IN_MC", "cornername": "Nominal"}
[2026-04-06 21:01:37.227 Z] [INFO] [cadence.virtuoso.ade.simulationMonitor] - Notice from spectre at time = 47.5389 us during periodic steady state analysis `pss', during Monte Carlo analysis `mc1'.
    Found trapezoidal ringing on node I2.A. {"history": "MonteCarlo.6", "point": 9, "testname": "IN_MC", "cornername": "Nominal"}
[2026-04-06 21:01:37.227 Z] [INFO] [cadence.virtuoso.ade.simulationMonitor] - Notice from spectre at time = 97.6413 us during periodic steady state analysis `pss', during Monte Carlo analysis `mc1'.
    Found trapezoidal ringing on node V7:p. {"history": "MonteCarlo.6", "point": 9, "testname": "IN_MC", "cornername": "Nominal"}
[2026-04-06 21:01:37.227 Z] [INFO] [cadence.virtuoso.ade.simulationMonitor] - Notice from spectre at time = 79.1701 us during periodic steady state analysis `pss', during Monte Carlo analysis `mc1'.
    Found trapezoidal ringing on node I2.A. {"history": "MonteCarlo.6", "point": 9, "testname": "IN_MC", "cornername": "Nominal"}
[2026-04-06 21:01:37.227 Z] [INFO] [cadence.virtuoso.ade.simulationMonitor] - Notice from spectre at time = 104.691 us during periodic steady state analysis `pss', during Monte Carlo analysis `mc1'.
    Found trapezoidal ringing on node V7:p.
        Further occurrences of this notice will be suppressed. {"history": "MonteCarlo.6", "point": 9, "testname": "IN_MC", "cornername": "Nominal"}
[2026-04-06 21:01:48.236 Z] [INFO] [cadence.virtuoso.ade.simulationMonitor] - Total time required for tstab analysis `pss': CPU = 6.67217 s, elapsed = 11.2908 s. {"history": "MonteCarlo.6", "point": 9, "testname": "IN_MC", "cornername": "Nominal"}
[2026-04-06 21:01:48.237 Z] [INFO] [cadence.virtuoso.ade.simulationMonitor] - Peak resident memory used = 218 Mbytes. {"history": "MonteCarlo.6", "point": 9, "testname": "IN_MC", "cornername": "Nominal"}
[2026-04-06 21:01:48.237 Z] [INFO] [cadence.virtuoso.ade.simulationMonitor] - Notice from spectre during periodic steady state analysis `pss', during Monte Carlo analysis `mc1'.
    62 warnings suppressed. {"history": "MonteCarlo.6", "point": 9, "testname": "IN_MC", "cornername": "Nominal"}
[2026-04-06 21:02:02.243 Z] [INFO] [cadence.virtuoso.ade.simulationMonitor] - Notice from spectre during periodic steady state analysis `pss', during Monte Carlo analysis `mc1'.
    Trapezoidal ringing is detected during pss analysis.
        Please use method=trap for better results and performance. {"history": "MonteCarlo.6", "point": 9, "testname": "IN_MC", "cornername": "Nominal"}
[2026-04-06 21:02:02.243 Z] [INFO] [cadence.virtuoso.ade.simulationMonitor] - Total time required for pss analysis `pss': CPU = 19.8871 s, elapsed = 24.9453 s, util. = 79.7%. {"history": "MonteCarlo.6", "point": 9, "testname": "IN_MC", "cornername": "Nominal"}
[2026-04-06 21:02:02.243 Z] [INFO] [cadence.virtuoso.ade.simulationMonitor] - Peak resident memory used = 383 Mbytes. {"history": "MonteCarlo.6", "point": 9, "testname": "IN_MC", "cornername": "Nominal"}
[2026-04-06 21:02:02.243 Z] [INFO] [cadence.virtuoso.ade.simulationMonitor] - Notice from spectre during periodic steady state analysis `pss', during Monte Carlo analysis `mc1'.
    1093 notices suppressed. {"history": "MonteCarlo.6", "point": 9, "testname": "IN_MC", "cornername": "Nominal"}
[2026-04-06 21:02:02.244 Z] [WARN] [cadence.virtuoso.ade.simulationMonitor] -     WARNING (CMI-2425): I14.C1: `Acde' = 2.393 is unusually large. {"history": "MonteCarlo.6", "point": 9, "testname": "IN_MC", "cornername": "Nominal"}
[2026-04-06 21:02:02.244 Z] [WARN] [cadence.virtuoso.ade.simulationMonitor] -     WARNING (CMI-2425): I14.C1: `Noff' = 4.732 is unusually large. {"history": "MonteCarlo.6", "point": 9, "testname": "IN_MC", "cornername": "Nominal"}
[2026-04-06 21:02:02.244 Z] [WARN] [cadence.virtuoso.ade.simulationMonitor] -     WARNING (CMI-2424): I14.C1: `Voffcv' = -867.4e-03 is unusually small. {"history": "MonteCarlo.6", "point": 9, "testname": "IN_MC", "cornername": "Nominal"}
[2026-04-06 21:02:02.244 Z] [INFO] [cadence.virtuoso.ade.simulationMonitor] - Notice from spectre during DC analysis `dcOp', during Monte Carlo analysis `mc1'.
    GminDC = 1 pS is large enough to noticeably affect the DC solution.
        dV(I14.C1.s1) = 2.48846 mV
        Use the `gmin_check' option to eliminate or expand this report.
    Bad pivoting is found during DC analysis. Option dc_pivot_check=yes is recommended for possible improvement of convergence. {"history": "MonteCarlo.6", "point": 9, "testname": "IN_MC", "cornername": "Nominal"}
[2026-04-06 21:02:02.244 Z] [WARN] [cadence.virtuoso.ade.simulationMonitor] -     WARNING (CMI-2943): Parameter checks have been ignored because the valid value for parameter 'trise' could not be found in 'C0'. {"history": "MonteCarlo.6", "point": 9, "testname": "IN_MC", "cornername": "Nominal"}
[2026-04-06 21:02:02.244 Z] [WARN] [cadence.virtuoso.ade.simulationMonitor] -     WARNING (CMI-2943): Parameter checks have been ignored because the valid value for parameter 'trise' could not be found in 'C1'. {"history": "MonteCarlo.6", "point": 9, "testname": "IN_MC", "cornername": "Nominal"}
[2026-04-06 21:02:02.244 Z] [WARN] [cadence.virtuoso.ade.simulationMonitor] -     WARNING (CMI-2943): Parameter checks have been ignored because the valid value for parameter 'trise' could not be found in 'I14.C0<0>_turbo_m8.C1'. {"history": "MonteCarlo.6", "point": 9, "testname": "IN_MC", "cornername": "Nominal"}
[2026-04-06 21:02:02.244 Z] [WARN] [cadence.virtuoso.ade.simulationMonitor] -     WARNING (CMI-2943): Parameter checks have been ignored because the valid value for parameter 'trise' could not be found in 'I14.C3.C1'. {"history": "MonteCarlo.6", "point": 9, "testname": "IN_MC", "cornername": "Nominal"}
[2026-04-06 21:02:02.244 Z] [WARN] [cadence.virtuoso.ade.simulationMonitor] -     WARNING (CMI-2943): Parameter checks have been ignored because the valid value for parameter 'trise' could not be found in 'I14.R0.CM'.
        Further occurrences of this warning will be suppressed. {"history": "MonteCarlo.6", "point": 9, "testname": "IN_MC", "cornername": "Nominal"}
[2026-04-06 21:02:02.244 Z] [INFO] [cadence.virtuoso.ade.simulationMonitor] - Total time required for dc analysis `dcOp': CPU = 12.194 ms, elapsed = 17.23 ms, util. = 70.8%. {"history": "MonteCarlo.6", "point": 9, "testname": "IN_MC", "cornername": "Nominal"}
[2026-04-06 21:02:02.244 Z] [INFO] [cadence.virtuoso.ade.simulationMonitor] - Peak resident memory used = 383 Mbytes. {"history": "MonteCarlo.6", "point": 9, "testname": "IN_MC", "cornername": "Nominal"}
[2026-04-06 21:02:02.244 Z] [INFO] [cadence.virtuoso.ade.simulationMonitor] - Notice from spectre during Monte Carlo analysis `mc1'.
    62 warnings suppressed. {"history": "MonteCarlo.6", "point": 9, "testname": "IN_MC", "cornername": "Nominal"}
[2026-04-06 21:02:02.244 Z] [INFO] [cadence.virtuoso.ade.simulationMonitor] - Notice from spectre during IC analysis, during periodic steady state analysis `pss', during Monte Carlo analysis `mc1'.
    GminDC = 1 pS is large enough to noticeably affect the DC solution.
        dV(I14.C1.s1) = 2.48846 mV
        Use the `gmin_check' option to eliminate or expand this report.
    Bad pivoting is found during DC analysis. Option dc_pivot_check=yes is recommended for possible improvement of convergence. {"history": "MonteCarlo.6", "point": 9, "testname": "IN_MC", "cornername": "Nominal"}
[2026-04-06 21:02:02.245 Z] [WARN] [cadence.virtuoso.ade.simulationMonitor] -     WARNING (CMI-2943): Parameter checks have been ignored because the valid value for parameter 'trise' could not be found in 'C0'. {"history": "MonteCarlo.6", "point": 9, "testname": "IN_MC", "cornername": "Nominal"}
[2026-04-06 21:02:02.245 Z] [WARN] [cadence.virtuoso.ade.simulationMonitor] -     WARNING (CMI-2943): Parameter checks have been ignored because the valid value for parameter 'trise' could not be found in 'C1'. {"history": "MonteCarlo.6", "point": 9, "testname": "IN_MC", "cornername": "Nominal"}
[2026-04-06 21:02:02.245 Z] [WARN] [cadence.virtuoso.ade.simulationMonitor] -     WARNING (CMI-2943): Parameter checks have been ignored because the valid value for parameter 'trise' could not be found in 'I14.C0<0>_turbo_m8.C1'. {"history": "MonteCarlo.6", "point": 9, "testname": "IN_MC", "cornername": "Nominal"}
[2026-04-06 21:02:02.245 Z] [WARN] [cadence.virtuoso.ade.simulationMonitor] -     WARNING (CMI-2943): Parameter checks have been ignored because the valid value for parameter 'trise' could not be found in 'I14.C3.C1'. {"history": "MonteCarlo.6", "point": 9, "testname": "IN_MC", "cornername": "Nominal"}
[2026-04-06 21:02:02.245 Z] [WARN] [cadence.virtuoso.ade.simulationMonitor] -     WARNING (CMI-2943): Parameter checks have been ignored because the valid value for parameter 'trise' could not be found in 'I14.R0.CM'.
        Further occurrences of this warning will be suppressed. {"history": "MonteCarlo.6", "point": 9, "testname": "IN_MC", "cornername": "Nominal"}
[2026-04-06 21:02:02.245 Z] [INFO] [cadence.virtuoso.ade.simulationMonitor] - Notice from spectre at time = 64.929 us during periodic steady state analysis `pss', during Monte Carlo analysis `mc1'.
    Found trapezoidal ringing on node V1:p. {"history": "MonteCarlo.6", "point": 9, "testname": "IN_MC", "cornername": "Nominal"}
[2026-04-06 21:02:02.245 Z] [INFO] [cadence.virtuoso.ade.simulationMonitor] - Notice from spectre at time = 52.4464 us during periodic steady state analysis `pss', during Monte Carlo analysis `mc1'.
    Found trapezoidal ringing on node I2.A. {"history": "MonteCarlo.6", "point": 9, "testname": "IN_MC", "cornername": "Nominal"}
[2026-04-06 21:02:02.245 Z] [INFO] [cadence.virtuoso.ade.simulationMonitor] - Notice from spectre at time = 73.8701 us during periodic steady state analysis `pss', during Monte Carlo analysis `mc1'.
    Found trapezoidal ringing on node V1:p. {"history": "MonteCarlo.6", "point": 9, "testname": "IN_MC", "cornername": "Nominal"}
[2026-04-06 21:02:02.245 Z] [INFO] [cadence.virtuoso.ade.simulationMonitor] - Notice from spectre at time = 78.5629 us during periodic steady state analysis `pss', during Monte Carlo analysis `mc1'.
    Found trapezoidal ringing on node I2.A. {"history": "MonteCarlo.6", "point": 9, "testname": "IN_MC", "cornername": "Nominal"}
[2026-04-06 21:02:02.245 Z] [INFO] [cadence.virtuoso.ade.simulationMonitor] - Notice from spectre at time = 101.782 us during periodic steady state analysis `pss', during Monte Carlo analysis `mc1'.
    Found trapezoidal ringing on node V1:p.
        Further occurrences of this notice will be suppressed. {"history": "MonteCarlo.6", "point": 9, "testname": "IN_MC", "cornername": "Nominal"}
[2026-04-06 21:02:02.245 Z] [PROCESS] [cadence.virtuoso.ade.simulationMonitor] - Finished simulating for one iteration {"hostname": "edatools", "processid": 2915985, "history": "MonteCarlo.6", "testname": "IN_MC", "cornername": "Nominal", "point": 9, "logfile": "/home/saul/projects/IL2244_VT26_SAUL/logs_saul/logs0/Job24.log", "simid": "1"}
[2026-04-06 21:02:02.245 Z] [PROCESS] [cadence.virtuoso.ade.simulationMonitor] - Started Simulation {"hostname": "edatools", "processid": 2915985, "history": "MonteCarlo.6", "testname": "IN_MC", "cornername": "Nominal", "point": 10, "logfile": "/home/saul/projects/IL2244_VT26_SAUL/logs_saul/logs0/Job24.log", "event": "started", "task": "simulation"}
[2026-04-06 21:02:03.746 Z] [INFO] [cadence.virtuoso.ade.simulationMonitor] - Total time required for tstab analysis `pss': CPU = 1.41541 s, elapsed = 1.46451 s. {"history": "MonteCarlo.6", "point": 10, "testname": "IN_MC", "cornername": "Nominal"}
[2026-04-06 21:02:03.746 Z] [INFO] [cadence.virtuoso.ade.simulationMonitor] - Peak resident memory used = 383 Mbytes. {"history": "MonteCarlo.6", "point": 10, "testname": "IN_MC", "cornername": "Nominal"}
[2026-04-06 21:02:03.746 Z] [INFO] [cadence.virtuoso.ade.simulationMonitor] - Notice from spectre during periodic steady state analysis `pss', during Monte Carlo analysis `mc1'.
    62 warnings suppressed. {"history": "MonteCarlo.6", "point": 10, "testname": "IN_MC", "cornername": "Nominal"}
[2026-04-06 21:02:16.252 Z] [INFO] [cadence.virtuoso.ade.simulationMonitor] - Notice from spectre during periodic steady state analysis `pss', during Monte Carlo analysis `mc1'.
    Trapezoidal ringing is detected during pss analysis.
        Please use method=trap for better results and performance. {"history": "MonteCarlo.6", "point": 10, "testname": "IN_MC", "cornername": "Nominal"}
[2026-04-06 21:02:16.252 Z] [INFO] [cadence.virtuoso.ade.simulationMonitor] - Total time required for pss analysis `pss': CPU = 13.7397 s, elapsed = 13.8079 s, util. = 99.5%. {"history": "MonteCarlo.6", "point": 10, "testname": "IN_MC", "cornername": "Nominal"}
[2026-04-06 21:02:16.252 Z] [INFO] [cadence.virtuoso.ade.simulationMonitor] - Peak resident memory used = 392 Mbytes. {"history": "MonteCarlo.6", "point": 10, "testname": "IN_MC", "cornername": "Nominal"}
[2026-04-06 21:02:16.252 Z] [INFO] [cadence.virtuoso.ade.simulationMonitor] - Notice from spectre during periodic steady state analysis `pss', during Monte Carlo analysis `mc1'.
    1064 notices suppressed. {"history": "MonteCarlo.6", "point": 10, "testname": "IN_MC", "cornername": "Nominal"}
[2026-04-06 21:02:16.252 Z] [INFO] [cadence.virtuoso.ade.simulationMonitor] - Total time required for montecarlo analysis `mc1': CPU = 33.8108 s, elapsed = 39.1953 s, util. = 86.3%. {"history": "MonteCarlo.6", "point": 10, "testname": "IN_MC", "cornername": "Nominal"}
[2026-04-06 21:02:16.252 Z] [INFO] [cadence.virtuoso.ade.simulationMonitor] - Peak resident memory used = 392 Mbytes. {"history": "MonteCarlo.6", "point": 10, "testname": "IN_MC", "cornername": "Nominal"}
[2026-04-06 21:02:16.252 Z] [INFO] [cadence.virtuoso.ade.simulationMonitor] - Time used: CPU = 34 s, elapsed = 39.6 s, util. = 85.9%. {"history": "MonteCarlo.6", "point": 10, "testname": "IN_MC", "cornername": "Nominal"}
[2026-04-06 21:02:16.252 Z] [INFO] [cadence.virtuoso.ade.simulationMonitor] - Time spent in licensing: elapsed = 59.6 ms. {"history": "MonteCarlo.6", "point": 10, "testname": "IN_MC", "cornername": "Nominal"}
[2026-04-06 21:02:16.252 Z] [INFO] [cadence.virtuoso.ade.simulationMonitor] - Peak memory used = 391 Mbytes. {"history": "MonteCarlo.6", "point": 10, "testname": "IN_MC", "cornername": "Nominal"}
[2026-04-06 21:02:16.253 Z] [PROCESS] [cadence.virtuoso.ade.simulationMonitor] - Simulation started at: 9:01:36 PM, Mon Apr 6, 2026, ended at: 9:02:15 PM, Mon Apr 6, 2026, with elapsed time (wall clock): 39.6 s. {"history": "MonteCarlo.6", "point": 9, "testname": "IN_MC", "cornername": "Nominal", "Points": "9 10 "}
[2026-04-06 21:02:16.253 Z] [PROCESS] [cadence.virtuoso.ade.simulationMonitor] - spectre completes with 0 errors, 59 warnings, and 35 notices. {"history": "MonteCarlo.6", "point": 9, "testname": "IN_MC", "cornername": "Nominal", "Points": "9 10 "}
[2026-04-06 21:02:16.253 Z] [PROCESS] [cadence.virtuoso.ade.simulationMonitor] - Finished simulating for one iteration {"hostname": "edatools", "processid": 2915985, "history": "MonteCarlo.6", "testname": "IN_MC", "cornername": "Nominal", "point": 10, "logfile": "/home/saul/projects/IL2244_VT26_SAUL/logs_saul/logs0/Job24.log", "simid": "1"}
[2026-04-06 21:02:16.253 Z] [PROCESS] [cadence.virtuoso.ade.simulationMonitor] - Simulator exited {"hostname": "edatools", "processid": 2915985, "history": "MonteCarlo.6", "testname": "IN_MC", "cornername": "Nominal", "point": 10, "logfile": "/home/saul/projects/IL2244_VT26_SAUL/logs_saul/logs0/Job24.log", "exitStatus": "0"}
[2026-04-06 21:02:16.253 Z] [PROCESS] [cadence.virtuoso.ade.simulationMonitor] - Finished Simulation {"hostname": "edatools", "processid": 2915985, "history": "MonteCarlo.6", "testname": "IN_MC", "cornername": "Nominal", "point": 9, "logfile": "/home/saul/projects/IL2244_VT26_SAUL/logs_saul/logs0/Job24.log", "simid": "1"}
[2026-04-06 21:02:17.254 Z] [PROCESS] [cadence.virtuoso.ade.simulationMonitor] - Point Finished {"hostname": "edatools", "processid": 2915985, "history": "MonteCarlo.6", "testname": "IN_MC", "cornername": "Nominal", "point": 9, "logfile": "/home/saul/projects/IL2244_VT26_SAUL/logs_saul/logs0/Job24.log"}
[2026-04-06 21:02:18.255 Z] [PROCESS] [cadence.virtuoso.ade.simulationMonitor] - Stay with the runId '9', Linger time '300', currentRunSyn '19', currentTestSyn '7' {"hostname": "edatools", "processid": 2915985, "history": "MonteCarlo.6", "testname": "IN_MC", "cornername": "Nominal", "point": 9, "logfile": "/home/saul/projects/IL2244_VT26_SAUL/logs_saul/logs0/Job24.log"}
[2026-04-06 21:02:19.256 Z] [PROCESS] [cadence.virtuoso.ade.simulationMonitor] - Stay with the runId '9', Linger time '300', currentRunSyn '19', currentTestSyn '7' {"hostname": "edatools", "processid": 2915985, "history": "MonteCarlo.6", "testname": "IN_MC", "cornername": "Nominal", "point": 9, "logfile": "/home/saul/projects/IL2244_VT26_SAUL/logs_saul/logs0/Job24.log"}
[2026-04-06 21:02:20.256 Z] [PROCESS] [cadence.virtuoso.ade.simulationMonitor] - Stay with the runId '9', Linger time '300', currentRunSyn '19', currentTestSyn '7' {"hostname": "edatools", "processid": 2915985, "history": "MonteCarlo.6", "testname": "IN_MC", "cornername": "Nominal", "point": 9, "logfile": "/home/saul/projects/IL2244_VT26_SAUL/logs_saul/logs0/Job24.log"}
[2026-04-06 21:07:17.743 Z] [PROCESS] [cadence.virtuoso.ade.simulationMonitor] - Current memory used: 52.3672 MBytes, peak memory used: 52.3672 MBytes {"hostname": "edatools", "processid": 2915985, "history": "MonteCarlo.6", "testname": "IN_MC", "cornername": "Nominal", "point": 9, "logfile": "/home/saul/projects/IL2244_VT26_SAUL/logs_saul/logs0/Job24.log"}
[2026-04-06 21:07:17.743 Z] [PROCESS] [cadence.virtuoso.ade.simulationMonitor] - Simulation Monitor process exit. {"hostname": "edatools", "processid": 2915985, "history": "MonteCarlo.6", "testname": "IN_MC", "cornername": "Nominal", "point": 9, "logfile": "/home/saul/projects/IL2244_VT26_SAUL/logs_saul/logs0/Job24.log"}
