*Info*    Exporting services from client ... 

*Info*    Client has finished starting ... 



*Info*    Configuring the session ...

	Library      = ECG_IA
	Cell         = ecg_tb
	View         = schematic
	Simulator    = spectre
	State Path   = $AXL_SETUPDB_DIR/test_states
	State Name   = ECG_IA:ecg_ia_tb:1_none_Interactive.171
	Results DB   = /home/saul/projects/IL2244_VT26_SAUL/ECG_IA/ecg_tb/adexl/results/data/Interactive.171.rdb
	Results Dir  = /home/saul/projects/IL2244_VT26_SAUL/Sim/ECG_IA/ecg_tb/adexl/results/data/Interactive.171/1/ECG_IA:ecg_ia_tb:1
	Results Loc  = /home/saul/projects/IL2244_VT26_SAUL/Sim/ECG_IA/ecg_tb/adexl/results/data
	Project Dir  = /home/saul/projects/IL2244_VT26_SAUL/Sim
	Setup DB loc = /home/saul/projects/IL2244_VT26_SAUL/ECG_IA/ecg_tb/adexl
	File Encoding = 0



*Info*    The auto suspension is disabled.






*Info*    Run start for Point ID (4 1) on testbench [
          ECG_IA:ecg_ia_tb:1 ].

Resetting statistical vars

*Info*    Setting parameter values ...

Setting var FC = "2K"
Setting var S0 = "3.3"
Setting var S1 = "3.3"
Setting var S2 = "3.3"
Setting var T0 = "0"
Setting var T1 = "0"
Setting var T2 = "0"
Setting var VCM_AC = "1"
Setting var VCM_DC = "1.6"
Setting var VDD = "3.3"
Setting var VIN_AC = "1"
Setting var VIN_AMP = "1m"
Setting var VIN_DC = "0"
Setting var VIN_FREQ = "50"
Setting var temperature = "27"
Setting temp(T) = 27

*Info*    Netlist Directory =
          /home/saul/projects/IL2244_VT26_SAUL/Sim/ECG_IA/ecg_tb/adexl/results/data/Interactive.171/1/ECG_IA:ecg_ia_tb:1/netlist


*Info*    Data Directory    =
          /home/saul/projects/IL2244_VT26_SAUL/Sim/ECG_IA/ecg_tb/adexl/results/data/Interactive.171/1/ECG_IA:ecg_ia_tb:1


*Info*    Creating Netlist for Point ID (4 1)

generate netlist...
function ansCdlCompPrim redefined
function ansCdlCompPrim redefined
Begin Incremental Netlisting Mar 14 19:40:56 2026
End netlisting Mar 14 19:40:56 2026

	The netlist is up to date.
	Time taken to compare the design with netlist:   0.0s
      ...successful.
compose simulator input file...
      ...successful.

*Info*    Running simulation on testbench [ ECG_IA:ecg_ia_tb:1 ] for
          Point ID (4 1).

Delete psf data in /home/saul/projects/IL2244_VT26_SAUL/Sim/ECG_IA/ecg_tb/adexl/results/data/Interactive.171/1/ECG_IA:ecg_ia_tb:1/psf.
compose simulator input file...
      ...successful.
start simulator if needed...
      ...successful.
simulate...
To view the simulator output, right-click on the test name, result 
name, or any value in the "Results" tab of the Outputs section and 
choose "Output Log" menu option.
WARNING (ADE-3080): Fast viewing extensions for PSF XL format (also known as RTSF) will be discontinued  
       and Virtuoso Visualization and Analysis XL will not use RTSF data to plot waveforms from IC6.1.8 ISR7 onward. 
       There will be no performance impact on data visualization due to this change.
INFO (ADE-3071): Simulation completed successfully.
reading simulation data...
      ...successful.
*Info*    Client has finished evaluating ... 

ERROR (ADEXL-2709): Evaluation of output 'v /net2; pss mag(V)' returned 'nil' for point:'1' test:'ECG_IA:ecg_ia_tb:1'
	Expression:'vh('pss "/net2")'.
Ensure that the definition of output is correct.

ERROR (ADEXL-2709): Evaluation of output 'v /VOUT; pss mag(V)' returned 'nil' for point:'1' test:'ECG_IA:ecg_ia_tb:1'
	Expression:'vh('pss "/VOUT")'.
Ensure that the definition of output is correct.

ERROR (ADEXL-2709): Evaluation of output 'v /VOUT; pss dB20(V)' returned 'nil' for point:'1' test:'ECG_IA:ecg_ia_tb:1'
	Expression:'db(vh('pss "/VOUT"))'.
Ensure that the definition of output is correct.

ERROR (ADEXL-2709): Evaluation of output 'v /VOUT2; pss dB20(V)' returned 'nil' for point:'1' test:'ECG_IA:ecg_ia_tb:1'
	Expression:'db(vh('pss "/VOUT2"))'.
Ensure that the definition of output is correct.

WARNING (OCN-6038): Results pnoiseOut1 are not available for /home/saul/projects/IL2244_VT26_SAUL/Sim/ECG_IA/ecg_tb/adexl/results/data/Interactive.171/1/ECG_IA:ecg_ia_tb:1. Use results() for a list of available results.
WARNING (OCN-6038): Results pnoiseOut1 are not available for /home/saul/projects/IL2244_VT26_SAUL/Sim/ECG_IA/ecg_tb/adexl/results/data/Interactive.171/1/ECG_IA:ecg_ia_tb:1. Use results() for a list of available results.
ERROR (ADEXL-2708): Evaluation of output 'output noise-(VOUT 0); V/sqrt(Hz)' failed for point:'1' test:'ECG_IA:ecg_ia_tb:1'
	Expression:'rfOutputNoise("V/sqrt(Hz)" ?result "pnoiseOut1")'
	because of the following error(s)
	*Error* expt: can't handle (nil**2).
Ensure that the definition of output is correct.


*Info*    Run complete for Point ID (4 1) on testbench [
          ECG_IA:ecg_ia_tb:1 ].





Simulation design variables differ from those on the cellView,
they have been saved in the file "/tmp/saved-design-variables".
To save future changes, copy variables to cellView before exiting.
