[Simulation Monitor: 3]
[2026-04-17 07:14:29.217 Z] [PROCESS] [cadence.virtuoso.ade.simulationMonitor] - Simulation Monitor has successfully started up. Trying to set up communication channels to other components ... {"hostname": "edatools", "processid": 2826974, "logfile": "/home/saul/projects/IL2244_VT26_SAUL/logs_saul/logs0/Job3.log"}
[2026-04-17 07:14:29.217 Z] [PROCESS] [cadence.virtuoso.ade.simulationMonitor] - Communication channels have been successfully set up. Start processing events ... {"hostname": "edatools", "processid": 2826974, "logfile": "/home/saul/projects/IL2244_VT26_SAUL/logs_saul/logs0/Job3.log"}
[2026-04-17 07:14:29.217 Z] [PROCESS] [cadence.virtuoso.ade.simulationMonitor] - Considering to start history {"hostname": "edatools", "processid": 2826974, "history": "Interactive.34", "logfile": "/home/saul/projects/IL2244_VT26_SAUL/logs_saul/logs0/Job3.log"}
[2026-04-17 07:14:29.219 Z] [PROCESS] [cadence.virtuoso.ade.simulationMonitor] - Started History {"hostname": "edatools", "processid": 2826974, "history": "Interactive.40", "logfile": "/home/saul/projects/IL2244_VT26_SAUL/logs_saul/logs0/Job3.log"}
[2026-04-17 07:14:29.219 Z] [PROCESS] [cadence.virtuoso.ade.simulationMonitor] - HostInfo:
Host name (type):	edatools (x86_64)
Operating system:	Linux 6.17.0-20-generic #20~24.04.1-Ubuntu SMP PREEMPT_DYNAMIC Thu Mar 19 01:28:37 UTC 2 {"hostname": "edatools", "processid": 2826974, "history": "Interactive.40", "logfile": "/home/saul/projects/IL2244_VT26_SAUL/logs_saul/logs0/Job3.log", "nodename": "edatools", "domainname": "(none)", "machine": "x86_64", "sysname": "Linux", "release": "6.17.0-20-generic", "version": "#20~24.04.1-Ubuntu SMP PREEMPT_DYNAMIC Thu Mar 19 01:28:37 UTC 2"}
[2026-04-17 07:14:29.219 Z] [PROCESS] [cadence.virtuoso.ade.simulationMonitor] - UsageInfo:
pid=2826974
totalPhysicalMemory=62.544991GB,Used=29.465919GB,totalVirtualMemory=70.544987GB,Used=29.465919GB
Cpu: Cores=16, Load average:0.270000,0.160000,0.130000 {"hostname": "edatools", "processid": 2826974, "history": "Interactive.40", "logfile": "/home/saul/projects/IL2244_VT26_SAUL/logs_saul/logs0/Job3.log", "pid": "2826974", "totalPhysicalMemory": "62.544991", "physicalMemoryUsed": "29.465919", "totalVirtualMemory": "70.544987", "virtualMemoryUsed": "29.465919", "cpuCores": "16", "processes": "1988", "loadAverage1": "0.270000", "loadAverage5": "0.160000", "loadAverage15": "0.130000", "loadAverage1Percent": "0.016875"}
[2026-04-17 07:14:29.219 Z] [EVENT] [cadence.virtuoso.ade.simulationMonitor] - NewPoint {"history": "Interactive.40", "point": 1, "testname": "TRAN", "cornername": "Nominal", "event": "NewPoint", "EventSource": "Simulation Monitor", "HistoryName": "Interactive.40", "logFile": "/home/saul/projects/IL2244_VT26_SAUL/logs_saul/logs0/Job3.log", "logFileSize": "2448"}
[2026-04-17 07:14:29.320 Z] [EVENT] [cadence.virtuoso.ade.simulationMonitor] - NewPoint {"history": "Interactive.40", "point": 1, "testname": "TRAN", "cornername": "Nominal", "event": "NewPoint", "EventSource": "spectre", "HistoryName": "Interactive.40", "logFile": "/home/saul/projects/IL2244_VT26_SAUL/Sim/FBIAS/fbias_por_tb/maestro/results/maestro/Interactive.40/1/TRAN/psf/spectre.out", "logFileSize": "-1"}
[2026-04-17 07:14:29.334 Z] [PROCESS] [cadence.virtuoso.ade.simulationMonitor] - Simulator launched {"hostname": "edatools", "processid": 2826974, "history": "Interactive.40", "testname": "TRAN", "cornername": "Nominal", "point": 1, "logfile": "/home/saul/projects/IL2244_VT26_SAUL/logs_saul/logs0/Job3.log", "simid": "1"}
[2026-04-17 07:14:29.337 Z] [PROCESS] [cadence.virtuoso.ade.simulationMonitor] - Expression evaluator launched {"hostname": "edatools", "processid": 2826974, "history": "Interactive.40", "testname": "TRAN", "cornername": "Nominal", "point": 1, "logfile": "/home/saul/projects/IL2244_VT26_SAUL/logs_saul/logs0/Job3.log"}
[2026-04-17 07:14:29.372 Z] [PROCESS] [cadence.virtuoso.ade.simulationMonitor] - Started Simulation {"hostname": "edatools", "processid": 2826974, "history": "Interactive.40", "testname": "TRAN", "cornername": "Nominal", "point": 1, "logfile": "/home/saul/projects/IL2244_VT26_SAUL/logs_saul/logs0/Job3.log", "event": "started", "task": "simulation"}
[2026-04-17 07:14:29.873 Z] [INFO] [cadence.virtuoso.ade.simulationMonitor] - Notice from spectre during circuit read-in.
    Pre_Configuration file used: /opt/tools/cadence/installs/SPECTRE241/tools.lnx86/spectre/etc/configs/preset.precfg
    Configuration file used: `/opt/tools/cadence/installs/SPECTRE241/tools.lnx86/spectre/etc/configs/preset.cfg'. {"history": "Interactive.40", "point": 1, "testname": "TRAN", "cornername": "Nominal"}
[2026-04-17 07:14:29.873 Z] [WARN] [cadence.virtuoso.ade.simulationMonitor] -     WARNING (SPECTRE-8360): line 1511: `ac' is an undefined primitive device. {"history": "Interactive.40", "point": 1, "testname": "TRAN", "cornername": "Nominal"}
[2026-04-17 07:14:29.873 Z] [WARN] [cadence.virtuoso.ade.simulationMonitor] -     WARNING (SPECTRE-8360): line 1512: `ac' is an undefined primitive device. {"history": "Interactive.40", "point": 1, "testname": "TRAN", "cornername": "Nominal"}
[2026-04-17 07:14:29.873 Z] [WARN] [cadence.virtuoso.ade.simulationMonitor] -     WARNING (SPECTRE-8360): line 1513: `ac' is an undefined primitive device. {"history": "Interactive.40", "point": 1, "testname": "TRAN", "cornername": "Nominal"}
[2026-04-17 07:14:29.873 Z] [WARN] [cadence.virtuoso.ade.simulationMonitor] -     WARNING (SPECTRE-8360): line 1514: `ac' is an undefined primitive device. {"history": "Interactive.40", "point": 1, "testname": "TRAN", "cornername": "Nominal"}
[2026-04-17 07:14:29.873 Z] [WARN] [cadence.virtuoso.ade.simulationMonitor] -     WARNING (SPECTRE-8360): line 1515: `ac' is an undefined primitive device.
        Further occurrences of this warning will be suppressed. {"history": "Interactive.40", "point": 1, "testname": "TRAN", "cornername": "Nominal"}
[2026-04-17 07:14:29.873 Z] [INFO] [cadence.virtuoso.ade.simulationMonitor] - Peak resident memory used = 171 Mbytes. {"history": "Interactive.40", "point": 1, "testname": "TRAN", "cornername": "Nominal"}
[2026-04-17 07:14:29.873 Z] [WARN] [cadence.virtuoso.ade.simulationMonitor] -     WARNING (VACOMP-2435): The environment variable CDS_AHDLCMI_ENABLE is no longer supported. Therefore, the simulator will use the default compiled C code flow. {"history": "Interactive.40", "point": 1, "testname": "TRAN", "cornername": "Nominal"}
[2026-04-17 07:14:29.873 Z] [WARN] [cadence.virtuoso.ade.simulationMonitor] -     WARNING (SFE-3031): The floating capacitor I1.R2.CS1 is removed. {"history": "Interactive.40", "point": 1, "testname": "TRAN", "cornername": "Nominal"}
[2026-04-17 07:14:29.874 Z] [WARN] [cadence.virtuoso.ade.simulationMonitor] -     WARNING (SFE-3028): The floating resistor I0.C0<0>_turbo_m4.rsub2 is removed. {"history": "Interactive.40", "point": 1, "testname": "TRAN", "cornername": "Nominal"}
[2026-04-17 07:14:29.874 Z] [WARN] [cadence.virtuoso.ade.simulationMonitor] -     WARNING (SFE-3014): The floating device I0.C0<0>_turbo_m4.dsub2 is removed. {"history": "Interactive.40", "point": 1, "testname": "TRAN", "cornername": "Nominal"}
[2026-04-17 07:14:29.874 Z] [WARN] [cadence.virtuoso.ade.simulationMonitor] -     WARNING (SFE-3028): The floating resistor I0.C0<0>_turbo_m4.rsub1 is removed. {"history": "Interactive.40", "point": 1, "testname": "TRAN", "cornername": "Nominal"}
[2026-04-17 07:14:29.874 Z] [WARN] [cadence.virtuoso.ade.simulationMonitor] -     WARNING (SFE-3031): The floating capacitor I0.R3.CS1 is removed. {"history": "Interactive.40", "point": 1, "testname": "TRAN", "cornername": "Nominal"}
[2026-04-17 07:14:29.874 Z] [WARN] [cadence.virtuoso.ade.simulationMonitor] -     WARNING (SFE-3014): The floating device I0.C0<0>_turbo_m4.dsub1 is removed. {"history": "Interactive.40", "point": 1, "testname": "TRAN", "cornername": "Nominal"}
[2026-04-17 07:14:29.874 Z] [WARN] [cadence.virtuoso.ade.simulationMonitor] -     WARNING (SFE-3016): The floating node I0.C0<0>_turbo_m4.b2 is removed. {"history": "Interactive.40", "point": 1, "testname": "TRAN", "cornername": "Nominal"}
[2026-04-17 07:14:29.874 Z] [WARN] [cadence.virtuoso.ade.simulationMonitor] -     WARNING (SFE-3016): The floating node I0.C0<0>_turbo_m4.b1 is removed. {"history": "Interactive.40", "point": 1, "testname": "TRAN", "cornername": "Nominal"}
[2026-04-17 07:14:29.874 Z] [INFO] [cadence.virtuoso.ade.simulationMonitor] - Peak resident memory used = 188 Mbytes. {"history": "Interactive.40", "point": 1, "testname": "TRAN", "cornername": "Nominal"}
[2026-04-17 07:14:29.874 Z] [INFO] [cadence.virtuoso.ade.simulationMonitor] - Notice from spectre during hierarchy flattening.
    The value 'psf' specified for the 'checklimitdest' option will no longer be supported in future releases. Use 'spectre -h' to see other recommended values for the 'checklimitdest' option.
    I2.Q0.bjtinsub: `minr' has the unusually small value of 10 fOhm.
    I0.R4.CS0 of rpolyhc: `c' has the unusually small value of 1.06617e-21 F.
    I0.R4.CS1 of rpolyhc: `c' has the unusually small value of 1.06617e-21 F.
    I0.R3.CS0 of rpolyhc: `c' has the unusual... {"history": "Interactive.40", "point": 1, "testname": "TRAN", "cornername": "Nominal"}
[2026-04-17 07:14:29.874 Z] [INFO] [cadence.virtuoso.ade.simulationMonitor] - Notice from spectre during hierarchy flattening.
    V2: `period' has the unusually large value of 10 s.
    V1: `period' has the unusually large value of 10 s.
    V1: `width' has the unusually large value of 9 s. {"history": "Interactive.40", "point": 1, "testname": "TRAN", "cornername": "Nominal"}
[2026-04-17 07:14:29.874 Z] [INFO] [cadence.virtuoso.ade.simulationMonitor] - Peak resident memory used = 190 Mbytes. {"history": "Interactive.40", "point": 1, "testname": "TRAN", "cornername": "Nominal"}
[2026-04-17 07:14:29.874 Z] [WARN] [cadence.virtuoso.ade.simulationMonitor] -     WARNING (CMI-2425): I0.C0<0>_turbo_m4: `Acde' = 2.393 is unusually large. {"history": "Interactive.40", "point": 1, "testname": "TRAN", "cornername": "Nominal"}
[2026-04-17 07:14:29.874 Z] [WARN] [cadence.virtuoso.ade.simulationMonitor] -     WARNING (CMI-2425): I0.C0<0>_turbo_m4: `Noff' = 4.732 is unusually large. {"history": "Interactive.40", "point": 1, "testname": "TRAN", "cornername": "Nominal"}
[2026-04-17 07:14:29.874 Z] [WARN] [cadence.virtuoso.ade.simulationMonitor] -     WARNING (CMI-2424): I0.C0<0>_turbo_m4: `Voffcv' = -867.4e-03 is unusually small. {"history": "Interactive.40", "point": 1, "testname": "TRAN", "cornername": "Nominal"}
[2026-04-17 07:14:29.875 Z] [WARN] [cadence.virtuoso.ade.simulationMonitor] -     WARNING (SPECTRE-17607): Assert `SOAC_vert10_vsubpsub' is ignored because it contains an expression which is invalid or not supported by native evaluator.  {"history": "Interactive.40", "point": 1, "testname": "TRAN", "cornername": "Nominal"}
[2026-04-17 07:14:29.875 Z] [WARN] [cadence.virtuoso.ade.simulationMonitor] -     WARNING (SPECTRE-17607): Assert `SOAC_vert10_vcsub' is ignored because it contains an expression which is invalid or not supported by native evaluator.  {"history": "Interactive.40", "point": 1, "testname": "TRAN", "cornername": "Nominal"}
[2026-04-17 07:14:29.875 Z] [WARN] [cadence.virtuoso.ade.simulationMonitor] -     WARNING (SPECTRE-17607): Assert `SOAC_rpolyh_vminuspsub' is ignored because it contains an expression which is invalid or not supported by native evaluator.  {"history": "Interactive.40", "point": 1, "testname": "TRAN", "cornername": "Nominal"}
[2026-04-17 07:14:29.875 Z] [WARN] [cadence.virtuoso.ade.simulationMonitor] -     WARNING (SPECTRE-17607): Assert `SOAC_rpolyh_vpluspsub' is ignored because it contains an expression which is invalid or not supported by native evaluator.  {"history": "Interactive.40", "point": 1, "testname": "TRAN", "cornername": "Nominal"}
[2026-04-17 07:14:29.875 Z] [WARN] [cadence.virtuoso.ade.simulationMonitor] -     WARNING (SPECTRE-16460): SOAC_cvarm_vspsub:Specified subcircuit master `cvarm' was not found. {"history": "Interactive.40", "point": 1, "testname": "TRAN", "cornername": "Nominal"}
[2026-04-17 07:14:29.875 Z] [WARN] [cadence.virtuoso.ade.simulationMonitor] -     WARNING (SPECTRE-16462): SOAC_cvarm_vspsub:Error in specification of subcircuit master. Assert is ignored. {"history": "Interactive.40", "point": 1, "testname": "TRAN", "cornername": "Nominal"}
[2026-04-17 07:14:29.875 Z] [WARN] [cadence.virtuoso.ade.simulationMonitor] -     WARNING (SPECTRE-16460): SOAC_cvarm_vbs:Specified subcircuit master `cvarm' was not found. {"history": "Interactive.40", "point": 1, "testname": "TRAN", "cornername": "Nominal"}
[2026-04-17 07:14:29.875 Z] [WARN] [cadence.virtuoso.ade.simulationMonitor] -     WARNING (SPECTRE-16462): SOAC_cvarm_vbs:Error in specification of subcircuit master. Assert is ignored. {"history": "Interactive.40", "point": 1, "testname": "TRAN", "cornername": "Nominal"}
[2026-04-17 07:14:29.875 Z] [WARN] [cadence.virtuoso.ade.simulationMonitor] -     WARNING (SPECTRE-16460): SOAC_cvarm_vgb:Specified subcircuit master `cvarm' was not found. {"history": "Interactive.40", "point": 1, "testname": "TRAN", "cornername": "Nominal"}
[2026-04-17 07:14:29.875 Z] [WARN] [cadence.virtuoso.ade.simulationMonitor] -     WARNING (SPECTRE-16462): SOAC_cvarm_vgb:Error in specification of subcircuit master. Assert is ignored. {"history": "Interactive.40", "point": 1, "testname": "TRAN", "cornername": "Nominal"}
[2026-04-17 07:14:29.875 Z] [WARN] [cadence.virtuoso.ade.simulationMonitor] -     WARNING (SPECTRE-16460): SOAC_cvart_vspsub:Specified subcircuit master `cvart' was not found. {"history": "Interactive.40", "point": 1, "testname": "TRAN", "cornername": "Nominal"}
[2026-04-17 07:14:29.875 Z] [WARN] [cadence.virtuoso.ade.simulationMonitor] -     WARNING (SPECTRE-16462): SOAC_cvart_vspsub:Error in specification of subcircuit master. Assert is ignored. {"history": "Interactive.40", "point": 1, "testname": "TRAN", "cornername": "Nominal"}
[2026-04-17 07:14:29.875 Z] [WARN] [cadence.virtuoso.ade.simulationMonitor] -     WARNING (SPECTRE-16460): SOAC_cvart_vbs:Specified subcircuit master `cvart' was not found.
        Further occurrences of this warning will be suppressed. {"history": "Interactive.40", "point": 1, "testname": "TRAN", "cornername": "Nominal"}
[2026-04-17 07:14:29.875 Z] [WARN] [cadence.virtuoso.ade.simulationMonitor] -     WARNING (SPECTRE-16462): SOAC_cvart_vbs:Error in specification of subcircuit master. Assert is ignored.
        Further occurrences of this warning will be suppressed. {"history": "Interactive.40", "point": 1, "testname": "TRAN", "cornername": "Nominal"}
[2026-04-17 07:14:29.875 Z] [WARN] [cadence.virtuoso.ade.simulationMonitor] -     WARNING (SPECTRE-17607): Assert `SOAC_cvar_vspsub' is ignored because it contains an expression which is invalid or not supported by native evaluator. 
        Further occurrences of this warning will be suppressed. {"history": "Interactive.40", "point": 1, "testname": "TRAN", "cornername": "Nominal"}
[2026-04-17 07:14:30.376 Z] [INFO] [cadence.virtuoso.ade.simulationMonitor] - Notice from spectre during topology check.
    Only one connection to the following 2 nodes:
        net8
        net5 {"history": "Interactive.40", "point": 1, "testname": "TRAN", "cornername": "Nominal"}
[2026-04-17 07:14:30.376 Z] [INFO] [cadence.virtuoso.ade.simulationMonitor] - Notice from spectre during initial setup.
    Multithreading is disabled due to the size of the design being too small. {"history": "Interactive.40", "point": 1, "testname": "TRAN", "cornername": "Nominal"}
[2026-04-17 07:14:30.376 Z] [INFO] [cadence.virtuoso.ade.simulationMonitor] -               nodes 76 {"history": "Interactive.40", "point": 1, "testname": "TRAN", "cornername": "Nominal"}
[2026-04-17 07:14:30.377 Z] [INFO] [cadence.virtuoso.ade.simulationMonitor] - Notice from spectre during initial setup.
    Spectre X preset=cx enabled.
    I0.R3.CS0 of rpolyhc: `ceff' has the unusually small value of 368.192e-21 F.
        Further occurrences of this notice will be suppressed. {"history": "Interactive.40", "point": 1, "testname": "TRAN", "cornername": "Nominal"}
[2026-04-17 07:14:30.377 Z] [WARN] [cadence.virtuoso.ade.simulationMonitor] -     WARNING (CMI-2425): I0.C0<0>_turbo_m4: `Acde' = 2.393 is unusually large. {"history": "Interactive.40", "point": 1, "testname": "TRAN", "cornername": "Nominal"}
[2026-04-17 07:14:30.377 Z] [WARN] [cadence.virtuoso.ade.simulationMonitor] -     WARNING (CMI-2425): I0.C0<0>_turbo_m4: `Noff' = 4.732 is unusually large. {"history": "Interactive.40", "point": 1, "testname": "TRAN", "cornername": "Nominal"}
[2026-04-17 07:14:30.377 Z] [WARN] [cadence.virtuoso.ade.simulationMonitor] -     WARNING (CMI-2424): I0.C0<0>_turbo_m4: `Voffcv' = -867.4e-03 is unusually small. {"history": "Interactive.40", "point": 1, "testname": "TRAN", "cornername": "Nominal"}
[2026-04-17 07:14:30.377 Z] [INFO] [cadence.virtuoso.ade.simulationMonitor] - Notice from spectre.
    2 notices suppressed.
    78 warnings suppressed. {"history": "Interactive.40", "point": 1, "testname": "TRAN", "cornername": "Nominal"}
[2026-04-17 07:14:30.377 Z] [INFO] [cadence.virtuoso.ade.simulationMonitor] - Peak resident memory used = 197 Mbytes. {"history": "Interactive.40", "point": 1, "testname": "TRAN", "cornername": "Nominal"}
[2026-04-17 07:14:30.377 Z] [INFO] [cadence.virtuoso.ade.simulationMonitor] -    -   (Spectre X) Multi-threading. The recommended number of threads is 1, consider adding +mt=1 on command line. {"history": "Interactive.40", "point": 1, "testname": "TRAN", "cornername": "Nominal"}
[2026-04-17 07:14:30.377 Z] [INFO] [cadence.virtuoso.ade.simulationMonitor] - Notice from spectre during transient analysis `tran'.
    No checklimit analysis defined for asserts. A default checklimit analysis 'SpectreChecklimitAnal' has been created with all asserts enabled. {"history": "Interactive.40", "point": 1, "testname": "TRAN", "cornername": "Nominal"}
[2026-04-17 07:14:30.377 Z] [WARN] [cadence.virtuoso.ade.simulationMonitor] -     WARNING (CMI-2943): Parameter checks have been ignored because the valid value for parameter 'trise' could not be found in 'C0'. {"history": "Interactive.40", "point": 1, "testname": "TRAN", "cornername": "Nominal"}
[2026-04-17 07:14:30.377 Z] [WARN] [cadence.virtuoso.ade.simulationMonitor] -     WARNING (CMI-2943): Parameter checks have been ignored because the valid value for parameter 'trise' could not be found in 'I1.R2.CM'. {"history": "Interactive.40", "point": 1, "testname": "TRAN", "cornername": "Nominal"}
[2026-04-17 07:14:30.377 Z] [WARN] [cadence.virtuoso.ade.simulationMonitor] -     WARNING (CMI-2943): Parameter checks have been ignored because the valid value for parameter 'trise' could not be found in 'I1.R2.CS0'. {"history": "Interactive.40", "point": 1, "testname": "TRAN", "cornername": "Nominal"}
[2026-04-17 07:14:30.377 Z] [WARN] [cadence.virtuoso.ade.simulationMonitor] -     WARNING (CMI-2943): Parameter checks have been ignored because the valid value for parameter 'trise' could not be found in 'I0.R3.CM'. {"history": "Interactive.40", "point": 1, "testname": "TRAN", "cornername": "Nominal"}
[2026-04-17 07:14:30.377 Z] [WARN] [cadence.virtuoso.ade.simulationMonitor] -     WARNING (CMI-2943): Parameter checks have been ignored because the valid value for parameter 'trise' could not be found in 'I0.R3.CS0'.
        Further occurrences of this warning will be suppressed. {"history": "Interactive.40", "point": 1, "testname": "TRAN", "cornername": "Nominal"}
[2026-04-17 07:14:30.378 Z] [INFO] [cadence.virtuoso.ade.simulationMonitor] - Notice from spectre during transient analysis `tran'.
    Multithreading is disabled due to the size of the design being too small. {"history": "Interactive.40", "point": 1, "testname": "TRAN", "cornername": "Nominal"}
[2026-04-17 07:14:30.378 Z] [WARN] [cadence.virtuoso.ade.simulationMonitor] -     WARNING (SPECTRE-16780): LTE tolerance was temporarily relaxed to step over a discontinuity in the signal: I0.C0<0>_turbo_m4.lg:1. Check the design or use '+diagnose' to get more information. {"history": "Interactive.40", "point": 1, "testname": "TRAN", "cornername": "Nominal"}
[2026-04-17 07:14:30.378 Z] [INFO] [cadence.virtuoso.ade.simulationMonitor] - Total time required for tran analysis `tran': CPU = 91.396 ms, elapsed = 104.262 ms, util. = 87.7%. {"history": "Interactive.40", "point": 1, "testname": "TRAN", "cornername": "Nominal"}
[2026-04-17 07:14:30.378 Z] [INFO] [cadence.virtuoso.ade.simulationMonitor] - Peak resident memory used = 206 Mbytes. {"history": "Interactive.40", "point": 1, "testname": "TRAN", "cornername": "Nominal"}
[2026-04-17 07:14:30.378 Z] [INFO] [cadence.virtuoso.ade.simulationMonitor] - Notice from spectre.
    18 warnings suppressed. {"history": "Interactive.40", "point": 1, "testname": "TRAN", "cornername": "Nominal"}
[2026-04-17 07:14:30.378 Z] [WARN] [cadence.virtuoso.ade.simulationMonitor] -     WARNING (CMI-2425): I0.C0<0>_dummy: `Acde' = 2.393 is unusually large. {"history": "Interactive.40", "point": 1, "testname": "TRAN", "cornername": "Nominal"}
[2026-04-17 07:14:30.378 Z] [WARN] [cadence.virtuoso.ade.simulationMonitor] -     WARNING (CMI-2425): I0.C0<0>_dummy: `Noff' = 4.732 is unusually large. {"history": "Interactive.40", "point": 1, "testname": "TRAN", "cornername": "Nominal"}
[2026-04-17 07:14:30.378 Z] [WARN] [cadence.virtuoso.ade.simulationMonitor] -     WARNING (CMI-2424): I0.C0<0>_dummy: `Voffcv' = -867.4e-03 is unusually small. {"history": "Interactive.40", "point": 1, "testname": "TRAN", "cornername": "Nominal"}
[2026-04-17 07:14:30.378 Z] [WARN] [cadence.virtuoso.ade.simulationMonitor] -     WARNING (CMI-2425): I0.C0<0>_dummy: `Acde' = 2.393 is unusually large. {"history": "Interactive.40", "point": 1, "testname": "TRAN", "cornername": "Nominal"}
[2026-04-17 07:14:30.378 Z] [WARN] [cadence.virtuoso.ade.simulationMonitor] -     WARNING (CMI-2425): I0.C0<0>_dummy: `Noff' = 4.732 is unusually large. {"history": "Interactive.40", "point": 1, "testname": "TRAN", "cornername": "Nominal"}
[2026-04-17 07:14:30.378 Z] [WARN] [cadence.virtuoso.ade.simulationMonitor] -     WARNING (CMI-2424): I0.C0<0>_dummy: `Voffcv' = -867.4e-03 is unusually small. {"history": "Interactive.40", "point": 1, "testname": "TRAN", "cornername": "Nominal"}
[2026-04-17 07:14:30.378 Z] [INFO] [cadence.virtuoso.ade.simulationMonitor] - Time used: CPU = 288 ms, elapsed = 544 ms, util. = 53%. {"history": "Interactive.40", "point": 1, "testname": "TRAN", "cornername": "Nominal"}
[2026-04-17 07:14:30.378 Z] [INFO] [cadence.virtuoso.ade.simulationMonitor] - Time spent in licensing: elapsed = 41.9 ms, percentage of total = 7.7%. {"history": "Interactive.40", "point": 1, "testname": "TRAN", "cornername": "Nominal"}
[2026-04-17 07:14:30.378 Z] [INFO] [cadence.virtuoso.ade.simulationMonitor] - Peak memory used = 207 Mbytes. {"history": "Interactive.40", "point": 1, "testname": "TRAN", "cornername": "Nominal"}
[2026-04-17 07:14:30.378 Z] [PROCESS] [cadence.virtuoso.ade.simulationMonitor] - Simulation started at: 7:14:29 AM, Fri Apr 17, 2026, ended at: 7:14:29 AM, Fri Apr 17, 2026, with elapsed time (wall clock): 544 ms. {"history": "Interactive.40", "point": 1, "testname": "TRAN", "cornername": "Nominal"}
[2026-04-17 07:14:30.378 Z] [PROCESS] [cadence.virtuoso.ade.simulationMonitor] - spectre completes with 0 errors, 47 warnings, and 21 notices. {"history": "Interactive.40", "point": 1, "testname": "TRAN", "cornername": "Nominal"}
[2026-04-17 07:14:30.379 Z] [PROCESS] [cadence.virtuoso.ade.simulationMonitor] - Finished simulating for one point {"hostname": "edatools", "processid": 2826974, "history": "Interactive.40", "testname": "TRAN", "cornername": "Nominal", "point": 1, "logfile": "/home/saul/projects/IL2244_VT26_SAUL/logs_saul/logs0/Job3.log", "simid": "1"}
[2026-04-17 07:14:30.379 Z] [PROCESS] [cadence.virtuoso.ade.simulationMonitor] - Simulator exited {"hostname": "edatools", "processid": 2826974, "history": "Interactive.40", "testname": "TRAN", "cornername": "Nominal", "point": 1, "logfile": "/home/saul/projects/IL2244_VT26_SAUL/logs_saul/logs0/Job3.log", "exitStatus": "0"}
[2026-04-17 07:14:30.379 Z] [PROCESS] [cadence.virtuoso.ade.simulationMonitor] - Finished Simulation {"hostname": "edatools", "processid": 2826974, "history": "Interactive.40", "testname": "TRAN", "cornername": "Nominal", "point": 1, "logfile": "/home/saul/projects/IL2244_VT26_SAUL/logs_saul/logs0/Job3.log", "simid": "1"}
[2026-04-17 07:14:32.384 Z] [PROCESS] [cadence.virtuoso.ade.simulationMonitor] - Point Finished {"hostname": "edatools", "processid": 2826974, "history": "Interactive.40", "testname": "TRAN", "cornername": "Nominal", "point": 1, "logfile": "/home/saul/projects/IL2244_VT26_SAUL/logs_saul/logs0/Job3.log"}
[2026-04-17 07:16:03.070 Z] [PROCESS] [cadence.virtuoso.ade.simulationMonitor] - Current memory used: 52.2617 MBytes, peak memory used: 52.2617 MBytes {"hostname": "edatools", "processid": 2826974, "history": "Interactive.40", "testname": "TRAN", "cornername": "Nominal", "point": 1, "logfile": "/home/saul/projects/IL2244_VT26_SAUL/logs_saul/logs0/Job3.log"}
[2026-04-17 07:16:03.071 Z] [PROCESS] [cadence.virtuoso.ade.simulationMonitor] - Simulation Monitor process exit. {"hostname": "edatools", "processid": 2826974, "history": "Interactive.40", "testname": "TRAN", "cornername": "Nominal", "point": 1, "logfile": "/home/saul/projects/IL2244_VT26_SAUL/logs_saul/logs0/Job3.log"}
