[Simulation Monitor: 34]
[2026-04-09 09:15:22.288 Z] [PROCESS] [cadence.virtuoso.ade.simulationMonitor] - Simulation Monitor has successfully started up. Trying to set up communication channels to other components ... {"hostname": "edatools", "processid": 118495, "logfile": "/home/saul/projects/IL2244_VT26_SAUL/logs_saul/logs0/Job34.log"}
[2026-04-09 09:15:22.288 Z] [PROCESS] [cadence.virtuoso.ade.simulationMonitor] - Communication channels have been successfully set up. Start processing events ... {"hostname": "edatools", "processid": 118495, "logfile": "/home/saul/projects/IL2244_VT26_SAUL/logs_saul/logs0/Job34.log"}
[2026-04-09 09:15:22.288 Z] [PROCESS] [cadence.virtuoso.ade.simulationMonitor] - Considering to start history {"hostname": "edatools", "processid": 118495, "history": "ExplorerRun.0", "logfile": "/home/saul/projects/IL2244_VT26_SAUL/logs_saul/logs0/Job34.log"}
[2026-04-09 09:15:22.289 Z] [PROCESS] [cadence.virtuoso.ade.simulationMonitor] - Started History {"hostname": "edatools", "processid": 118495, "history": "Interactive.8", "logfile": "/home/saul/projects/IL2244_VT26_SAUL/logs_saul/logs0/Job34.log"}
[2026-04-09 09:15:22.289 Z] [PROCESS] [cadence.virtuoso.ade.simulationMonitor] - HostInfo:
Host name (type):	edatools (x86_64)
Operating system:	Linux 6.17.0-20-generic #20~24.04.1-Ubuntu SMP PREEMPT_DYNAMIC Thu Mar 19 01:28:37 UTC 2 {"hostname": "edatools", "processid": 118495, "history": "Interactive.8", "logfile": "/home/saul/projects/IL2244_VT26_SAUL/logs_saul/logs0/Job34.log", "nodename": "edatools", "domainname": "(none)", "machine": "x86_64", "sysname": "Linux", "release": "6.17.0-20-generic", "version": "#20~24.04.1-Ubuntu SMP PREEMPT_DYNAMIC Thu Mar 19 01:28:37 UTC 2"}
[2026-04-09 09:15:22.289 Z] [PROCESS] [cadence.virtuoso.ade.simulationMonitor] - UsageInfo:
pid=118495
totalPhysicalMemory=62.544991GB,Used=21.623711GB,totalVirtualMemory=70.544987GB,Used=21.623711GB
Cpu: Cores=16, Load average:0.350000,0.270000,0.220000 {"hostname": "edatools", "processid": 118495, "history": "Interactive.8", "logfile": "/home/saul/projects/IL2244_VT26_SAUL/logs_saul/logs0/Job34.log", "pid": "118495", "totalPhysicalMemory": "62.544991", "physicalMemoryUsed": "21.623711", "totalVirtualMemory": "70.544987", "virtualMemoryUsed": "21.623711", "cpuCores": "16", "processes": "2032", "loadAverage1": "0.350000", "loadAverage5": "0.270000", "loadAverage15": "0.220000", "loadAverage1Percent": "0.021875"}
[2026-04-09 09:15:22.289 Z] [EVENT] [cadence.virtuoso.ade.simulationMonitor] - NewPoint {"history": "Interactive.8", "point": 1, "testname": "PSS_VIN", "cornername": "Nominal", "event": "NewPoint", "EventSource": "Simulation Monitor", "HistoryName": "Interactive.8", "logFile": "/home/saul/projects/IL2244_VT26_SAUL/logs_saul/logs0/Job34.log", "logFileSize": "2443"}
[2026-04-09 09:15:22.390 Z] [EVENT] [cadence.virtuoso.ade.simulationMonitor] - NewPoint {"history": "Interactive.8", "point": 1, "testname": "PSS_VIN", "cornername": "Nominal", "event": "NewPoint", "EventSource": "spectre", "HistoryName": "Interactive.8", "logFile": "/home/saul/projects/IL2244_VT26_SAUL/Sim/FECG/fecg_front_end_tb/maestro/results/maestro/Interactive.8/1/PSS_VIN/psf/spectre.out", "logFileSize": "-1"}
[2026-04-09 09:15:22.404 Z] [PROCESS] [cadence.virtuoso.ade.simulationMonitor] - Simulator launched {"hostname": "edatools", "processid": 118495, "history": "Interactive.8", "testname": "PSS_VIN", "cornername": "Nominal", "point": 1, "logfile": "/home/saul/projects/IL2244_VT26_SAUL/logs_saul/logs0/Job34.log", "simid": "1"}
[2026-04-09 09:15:22.408 Z] [PROCESS] [cadence.virtuoso.ade.simulationMonitor] - Expression evaluator launched {"hostname": "edatools", "processid": 118495, "history": "Interactive.8", "testname": "PSS_VIN", "cornername": "Nominal", "point": 1, "logfile": "/home/saul/projects/IL2244_VT26_SAUL/logs_saul/logs0/Job34.log"}
[2026-04-09 09:15:22.454 Z] [PROCESS] [cadence.virtuoso.ade.simulationMonitor] - Started Simulation {"hostname": "edatools", "processid": 118495, "history": "Interactive.8", "testname": "PSS_VIN", "cornername": "Nominal", "point": 1, "logfile": "/home/saul/projects/IL2244_VT26_SAUL/logs_saul/logs0/Job34.log", "event": "started", "task": "simulation"}
[2026-04-09 09:15:22.954 Z] [INFO] [cadence.virtuoso.ade.simulationMonitor] - Notice from spectre during circuit read-in.
    Pre_Configuration file used: /opt/tools/cadence/installs/SPECTRE241/tools.lnx86/spectre/etc/configs/preset.precfg
    Configuration file used: `/opt/tools/cadence/installs/SPECTRE241/tools.lnx86/spectre/etc/configs/preset.cfg'. {"history": "Interactive.8", "point": 1, "testname": "PSS_VIN", "cornername": "Nominal"}
[2026-04-09 09:15:22.955 Z] [WARN] [cadence.virtuoso.ade.simulationMonitor] -     WARNING (SPECTRE-8360): line 1511: `ac' is an undefined primitive device. {"history": "Interactive.8", "point": 1, "testname": "PSS_VIN", "cornername": "Nominal"}
[2026-04-09 09:15:22.955 Z] [WARN] [cadence.virtuoso.ade.simulationMonitor] -     WARNING (SPECTRE-8360): line 1512: `ac' is an undefined primitive device. {"history": "Interactive.8", "point": 1, "testname": "PSS_VIN", "cornername": "Nominal"}
[2026-04-09 09:15:22.955 Z] [WARN] [cadence.virtuoso.ade.simulationMonitor] -     WARNING (SPECTRE-8360): line 1513: `ac' is an undefined primitive device. {"history": "Interactive.8", "point": 1, "testname": "PSS_VIN", "cornername": "Nominal"}
[2026-04-09 09:15:22.955 Z] [WARN] [cadence.virtuoso.ade.simulationMonitor] -     WARNING (SPECTRE-8360): line 1514: `ac' is an undefined primitive device. {"history": "Interactive.8", "point": 1, "testname": "PSS_VIN", "cornername": "Nominal"}
[2026-04-09 09:15:22.955 Z] [WARN] [cadence.virtuoso.ade.simulationMonitor] -     WARNING (SPECTRE-8360): line 1515: `ac' is an undefined primitive device.
        Further occurrences of this warning will be suppressed. {"history": "Interactive.8", "point": 1, "testname": "PSS_VIN", "cornername": "Nominal"}
[2026-04-09 09:15:22.955 Z] [INFO] [cadence.virtuoso.ade.simulationMonitor] - Peak resident memory used = 171 Mbytes. {"history": "Interactive.8", "point": 1, "testname": "PSS_VIN", "cornername": "Nominal"}
[2026-04-09 09:15:22.955 Z] [WARN] [cadence.virtuoso.ade.simulationMonitor] -     WARNING (VACOMP-2435): The environment variable CDS_AHDLCMI_ENABLE is no longer supported. Therefore, the simulator will use the default compiled C code flow. {"history": "Interactive.8", "point": 1, "testname": "PSS_VIN", "cornername": "Nominal"}
[2026-04-09 09:15:22.955 Z] [WARN] [cadence.virtuoso.ade.simulationMonitor] -     WARNING (SFE-3031): The floating capacitor I19.I11.C7<0>_turbo_m3.C1 is removed. {"history": "Interactive.8", "point": 1, "testname": "PSS_VIN", "cornername": "Nominal"}
[2026-04-09 09:15:22.955 Z] [WARN] [cadence.virtuoso.ade.simulationMonitor] -     WARNING (SFE-3031): The floating capacitor I19.I11.C10<0>_turbo_m12.C1 is removed. {"history": "Interactive.8", "point": 1, "testname": "PSS_VIN", "cornername": "Nominal"}
[2026-04-09 09:15:22.955 Z] [WARN] [cadence.virtuoso.ade.simulationMonitor] -     WARNING (SFE-3031): The floating capacitor I19.I12.C7<0>_turbo_m3.C1 is removed. {"history": "Interactive.8", "point": 1, "testname": "PSS_VIN", "cornername": "Nominal"}
[2026-04-09 09:15:22.955 Z] [WARN] [cadence.virtuoso.ade.simulationMonitor] -     WARNING (SFE-3031): The floating capacitor I19.I8.C6<0>_turbo_m3.C1 is removed. {"history": "Interactive.8", "point": 1, "testname": "PSS_VIN", "cornername": "Nominal"}
[2026-04-09 09:15:22.955 Z] [WARN] [cadence.virtuoso.ade.simulationMonitor] -     WARNING (SFE-3031): The floating capacitor I19.I14.C2.C1 is removed.
        Further occurrences of this warning will be suppressed. {"history": "Interactive.8", "point": 1, "testname": "PSS_VIN", "cornername": "Nominal"}
[2026-04-09 09:15:22.955 Z] [INFO] [cadence.virtuoso.ade.simulationMonitor] - Peak resident memory used = 188 Mbytes. {"history": "Interactive.8", "point": 1, "testname": "PSS_VIN", "cornername": "Nominal"}
[2026-04-09 09:15:22.955 Z] [INFO] [cadence.virtuoso.ade.simulationMonitor] - Notice from spectre during hierarchy flattening.
    The value 'psf' specified for the 'checklimitdest' option will no longer be supported in future releases. Use 'spectre -h' to see other recommended values for the 'checklimitdest' option.
    I19.I0.R10.CS0 of rpolyhc: `c' has the unusually small value of 0 F.
    I19.I0.R10.CS1 of rpolyhc: `c' has the unusually small value of 0 F.
    I19.I0.R9.CS0 of rpolyhc: `c' has the unusually small value of 0 F.
    I19.I0.R9.CS1 of rpolyhc: `c' has the unusually ... {"history": "Interactive.8", "point": 1, "testname": "PSS_VIN", "cornername": "Nominal"}
[2026-04-09 09:15:22.955 Z] [INFO] [cadence.virtuoso.ade.simulationMonitor] - Peak resident memory used = 190 Mbytes. {"history": "Interactive.8", "point": 1, "testname": "PSS_VIN", "cornername": "Nominal"}
[2026-04-09 09:15:22.955 Z] [WARN] [cadence.virtuoso.ade.simulationMonitor] -     WARNING (CMI-2425): I19.I0.C0: `Acde' = 2.393 is unusually large. {"history": "Interactive.8", "point": 1, "testname": "PSS_VIN", "cornername": "Nominal"}
[2026-04-09 09:15:22.955 Z] [WARN] [cadence.virtuoso.ade.simulationMonitor] -     WARNING (CMI-2425): I19.I0.C0: `Noff' = 4.732 is unusually large. {"history": "Interactive.8", "point": 1, "testname": "PSS_VIN", "cornername": "Nominal"}
[2026-04-09 09:15:22.955 Z] [WARN] [cadence.virtuoso.ade.simulationMonitor] -     WARNING (CMI-2424): I19.I0.C0: `Voffcv' = -867.4e-03 is unusually small. {"history": "Interactive.8", "point": 1, "testname": "PSS_VIN", "cornername": "Nominal"}
[2026-04-09 09:15:22.956 Z] [WARN] [cadence.virtuoso.ade.simulationMonitor] -     WARNING (CMI-2425): I19.I0.I3.C1: `Acde' = 2.393 is unusually large. {"history": "Interactive.8", "point": 1, "testname": "PSS_VIN", "cornername": "Nominal"}
[2026-04-09 09:15:22.956 Z] [WARN] [cadence.virtuoso.ade.simulationMonitor] -     WARNING (CMI-2425): I19.I0.I3.C1: `Noff' = 4.732 is unusually large. {"history": "Interactive.8", "point": 1, "testname": "PSS_VIN", "cornername": "Nominal"}
[2026-04-09 09:15:22.956 Z] [WARN] [cadence.virtuoso.ade.simulationMonitor] -     WARNING (CMI-2424): I19.I0.I3.C1: `Voffcv' = -867.4e-03 is unusually small. {"history": "Interactive.8", "point": 1, "testname": "PSS_VIN", "cornername": "Nominal"}
[2026-04-09 09:15:22.956 Z] [WARN] [cadence.virtuoso.ade.simulationMonitor] -     WARNING (CMI-2425): I19.I14.C1: `Acde' = 2.393 is unusually large.
        Further occurrences of this warning will be suppressed. {"history": "Interactive.8", "point": 1, "testname": "PSS_VIN", "cornername": "Nominal"}
[2026-04-09 09:15:22.956 Z] [WARN] [cadence.virtuoso.ade.simulationMonitor] -     WARNING (CMI-2424): I19.I14.C1: `Voffcv' = -867.4e-03 is unusually small. {"history": "Interactive.8", "point": 1, "testname": "PSS_VIN", "cornername": "Nominal"}
[2026-04-09 09:15:22.956 Z] [WARN] [cadence.virtuoso.ade.simulationMonitor] -     WARNING (CMI-2424): I19.I14.C1: `Voffcv' = -867.4e-03 is unusually small. {"history": "Interactive.8", "point": 1, "testname": "PSS_VIN", "cornername": "Nominal"}
[2026-04-09 09:15:22.956 Z] [WARN] [cadence.virtuoso.ade.simulationMonitor] -     WARNING (CMI-2424): I19.I0.I3.C1: `Voffcv' = -867.4e-03 is unusually small.
        Further occurrences of this warning will be suppressed. {"history": "Interactive.8", "point": 1, "testname": "PSS_VIN", "cornername": "Nominal"}
[2026-04-09 09:15:22.956 Z] [WARN] [cadence.virtuoso.ade.simulationMonitor] -     WARNING (SPECTRE-17607): Assert `SOAC_rpolyh_vminuspsub' is ignored because it contains an expression which is invalid or not supported by native evaluator.  {"history": "Interactive.8", "point": 1, "testname": "PSS_VIN", "cornername": "Nominal"}
[2026-04-09 09:15:22.956 Z] [WARN] [cadence.virtuoso.ade.simulationMonitor] -     WARNING (SPECTRE-17607): Assert `SOAC_rpolyh_vpluspsub' is ignored because it contains an expression which is invalid or not supported by native evaluator.  {"history": "Interactive.8", "point": 1, "testname": "PSS_VIN", "cornername": "Nominal"}
[2026-04-09 09:15:22.956 Z] [WARN] [cadence.virtuoso.ade.simulationMonitor] -     WARNING (SPECTRE-16460): SOAC_cvarm_vspsub:Specified subcircuit master `cvarm' was not found. {"history": "Interactive.8", "point": 1, "testname": "PSS_VIN", "cornername": "Nominal"}
[2026-04-09 09:15:22.956 Z] [WARN] [cadence.virtuoso.ade.simulationMonitor] -     WARNING (SPECTRE-16462): SOAC_cvarm_vspsub:Error in specification of subcircuit master. Assert is ignored. {"history": "Interactive.8", "point": 1, "testname": "PSS_VIN", "cornername": "Nominal"}
[2026-04-09 09:15:22.956 Z] [WARN] [cadence.virtuoso.ade.simulationMonitor] -     WARNING (SPECTRE-16460): SOAC_cvarm_vbs:Specified subcircuit master `cvarm' was not found. {"history": "Interactive.8", "point": 1, "testname": "PSS_VIN", "cornername": "Nominal"}
[2026-04-09 09:15:22.956 Z] [WARN] [cadence.virtuoso.ade.simulationMonitor] -     WARNING (SPECTRE-16462): SOAC_cvarm_vbs:Error in specification of subcircuit master. Assert is ignored. {"history": "Interactive.8", "point": 1, "testname": "PSS_VIN", "cornername": "Nominal"}
[2026-04-09 09:15:22.956 Z] [WARN] [cadence.virtuoso.ade.simulationMonitor] -     WARNING (SPECTRE-16460): SOAC_cvarm_vgb:Specified subcircuit master `cvarm' was not found. {"history": "Interactive.8", "point": 1, "testname": "PSS_VIN", "cornername": "Nominal"}
[2026-04-09 09:15:22.956 Z] [WARN] [cadence.virtuoso.ade.simulationMonitor] -     WARNING (SPECTRE-16462): SOAC_cvarm_vgb:Error in specification of subcircuit master. Assert is ignored. {"history": "Interactive.8", "point": 1, "testname": "PSS_VIN", "cornername": "Nominal"}
[2026-04-09 09:15:22.956 Z] [WARN] [cadence.virtuoso.ade.simulationMonitor] -     WARNING (SPECTRE-16460): SOAC_cvart_vspsub:Specified subcircuit master `cvart' was not found. {"history": "Interactive.8", "point": 1, "testname": "PSS_VIN", "cornername": "Nominal"}
[2026-04-09 09:15:22.956 Z] [WARN] [cadence.virtuoso.ade.simulationMonitor] -     WARNING (SPECTRE-16462): SOAC_cvart_vspsub:Error in specification of subcircuit master. Assert is ignored. {"history": "Interactive.8", "point": 1, "testname": "PSS_VIN", "cornername": "Nominal"}
[2026-04-09 09:15:22.956 Z] [WARN] [cadence.virtuoso.ade.simulationMonitor] -     WARNING (SPECTRE-16460): SOAC_cvart_vbs:Specified subcircuit master `cvart' was not found.
        Further occurrences of this warning will be suppressed. {"history": "Interactive.8", "point": 1, "testname": "PSS_VIN", "cornername": "Nominal"}
[2026-04-09 09:15:22.956 Z] [WARN] [cadence.virtuoso.ade.simulationMonitor] -     WARNING (SPECTRE-16462): SOAC_cvart_vbs:Error in specification of subcircuit master. Assert is ignored.
        Further occurrences of this warning will be suppressed. {"history": "Interactive.8", "point": 1, "testname": "PSS_VIN", "cornername": "Nominal"}
[2026-04-09 09:15:22.956 Z] [WARN] [cadence.virtuoso.ade.simulationMonitor] -     WARNING (SPECTRE-17607): Assert `SOAC_cvar_vspsub' is ignored because it contains an expression which is invalid or not supported by native evaluator.  {"history": "Interactive.8", "point": 1, "testname": "PSS_VIN", "cornername": "Nominal"}
[2026-04-09 09:15:22.956 Z] [WARN] [cadence.virtuoso.ade.simulationMonitor] -     WARNING (SPECTRE-17607): Assert `SOAC_cvar_vbpsub' is ignored because it contains an expression which is invalid or not supported by native evaluator.  {"history": "Interactive.8", "point": 1, "testname": "PSS_VIN", "cornername": "Nominal"}
[2026-04-09 09:15:22.956 Z] [WARN] [cadence.virtuoso.ade.simulationMonitor] -     WARNING (SPECTRE-17607): Assert `SOAC_cvar_vgpsub' is ignored because it contains an expression which is invalid or not supported by native evaluator. 
        Further occurrences of this warning will be suppressed. {"history": "Interactive.8", "point": 1, "testname": "PSS_VIN", "cornername": "Nominal"}
[2026-04-09 09:15:23.457 Z] [INFO] [cadence.virtuoso.ade.simulationMonitor] - Notice from spectre during initial setup.
    Multithreading is disabled due to the size of the design being too small. {"history": "Interactive.8", "point": 1, "testname": "PSS_VIN", "cornername": "Nominal"}
[2026-04-09 09:15:23.457 Z] [WARN] [cadence.virtuoso.ade.simulationMonitor] -     WARNING (SPECTRE-592): Following parameters are disabled because they are ignored or redefined in Spectre X:
        
        
        PSS Parameters:
          errpreset {"history": "Interactive.8", "point": 1, "testname": "PSS_VIN", "cornername": "Nominal"}
[2026-04-09 09:15:23.457 Z] [INFO] [cadence.virtuoso.ade.simulationMonitor] -               nodes 204 {"history": "Interactive.8", "point": 1, "testname": "PSS_VIN", "cornername": "Nominal"}
[2026-04-09 09:15:23.457 Z] [INFO] [cadence.virtuoso.ade.simulationMonitor] - Notice from spectre during initial setup.
    3 vsources are shorted because their absolute value is less than or equal to 'vabsshort'.
    Spectre X preset=mx enabled.
    7 notices suppressed.
    102 warnings suppressed. {"history": "Interactive.8", "point": 1, "testname": "PSS_VIN", "cornername": "Nominal"}
[2026-04-09 09:15:23.457 Z] [INFO] [cadence.virtuoso.ade.simulationMonitor] - Peak resident memory used = 208 Mbytes. {"history": "Interactive.8", "point": 1, "testname": "PSS_VIN", "cornername": "Nominal"}
[2026-04-09 09:15:23.457 Z] [INFO] [cadence.virtuoso.ade.simulationMonitor] -    -   (Spectre X) Multi-threading. The recommended number of threads is 1, consider adding +mt=1 on command line. {"history": "Interactive.8", "point": 1, "testname": "PSS_VIN", "cornername": "Nominal"}
[2026-04-09 09:15:23.458 Z] [INFO] [cadence.virtuoso.ade.simulationMonitor] - Notice from spectre during DC analysis `dcOp'.
    No checklimit analysis defined for asserts. A default checklimit analysis 'SpectreChecklimitAnal' has been created with all asserts enabled. {"history": "Interactive.8", "point": 1, "testname": "PSS_VIN", "cornername": "Nominal"}
[2026-04-09 09:15:23.458 Z] [INFO] [cadence.virtuoso.ade.simulationMonitor] - Notice from spectre during DC analysis `dcOp'.
    GminDC = 1 pS is large enough to noticeably affect the DC solution.
        dV(I19.I14.C1.d1) = 2.58858 mV
        Use the `gmin_check' option to eliminate or expand this report.
    Bad pivoting is found during DC analysis. Option dc_pivot_check=yes is recommended for possible improvement of convergence. {"history": "Interactive.8", "point": 1, "testname": "PSS_VIN", "cornername": "Nominal"}
[2026-04-09 09:15:23.458 Z] [WARN] [cadence.virtuoso.ade.simulationMonitor] -     WARNING (CMI-2943): Parameter checks have been ignored because the valid value for parameter 'trise' could not be found in 'C0'. {"history": "Interactive.8", "point": 1, "testname": "PSS_VIN", "cornername": "Nominal"}
[2026-04-09 09:15:23.458 Z] [WARN] [cadence.virtuoso.ade.simulationMonitor] -     WARNING (CMI-2943): Parameter checks have been ignored because the valid value for parameter 'trise' could not be found in 'C3'. {"history": "Interactive.8", "point": 1, "testname": "PSS_VIN", "cornername": "Nominal"}
[2026-04-09 09:15:23.458 Z] [WARN] [cadence.virtuoso.ade.simulationMonitor] -     WARNING (CMI-2943): Parameter checks have been ignored because the valid value for parameter 'trise' could not be found in 'I19.I2.C2<0>_turbo_m10.C1'. {"history": "Interactive.8", "point": 1, "testname": "PSS_VIN", "cornername": "Nominal"}
[2026-04-09 09:15:23.458 Z] [WARN] [cadence.virtuoso.ade.simulationMonitor] -     WARNING (CMI-2943): Parameter checks have been ignored because the valid value for parameter 'trise' could not be found in 'I19.I2.R0.CM'. {"history": "Interactive.8", "point": 1, "testname": "PSS_VIN", "cornername": "Nominal"}
[2026-04-09 09:15:23.458 Z] [WARN] [cadence.virtuoso.ade.simulationMonitor] -     WARNING (CMI-2943): Parameter checks have been ignored because the valid value for parameter 'trise' could not be found in 'I19.I2.R0.CS1'.
        Further occurrences of this warning will be suppressed. {"history": "Interactive.8", "point": 1, "testname": "PSS_VIN", "cornername": "Nominal"}
[2026-04-09 09:15:23.458 Z] [INFO] [cadence.virtuoso.ade.simulationMonitor] - Total time required for dc analysis `dcOp': CPU = 72.359 ms, elapsed = 82.5469 ms, util. = 87.7%. {"history": "Interactive.8", "point": 1, "testname": "PSS_VIN", "cornername": "Nominal"}
[2026-04-09 09:15:23.458 Z] [INFO] [cadence.virtuoso.ade.simulationMonitor] - Peak resident memory used = 218 Mbytes. {"history": "Interactive.8", "point": 1, "testname": "PSS_VIN", "cornername": "Nominal"}
[2026-04-09 09:15:23.458 Z] [INFO] [cadence.virtuoso.ade.simulationMonitor] - Notice from spectre.
    101 warnings suppressed. {"history": "Interactive.8", "point": 1, "testname": "PSS_VIN", "cornername": "Nominal"}
[2026-04-09 09:15:23.458 Z] [WARN] [cadence.virtuoso.ade.simulationMonitor] -     WARNING (CMI-2425): I19.I0.C0: `Acde' = 2.393 is unusually large. {"history": "Interactive.8", "point": 1, "testname": "PSS_VIN", "cornername": "Nominal"}
[2026-04-09 09:15:23.458 Z] [WARN] [cadence.virtuoso.ade.simulationMonitor] -     WARNING (CMI-2425): I19.I0.C0: `Noff' = 4.732 is unusually large. {"history": "Interactive.8", "point": 1, "testname": "PSS_VIN", "cornername": "Nominal"}
[2026-04-09 09:15:23.458 Z] [WARN] [cadence.virtuoso.ade.simulationMonitor] -     WARNING (CMI-2424): I19.I0.C0: `Voffcv' = -867.4e-03 is unusually small. {"history": "Interactive.8", "point": 1, "testname": "PSS_VIN", "cornername": "Nominal"}
[2026-04-09 09:15:23.458 Z] [WARN] [cadence.virtuoso.ade.simulationMonitor] -     WARNING (CMI-2425): I19.I0.I3.C1: `Acde' = 2.393 is unusually large. {"history": "Interactive.8", "point": 1, "testname": "PSS_VIN", "cornername": "Nominal"}
[2026-04-09 09:15:23.458 Z] [WARN] [cadence.virtuoso.ade.simulationMonitor] -     WARNING (CMI-2425): I19.I0.I3.C1: `Noff' = 4.732 is unusually large. {"history": "Interactive.8", "point": 1, "testname": "PSS_VIN", "cornername": "Nominal"}
[2026-04-09 09:15:23.458 Z] [WARN] [cadence.virtuoso.ade.simulationMonitor] -     WARNING (CMI-2424): I19.I0.I3.C1: `Voffcv' = -867.4e-03 is unusually small. {"history": "Interactive.8", "point": 1, "testname": "PSS_VIN", "cornername": "Nominal"}
[2026-04-09 09:15:23.458 Z] [WARN] [cadence.virtuoso.ade.simulationMonitor] -     WARNING (CMI-2425): I19.I14.C1: `Acde' = 2.393 is unusually large.
        Further occurrences of this warning will be suppressed. {"history": "Interactive.8", "point": 1, "testname": "PSS_VIN", "cornername": "Nominal"}
[2026-04-09 09:15:23.458 Z] [WARN] [cadence.virtuoso.ade.simulationMonitor] -     WARNING (CMI-2424): I19.I14.C1: `Voffcv' = -867.4e-03 is unusually small. {"history": "Interactive.8", "point": 1, "testname": "PSS_VIN", "cornername": "Nominal"}
[2026-04-09 09:15:23.458 Z] [INFO] [cadence.virtuoso.ade.simulationMonitor] - Notice from spectre during IC analysis, during periodic steady state analysis `pss'.
    GminDC = 1 pS is large enough to noticeably affect the DC solution.
        dV(I19.I14.C1.d1) = 2.58851 mV
        Use the `gmin_check' option to eliminate or expand this report.
    Bad pivoting is found during DC analysis. Option dc_pivot_check=yes is recommended for possible improvement of convergence. {"history": "Interactive.8", "point": 1, "testname": "PSS_VIN", "cornername": "Nominal"}
[2026-04-09 09:15:23.458 Z] [WARN] [cadence.virtuoso.ade.simulationMonitor] -     WARNING (CMI-2943): Parameter checks have been ignored because the valid value for parameter 'trise' could not be found in 'C0'. {"history": "Interactive.8", "point": 1, "testname": "PSS_VIN", "cornername": "Nominal"}
[2026-04-09 09:15:23.458 Z] [WARN] [cadence.virtuoso.ade.simulationMonitor] -     WARNING (CMI-2943): Parameter checks have been ignored because the valid value for parameter 'trise' could not be found in 'C3'. {"history": "Interactive.8", "point": 1, "testname": "PSS_VIN", "cornername": "Nominal"}
[2026-04-09 09:15:23.458 Z] [WARN] [cadence.virtuoso.ade.simulationMonitor] -     WARNING (CMI-2943): Parameter checks have been ignored because the valid value for parameter 'trise' could not be found in 'I19.I2.C2<0>_turbo_m10.C1'. {"history": "Interactive.8", "point": 1, "testname": "PSS_VIN", "cornername": "Nominal"}
[2026-04-09 09:15:23.459 Z] [WARN] [cadence.virtuoso.ade.simulationMonitor] -     WARNING (CMI-2943): Parameter checks have been ignored because the valid value for parameter 'trise' could not be found in 'I19.I2.R0.CM'. {"history": "Interactive.8", "point": 1, "testname": "PSS_VIN", "cornername": "Nominal"}
[2026-04-09 09:15:23.459 Z] [WARN] [cadence.virtuoso.ade.simulationMonitor] -     WARNING (CMI-2943): Parameter checks have been ignored because the valid value for parameter 'trise' could not be found in 'I19.I2.R0.CS1'.
        Further occurrences of this warning will be suppressed. {"history": "Interactive.8", "point": 1, "testname": "PSS_VIN", "cornername": "Nominal"}
[2026-04-09 09:15:23.459 Z] [INFO] [cadence.virtuoso.ade.simulationMonitor] - Notice from spectre at time = 36.7161 us during periodic steady state analysis `pss'.
    Found trapezoidal ringing on node I19.I2.B. {"history": "Interactive.8", "point": 1, "testname": "PSS_VIN", "cornername": "Nominal"}
[2026-04-09 09:15:23.459 Z] [INFO] [cadence.virtuoso.ade.simulationMonitor] - Notice from spectre at time = 68.5307 us during periodic steady state analysis `pss'.
    Found trapezoidal ringing on node V1:p. {"history": "Interactive.8", "point": 1, "testname": "PSS_VIN", "cornername": "Nominal"}
[2026-04-09 09:15:23.459 Z] [INFO] [cadence.virtuoso.ade.simulationMonitor] - Notice from spectre at time = 48.1382 us during periodic steady state analysis `pss'.
    Found trapezoidal ringing on node I19.I2.B. {"history": "Interactive.8", "point": 1, "testname": "PSS_VIN", "cornername": "Nominal"}
[2026-04-09 09:15:23.459 Z] [INFO] [cadence.virtuoso.ade.simulationMonitor] - Notice from spectre at time = 70.9823 us during periodic steady state analysis `pss'.
    Found trapezoidal ringing on node V1:p. {"history": "Interactive.8", "point": 1, "testname": "PSS_VIN", "cornername": "Nominal"}
[2026-04-09 09:15:23.459 Z] [INFO] [cadence.virtuoso.ade.simulationMonitor] - Notice from spectre at time = 57.3262 us during periodic steady state analysis `pss'.
    Found trapezoidal ringing on node I19.I2.B.
        Further occurrences of this notice will be suppressed. {"history": "Interactive.8", "point": 1, "testname": "PSS_VIN", "cornername": "Nominal"}
[2026-04-09 09:15:24.959 Z] [INFO] [cadence.virtuoso.ade.simulationMonitor] - Total time required for tstab analysis `pss': CPU = 1.453 s, elapsed = 1.45313 s. {"history": "Interactive.8", "point": 1, "testname": "PSS_VIN", "cornername": "Nominal"}
[2026-04-09 09:15:24.959 Z] [INFO] [cadence.virtuoso.ade.simulationMonitor] - Peak resident memory used = 221 Mbytes. {"history": "Interactive.8", "point": 1, "testname": "PSS_VIN", "cornername": "Nominal"}
[2026-04-09 09:15:24.959 Z] [INFO] [cadence.virtuoso.ade.simulationMonitor] - Notice from spectre during periodic steady state analysis `pss'.
    102 warnings suppressed. {"history": "Interactive.8", "point": 1, "testname": "PSS_VIN", "cornername": "Nominal"}
[2026-04-09 09:15:41.465 Z] [INFO] [cadence.virtuoso.ade.simulationMonitor] - Notice from spectre during periodic steady state analysis `pss'.
    Trapezoidal ringing is detected during pss analysis.
        Please use method=trap for better results and performance. {"history": "Interactive.8", "point": 1, "testname": "PSS_VIN", "cornername": "Nominal"}
[2026-04-09 09:15:41.465 Z] [INFO] [cadence.virtuoso.ade.simulationMonitor] - Total time required for pss analysis `pss': CPU = 17.8029 s, elapsed = 17.8519 s, util. = 99.7%. {"history": "Interactive.8", "point": 1, "testname": "PSS_VIN", "cornername": "Nominal"}
[2026-04-09 09:15:41.466 Z] [INFO] [cadence.virtuoso.ade.simulationMonitor] - Peak resident memory used = 428 Mbytes. {"history": "Interactive.8", "point": 1, "testname": "PSS_VIN", "cornername": "Nominal"}
[2026-04-09 09:15:41.466 Z] [INFO] [cadence.virtuoso.ade.simulationMonitor] - Notice from spectre.
    1302 notices suppressed. {"history": "Interactive.8", "point": 1, "testname": "PSS_VIN", "cornername": "Nominal"}
[2026-04-09 09:15:41.467 Z] [WARN] [cadence.virtuoso.ade.simulationMonitor] -     WARNING (CMI-2425): I19.I14.C1: `Acde' = 2.393 is unusually large. {"history": "Interactive.8", "point": 1, "testname": "PSS_VIN", "cornername": "Nominal"}
[2026-04-09 09:15:41.467 Z] [WARN] [cadence.virtuoso.ade.simulationMonitor] -     WARNING (CMI-2425): I19.I14.C1: `Noff' = 4.732 is unusually large. {"history": "Interactive.8", "point": 1, "testname": "PSS_VIN", "cornername": "Nominal"}
[2026-04-09 09:15:41.468 Z] [WARN] [cadence.virtuoso.ade.simulationMonitor] -     WARNING (CMI-2424): I19.I14.C1: `Voffcv' = -867.4e-03 is unusually small. {"history": "Interactive.8", "point": 1, "testname": "PSS_VIN", "cornername": "Nominal"}
[2026-04-09 09:15:41.468 Z] [WARN] [cadence.virtuoso.ade.simulationMonitor] -     WARNING (CMI-2425): I19.I0.I3.C1: `Acde' = 2.393 is unusually large. {"history": "Interactive.8", "point": 1, "testname": "PSS_VIN", "cornername": "Nominal"}
[2026-04-09 09:15:41.468 Z] [WARN] [cadence.virtuoso.ade.simulationMonitor] -     WARNING (CMI-2425): I19.I0.I3.C1: `Noff' = 4.732 is unusually large. {"history": "Interactive.8", "point": 1, "testname": "PSS_VIN", "cornername": "Nominal"}
[2026-04-09 09:15:41.468 Z] [WARN] [cadence.virtuoso.ade.simulationMonitor] -     WARNING (CMI-2424): I19.I0.I3.C1: `Voffcv' = -867.4e-03 is unusually small. {"history": "Interactive.8", "point": 1, "testname": "PSS_VIN", "cornername": "Nominal"}
[2026-04-09 09:15:41.469 Z] [WARN] [cadence.virtuoso.ade.simulationMonitor] -     WARNING (CMI-2425): I19.I0.C0: `Acde' = 2.393 is unusually large.
        Further occurrences of this warning will be suppressed. {"history": "Interactive.8", "point": 1, "testname": "PSS_VIN", "cornername": "Nominal"}
[2026-04-09 09:15:41.469 Z] [WARN] [cadence.virtuoso.ade.simulationMonitor] -     WARNING (CMI-2424): I19.I0.C0: `Voffcv' = -867.4e-03 is unusually small. {"history": "Interactive.8", "point": 1, "testname": "PSS_VIN", "cornername": "Nominal"}
[2026-04-09 09:15:41.469 Z] [INFO] [cadence.virtuoso.ade.simulationMonitor] - Notice from spectre.
    1 warning suppressed. {"history": "Interactive.8", "point": 1, "testname": "PSS_VIN", "cornername": "Nominal"}
[2026-04-09 09:15:41.469 Z] [INFO] [cadence.virtuoso.ade.simulationMonitor] - Time used: CPU = 18.2 s, elapsed = 18.5 s, util. = 98.3%. {"history": "Interactive.8", "point": 1, "testname": "PSS_VIN", "cornername": "Nominal"}
[2026-04-09 09:15:41.470 Z] [INFO] [cadence.virtuoso.ade.simulationMonitor] - Time spent in licensing: elapsed = 47.8 ms. {"history": "Interactive.8", "point": 1, "testname": "PSS_VIN", "cornername": "Nominal"}
[2026-04-09 09:15:41.470 Z] [INFO] [cadence.virtuoso.ade.simulationMonitor] - Peak memory used = 428 Mbytes. {"history": "Interactive.8", "point": 1, "testname": "PSS_VIN", "cornername": "Nominal"}
[2026-04-09 09:15:41.470 Z] [PROCESS] [cadence.virtuoso.ade.simulationMonitor] - Simulation started at: 9:15:22 AM, Thur Apr 9, 2026, ended at: 9:15:41 AM, Thur Apr 9, 2026, with elapsed time (wall clock): 18.5 s. {"history": "Interactive.8", "point": 1, "testname": "PSS_VIN", "cornername": "Nominal"}
[2026-04-09 09:15:41.470 Z] [PROCESS] [cadence.virtuoso.ade.simulationMonitor] - spectre completes with 0 errors, 63 warnings, and 30 notices. {"history": "Interactive.8", "point": 1, "testname": "PSS_VIN", "cornername": "Nominal"}
[2026-04-09 09:15:41.471 Z] [PROCESS] [cadence.virtuoso.ade.simulationMonitor] - Finished simulating for one point {"hostname": "edatools", "processid": 118495, "history": "Interactive.8", "testname": "PSS_VIN", "cornername": "Nominal", "point": 1, "logfile": "/home/saul/projects/IL2244_VT26_SAUL/logs_saul/logs0/Job34.log", "simid": "1"}
[2026-04-09 09:15:41.471 Z] [PROCESS] [cadence.virtuoso.ade.simulationMonitor] - Simulator exited {"hostname": "edatools", "processid": 118495, "history": "Interactive.8", "testname": "PSS_VIN", "cornername": "Nominal", "point": 1, "logfile": "/home/saul/projects/IL2244_VT26_SAUL/logs_saul/logs0/Job34.log", "exitStatus": "0"}
[2026-04-09 09:15:41.471 Z] [PROCESS] [cadence.virtuoso.ade.simulationMonitor] - Finished Simulation {"hostname": "edatools", "processid": 118495, "history": "Interactive.8", "testname": "PSS_VIN", "cornername": "Nominal", "point": 1, "logfile": "/home/saul/projects/IL2244_VT26_SAUL/logs_saul/logs0/Job34.log", "simid": "1"}
[2026-04-09 09:15:42.481 Z] [PROCESS] [cadence.virtuoso.ade.simulationMonitor] - Point Finished {"hostname": "edatools", "processid": 118495, "history": "Interactive.8", "testname": "PSS_VIN", "cornername": "Nominal", "point": 1, "logfile": "/home/saul/projects/IL2244_VT26_SAUL/logs_saul/logs0/Job34.log"}
[2026-04-09 09:19:26.502 Z] [PROCESS] [cadence.virtuoso.ade.simulationMonitor] - Started History {"hostname": "edatools", "processid": 118495, "history": "Interactive.9", "testname": "PSS_VIN", "cornername": "Nominal", "point": 1, "logfile": "/home/saul/projects/IL2244_VT26_SAUL/logs_saul/logs0/Job34.log"}
[2026-04-09 09:19:26.503 Z] [PROCESS] [cadence.virtuoso.ade.simulationMonitor] - HostInfo:
Host name (type):	edatools (x86_64)
Operating system:	Linux 6.17.0-20-generic #20~24.04.1-Ubuntu SMP PREEMPT_DYNAMIC Thu Mar 19 01:28:37 UTC 2 {"hostname": "edatools", "processid": 118495, "history": "Interactive.9", "testname": "PSS_VIN", "cornername": "Nominal", "point": 1, "logfile": "/home/saul/projects/IL2244_VT26_SAUL/logs_saul/logs0/Job34.log", "nodename": "edatools", "domainname": "(none)", "machine": "x86_64", "sysname": "Linux", "release": "6.17.0-20-generic", "version": "#20~24.04.1-Ubuntu SMP PREEMPT_DYNAMIC Thu Mar 19 01:28:37 UTC 2"}
[2026-04-09 09:19:26.503 Z] [PROCESS] [cadence.virtuoso.ade.simulationMonitor] - UsageInfo:
pid=118495
totalPhysicalMemory=62.544991GB,Used=21.677132GB,totalVirtualMemory=70.544987GB,Used=21.677132GB
Cpu: Cores=16, Load average:0.420000,0.360000,0.270000 {"hostname": "edatools", "processid": 118495, "history": "Interactive.9", "testname": "PSS_VIN", "cornername": "Nominal", "point": 1, "logfile": "/home/saul/projects/IL2244_VT26_SAUL/logs_saul/logs0/Job34.log", "pid": "118495", "totalPhysicalMemory": "62.544991", "physicalMemoryUsed": "21.677132", "totalVirtualMemory": "70.544987", "virtualMemoryUsed": "21.677132", "cpuCores": "16", "processes": "2016", "loadAverage1": "0.420000", "loadAverage5": "0.360000", "loadAverage15": "0.270000", "loadAverage1Percent": "0.026250"}
[2026-04-09 09:19:26.504 Z] [EVENT] [cadence.virtuoso.ade.simulationMonitor] - NewPoint {"history": "Interactive.9", "point": 1, "testname": "PSS_VIN", "cornername": "Nominal", "event": "NewPoint", "EventSource": "Simulation Monitor", "HistoryName": "Interactive.9", "logFile": "/home/saul/projects/IL2244_VT26_SAUL/logs_saul/logs0/Job34.log", "logFileSize": "34747"}
[2026-04-09 09:19:26.606 Z] [EVENT] [cadence.virtuoso.ade.simulationMonitor] - NewPoint {"history": "Interactive.9", "point": 1, "testname": "PSS_VIN", "cornername": "Nominal", "event": "NewPoint", "EventSource": "spectre", "HistoryName": "Interactive.9", "logFile": "/home/saul/projects/IL2244_VT26_SAUL/Sim/FECG/fecg_front_end_tb/maestro/results/maestro/Interactive.9/1/PSS_VIN/psf/spectre.out", "logFileSize": "-1"}
[2026-04-09 09:19:26.619 Z] [PROCESS] [cadence.virtuoso.ade.simulationMonitor] - Simulator launched {"hostname": "edatools", "processid": 118495, "history": "Interactive.9", "testname": "PSS_VIN", "cornername": "Nominal", "point": 1, "logfile": "/home/saul/projects/IL2244_VT26_SAUL/logs_saul/logs0/Job34.log", "simid": "2"}
[2026-04-09 09:19:26.623 Z] [PROCESS] [cadence.virtuoso.ade.simulationMonitor] - Expression evaluator launched {"hostname": "edatools", "processid": 118495, "history": "Interactive.9", "testname": "PSS_VIN", "cornername": "Nominal", "point": 1, "logfile": "/home/saul/projects/IL2244_VT26_SAUL/logs_saul/logs0/Job34.log"}
[2026-04-09 09:19:26.652 Z] [PROCESS] [cadence.virtuoso.ade.simulationMonitor] - Started Simulation {"hostname": "edatools", "processid": 118495, "history": "Interactive.9", "testname": "PSS_VIN", "cornername": "Nominal", "point": 1, "logfile": "/home/saul/projects/IL2244_VT26_SAUL/logs_saul/logs0/Job34.log", "event": "started", "task": "simulation"}
[2026-04-09 09:19:27.152 Z] [INFO] [cadence.virtuoso.ade.simulationMonitor] - Notice from spectre during circuit read-in.
    Pre_Configuration file used: /opt/tools/cadence/installs/SPECTRE241/tools.lnx86/spectre/etc/configs/preset.precfg
    Configuration file used: `/opt/tools/cadence/installs/SPECTRE241/tools.lnx86/spectre/etc/configs/preset.cfg'. {"history": "Interactive.9", "point": 1, "testname": "PSS_VIN", "cornername": "Nominal"}
[2026-04-09 09:19:27.152 Z] [WARN] [cadence.virtuoso.ade.simulationMonitor] -     WARNING (SPECTRE-8360): line 1511: `ac' is an undefined primitive device. {"history": "Interactive.9", "point": 1, "testname": "PSS_VIN", "cornername": "Nominal"}
[2026-04-09 09:19:27.153 Z] [WARN] [cadence.virtuoso.ade.simulationMonitor] -     WARNING (SPECTRE-8360): line 1512: `ac' is an undefined primitive device. {"history": "Interactive.9", "point": 1, "testname": "PSS_VIN", "cornername": "Nominal"}
[2026-04-09 09:19:27.153 Z] [WARN] [cadence.virtuoso.ade.simulationMonitor] -     WARNING (SPECTRE-8360): line 1513: `ac' is an undefined primitive device. {"history": "Interactive.9", "point": 1, "testname": "PSS_VIN", "cornername": "Nominal"}
[2026-04-09 09:19:27.153 Z] [WARN] [cadence.virtuoso.ade.simulationMonitor] -     WARNING (SPECTRE-8360): line 1514: `ac' is an undefined primitive device. {"history": "Interactive.9", "point": 1, "testname": "PSS_VIN", "cornername": "Nominal"}
[2026-04-09 09:19:27.153 Z] [WARN] [cadence.virtuoso.ade.simulationMonitor] -     WARNING (SPECTRE-8360): line 1515: `ac' is an undefined primitive device.
        Further occurrences of this warning will be suppressed. {"history": "Interactive.9", "point": 1, "testname": "PSS_VIN", "cornername": "Nominal"}
[2026-04-09 09:19:27.153 Z] [INFO] [cadence.virtuoso.ade.simulationMonitor] - Peak resident memory used = 171 Mbytes. {"history": "Interactive.9", "point": 1, "testname": "PSS_VIN", "cornername": "Nominal"}
[2026-04-09 09:19:27.153 Z] [WARN] [cadence.virtuoso.ade.simulationMonitor] -     WARNING (VACOMP-2435): The environment variable CDS_AHDLCMI_ENABLE is no longer supported. Therefore, the simulator will use the default compiled C code flow. {"history": "Interactive.9", "point": 1, "testname": "PSS_VIN", "cornername": "Nominal"}
[2026-04-09 09:19:27.153 Z] [WARN] [cadence.virtuoso.ade.simulationMonitor] -     WARNING (SFE-3031): The floating capacitor I19.I11.C7<0>_turbo_m3.C1 is removed. {"history": "Interactive.9", "point": 1, "testname": "PSS_VIN", "cornername": "Nominal"}
[2026-04-09 09:19:27.153 Z] [WARN] [cadence.virtuoso.ade.simulationMonitor] -     WARNING (SFE-3031): The floating capacitor I19.I11.C10<0>_turbo_m12.C1 is removed. {"history": "Interactive.9", "point": 1, "testname": "PSS_VIN", "cornername": "Nominal"}
[2026-04-09 09:19:27.153 Z] [WARN] [cadence.virtuoso.ade.simulationMonitor] -     WARNING (SFE-3031): The floating capacitor I19.I12.C7<0>_turbo_m3.C1 is removed. {"history": "Interactive.9", "point": 1, "testname": "PSS_VIN", "cornername": "Nominal"}
[2026-04-09 09:19:27.153 Z] [WARN] [cadence.virtuoso.ade.simulationMonitor] -     WARNING (SFE-3031): The floating capacitor I19.I8.C6<0>_turbo_m3.C1 is removed. {"history": "Interactive.9", "point": 1, "testname": "PSS_VIN", "cornername": "Nominal"}
[2026-04-09 09:19:27.153 Z] [WARN] [cadence.virtuoso.ade.simulationMonitor] -     WARNING (SFE-3031): The floating capacitor I19.I14.C2.C1 is removed.
        Further occurrences of this warning will be suppressed. {"history": "Interactive.9", "point": 1, "testname": "PSS_VIN", "cornername": "Nominal"}
[2026-04-09 09:19:27.153 Z] [INFO] [cadence.virtuoso.ade.simulationMonitor] - Peak resident memory used = 188 Mbytes. {"history": "Interactive.9", "point": 1, "testname": "PSS_VIN", "cornername": "Nominal"}
[2026-04-09 09:19:27.153 Z] [INFO] [cadence.virtuoso.ade.simulationMonitor] - Notice from spectre during hierarchy flattening.
    The value 'psf' specified for the 'checklimitdest' option will no longer be supported in future releases. Use 'spectre -h' to see other recommended values for the 'checklimitdest' option.
    I19.I0.R10.CS0 of rpolyhc: `c' has the unusually small value of 0 F.
    I19.I0.R10.CS1 of rpolyhc: `c' has the unusually small value of 0 F.
    I19.I0.R9.CS0 of rpolyhc: `c' has the unusually small value of 0 F.
    I19.I0.R9.CS1 of rpolyhc: `c' has the unusually ... {"history": "Interactive.9", "point": 1, "testname": "PSS_VIN", "cornername": "Nominal"}
[2026-04-09 09:19:27.153 Z] [INFO] [cadence.virtuoso.ade.simulationMonitor] - Peak resident memory used = 190 Mbytes. {"history": "Interactive.9", "point": 1, "testname": "PSS_VIN", "cornername": "Nominal"}
[2026-04-09 09:19:27.153 Z] [WARN] [cadence.virtuoso.ade.simulationMonitor] -     WARNING (CMI-2425): I19.I0.C0: `Acde' = 2.393 is unusually large. {"history": "Interactive.9", "point": 1, "testname": "PSS_VIN", "cornername": "Nominal"}
[2026-04-09 09:19:27.153 Z] [WARN] [cadence.virtuoso.ade.simulationMonitor] -     WARNING (CMI-2425): I19.I0.C0: `Noff' = 4.732 is unusually large. {"history": "Interactive.9", "point": 1, "testname": "PSS_VIN", "cornername": "Nominal"}
[2026-04-09 09:19:27.154 Z] [WARN] [cadence.virtuoso.ade.simulationMonitor] -     WARNING (CMI-2424): I19.I0.C0: `Voffcv' = -867.4e-03 is unusually small. {"history": "Interactive.9", "point": 1, "testname": "PSS_VIN", "cornername": "Nominal"}
[2026-04-09 09:19:27.154 Z] [WARN] [cadence.virtuoso.ade.simulationMonitor] -     WARNING (CMI-2425): I19.I0.I3.C1: `Acde' = 2.393 is unusually large. {"history": "Interactive.9", "point": 1, "testname": "PSS_VIN", "cornername": "Nominal"}
[2026-04-09 09:19:27.154 Z] [WARN] [cadence.virtuoso.ade.simulationMonitor] -     WARNING (CMI-2425): I19.I0.I3.C1: `Noff' = 4.732 is unusually large. {"history": "Interactive.9", "point": 1, "testname": "PSS_VIN", "cornername": "Nominal"}
[2026-04-09 09:19:27.154 Z] [WARN] [cadence.virtuoso.ade.simulationMonitor] -     WARNING (CMI-2424): I19.I0.I3.C1: `Voffcv' = -867.4e-03 is unusually small. {"history": "Interactive.9", "point": 1, "testname": "PSS_VIN", "cornername": "Nominal"}
[2026-04-09 09:19:27.154 Z] [WARN] [cadence.virtuoso.ade.simulationMonitor] -     WARNING (CMI-2425): I19.I14.C1: `Acde' = 2.393 is unusually large.
        Further occurrences of this warning will be suppressed. {"history": "Interactive.9", "point": 1, "testname": "PSS_VIN", "cornername": "Nominal"}
[2026-04-09 09:19:27.154 Z] [WARN] [cadence.virtuoso.ade.simulationMonitor] -     WARNING (CMI-2424): I19.I14.C1: `Voffcv' = -867.4e-03 is unusually small. {"history": "Interactive.9", "point": 1, "testname": "PSS_VIN", "cornername": "Nominal"}
[2026-04-09 09:19:27.154 Z] [WARN] [cadence.virtuoso.ade.simulationMonitor] -     WARNING (CMI-2424): I19.I14.C1: `Voffcv' = -867.4e-03 is unusually small. {"history": "Interactive.9", "point": 1, "testname": "PSS_VIN", "cornername": "Nominal"}
[2026-04-09 09:19:27.154 Z] [WARN] [cadence.virtuoso.ade.simulationMonitor] -     WARNING (CMI-2424): I19.I0.I3.C1: `Voffcv' = -867.4e-03 is unusually small.
        Further occurrences of this warning will be suppressed. {"history": "Interactive.9", "point": 1, "testname": "PSS_VIN", "cornername": "Nominal"}
[2026-04-09 09:19:27.154 Z] [WARN] [cadence.virtuoso.ade.simulationMonitor] -     WARNING (SPECTRE-17607): Assert `SOAC_rpolyh_vminuspsub' is ignored because it contains an expression which is invalid or not supported by native evaluator.  {"history": "Interactive.9", "point": 1, "testname": "PSS_VIN", "cornername": "Nominal"}
[2026-04-09 09:19:27.154 Z] [WARN] [cadence.virtuoso.ade.simulationMonitor] -     WARNING (SPECTRE-17607): Assert `SOAC_rpolyh_vpluspsub' is ignored because it contains an expression which is invalid or not supported by native evaluator.  {"history": "Interactive.9", "point": 1, "testname": "PSS_VIN", "cornername": "Nominal"}
[2026-04-09 09:19:27.154 Z] [WARN] [cadence.virtuoso.ade.simulationMonitor] -     WARNING (SPECTRE-16460): SOAC_cvarm_vspsub:Specified subcircuit master `cvarm' was not found. {"history": "Interactive.9", "point": 1, "testname": "PSS_VIN", "cornername": "Nominal"}
[2026-04-09 09:19:27.154 Z] [WARN] [cadence.virtuoso.ade.simulationMonitor] -     WARNING (SPECTRE-16462): SOAC_cvarm_vspsub:Error in specification of subcircuit master. Assert is ignored. {"history": "Interactive.9", "point": 1, "testname": "PSS_VIN", "cornername": "Nominal"}
[2026-04-09 09:19:27.154 Z] [WARN] [cadence.virtuoso.ade.simulationMonitor] -     WARNING (SPECTRE-16460): SOAC_cvarm_vbs:Specified subcircuit master `cvarm' was not found. {"history": "Interactive.9", "point": 1, "testname": "PSS_VIN", "cornername": "Nominal"}
[2026-04-09 09:19:27.154 Z] [WARN] [cadence.virtuoso.ade.simulationMonitor] -     WARNING (SPECTRE-16462): SOAC_cvarm_vbs:Error in specification of subcircuit master. Assert is ignored. {"history": "Interactive.9", "point": 1, "testname": "PSS_VIN", "cornername": "Nominal"}
[2026-04-09 09:19:27.155 Z] [WARN] [cadence.virtuoso.ade.simulationMonitor] -     WARNING (SPECTRE-16460): SOAC_cvarm_vgb:Specified subcircuit master `cvarm' was not found. {"history": "Interactive.9", "point": 1, "testname": "PSS_VIN", "cornername": "Nominal"}
[2026-04-09 09:19:27.155 Z] [WARN] [cadence.virtuoso.ade.simulationMonitor] -     WARNING (SPECTRE-16462): SOAC_cvarm_vgb:Error in specification of subcircuit master. Assert is ignored. {"history": "Interactive.9", "point": 1, "testname": "PSS_VIN", "cornername": "Nominal"}
[2026-04-09 09:19:27.155 Z] [WARN] [cadence.virtuoso.ade.simulationMonitor] -     WARNING (SPECTRE-16460): SOAC_cvart_vspsub:Specified subcircuit master `cvart' was not found. {"history": "Interactive.9", "point": 1, "testname": "PSS_VIN", "cornername": "Nominal"}
[2026-04-09 09:19:27.155 Z] [WARN] [cadence.virtuoso.ade.simulationMonitor] -     WARNING (SPECTRE-16462): SOAC_cvart_vspsub:Error in specification of subcircuit master. Assert is ignored. {"history": "Interactive.9", "point": 1, "testname": "PSS_VIN", "cornername": "Nominal"}
[2026-04-09 09:19:27.155 Z] [WARN] [cadence.virtuoso.ade.simulationMonitor] -     WARNING (SPECTRE-16460): SOAC_cvart_vbs:Specified subcircuit master `cvart' was not found.
        Further occurrences of this warning will be suppressed. {"history": "Interactive.9", "point": 1, "testname": "PSS_VIN", "cornername": "Nominal"}
[2026-04-09 09:19:27.155 Z] [WARN] [cadence.virtuoso.ade.simulationMonitor] -     WARNING (SPECTRE-16462): SOAC_cvart_vbs:Error in specification of subcircuit master. Assert is ignored.
        Further occurrences of this warning will be suppressed. {"history": "Interactive.9", "point": 1, "testname": "PSS_VIN", "cornername": "Nominal"}
[2026-04-09 09:19:27.155 Z] [WARN] [cadence.virtuoso.ade.simulationMonitor] -     WARNING (SPECTRE-17607): Assert `SOAC_cvar_vspsub' is ignored because it contains an expression which is invalid or not supported by native evaluator.  {"history": "Interactive.9", "point": 1, "testname": "PSS_VIN", "cornername": "Nominal"}
[2026-04-09 09:19:27.155 Z] [WARN] [cadence.virtuoso.ade.simulationMonitor] -     WARNING (SPECTRE-17607): Assert `SOAC_cvar_vbpsub' is ignored because it contains an expression which is invalid or not supported by native evaluator.  {"history": "Interactive.9", "point": 1, "testname": "PSS_VIN", "cornername": "Nominal"}
[2026-04-09 09:19:27.155 Z] [WARN] [cadence.virtuoso.ade.simulationMonitor] -     WARNING (SPECTRE-17607): Assert `SOAC_cvar_vgpsub' is ignored because it contains an expression which is invalid or not supported by native evaluator. 
        Further occurrences of this warning will be suppressed. {"history": "Interactive.9", "point": 1, "testname": "PSS_VIN", "cornername": "Nominal"}
[2026-04-09 09:19:27.655 Z] [INFO] [cadence.virtuoso.ade.simulationMonitor] - Notice from spectre during initial setup.
    Multithreading is disabled due to the size of the design being too small. {"history": "Interactive.9", "point": 1, "testname": "PSS_VIN", "cornername": "Nominal"}
[2026-04-09 09:19:27.655 Z] [WARN] [cadence.virtuoso.ade.simulationMonitor] -     WARNING (SPECTRE-592): Following parameters are disabled because they are ignored or redefined in Spectre X:
        
        
        PSS Parameters:
          errpreset {"history": "Interactive.9", "point": 1, "testname": "PSS_VIN", "cornername": "Nominal"}
[2026-04-09 09:19:27.656 Z] [INFO] [cadence.virtuoso.ade.simulationMonitor] -               nodes 204 {"history": "Interactive.9", "point": 1, "testname": "PSS_VIN", "cornername": "Nominal"}
[2026-04-09 09:19:27.656 Z] [INFO] [cadence.virtuoso.ade.simulationMonitor] - Notice from spectre during initial setup.
    3 vsources are shorted because their absolute value is less than or equal to 'vabsshort'.
    Spectre X preset=mx enabled.
    7 notices suppressed.
    102 warnings suppressed. {"history": "Interactive.9", "point": 1, "testname": "PSS_VIN", "cornername": "Nominal"}
[2026-04-09 09:19:27.656 Z] [INFO] [cadence.virtuoso.ade.simulationMonitor] - Peak resident memory used = 208 Mbytes. {"history": "Interactive.9", "point": 1, "testname": "PSS_VIN", "cornername": "Nominal"}
[2026-04-09 09:19:27.656 Z] [INFO] [cadence.virtuoso.ade.simulationMonitor] -    -   (Spectre X) Multi-threading. The recommended number of threads is 1, consider adding +mt=1 on command line. {"history": "Interactive.9", "point": 1, "testname": "PSS_VIN", "cornername": "Nominal"}
[2026-04-09 09:19:27.656 Z] [INFO] [cadence.virtuoso.ade.simulationMonitor] - Notice from spectre during DC analysis `dcOp'.
    No checklimit analysis defined for asserts. A default checklimit analysis 'SpectreChecklimitAnal' has been created with all asserts enabled. {"history": "Interactive.9", "point": 1, "testname": "PSS_VIN", "cornername": "Nominal"}
[2026-04-09 09:19:27.656 Z] [INFO] [cadence.virtuoso.ade.simulationMonitor] - Notice from spectre during DC analysis `dcOp'.
    GminDC = 1 pS is large enough to noticeably affect the DC solution.
        dV(I19.I14.C1.d1) = 2.58858 mV
        Use the `gmin_check' option to eliminate or expand this report.
    Bad pivoting is found during DC analysis. Option dc_pivot_check=yes is recommended for possible improvement of convergence. {"history": "Interactive.9", "point": 1, "testname": "PSS_VIN", "cornername": "Nominal"}
[2026-04-09 09:19:27.656 Z] [WARN] [cadence.virtuoso.ade.simulationMonitor] -     WARNING (CMI-2943): Parameter checks have been ignored because the valid value for parameter 'trise' could not be found in 'C0'. {"history": "Interactive.9", "point": 1, "testname": "PSS_VIN", "cornername": "Nominal"}
[2026-04-09 09:19:27.657 Z] [WARN] [cadence.virtuoso.ade.simulationMonitor] -     WARNING (CMI-2943): Parameter checks have been ignored because the valid value for parameter 'trise' could not be found in 'C3'. {"history": "Interactive.9", "point": 1, "testname": "PSS_VIN", "cornername": "Nominal"}
[2026-04-09 09:19:27.657 Z] [WARN] [cadence.virtuoso.ade.simulationMonitor] -     WARNING (CMI-2943): Parameter checks have been ignored because the valid value for parameter 'trise' could not be found in 'I19.I2.C2<0>_turbo_m10.C1'. {"history": "Interactive.9", "point": 1, "testname": "PSS_VIN", "cornername": "Nominal"}
[2026-04-09 09:19:27.657 Z] [WARN] [cadence.virtuoso.ade.simulationMonitor] -     WARNING (CMI-2943): Parameter checks have been ignored because the valid value for parameter 'trise' could not be found in 'I19.I2.R0.CM'. {"history": "Interactive.9", "point": 1, "testname": "PSS_VIN", "cornername": "Nominal"}
[2026-04-09 09:19:27.657 Z] [WARN] [cadence.virtuoso.ade.simulationMonitor] -     WARNING (CMI-2943): Parameter checks have been ignored because the valid value for parameter 'trise' could not be found in 'I19.I2.R0.CS1'.
        Further occurrences of this warning will be suppressed. {"history": "Interactive.9", "point": 1, "testname": "PSS_VIN", "cornername": "Nominal"}
[2026-04-09 09:19:27.657 Z] [INFO] [cadence.virtuoso.ade.simulationMonitor] - Total time required for dc analysis `dcOp': CPU = 76.349 ms, elapsed = 86.2529 ms, util. = 88.5%. {"history": "Interactive.9", "point": 1, "testname": "PSS_VIN", "cornername": "Nominal"}
[2026-04-09 09:19:27.657 Z] [INFO] [cadence.virtuoso.ade.simulationMonitor] - Peak resident memory used = 218 Mbytes. {"history": "Interactive.9", "point": 1, "testname": "PSS_VIN", "cornername": "Nominal"}
[2026-04-09 09:19:27.657 Z] [INFO] [cadence.virtuoso.ade.simulationMonitor] - Notice from spectre.
    101 warnings suppressed. {"history": "Interactive.9", "point": 1, "testname": "PSS_VIN", "cornername": "Nominal"}
[2026-04-09 09:19:27.657 Z] [WARN] [cadence.virtuoso.ade.simulationMonitor] -     WARNING (CMI-2425): I19.I0.C0: `Acde' = 2.393 is unusually large. {"history": "Interactive.9", "point": 1, "testname": "PSS_VIN", "cornername": "Nominal"}
[2026-04-09 09:19:27.657 Z] [WARN] [cadence.virtuoso.ade.simulationMonitor] -     WARNING (CMI-2425): I19.I0.C0: `Noff' = 4.732 is unusually large. {"history": "Interactive.9", "point": 1, "testname": "PSS_VIN", "cornername": "Nominal"}
[2026-04-09 09:19:27.657 Z] [WARN] [cadence.virtuoso.ade.simulationMonitor] -     WARNING (CMI-2424): I19.I0.C0: `Voffcv' = -867.4e-03 is unusually small. {"history": "Interactive.9", "point": 1, "testname": "PSS_VIN", "cornername": "Nominal"}
[2026-04-09 09:19:27.657 Z] [WARN] [cadence.virtuoso.ade.simulationMonitor] -     WARNING (CMI-2425): I19.I0.I3.C1: `Acde' = 2.393 is unusually large. {"history": "Interactive.9", "point": 1, "testname": "PSS_VIN", "cornername": "Nominal"}
[2026-04-09 09:19:27.657 Z] [WARN] [cadence.virtuoso.ade.simulationMonitor] -     WARNING (CMI-2425): I19.I0.I3.C1: `Noff' = 4.732 is unusually large. {"history": "Interactive.9", "point": 1, "testname": "PSS_VIN", "cornername": "Nominal"}
[2026-04-09 09:19:27.657 Z] [WARN] [cadence.virtuoso.ade.simulationMonitor] -     WARNING (CMI-2424): I19.I0.I3.C1: `Voffcv' = -867.4e-03 is unusually small. {"history": "Interactive.9", "point": 1, "testname": "PSS_VIN", "cornername": "Nominal"}
[2026-04-09 09:19:27.657 Z] [WARN] [cadence.virtuoso.ade.simulationMonitor] -     WARNING (CMI-2425): I19.I14.C1: `Acde' = 2.393 is unusually large.
        Further occurrences of this warning will be suppressed. {"history": "Interactive.9", "point": 1, "testname": "PSS_VIN", "cornername": "Nominal"}
[2026-04-09 09:19:27.657 Z] [WARN] [cadence.virtuoso.ade.simulationMonitor] -     WARNING (CMI-2424): I19.I14.C1: `Voffcv' = -867.4e-03 is unusually small. {"history": "Interactive.9", "point": 1, "testname": "PSS_VIN", "cornername": "Nominal"}
[2026-04-09 09:19:27.657 Z] [INFO] [cadence.virtuoso.ade.simulationMonitor] - Notice from spectre during IC analysis, during periodic steady state analysis `pss'.
    GminDC = 1 pS is large enough to noticeably affect the DC solution.
        dV(I19.I14.C1.d1) = 2.58851 mV
        Use the `gmin_check' option to eliminate or expand this report.
    Bad pivoting is found during DC analysis. Option dc_pivot_check=yes is recommended for possible improvement of convergence. {"history": "Interactive.9", "point": 1, "testname": "PSS_VIN", "cornername": "Nominal"}
[2026-04-09 09:19:27.657 Z] [WARN] [cadence.virtuoso.ade.simulationMonitor] -     WARNING (CMI-2943): Parameter checks have been ignored because the valid value for parameter 'trise' could not be found in 'C0'. {"history": "Interactive.9", "point": 1, "testname": "PSS_VIN", "cornername": "Nominal"}
[2026-04-09 09:19:27.657 Z] [WARN] [cadence.virtuoso.ade.simulationMonitor] -     WARNING (CMI-2943): Parameter checks have been ignored because the valid value for parameter 'trise' could not be found in 'C3'. {"history": "Interactive.9", "point": 1, "testname": "PSS_VIN", "cornername": "Nominal"}
[2026-04-09 09:19:27.657 Z] [WARN] [cadence.virtuoso.ade.simulationMonitor] -     WARNING (CMI-2943): Parameter checks have been ignored because the valid value for parameter 'trise' could not be found in 'I19.I2.C2<0>_turbo_m10.C1'. {"history": "Interactive.9", "point": 1, "testname": "PSS_VIN", "cornername": "Nominal"}
[2026-04-09 09:19:27.657 Z] [WARN] [cadence.virtuoso.ade.simulationMonitor] -     WARNING (CMI-2943): Parameter checks have been ignored because the valid value for parameter 'trise' could not be found in 'I19.I2.R0.CM'. {"history": "Interactive.9", "point": 1, "testname": "PSS_VIN", "cornername": "Nominal"}
[2026-04-09 09:19:27.657 Z] [WARN] [cadence.virtuoso.ade.simulationMonitor] -     WARNING (CMI-2943): Parameter checks have been ignored because the valid value for parameter 'trise' could not be found in 'I19.I2.R0.CS1'.
        Further occurrences of this warning will be suppressed. {"history": "Interactive.9", "point": 1, "testname": "PSS_VIN", "cornername": "Nominal"}
[2026-04-09 09:19:27.658 Z] [INFO] [cadence.virtuoso.ade.simulationMonitor] - Notice from spectre at time = 36.7161 us during periodic steady state analysis `pss'.
    Found trapezoidal ringing on node I19.I2.B. {"history": "Interactive.9", "point": 1, "testname": "PSS_VIN", "cornername": "Nominal"}
[2026-04-09 09:19:27.658 Z] [INFO] [cadence.virtuoso.ade.simulationMonitor] - Notice from spectre at time = 68.5307 us during periodic steady state analysis `pss'.
    Found trapezoidal ringing on node V1:p. {"history": "Interactive.9", "point": 1, "testname": "PSS_VIN", "cornername": "Nominal"}
[2026-04-09 09:19:27.658 Z] [INFO] [cadence.virtuoso.ade.simulationMonitor] - Notice from spectre at time = 48.1382 us during periodic steady state analysis `pss'.
    Found trapezoidal ringing on node I19.I2.B. {"history": "Interactive.9", "point": 1, "testname": "PSS_VIN", "cornername": "Nominal"}
[2026-04-09 09:19:27.658 Z] [INFO] [cadence.virtuoso.ade.simulationMonitor] - Notice from spectre at time = 70.9823 us during periodic steady state analysis `pss'.
    Found trapezoidal ringing on node V1:p. {"history": "Interactive.9", "point": 1, "testname": "PSS_VIN", "cornername": "Nominal"}
[2026-04-09 09:19:27.658 Z] [INFO] [cadence.virtuoso.ade.simulationMonitor] - Notice from spectre at time = 57.3262 us during periodic steady state analysis `pss'.
    Found trapezoidal ringing on node I19.I2.B.
        Further occurrences of this notice will be suppressed. {"history": "Interactive.9", "point": 1, "testname": "PSS_VIN", "cornername": "Nominal"}
[2026-04-09 09:19:29.158 Z] [INFO] [cadence.virtuoso.ade.simulationMonitor] - Total time required for tstab analysis `pss': CPU = 1.49463 s, elapsed = 1.49492 s. {"history": "Interactive.9", "point": 1, "testname": "PSS_VIN", "cornername": "Nominal"}
[2026-04-09 09:19:29.158 Z] [INFO] [cadence.virtuoso.ade.simulationMonitor] - Peak resident memory used = 221 Mbytes. {"history": "Interactive.9", "point": 1, "testname": "PSS_VIN", "cornername": "Nominal"}
[2026-04-09 09:19:29.158 Z] [INFO] [cadence.virtuoso.ade.simulationMonitor] - Notice from spectre during periodic steady state analysis `pss'.
    102 warnings suppressed. {"history": "Interactive.9", "point": 1, "testname": "PSS_VIN", "cornername": "Nominal"}
[2026-04-09 09:19:45.663 Z] [INFO] [cadence.virtuoso.ade.simulationMonitor] - Notice from spectre during periodic steady state analysis `pss'.
    Trapezoidal ringing is detected during pss analysis.
        Please use method=trap for better results and performance. {"history": "Interactive.9", "point": 1, "testname": "PSS_VIN", "cornername": "Nominal"}
[2026-04-09 09:19:45.663 Z] [INFO] [cadence.virtuoso.ade.simulationMonitor] - Total time required for pss analysis `pss': CPU = 17.9135 s, elapsed = 17.9641 s, util. = 99.7%. {"history": "Interactive.9", "point": 1, "testname": "PSS_VIN", "cornername": "Nominal"}
[2026-04-09 09:19:45.663 Z] [INFO] [cadence.virtuoso.ade.simulationMonitor] - Peak resident memory used = 428 Mbytes. {"history": "Interactive.9", "point": 1, "testname": "PSS_VIN", "cornername": "Nominal"}
[2026-04-09 09:19:45.664 Z] [INFO] [cadence.virtuoso.ade.simulationMonitor] - Notice from spectre.
    1302 notices suppressed. {"history": "Interactive.9", "point": 1, "testname": "PSS_VIN", "cornername": "Nominal"}
[2026-04-09 09:19:45.664 Z] [WARN] [cadence.virtuoso.ade.simulationMonitor] -     WARNING (CMI-2425): I19.I14.C1: `Acde' = 2.393 is unusually large. {"history": "Interactive.9", "point": 1, "testname": "PSS_VIN", "cornername": "Nominal"}
[2026-04-09 09:19:45.664 Z] [WARN] [cadence.virtuoso.ade.simulationMonitor] -     WARNING (CMI-2425): I19.I14.C1: `Noff' = 4.732 is unusually large. {"history": "Interactive.9", "point": 1, "testname": "PSS_VIN", "cornername": "Nominal"}
[2026-04-09 09:19:45.664 Z] [WARN] [cadence.virtuoso.ade.simulationMonitor] -     WARNING (CMI-2424): I19.I14.C1: `Voffcv' = -867.4e-03 is unusually small. {"history": "Interactive.9", "point": 1, "testname": "PSS_VIN", "cornername": "Nominal"}
[2026-04-09 09:19:45.664 Z] [WARN] [cadence.virtuoso.ade.simulationMonitor] -     WARNING (CMI-2425): I19.I0.I3.C1: `Acde' = 2.393 is unusually large. {"history": "Interactive.9", "point": 1, "testname": "PSS_VIN", "cornername": "Nominal"}
[2026-04-09 09:19:45.664 Z] [WARN] [cadence.virtuoso.ade.simulationMonitor] -     WARNING (CMI-2425): I19.I0.I3.C1: `Noff' = 4.732 is unusually large. {"history": "Interactive.9", "point": 1, "testname": "PSS_VIN", "cornername": "Nominal"}
[2026-04-09 09:19:45.665 Z] [WARN] [cadence.virtuoso.ade.simulationMonitor] -     WARNING (CMI-2424): I19.I0.I3.C1: `Voffcv' = -867.4e-03 is unusually small. {"history": "Interactive.9", "point": 1, "testname": "PSS_VIN", "cornername": "Nominal"}
[2026-04-09 09:19:45.665 Z] [WARN] [cadence.virtuoso.ade.simulationMonitor] -     WARNING (CMI-2425): I19.I0.C0: `Acde' = 2.393 is unusually large.
        Further occurrences of this warning will be suppressed. {"history": "Interactive.9", "point": 1, "testname": "PSS_VIN", "cornername": "Nominal"}
[2026-04-09 09:19:45.665 Z] [WARN] [cadence.virtuoso.ade.simulationMonitor] -     WARNING (CMI-2424): I19.I0.C0: `Voffcv' = -867.4e-03 is unusually small. {"history": "Interactive.9", "point": 1, "testname": "PSS_VIN", "cornername": "Nominal"}
[2026-04-09 09:19:45.665 Z] [INFO] [cadence.virtuoso.ade.simulationMonitor] - Notice from spectre.
    1 warning suppressed. {"history": "Interactive.9", "point": 1, "testname": "PSS_VIN", "cornername": "Nominal"}
[2026-04-09 09:19:45.665 Z] [INFO] [cadence.virtuoso.ade.simulationMonitor] - Time used: CPU = 18.2 s, elapsed = 18.6 s, util. = 98.4%. {"history": "Interactive.9", "point": 1, "testname": "PSS_VIN", "cornername": "Nominal"}
[2026-04-09 09:19:45.665 Z] [INFO] [cadence.virtuoso.ade.simulationMonitor] - Time spent in licensing: elapsed = 51 ms. {"history": "Interactive.9", "point": 1, "testname": "PSS_VIN", "cornername": "Nominal"}
[2026-04-09 09:19:45.665 Z] [INFO] [cadence.virtuoso.ade.simulationMonitor] - Peak memory used = 428 Mbytes. {"history": "Interactive.9", "point": 1, "testname": "PSS_VIN", "cornername": "Nominal"}
[2026-04-09 09:19:45.666 Z] [PROCESS] [cadence.virtuoso.ade.simulationMonitor] - Simulation started at: 9:19:26 AM, Thur Apr 9, 2026, ended at: 9:19:45 AM, Thur Apr 9, 2026, with elapsed time (wall clock): 18.6 s. {"history": "Interactive.9", "point": 1, "testname": "PSS_VIN", "cornername": "Nominal"}
[2026-04-09 09:19:45.666 Z] [PROCESS] [cadence.virtuoso.ade.simulationMonitor] - spectre completes with 0 errors, 63 warnings, and 30 notices. {"history": "Interactive.9", "point": 1, "testname": "PSS_VIN", "cornername": "Nominal"}
[2026-04-09 09:19:45.666 Z] [PROCESS] [cadence.virtuoso.ade.simulationMonitor] - Finished simulating for one point {"hostname": "edatools", "processid": 118495, "history": "Interactive.9", "testname": "PSS_VIN", "cornername": "Nominal", "point": 1, "logfile": "/home/saul/projects/IL2244_VT26_SAUL/logs_saul/logs0/Job34.log", "simid": "2"}
[2026-04-09 09:19:45.666 Z] [PROCESS] [cadence.virtuoso.ade.simulationMonitor] - Simulator exited {"hostname": "edatools", "processid": 118495, "history": "Interactive.9", "testname": "PSS_VIN", "cornername": "Nominal", "point": 1, "logfile": "/home/saul/projects/IL2244_VT26_SAUL/logs_saul/logs0/Job34.log", "exitStatus": "0"}
[2026-04-09 09:19:45.666 Z] [PROCESS] [cadence.virtuoso.ade.simulationMonitor] - Finished Simulation {"hostname": "edatools", "processid": 118495, "history": "Interactive.9", "testname": "PSS_VIN", "cornername": "Nominal", "point": 1, "logfile": "/home/saul/projects/IL2244_VT26_SAUL/logs_saul/logs0/Job34.log", "simid": "2"}
[2026-04-09 09:19:46.671 Z] [PROCESS] [cadence.virtuoso.ade.simulationMonitor] - Point Finished {"hostname": "edatools", "processid": 118495, "history": "Interactive.9", "testname": "PSS_VIN", "cornername": "Nominal", "point": 1, "logfile": "/home/saul/projects/IL2244_VT26_SAUL/logs_saul/logs0/Job34.log"}
[2026-04-09 09:22:20.871 Z] [PROCESS] [cadence.virtuoso.ade.simulationMonitor] - Started History {"hostname": "edatools", "processid": 118495, "history": "Interactive.10", "testname": "PSS_VIN", "cornername": "Nominal", "point": 1, "logfile": "/home/saul/projects/IL2244_VT26_SAUL/logs_saul/logs0/Job34.log"}
[2026-04-09 09:22:20.871 Z] [PROCESS] [cadence.virtuoso.ade.simulationMonitor] - HostInfo:
Host name (type):	edatools (x86_64)
Operating system:	Linux 6.17.0-20-generic #20~24.04.1-Ubuntu SMP PREEMPT_DYNAMIC Thu Mar 19 01:28:37 UTC 2 {"hostname": "edatools", "processid": 118495, "history": "Interactive.10", "testname": "PSS_VIN", "cornername": "Nominal", "point": 1, "logfile": "/home/saul/projects/IL2244_VT26_SAUL/logs_saul/logs0/Job34.log", "nodename": "edatools", "domainname": "(none)", "machine": "x86_64", "sysname": "Linux", "release": "6.17.0-20-generic", "version": "#20~24.04.1-Ubuntu SMP PREEMPT_DYNAMIC Thu Mar 19 01:28:37 UTC 2"}
[2026-04-09 09:22:20.872 Z] [PROCESS] [cadence.virtuoso.ade.simulationMonitor] - UsageInfo:
pid=118495
totalPhysicalMemory=62.544991GB,Used=21.744381GB,totalVirtualMemory=70.544987GB,Used=21.744381GB
Cpu: Cores=16, Load average:0.480000,0.520000,0.360000 {"hostname": "edatools", "processid": 118495, "history": "Interactive.10", "testname": "PSS_VIN", "cornername": "Nominal", "point": 1, "logfile": "/home/saul/projects/IL2244_VT26_SAUL/logs_saul/logs0/Job34.log", "pid": "118495", "totalPhysicalMemory": "62.544991", "physicalMemoryUsed": "21.744381", "totalVirtualMemory": "70.544987", "virtualMemoryUsed": "21.744381", "cpuCores": "16", "processes": "2023", "loadAverage1": "0.480000", "loadAverage5": "0.520000", "loadAverage15": "0.360000", "loadAverage1Percent": "0.030000"}
[2026-04-09 09:22:20.872 Z] [EVENT] [cadence.virtuoso.ade.simulationMonitor] - NewPoint {"history": "Interactive.10", "point": 1, "testname": "PSS_VIN", "cornername": "Nominal", "event": "NewPoint", "EventSource": "Simulation Monitor", "HistoryName": "Interactive.10", "logFile": "/home/saul/projects/IL2244_VT26_SAUL/logs_saul/logs0/Job34.log", "logFileSize": "67055"}
[2026-04-09 09:22:20.974 Z] [EVENT] [cadence.virtuoso.ade.simulationMonitor] - NewPoint {"history": "Interactive.10", "point": 1, "testname": "PSS_VIN", "cornername": "Nominal", "event": "NewPoint", "EventSource": "spectre", "HistoryName": "Interactive.10", "logFile": "/home/saul/projects/IL2244_VT26_SAUL/Sim/FECG/fecg_front_end_tb/maestro/results/maestro/Interactive.10/1/PSS_VIN/psf/spectre.out", "logFileSize": "-1"}
[2026-04-09 09:22:20.989 Z] [PROCESS] [cadence.virtuoso.ade.simulationMonitor] - Simulator launched {"hostname": "edatools", "processid": 118495, "history": "Interactive.10", "testname": "PSS_VIN", "cornername": "Nominal", "point": 1, "logfile": "/home/saul/projects/IL2244_VT26_SAUL/logs_saul/logs0/Job34.log", "simid": "3"}
[2026-04-09 09:22:20.994 Z] [PROCESS] [cadence.virtuoso.ade.simulationMonitor] - Expression evaluator launched {"hostname": "edatools", "processid": 118495, "history": "Interactive.10", "testname": "PSS_VIN", "cornername": "Nominal", "point": 1, "logfile": "/home/saul/projects/IL2244_VT26_SAUL/logs_saul/logs0/Job34.log"}
[2026-04-09 09:22:21.030 Z] [PROCESS] [cadence.virtuoso.ade.simulationMonitor] - Started Simulation {"hostname": "edatools", "processid": 118495, "history": "Interactive.10", "testname": "PSS_VIN", "cornername": "Nominal", "point": 1, "logfile": "/home/saul/projects/IL2244_VT26_SAUL/logs_saul/logs0/Job34.log", "event": "started", "task": "simulation"}
[2026-04-09 09:22:21.531 Z] [INFO] [cadence.virtuoso.ade.simulationMonitor] - Notice from spectre during circuit read-in.
    Pre_Configuration file used: /opt/tools/cadence/installs/SPECTRE241/tools.lnx86/spectre/etc/configs/preset.precfg
    Configuration file used: `/opt/tools/cadence/installs/SPECTRE241/tools.lnx86/spectre/etc/configs/preset.cfg'. {"history": "Interactive.10", "point": 1, "testname": "PSS_VIN", "cornername": "Nominal"}
[2026-04-09 09:22:21.531 Z] [WARN] [cadence.virtuoso.ade.simulationMonitor] -     WARNING (SPECTRE-8360): line 1511: `ac' is an undefined primitive device. {"history": "Interactive.10", "point": 1, "testname": "PSS_VIN", "cornername": "Nominal"}
[2026-04-09 09:22:21.531 Z] [WARN] [cadence.virtuoso.ade.simulationMonitor] -     WARNING (SPECTRE-8360): line 1512: `ac' is an undefined primitive device. {"history": "Interactive.10", "point": 1, "testname": "PSS_VIN", "cornername": "Nominal"}
[2026-04-09 09:22:21.531 Z] [WARN] [cadence.virtuoso.ade.simulationMonitor] -     WARNING (SPECTRE-8360): line 1513: `ac' is an undefined primitive device. {"history": "Interactive.10", "point": 1, "testname": "PSS_VIN", "cornername": "Nominal"}
[2026-04-09 09:22:21.531 Z] [WARN] [cadence.virtuoso.ade.simulationMonitor] -     WARNING (SPECTRE-8360): line 1514: `ac' is an undefined primitive device. {"history": "Interactive.10", "point": 1, "testname": "PSS_VIN", "cornername": "Nominal"}
[2026-04-09 09:22:21.531 Z] [WARN] [cadence.virtuoso.ade.simulationMonitor] -     WARNING (SPECTRE-8360): line 1515: `ac' is an undefined primitive device.
        Further occurrences of this warning will be suppressed. {"history": "Interactive.10", "point": 1, "testname": "PSS_VIN", "cornername": "Nominal"}
[2026-04-09 09:22:21.531 Z] [INFO] [cadence.virtuoso.ade.simulationMonitor] - Peak resident memory used = 171 Mbytes. {"history": "Interactive.10", "point": 1, "testname": "PSS_VIN", "cornername": "Nominal"}
[2026-04-09 09:22:21.531 Z] [WARN] [cadence.virtuoso.ade.simulationMonitor] -     WARNING (VACOMP-2435): The environment variable CDS_AHDLCMI_ENABLE is no longer supported. Therefore, the simulator will use the default compiled C code flow. {"history": "Interactive.10", "point": 1, "testname": "PSS_VIN", "cornername": "Nominal"}
[2026-04-09 09:22:21.531 Z] [WARN] [cadence.virtuoso.ade.simulationMonitor] -     WARNING (SFE-3031): The floating capacitor I19.I11.C7<0>_turbo_m3.C1 is removed. {"history": "Interactive.10", "point": 1, "testname": "PSS_VIN", "cornername": "Nominal"}
[2026-04-09 09:22:21.531 Z] [WARN] [cadence.virtuoso.ade.simulationMonitor] -     WARNING (SFE-3031): The floating capacitor I19.I11.C10<0>_turbo_m12.C1 is removed. {"history": "Interactive.10", "point": 1, "testname": "PSS_VIN", "cornername": "Nominal"}
[2026-04-09 09:22:21.532 Z] [WARN] [cadence.virtuoso.ade.simulationMonitor] -     WARNING (SFE-3031): The floating capacitor I19.I12.C7<0>_turbo_m3.C1 is removed. {"history": "Interactive.10", "point": 1, "testname": "PSS_VIN", "cornername": "Nominal"}
[2026-04-09 09:22:21.532 Z] [WARN] [cadence.virtuoso.ade.simulationMonitor] -     WARNING (SFE-3031): The floating capacitor I19.I8.C6<0>_turbo_m3.C1 is removed. {"history": "Interactive.10", "point": 1, "testname": "PSS_VIN", "cornername": "Nominal"}
[2026-04-09 09:22:21.532 Z] [WARN] [cadence.virtuoso.ade.simulationMonitor] -     WARNING (SFE-3031): The floating capacitor I19.I14.C2.C1 is removed.
        Further occurrences of this warning will be suppressed. {"history": "Interactive.10", "point": 1, "testname": "PSS_VIN", "cornername": "Nominal"}
[2026-04-09 09:22:21.532 Z] [INFO] [cadence.virtuoso.ade.simulationMonitor] - Peak resident memory used = 188 Mbytes. {"history": "Interactive.10", "point": 1, "testname": "PSS_VIN", "cornername": "Nominal"}
[2026-04-09 09:22:21.532 Z] [INFO] [cadence.virtuoso.ade.simulationMonitor] - Notice from spectre during hierarchy flattening.
    The value 'psf' specified for the 'checklimitdest' option will no longer be supported in future releases. Use 'spectre -h' to see other recommended values for the 'checklimitdest' option.
    I19.I0.R10.CS0 of rpolyhc: `c' has the unusually small value of 0 F.
    I19.I0.R10.CS1 of rpolyhc: `c' has the unusually small value of 0 F.
    I19.I0.R9.CS0 of rpolyhc: `c' has the unusually small value of 0 F.
    I19.I0.R9.CS1 of rpolyhc: `c' has the unusually ... {"history": "Interactive.10", "point": 1, "testname": "PSS_VIN", "cornername": "Nominal"}
[2026-04-09 09:22:21.532 Z] [INFO] [cadence.virtuoso.ade.simulationMonitor] - Peak resident memory used = 190 Mbytes. {"history": "Interactive.10", "point": 1, "testname": "PSS_VIN", "cornername": "Nominal"}
[2026-04-09 09:22:21.532 Z] [WARN] [cadence.virtuoso.ade.simulationMonitor] -     WARNING (CMI-2425): I19.I0.C0: `Acde' = 2.393 is unusually large. {"history": "Interactive.10", "point": 1, "testname": "PSS_VIN", "cornername": "Nominal"}
[2026-04-09 09:22:21.532 Z] [WARN] [cadence.virtuoso.ade.simulationMonitor] -     WARNING (CMI-2425): I19.I0.C0: `Noff' = 4.732 is unusually large. {"history": "Interactive.10", "point": 1, "testname": "PSS_VIN", "cornername": "Nominal"}
[2026-04-09 09:22:21.532 Z] [WARN] [cadence.virtuoso.ade.simulationMonitor] -     WARNING (CMI-2424): I19.I0.C0: `Voffcv' = -867.4e-03 is unusually small. {"history": "Interactive.10", "point": 1, "testname": "PSS_VIN", "cornername": "Nominal"}
[2026-04-09 09:22:21.532 Z] [WARN] [cadence.virtuoso.ade.simulationMonitor] -     WARNING (CMI-2425): I19.I0.I3.C1: `Acde' = 2.393 is unusually large. {"history": "Interactive.10", "point": 1, "testname": "PSS_VIN", "cornername": "Nominal"}
[2026-04-09 09:22:21.532 Z] [WARN] [cadence.virtuoso.ade.simulationMonitor] -     WARNING (CMI-2425): I19.I0.I3.C1: `Noff' = 4.732 is unusually large. {"history": "Interactive.10", "point": 1, "testname": "PSS_VIN", "cornername": "Nominal"}
[2026-04-09 09:22:21.532 Z] [WARN] [cadence.virtuoso.ade.simulationMonitor] -     WARNING (CMI-2424): I19.I0.I3.C1: `Voffcv' = -867.4e-03 is unusually small. {"history": "Interactive.10", "point": 1, "testname": "PSS_VIN", "cornername": "Nominal"}
[2026-04-09 09:22:21.532 Z] [WARN] [cadence.virtuoso.ade.simulationMonitor] -     WARNING (CMI-2425): I19.I14.C1: `Acde' = 2.393 is unusually large.
        Further occurrences of this warning will be suppressed. {"history": "Interactive.10", "point": 1, "testname": "PSS_VIN", "cornername": "Nominal"}
[2026-04-09 09:22:21.533 Z] [WARN] [cadence.virtuoso.ade.simulationMonitor] -     WARNING (CMI-2424): I19.I14.C1: `Voffcv' = -867.4e-03 is unusually small. {"history": "Interactive.10", "point": 1, "testname": "PSS_VIN", "cornername": "Nominal"}
[2026-04-09 09:22:21.533 Z] [WARN] [cadence.virtuoso.ade.simulationMonitor] -     WARNING (CMI-2424): I19.I14.C1: `Voffcv' = -867.4e-03 is unusually small. {"history": "Interactive.10", "point": 1, "testname": "PSS_VIN", "cornername": "Nominal"}
[2026-04-09 09:22:21.533 Z] [WARN] [cadence.virtuoso.ade.simulationMonitor] -     WARNING (CMI-2424): I19.I0.I3.C1: `Voffcv' = -867.4e-03 is unusually small.
        Further occurrences of this warning will be suppressed. {"history": "Interactive.10", "point": 1, "testname": "PSS_VIN", "cornername": "Nominal"}
[2026-04-09 09:22:21.533 Z] [WARN] [cadence.virtuoso.ade.simulationMonitor] -     WARNING (SPECTRE-17607): Assert `SOAC_rpolyh_vminuspsub' is ignored because it contains an expression which is invalid or not supported by native evaluator.  {"history": "Interactive.10", "point": 1, "testname": "PSS_VIN", "cornername": "Nominal"}
[2026-04-09 09:22:21.533 Z] [WARN] [cadence.virtuoso.ade.simulationMonitor] -     WARNING (SPECTRE-17607): Assert `SOAC_rpolyh_vpluspsub' is ignored because it contains an expression which is invalid or not supported by native evaluator.  {"history": "Interactive.10", "point": 1, "testname": "PSS_VIN", "cornername": "Nominal"}
[2026-04-09 09:22:21.533 Z] [WARN] [cadence.virtuoso.ade.simulationMonitor] -     WARNING (SPECTRE-16460): SOAC_cvarm_vspsub:Specified subcircuit master `cvarm' was not found. {"history": "Interactive.10", "point": 1, "testname": "PSS_VIN", "cornername": "Nominal"}
[2026-04-09 09:22:21.533 Z] [WARN] [cadence.virtuoso.ade.simulationMonitor] -     WARNING (SPECTRE-16462): SOAC_cvarm_vspsub:Error in specification of subcircuit master. Assert is ignored. {"history": "Interactive.10", "point": 1, "testname": "PSS_VIN", "cornername": "Nominal"}
[2026-04-09 09:22:21.533 Z] [WARN] [cadence.virtuoso.ade.simulationMonitor] -     WARNING (SPECTRE-16460): SOAC_cvarm_vbs:Specified subcircuit master `cvarm' was not found. {"history": "Interactive.10", "point": 1, "testname": "PSS_VIN", "cornername": "Nominal"}
[2026-04-09 09:22:21.533 Z] [WARN] [cadence.virtuoso.ade.simulationMonitor] -     WARNING (SPECTRE-16462): SOAC_cvarm_vbs:Error in specification of subcircuit master. Assert is ignored. {"history": "Interactive.10", "point": 1, "testname": "PSS_VIN", "cornername": "Nominal"}
[2026-04-09 09:22:21.533 Z] [WARN] [cadence.virtuoso.ade.simulationMonitor] -     WARNING (SPECTRE-16460): SOAC_cvarm_vgb:Specified subcircuit master `cvarm' was not found. {"history": "Interactive.10", "point": 1, "testname": "PSS_VIN", "cornername": "Nominal"}
[2026-04-09 09:22:21.533 Z] [WARN] [cadence.virtuoso.ade.simulationMonitor] -     WARNING (SPECTRE-16462): SOAC_cvarm_vgb:Error in specification of subcircuit master. Assert is ignored. {"history": "Interactive.10", "point": 1, "testname": "PSS_VIN", "cornername": "Nominal"}
[2026-04-09 09:22:21.533 Z] [WARN] [cadence.virtuoso.ade.simulationMonitor] -     WARNING (SPECTRE-16460): SOAC_cvart_vspsub:Specified subcircuit master `cvart' was not found. {"history": "Interactive.10", "point": 1, "testname": "PSS_VIN", "cornername": "Nominal"}
[2026-04-09 09:22:21.533 Z] [WARN] [cadence.virtuoso.ade.simulationMonitor] -     WARNING (SPECTRE-16462): SOAC_cvart_vspsub:Error in specification of subcircuit master. Assert is ignored. {"history": "Interactive.10", "point": 1, "testname": "PSS_VIN", "cornername": "Nominal"}
[2026-04-09 09:22:21.533 Z] [WARN] [cadence.virtuoso.ade.simulationMonitor] -     WARNING (SPECTRE-16460): SOAC_cvart_vbs:Specified subcircuit master `cvart' was not found.
        Further occurrences of this warning will be suppressed. {"history": "Interactive.10", "point": 1, "testname": "PSS_VIN", "cornername": "Nominal"}
[2026-04-09 09:22:21.534 Z] [WARN] [cadence.virtuoso.ade.simulationMonitor] -     WARNING (SPECTRE-16462): SOAC_cvart_vbs:Error in specification of subcircuit master. Assert is ignored.
        Further occurrences of this warning will be suppressed. {"history": "Interactive.10", "point": 1, "testname": "PSS_VIN", "cornername": "Nominal"}
[2026-04-09 09:22:21.534 Z] [WARN] [cadence.virtuoso.ade.simulationMonitor] -     WARNING (SPECTRE-17607): Assert `SOAC_cvar_vspsub' is ignored because it contains an expression which is invalid or not supported by native evaluator.  {"history": "Interactive.10", "point": 1, "testname": "PSS_VIN", "cornername": "Nominal"}
[2026-04-09 09:22:21.534 Z] [WARN] [cadence.virtuoso.ade.simulationMonitor] -     WARNING (SPECTRE-17607): Assert `SOAC_cvar_vbpsub' is ignored because it contains an expression which is invalid or not supported by native evaluator.  {"history": "Interactive.10", "point": 1, "testname": "PSS_VIN", "cornername": "Nominal"}
[2026-04-09 09:22:21.534 Z] [WARN] [cadence.virtuoso.ade.simulationMonitor] -     WARNING (SPECTRE-17607): Assert `SOAC_cvar_vgpsub' is ignored because it contains an expression which is invalid or not supported by native evaluator. 
        Further occurrences of this warning will be suppressed. {"history": "Interactive.10", "point": 1, "testname": "PSS_VIN", "cornername": "Nominal"}
[2026-04-09 09:22:22.034 Z] [INFO] [cadence.virtuoso.ade.simulationMonitor] - Notice from spectre during initial setup.
    Multithreading is disabled due to the size of the design being too small. {"history": "Interactive.10", "point": 1, "testname": "PSS_VIN", "cornername": "Nominal"}
[2026-04-09 09:22:22.034 Z] [WARN] [cadence.virtuoso.ade.simulationMonitor] -     WARNING (SPECTRE-592): Following parameters are disabled because they are ignored or redefined in Spectre X:
        
        
        PSS Parameters:
          errpreset {"history": "Interactive.10", "point": 1, "testname": "PSS_VIN", "cornername": "Nominal"}
[2026-04-09 09:22:22.034 Z] [INFO] [cadence.virtuoso.ade.simulationMonitor] -               nodes 204 {"history": "Interactive.10", "point": 1, "testname": "PSS_VIN", "cornername": "Nominal"}
[2026-04-09 09:22:22.034 Z] [INFO] [cadence.virtuoso.ade.simulationMonitor] - Notice from spectre during initial setup.
    4 vsources are shorted because their absolute value is less than or equal to 'vabsshort'.
    Spectre X preset=mx enabled.
    7 notices suppressed.
    102 warnings suppressed. {"history": "Interactive.10", "point": 1, "testname": "PSS_VIN", "cornername": "Nominal"}
[2026-04-09 09:22:22.034 Z] [INFO] [cadence.virtuoso.ade.simulationMonitor] - Peak resident memory used = 208 Mbytes. {"history": "Interactive.10", "point": 1, "testname": "PSS_VIN", "cornername": "Nominal"}
[2026-04-09 09:22:22.034 Z] [INFO] [cadence.virtuoso.ade.simulationMonitor] -    -   (Spectre X) Multi-threading. The recommended number of threads is 1, consider adding +mt=1 on command line. {"history": "Interactive.10", "point": 1, "testname": "PSS_VIN", "cornername": "Nominal"}
[2026-04-09 09:22:22.035 Z] [INFO] [cadence.virtuoso.ade.simulationMonitor] - Notice from spectre during DC analysis `dcOp'.
    No checklimit analysis defined for asserts. A default checklimit analysis 'SpectreChecklimitAnal' has been created with all asserts enabled. {"history": "Interactive.10", "point": 1, "testname": "PSS_VIN", "cornername": "Nominal"}
[2026-04-09 09:22:22.035 Z] [INFO] [cadence.virtuoso.ade.simulationMonitor] - Notice from spectre during DC analysis `dcOp'.
    GminDC = 1 pS is large enough to noticeably affect the DC solution.
        dV(I19.I14.C1.d1) = 2.58858 mV
        Use the `gmin_check' option to eliminate or expand this report.
    Bad pivoting is found during DC analysis. Option dc_pivot_check=yes is recommended for possible improvement of convergence. {"history": "Interactive.10", "point": 1, "testname": "PSS_VIN", "cornername": "Nominal"}
[2026-04-09 09:22:22.035 Z] [WARN] [cadence.virtuoso.ade.simulationMonitor] -     WARNING (CMI-2943): Parameter checks have been ignored because the valid value for parameter 'trise' could not be found in 'C0'. {"history": "Interactive.10", "point": 1, "testname": "PSS_VIN", "cornername": "Nominal"}
[2026-04-09 09:22:22.035 Z] [WARN] [cadence.virtuoso.ade.simulationMonitor] -     WARNING (CMI-2943): Parameter checks have been ignored because the valid value for parameter 'trise' could not be found in 'C3'. {"history": "Interactive.10", "point": 1, "testname": "PSS_VIN", "cornername": "Nominal"}
[2026-04-09 09:22:22.035 Z] [WARN] [cadence.virtuoso.ade.simulationMonitor] -     WARNING (CMI-2943): Parameter checks have been ignored because the valid value for parameter 'trise' could not be found in 'I19.I2.C2<0>_turbo_m10.C1'. {"history": "Interactive.10", "point": 1, "testname": "PSS_VIN", "cornername": "Nominal"}
[2026-04-09 09:22:22.035 Z] [WARN] [cadence.virtuoso.ade.simulationMonitor] -     WARNING (CMI-2943): Parameter checks have been ignored because the valid value for parameter 'trise' could not be found in 'I19.I2.R0.CM'. {"history": "Interactive.10", "point": 1, "testname": "PSS_VIN", "cornername": "Nominal"}
[2026-04-09 09:22:22.035 Z] [WARN] [cadence.virtuoso.ade.simulationMonitor] -     WARNING (CMI-2943): Parameter checks have been ignored because the valid value for parameter 'trise' could not be found in 'I19.I2.R0.CS1'.
        Further occurrences of this warning will be suppressed. {"history": "Interactive.10", "point": 1, "testname": "PSS_VIN", "cornername": "Nominal"}
[2026-04-09 09:22:22.035 Z] [INFO] [cadence.virtuoso.ade.simulationMonitor] - Total time required for dc analysis `dcOp': CPU = 73.521 ms, elapsed = 83.0882 ms, util. = 88.5%. {"history": "Interactive.10", "point": 1, "testname": "PSS_VIN", "cornername": "Nominal"}
[2026-04-09 09:22:22.035 Z] [INFO] [cadence.virtuoso.ade.simulationMonitor] - Peak resident memory used = 218 Mbytes. {"history": "Interactive.10", "point": 1, "testname": "PSS_VIN", "cornername": "Nominal"}
[2026-04-09 09:22:22.035 Z] [INFO] [cadence.virtuoso.ade.simulationMonitor] - Notice from spectre.
    101 warnings suppressed. {"history": "Interactive.10", "point": 1, "testname": "PSS_VIN", "cornername": "Nominal"}
[2026-04-09 09:22:22.035 Z] [WARN] [cadence.virtuoso.ade.simulationMonitor] -     WARNING (CMI-2425): I19.I0.C0: `Acde' = 2.393 is unusually large. {"history": "Interactive.10", "point": 1, "testname": "PSS_VIN", "cornername": "Nominal"}
[2026-04-09 09:22:22.035 Z] [WARN] [cadence.virtuoso.ade.simulationMonitor] -     WARNING (CMI-2425): I19.I0.C0: `Noff' = 4.732 is unusually large. {"history": "Interactive.10", "point": 1, "testname": "PSS_VIN", "cornername": "Nominal"}
[2026-04-09 09:22:22.035 Z] [WARN] [cadence.virtuoso.ade.simulationMonitor] -     WARNING (CMI-2424): I19.I0.C0: `Voffcv' = -867.4e-03 is unusually small. {"history": "Interactive.10", "point": 1, "testname": "PSS_VIN", "cornername": "Nominal"}
[2026-04-09 09:22:22.035 Z] [WARN] [cadence.virtuoso.ade.simulationMonitor] -     WARNING (CMI-2425): I19.I0.I3.C1: `Acde' = 2.393 is unusually large. {"history": "Interactive.10", "point": 1, "testname": "PSS_VIN", "cornername": "Nominal"}
[2026-04-09 09:22:22.035 Z] [WARN] [cadence.virtuoso.ade.simulationMonitor] -     WARNING (CMI-2425): I19.I0.I3.C1: `Noff' = 4.732 is unusually large. {"history": "Interactive.10", "point": 1, "testname": "PSS_VIN", "cornername": "Nominal"}
[2026-04-09 09:22:22.035 Z] [WARN] [cadence.virtuoso.ade.simulationMonitor] -     WARNING (CMI-2424): I19.I0.I3.C1: `Voffcv' = -867.4e-03 is unusually small. {"history": "Interactive.10", "point": 1, "testname": "PSS_VIN", "cornername": "Nominal"}
[2026-04-09 09:22:22.035 Z] [WARN] [cadence.virtuoso.ade.simulationMonitor] -     WARNING (CMI-2425): I19.I14.C1: `Acde' = 2.393 is unusually large.
        Further occurrences of this warning will be suppressed. {"history": "Interactive.10", "point": 1, "testname": "PSS_VIN", "cornername": "Nominal"}
[2026-04-09 09:22:22.035 Z] [WARN] [cadence.virtuoso.ade.simulationMonitor] -     WARNING (CMI-2424): I19.I14.C1: `Voffcv' = -867.4e-03 is unusually small. {"history": "Interactive.10", "point": 1, "testname": "PSS_VIN", "cornername": "Nominal"}
[2026-04-09 09:22:22.035 Z] [INFO] [cadence.virtuoso.ade.simulationMonitor] - Notice from spectre during IC analysis, during periodic steady state analysis `pss'.
    GminDC = 1 pS is large enough to noticeably affect the DC solution.
        dV(I19.I14.C1.d1) = 2.58851 mV
        Use the `gmin_check' option to eliminate or expand this report.
    Bad pivoting is found during DC analysis. Option dc_pivot_check=yes is recommended for possible improvement of convergence. {"history": "Interactive.10", "point": 1, "testname": "PSS_VIN", "cornername": "Nominal"}
[2026-04-09 09:22:22.035 Z] [WARN] [cadence.virtuoso.ade.simulationMonitor] -     WARNING (CMI-2943): Parameter checks have been ignored because the valid value for parameter 'trise' could not be found in 'C0'. {"history": "Interactive.10", "point": 1, "testname": "PSS_VIN", "cornername": "Nominal"}
[2026-04-09 09:22:22.035 Z] [WARN] [cadence.virtuoso.ade.simulationMonitor] -     WARNING (CMI-2943): Parameter checks have been ignored because the valid value for parameter 'trise' could not be found in 'C3'. {"history": "Interactive.10", "point": 1, "testname": "PSS_VIN", "cornername": "Nominal"}
[2026-04-09 09:22:22.036 Z] [WARN] [cadence.virtuoso.ade.simulationMonitor] -     WARNING (CMI-2943): Parameter checks have been ignored because the valid value for parameter 'trise' could not be found in 'I19.I2.C2<0>_turbo_m10.C1'. {"history": "Interactive.10", "point": 1, "testname": "PSS_VIN", "cornername": "Nominal"}
[2026-04-09 09:22:22.036 Z] [WARN] [cadence.virtuoso.ade.simulationMonitor] -     WARNING (CMI-2943): Parameter checks have been ignored because the valid value for parameter 'trise' could not be found in 'I19.I2.R0.CM'. {"history": "Interactive.10", "point": 1, "testname": "PSS_VIN", "cornername": "Nominal"}
[2026-04-09 09:22:22.036 Z] [WARN] [cadence.virtuoso.ade.simulationMonitor] -     WARNING (CMI-2943): Parameter checks have been ignored because the valid value for parameter 'trise' could not be found in 'I19.I2.R0.CS1'.
        Further occurrences of this warning will be suppressed. {"history": "Interactive.10", "point": 1, "testname": "PSS_VIN", "cornername": "Nominal"}
[2026-04-09 09:22:22.036 Z] [INFO] [cadence.virtuoso.ade.simulationMonitor] - Notice from spectre at time = 36.7161 us during periodic steady state analysis `pss'.
    Found trapezoidal ringing on node I19.I2.B. {"history": "Interactive.10", "point": 1, "testname": "PSS_VIN", "cornername": "Nominal"}
[2026-04-09 09:22:22.036 Z] [INFO] [cadence.virtuoso.ade.simulationMonitor] - Notice from spectre at time = 68.5307 us during periodic steady state analysis `pss'.
    Found trapezoidal ringing on node V1:p. {"history": "Interactive.10", "point": 1, "testname": "PSS_VIN", "cornername": "Nominal"}
[2026-04-09 09:22:22.036 Z] [INFO] [cadence.virtuoso.ade.simulationMonitor] - Notice from spectre at time = 48.1382 us during periodic steady state analysis `pss'.
    Found trapezoidal ringing on node I19.I2.B. {"history": "Interactive.10", "point": 1, "testname": "PSS_VIN", "cornername": "Nominal"}
[2026-04-09 09:22:22.036 Z] [INFO] [cadence.virtuoso.ade.simulationMonitor] - Notice from spectre at time = 70.9823 us during periodic steady state analysis `pss'.
    Found trapezoidal ringing on node V1:p. {"history": "Interactive.10", "point": 1, "testname": "PSS_VIN", "cornername": "Nominal"}
[2026-04-09 09:22:22.036 Z] [INFO] [cadence.virtuoso.ade.simulationMonitor] - Notice from spectre at time = 57.3262 us during periodic steady state analysis `pss'.
    Found trapezoidal ringing on node I19.I2.B.
        Further occurrences of this notice will be suppressed. {"history": "Interactive.10", "point": 1, "testname": "PSS_VIN", "cornername": "Nominal"}
[2026-04-09 09:22:23.536 Z] [INFO] [cadence.virtuoso.ade.simulationMonitor] - Total time required for tstab analysis `pss': CPU = 1.44566 s, elapsed = 1.44582 s. {"history": "Interactive.10", "point": 1, "testname": "PSS_VIN", "cornername": "Nominal"}
[2026-04-09 09:22:23.536 Z] [INFO] [cadence.virtuoso.ade.simulationMonitor] - Peak resident memory used = 221 Mbytes. {"history": "Interactive.10", "point": 1, "testname": "PSS_VIN", "cornername": "Nominal"}
[2026-04-09 09:22:23.537 Z] [INFO] [cadence.virtuoso.ade.simulationMonitor] - Notice from spectre during periodic steady state analysis `pss'.
    102 warnings suppressed. {"history": "Interactive.10", "point": 1, "testname": "PSS_VIN", "cornername": "Nominal"}
[2026-04-09 09:22:33.040 Z] [INFO] [cadence.virtuoso.ade.simulationMonitor] - Notice from spectre during periodic steady state analysis `pss'.
    Trapezoidal ringing is detected during pss analysis.
        Please use method=trap for better results and performance. {"history": "Interactive.10", "point": 1, "testname": "PSS_VIN", "cornername": "Nominal"}
[2026-04-09 09:22:33.041 Z] [INFO] [cadence.virtuoso.ade.simulationMonitor] - Total time required for pss analysis `pss': CPU = 10.7747 s, elapsed = 10.8265 s, util. = 99.5%. {"history": "Interactive.10", "point": 1, "testname": "PSS_VIN", "cornername": "Nominal"}
[2026-04-09 09:22:33.041 Z] [INFO] [cadence.virtuoso.ade.simulationMonitor] - Peak resident memory used = 428 Mbytes. {"history": "Interactive.10", "point": 1, "testname": "PSS_VIN", "cornername": "Nominal"}
[2026-04-09 09:22:33.042 Z] [INFO] [cadence.virtuoso.ade.simulationMonitor] - Notice from spectre.
    1330 notices suppressed. {"history": "Interactive.10", "point": 1, "testname": "PSS_VIN", "cornername": "Nominal"}
[2026-04-09 09:22:33.042 Z] [WARN] [cadence.virtuoso.ade.simulationMonitor] -     WARNING (CMI-2425): I19.I14.C1: `Acde' = 2.393 is unusually large. {"history": "Interactive.10", "point": 1, "testname": "PSS_VIN", "cornername": "Nominal"}
[2026-04-09 09:22:33.042 Z] [WARN] [cadence.virtuoso.ade.simulationMonitor] -     WARNING (CMI-2425): I19.I14.C1: `Noff' = 4.732 is unusually large. {"history": "Interactive.10", "point": 1, "testname": "PSS_VIN", "cornername": "Nominal"}
[2026-04-09 09:22:33.043 Z] [WARN] [cadence.virtuoso.ade.simulationMonitor] -     WARNING (CMI-2424): I19.I14.C1: `Voffcv' = -867.4e-03 is unusually small. {"history": "Interactive.10", "point": 1, "testname": "PSS_VIN", "cornername": "Nominal"}
[2026-04-09 09:22:33.043 Z] [WARN] [cadence.virtuoso.ade.simulationMonitor] -     WARNING (CMI-2425): I19.I0.I3.C1: `Acde' = 2.393 is unusually large. {"history": "Interactive.10", "point": 1, "testname": "PSS_VIN", "cornername": "Nominal"}
[2026-04-09 09:22:33.043 Z] [WARN] [cadence.virtuoso.ade.simulationMonitor] -     WARNING (CMI-2425): I19.I0.I3.C1: `Noff' = 4.732 is unusually large. {"history": "Interactive.10", "point": 1, "testname": "PSS_VIN", "cornername": "Nominal"}
[2026-04-09 09:22:33.043 Z] [WARN] [cadence.virtuoso.ade.simulationMonitor] -     WARNING (CMI-2424): I19.I0.I3.C1: `Voffcv' = -867.4e-03 is unusually small. {"history": "Interactive.10", "point": 1, "testname": "PSS_VIN", "cornername": "Nominal"}
[2026-04-09 09:22:33.044 Z] [WARN] [cadence.virtuoso.ade.simulationMonitor] -     WARNING (CMI-2425): I19.I0.C0: `Acde' = 2.393 is unusually large.
        Further occurrences of this warning will be suppressed. {"history": "Interactive.10", "point": 1, "testname": "PSS_VIN", "cornername": "Nominal"}
[2026-04-09 09:22:33.044 Z] [WARN] [cadence.virtuoso.ade.simulationMonitor] -     WARNING (CMI-2424): I19.I0.C0: `Voffcv' = -867.4e-03 is unusually small. {"history": "Interactive.10", "point": 1, "testname": "PSS_VIN", "cornername": "Nominal"}
[2026-04-09 09:22:33.044 Z] [INFO] [cadence.virtuoso.ade.simulationMonitor] - Notice from spectre.
    1 warning suppressed. {"history": "Interactive.10", "point": 1, "testname": "PSS_VIN", "cornername": "Nominal"}
[2026-04-09 09:22:33.044 Z] [INFO] [cadence.virtuoso.ade.simulationMonitor] - Time used: CPU = 11.1 s, elapsed = 11.4 s, util. = 97.4%. {"history": "Interactive.10", "point": 1, "testname": "PSS_VIN", "cornername": "Nominal"}
[2026-04-09 09:22:33.045 Z] [INFO] [cadence.virtuoso.ade.simulationMonitor] - Time spent in licensing: elapsed = 51.6 ms. {"history": "Interactive.10", "point": 1, "testname": "PSS_VIN", "cornername": "Nominal"}
[2026-04-09 09:22:33.045 Z] [INFO] [cadence.virtuoso.ade.simulationMonitor] - Peak memory used = 426 Mbytes. {"history": "Interactive.10", "point": 1, "testname": "PSS_VIN", "cornername": "Nominal"}
[2026-04-09 09:22:33.046 Z] [PROCESS] [cadence.virtuoso.ade.simulationMonitor] - Simulation started at: 9:22:21 AM, Thur Apr 9, 2026, ended at: 9:22:32 AM, Thur Apr 9, 2026, with elapsed time (wall clock): 11.4 s. {"history": "Interactive.10", "point": 1, "testname": "PSS_VIN", "cornername": "Nominal"}
[2026-04-09 09:22:33.046 Z] [PROCESS] [cadence.virtuoso.ade.simulationMonitor] - spectre completes with 0 errors, 63 warnings, and 30 notices. {"history": "Interactive.10", "point": 1, "testname": "PSS_VIN", "cornername": "Nominal"}
[2026-04-09 09:22:33.047 Z] [PROCESS] [cadence.virtuoso.ade.simulationMonitor] - Finished simulating for one point {"hostname": "edatools", "processid": 118495, "history": "Interactive.10", "testname": "PSS_VIN", "cornername": "Nominal", "point": 1, "logfile": "/home/saul/projects/IL2244_VT26_SAUL/logs_saul/logs0/Job34.log", "simid": "3"}
[2026-04-09 09:22:33.047 Z] [PROCESS] [cadence.virtuoso.ade.simulationMonitor] - Simulator exited {"hostname": "edatools", "processid": 118495, "history": "Interactive.10", "testname": "PSS_VIN", "cornername": "Nominal", "point": 1, "logfile": "/home/saul/projects/IL2244_VT26_SAUL/logs_saul/logs0/Job34.log", "exitStatus": "0"}
[2026-04-09 09:22:33.047 Z] [PROCESS] [cadence.virtuoso.ade.simulationMonitor] - Finished Simulation {"hostname": "edatools", "processid": 118495, "history": "Interactive.10", "testname": "PSS_VIN", "cornername": "Nominal", "point": 1, "logfile": "/home/saul/projects/IL2244_VT26_SAUL/logs_saul/logs0/Job34.log", "simid": "3"}
[2026-04-09 09:22:34.058 Z] [PROCESS] [cadence.virtuoso.ade.simulationMonitor] - Point Finished {"hostname": "edatools", "processid": 118495, "history": "Interactive.10", "testname": "PSS_VIN", "cornername": "Nominal", "point": 1, "logfile": "/home/saul/projects/IL2244_VT26_SAUL/logs_saul/logs0/Job34.log"}
[2026-04-09 09:27:35.118 Z] [PROCESS] [cadence.virtuoso.ade.simulationMonitor] - Current memory used: 52.2344 MBytes, peak memory used: 52.2344 MBytes {"hostname": "edatools", "processid": 118495, "history": "Interactive.10", "testname": "PSS_VIN", "cornername": "Nominal", "point": 1, "logfile": "/home/saul/projects/IL2244_VT26_SAUL/logs_saul/logs0/Job34.log"}
[2026-04-09 09:27:35.119 Z] [PROCESS] [cadence.virtuoso.ade.simulationMonitor] - Simulation Monitor process exit. {"hostname": "edatools", "processid": 118495, "history": "Interactive.10", "testname": "PSS_VIN", "cornername": "Nominal", "point": 1, "logfile": "/home/saul/projects/IL2244_VT26_SAUL/logs_saul/logs0/Job34.log"}
