[Simulation Monitor: 38]
[2026-04-09 09:39:35.215 Z] [PROCESS] [cadence.virtuoso.ade.simulationMonitor] - Simulation Monitor has successfully started up. Trying to set up communication channels to other components ... {"hostname": "edatools", "processid": 125777, "logfile": "/home/saul/projects/IL2244_VT26_SAUL/logs_saul/logs0/Job38.log"}
[2026-04-09 09:39:35.215 Z] [PROCESS] [cadence.virtuoso.ade.simulationMonitor] - Communication channels have been successfully set up. Start processing events ... {"hostname": "edatools", "processid": 125777, "logfile": "/home/saul/projects/IL2244_VT26_SAUL/logs_saul/logs0/Job38.log"}
[2026-04-09 09:39:35.215 Z] [PROCESS] [cadence.virtuoso.ade.simulationMonitor] - Considering to start history {"hostname": "edatools", "processid": 125777, "history": "Interactive.21", "logfile": "/home/saul/projects/IL2244_VT26_SAUL/logs_saul/logs0/Job38.log"}
[2026-04-09 09:39:35.217 Z] [PROCESS] [cadence.virtuoso.ade.simulationMonitor] - HostInfo:
Host name (type):	edatools (x86_64)
Operating system:	Linux 6.17.0-20-generic #20~24.04.1-Ubuntu SMP PREEMPT_DYNAMIC Thu Mar 19 01:28:37 UTC 2 {"hostname": "edatools", "processid": 125777, "history": "Interactive.21", "logfile": "/home/saul/projects/IL2244_VT26_SAUL/logs_saul/logs0/Job38.log", "nodename": "edatools", "domainname": "(none)", "machine": "x86_64", "sysname": "Linux", "release": "6.17.0-20-generic", "version": "#20~24.04.1-Ubuntu SMP PREEMPT_DYNAMIC Thu Mar 19 01:28:37 UTC 2"}
[2026-04-09 09:39:35.217 Z] [PROCESS] [cadence.virtuoso.ade.simulationMonitor] - UsageInfo:
pid=125777
totalPhysicalMemory=62.544991GB,Used=22.327049GB,totalVirtualMemory=70.544987GB,Used=22.327049GB
Cpu: Cores=16, Load average:0.450000,0.450000,0.410000 {"hostname": "edatools", "processid": 125777, "history": "Interactive.21", "logfile": "/home/saul/projects/IL2244_VT26_SAUL/logs_saul/logs0/Job38.log", "pid": "125777", "totalPhysicalMemory": "62.544991", "physicalMemoryUsed": "22.327049", "totalVirtualMemory": "70.544987", "virtualMemoryUsed": "22.327049", "cpuCores": "16", "processes": "2062", "loadAverage1": "0.450000", "loadAverage5": "0.450000", "loadAverage15": "0.410000", "loadAverage1Percent": "0.028125"}
[2026-04-09 09:39:35.217 Z] [EVENT] [cadence.virtuoso.ade.simulationMonitor] - NewPoint {"history": "Interactive.21", "point": 1, "testname": "IN", "cornername": "Nominal", "event": "NewPoint", "EventSource": "Simulation Monitor", "HistoryName": "Interactive.21", "logFile": "/home/saul/projects/IL2244_VT26_SAUL/logs_saul/logs0/Job38.log", "logFileSize": "2198"}
[2026-04-09 09:39:35.318 Z] [EVENT] [cadence.virtuoso.ade.simulationMonitor] - NewPoint {"history": "Interactive.21", "point": 1, "testname": "IN", "cornername": "Nominal", "event": "NewPoint", "EventSource": "spectre", "HistoryName": "Interactive.21", "logFile": "/home/saul/projects/IL2244_VT26_SAUL/Sim/FECG/fecg_tb/maestro/results/maestro/Interactive.21/1/IN/psf/spectre.out", "logFileSize": "-1"}
[2026-04-09 09:39:35.393 Z] [PROCESS] [cadence.virtuoso.ade.simulationMonitor] - Simulator launched {"hostname": "edatools", "processid": 125777, "history": "Interactive.21", "testname": "IN", "cornername": "Nominal", "point": 1, "logfile": "/home/saul/projects/IL2244_VT26_SAUL/logs_saul/logs0/Job38.log", "simid": "1"}
[2026-04-09 09:39:35.396 Z] [PROCESS] [cadence.virtuoso.ade.simulationMonitor] - Expression evaluator launched {"hostname": "edatools", "processid": 125777, "history": "Interactive.21", "testname": "IN", "cornername": "Nominal", "point": 1, "logfile": "/home/saul/projects/IL2244_VT26_SAUL/logs_saul/logs0/Job38.log"}
[2026-04-09 09:39:35.431 Z] [PROCESS] [cadence.virtuoso.ade.simulationMonitor] - Started Simulation {"hostname": "edatools", "processid": 125777, "history": "Interactive.21", "testname": "IN", "cornername": "Nominal", "point": 1, "logfile": "/home/saul/projects/IL2244_VT26_SAUL/logs_saul/logs0/Job38.log", "event": "started", "task": "simulation"}
[2026-04-09 09:39:35.932 Z] [INFO] [cadence.virtuoso.ade.simulationMonitor] - Notice from spectre during circuit read-in.
    Pre_Configuration file used: /opt/tools/cadence/installs/SPECTRE241/tools.lnx86/spectre/etc/configs/preset.precfg
    Configuration file used: `/opt/tools/cadence/installs/SPECTRE241/tools.lnx86/spectre/etc/configs/preset.cfg'. {"history": "Interactive.21", "point": 1, "testname": "IN", "cornername": "Nominal"}
[2026-04-09 09:39:35.932 Z] [WARN] [cadence.virtuoso.ade.simulationMonitor] -     WARNING (SPECTRE-8360): line 1511: `ac' is an undefined primitive device. {"history": "Interactive.21", "point": 1, "testname": "IN", "cornername": "Nominal"}
[2026-04-09 09:39:35.932 Z] [WARN] [cadence.virtuoso.ade.simulationMonitor] -     WARNING (SPECTRE-8360): line 1512: `ac' is an undefined primitive device. {"history": "Interactive.21", "point": 1, "testname": "IN", "cornername": "Nominal"}
[2026-04-09 09:39:35.932 Z] [WARN] [cadence.virtuoso.ade.simulationMonitor] -     WARNING (SPECTRE-8360): line 1513: `ac' is an undefined primitive device. {"history": "Interactive.21", "point": 1, "testname": "IN", "cornername": "Nominal"}
[2026-04-09 09:39:35.932 Z] [WARN] [cadence.virtuoso.ade.simulationMonitor] -     WARNING (SPECTRE-8360): line 1514: `ac' is an undefined primitive device. {"history": "Interactive.21", "point": 1, "testname": "IN", "cornername": "Nominal"}
[2026-04-09 09:39:35.932 Z] [WARN] [cadence.virtuoso.ade.simulationMonitor] -     WARNING (SPECTRE-8360): line 1515: `ac' is an undefined primitive device.
        Further occurrences of this warning will be suppressed. {"history": "Interactive.21", "point": 1, "testname": "IN", "cornername": "Nominal"}
[2026-04-09 09:39:35.932 Z] [INFO] [cadence.virtuoso.ade.simulationMonitor] - Peak resident memory used = 171 Mbytes. {"history": "Interactive.21", "point": 1, "testname": "IN", "cornername": "Nominal"}
[2026-04-09 09:39:35.932 Z] [WARN] [cadence.virtuoso.ade.simulationMonitor] -     WARNING (VACOMP-2435): The environment variable CDS_AHDLCMI_ENABLE is no longer supported. Therefore, the simulator will use the default compiled C code flow. {"history": "Interactive.21", "point": 1, "testname": "IN", "cornername": "Nominal"}
[2026-04-09 09:39:35.932 Z] [WARN] [cadence.virtuoso.ade.simulationMonitor] -     WARNING (SFE-3031): The floating capacitor I14.C2.C1 is removed. {"history": "Interactive.21", "point": 1, "testname": "IN", "cornername": "Nominal"}
[2026-04-09 09:39:35.932 Z] [WARN] [cadence.virtuoso.ade.simulationMonitor] -     WARNING (SFE-3031): The floating capacitor I11.C7<0>_turbo_m3.C1 is removed. {"history": "Interactive.21", "point": 1, "testname": "IN", "cornername": "Nominal"}
[2026-04-09 09:39:35.932 Z] [WARN] [cadence.virtuoso.ade.simulationMonitor] -     WARNING (SFE-3031): The floating capacitor I12.C6<0>_turbo_m3.C1 is removed. {"history": "Interactive.21", "point": 1, "testname": "IN", "cornername": "Nominal"}
[2026-04-09 09:39:35.932 Z] [WARN] [cadence.virtuoso.ade.simulationMonitor] -     WARNING (SFE-3031): The floating capacitor I11.C10<0>_turbo_m12.C1 is removed. {"history": "Interactive.21", "point": 1, "testname": "IN", "cornername": "Nominal"}
[2026-04-09 09:39:35.932 Z] [WARN] [cadence.virtuoso.ade.simulationMonitor] -     WARNING (SFE-3031): The floating capacitor I8.C7<0>_turbo_m3.C1 is removed.
        Further occurrences of this warning will be suppressed. {"history": "Interactive.21", "point": 1, "testname": "IN", "cornername": "Nominal"}
[2026-04-09 09:39:35.932 Z] [INFO] [cadence.virtuoso.ade.simulationMonitor] - Peak resident memory used = 188 Mbytes. {"history": "Interactive.21", "point": 1, "testname": "IN", "cornername": "Nominal"}
[2026-04-09 09:39:35.932 Z] [INFO] [cadence.virtuoso.ade.simulationMonitor] - Notice from spectre during hierarchy flattening.
    The value 'psf' specified for the 'checklimitdest' option will no longer be supported in future releases. Use 'spectre -h' to see other recommended values for the 'checklimitdest' option. {"history": "Interactive.21", "point": 1, "testname": "IN", "cornername": "Nominal"}
[2026-04-09 09:39:35.932 Z] [INFO] [cadence.virtuoso.ade.simulationMonitor] - Peak resident memory used = 190 Mbytes. {"history": "Interactive.21", "point": 1, "testname": "IN", "cornername": "Nominal"}
[2026-04-09 09:39:35.932 Z] [WARN] [cadence.virtuoso.ade.simulationMonitor] -     WARNING (CMI-2425): I14.C1: `Acde' = 2.393 is unusually large. {"history": "Interactive.21", "point": 1, "testname": "IN", "cornername": "Nominal"}
[2026-04-09 09:39:35.932 Z] [WARN] [cadence.virtuoso.ade.simulationMonitor] -     WARNING (CMI-2425): I14.C1: `Noff' = 4.732 is unusually large. {"history": "Interactive.21", "point": 1, "testname": "IN", "cornername": "Nominal"}
[2026-04-09 09:39:35.932 Z] [WARN] [cadence.virtuoso.ade.simulationMonitor] -     WARNING (CMI-2424): I14.C1: `Voffcv' = -867.4e-03 is unusually small. {"history": "Interactive.21", "point": 1, "testname": "IN", "cornername": "Nominal"}
[2026-04-09 09:39:35.933 Z] [WARN] [cadence.virtuoso.ade.simulationMonitor] -     WARNING (CMI-2425): I14.C1: `Acde' = 2.393 is unusually large. {"history": "Interactive.21", "point": 1, "testname": "IN", "cornername": "Nominal"}
[2026-04-09 09:39:35.933 Z] [WARN] [cadence.virtuoso.ade.simulationMonitor] -     WARNING (CMI-2425): I14.C1: `Noff' = 4.732 is unusually large. {"history": "Interactive.21", "point": 1, "testname": "IN", "cornername": "Nominal"}
[2026-04-09 09:39:35.933 Z] [WARN] [cadence.virtuoso.ade.simulationMonitor] -     WARNING (CMI-2424): I14.C1: `Voffcv' = -867.4e-03 is unusually small. {"history": "Interactive.21", "point": 1, "testname": "IN", "cornername": "Nominal"}
[2026-04-09 09:39:35.933 Z] [WARN] [cadence.virtuoso.ade.simulationMonitor] -     WARNING (SPECTRE-17607): Assert `SOAC_rpolyh_vminuspsub' is ignored because it contains an expression which is invalid or not supported by native evaluator.  {"history": "Interactive.21", "point": 1, "testname": "IN", "cornername": "Nominal"}
[2026-04-09 09:39:35.933 Z] [WARN] [cadence.virtuoso.ade.simulationMonitor] -     WARNING (SPECTRE-17607): Assert `SOAC_rpolyh_vpluspsub' is ignored because it contains an expression which is invalid or not supported by native evaluator.  {"history": "Interactive.21", "point": 1, "testname": "IN", "cornername": "Nominal"}
[2026-04-09 09:39:35.933 Z] [WARN] [cadence.virtuoso.ade.simulationMonitor] -     WARNING (SPECTRE-16460): SOAC_cvarm_vspsub:Specified subcircuit master `cvarm' was not found. {"history": "Interactive.21", "point": 1, "testname": "IN", "cornername": "Nominal"}
[2026-04-09 09:39:35.933 Z] [WARN] [cadence.virtuoso.ade.simulationMonitor] -     WARNING (SPECTRE-16462): SOAC_cvarm_vspsub:Error in specification of subcircuit master. Assert is ignored. {"history": "Interactive.21", "point": 1, "testname": "IN", "cornername": "Nominal"}
[2026-04-09 09:39:35.933 Z] [WARN] [cadence.virtuoso.ade.simulationMonitor] -     WARNING (SPECTRE-16460): SOAC_cvarm_vbs:Specified subcircuit master `cvarm' was not found. {"history": "Interactive.21", "point": 1, "testname": "IN", "cornername": "Nominal"}
[2026-04-09 09:39:35.933 Z] [WARN] [cadence.virtuoso.ade.simulationMonitor] -     WARNING (SPECTRE-16462): SOAC_cvarm_vbs:Error in specification of subcircuit master. Assert is ignored. {"history": "Interactive.21", "point": 1, "testname": "IN", "cornername": "Nominal"}
[2026-04-09 09:39:35.933 Z] [WARN] [cadence.virtuoso.ade.simulationMonitor] -     WARNING (SPECTRE-16460): SOAC_cvarm_vgb:Specified subcircuit master `cvarm' was not found. {"history": "Interactive.21", "point": 1, "testname": "IN", "cornername": "Nominal"}
[2026-04-09 09:39:35.933 Z] [WARN] [cadence.virtuoso.ade.simulationMonitor] -     WARNING (SPECTRE-16462): SOAC_cvarm_vgb:Error in specification of subcircuit master. Assert is ignored. {"history": "Interactive.21", "point": 1, "testname": "IN", "cornername": "Nominal"}
[2026-04-09 09:39:35.933 Z] [WARN] [cadence.virtuoso.ade.simulationMonitor] -     WARNING (SPECTRE-16460): SOAC_cvart_vspsub:Specified subcircuit master `cvart' was not found. {"history": "Interactive.21", "point": 1, "testname": "IN", "cornername": "Nominal"}
[2026-04-09 09:39:35.933 Z] [WARN] [cadence.virtuoso.ade.simulationMonitor] -     WARNING (SPECTRE-16462): SOAC_cvart_vspsub:Error in specification of subcircuit master. Assert is ignored. {"history": "Interactive.21", "point": 1, "testname": "IN", "cornername": "Nominal"}
[2026-04-09 09:39:35.933 Z] [WARN] [cadence.virtuoso.ade.simulationMonitor] -     WARNING (SPECTRE-16460): SOAC_cvart_vbs:Specified subcircuit master `cvart' was not found.
        Further occurrences of this warning will be suppressed. {"history": "Interactive.21", "point": 1, "testname": "IN", "cornername": "Nominal"}
[2026-04-09 09:39:35.933 Z] [WARN] [cadence.virtuoso.ade.simulationMonitor] -     WARNING (SPECTRE-16462): SOAC_cvart_vbs:Error in specification of subcircuit master. Assert is ignored.
        Further occurrences of this warning will be suppressed. {"history": "Interactive.21", "point": 1, "testname": "IN", "cornername": "Nominal"}
[2026-04-09 09:39:35.933 Z] [WARN] [cadence.virtuoso.ade.simulationMonitor] -     WARNING (SPECTRE-17607): Assert `SOAC_cvar_vspsub' is ignored because it contains an expression which is invalid or not supported by native evaluator.  {"history": "Interactive.21", "point": 1, "testname": "IN", "cornername": "Nominal"}
[2026-04-09 09:39:35.933 Z] [WARN] [cadence.virtuoso.ade.simulationMonitor] -     WARNING (SPECTRE-17607): Assert `SOAC_cvar_vbpsub' is ignored because it contains an expression which is invalid or not supported by native evaluator.  {"history": "Interactive.21", "point": 1, "testname": "IN", "cornername": "Nominal"}
[2026-04-09 09:39:35.933 Z] [WARN] [cadence.virtuoso.ade.simulationMonitor] -     WARNING (SPECTRE-17607): Assert `SOAC_cvar_vgpsub' is ignored because it contains an expression which is invalid or not supported by native evaluator. 
        Further occurrences of this warning will be suppressed. {"history": "Interactive.21", "point": 1, "testname": "IN", "cornername": "Nominal"}
[2026-04-09 09:39:36.433 Z] [INFO] [cadence.virtuoso.ade.simulationMonitor] - Notice from spectre during initial setup.
    Multithreading is disabled due to the size of the design being too small. {"history": "Interactive.21", "point": 1, "testname": "IN", "cornername": "Nominal"}
[2026-04-09 09:39:36.434 Z] [WARN] [cadence.virtuoso.ade.simulationMonitor] -     WARNING (SPECTRE-592): Following parameters are disabled because they are ignored or redefined in Spectre X:
        
        
        PSS Parameters:
          errpreset {"history": "Interactive.21", "point": 1, "testname": "IN", "cornername": "Nominal"}
[2026-04-09 09:39:36.434 Z] [INFO] [cadence.virtuoso.ade.simulationMonitor] -               nodes 151 {"history": "Interactive.21", "point": 1, "testname": "IN", "cornername": "Nominal"}
[2026-04-09 09:39:36.434 Z] [INFO] [cadence.virtuoso.ade.simulationMonitor] - Notice from spectre during initial setup.
    3 vsources are shorted because their absolute value is less than or equal to 'vabsshort'.
    Spectre X preset=mx enabled. {"history": "Interactive.21", "point": 1, "testname": "IN", "cornername": "Nominal"}
[2026-04-09 09:39:36.434 Z] [WARN] [cadence.virtuoso.ade.simulationMonitor] -     WARNING (CMI-2425): I14.C1: `Acde' = 2.393 is unusually large.
        Further occurrences of this warning will be suppressed. {"history": "Interactive.21", "point": 1, "testname": "IN", "cornername": "Nominal"}
[2026-04-09 09:39:36.434 Z] [WARN] [cadence.virtuoso.ade.simulationMonitor] -     WARNING (CMI-2424): I14.C1: `Voffcv' = -867.4e-03 is unusually small. {"history": "Interactive.21", "point": 1, "testname": "IN", "cornername": "Nominal"}
[2026-04-09 09:39:36.434 Z] [INFO] [cadence.virtuoso.ade.simulationMonitor] - Notice from spectre.
    86 warnings suppressed. {"history": "Interactive.21", "point": 1, "testname": "IN", "cornername": "Nominal"}
[2026-04-09 09:39:36.434 Z] [INFO] [cadence.virtuoso.ade.simulationMonitor] - Peak resident memory used = 206 Mbytes. {"history": "Interactive.21", "point": 1, "testname": "IN", "cornername": "Nominal"}
[2026-04-09 09:39:36.435 Z] [INFO] [cadence.virtuoso.ade.simulationMonitor] -    -   (Spectre X) Multi-threading. The recommended number of threads is 1, consider adding +mt=1 on command line. {"history": "Interactive.21", "point": 1, "testname": "IN", "cornername": "Nominal"}
[2026-04-09 09:39:36.435 Z] [INFO] [cadence.virtuoso.ade.simulationMonitor] - Notice from spectre during DC analysis `dcOp'.
    No checklimit analysis defined for asserts. A default checklimit analysis 'SpectreChecklimitAnal' has been created with all asserts enabled. {"history": "Interactive.21", "point": 1, "testname": "IN", "cornername": "Nominal"}
[2026-04-09 09:39:36.435 Z] [INFO] [cadence.virtuoso.ade.simulationMonitor] - Notice from spectre during DC analysis `dcOp'.
    GminDC = 1 pS is large enough to noticeably affect the DC solution.
        dV(I14.C1.s1) = 2.58858 mV
        Use the `gmin_check' option to eliminate or expand this report.
    Bad pivoting is found during DC analysis. Option dc_pivot_check=yes is recommended for possible improvement of convergence. {"history": "Interactive.21", "point": 1, "testname": "IN", "cornername": "Nominal"}
[2026-04-09 09:39:36.435 Z] [WARN] [cadence.virtuoso.ade.simulationMonitor] -     WARNING (CMI-2943): Parameter checks have been ignored because the valid value for parameter 'trise' could not be found in 'C0'. {"history": "Interactive.21", "point": 1, "testname": "IN", "cornername": "Nominal"}
[2026-04-09 09:39:36.435 Z] [WARN] [cadence.virtuoso.ade.simulationMonitor] -     WARNING (CMI-2943): Parameter checks have been ignored because the valid value for parameter 'trise' could not be found in 'C1'. {"history": "Interactive.21", "point": 1, "testname": "IN", "cornername": "Nominal"}
[2026-04-09 09:39:36.435 Z] [WARN] [cadence.virtuoso.ade.simulationMonitor] -     WARNING (CMI-2943): Parameter checks have been ignored because the valid value for parameter 'trise' could not be found in 'I14.C0<0>_turbo_m8.C1'. {"history": "Interactive.21", "point": 1, "testname": "IN", "cornername": "Nominal"}
[2026-04-09 09:39:36.435 Z] [WARN] [cadence.virtuoso.ade.simulationMonitor] -     WARNING (CMI-2943): Parameter checks have been ignored because the valid value for parameter 'trise' could not be found in 'I14.C3.C1'. {"history": "Interactive.21", "point": 1, "testname": "IN", "cornername": "Nominal"}
[2026-04-09 09:39:36.435 Z] [WARN] [cadence.virtuoso.ade.simulationMonitor] -     WARNING (CMI-2943): Parameter checks have been ignored because the valid value for parameter 'trise' could not be found in 'I14.R0.CM'.
        Further occurrences of this warning will be suppressed. {"history": "Interactive.21", "point": 1, "testname": "IN", "cornername": "Nominal"}
[2026-04-09 09:39:36.435 Z] [INFO] [cadence.virtuoso.ade.simulationMonitor] - Total time required for dc analysis `dcOp': CPU = 74.316 ms, elapsed = 85.892 ms, util. = 86.5%. {"history": "Interactive.21", "point": 1, "testname": "IN", "cornername": "Nominal"}
[2026-04-09 09:39:36.435 Z] [INFO] [cadence.virtuoso.ade.simulationMonitor] - Peak resident memory used = 215 Mbytes. {"history": "Interactive.21", "point": 1, "testname": "IN", "cornername": "Nominal"}
[2026-04-09 09:39:36.435 Z] [INFO] [cadence.virtuoso.ade.simulationMonitor] - Notice from spectre.
    62 warnings suppressed. {"history": "Interactive.21", "point": 1, "testname": "IN", "cornername": "Nominal"}
[2026-04-09 09:39:36.435 Z] [WARN] [cadence.virtuoso.ade.simulationMonitor] -     WARNING (CMI-2425): I14.C1: `Acde' = 2.393 is unusually large. {"history": "Interactive.21", "point": 1, "testname": "IN", "cornername": "Nominal"}
[2026-04-09 09:39:36.435 Z] [WARN] [cadence.virtuoso.ade.simulationMonitor] -     WARNING (CMI-2425): I14.C1: `Noff' = 4.732 is unusually large. {"history": "Interactive.21", "point": 1, "testname": "IN", "cornername": "Nominal"}
[2026-04-09 09:39:36.435 Z] [WARN] [cadence.virtuoso.ade.simulationMonitor] -     WARNING (CMI-2424): I14.C1: `Voffcv' = -867.4e-03 is unusually small. {"history": "Interactive.21", "point": 1, "testname": "IN", "cornername": "Nominal"}
[2026-04-09 09:39:36.435 Z] [INFO] [cadence.virtuoso.ade.simulationMonitor] - Notice from spectre during IC analysis, during periodic steady state analysis `pss'.
    GminDC = 1 pS is large enough to noticeably affect the DC solution.
        dV(I14.C1.d1) = 2.58851 mV
        Use the `gmin_check' option to eliminate or expand this report.
    Bad pivoting is found during DC analysis. Option dc_pivot_check=yes is recommended for possible improvement of convergence. {"history": "Interactive.21", "point": 1, "testname": "IN", "cornername": "Nominal"}
[2026-04-09 09:39:36.436 Z] [WARN] [cadence.virtuoso.ade.simulationMonitor] -     WARNING (CMI-2943): Parameter checks have been ignored because the valid value for parameter 'trise' could not be found in 'C0'. {"history": "Interactive.21", "point": 1, "testname": "IN", "cornername": "Nominal"}
[2026-04-09 09:39:36.436 Z] [WARN] [cadence.virtuoso.ade.simulationMonitor] -     WARNING (CMI-2943): Parameter checks have been ignored because the valid value for parameter 'trise' could not be found in 'C1'. {"history": "Interactive.21", "point": 1, "testname": "IN", "cornername": "Nominal"}
[2026-04-09 09:39:36.436 Z] [WARN] [cadence.virtuoso.ade.simulationMonitor] -     WARNING (CMI-2943): Parameter checks have been ignored because the valid value for parameter 'trise' could not be found in 'I14.C0<0>_turbo_m8.C1'. {"history": "Interactive.21", "point": 1, "testname": "IN", "cornername": "Nominal"}
[2026-04-09 09:39:36.436 Z] [WARN] [cadence.virtuoso.ade.simulationMonitor] -     WARNING (CMI-2943): Parameter checks have been ignored because the valid value for parameter 'trise' could not be found in 'I14.C3.C1'. {"history": "Interactive.21", "point": 1, "testname": "IN", "cornername": "Nominal"}
[2026-04-09 09:39:36.436 Z] [WARN] [cadence.virtuoso.ade.simulationMonitor] -     WARNING (CMI-2943): Parameter checks have been ignored because the valid value for parameter 'trise' could not be found in 'I14.R0.CM'.
        Further occurrences of this warning will be suppressed. {"history": "Interactive.21", "point": 1, "testname": "IN", "cornername": "Nominal"}
[2026-04-09 09:39:36.436 Z] [INFO] [cadence.virtuoso.ade.simulationMonitor] - Notice from spectre at time = 42.5504 us during periodic steady state analysis `pss'.
    Found trapezoidal ringing on node V2:p. {"history": "Interactive.21", "point": 1, "testname": "IN", "cornername": "Nominal"}
[2026-04-09 09:39:36.436 Z] [INFO] [cadence.virtuoso.ade.simulationMonitor] - Notice from spectre at time = 72.8422 us during periodic steady state analysis `pss'.
    Found trapezoidal ringing on node V2:p. {"history": "Interactive.21", "point": 1, "testname": "IN", "cornername": "Nominal"}
[2026-04-09 09:39:36.436 Z] [INFO] [cadence.virtuoso.ade.simulationMonitor] - Notice from spectre at time = 74.5551 us during periodic steady state analysis `pss'.
    Found trapezoidal ringing on node V2:p. {"history": "Interactive.21", "point": 1, "testname": "IN", "cornername": "Nominal"}
[2026-04-09 09:39:36.436 Z] [INFO] [cadence.virtuoso.ade.simulationMonitor] - Notice from spectre at time = 101.72 us during periodic steady state analysis `pss'.
    Found trapezoidal ringing on node V2:p. {"history": "Interactive.21", "point": 1, "testname": "IN", "cornername": "Nominal"}
[2026-04-09 09:39:36.436 Z] [INFO] [cadence.virtuoso.ade.simulationMonitor] - Notice from spectre at time = 109.93 us during periodic steady state analysis `pss'.
    Found trapezoidal ringing on node V2:p.
        Further occurrences of this notice will be suppressed. {"history": "Interactive.21", "point": 1, "testname": "IN", "cornername": "Nominal"}
[2026-04-09 09:39:37.436 Z] [INFO] [cadence.virtuoso.ade.simulationMonitor] - Total time required for tstab analysis `pss': CPU = 1.1693 s, elapsed = 1.1697 s. {"history": "Interactive.21", "point": 1, "testname": "IN", "cornername": "Nominal"}
[2026-04-09 09:39:37.436 Z] [INFO] [cadence.virtuoso.ade.simulationMonitor] - Peak resident memory used = 219 Mbytes. {"history": "Interactive.21", "point": 1, "testname": "IN", "cornername": "Nominal"}
[2026-04-09 09:39:37.437 Z] [INFO] [cadence.virtuoso.ade.simulationMonitor] - Notice from spectre during periodic steady state analysis `pss'.
    62 warnings suppressed. {"history": "Interactive.21", "point": 1, "testname": "IN", "cornername": "Nominal"}
[2026-04-09 09:39:45.439 Z] [INFO] [cadence.virtuoso.ade.simulationMonitor] - Notice from spectre during periodic steady state analysis `pss'.
    Trapezoidal ringing is detected during pss analysis.
        Please use method=trap for better results and performance. {"history": "Interactive.21", "point": 1, "testname": "IN", "cornername": "Nominal"}
[2026-04-09 09:39:45.439 Z] [INFO] [cadence.virtuoso.ade.simulationMonitor] - Total time required for pss analysis `pss': CPU = 9.34596 s, elapsed = 9.3749 s, util. = 99.7%. {"history": "Interactive.21", "point": 1, "testname": "IN", "cornername": "Nominal"}
[2026-04-09 09:39:45.439 Z] [INFO] [cadence.virtuoso.ade.simulationMonitor] - Peak resident memory used = 388 Mbytes. {"history": "Interactive.21", "point": 1, "testname": "IN", "cornername": "Nominal"}
[2026-04-09 09:39:45.439 Z] [INFO] [cadence.virtuoso.ade.simulationMonitor] - Notice from spectre.
    1239 notices suppressed. {"history": "Interactive.21", "point": 1, "testname": "IN", "cornername": "Nominal"}
[2026-04-09 09:39:45.439 Z] [WARN] [cadence.virtuoso.ade.simulationMonitor] -     WARNING (CMI-2425): I14.C1: `Acde' = 2.393 is unusually large. {"history": "Interactive.21", "point": 1, "testname": "IN", "cornername": "Nominal"}
[2026-04-09 09:39:45.439 Z] [WARN] [cadence.virtuoso.ade.simulationMonitor] -     WARNING (CMI-2425): I14.C1: `Noff' = 4.732 is unusually large. {"history": "Interactive.21", "point": 1, "testname": "IN", "cornername": "Nominal"}
[2026-04-09 09:39:45.439 Z] [WARN] [cadence.virtuoso.ade.simulationMonitor] -     WARNING (CMI-2424): I14.C1: `Voffcv' = -867.4e-03 is unusually small. {"history": "Interactive.21", "point": 1, "testname": "IN", "cornername": "Nominal"}
[2026-04-09 09:39:45.940 Z] [INFO] [cadence.virtuoso.ade.simulationMonitor] - Time used: CPU = 9.66 s, elapsed = 9.96 s, util. = 97.1%. {"history": "Interactive.21", "point": 1, "testname": "IN", "cornername": "Nominal"}
[2026-04-09 09:39:45.941 Z] [INFO] [cadence.virtuoso.ade.simulationMonitor] - Time spent in licensing: elapsed = 50.2 ms. {"history": "Interactive.21", "point": 1, "testname": "IN", "cornername": "Nominal"}
[2026-04-09 09:39:45.941 Z] [INFO] [cadence.virtuoso.ade.simulationMonitor] - Peak memory used = 387 Mbytes. {"history": "Interactive.21", "point": 1, "testname": "IN", "cornername": "Nominal"}
[2026-04-09 09:39:45.941 Z] [PROCESS] [cadence.virtuoso.ade.simulationMonitor] - Simulation started at: 9:39:35 AM, Thur Apr 9, 2026, ended at: 9:39:45 AM, Thur Apr 9, 2026, with elapsed time (wall clock): 9.96 s. {"history": "Interactive.21", "point": 1, "testname": "IN", "cornername": "Nominal"}
[2026-04-09 09:39:45.942 Z] [PROCESS] [cadence.virtuoso.ade.simulationMonitor] - spectre completes with 0 errors, 51 warnings, and 23 notices. {"history": "Interactive.21", "point": 1, "testname": "IN", "cornername": "Nominal"}
[2026-04-09 09:39:45.942 Z] [PROCESS] [cadence.virtuoso.ade.simulationMonitor] - Finished simulating for one point {"hostname": "edatools", "processid": 125777, "history": "Interactive.21", "testname": "IN", "cornername": "Nominal", "point": 1, "logfile": "/home/saul/projects/IL2244_VT26_SAUL/logs_saul/logs0/Job38.log", "simid": "1"}
[2026-04-09 09:39:45.942 Z] [PROCESS] [cadence.virtuoso.ade.simulationMonitor] - Simulator exited {"hostname": "edatools", "processid": 125777, "history": "Interactive.21", "testname": "IN", "cornername": "Nominal", "point": 1, "logfile": "/home/saul/projects/IL2244_VT26_SAUL/logs_saul/logs0/Job38.log", "exitStatus": "0"}
[2026-04-09 09:39:45.943 Z] [PROCESS] [cadence.virtuoso.ade.simulationMonitor] - Finished Simulation {"hostname": "edatools", "processid": 125777, "history": "Interactive.21", "testname": "IN", "cornername": "Nominal", "point": 1, "logfile": "/home/saul/projects/IL2244_VT26_SAUL/logs_saul/logs0/Job38.log", "simid": "1"}
[2026-04-09 09:39:47.452 Z] [PROCESS] [cadence.virtuoso.ade.simulationMonitor] - Point Finished {"hostname": "edatools", "processid": 125777, "history": "Interactive.21", "testname": "IN", "cornername": "Nominal", "point": 1, "logfile": "/home/saul/projects/IL2244_VT26_SAUL/logs_saul/logs0/Job38.log"}
[2026-04-09 09:44:48.018 Z] [PROCESS] [cadence.virtuoso.ade.simulationMonitor] - Current memory used: 52.2031 MBytes, peak memory used: 52.2031 MBytes {"hostname": "edatools", "processid": 125777, "history": "Interactive.21", "testname": "IN", "cornername": "Nominal", "point": 1, "logfile": "/home/saul/projects/IL2244_VT26_SAUL/logs_saul/logs0/Job38.log"}
[2026-04-09 09:44:48.019 Z] [PROCESS] [cadence.virtuoso.ade.simulationMonitor] - Simulation Monitor process exit. {"hostname": "edatools", "processid": 125777, "history": "Interactive.21", "testname": "IN", "cornername": "Nominal", "point": 1, "logfile": "/home/saul/projects/IL2244_VT26_SAUL/logs_saul/logs0/Job38.log"}
