\# Program start time:     UTC 2026.04.01 06:10:07.233
\# Local time: UTC (UTC+00:00) 2026.04.01 06:10:07.233
\o Program:		@(#)$CDS: virtuoso version 6.1.8-64b 09/03/2024 19:11 (sjfhw316) $
\o Hierarchy:		/opt/tools/cadence/installs/IC618/tools.lnx86/dfII/
\o Sub version:		sub-version  IC6.1.8-64b.500.36  (64-bit addresses)
\# Command line:	/opt/tools/cadence/installs/IC618/tools.lnx86/dfII/bin/64bit/virtuoso -noautostart -mpssession virtuoso962994 -mpshost edatools -davinciService DaVinciService_962994_1775021157 -log /home/saul/projects/IL2244_VT26_SAUL/logs_saul/logs0/Job33.log -licenseLockFileName /home/saul/projects/IL2244_VT26_SAUL/.tmp_saul/.edatools_962994 -interactiveA -interactiveE -interactiveRTT -nostdin -nographE -axlChildIdFlag 33
\# Host name (type):	edatools (x86_64)
\# Operating system:	Linux 6.17.0-19-generic #19~24.04.2-Ubuntu SMP PREEMPT_DYNAMIC Fri Mar  6 23:08:46 UTC 2
\# Linux /etc/issue:	\S
\# Linux /etc/issue:	Kernel \r on an \m
\# X display name (WxH):	:5699 (1024x868)
\# Available geometry:			TL(0:0) BR(1023:867)
\# X server:			The X.Org Foundation
\# Depth of Visual (Root):	24 (24)
\# Number of Planes Used:	24
\# X version:		11.0 (vendor release 12011000)
\# X resource pool:	base 0x400000, mask 0x1fffff (2097151), shift 0
\# 			current id 0x0, current max 0x1ffffa (2097146)
\# Max data seg size:	     unlimited
\# Max process size:	     unlimited
\# Initial sbrk value:	        710 MB
\# Available memory:	     52,565 MB
\# System memory:	     72,238 MB
\# Maximum memory size:	     71,647 MB
\# Max mem available:	     52,684 MB
\# Initial memory used:	        119 MB
\#        process size:	      1,676 MB
\# Thread usage limits (effective/default):	maxthreads 4294967295/4294967295 maxload 16.00/16.00
\# Qt version:		5.9.1
\# Window Manager:	other
\# User Name:		saul
\o Working Directory:	edatools:/home/saul/projects/IL2244_VT26_SAUL
\# Process Id:		1020044
\o 
\o COPYRIGHT (C) 1992-2024  CADENCE DESIGN SYSTEMS INC.  ALL RIGHTS RESERVED.
\o           (C) 1992-2024  UNIX SYSTEMS Laboratories INC.,
\o                          Reproduced with permission.
\o 
\o This Cadence Design Systems program and online documentation are
\o proprietary/confidential information and may be disclosed/used only
\o as authorized in a license agreement controlling such use and disclosure.
\o 
\o           RESTRICTED RIGHTS NOTICE (SHORT FORM)
\o Use/reproduction/disclosure is subject to restriction
\o set forth at FAR 1252.227-19 or its equivalent.
\o Loading geView.cxt 
\o Loading menuBuilder.cxt 
\o Loading schView.cxt 
\o Loading selectSv.cxt 
\o Loading wireEdit.cxt 
\o Loading pte2.cxt 
\o Loading xlUI.cxt 
\o Loading auCore.cxt 
\o Loading vhdl.cxt 
\o Loading seismic.cxt 
\o Loading ci.cxt 
\o Loading ams.cxt 
\o Loading oasis.cxt 
\o Loading analog.cxt 
\o Loading asimenv.cxt 
\o Loading dal.cxt 
\o Loading awv.cxt 
\o Loading socket.cxt 
\o Loading par.cxt 
\# Memory report: using         224 MB, process size 1,790 MB at UTC 2026.04.01 06:10:08.099
\o Loading alvs.cxt 
\o Loading caa.cxt 
\o Loading amps.cxt 
\o Loading adexlCore.cxt 
\o Loading adexl.cxt 
\o *Info*    Exporting services from client ... 
\o 
\o Loading adexlDM.cxt 
\o Loading cpf.cxt 
\o Loading cli.cxt 
\o Loading lp.cxt 
\o INFO (ELI-00302) Connecting to parent process (session=virtuoso962994, host=edatools). Connection mode is ICRP. Total timeout is 180 seconds. Connection timeout is 90 seconds.
\o INFO (ELI-00303) Step 1: Connecting to parent. Time spent is 0 seconds.
\o INFO (ELI-00304) The registration of the child 1020044 within 90 seconds is being processed...
\o INFO (ELI-00305) The result of registration is true. Time spent is 0 seconds.
\o INFO (ELI-00308) The connection has ended. Result is true. Total time spent is 0 seconds.
\# [06:10:07.445298] Configured Lic search path (22.01-s002): 3000@lic08.ug.kth.se:29000@lic06.ug.kth.se
\o ......................................................................................
\o            ams AG HIT-Kit v.ams_4.10
\o ......................................................................................
\o COPYRIGHT (c) 2012 Full Service Foundry @ ams AG.  ALL RIGHTS RESERVED
\o This HIT-Kit and attached documentation are confidential information and may 
\o only be used as authorized by the HIT-Kit license agreement.
\o ......................................................................................
\# Current Window: window(2)
\o Loading simulator default settings.
\o //
\o //  Calibre Skill Interface * (v2024.4_12.9) *
\o //
\o //                         Copyright Siemens 1996-2020     
\o //                             All Rights Reserved.
\o //         THIS WORK CONTAINS TRADE SECRET AND PROPRIETARY INFORMATION
\o //            WHICH IS THE PROPERTY OF MENTOR GRAPHICS CORPORATION
\o //              OR ITS LICENSORS AND IS SUBJECT TO LICENSE TERMS.
\o //
\o //
\o Loading simulator default settings.
\o *Info*    Client has finished starting ... 
\o 
\o Loading vdsil.cxt 
\p hitkit: ams_4.10  Tech: c35b4c3  User: saul 
\w *WARNING* could not load font "-*-courier-medium-r-*-*-12-*", using font "fixed"
\# Loading perfDiag...
\# (PerfDiag): Set GDB path to environment variable 'gdbPath' (gdb).
\# Performance Diagnostic tool is installed. You can access PerfDiag from CIW Tools or use the shell command 'cdsPerfDiag -p 1020044' to open it when Virtuoso freezes.
\# (PerfDiag): Use backtrace from GLIBC.
\w *WARNING* _perfPstackCheck: Cannot find pstack/gstack. Please setup PATH environment variable to pstack/gstack executable.
\o Loading vqp.cxt 
\o Loading hdlPkg.cxt 
\o 
\o 
\o *Info*    Configuring the session ...
\o 
\o Loading simui.cxt 
\o 	Library      = FECG
\o 	Cell         = buffer_tb_pss
\o 	View         = schematic
\o 	Simulator    = spectre
\o 	State Path   = $AXL_SETUPDB_DIR/test_states
\o 	State Name   = VIN_spectre_state1_Interactive.15
\o 	Results DB   = /home/saul/projects/IL2244_VT26_SAUL/FECG/buffer_tb_pss/adexl/results/data/Interactive.15.rdb
\o 	Results Dir  = /home/saul/projects/IL2244_VT26_SAUL/Sim/FECG/buffer_tb_pss/adexl/results/data/Interactive.15/1/VIN
\o 	Results Loc  = /home/saul/projects/IL2244_VT26_SAUL/Sim/FECG/buffer_tb_pss/adexl/results/data
\o 	Project Dir  = /home/saul/projects/IL2244_VT26_SAUL/Sim
\o 	Setup DB loc = /home/saul/projects/IL2244_VT26_SAUL/FECG/buffer_tb_pss/adexl
\o 	File Encoding = 0
\o 
\o 
\o Loading viva.cxt 
\o Loading spectrei.cxt 
\# Memory report: using         345 MB, process size 2,041 MB at UTC 2026.04.01 06:10:16.106
\o Loading devCheck.cxt 
\o Loading relXpert.cxt 
\# Available memory:         50,633 MB at UTC 2026.04.01 06:10:17.107
\# Memory report: Maximum memory size now 50,990 MB at UTC 2026.04.01 06:10:17.107
\# Thread usage report: 22 active threads, active load 1.40 at UTC 2026.04.01 06:10:17.107
\o Loading hspiceD.cxt 
\o Loading spectreinl.cxt 
\o Loading msgHandler.cxt 
\o Loading UltraSim.cxt 
\o Loading AMSOSS.cxt 
\o Loading AMS.cxt 
\o 
\o *Info*    The auto suspension is disabled.
\o 
\o Loading monte.cxt 
\o 
\o 
\o 
\o 
\o 
\o *Info*    Run start for Point ID (3 4) on testbench [ VIN ].
\o 
\o Resetting statistical vars
\o 
\o *Info*    Setting parameter values ...
\o 
\o Setting var VCM = "1.6"
\o Setting var VDD = "3.3"
\o Setting var VDD_PULSE = "0"
\o Setting var VDD_RT = "1u"
\o Setting var VIN_AMP = "1"
\o Setting var VIN_FREQ = "50"
\o Setting var VIN_PULSE = "0"
\o Setting var temperature = "-40"
\o Setting temp(T) = -40
\o 
\o *Info*    Netlist Directory =
\o           /home/saul/projects/IL2244_VT26_SAUL/Sim/FECG/buffer_tb_pss/adexl/results/data/Interactive.15/4/VIN/netlist
\o 
\o 
\o *Info*    Data Directory    =
\o           /home/saul/projects/IL2244_VT26_SAUL/Sim/FECG/buffer_tb_pss/adexl/results/data/Interactive.15/4/VIN
\o 
\o 
\o *Info*    Creating Netlist for Point ID (3 4)
\o 
\o generate netlist...
\o Loading hnlInit.cxt 
\o Loading seCore.cxt 
\o function ansCdlCompPrim redefined
\o function ansCdlCompPrim redefined
\# [06:10:19.512128] Periodic Lic check successful
\# [06:10:19.512129] Feature usage summary:
\o Begin Incremental Netlisting Apr  1 06:10:19 2026
\o End netlisting Apr  1 06:10:19 2026
\o 
\o 	The netlist is up to date.
\o 	Time taken to compare the design with netlist:   0.0s
\o       ...successful.
\o compose simulator input file...
\o       ...successful.
\o 
\o *Info*    Running simulation on testbench [ VIN ] for Point ID (3 4).
\o 
\o Delete psf data in /home/saul/projects/IL2244_VT26_SAUL/Sim/FECG/buffer_tb_pss/adexl/results/data/Interactive.15/4/VIN/psf.
\o compose simulator input file...
\o       ...successful.
\o start simulator if needed...
\o       ...successful.
\o simulate...
\o To view the simulator output, right-click on the test name, result 
\o name, or any value in the "Results" tab of the Outputs section and 
\o choose "Output Log" menu option.
\o WARNING (ADE-3080): Fast viewing extensions for PSF XL format (also known as RTSF) will be discontinued  
\o        and Virtuoso Visualization and Analysis XL will not use RTSF data to plot waveforms from IC6.1.8 ISR7 onward. 
\o        There will be no performance impact on data visualization due to this change.
\o Loading paraplot.cxt 
\o INFO (ADE-3071): Simulation completed successfully.
\o reading simulation data...
\o       ...successful.
\o *Info*    Client has finished evaluating ... 
\o 
\o WARNING (OCN-6038): Results noise are not available for /home/saul/projects/IL2244_VT26_SAUL/Sim/FECG/buffer_tb_pss/adexl/results/data/Interactive.15/4/VIN. Use results() for a list of available results.
\o WARNING (OCN-6038): Results noise are not available for /home/saul/projects/IL2244_VT26_SAUL/Sim/FECG/buffer_tb_pss/adexl/results/data/Interactive.15/4/VIN. Use results() for a list of available results.
\e *Error* ("expt" 0 t nil ("*Error* expt: can't handle (nil**2)"))
\e 
\e 
\o ERROR (ADE-2708): Evaluation of output 'integrated noise V' failed for point:'4' test:'VIN'
\o 	Expression:'sqrt(totalNoise("noise" 0.01 100000000 nil))'
\o 	because of the following error(s)
\o 	*Error* expt: can't handle (nil**2).
\o Ensure that the definition of output is correct.
\o 
\o 
\o *Info*    Run complete for Point ID (3 4) on testbench [ VIN ].
\o 
\o 
\o 
\o 
\o 
\o 
\o 
\o 
\o 
\o 
\o *Info*    Run start for Point ID (3 11) on testbench [ VIN ].
\o 
\o Resetting statistical vars
\o 
\o *Info*    Setting parameter values ...
\o 
\o Setting var temperature = "85"
\o Setting temp(T) = 85
\# Memory report: using         463 MB, process size 2,273 MB at UTC 2026.04.01 06:10:23.025
\o 
\o *Info*    Netlist Directory =
\o           /home/saul/projects/IL2244_VT26_SAUL/Sim/FECG/buffer_tb_pss/adexl/results/data/Interactive.15/11/VIN/netlist
\o 
\o 
\o *Info*    Data Directory    =
\o           /home/saul/projects/IL2244_VT26_SAUL/Sim/FECG/buffer_tb_pss/adexl/results/data/Interactive.15/11/VIN
\o 
\o 
\o *Info*    Creating Netlist for Point ID (3 11)
\o 
\o generate netlist...
\o function ansCdlCompPrim redefined
\o function ansCdlCompPrim redefined
\o Begin Incremental Netlisting Apr  1 06:10:23 2026
\o End netlisting Apr  1 06:10:23 2026
\o 
\o 	The netlist is up to date.
\o 	Time taken to compare the design with netlist:   0.0s
\o       ...successful.
\o compose simulator input file...
\o       ...successful.
\o 
\o *Info*    Running simulation on testbench [ VIN ] for Point ID (3 11).
\o 
\o Delete psf data in /home/saul/projects/IL2244_VT26_SAUL/Sim/FECG/buffer_tb_pss/adexl/results/data/Interactive.15/11/VIN/psf.
\o compose simulator input file...
\o       ...successful.
\o start simulator if needed...
\o       ...successful.
\o simulate...
\o To view the simulator output, right-click on the test name, result 
\o name, or any value in the "Results" tab of the Outputs section and 
\o choose "Output Log" menu option.
\o WARNING (ADE-3080): Fast viewing extensions for PSF XL format (also known as RTSF) will be discontinued  
\o        and Virtuoso Visualization and Analysis XL will not use RTSF data to plot waveforms from IC6.1.8 ISR7 onward. 
\o        There will be no performance impact on data visualization due to this change.
\o INFO (ADE-3071): Simulation completed successfully.
\o reading simulation data...
\o       ...successful.
\o *Info*    Client has finished evaluating ... 
\o 
\o WARNING (OCN-6038): Results noise are not available for /home/saul/projects/IL2244_VT26_SAUL/Sim/FECG/buffer_tb_pss/adexl/results/data/Interactive.15/11/VIN. Use results() for a list of available results.
\o WARNING (OCN-6038): Results noise are not available for /home/saul/projects/IL2244_VT26_SAUL/Sim/FECG/buffer_tb_pss/adexl/results/data/Interactive.15/11/VIN. Use results() for a list of available results.
\e *Error* ("expt" 0 t nil ("*Error* expt: can't handle (nil**2)"))
\e 
\e 
\o ERROR (ADE-2708): Evaluation of output 'integrated noise V' failed for point:'11' test:'VIN'
\o 	Expression:'sqrt(totalNoise("noise" 0.01 100000000 nil))'
\o 	because of the following error(s)
\o 	*Error* expt: can't handle (nil**2).
\o Ensure that the definition of output is correct.
\o 
\o 
\o *Info*    Run complete for Point ID (3 11) on testbench [ VIN ].
\o 
\o 
\o 
\o 
\o 
\o 
\o 
\o 
\o 
\o 
\o *Info*    Run start for Point ID (3 19) on testbench [ VIN ].
\o 
\o Resetting statistical vars
\o 
\o *Info*    Setting parameter values ...
\o 
\o 
\o *Info*    Netlist Directory =
\o           /home/saul/projects/IL2244_VT26_SAUL/Sim/FECG/buffer_tb_pss/adexl/results/data/Interactive.15/19/VIN/netlist
\o 
\o 
\o *Info*    Data Directory    =
\o           /home/saul/projects/IL2244_VT26_SAUL/Sim/FECG/buffer_tb_pss/adexl/results/data/Interactive.15/19/VIN
\o 
\o 
\o *Info*    Creating Netlist for Point ID (3 19)
\o 
\o generate netlist...
\o function ansCdlCompPrim redefined
\o function ansCdlCompPrim redefined
\o Begin Incremental Netlisting Apr  1 06:10:25 2026
\o End netlisting Apr  1 06:10:25 2026
\o 
\o 	The netlist is up to date.
\o 	Time taken to compare the design with netlist:   0.0s
\o       ...successful.
\o compose simulator input file...
\o       ...successful.
\o 
\o *Info*    Running simulation on testbench [ VIN ] for Point ID (3 19).
\o 
\o Delete psf data in /home/saul/projects/IL2244_VT26_SAUL/Sim/FECG/buffer_tb_pss/adexl/results/data/Interactive.15/19/VIN/psf.
\o compose simulator input file...
\o       ...successful.
\o start simulator if needed...
\o       ...successful.
\o simulate...
\o To view the simulator output, right-click on the test name, result 
\o name, or any value in the "Results" tab of the Outputs section and 
\o choose "Output Log" menu option.
\o WARNING (ADE-3080): Fast viewing extensions for PSF XL format (also known as RTSF) will be discontinued  
\o        and Virtuoso Visualization and Analysis XL will not use RTSF data to plot waveforms from IC6.1.8 ISR7 onward. 
\o        There will be no performance impact on data visualization due to this change.
\o INFO (ADE-3071): Simulation completed successfully.
\o reading simulation data...
\o       ...successful.
\o *Info*    Client has finished evaluating ... 
\o 
\o WARNING (OCN-6038): Results noise are not available for /home/saul/projects/IL2244_VT26_SAUL/Sim/FECG/buffer_tb_pss/adexl/results/data/Interactive.15/19/VIN. Use results() for a list of available results.
\o WARNING (OCN-6038): Results noise are not available for /home/saul/projects/IL2244_VT26_SAUL/Sim/FECG/buffer_tb_pss/adexl/results/data/Interactive.15/19/VIN. Use results() for a list of available results.
\e *Error* ("expt" 0 t nil ("*Error* expt: can't handle (nil**2)"))
\e 
\e 
\o ERROR (ADE-2708): Evaluation of output 'integrated noise V' failed for point:'19' test:'VIN'
\o 	Expression:'sqrt(totalNoise("noise" 0.01 100000000 nil))'
\o 	because of the following error(s)
\o 	*Error* expt: can't handle (nil**2).
\o Ensure that the definition of output is correct.
\o 
\o 
\o *Info*    Run complete for Point ID (3 19) on testbench [ VIN ].
\o 
\o 
\o 
\o 
\o 
\o 
\o 
\o 
\o 
\o 
\o *Info*    Run start for Point ID (3 27) on testbench [ VIN ].
\o 
\o Resetting statistical vars
\o 
\o *Info*    Setting parameter values ...
\o 
\o 
\o *Info*    Netlist Directory =
\o           /home/saul/projects/IL2244_VT26_SAUL/Sim/FECG/buffer_tb_pss/adexl/results/data/Interactive.15/27/VIN/netlist
\o 
\o 
\o *Info*    Data Directory    =
\o           /home/saul/projects/IL2244_VT26_SAUL/Sim/FECG/buffer_tb_pss/adexl/results/data/Interactive.15/27/VIN
\o 
\o 
\o *Info*    Creating Netlist for Point ID (3 27)
\o 
\o generate netlist...
\o function ansCdlCompPrim redefined
\o function ansCdlCompPrim redefined
\o Begin Incremental Netlisting Apr  1 06:10:27 2026
\o End netlisting Apr  1 06:10:27 2026
\o 
\o 	The netlist is up to date.
\o 	Time taken to compare the design with netlist:   0.0s
\o       ...successful.
\o compose simulator input file...
\o       ...successful.
\o 
\o *Info*    Running simulation on testbench [ VIN ] for Point ID (3 27).
\o 
\o Delete psf data in /home/saul/projects/IL2244_VT26_SAUL/Sim/FECG/buffer_tb_pss/adexl/results/data/Interactive.15/27/VIN/psf.
\o compose simulator input file...
\o       ...successful.
\o start simulator if needed...
\o       ...successful.
\o simulate...
\o To view the simulator output, right-click on the test name, result 
\o name, or any value in the "Results" tab of the Outputs section and 
\o choose "Output Log" menu option.
\o WARNING (ADE-3080): Fast viewing extensions for PSF XL format (also known as RTSF) will be discontinued  
\o        and Virtuoso Visualization and Analysis XL will not use RTSF data to plot waveforms from IC6.1.8 ISR7 onward. 
\o        There will be no performance impact on data visualization due to this change.
\o INFO (ADE-3071): Simulation completed successfully.
\o reading simulation data...
\o       ...successful.
\o *Info*    Client has finished evaluating ... 
\o 
\o WARNING (OCN-6038): Results noise are not available for /home/saul/projects/IL2244_VT26_SAUL/Sim/FECG/buffer_tb_pss/adexl/results/data/Interactive.15/27/VIN. Use results() for a list of available results.
\o WARNING (OCN-6038): Results noise are not available for /home/saul/projects/IL2244_VT26_SAUL/Sim/FECG/buffer_tb_pss/adexl/results/data/Interactive.15/27/VIN. Use results() for a list of available results.
\e *Error* ("expt" 0 t nil ("*Error* expt: can't handle (nil**2)"))
\e 
\e 
\o ERROR (ADE-2708): Evaluation of output 'integrated noise V' failed for point:'27' test:'VIN'
\o 	Expression:'sqrt(totalNoise("noise" 0.01 100000000 nil))'
\o 	because of the following error(s)
\o 	*Error* expt: can't handle (nil**2).
\o Ensure that the definition of output is correct.
\o 
\o 
\o *Info*    Run complete for Point ID (3 27) on testbench [ VIN ].
\o 
\o 
\o 
\o 
\o 
\o Simulation design variables differ from those on the cellView,
\o they have been saved in the file "/tmp/saved-design-variables".
\o To save future changes, copy variables to cellView before exiting.
\o 
\o 
\o *Info*    Configuring the session ...
\o 
\o 	Library      = FECG
\o 	Cell         = buffer_tb_pss
\o 	View         = schematic
\o 	Simulator    = spectre
\o 	State Path   = $AXL_SETUPDB_DIR/test_states
\o 	State Name   = VIN_spectre_state1_Interactive.16
\o 	Results DB   = /home/saul/projects/IL2244_VT26_SAUL/FECG/buffer_tb_pss/adexl/results/data/Interactive.16.rdb
\o 	Results Dir  = /home/saul/projects/IL2244_VT26_SAUL/Sim/FECG/buffer_tb_pss/adexl/results/data/Interactive.16/1/VIN
\o 	Results Loc  = /home/saul/projects/IL2244_VT26_SAUL/Sim/FECG/buffer_tb_pss/adexl/results/data
\o 	Project Dir  = /home/saul/projects/IL2244_VT26_SAUL/Sim
\o 	Setup DB loc = /home/saul/projects/IL2244_VT26_SAUL/FECG/buffer_tb_pss/adexl
\o 	File Encoding = 0
\o 
\o 
\o 
\o *Info*    The auto suspension is disabled.
\o 
\o 
\o 
\o 
\o 
\o 
\o *Info*    Run start for Point ID (4 7) on testbench [ VIN ].
\o 
\o Resetting statistical vars
\o 
\o *Info*    Setting parameter values ...
\o 
\o Setting var VCM = "1.6"
\o Setting var VDD = "2.97"
\o Setting var VDD_PULSE = "0"
\o Setting var VDD_RT = "1u"
\o Setting var VIN_AMP = "1"
\o Setting var VIN_FREQ = "50"
\o Setting var VIN_PULSE = "0"
\o Setting var temperature = "85"
\o Setting temp(T) = 85
\# Memory report: Maximum memory size now 49,940 MB at UTC 2026.04.01 06:10:57.320
\o 
\o *Info*    Netlist Directory =
\o           /home/saul/projects/IL2244_VT26_SAUL/Sim/FECG/buffer_tb_pss/adexl/results/data/Interactive.16/7/VIN/netlist
\o 
\o 
\o *Info*    Data Directory    =
\o           /home/saul/projects/IL2244_VT26_SAUL/Sim/FECG/buffer_tb_pss/adexl/results/data/Interactive.16/7/VIN
\o 
\o 
\o *Info*    Creating Netlist for Point ID (4 7)
\o 
\o generate netlist...
\o function ansCdlCompPrim redefined
\o function ansCdlCompPrim redefined
\o Begin Incremental Netlisting Apr  1 06:10:57 2026
\o End netlisting Apr  1 06:10:57 2026
\o 
\o 	The netlist is up to date.
\o 	Time taken to compare the design with netlist:   0.0s
\o       ...successful.
\o compose simulator input file...
\o       ...successful.
\o 
\o *Info*    Running simulation on testbench [ VIN ] for Point ID (4 7).
\o 
\o Delete psf data in /home/saul/projects/IL2244_VT26_SAUL/Sim/FECG/buffer_tb_pss/adexl/results/data/Interactive.16/7/VIN/psf.
\o compose simulator input file...
\o       ...successful.
\o start simulator if needed...
\o       ...successful.
\o simulate...
\o To view the simulator output, right-click on the test name, result 
\o name, or any value in the "Results" tab of the Outputs section and 
\o choose "Output Log" menu option.
\o WARNING (ADE-3080): Fast viewing extensions for PSF XL format (also known as RTSF) will be discontinued  
\o        and Virtuoso Visualization and Analysis XL will not use RTSF data to plot waveforms from IC6.1.8 ISR7 onward. 
\o        There will be no performance impact on data visualization due to this change.
\o INFO (ADE-3071): Simulation completed successfully.
\o reading simulation data...
\o       ...successful.
\o *Info*    Client has finished evaluating ... 
\o 
\o WARNING (OCN-6038): Results noise are not available for /home/saul/projects/IL2244_VT26_SAUL/Sim/FECG/buffer_tb_pss/adexl/results/data/Interactive.16/7/VIN. Use results() for a list of available results.
\o WARNING (OCN-6038): Results noise are not available for /home/saul/projects/IL2244_VT26_SAUL/Sim/FECG/buffer_tb_pss/adexl/results/data/Interactive.16/7/VIN. Use results() for a list of available results.
\e *Error* ("expt" 0 t nil ("*Error* expt: can't handle (nil**2)"))
\e 
\e 
\o ERROR (ADE-2708): Evaluation of output 'integrated noise V' failed for point:'7' test:'VIN'
\o 	Expression:'sqrt(totalNoise("noise" 0.01 100000000 nil))'
\o 	because of the following error(s)
\o 	*Error* expt: can't handle (nil**2).
\o Ensure that the definition of output is correct.
\o 
\o 
\o *Info*    Run complete for Point ID (4 7) on testbench [ VIN ].
\o 
\o 
\o 
\o 
\o 
\o 
\o 
\o 
\o 
\o 
\o *Info*    Run start for Point ID (4 44) on testbench [ VIN ].
\o 
\o Resetting statistical vars
\o 
\o *Info*    Setting parameter values ...
\o 
\o Setting var VDD = "3.63"
\o Setting var temperature = "-40"
\o Setting temp(T) = -40
\o 
\o *Info*    Netlist Directory =
\o           /home/saul/projects/IL2244_VT26_SAUL/Sim/FECG/buffer_tb_pss/adexl/results/data/Interactive.16/44/VIN/netlist
\o 
\o 
\o *Info*    Data Directory    =
\o           /home/saul/projects/IL2244_VT26_SAUL/Sim/FECG/buffer_tb_pss/adexl/results/data/Interactive.16/44/VIN
\o 
\o 
\o *Info*    Creating Netlist for Point ID (4 44)
\o 
\o generate netlist...
\o function ansCdlCompPrim redefined
\o function ansCdlCompPrim redefined
\o Begin Incremental Netlisting Apr  1 06:10:59 2026
\o End netlisting Apr  1 06:10:59 2026
\o 
\o 	The netlist is up to date.
\o 	Time taken to compare the design with netlist:   0.0s
\o       ...successful.
\o compose simulator input file...
\o       ...successful.
\o 
\o *Info*    Running simulation on testbench [ VIN ] for Point ID (4 44).
\o 
\o Delete psf data in /home/saul/projects/IL2244_VT26_SAUL/Sim/FECG/buffer_tb_pss/adexl/results/data/Interactive.16/44/VIN/psf.
\o compose simulator input file...
\o       ...successful.
\o start simulator if needed...
\o       ...successful.
\o simulate...
\o To view the simulator output, right-click on the test name, result 
\o name, or any value in the "Results" tab of the Outputs section and 
\o choose "Output Log" menu option.
\o WARNING (ADE-3080): Fast viewing extensions for PSF XL format (also known as RTSF) will be discontinued  
\o        and Virtuoso Visualization and Analysis XL will not use RTSF data to plot waveforms from IC6.1.8 ISR7 onward. 
\o        There will be no performance impact on data visualization due to this change.
\o INFO (ADE-3071): Simulation completed successfully.
\o reading simulation data...
\o       ...successful.
\o *Info*    Client has finished evaluating ... 
\o 
\o WARNING (OCN-6038): Results noise are not available for /home/saul/projects/IL2244_VT26_SAUL/Sim/FECG/buffer_tb_pss/adexl/results/data/Interactive.16/44/VIN. Use results() for a list of available results.
\o WARNING (OCN-6038): Results noise are not available for /home/saul/projects/IL2244_VT26_SAUL/Sim/FECG/buffer_tb_pss/adexl/results/data/Interactive.16/44/VIN. Use results() for a list of available results.
\e *Error* ("expt" 0 t nil ("*Error* expt: can't handle (nil**2)"))
\e 
\e 
\o ERROR (ADE-2708): Evaluation of output 'integrated noise V' failed for point:'44' test:'VIN'
\o 	Expression:'sqrt(totalNoise("noise" 0.01 100000000 nil))'
\o 	because of the following error(s)
\o 	*Error* expt: can't handle (nil**2).
\o Ensure that the definition of output is correct.
\o 
\o 
\o *Info*    Run complete for Point ID (4 44) on testbench [ VIN ].
\o 
\o 
\o 
\o 
\o 
\o 
\o 
\o 
\o 
\o 
\o *Info*    Run start for Point ID (4 52) on testbench [ VIN ].
\o 
\o Resetting statistical vars
\o 
\o *Info*    Setting parameter values ...
\o 
\o 
\o *Info*    Netlist Directory =
\o           /home/saul/projects/IL2244_VT26_SAUL/Sim/FECG/buffer_tb_pss/adexl/results/data/Interactive.16/52/VIN/netlist
\o 
\o 
\o *Info*    Data Directory    =
\o           /home/saul/projects/IL2244_VT26_SAUL/Sim/FECG/buffer_tb_pss/adexl/results/data/Interactive.16/52/VIN
\o 
\o 
\o *Info*    Creating Netlist for Point ID (4 52)
\o 
\o generate netlist...
\o function ansCdlCompPrim redefined
\o function ansCdlCompPrim redefined
\o Begin Incremental Netlisting Apr  1 06:11:02 2026
\o End netlisting Apr  1 06:11:02 2026
\o 
\o 	The netlist is up to date.
\o 	Time taken to compare the design with netlist:   0.0s
\o       ...successful.
\o compose simulator input file...
\o       ...successful.
\o 
\o *Info*    Running simulation on testbench [ VIN ] for Point ID (4 52).
\o 
\o Delete psf data in /home/saul/projects/IL2244_VT26_SAUL/Sim/FECG/buffer_tb_pss/adexl/results/data/Interactive.16/52/VIN/psf.
\o compose simulator input file...
\o       ...successful.
\o start simulator if needed...
\o       ...successful.
\o simulate...
\o To view the simulator output, right-click on the test name, result 
\o name, or any value in the "Results" tab of the Outputs section and 
\o choose "Output Log" menu option.
\o WARNING (ADE-3080): Fast viewing extensions for PSF XL format (also known as RTSF) will be discontinued  
\o        and Virtuoso Visualization and Analysis XL will not use RTSF data to plot waveforms from IC6.1.8 ISR7 onward. 
\o        There will be no performance impact on data visualization due to this change.
\o INFO (ADE-3071): Simulation completed successfully.
\o reading simulation data...
\o       ...successful.
\o *Info*    Client has finished evaluating ... 
\o 
\o WARNING (OCN-6038): Results noise are not available for /home/saul/projects/IL2244_VT26_SAUL/Sim/FECG/buffer_tb_pss/adexl/results/data/Interactive.16/52/VIN. Use results() for a list of available results.
\o WARNING (OCN-6038): Results noise are not available for /home/saul/projects/IL2244_VT26_SAUL/Sim/FECG/buffer_tb_pss/adexl/results/data/Interactive.16/52/VIN. Use results() for a list of available results.
\e *Error* ("expt" 0 t nil ("*Error* expt: can't handle (nil**2)"))
\e 
\e 
\o ERROR (ADE-2708): Evaluation of output 'integrated noise V' failed for point:'52' test:'VIN'
\o 	Expression:'sqrt(totalNoise("noise" 0.01 100000000 nil))'
\o 	because of the following error(s)
\o 	*Error* expt: can't handle (nil**2).
\o Ensure that the definition of output is correct.
\o 
\o 
\o *Info*    Run complete for Point ID (4 52) on testbench [ VIN ].
\o 
\o 
\o 
\o 
\o 
\o 
\o 
\o 
\o 
\o 
\o *Info*    Run start for Point ID (4 60) on testbench [ VIN ].
\o 
\o Resetting statistical vars
\o 
\o *Info*    Setting parameter values ...
\o 
\o 
\o *Info*    Netlist Directory =
\o           /home/saul/projects/IL2244_VT26_SAUL/Sim/FECG/buffer_tb_pss/adexl/results/data/Interactive.16/60/VIN/netlist
\o 
\o 
\o *Info*    Data Directory    =
\o           /home/saul/projects/IL2244_VT26_SAUL/Sim/FECG/buffer_tb_pss/adexl/results/data/Interactive.16/60/VIN
\o 
\o 
\o *Info*    Creating Netlist for Point ID (4 60)
\o 
\o generate netlist...
\o function ansCdlCompPrim redefined
\o function ansCdlCompPrim redefined
\o Begin Incremental Netlisting Apr  1 06:11:04 2026
\o End netlisting Apr  1 06:11:04 2026
\o 
\o 	The netlist is up to date.
\o 	Time taken to compare the design with netlist:   0.0s
\o       ...successful.
\o compose simulator input file...
\o       ...successful.
\o 
\o *Info*    Running simulation on testbench [ VIN ] for Point ID (4 60).
\o 
\o Delete psf data in /home/saul/projects/IL2244_VT26_SAUL/Sim/FECG/buffer_tb_pss/adexl/results/data/Interactive.16/60/VIN/psf.
\o compose simulator input file...
\o       ...successful.
\o start simulator if needed...
\o       ...successful.
\o simulate...
\o To view the simulator output, right-click on the test name, result 
\o name, or any value in the "Results" tab of the Outputs section and 
\o choose "Output Log" menu option.
\o WARNING (ADE-3080): Fast viewing extensions for PSF XL format (also known as RTSF) will be discontinued  
\o        and Virtuoso Visualization and Analysis XL will not use RTSF data to plot waveforms from IC6.1.8 ISR7 onward. 
\o        There will be no performance impact on data visualization due to this change.
\o INFO (ADE-3071): Simulation completed successfully.
\o reading simulation data...
\o       ...successful.
\o *Info*    Client has finished evaluating ... 
\o 
\o WARNING (OCN-6038): Results noise are not available for /home/saul/projects/IL2244_VT26_SAUL/Sim/FECG/buffer_tb_pss/adexl/results/data/Interactive.16/60/VIN. Use results() for a list of available results.
\o WARNING (OCN-6038): Results noise are not available for /home/saul/projects/IL2244_VT26_SAUL/Sim/FECG/buffer_tb_pss/adexl/results/data/Interactive.16/60/VIN. Use results() for a list of available results.
\e *Error* ("expt" 0 t nil ("*Error* expt: can't handle (nil**2)"))
\e 
\e 
\o ERROR (ADE-2708): Evaluation of output 'integrated noise V' failed for point:'60' test:'VIN'
\o 	Expression:'sqrt(totalNoise("noise" 0.01 100000000 nil))'
\o 	because of the following error(s)
\o 	*Error* expt: can't handle (nil**2).
\o Ensure that the definition of output is correct.
\o 
\o 
\o *Info*    Run complete for Point ID (4 60) on testbench [ VIN ].
\o 
\o 
\o 
\o 
\o 
\o Simulation design variables differ from those on the cellView,
\o they have been saved in the file "/tmp/saved-design-variables".
\o To save future changes, copy variables to cellView before exiting.
\o 
\o 
\o *Info*    Configuring the session ...
\o 
\o 	Library      = FECG
\o 	Cell         = buffer_tb_pss
\o 	View         = schematic
\o 	Simulator    = spectre
\o 	State Path   = $AXL_SETUPDB_DIR/test_states
\o 	State Name   = VIN_MC_VIN:1_state_MonteCarlo.2
\o 	Results DB   = /home/saul/projects/IL2244_VT26_SAUL/FECG/buffer_tb_pss/adexl/results/data/MonteCarlo.2.rdb
\o 	Results Dir  = /home/saul/projects/IL2244_VT26_SAUL/Sim/FECG/buffer_tb_pss/adexl/results/data/MonteCarlo.2/1/VIN_MC
\o 	Results Loc  = /home/saul/projects/IL2244_VT26_SAUL/Sim/FECG/buffer_tb_pss/adexl/results/data
\o 	Project Dir  = /home/saul/projects/IL2244_VT26_SAUL/Sim
\o 	Setup DB loc = /home/saul/projects/IL2244_VT26_SAUL/FECG/buffer_tb_pss/adexl
\o 	File Encoding = 0
\o 
\o 
\o 
\o *Info*    The auto suspension is disabled.
\o 
\o 
\o 
\o 
\o 
\o 
\o *Info*    Run start for Point ID (5 14) on testbench [ VIN_MC ].
\o 
\o Resetting statistical vars
\o 
\o *Info*    Setting parameter values ...
\o 
\o Setting var VCM = "1.6"
\o Setting var VDD = "3.3"
\o Setting var VDD_PULSE = "0"
\o Setting var VDD_RT = "1u"
\o Setting var VIN_AMP = "1"
\o Setting var VIN_FREQ = "50"
\o Setting var VIN_PULSE = "0"
\o Setting var temperature = "27"
\o Setting temp(T) = 27
\o 
\o *Info*    Netlist Directory =
\o           /home/saul/projects/IL2244_VT26_SAUL/Sim/FECG/buffer_tb_pss/adexl/results/data/MonteCarlo.2/14/VIN_MC/groupRunDataDir/netlist
\o 
\o 
\o *Info*    Data Directory    =
\o           /home/saul/projects/IL2244_VT26_SAUL/Sim/FECG/buffer_tb_pss/adexl/results/data/MonteCarlo.2/14/VIN_MC/groupRunDataDir
\o 
\o 
\o *Info*    Creating Netlist for Point ID (5 14)
\o 
\o generate netlist...
\o function ansCdlCompPrim redefined
\o function ansCdlCompPrim redefined
\o Initializing the control file using cp:
\o     cp /opt/tools/cadence/installs/IC618/tools.lnx86/dfII/etc/si/control.spectre /home/saul/projects/IL2244_VT26_SAUL/Sim/FECG/buffer_tb_pss/adexl/results/data/MonteCarlo.2/14/VIN_MC/groupRunDataDir/netlist/control
\o Copying Spectre source file 'spectre.inp'
\o Copying Spectre command file 'spectre.sim'
\o Begin Incremental Netlisting Apr  1 06:14:33 2026
\o Loading json.cxt 
\o End netlisting Apr  1 06:14:33 2026
\o 
\o Netlisting Statistics:
\o 	Number of components:   36
\o 
\o 	Elapsed time:          1.0s (36.00/s)
\o Errors: 0	Warnings: 0
\o       ...successful.
\o compose simulator input file...
\o       ...successful.
\o 
\o *Info*    Running simulation on testbench [ VIN_MC ] for Point ID (5
\o           14).
\o 
\o *Info*    Spectre controlMode is set "batch" due to monte carlo run.
\o 
\o Delete psf data in /home/saul/projects/IL2244_VT26_SAUL/Sim/FECG/buffer_tb_pss/adexl/results/data/MonteCarlo.2/14/VIN_MC/groupRunDataDir/psf.
\o generate netlist...
\o function ansCdlCompPrim redefined
\o function ansCdlCompPrim redefined
\o Begin Incremental Netlisting Apr  1 06:14:34 2026
\o End netlisting Apr  1 06:14:34 2026
\o 
\o 	The netlist is up to date.
\o 	Time taken to compare the design with netlist:   0.0s
\o       ...successful.
\o compose simulator input file...
\o       ...successful.
\o start simulator if needed...
\o       ...successful.
\o simulate...
\o To view the simulator output, right-click on the test name, result 
\o name, or any value in the "Results" tab of the Outputs section and 
\o choose "Output Log" menu option.
\o WARNING (ADE-3080): Fast viewing extensions for PSF XL format (also known as RTSF) will be discontinued  
\o        and Virtuoso Visualization and Analysis XL will not use RTSF data to plot waveforms from IC6.1.8 ISR7 onward. 
\o        There will be no performance impact on data visualization due to this change.
\o WARNING (OCN-6038): Results noise are not available for /home/saul/projects/IL2244_VT26_SAUL/Sim/FECG/buffer_tb_pss/adexl/results/data/MonteCarlo.2/14/VIN_MC/groupRunDataDir/psf/mc1_separate/014/. Use results() for a list of available results.
\o WARNING (OCN-6038): Results noise are not available for /home/saul/projects/IL2244_VT26_SAUL/Sim/FECG/buffer_tb_pss/adexl/results/data/MonteCarlo.2/14/VIN_MC/groupRunDataDir/psf/mc1_separate/014/. Use results() for a list of available results.
\e *Error* ("expt" 0 t nil ("*Error* expt: can't handle (nil**2)"))
\e 
\e 
\o ERROR (ADE-2708): Evaluation of output 'integrated noise V' failed for point:'14' test:'VIN_MC'
\o 	Expression:'sqrt(totalNoise("noise" 0.01 100000000 nil))'
\o 	because of the following error(s)
\o 	*Error* expt: can't handle (nil**2).
\o Ensure that the definition of output is correct.
\o 
\o *Info*    Client has finished evaluating ... 
\o 
\o 
\o *Info*    Run complete for Point ID (5 14) on testbench [ VIN_MC ].
\o 
\o 
\o 
\o 
\o 
\o WARNING (OCN-6038): Results noise are not available for /home/saul/projects/IL2244_VT26_SAUL/Sim/FECG/buffer_tb_pss/adexl/results/data/MonteCarlo.2/14/VIN_MC/groupRunDataDir/psf/mc1_separate/015/. Use results() for a list of available results.
\o WARNING (OCN-6038): Results noise are not available for /home/saul/projects/IL2244_VT26_SAUL/Sim/FECG/buffer_tb_pss/adexl/results/data/MonteCarlo.2/14/VIN_MC/groupRunDataDir/psf/mc1_separate/015/. Use results() for a list of available results.
\e *Error* ("expt" 0 t nil ("*Error* expt: can't handle (nil**2)"))
\e 
\e 
\o ERROR (ADE-2708): Evaluation of output 'integrated noise V' failed for point:'15' test:'VIN_MC'
\o 	Expression:'sqrt(totalNoise("noise" 0.01 100000000 nil))'
\o 	because of the following error(s)
\o 	*Error* expt: can't handle (nil**2).
\o Ensure that the definition of output is correct.
\o 
\o *Info*    Client has finished evaluating ... 
\o 
\o 
\o *Info*    Run complete for Point ID (5 15) on testbench [ VIN_MC ].
\o 
\o 
\o 
\o 
\o 
\o WARNING (OCN-6038): Results noise are not available for /home/saul/projects/IL2244_VT26_SAUL/Sim/FECG/buffer_tb_pss/adexl/results/data/MonteCarlo.2/14/VIN_MC/groupRunDataDir/psf/mc1_separate/016/. Use results() for a list of available results.
\o WARNING (OCN-6038): Results noise are not available for /home/saul/projects/IL2244_VT26_SAUL/Sim/FECG/buffer_tb_pss/adexl/results/data/MonteCarlo.2/14/VIN_MC/groupRunDataDir/psf/mc1_separate/016/. Use results() for a list of available results.
\e *Error* ("expt" 0 t nil ("*Error* expt: can't handle (nil**2)"))
\e 
\e 
\o ERROR (ADE-2708): Evaluation of output 'integrated noise V' failed for point:'16' test:'VIN_MC'
\o 	Expression:'sqrt(totalNoise("noise" 0.01 100000000 nil))'
\o 	because of the following error(s)
\o 	*Error* expt: can't handle (nil**2).
\o Ensure that the definition of output is correct.
\o 
\o *Info*    Client has finished evaluating ... 
\o 
\o 
\o *Info*    Run complete for Point ID (5 16) on testbench [ VIN_MC ].
\o 
\o 
\o 
\o 
\o 
\o WARNING (OCN-6038): Results noise are not available for /home/saul/projects/IL2244_VT26_SAUL/Sim/FECG/buffer_tb_pss/adexl/results/data/MonteCarlo.2/14/VIN_MC/groupRunDataDir/psf/mc1_separate/017/. Use results() for a list of available results.
\o WARNING (OCN-6038): Results noise are not available for /home/saul/projects/IL2244_VT26_SAUL/Sim/FECG/buffer_tb_pss/adexl/results/data/MonteCarlo.2/14/VIN_MC/groupRunDataDir/psf/mc1_separate/017/. Use results() for a list of available results.
\e *Error* ("expt" 0 t nil ("*Error* expt: can't handle (nil**2)"))
\e 
\e 
\o ERROR (ADE-2708): Evaluation of output 'integrated noise V' failed for point:'17' test:'VIN_MC'
\o 	Expression:'sqrt(totalNoise("noise" 0.01 100000000 nil))'
\o 	because of the following error(s)
\o 	*Error* expt: can't handle (nil**2).
\o Ensure that the definition of output is correct.
\o 
\o *Info*    Client has finished evaluating ... 
\o 
\o 
\o *Info*    Run complete for Point ID (5 17) on testbench [ VIN_MC ].
\o 
\o 
\o 
\o 
\o 
\o WARNING (OCN-6038): Results noise are not available for /home/saul/projects/IL2244_VT26_SAUL/Sim/FECG/buffer_tb_pss/adexl/results/data/MonteCarlo.2/14/VIN_MC/groupRunDataDir/psf/mc1_separate/018/. Use results() for a list of available results.
\o WARNING (OCN-6038): Results noise are not available for /home/saul/projects/IL2244_VT26_SAUL/Sim/FECG/buffer_tb_pss/adexl/results/data/MonteCarlo.2/14/VIN_MC/groupRunDataDir/psf/mc1_separate/018/. Use results() for a list of available results.
\e *Error* ("expt" 0 t nil ("*Error* expt: can't handle (nil**2)"))
\e 
\e 
\o ERROR (ADE-2708): Evaluation of output 'integrated noise V' failed for point:'18' test:'VIN_MC'
\o 	Expression:'sqrt(totalNoise("noise" 0.01 100000000 nil))'
\o 	because of the following error(s)
\o 	*Error* expt: can't handle (nil**2).
\o Ensure that the definition of output is correct.
\o 
\o *Info*    Client has finished evaluating ... 
\o 
\o 
\o *Info*    Run complete for Point ID (5 18) on testbench [ VIN_MC ].
\o 
\o 
\o 
\o 
\o 
\o WARNING (OCN-6038): Results noise are not available for /home/saul/projects/IL2244_VT26_SAUL/Sim/FECG/buffer_tb_pss/adexl/results/data/MonteCarlo.2/14/VIN_MC/groupRunDataDir/psf/mc1_separate/019/. Use results() for a list of available results.
\o WARNING (OCN-6038): Results noise are not available for /home/saul/projects/IL2244_VT26_SAUL/Sim/FECG/buffer_tb_pss/adexl/results/data/MonteCarlo.2/14/VIN_MC/groupRunDataDir/psf/mc1_separate/019/. Use results() for a list of available results.
\e *Error* ("expt" 0 t nil ("*Error* expt: can't handle (nil**2)"))
\e 
\e 
\o ERROR (ADE-2708): Evaluation of output 'integrated noise V' failed for point:'19' test:'VIN_MC'
\o 	Expression:'sqrt(totalNoise("noise" 0.01 100000000 nil))'
\o 	because of the following error(s)
\o 	*Error* expt: can't handle (nil**2).
\o Ensure that the definition of output is correct.
\o 
\o *Info*    Client has finished evaluating ... 
\o 
\o 
\o *Info*    Run complete for Point ID (5 19) on testbench [ VIN_MC ].
\o 
\o 
\o 
\o 
\o 
\o WARNING (OCN-6038): Results noise are not available for /home/saul/projects/IL2244_VT26_SAUL/Sim/FECG/buffer_tb_pss/adexl/results/data/MonteCarlo.2/14/VIN_MC/groupRunDataDir/psf/mc1_separate/020/. Use results() for a list of available results.
\o WARNING (OCN-6038): Results noise are not available for /home/saul/projects/IL2244_VT26_SAUL/Sim/FECG/buffer_tb_pss/adexl/results/data/MonteCarlo.2/14/VIN_MC/groupRunDataDir/psf/mc1_separate/020/. Use results() for a list of available results.
\e *Error* ("expt" 0 t nil ("*Error* expt: can't handle (nil**2)"))
\e 
\e 
\o ERROR (ADE-2708): Evaluation of output 'integrated noise V' failed for point:'20' test:'VIN_MC'
\o 	Expression:'sqrt(totalNoise("noise" 0.01 100000000 nil))'
\o 	because of the following error(s)
\o 	*Error* expt: can't handle (nil**2).
\o Ensure that the definition of output is correct.
\o 
\o *Info*    Client has finished evaluating ... 
\o 
\o 
\o *Info*    Run complete for Point ID (5 20) on testbench [ VIN_MC ].
\o 
\o 
\o 
\o 
\o 
\o WARNING (OCN-6038): Results noise are not available for /home/saul/projects/IL2244_VT26_SAUL/Sim/FECG/buffer_tb_pss/adexl/results/data/MonteCarlo.2/14/VIN_MC/groupRunDataDir/psf/mc1_separate/021/. Use results() for a list of available results.
\o WARNING (OCN-6038): Results noise are not available for /home/saul/projects/IL2244_VT26_SAUL/Sim/FECG/buffer_tb_pss/adexl/results/data/MonteCarlo.2/14/VIN_MC/groupRunDataDir/psf/mc1_separate/021/. Use results() for a list of available results.
\e *Error* ("expt" 0 t nil ("*Error* expt: can't handle (nil**2)"))
\e 
\e 
\o ERROR (ADE-2708): Evaluation of output 'integrated noise V' failed for point:'21' test:'VIN_MC'
\o 	Expression:'sqrt(totalNoise("noise" 0.01 100000000 nil))'
\o 	because of the following error(s)
\o 	*Error* expt: can't handle (nil**2).
\o Ensure that the definition of output is correct.
\o 
\o *Info*    Client has finished evaluating ... 
\o 
\o 
\o *Info*    Run complete for Point ID (5 21) on testbench [ VIN_MC ].
\o 
\o 
\o 
\o 
\o 
\o WARNING (OCN-6038): Results noise are not available for /home/saul/projects/IL2244_VT26_SAUL/Sim/FECG/buffer_tb_pss/adexl/results/data/MonteCarlo.2/14/VIN_MC/groupRunDataDir/psf/mc1_separate/022/. Use results() for a list of available results.
\o WARNING (OCN-6038): Results noise are not available for /home/saul/projects/IL2244_VT26_SAUL/Sim/FECG/buffer_tb_pss/adexl/results/data/MonteCarlo.2/14/VIN_MC/groupRunDataDir/psf/mc1_separate/022/. Use results() for a list of available results.
\e *Error* ("expt" 0 t nil ("*Error* expt: can't handle (nil**2)"))
\e 
\e 
\o ERROR (ADE-2708): Evaluation of output 'integrated noise V' failed for point:'22' test:'VIN_MC'
\o 	Expression:'sqrt(totalNoise("noise" 0.01 100000000 nil))'
\o 	because of the following error(s)
\o 	*Error* expt: can't handle (nil**2).
\o Ensure that the definition of output is correct.
\o 
\o *Info*    Client has finished evaluating ... 
\o 
\o 
\o *Info*    Run complete for Point ID (5 22) on testbench [ VIN_MC ].
\o 
\o 
\o 
\o 
\o 
\o WARNING (OCN-6038): Results noise are not available for /home/saul/projects/IL2244_VT26_SAUL/Sim/FECG/buffer_tb_pss/adexl/results/data/MonteCarlo.2/14/VIN_MC/groupRunDataDir/psf/mc1_separate/023/. Use results() for a list of available results.
\o WARNING (OCN-6038): Results noise are not available for /home/saul/projects/IL2244_VT26_SAUL/Sim/FECG/buffer_tb_pss/adexl/results/data/MonteCarlo.2/14/VIN_MC/groupRunDataDir/psf/mc1_separate/023/. Use results() for a list of available results.
\e *Error* ("expt" 0 t nil ("*Error* expt: can't handle (nil**2)"))
\e 
\e 
\o ERROR (ADE-2708): Evaluation of output 'integrated noise V' failed for point:'23' test:'VIN_MC'
\o 	Expression:'sqrt(totalNoise("noise" 0.01 100000000 nil))'
\o 	because of the following error(s)
\o 	*Error* expt: can't handle (nil**2).
\o Ensure that the definition of output is correct.
\o 
\o *Info*    Client has finished evaluating ... 
\o 
\o 
\o *Info*    Run complete for Point ID (5 23) on testbench [ VIN_MC ].
\o 
\o 
\o 
\o 
\o 
\o WARNING (OCN-6038): Results noise are not available for /home/saul/projects/IL2244_VT26_SAUL/Sim/FECG/buffer_tb_pss/adexl/results/data/MonteCarlo.2/14/VIN_MC/groupRunDataDir/psf/mc1_separate/024/. Use results() for a list of available results.
\o WARNING (OCN-6038): Results noise are not available for /home/saul/projects/IL2244_VT26_SAUL/Sim/FECG/buffer_tb_pss/adexl/results/data/MonteCarlo.2/14/VIN_MC/groupRunDataDir/psf/mc1_separate/024/. Use results() for a list of available results.
\e *Error* ("expt" 0 t nil ("*Error* expt: can't handle (nil**2)"))
\e 
\e 
\o ERROR (ADE-2708): Evaluation of output 'integrated noise V' failed for point:'24' test:'VIN_MC'
\o 	Expression:'sqrt(totalNoise("noise" 0.01 100000000 nil))'
\o 	because of the following error(s)
\o 	*Error* expt: can't handle (nil**2).
\o Ensure that the definition of output is correct.
\o 
\o *Info*    Client has finished evaluating ... 
\o 
\o 
\o *Info*    Run complete for Point ID (5 24) on testbench [ VIN_MC ].
\o 
\o 
\o 
\o 
\o 
\o WARNING (OCN-6038): Results noise are not available for /home/saul/projects/IL2244_VT26_SAUL/Sim/FECG/buffer_tb_pss/adexl/results/data/MonteCarlo.2/14/VIN_MC/groupRunDataDir/psf/mc1_separate/025/. Use results() for a list of available results.
\o WARNING (OCN-6038): Results noise are not available for /home/saul/projects/IL2244_VT26_SAUL/Sim/FECG/buffer_tb_pss/adexl/results/data/MonteCarlo.2/14/VIN_MC/groupRunDataDir/psf/mc1_separate/025/. Use results() for a list of available results.
\e *Error* ("expt" 0 t nil ("*Error* expt: can't handle (nil**2)"))
\e 
\e 
\o ERROR (ADE-2708): Evaluation of output 'integrated noise V' failed for point:'25' test:'VIN_MC'
\o 	Expression:'sqrt(totalNoise("noise" 0.01 100000000 nil))'
\o 	because of the following error(s)
\o 	*Error* expt: can't handle (nil**2).
\o Ensure that the definition of output is correct.
\o 
\o *Info*    Client has finished evaluating ... 
\o 
\o 
\o *Info*    Run complete for Point ID (5 25) on testbench [ VIN_MC ].
\o 
\o 
\o 
\o 
\o 
\o INFO (ADE-3071): Simulation completed successfully.
\o reading simulation data...
\o       ...successful.
\o WARNING (OCN-6038): Results noise are not available for /home/saul/projects/IL2244_VT26_SAUL/Sim/FECG/buffer_tb_pss/adexl/results/data/MonteCarlo.2/14/VIN_MC/groupRunDataDir/psf/mc1_separate/026/. Use results() for a list of available results.
\o WARNING (OCN-6038): Results noise are not available for /home/saul/projects/IL2244_VT26_SAUL/Sim/FECG/buffer_tb_pss/adexl/results/data/MonteCarlo.2/14/VIN_MC/groupRunDataDir/psf/mc1_separate/026/. Use results() for a list of available results.
\e *Error* ("expt" 0 t nil ("*Error* expt: can't handle (nil**2)"))
\e 
\e 
\o ERROR (ADE-2708): Evaluation of output 'integrated noise V' failed for point:'26' test:'VIN_MC'
\o 	Expression:'sqrt(totalNoise("noise" 0.01 100000000 nil))'
\o 	because of the following error(s)
\o 	*Error* expt: can't handle (nil**2).
\o Ensure that the definition of output is correct.
\o 
\o *Info*    Client has finished evaluating ... 
\o 
\o 
\o *Info*    Run complete for Point ID (5 26) on testbench [ VIN_MC ].
\o 
\o 
\o 
\o 
\o 
\o *Info*    Monte Carlo Simulation completed successfully...
\o Simulation design variables differ from those on the cellView,
\o they have been saved in the file "/tmp/saved-design-variables".
\o To save future changes, copy variables to cellView before exiting.
\# Lic Summary:
\# [06:20:22.051464] Cdslmd servers:3000@lic08.ug.kth.se:29000@lic06.ug.kth.se
\# [06:20:22.051483] Feature usage summary:
\# Memory report: on exit            514 MB, process size 2,321 MB at UTC 2026.04.01 06:20:22.575
\# Memory report: peak usage         514 MB, process size 2,324 MB
