\# Program start time:     UTC 2026.04.02 13:28:04.979
\# Local time: UTC (UTC+00:00) 2026.04.02 13:28:04.979
\o Program:		@(#)$CDS: virtuoso version 6.1.8-64b 09/03/2024 19:11 (sjfhw316) $
\o Hierarchy:		/opt/tools/cadence/installs/IC618/tools.lnx86/dfII/
\o Sub version:		sub-version  IC6.1.8-64b.500.36  (64-bit addresses)
\# Command line:	/opt/tools/cadence/installs/IC618/tools.lnx86/dfII/bin/64bit/virtuoso -noautostart -mpssession virtuoso1339320 -mpshost edatools -davinciService DaVinciService_1339320_1775131319 -log /home/saul/projects/IL2244_VT26_SAUL/logs_saul/logs0/Job32.log -licenseLockFileName /home/saul/projects/IL2244_VT26_SAUL/.tmp_saul/.edatools_1339320 -interactiveA -interactiveE -interactiveRTT -nostdin -nographE -axlChildIdFlag 32
\# Host name (type):	edatools (x86_64)
\# Operating system:	Linux 6.17.0-19-generic #19~24.04.2-Ubuntu SMP PREEMPT_DYNAMIC Fri Mar  6 23:08:46 UTC 2
\# Linux /etc/issue:	\S
\# Linux /etc/issue:	Kernel \r on an \m
\# X display name (WxH):	:6143 (1024x868)
\# Available geometry:			TL(0:0) BR(1023:867)
\# X server:			The X.Org Foundation
\# Depth of Visual (Root):	24 (24)
\# Number of Planes Used:	24
\# X version:		11.0 (vendor release 12011000)
\# X resource pool:	base 0x400000, mask 0x1fffff (2097151), shift 0
\# 			current id 0x0, current max 0x1ffffa (2097146)
\# Max data seg size:	     unlimited
\# Max process size:	     unlimited
\# Initial sbrk value:	      1,490 MB
\# Available memory:	     55,110 MB
\# System memory:	     72,238 MB
\# Maximum memory size:	     70,868 MB
\# Max mem available:	     55,229 MB
\# Initial memory used:	        119 MB
\#        process size:	      1,676 MB
\# Thread usage limits (effective/default):	maxthreads 4294967295/4294967295 maxload 16.00/16.00
\# Qt version:		5.9.1
\# Window Manager:	other
\# User Name:		saul
\o Working Directory:	edatools:/home/saul/projects/IL2244_VT26_SAUL
\# Process Id:		1387743
\o 
\o COPYRIGHT (C) 1992-2024  CADENCE DESIGN SYSTEMS INC.  ALL RIGHTS RESERVED.
\o           (C) 1992-2024  UNIX SYSTEMS Laboratories INC.,
\o                          Reproduced with permission.
\o 
\o This Cadence Design Systems program and online documentation are
\o proprietary/confidential information and may be disclosed/used only
\o as authorized in a license agreement controlling such use and disclosure.
\o 
\o           RESTRICTED RIGHTS NOTICE (SHORT FORM)
\o Use/reproduction/disclosure is subject to restriction
\o set forth at FAR 1252.227-19 or its equivalent.
\o Loading geView.cxt 
\o Loading menuBuilder.cxt 
\o Loading schView.cxt 
\o Loading selectSv.cxt 
\o Loading wireEdit.cxt 
\o Loading pte2.cxt 
\o Loading xlUI.cxt 
\o Loading auCore.cxt 
\o Loading vhdl.cxt 
\o Loading seismic.cxt 
\o Loading ci.cxt 
\o Loading ams.cxt 
\o Loading oasis.cxt 
\o Loading analog.cxt 
\o Loading asimenv.cxt 
\o Loading dal.cxt 
\o Loading awv.cxt 
\o Loading socket.cxt 
\o Loading par.cxt 
\o Loading alvs.cxt 
\o Loading caa.cxt 
\o Loading amps.cxt 
\o Loading adexlCore.cxt 
\o Loading adexl.cxt 
\o *Info*    Exporting services from client ... 
\o 
\o Loading adexlDM.cxt 
\o Loading cpf.cxt 
\o Loading cli.cxt 
\o Loading lp.cxt 
\o INFO (ELI-00302) Connecting to parent process (session=virtuoso1339320, host=edatools). Connection mode is ICRP. Total timeout is 180 seconds. Connection timeout is 90 seconds.
\o INFO (ELI-00303) Step 1: Connecting to parent. Time spent is 0 seconds.
\o INFO (ELI-00304) The registration of the child 1387743 within 90 seconds is being processed...
\o INFO (ELI-00305) The result of registration is true. Time spent is 0 seconds.
\o INFO (ELI-00308) The connection has ended. Result is true. Total time spent is 0 seconds.
\# [13:28:04.445330] Configured Lic search path (22.01-s002): 3000@lic08.ug.kth.se:29000@lic06.ug.kth.se
\# Memory report: using         269 MB, process size 1,956 MB at UTC 2026.04.02 13:28:06.167
\o ......................................................................................
\o            ams AG HIT-Kit v.ams_4.10
\o ......................................................................................
\o COPYRIGHT (c) 2012 Full Service Foundry @ ams AG.  ALL RIGHTS RESERVED
\o This HIT-Kit and attached documentation are confidential information and may 
\o only be used as authorized by the HIT-Kit license agreement.
\o ......................................................................................
\# Current Window: window(2)
\o Loading simulator default settings.
\o //
\o //  Calibre Skill Interface * (v2024.4_12.9) *
\o //
\o //                         Copyright Siemens 1996-2020     
\o //                             All Rights Reserved.
\o //         THIS WORK CONTAINS TRADE SECRET AND PROPRIETARY INFORMATION
\o //            WHICH IS THE PROPERTY OF MENTOR GRAPHICS CORPORATION
\o //              OR ITS LICENSORS AND IS SUBJECT TO LICENSE TERMS.
\o //
\o //
\o Loading simulator default settings.
\o *Info*    Client has finished starting ... 
\o 
\o Loading vdsil.cxt 
\p hitkit: ams_4.10  Tech: c35b4c3  User: saul 
\w *WARNING* could not load font "-*-courier-medium-r-*-*-12-*", using font "fixed"
\# Loading perfDiag...
\# (PerfDiag): Set GDB path to environment variable 'gdbPath' (gdb).
\# Performance Diagnostic tool is installed. You can access PerfDiag from CIW Tools or use the shell command 'cdsPerfDiag -p 1387743' to open it when Virtuoso freezes.
\# (PerfDiag): Use backtrace from GLIBC.
\w *WARNING* _perfPstackCheck: Cannot find pstack/gstack. Please setup PATH environment variable to pstack/gstack executable.
\o Loading vqp.cxt 
\o Loading hdlPkg.cxt 
\o 
\o 
\o *Info*    Configuring the session ...
\o 
\o Loading simui.cxt 
\o 	Library      = FECG
\o 	Cell         = gmc_lpf_tb
\o 	View         = schematic
\o 	Simulator    = spectre
\o 	State Path   = $AXL_SETUPDB_DIR/test_states
\o 	State Name   = IN_spectre_state1_Interactive.46
\o 	Results DB   = /home/saul/projects/IL2244_VT26_SAUL/FECG/gmc_lpf_tb/adexl/results/data/Interactive.46.rdb
\o 	Results Dir  = /home/saul/projects/IL2244_VT26_SAUL/Sim/FECG/gmc_lpf_tb/adexl/results/data/Interactive.46/1/IN
\o 	Results Loc  = /home/saul/projects/IL2244_VT26_SAUL/Sim/FECG/gmc_lpf_tb/adexl/results/data
\o 	Project Dir  = /home/saul/projects/IL2244_VT26_SAUL/Sim
\o 	Setup DB loc = /home/saul/projects/IL2244_VT26_SAUL/FECG/gmc_lpf_tb/adexl
\o 	File Encoding = 0
\o 
\o 
\o Loading viva.cxt 
\o Loading spectrei.cxt 
\o Loading devCheck.cxt 
\o Loading relXpert.cxt 
\o Loading hspiceD.cxt 
\o Loading spectreinl.cxt 
\o Loading msgHandler.cxt 
\o Loading UltraSim.cxt 
\o Loading AMSOSS.cxt 
\o Loading AMS.cxt 
\# Memory report: using         383 MB, process size 2,079 MB at UTC 2026.04.02 13:28:11.202
\o 
\o *Info*    The auto suspension is disabled.
\o 
\o Loading monte.cxt 
\o 
\o 
\o 
\o 
\o 
\o *Info*    Run start for Point ID (15 2) on testbench [ IN ].
\o 
\o Resetting statistical vars
\o 
\o *Info*    Setting parameter values ...
\o 
\o Setting var DC_IN = "1.5"
\o Setting var VDD = "2.97"
\o Setting var VIN_AMPV = "0.5"
\o Setting var VIN_DC = "0"
\o Setting var temperature = "-40"
\o Setting temp(T) = -40
\o 
\o *Info*    Netlist Directory =
\o           /home/saul/projects/IL2244_VT26_SAUL/Sim/FECG/gmc_lpf_tb/adexl/results/data/Interactive.46/2/IN/netlist
\o 
\o 
\o *Info*    Data Directory    =
\o           /home/saul/projects/IL2244_VT26_SAUL/Sim/FECG/gmc_lpf_tb/adexl/results/data/Interactive.46/2/IN
\o 
\o 
\o *Info*    Creating Netlist for Point ID (15 2)
\o 
\o generate netlist...
\o Loading hnlInit.cxt 
\o Loading seCore.cxt 
\o function ansCdlCompPrim redefined
\o function ansCdlCompPrim redefined
\# [13:28:11.290848] Periodic Lic check successful
\# [13:28:11.290849] Feature usage summary:
\o Begin Incremental Netlisting Apr  2 13:28:11 2026
\o WARNING (ADE-6003): Terminal "IN", specified in the CDF termOrder, does not exist
\o            in the cell-view "FECG" "gmc_5" "schematic"
\o WARNING (ADE-6004): Mismatch was found between the terminals in the cellView and those on the
\o            termOrder property on the CDF. Because of the mismatch, the CDF termOrder will
\o            be ignored. The terminals in the cellView will be netlisted in the alphabetical
\o            order of their names. Eliminate the mismatch if you want the CDF termOrder
\o            property to be used for netlisting.
\o            To edit CDF of a cell, 
\o            i) Open CIW->Tools->CDF->Edit.
\o            ii) Select Library Name & Cell Name.
\o            iii) Click on the Edit button in the simulation information section of the
\o                 Edit CDF window.
\o Loading json.cxt 
\o End netlisting Apr  2 13:28:11 2026
\o 
\o Netlisting Statistics:
\o 	Number of components:   45
\o 
\o 	Elapsed time:          0.0s
\o Errors: 0	Warnings: 2
\o       ...successful.
\o compose simulator input file...
\o       ...successful.
\o 
\o *Info*    Running simulation on testbench [ IN ] for Point ID (15 2).
\o 
\o Delete psf data in /home/saul/projects/IL2244_VT26_SAUL/Sim/FECG/gmc_lpf_tb/adexl/results/data/Interactive.46/2/IN/psf.
\o compose simulator input file...
\o       ...successful.
\o start simulator if needed...
\o       ...successful.
\o simulate...
\o To view the simulator output, right-click on the test name, result 
\o name, or any value in the "Results" tab of the Outputs section and 
\o choose "Output Log" menu option.
\o WARNING (ADE-3080): Fast viewing extensions for PSF XL format (also known as RTSF) will be discontinued  
\o        and Virtuoso Visualization and Analysis XL will not use RTSF data to plot waveforms from IC6.1.8 ISR7 onward. 
\o        There will be no performance impact on data visualization due to this change.
\o Loading paraplot.cxt 
\o INFO (ADE-3071): Simulation completed successfully.
\o reading simulation data...
\o       ...successful.
\o *Info*    Client has finished evaluating ... 
\o 
\e *Error* db: can't handle db(nil)
\e 
\e 
\o ERROR (ADE-2709): Evaluation of output 'Fundamental_dB' returned 'nil' for point:'2' test:'IN'
\o 	Expression:'harmonic(db(vh('pss "/OUT")) 1)'.
\o Ensure that the definition of output is correct.
\o 
\e *Error* db: can't handle db(nil)
\e 
\e 
\o ERROR (ADE-2709): Evaluation of output 'v /OUT; pss dB20(V)' returned 'nil' for point:'2' test:'IN'
\o 	Expression:'db(vh('pss "/OUT"))'.
\o Ensure that the definition of output is correct.
\o 
\o WARNING (OCN-6038): Results noise are not available for /home/saul/projects/IL2244_VT26_SAUL/Sim/FECG/gmc_lpf_tb/adexl/results/data/Interactive.46/2/IN. Use results() for a list of available results.
\o WARNING (OCN-6038): Results noise are not available for /home/saul/projects/IL2244_VT26_SAUL/Sim/FECG/gmc_lpf_tb/adexl/results/data/Interactive.46/2/IN. Use results() for a list of available results.
\e *Error* ("expt" 0 t nil ("*Error* expt: can't handle (nil**2)"))
\e 
\e 
\o ERROR (ADE-2708): Evaluation of output 'output_noise_V' failed for point:'2' test:'IN'
\o 	Expression:'sqrt(totalNoise("noise" 0.01 100000000 nil))'
\o 	because of the following error(s)
\o 	*Error* expt: can't handle (nil**2).
\o Ensure that the definition of output is correct.
\o 
\e *Error* db: can't handle db(nil)
\e 
\e 
\e *Error* db: can't handle db(nil)
\e 
\e 
\e *Error* ("difference" 0 t nil ("*Error* difference: can't handle (nil - nil)"))
\e 
\e 
\o ERROR (ADE-2708): Evaluation of output 'd2_dB' failed for point:'2' test:'IN'
\o 	Expression:'(harmonic(db(vh('pss "/OUT")) 1) - harmonic(db(vh('pss "/OUT")) 2))'
\o 	because of the following error(s)
\o 	*Error* difference: can't handle (nil - nil).
\o Ensure that the definition of output is correct.
\o 
\e *Error* db: can't handle db(nil)
\e 
\e 
\o ERROR (ADE-2709): Evaluation of output 'harm_2nd_dB' returned 'nil' for point:'2' test:'IN'
\o 	Expression:'harmonic(db(vh('pss "/OUT")) 2)'.
\o Ensure that the definition of output is correct.
\o 
\o 
\o *Info*    Run complete for Point ID (15 2) on testbench [ IN ].
\o 
\o 
\o 
\o 
\o 
\o 
\o 
\o 
\o 
\o 
\o *Info*    Run start for Point ID (15 9) on testbench [ IN ].
\o 
\o Resetting statistical vars
\o 
\o *Info*    Setting parameter values ...
\o 
\o Setting var VDD = "3.63"
\o Setting var temperature = "85"
\o Setting temp(T) = 85
\o 
\o *Info*    Netlist Directory =
\o           /home/saul/projects/IL2244_VT26_SAUL/Sim/FECG/gmc_lpf_tb/adexl/results/data/Interactive.46/9/IN/netlist
\o 
\o 
\o *Info*    Data Directory    =
\o           /home/saul/projects/IL2244_VT26_SAUL/Sim/FECG/gmc_lpf_tb/adexl/results/data/Interactive.46/9/IN
\o 
\o 
\o *Info*    Creating Netlist for Point ID (15 9)
\o 
\o generate netlist...
\o function ansCdlCompPrim redefined
\o function ansCdlCompPrim redefined
\o Begin Incremental Netlisting Apr  2 13:28:12 2026
\o End netlisting Apr  2 13:28:12 2026
\o 
\o 	The netlist is up to date.
\o 	Time taken to compare the design with netlist:   0.0s
\o       ...successful.
\o compose simulator input file...
\o       ...successful.
\o 
\o *Info*    Running simulation on testbench [ IN ] for Point ID (15 9).
\o 
\o Delete psf data in /home/saul/projects/IL2244_VT26_SAUL/Sim/FECG/gmc_lpf_tb/adexl/results/data/Interactive.46/9/IN/psf.
\o compose simulator input file...
\o       ...successful.
\o start simulator if needed...
\o       ...successful.
\o simulate...
\o To view the simulator output, right-click on the test name, result 
\o name, or any value in the "Results" tab of the Outputs section and 
\o choose "Output Log" menu option.
\o WARNING (ADE-3080): Fast viewing extensions for PSF XL format (also known as RTSF) will be discontinued  
\o        and Virtuoso Visualization and Analysis XL will not use RTSF data to plot waveforms from IC6.1.8 ISR7 onward. 
\o        There will be no performance impact on data visualization due to this change.
\o INFO (ADE-3071): Simulation completed successfully.
\o reading simulation data...
\o       ...successful.
\o *Info*    Client has finished evaluating ... 
\o 
\e *Error* db: can't handle db(nil)
\e 
\e 
\o ERROR (ADE-2709): Evaluation of output 'Fundamental_dB' returned 'nil' for point:'9' test:'IN'
\o 	Expression:'harmonic(db(vh('pss "/OUT")) 1)'.
\o Ensure that the definition of output is correct.
\o 
\e *Error* db: can't handle db(nil)
\e 
\e 
\o ERROR (ADE-2709): Evaluation of output 'v /OUT; pss dB20(V)' returned 'nil' for point:'9' test:'IN'
\o 	Expression:'db(vh('pss "/OUT"))'.
\o Ensure that the definition of output is correct.
\o 
\o WARNING (OCN-6038): Results noise are not available for /home/saul/projects/IL2244_VT26_SAUL/Sim/FECG/gmc_lpf_tb/adexl/results/data/Interactive.46/9/IN. Use results() for a list of available results.
\o WARNING (OCN-6038): Results noise are not available for /home/saul/projects/IL2244_VT26_SAUL/Sim/FECG/gmc_lpf_tb/adexl/results/data/Interactive.46/9/IN. Use results() for a list of available results.
\e *Error* ("expt" 0 t nil ("*Error* expt: can't handle (nil**2)"))
\e 
\e 
\o ERROR (ADE-2708): Evaluation of output 'output_noise_V' failed for point:'9' test:'IN'
\o 	Expression:'sqrt(totalNoise("noise" 0.01 100000000 nil))'
\o 	because of the following error(s)
\o 	*Error* expt: can't handle (nil**2).
\o Ensure that the definition of output is correct.
\o 
\e *Error* db: can't handle db(nil)
\e 
\e 
\e *Error* db: can't handle db(nil)
\e 
\e 
\e *Error* ("difference" 0 t nil ("*Error* difference: can't handle (nil - nil)"))
\e 
\e 
\o ERROR (ADE-2708): Evaluation of output 'd2_dB' failed for point:'9' test:'IN'
\o 	Expression:'(harmonic(db(vh('pss "/OUT")) 1) - harmonic(db(vh('pss "/OUT")) 2))'
\o 	because of the following error(s)
\o 	*Error* difference: can't handle (nil - nil).
\o Ensure that the definition of output is correct.
\o 
\e *Error* db: can't handle db(nil)
\e 
\e 
\o ERROR (ADE-2709): Evaluation of output 'harm_2nd_dB' returned 'nil' for point:'9' test:'IN'
\o 	Expression:'harmonic(db(vh('pss "/OUT")) 2)'.
\o Ensure that the definition of output is correct.
\o 
\o 
\o *Info*    Run complete for Point ID (15 9) on testbench [ IN ].
\o 
\o 
\o 
\o 
\o 
\o 
\o 
\o 
\o 
\o 
\o *Info*    Run start for Point ID (15 16) on testbench [ IN ].
\o 
\o Resetting statistical vars
\o 
\o *Info*    Setting parameter values ...
\o 
\o Setting var temperature = "-40"
\o Setting temp(T) = -40
\o 
\o *Info*    Netlist Directory =
\o           /home/saul/projects/IL2244_VT26_SAUL/Sim/FECG/gmc_lpf_tb/adexl/results/data/Interactive.46/16/IN/netlist
\o 
\o 
\o *Info*    Data Directory    =
\o           /home/saul/projects/IL2244_VT26_SAUL/Sim/FECG/gmc_lpf_tb/adexl/results/data/Interactive.46/16/IN
\o 
\o 
\o *Info*    Creating Netlist for Point ID (15 16)
\o 
\o generate netlist...
\o function ansCdlCompPrim redefined
\o function ansCdlCompPrim redefined
\o Begin Incremental Netlisting Apr  2 13:28:14 2026
\o End netlisting Apr  2 13:28:14 2026
\o 
\o 	The netlist is up to date.
\o 	Time taken to compare the design with netlist:   0.0s
\o       ...successful.
\o compose simulator input file...
\o       ...successful.
\o 
\o *Info*    Running simulation on testbench [ IN ] for Point ID (15 16).
\o 
\o Delete psf data in /home/saul/projects/IL2244_VT26_SAUL/Sim/FECG/gmc_lpf_tb/adexl/results/data/Interactive.46/16/IN/psf.
\o compose simulator input file...
\o       ...successful.
\o start simulator if needed...
\o       ...successful.
\o simulate...
\o To view the simulator output, right-click on the test name, result 
\o name, or any value in the "Results" tab of the Outputs section and 
\o choose "Output Log" menu option.
\o WARNING (ADE-3080): Fast viewing extensions for PSF XL format (also known as RTSF) will be discontinued  
\o        and Virtuoso Visualization and Analysis XL will not use RTSF data to plot waveforms from IC6.1.8 ISR7 onward. 
\o        There will be no performance impact on data visualization due to this change.
\# Available memory:         52,519 MB at UTC 2026.04.02 13:28:15.098
\# Memory report: Maximum memory size now 52,975 MB at UTC 2026.04.02 13:28:15.098
\# Thread usage report: 22 active threads, active load 1.40 at UTC 2026.04.02 13:28:15.098
\o INFO (ADE-3071): Simulation completed successfully.
\o reading simulation data...
\o       ...successful.
\o *Info*    Client has finished evaluating ... 
\o 
\e *Error* db: can't handle db(nil)
\e 
\e 
\o ERROR (ADE-2709): Evaluation of output 'Fundamental_dB' returned 'nil' for point:'16' test:'IN'
\o 	Expression:'harmonic(db(vh('pss "/OUT")) 1)'.
\o Ensure that the definition of output is correct.
\o 
\e *Error* db: can't handle db(nil)
\e 
\e 
\o ERROR (ADE-2709): Evaluation of output 'v /OUT; pss dB20(V)' returned 'nil' for point:'16' test:'IN'
\o 	Expression:'db(vh('pss "/OUT"))'.
\o Ensure that the definition of output is correct.
\o 
\o WARNING (OCN-6038): Results noise are not available for /home/saul/projects/IL2244_VT26_SAUL/Sim/FECG/gmc_lpf_tb/adexl/results/data/Interactive.46/16/IN. Use results() for a list of available results.
\o WARNING (OCN-6038): Results noise are not available for /home/saul/projects/IL2244_VT26_SAUL/Sim/FECG/gmc_lpf_tb/adexl/results/data/Interactive.46/16/IN. Use results() for a list of available results.
\e *Error* ("expt" 0 t nil ("*Error* expt: can't handle (nil**2)"))
\e 
\e 
\o ERROR (ADE-2708): Evaluation of output 'output_noise_V' failed for point:'16' test:'IN'
\o 	Expression:'sqrt(totalNoise("noise" 0.01 100000000 nil))'
\o 	because of the following error(s)
\o 	*Error* expt: can't handle (nil**2).
\o Ensure that the definition of output is correct.
\o 
\e *Error* db: can't handle db(nil)
\e 
\e 
\e *Error* db: can't handle db(nil)
\e 
\e 
\e *Error* ("difference" 0 t nil ("*Error* difference: can't handle (nil - nil)"))
\e 
\e 
\o ERROR (ADE-2708): Evaluation of output 'd2_dB' failed for point:'16' test:'IN'
\o 	Expression:'(harmonic(db(vh('pss "/OUT")) 1) - harmonic(db(vh('pss "/OUT")) 2))'
\o 	because of the following error(s)
\o 	*Error* difference: can't handle (nil - nil).
\o Ensure that the definition of output is correct.
\o 
\e *Error* db: can't handle db(nil)
\e 
\e 
\o ERROR (ADE-2709): Evaluation of output 'harm_2nd_dB' returned 'nil' for point:'16' test:'IN'
\o 	Expression:'harmonic(db(vh('pss "/OUT")) 2)'.
\o Ensure that the definition of output is correct.
\o 
\o 
\o *Info*    Run complete for Point ID (15 16) on testbench [ IN ].
\o 
\o 
\o 
\o 
\o 
\o 
\o 
\o 
\o 
\o 
\o *Info*    Run start for Point ID (15 23) on testbench [ IN ].
\o 
\o Resetting statistical vars
\o 
\o *Info*    Setting parameter values ...
\o 
\o Setting var VDD = "2.97"
\o Setting var temperature = "85"
\o Setting temp(T) = 85
\o 
\o *Info*    Netlist Directory =
\o           /home/saul/projects/IL2244_VT26_SAUL/Sim/FECG/gmc_lpf_tb/adexl/results/data/Interactive.46/23/IN/netlist
\o 
\o 
\o *Info*    Data Directory    =
\o           /home/saul/projects/IL2244_VT26_SAUL/Sim/FECG/gmc_lpf_tb/adexl/results/data/Interactive.46/23/IN
\o 
\o 
\o *Info*    Creating Netlist for Point ID (15 23)
\o 
\o generate netlist...
\o function ansCdlCompPrim redefined
\o function ansCdlCompPrim redefined
\o Begin Incremental Netlisting Apr  2 13:28:15 2026
\o End netlisting Apr  2 13:28:15 2026
\o 
\o 	The netlist is up to date.
\o 	Time taken to compare the design with netlist:   0.0s
\o       ...successful.
\o compose simulator input file...
\o       ...successful.
\o 
\o *Info*    Running simulation on testbench [ IN ] for Point ID (15 23).
\o 
\o Delete psf data in /home/saul/projects/IL2244_VT26_SAUL/Sim/FECG/gmc_lpf_tb/adexl/results/data/Interactive.46/23/IN/psf.
\o compose simulator input file...
\o       ...successful.
\o start simulator if needed...
\o       ...successful.
\o simulate...
\o To view the simulator output, right-click on the test name, result 
\o name, or any value in the "Results" tab of the Outputs section and 
\o choose "Output Log" menu option.
\o WARNING (ADE-3080): Fast viewing extensions for PSF XL format (also known as RTSF) will be discontinued  
\o        and Virtuoso Visualization and Analysis XL will not use RTSF data to plot waveforms from IC6.1.8 ISR7 onward. 
\o        There will be no performance impact on data visualization due to this change.
\o INFO (ADE-3071): Simulation completed successfully.
\o reading simulation data...
\o       ...successful.
\o *Info*    Client has finished evaluating ... 
\o 
\e *Error* db: can't handle db(nil)
\e 
\e 
\o ERROR (ADE-2709): Evaluation of output 'Fundamental_dB' returned 'nil' for point:'23' test:'IN'
\o 	Expression:'harmonic(db(vh('pss "/OUT")) 1)'.
\o Ensure that the definition of output is correct.
\o 
\e *Error* db: can't handle db(nil)
\e 
\e 
\o ERROR (ADE-2709): Evaluation of output 'v /OUT; pss dB20(V)' returned 'nil' for point:'23' test:'IN'
\o 	Expression:'db(vh('pss "/OUT"))'.
\o Ensure that the definition of output is correct.
\o 
\o WARNING (OCN-6038): Results noise are not available for /home/saul/projects/IL2244_VT26_SAUL/Sim/FECG/gmc_lpf_tb/adexl/results/data/Interactive.46/23/IN. Use results() for a list of available results.
\o WARNING (OCN-6038): Results noise are not available for /home/saul/projects/IL2244_VT26_SAUL/Sim/FECG/gmc_lpf_tb/adexl/results/data/Interactive.46/23/IN. Use results() for a list of available results.
\e *Error* ("expt" 0 t nil ("*Error* expt: can't handle (nil**2)"))
\e 
\e 
\o ERROR (ADE-2708): Evaluation of output 'output_noise_V' failed for point:'23' test:'IN'
\o 	Expression:'sqrt(totalNoise("noise" 0.01 100000000 nil))'
\o 	because of the following error(s)
\o 	*Error* expt: can't handle (nil**2).
\o Ensure that the definition of output is correct.
\o 
\e *Error* db: can't handle db(nil)
\e 
\e 
\e *Error* db: can't handle db(nil)
\e 
\e 
\e *Error* ("difference" 0 t nil ("*Error* difference: can't handle (nil - nil)"))
\e 
\e 
\o ERROR (ADE-2708): Evaluation of output 'd2_dB' failed for point:'23' test:'IN'
\o 	Expression:'(harmonic(db(vh('pss "/OUT")) 1) - harmonic(db(vh('pss "/OUT")) 2))'
\o 	because of the following error(s)
\o 	*Error* difference: can't handle (nil - nil).
\o Ensure that the definition of output is correct.
\o 
\e *Error* db: can't handle db(nil)
\e 
\e 
\o ERROR (ADE-2709): Evaluation of output 'harm_2nd_dB' returned 'nil' for point:'23' test:'IN'
\o 	Expression:'harmonic(db(vh('pss "/OUT")) 2)'.
\o Ensure that the definition of output is correct.
\o 
\o 
\o *Info*    Run complete for Point ID (15 23) on testbench [ IN ].
\o 
\o 
\o 
\o 
\o 
\o 
\o 
\o 
\o 
\o 
\o *Info*    Run start for Point ID (15 30) on testbench [ IN ].
\o 
\o Resetting statistical vars
\o 
\o *Info*    Setting parameter values ...
\o 
\o Setting var temperature = "-40"
\o Setting temp(T) = -40
\o 
\o *Info*    Netlist Directory =
\o           /home/saul/projects/IL2244_VT26_SAUL/Sim/FECG/gmc_lpf_tb/adexl/results/data/Interactive.46/30/IN/netlist
\o 
\o 
\o *Info*    Data Directory    =
\o           /home/saul/projects/IL2244_VT26_SAUL/Sim/FECG/gmc_lpf_tb/adexl/results/data/Interactive.46/30/IN
\o 
\o 
\o *Info*    Creating Netlist for Point ID (15 30)
\o 
\o generate netlist...
\o function ansCdlCompPrim redefined
\o function ansCdlCompPrim redefined
\o Begin Incremental Netlisting Apr  2 13:28:17 2026
\o End netlisting Apr  2 13:28:17 2026
\o 
\o 	The netlist is up to date.
\o 	Time taken to compare the design with netlist:   0.0s
\o       ...successful.
\o compose simulator input file...
\o       ...successful.
\o 
\o *Info*    Running simulation on testbench [ IN ] for Point ID (15 30).
\o 
\o Delete psf data in /home/saul/projects/IL2244_VT26_SAUL/Sim/FECG/gmc_lpf_tb/adexl/results/data/Interactive.46/30/IN/psf.
\o compose simulator input file...
\o       ...successful.
\o start simulator if needed...
\o       ...successful.
\o simulate...
\o To view the simulator output, right-click on the test name, result 
\o name, or any value in the "Results" tab of the Outputs section and 
\o choose "Output Log" menu option.
\o WARNING (ADE-3080): Fast viewing extensions for PSF XL format (also known as RTSF) will be discontinued  
\o        and Virtuoso Visualization and Analysis XL will not use RTSF data to plot waveforms from IC6.1.8 ISR7 onward. 
\o        There will be no performance impact on data visualization due to this change.
\o INFO (ADE-3071): Simulation completed successfully.
\o reading simulation data...
\o       ...successful.
\o *Info*    Client has finished evaluating ... 
\o 
\e *Error* db: can't handle db(nil)
\e 
\e 
\o ERROR (ADE-2709): Evaluation of output 'Fundamental_dB' returned 'nil' for point:'30' test:'IN'
\o 	Expression:'harmonic(db(vh('pss "/OUT")) 1)'.
\o Ensure that the definition of output is correct.
\o 
\e *Error* db: can't handle db(nil)
\e 
\e 
\o ERROR (ADE-2709): Evaluation of output 'v /OUT; pss dB20(V)' returned 'nil' for point:'30' test:'IN'
\o 	Expression:'db(vh('pss "/OUT"))'.
\o Ensure that the definition of output is correct.
\o 
\o WARNING (OCN-6038): Results noise are not available for /home/saul/projects/IL2244_VT26_SAUL/Sim/FECG/gmc_lpf_tb/adexl/results/data/Interactive.46/30/IN. Use results() for a list of available results.
\o WARNING (OCN-6038): Results noise are not available for /home/saul/projects/IL2244_VT26_SAUL/Sim/FECG/gmc_lpf_tb/adexl/results/data/Interactive.46/30/IN. Use results() for a list of available results.
\e *Error* ("expt" 0 t nil ("*Error* expt: can't handle (nil**2)"))
\e 
\e 
\o ERROR (ADE-2708): Evaluation of output 'output_noise_V' failed for point:'30' test:'IN'
\o 	Expression:'sqrt(totalNoise("noise" 0.01 100000000 nil))'
\o 	because of the following error(s)
\o 	*Error* expt: can't handle (nil**2).
\o Ensure that the definition of output is correct.
\o 
\e *Error* db: can't handle db(nil)
\e 
\e 
\e *Error* db: can't handle db(nil)
\e 
\e 
\e *Error* ("difference" 0 t nil ("*Error* difference: can't handle (nil - nil)"))
\e 
\e 
\o ERROR (ADE-2708): Evaluation of output 'd2_dB' failed for point:'30' test:'IN'
\o 	Expression:'(harmonic(db(vh('pss "/OUT")) 1) - harmonic(db(vh('pss "/OUT")) 2))'
\o 	because of the following error(s)
\o 	*Error* difference: can't handle (nil - nil).
\o Ensure that the definition of output is correct.
\o 
\e *Error* db: can't handle db(nil)
\e 
\e 
\o ERROR (ADE-2709): Evaluation of output 'harm_2nd_dB' returned 'nil' for point:'30' test:'IN'
\o 	Expression:'harmonic(db(vh('pss "/OUT")) 2)'.
\o Ensure that the definition of output is correct.
\o 
\o 
\o *Info*    Run complete for Point ID (15 30) on testbench [ IN ].
\o 
\o 
\o 
\o 
\o 
\o 
\o 
\o 
\o 
\o 
\o *Info*    Run start for Point ID (15 36) on testbench [ IN ].
\o 
\o Resetting statistical vars
\o 
\o *Info*    Setting parameter values ...
\o 
\o Setting var VDD = "3.63"
\o 
\o *Info*    Netlist Directory =
\o           /home/saul/projects/IL2244_VT26_SAUL/Sim/FECG/gmc_lpf_tb/adexl/results/data/Interactive.46/36/IN/netlist
\o 
\o 
\o *Info*    Data Directory    =
\o           /home/saul/projects/IL2244_VT26_SAUL/Sim/FECG/gmc_lpf_tb/adexl/results/data/Interactive.46/36/IN
\o 
\o 
\o *Info*    Creating Netlist for Point ID (15 36)
\o 
\o generate netlist...
\o function ansCdlCompPrim redefined
\o function ansCdlCompPrim redefined
\o Begin Incremental Netlisting Apr  2 13:28:18 2026
\o End netlisting Apr  2 13:28:18 2026
\o 
\o 	The netlist is up to date.
\o 	Time taken to compare the design with netlist:   0.0s
\o       ...successful.
\o compose simulator input file...
\o       ...successful.
\o 
\o *Info*    Running simulation on testbench [ IN ] for Point ID (15 36).
\o 
\o Delete psf data in /home/saul/projects/IL2244_VT26_SAUL/Sim/FECG/gmc_lpf_tb/adexl/results/data/Interactive.46/36/IN/psf.
\o compose simulator input file...
\o       ...successful.
\o start simulator if needed...
\o       ...successful.
\o simulate...
\o To view the simulator output, right-click on the test name, result 
\o name, or any value in the "Results" tab of the Outputs section and 
\o choose "Output Log" menu option.
\o WARNING (ADE-3080): Fast viewing extensions for PSF XL format (also known as RTSF) will be discontinued  
\o        and Virtuoso Visualization and Analysis XL will not use RTSF data to plot waveforms from IC6.1.8 ISR7 onward. 
\o        There will be no performance impact on data visualization due to this change.
\o INFO (ADE-3071): Simulation completed successfully.
\o reading simulation data...
\o       ...successful.
\o *Info*    Client has finished evaluating ... 
\o 
\e *Error* db: can't handle db(nil)
\e 
\e 
\o ERROR (ADE-2709): Evaluation of output 'Fundamental_dB' returned 'nil' for point:'36' test:'IN'
\o 	Expression:'harmonic(db(vh('pss "/OUT")) 1)'.
\o Ensure that the definition of output is correct.
\o 
\e *Error* db: can't handle db(nil)
\e 
\e 
\o ERROR (ADE-2709): Evaluation of output 'v /OUT; pss dB20(V)' returned 'nil' for point:'36' test:'IN'
\o 	Expression:'db(vh('pss "/OUT"))'.
\o Ensure that the definition of output is correct.
\o 
\o WARNING (OCN-6038): Results noise are not available for /home/saul/projects/IL2244_VT26_SAUL/Sim/FECG/gmc_lpf_tb/adexl/results/data/Interactive.46/36/IN. Use results() for a list of available results.
\o WARNING (OCN-6038): Results noise are not available for /home/saul/projects/IL2244_VT26_SAUL/Sim/FECG/gmc_lpf_tb/adexl/results/data/Interactive.46/36/IN. Use results() for a list of available results.
\e *Error* ("expt" 0 t nil ("*Error* expt: can't handle (nil**2)"))
\e 
\e 
\o ERROR (ADE-2708): Evaluation of output 'output_noise_V' failed for point:'36' test:'IN'
\o 	Expression:'sqrt(totalNoise("noise" 0.01 100000000 nil))'
\o 	because of the following error(s)
\o 	*Error* expt: can't handle (nil**2).
\o Ensure that the definition of output is correct.
\o 
\e *Error* db: can't handle db(nil)
\e 
\e 
\e *Error* db: can't handle db(nil)
\e 
\e 
\e *Error* ("difference" 0 t nil ("*Error* difference: can't handle (nil - nil)"))
\e 
\e 
\o ERROR (ADE-2708): Evaluation of output 'd2_dB' failed for point:'36' test:'IN'
\o 	Expression:'(harmonic(db(vh('pss "/OUT")) 1) - harmonic(db(vh('pss "/OUT")) 2))'
\o 	because of the following error(s)
\o 	*Error* difference: can't handle (nil - nil).
\o Ensure that the definition of output is correct.
\o 
\e *Error* db: can't handle db(nil)
\e 
\e 
\o ERROR (ADE-2709): Evaluation of output 'harm_2nd_dB' returned 'nil' for point:'36' test:'IN'
\o 	Expression:'harmonic(db(vh('pss "/OUT")) 2)'.
\o Ensure that the definition of output is correct.
\o 
\o 
\o *Info*    Run complete for Point ID (15 36) on testbench [ IN ].
\o 
\o 
\o 
\o 
\o 
\o 
\o 
\o 
\o 
\o 
\o *Info*    Run start for Point ID (15 43) on testbench [ IN ].
\o 
\o Resetting statistical vars
\o 
\o *Info*    Setting parameter values ...
\o 
\o Setting var VDD = "2.97"
\o Setting var temperature = "85"
\o Setting temp(T) = 85
\o 
\o *Info*    Netlist Directory =
\o           /home/saul/projects/IL2244_VT26_SAUL/Sim/FECG/gmc_lpf_tb/adexl/results/data/Interactive.46/43/IN/netlist
\o 
\o 
\o *Info*    Data Directory    =
\o           /home/saul/projects/IL2244_VT26_SAUL/Sim/FECG/gmc_lpf_tb/adexl/results/data/Interactive.46/43/IN
\o 
\o 
\o *Info*    Creating Netlist for Point ID (15 43)
\o 
\o generate netlist...
\o function ansCdlCompPrim redefined
\o function ansCdlCompPrim redefined
\o Begin Incremental Netlisting Apr  2 13:28:20 2026
\o End netlisting Apr  2 13:28:20 2026
\o 
\o 	The netlist is up to date.
\o 	Time taken to compare the design with netlist:   0.0s
\o       ...successful.
\o compose simulator input file...
\o       ...successful.
\o 
\o *Info*    Running simulation on testbench [ IN ] for Point ID (15 43).
\o 
\o Delete psf data in /home/saul/projects/IL2244_VT26_SAUL/Sim/FECG/gmc_lpf_tb/adexl/results/data/Interactive.46/43/IN/psf.
\o compose simulator input file...
\o       ...successful.
\o start simulator if needed...
\o       ...successful.
\o simulate...
\o To view the simulator output, right-click on the test name, result 
\o name, or any value in the "Results" tab of the Outputs section and 
\o choose "Output Log" menu option.
\o WARNING (ADE-3080): Fast viewing extensions for PSF XL format (also known as RTSF) will be discontinued  
\o        and Virtuoso Visualization and Analysis XL will not use RTSF data to plot waveforms from IC6.1.8 ISR7 onward. 
\o        There will be no performance impact on data visualization due to this change.
\o INFO (ADE-3071): Simulation completed successfully.
\o reading simulation data...
\o       ...successful.
\o *Info*    Client has finished evaluating ... 
\o 
\e *Error* db: can't handle db(nil)
\e 
\e 
\o ERROR (ADE-2709): Evaluation of output 'Fundamental_dB' returned 'nil' for point:'43' test:'IN'
\o 	Expression:'harmonic(db(vh('pss "/OUT")) 1)'.
\o Ensure that the definition of output is correct.
\o 
\e *Error* db: can't handle db(nil)
\e 
\e 
\o ERROR (ADE-2709): Evaluation of output 'v /OUT; pss dB20(V)' returned 'nil' for point:'43' test:'IN'
\o 	Expression:'db(vh('pss "/OUT"))'.
\o Ensure that the definition of output is correct.
\o 
\o WARNING (OCN-6038): Results noise are not available for /home/saul/projects/IL2244_VT26_SAUL/Sim/FECG/gmc_lpf_tb/adexl/results/data/Interactive.46/43/IN. Use results() for a list of available results.
\o WARNING (OCN-6038): Results noise are not available for /home/saul/projects/IL2244_VT26_SAUL/Sim/FECG/gmc_lpf_tb/adexl/results/data/Interactive.46/43/IN. Use results() for a list of available results.
\e *Error* ("expt" 0 t nil ("*Error* expt: can't handle (nil**2)"))
\e 
\e 
\o ERROR (ADE-2708): Evaluation of output 'output_noise_V' failed for point:'43' test:'IN'
\o 	Expression:'sqrt(totalNoise("noise" 0.01 100000000 nil))'
\o 	because of the following error(s)
\o 	*Error* expt: can't handle (nil**2).
\o Ensure that the definition of output is correct.
\o 
\e *Error* db: can't handle db(nil)
\e 
\e 
\e *Error* db: can't handle db(nil)
\e 
\e 
\e *Error* ("difference" 0 t nil ("*Error* difference: can't handle (nil - nil)"))
\e 
\e 
\o ERROR (ADE-2708): Evaluation of output 'd2_dB' failed for point:'43' test:'IN'
\o 	Expression:'(harmonic(db(vh('pss "/OUT")) 1) - harmonic(db(vh('pss "/OUT")) 2))'
\o 	because of the following error(s)
\o 	*Error* difference: can't handle (nil - nil).
\o Ensure that the definition of output is correct.
\o 
\e *Error* db: can't handle db(nil)
\e 
\e 
\o ERROR (ADE-2709): Evaluation of output 'harm_2nd_dB' returned 'nil' for point:'43' test:'IN'
\o 	Expression:'harmonic(db(vh('pss "/OUT")) 2)'.
\o Ensure that the definition of output is correct.
\o 
\o 
\o *Info*    Run complete for Point ID (15 43) on testbench [ IN ].
\o 
\o 
\o 
\o 
\o 
\o 
\o 
\o 
\o 
\o 
\o *Info*    Run start for Point ID (15 50) on testbench [ IN ].
\o 
\o Resetting statistical vars
\o 
\o *Info*    Setting parameter values ...
\o 
\o Setting var temperature = "-40"
\o Setting temp(T) = -40
\o 
\o *Info*    Netlist Directory =
\o           /home/saul/projects/IL2244_VT26_SAUL/Sim/FECG/gmc_lpf_tb/adexl/results/data/Interactive.46/50/IN/netlist
\o 
\o 
\o *Info*    Data Directory    =
\o           /home/saul/projects/IL2244_VT26_SAUL/Sim/FECG/gmc_lpf_tb/adexl/results/data/Interactive.46/50/IN
\o 
\o 
\o *Info*    Creating Netlist for Point ID (15 50)
\o 
\o generate netlist...
\o function ansCdlCompPrim redefined
\o function ansCdlCompPrim redefined
\o Begin Incremental Netlisting Apr  2 13:28:21 2026
\o End netlisting Apr  2 13:28:21 2026
\o 
\o 	The netlist is up to date.
\o 	Time taken to compare the design with netlist:   0.0s
\o       ...successful.
\o compose simulator input file...
\o       ...successful.
\o 
\o *Info*    Running simulation on testbench [ IN ] for Point ID (15 50).
\o 
\o Delete psf data in /home/saul/projects/IL2244_VT26_SAUL/Sim/FECG/gmc_lpf_tb/adexl/results/data/Interactive.46/50/IN/psf.
\o compose simulator input file...
\o       ...successful.
\o start simulator if needed...
\o       ...successful.
\o simulate...
\o To view the simulator output, right-click on the test name, result 
\o name, or any value in the "Results" tab of the Outputs section and 
\o choose "Output Log" menu option.
\o WARNING (ADE-3080): Fast viewing extensions for PSF XL format (also known as RTSF) will be discontinued  
\o        and Virtuoso Visualization and Analysis XL will not use RTSF data to plot waveforms from IC6.1.8 ISR7 onward. 
\o        There will be no performance impact on data visualization due to this change.
\o INFO (ADE-3071): Simulation completed successfully.
\o reading simulation data...
\o       ...successful.
\o *Info*    Client has finished evaluating ... 
\o 
\e *Error* db: can't handle db(nil)
\e 
\e 
\o ERROR (ADE-2709): Evaluation of output 'Fundamental_dB' returned 'nil' for point:'50' test:'IN'
\o 	Expression:'harmonic(db(vh('pss "/OUT")) 1)'.
\o Ensure that the definition of output is correct.
\o 
\e *Error* db: can't handle db(nil)
\e 
\e 
\o ERROR (ADE-2709): Evaluation of output 'v /OUT; pss dB20(V)' returned 'nil' for point:'50' test:'IN'
\o 	Expression:'db(vh('pss "/OUT"))'.
\o Ensure that the definition of output is correct.
\o 
\o WARNING (OCN-6038): Results noise are not available for /home/saul/projects/IL2244_VT26_SAUL/Sim/FECG/gmc_lpf_tb/adexl/results/data/Interactive.46/50/IN. Use results() for a list of available results.
\o WARNING (OCN-6038): Results noise are not available for /home/saul/projects/IL2244_VT26_SAUL/Sim/FECG/gmc_lpf_tb/adexl/results/data/Interactive.46/50/IN. Use results() for a list of available results.
\e *Error* ("expt" 0 t nil ("*Error* expt: can't handle (nil**2)"))
\e 
\e 
\o ERROR (ADE-2708): Evaluation of output 'output_noise_V' failed for point:'50' test:'IN'
\o 	Expression:'sqrt(totalNoise("noise" 0.01 100000000 nil))'
\o 	because of the following error(s)
\o 	*Error* expt: can't handle (nil**2).
\o Ensure that the definition of output is correct.
\o 
\e *Error* db: can't handle db(nil)
\e 
\e 
\e *Error* db: can't handle db(nil)
\e 
\e 
\e *Error* ("difference" 0 t nil ("*Error* difference: can't handle (nil - nil)"))
\e 
\e 
\o ERROR (ADE-2708): Evaluation of output 'd2_dB' failed for point:'50' test:'IN'
\o 	Expression:'(harmonic(db(vh('pss "/OUT")) 1) - harmonic(db(vh('pss "/OUT")) 2))'
\o 	because of the following error(s)
\o 	*Error* difference: can't handle (nil - nil).
\o Ensure that the definition of output is correct.
\o 
\e *Error* db: can't handle db(nil)
\e 
\e 
\o ERROR (ADE-2709): Evaluation of output 'harm_2nd_dB' returned 'nil' for point:'50' test:'IN'
\o 	Expression:'harmonic(db(vh('pss "/OUT")) 2)'.
\o Ensure that the definition of output is correct.
\o 
\o 
\o *Info*    Run complete for Point ID (15 50) on testbench [ IN ].
\o 
\o 
\o 
\o 
\o 
\o 
\o 
\o 
\o 
\o 
\o *Info*    Run start for Point ID (15 57) on testbench [ IN ].
\o 
\o Resetting statistical vars
\o 
\o *Info*    Setting parameter values ...
\o 
\o Setting var VDD = "3.63"
\o Setting var temperature = "85"
\o Setting temp(T) = 85
\o 
\o *Info*    Netlist Directory =
\o           /home/saul/projects/IL2244_VT26_SAUL/Sim/FECG/gmc_lpf_tb/adexl/results/data/Interactive.46/57/IN/netlist
\o 
\o 
\o *Info*    Data Directory    =
\o           /home/saul/projects/IL2244_VT26_SAUL/Sim/FECG/gmc_lpf_tb/adexl/results/data/Interactive.46/57/IN
\o 
\o 
\o *Info*    Creating Netlist for Point ID (15 57)
\o 
\o generate netlist...
\o function ansCdlCompPrim redefined
\o function ansCdlCompPrim redefined
\o Begin Incremental Netlisting Apr  2 13:28:23 2026
\o End netlisting Apr  2 13:28:23 2026
\o 
\o 	The netlist is up to date.
\o 	Time taken to compare the design with netlist:   0.0s
\o       ...successful.
\o compose simulator input file...
\o       ...successful.
\o 
\o *Info*    Running simulation on testbench [ IN ] for Point ID (15 57).
\o 
\o Delete psf data in /home/saul/projects/IL2244_VT26_SAUL/Sim/FECG/gmc_lpf_tb/adexl/results/data/Interactive.46/57/IN/psf.
\o compose simulator input file...
\o       ...successful.
\o start simulator if needed...
\o       ...successful.
\o simulate...
\o To view the simulator output, right-click on the test name, result 
\o name, or any value in the "Results" tab of the Outputs section and 
\o choose "Output Log" menu option.
\o WARNING (ADE-3080): Fast viewing extensions for PSF XL format (also known as RTSF) will be discontinued  
\o        and Virtuoso Visualization and Analysis XL will not use RTSF data to plot waveforms from IC6.1.8 ISR7 onward. 
\o        There will be no performance impact on data visualization due to this change.
\o INFO (ADE-3071): Simulation completed successfully.
\o reading simulation data...
\o       ...successful.
\o *Info*    Client has finished evaluating ... 
\o 
\e *Error* db: can't handle db(nil)
\e 
\e 
\o ERROR (ADE-2709): Evaluation of output 'Fundamental_dB' returned 'nil' for point:'57' test:'IN'
\o 	Expression:'harmonic(db(vh('pss "/OUT")) 1)'.
\o Ensure that the definition of output is correct.
\o 
\e *Error* db: can't handle db(nil)
\e 
\e 
\o ERROR (ADE-2709): Evaluation of output 'v /OUT; pss dB20(V)' returned 'nil' for point:'57' test:'IN'
\o 	Expression:'db(vh('pss "/OUT"))'.
\o Ensure that the definition of output is correct.
\o 
\o WARNING (OCN-6038): Results noise are not available for /home/saul/projects/IL2244_VT26_SAUL/Sim/FECG/gmc_lpf_tb/adexl/results/data/Interactive.46/57/IN. Use results() for a list of available results.
\o WARNING (OCN-6038): Results noise are not available for /home/saul/projects/IL2244_VT26_SAUL/Sim/FECG/gmc_lpf_tb/adexl/results/data/Interactive.46/57/IN. Use results() for a list of available results.
\e *Error* ("expt" 0 t nil ("*Error* expt: can't handle (nil**2)"))
\e 
\e 
\o ERROR (ADE-2708): Evaluation of output 'output_noise_V' failed for point:'57' test:'IN'
\o 	Expression:'sqrt(totalNoise("noise" 0.01 100000000 nil))'
\o 	because of the following error(s)
\o 	*Error* expt: can't handle (nil**2).
\o Ensure that the definition of output is correct.
\o 
\e *Error* db: can't handle db(nil)
\e 
\e 
\e *Error* db: can't handle db(nil)
\e 
\e 
\e *Error* ("difference" 0 t nil ("*Error* difference: can't handle (nil - nil)"))
\e 
\e 
\o ERROR (ADE-2708): Evaluation of output 'd2_dB' failed for point:'57' test:'IN'
\o 	Expression:'(harmonic(db(vh('pss "/OUT")) 1) - harmonic(db(vh('pss "/OUT")) 2))'
\o 	because of the following error(s)
\o 	*Error* difference: can't handle (nil - nil).
\o Ensure that the definition of output is correct.
\o 
\e *Error* db: can't handle db(nil)
\e 
\e 
\o ERROR (ADE-2709): Evaluation of output 'harm_2nd_dB' returned 'nil' for point:'57' test:'IN'
\o 	Expression:'harmonic(db(vh('pss "/OUT")) 2)'.
\o Ensure that the definition of output is correct.
\o 
\o 
\o *Info*    Run complete for Point ID (15 57) on testbench [ IN ].
\o 
\o 
\o 
\o 
\o 
\o 
\o 
\o 
\o 
\o 
\o *Info*    Run start for Point ID (15 64) on testbench [ IN ].
\o 
\o Resetting statistical vars
\o 
\o *Info*    Setting parameter values ...
\o 
\o Setting var temperature = "-40"
\o Setting temp(T) = -40
\o 
\o *Info*    Netlist Directory =
\o           /home/saul/projects/IL2244_VT26_SAUL/Sim/FECG/gmc_lpf_tb/adexl/results/data/Interactive.46/64/IN/netlist
\o 
\o 
\o *Info*    Data Directory    =
\o           /home/saul/projects/IL2244_VT26_SAUL/Sim/FECG/gmc_lpf_tb/adexl/results/data/Interactive.46/64/IN
\o 
\o 
\o *Info*    Creating Netlist for Point ID (15 64)
\o 
\o generate netlist...
\o function ansCdlCompPrim redefined
\o function ansCdlCompPrim redefined
\o Begin Incremental Netlisting Apr  2 13:28:24 2026
\o End netlisting Apr  2 13:28:24 2026
\o 
\o 	The netlist is up to date.
\o 	Time taken to compare the design with netlist:   0.0s
\o       ...successful.
\o compose simulator input file...
\o       ...successful.
\o 
\o *Info*    Running simulation on testbench [ IN ] for Point ID (15 64).
\o 
\o Delete psf data in /home/saul/projects/IL2244_VT26_SAUL/Sim/FECG/gmc_lpf_tb/adexl/results/data/Interactive.46/64/IN/psf.
\o compose simulator input file...
\o       ...successful.
\o start simulator if needed...
\o       ...successful.
\o simulate...
\o To view the simulator output, right-click on the test name, result 
\o name, or any value in the "Results" tab of the Outputs section and 
\o choose "Output Log" menu option.
\o WARNING (ADE-3080): Fast viewing extensions for PSF XL format (also known as RTSF) will be discontinued  
\o        and Virtuoso Visualization and Analysis XL will not use RTSF data to plot waveforms from IC6.1.8 ISR7 onward. 
\o        There will be no performance impact on data visualization due to this change.
\o INFO (ADE-3071): Simulation completed successfully.
\o reading simulation data...
\o       ...successful.
\o *Info*    Client has finished evaluating ... 
\o 
\e *Error* db: can't handle db(nil)
\e 
\e 
\o ERROR (ADE-2709): Evaluation of output 'Fundamental_dB' returned 'nil' for point:'64' test:'IN'
\o 	Expression:'harmonic(db(vh('pss "/OUT")) 1)'.
\o Ensure that the definition of output is correct.
\o 
\e *Error* db: can't handle db(nil)
\e 
\e 
\o ERROR (ADE-2709): Evaluation of output 'v /OUT; pss dB20(V)' returned 'nil' for point:'64' test:'IN'
\o 	Expression:'db(vh('pss "/OUT"))'.
\o Ensure that the definition of output is correct.
\o 
\o WARNING (OCN-6038): Results noise are not available for /home/saul/projects/IL2244_VT26_SAUL/Sim/FECG/gmc_lpf_tb/adexl/results/data/Interactive.46/64/IN. Use results() for a list of available results.
\o WARNING (OCN-6038): Results noise are not available for /home/saul/projects/IL2244_VT26_SAUL/Sim/FECG/gmc_lpf_tb/adexl/results/data/Interactive.46/64/IN. Use results() for a list of available results.
\e *Error* ("expt" 0 t nil ("*Error* expt: can't handle (nil**2)"))
\e 
\e 
\o ERROR (ADE-2708): Evaluation of output 'output_noise_V' failed for point:'64' test:'IN'
\o 	Expression:'sqrt(totalNoise("noise" 0.01 100000000 nil))'
\o 	because of the following error(s)
\o 	*Error* expt: can't handle (nil**2).
\o Ensure that the definition of output is correct.
\o 
\e *Error* db: can't handle db(nil)
\e 
\e 
\e *Error* db: can't handle db(nil)
\e 
\e 
\e *Error* ("difference" 0 t nil ("*Error* difference: can't handle (nil - nil)"))
\e 
\e 
\o ERROR (ADE-2708): Evaluation of output 'd2_dB' failed for point:'64' test:'IN'
\o 	Expression:'(harmonic(db(vh('pss "/OUT")) 1) - harmonic(db(vh('pss "/OUT")) 2))'
\o 	because of the following error(s)
\o 	*Error* difference: can't handle (nil - nil).
\o Ensure that the definition of output is correct.
\o 
\e *Error* db: can't handle db(nil)
\e 
\e 
\o ERROR (ADE-2709): Evaluation of output 'harm_2nd_dB' returned 'nil' for point:'64' test:'IN'
\o 	Expression:'harmonic(db(vh('pss "/OUT")) 2)'.
\o Ensure that the definition of output is correct.
\o 
\o 
\o *Info*    Run complete for Point ID (15 64) on testbench [ IN ].
\o 
\o 
\o 
\o 
\o 
\o Simulation design variables differ from those on the cellView,
\o they have been saved in the file "/tmp/saved-design-variables".
\o To save future changes, copy variables to cellView before exiting.
\o 
\o 
\o *Info*    Configuring the session ...
\o 
\o 	Library      = FECG
\o 	Cell         = gmc_lpf_tb
\o 	View         = schematic
\o 	Simulator    = spectre
\o 	State Path   = $AXL_SETUPDB_DIR/test_states
\o 	State Name   = IN_spectre_state1_Interactive.47
\o 	Results DB   = /home/saul/projects/IL2244_VT26_SAUL/FECG/gmc_lpf_tb/adexl/results/data/Interactive.47.rdb
\o 	Results Dir  = /home/saul/projects/IL2244_VT26_SAUL/Sim/FECG/gmc_lpf_tb/adexl/results/data/Interactive.47/1/IN
\o 	Results Loc  = /home/saul/projects/IL2244_VT26_SAUL/Sim/FECG/gmc_lpf_tb/adexl/results/data
\o 	Project Dir  = /home/saul/projects/IL2244_VT26_SAUL/Sim
\o 	Setup DB loc = /home/saul/projects/IL2244_VT26_SAUL/FECG/gmc_lpf_tb/adexl
\o 	File Encoding = 0
\o 
\o 
\o 
\o *Info*    The auto suspension is disabled.
\o 
\o 
\o 
\o 
\o 
\o 
\o *Info*    Run start for Point ID (16 5) on testbench [ IN ].
\o 
\o Resetting statistical vars
\o 
\o *Info*    Setting parameter values ...
\o 
\o Setting var DC_IN = "1.5"
\o Setting var VDD = "3.63"
\o Setting var VIN_AMPV = "0.5"
\o Setting var VIN_DC = "0"
\o Setting var temperature = "85"
\o Setting temp(T) = 85
\o 
\o *Info*    Netlist Directory =
\o           /home/saul/projects/IL2244_VT26_SAUL/Sim/FECG/gmc_lpf_tb/adexl/results/data/Interactive.47/5/IN/netlist
\o 
\o 
\o *Info*    Data Directory    =
\o           /home/saul/projects/IL2244_VT26_SAUL/Sim/FECG/gmc_lpf_tb/adexl/results/data/Interactive.47/5/IN
\o 
\o 
\o *Info*    Creating Netlist for Point ID (16 5)
\o 
\o generate netlist...
\o function ansCdlCompPrim redefined
\o function ansCdlCompPrim redefined
\o Begin Incremental Netlisting Apr  2 13:29:56 2026
\o WARNING (ADE-6003): Terminal "IN", specified in the CDF termOrder, does not exist
\o            in the cell-view "FECG" "gmc_5" "schematic"
\o WARNING (ADE-6004): Mismatch was found between the terminals in the cellView and those on the
\o            termOrder property on the CDF. Because of the mismatch, the CDF termOrder will
\o            be ignored. The terminals in the cellView will be netlisted in the alphabetical
\o            order of their names. Eliminate the mismatch if you want the CDF termOrder
\o            property to be used for netlisting.
\o            To edit CDF of a cell, 
\o            i) Open CIW->Tools->CDF->Edit.
\o            ii) Select Library Name & Cell Name.
\o            iii) Click on the Edit button in the simulation information section of the
\o                 Edit CDF window.
\o End netlisting Apr  2 13:29:56 2026
\o 
\o Netlisting Statistics:
\o 	Number of components:   49
\o 
\o 	Elapsed time:          0.0s
\o Errors: 0	Warnings: 2
\o       ...successful.
\o compose simulator input file...
\o       ...successful.
\o 
\o *Info*    Running simulation on testbench [ IN ] for Point ID (16 5).
\o 
\o Delete psf data in /home/saul/projects/IL2244_VT26_SAUL/Sim/FECG/gmc_lpf_tb/adexl/results/data/Interactive.47/5/IN/psf.
\o compose simulator input file...
\o       ...successful.
\o start simulator if needed...
\o       ...successful.
\o simulate...
\o To view the simulator output, right-click on the test name, result 
\o name, or any value in the "Results" tab of the Outputs section and 
\o choose "Output Log" menu option.
\o WARNING (ADE-3080): Fast viewing extensions for PSF XL format (also known as RTSF) will be discontinued  
\o        and Virtuoso Visualization and Analysis XL will not use RTSF data to plot waveforms from IC6.1.8 ISR7 onward. 
\o        There will be no performance impact on data visualization due to this change.
\o INFO (ADE-3071): Simulation completed successfully.
\o reading simulation data...
\o       ...successful.
\o *Info*    Client has finished evaluating ... 
\o 
\e *Error* db: can't handle db(nil)
\e 
\e 
\o ERROR (ADE-2709): Evaluation of output 'Fundamental_dB' returned 'nil' for point:'5' test:'IN'
\o 	Expression:'harmonic(db(vh('pss "/OUT")) 1)'.
\o Ensure that the definition of output is correct.
\o 
\e *Error* db: can't handle db(nil)
\e 
\e 
\o ERROR (ADE-2709): Evaluation of output 'v /OUT; pss dB20(V)' returned 'nil' for point:'5' test:'IN'
\o 	Expression:'db(vh('pss "/OUT"))'.
\o Ensure that the definition of output is correct.
\o 
\o WARNING (OCN-6038): Results noise are not available for /home/saul/projects/IL2244_VT26_SAUL/Sim/FECG/gmc_lpf_tb/adexl/results/data/Interactive.47/5/IN. Use results() for a list of available results.
\o WARNING (OCN-6038): Results noise are not available for /home/saul/projects/IL2244_VT26_SAUL/Sim/FECG/gmc_lpf_tb/adexl/results/data/Interactive.47/5/IN. Use results() for a list of available results.
\e *Error* ("expt" 0 t nil ("*Error* expt: can't handle (nil**2)"))
\e 
\e 
\o ERROR (ADE-2708): Evaluation of output 'output_noise_V' failed for point:'5' test:'IN'
\o 	Expression:'sqrt(totalNoise("noise" 0.01 100000000 nil))'
\o 	because of the following error(s)
\o 	*Error* expt: can't handle (nil**2).
\o Ensure that the definition of output is correct.
\o 
\e *Error* db: can't handle db(nil)
\e 
\e 
\e *Error* db: can't handle db(nil)
\e 
\e 
\e *Error* ("difference" 0 t nil ("*Error* difference: can't handle (nil - nil)"))
\e 
\e 
\o ERROR (ADE-2708): Evaluation of output 'd2_dB' failed for point:'5' test:'IN'
\o 	Expression:'(harmonic(db(vh('pss "/OUT")) 1) - harmonic(db(vh('pss "/OUT")) 2))'
\o 	because of the following error(s)
\o 	*Error* difference: can't handle (nil - nil).
\o Ensure that the definition of output is correct.
\o 
\e *Error* db: can't handle db(nil)
\e 
\e 
\o ERROR (ADE-2709): Evaluation of output 'harm_2nd_dB' returned 'nil' for point:'5' test:'IN'
\o 	Expression:'harmonic(db(vh('pss "/OUT")) 2)'.
\o Ensure that the definition of output is correct.
\o 
\o 
\o *Info*    Run complete for Point ID (16 5) on testbench [ IN ].
\o 
\o 
\o 
\o 
\o 
\o 
\o 
\o 
\o 
\o 
\o *Info*    Run start for Point ID (16 14) on testbench [ IN ].
\o 
\o Resetting statistical vars
\o 
\o *Info*    Setting parameter values ...
\o 
\o Setting var VDD = "2.97"
\o Setting var temperature = "-40"
\o Setting temp(T) = -40
\o 
\o *Info*    Netlist Directory =
\o           /home/saul/projects/IL2244_VT26_SAUL/Sim/FECG/gmc_lpf_tb/adexl/results/data/Interactive.47/14/IN/netlist
\o 
\o 
\o *Info*    Data Directory    =
\o           /home/saul/projects/IL2244_VT26_SAUL/Sim/FECG/gmc_lpf_tb/adexl/results/data/Interactive.47/14/IN
\o 
\o 
\o *Info*    Creating Netlist for Point ID (16 14)
\o 
\o generate netlist...
\o function ansCdlCompPrim redefined
\o function ansCdlCompPrim redefined
\o Begin Incremental Netlisting Apr  2 13:29:58 2026
\o End netlisting Apr  2 13:29:58 2026
\o 
\o 	The netlist is up to date.
\o 	Time taken to compare the design with netlist:   0.0s
\o       ...successful.
\o compose simulator input file...
\o       ...successful.
\o 
\o *Info*    Running simulation on testbench [ IN ] for Point ID (16 14).
\o 
\o Delete psf data in /home/saul/projects/IL2244_VT26_SAUL/Sim/FECG/gmc_lpf_tb/adexl/results/data/Interactive.47/14/IN/psf.
\o compose simulator input file...
\o       ...successful.
\o start simulator if needed...
\o       ...successful.
\o simulate...
\o To view the simulator output, right-click on the test name, result 
\o name, or any value in the "Results" tab of the Outputs section and 
\o choose "Output Log" menu option.
\o WARNING (ADE-3080): Fast viewing extensions for PSF XL format (also known as RTSF) will be discontinued  
\o        and Virtuoso Visualization and Analysis XL will not use RTSF data to plot waveforms from IC6.1.8 ISR7 onward. 
\o        There will be no performance impact on data visualization due to this change.
\o INFO (ADE-3071): Simulation completed successfully.
\o reading simulation data...
\o       ...successful.
\o *Info*    Client has finished evaluating ... 
\o 
\e *Error* db: can't handle db(nil)
\e 
\e 
\o ERROR (ADE-2709): Evaluation of output 'Fundamental_dB' returned 'nil' for point:'14' test:'IN'
\o 	Expression:'harmonic(db(vh('pss "/OUT")) 1)'.
\o Ensure that the definition of output is correct.
\o 
\e *Error* db: can't handle db(nil)
\e 
\e 
\o ERROR (ADE-2709): Evaluation of output 'v /OUT; pss dB20(V)' returned 'nil' for point:'14' test:'IN'
\o 	Expression:'db(vh('pss "/OUT"))'.
\o Ensure that the definition of output is correct.
\o 
\o WARNING (OCN-6038): Results noise are not available for /home/saul/projects/IL2244_VT26_SAUL/Sim/FECG/gmc_lpf_tb/adexl/results/data/Interactive.47/14/IN. Use results() for a list of available results.
\o WARNING (OCN-6038): Results noise are not available for /home/saul/projects/IL2244_VT26_SAUL/Sim/FECG/gmc_lpf_tb/adexl/results/data/Interactive.47/14/IN. Use results() for a list of available results.
\e *Error* ("expt" 0 t nil ("*Error* expt: can't handle (nil**2)"))
\e 
\e 
\o ERROR (ADE-2708): Evaluation of output 'output_noise_V' failed for point:'14' test:'IN'
\o 	Expression:'sqrt(totalNoise("noise" 0.01 100000000 nil))'
\o 	because of the following error(s)
\o 	*Error* expt: can't handle (nil**2).
\o Ensure that the definition of output is correct.
\o 
\e *Error* db: can't handle db(nil)
\e 
\e 
\e *Error* db: can't handle db(nil)
\e 
\e 
\e *Error* ("difference" 0 t nil ("*Error* difference: can't handle (nil - nil)"))
\e 
\e 
\o ERROR (ADE-2708): Evaluation of output 'd2_dB' failed for point:'14' test:'IN'
\o 	Expression:'(harmonic(db(vh('pss "/OUT")) 1) - harmonic(db(vh('pss "/OUT")) 2))'
\o 	because of the following error(s)
\o 	*Error* difference: can't handle (nil - nil).
\o Ensure that the definition of output is correct.
\o 
\e *Error* db: can't handle db(nil)
\e 
\e 
\o ERROR (ADE-2709): Evaluation of output 'harm_2nd_dB' returned 'nil' for point:'14' test:'IN'
\o 	Expression:'harmonic(db(vh('pss "/OUT")) 2)'.
\o Ensure that the definition of output is correct.
\o 
\o 
\o *Info*    Run complete for Point ID (16 14) on testbench [ IN ].
\o 
\o 
\o 
\o 
\o 
\o 
\o 
\o 
\o 
\o 
\o *Info*    Run start for Point ID (16 21) on testbench [ IN ].
\o 
\o Resetting statistical vars
\o 
\o *Info*    Setting parameter values ...
\o 
\o Setting var VDD = "3.63"
\o Setting var temperature = "85"
\o Setting temp(T) = 85
\o 
\o *Info*    Netlist Directory =
\o           /home/saul/projects/IL2244_VT26_SAUL/Sim/FECG/gmc_lpf_tb/adexl/results/data/Interactive.47/21/IN/netlist
\o 
\o 
\o *Info*    Data Directory    =
\o           /home/saul/projects/IL2244_VT26_SAUL/Sim/FECG/gmc_lpf_tb/adexl/results/data/Interactive.47/21/IN
\o 
\o 
\o *Info*    Creating Netlist for Point ID (16 21)
\o 
\o generate netlist...
\o function ansCdlCompPrim redefined
\o function ansCdlCompPrim redefined
\o Begin Incremental Netlisting Apr  2 13:30:00 2026
\o End netlisting Apr  2 13:30:00 2026
\o 
\o 	The netlist is up to date.
\o 	Time taken to compare the design with netlist:   0.0s
\o       ...successful.
\o compose simulator input file...
\o       ...successful.
\o 
\o *Info*    Running simulation on testbench [ IN ] for Point ID (16 21).
\o 
\o Delete psf data in /home/saul/projects/IL2244_VT26_SAUL/Sim/FECG/gmc_lpf_tb/adexl/results/data/Interactive.47/21/IN/psf.
\o compose simulator input file...
\o       ...successful.
\o start simulator if needed...
\o       ...successful.
\o simulate...
\o To view the simulator output, right-click on the test name, result 
\o name, or any value in the "Results" tab of the Outputs section and 
\o choose "Output Log" menu option.
\o WARNING (ADE-3080): Fast viewing extensions for PSF XL format (also known as RTSF) will be discontinued  
\o        and Virtuoso Visualization and Analysis XL will not use RTSF data to plot waveforms from IC6.1.8 ISR7 onward. 
\o        There will be no performance impact on data visualization due to this change.
\o INFO (ADE-3071): Simulation completed successfully.
\o reading simulation data...
\o       ...successful.
\o *Info*    Client has finished evaluating ... 
\o 
\e *Error* db: can't handle db(nil)
\e 
\e 
\o ERROR (ADE-2709): Evaluation of output 'Fundamental_dB' returned 'nil' for point:'21' test:'IN'
\o 	Expression:'harmonic(db(vh('pss "/OUT")) 1)'.
\o Ensure that the definition of output is correct.
\o 
\e *Error* db: can't handle db(nil)
\e 
\e 
\o ERROR (ADE-2709): Evaluation of output 'v /OUT; pss dB20(V)' returned 'nil' for point:'21' test:'IN'
\o 	Expression:'db(vh('pss "/OUT"))'.
\o Ensure that the definition of output is correct.
\o 
\o WARNING (OCN-6038): Results noise are not available for /home/saul/projects/IL2244_VT26_SAUL/Sim/FECG/gmc_lpf_tb/adexl/results/data/Interactive.47/21/IN. Use results() for a list of available results.
\o WARNING (OCN-6038): Results noise are not available for /home/saul/projects/IL2244_VT26_SAUL/Sim/FECG/gmc_lpf_tb/adexl/results/data/Interactive.47/21/IN. Use results() for a list of available results.
\e *Error* ("expt" 0 t nil ("*Error* expt: can't handle (nil**2)"))
\e 
\e 
\o ERROR (ADE-2708): Evaluation of output 'output_noise_V' failed for point:'21' test:'IN'
\o 	Expression:'sqrt(totalNoise("noise" 0.01 100000000 nil))'
\o 	because of the following error(s)
\o 	*Error* expt: can't handle (nil**2).
\o Ensure that the definition of output is correct.
\o 
\e *Error* db: can't handle db(nil)
\e 
\e 
\e *Error* db: can't handle db(nil)
\e 
\e 
\e *Error* ("difference" 0 t nil ("*Error* difference: can't handle (nil - nil)"))
\e 
\e 
\o ERROR (ADE-2708): Evaluation of output 'd2_dB' failed for point:'21' test:'IN'
\o 	Expression:'(harmonic(db(vh('pss "/OUT")) 1) - harmonic(db(vh('pss "/OUT")) 2))'
\o 	because of the following error(s)
\o 	*Error* difference: can't handle (nil - nil).
\o Ensure that the definition of output is correct.
\o 
\e *Error* db: can't handle db(nil)
\e 
\e 
\o ERROR (ADE-2709): Evaluation of output 'harm_2nd_dB' returned 'nil' for point:'21' test:'IN'
\o 	Expression:'harmonic(db(vh('pss "/OUT")) 2)'.
\o Ensure that the definition of output is correct.
\o 
\o 
\o *Info*    Run complete for Point ID (16 21) on testbench [ IN ].
\o 
\o 
\o 
\o 
\o 
\o 
\o 
\o 
\o 
\o 
\o *Info*    Run start for Point ID (16 28) on testbench [ IN ].
\o 
\o Resetting statistical vars
\o 
\o *Info*    Setting parameter values ...
\o 
\o Setting var temperature = "-40"
\o Setting temp(T) = -40
\o 
\o *Info*    Netlist Directory =
\o           /home/saul/projects/IL2244_VT26_SAUL/Sim/FECG/gmc_lpf_tb/adexl/results/data/Interactive.47/28/IN/netlist
\o 
\o 
\o *Info*    Data Directory    =
\o           /home/saul/projects/IL2244_VT26_SAUL/Sim/FECG/gmc_lpf_tb/adexl/results/data/Interactive.47/28/IN
\o 
\o 
\o *Info*    Creating Netlist for Point ID (16 28)
\o 
\o generate netlist...
\o function ansCdlCompPrim redefined
\o function ansCdlCompPrim redefined
\o Begin Incremental Netlisting Apr  2 13:30:01 2026
\o End netlisting Apr  2 13:30:01 2026
\o 
\o 	The netlist is up to date.
\o 	Time taken to compare the design with netlist:   0.0s
\o       ...successful.
\o compose simulator input file...
\o       ...successful.
\o 
\o *Info*    Running simulation on testbench [ IN ] for Point ID (16 28).
\o 
\o Delete psf data in /home/saul/projects/IL2244_VT26_SAUL/Sim/FECG/gmc_lpf_tb/adexl/results/data/Interactive.47/28/IN/psf.
\o compose simulator input file...
\o       ...successful.
\o start simulator if needed...
\o       ...successful.
\o simulate...
\o To view the simulator output, right-click on the test name, result 
\o name, or any value in the "Results" tab of the Outputs section and 
\o choose "Output Log" menu option.
\o WARNING (ADE-3080): Fast viewing extensions for PSF XL format (also known as RTSF) will be discontinued  
\o        and Virtuoso Visualization and Analysis XL will not use RTSF data to plot waveforms from IC6.1.8 ISR7 onward. 
\o        There will be no performance impact on data visualization due to this change.
\o INFO (ADE-3071): Simulation completed successfully.
\o reading simulation data...
\o       ...successful.
\o *Info*    Client has finished evaluating ... 
\o 
\e *Error* db: can't handle db(nil)
\e 
\e 
\o ERROR (ADE-2709): Evaluation of output 'Fundamental_dB' returned 'nil' for point:'28' test:'IN'
\o 	Expression:'harmonic(db(vh('pss "/OUT")) 1)'.
\o Ensure that the definition of output is correct.
\o 
\e *Error* db: can't handle db(nil)
\e 
\e 
\o ERROR (ADE-2709): Evaluation of output 'v /OUT; pss dB20(V)' returned 'nil' for point:'28' test:'IN'
\o 	Expression:'db(vh('pss "/OUT"))'.
\o Ensure that the definition of output is correct.
\o 
\o WARNING (OCN-6038): Results noise are not available for /home/saul/projects/IL2244_VT26_SAUL/Sim/FECG/gmc_lpf_tb/adexl/results/data/Interactive.47/28/IN. Use results() for a list of available results.
\o WARNING (OCN-6038): Results noise are not available for /home/saul/projects/IL2244_VT26_SAUL/Sim/FECG/gmc_lpf_tb/adexl/results/data/Interactive.47/28/IN. Use results() for a list of available results.
\e *Error* ("expt" 0 t nil ("*Error* expt: can't handle (nil**2)"))
\e 
\e 
\o ERROR (ADE-2708): Evaluation of output 'output_noise_V' failed for point:'28' test:'IN'
\o 	Expression:'sqrt(totalNoise("noise" 0.01 100000000 nil))'
\o 	because of the following error(s)
\o 	*Error* expt: can't handle (nil**2).
\o Ensure that the definition of output is correct.
\o 
\e *Error* db: can't handle db(nil)
\e 
\e 
\e *Error* db: can't handle db(nil)
\e 
\e 
\e *Error* ("difference" 0 t nil ("*Error* difference: can't handle (nil - nil)"))
\e 
\e 
\o ERROR (ADE-2708): Evaluation of output 'd2_dB' failed for point:'28' test:'IN'
\o 	Expression:'(harmonic(db(vh('pss "/OUT")) 1) - harmonic(db(vh('pss "/OUT")) 2))'
\o 	because of the following error(s)
\o 	*Error* difference: can't handle (nil - nil).
\o Ensure that the definition of output is correct.
\o 
\e *Error* db: can't handle db(nil)
\e 
\e 
\o ERROR (ADE-2709): Evaluation of output 'harm_2nd_dB' returned 'nil' for point:'28' test:'IN'
\o 	Expression:'harmonic(db(vh('pss "/OUT")) 2)'.
\o Ensure that the definition of output is correct.
\o 
\o 
\o *Info*    Run complete for Point ID (16 28) on testbench [ IN ].
\o 
\o 
\o 
\o 
\o 
\o 
\o 
\o 
\o 
\o 
\o *Info*    Run start for Point ID (16 35) on testbench [ IN ].
\o 
\o Resetting statistical vars
\o 
\o *Info*    Setting parameter values ...
\o 
\o Setting var VDD = "2.97"
\o Setting var temperature = "85"
\o Setting temp(T) = 85
\o 
\o *Info*    Netlist Directory =
\o           /home/saul/projects/IL2244_VT26_SAUL/Sim/FECG/gmc_lpf_tb/adexl/results/data/Interactive.47/35/IN/netlist
\o 
\o 
\o *Info*    Data Directory    =
\o           /home/saul/projects/IL2244_VT26_SAUL/Sim/FECG/gmc_lpf_tb/adexl/results/data/Interactive.47/35/IN
\o 
\o 
\o *Info*    Creating Netlist for Point ID (16 35)
\o 
\o generate netlist...
\o function ansCdlCompPrim redefined
\o function ansCdlCompPrim redefined
\o Begin Incremental Netlisting Apr  2 13:30:03 2026
\o End netlisting Apr  2 13:30:03 2026
\o 
\o 	The netlist is up to date.
\o 	Time taken to compare the design with netlist:   0.0s
\o       ...successful.
\o compose simulator input file...
\o       ...successful.
\o 
\o *Info*    Running simulation on testbench [ IN ] for Point ID (16 35).
\o 
\o Delete psf data in /home/saul/projects/IL2244_VT26_SAUL/Sim/FECG/gmc_lpf_tb/adexl/results/data/Interactive.47/35/IN/psf.
\o compose simulator input file...
\o       ...successful.
\o start simulator if needed...
\o       ...successful.
\o simulate...
\o To view the simulator output, right-click on the test name, result 
\o name, or any value in the "Results" tab of the Outputs section and 
\o choose "Output Log" menu option.
\o WARNING (ADE-3080): Fast viewing extensions for PSF XL format (also known as RTSF) will be discontinued  
\o        and Virtuoso Visualization and Analysis XL will not use RTSF data to plot waveforms from IC6.1.8 ISR7 onward. 
\o        There will be no performance impact on data visualization due to this change.
\o INFO (ADE-3071): Simulation completed successfully.
\o reading simulation data...
\o       ...successful.
\o *Info*    Client has finished evaluating ... 
\o 
\e *Error* db: can't handle db(nil)
\e 
\e 
\o ERROR (ADE-2709): Evaluation of output 'Fundamental_dB' returned 'nil' for point:'35' test:'IN'
\o 	Expression:'harmonic(db(vh('pss "/OUT")) 1)'.
\o Ensure that the definition of output is correct.
\o 
\e *Error* db: can't handle db(nil)
\e 
\e 
\o ERROR (ADE-2709): Evaluation of output 'v /OUT; pss dB20(V)' returned 'nil' for point:'35' test:'IN'
\o 	Expression:'db(vh('pss "/OUT"))'.
\o Ensure that the definition of output is correct.
\o 
\o WARNING (OCN-6038): Results noise are not available for /home/saul/projects/IL2244_VT26_SAUL/Sim/FECG/gmc_lpf_tb/adexl/results/data/Interactive.47/35/IN. Use results() for a list of available results.
\o WARNING (OCN-6038): Results noise are not available for /home/saul/projects/IL2244_VT26_SAUL/Sim/FECG/gmc_lpf_tb/adexl/results/data/Interactive.47/35/IN. Use results() for a list of available results.
\e *Error* ("expt" 0 t nil ("*Error* expt: can't handle (nil**2)"))
\e 
\e 
\o ERROR (ADE-2708): Evaluation of output 'output_noise_V' failed for point:'35' test:'IN'
\o 	Expression:'sqrt(totalNoise("noise" 0.01 100000000 nil))'
\o 	because of the following error(s)
\o 	*Error* expt: can't handle (nil**2).
\o Ensure that the definition of output is correct.
\o 
\e *Error* db: can't handle db(nil)
\e 
\e 
\e *Error* db: can't handle db(nil)
\e 
\e 
\e *Error* ("difference" 0 t nil ("*Error* difference: can't handle (nil - nil)"))
\e 
\e 
\o ERROR (ADE-2708): Evaluation of output 'd2_dB' failed for point:'35' test:'IN'
\o 	Expression:'(harmonic(db(vh('pss "/OUT")) 1) - harmonic(db(vh('pss "/OUT")) 2))'
\o 	because of the following error(s)
\o 	*Error* difference: can't handle (nil - nil).
\o Ensure that the definition of output is correct.
\o 
\e *Error* db: can't handle db(nil)
\e 
\e 
\o ERROR (ADE-2709): Evaluation of output 'harm_2nd_dB' returned 'nil' for point:'35' test:'IN'
\o 	Expression:'harmonic(db(vh('pss "/OUT")) 2)'.
\o Ensure that the definition of output is correct.
\o 
\o 
\o *Info*    Run complete for Point ID (16 35) on testbench [ IN ].
\o 
\o 
\o 
\o 
\o 
\o 
\o 
\o 
\o 
\o 
\o *Info*    Run start for Point ID (16 42) on testbench [ IN ].
\o 
\o Resetting statistical vars
\o 
\o *Info*    Setting parameter values ...
\o 
\o Setting var temperature = "-40"
\o Setting temp(T) = -40
\o 
\o *Info*    Netlist Directory =
\o           /home/saul/projects/IL2244_VT26_SAUL/Sim/FECG/gmc_lpf_tb/adexl/results/data/Interactive.47/42/IN/netlist
\o 
\o 
\o *Info*    Data Directory    =
\o           /home/saul/projects/IL2244_VT26_SAUL/Sim/FECG/gmc_lpf_tb/adexl/results/data/Interactive.47/42/IN
\o 
\o 
\o *Info*    Creating Netlist for Point ID (16 42)
\o 
\o generate netlist...
\o function ansCdlCompPrim redefined
\o function ansCdlCompPrim redefined
\o Begin Incremental Netlisting Apr  2 13:30:04 2026
\o End netlisting Apr  2 13:30:04 2026
\o 
\o 	The netlist is up to date.
\o 	Time taken to compare the design with netlist:   0.0s
\o       ...successful.
\o compose simulator input file...
\o       ...successful.
\o 
\o *Info*    Running simulation on testbench [ IN ] for Point ID (16 42).
\o 
\o Delete psf data in /home/saul/projects/IL2244_VT26_SAUL/Sim/FECG/gmc_lpf_tb/adexl/results/data/Interactive.47/42/IN/psf.
\o compose simulator input file...
\o       ...successful.
\o start simulator if needed...
\o       ...successful.
\o simulate...
\o To view the simulator output, right-click on the test name, result 
\o name, or any value in the "Results" tab of the Outputs section and 
\o choose "Output Log" menu option.
\o WARNING (ADE-3080): Fast viewing extensions for PSF XL format (also known as RTSF) will be discontinued  
\o        and Virtuoso Visualization and Analysis XL will not use RTSF data to plot waveforms from IC6.1.8 ISR7 onward. 
\o        There will be no performance impact on data visualization due to this change.
\o INFO (ADE-3071): Simulation completed successfully.
\o reading simulation data...
\o       ...successful.
\o *Info*    Client has finished evaluating ... 
\o 
\e *Error* db: can't handle db(nil)
\e 
\e 
\o ERROR (ADE-2709): Evaluation of output 'Fundamental_dB' returned 'nil' for point:'42' test:'IN'
\o 	Expression:'harmonic(db(vh('pss "/OUT")) 1)'.
\o Ensure that the definition of output is correct.
\o 
\e *Error* db: can't handle db(nil)
\e 
\e 
\o ERROR (ADE-2709): Evaluation of output 'v /OUT; pss dB20(V)' returned 'nil' for point:'42' test:'IN'
\o 	Expression:'db(vh('pss "/OUT"))'.
\o Ensure that the definition of output is correct.
\o 
\o WARNING (OCN-6038): Results noise are not available for /home/saul/projects/IL2244_VT26_SAUL/Sim/FECG/gmc_lpf_tb/adexl/results/data/Interactive.47/42/IN. Use results() for a list of available results.
\o WARNING (OCN-6038): Results noise are not available for /home/saul/projects/IL2244_VT26_SAUL/Sim/FECG/gmc_lpf_tb/adexl/results/data/Interactive.47/42/IN. Use results() for a list of available results.
\e *Error* ("expt" 0 t nil ("*Error* expt: can't handle (nil**2)"))
\e 
\e 
\o ERROR (ADE-2708): Evaluation of output 'output_noise_V' failed for point:'42' test:'IN'
\o 	Expression:'sqrt(totalNoise("noise" 0.01 100000000 nil))'
\o 	because of the following error(s)
\o 	*Error* expt: can't handle (nil**2).
\o Ensure that the definition of output is correct.
\o 
\e *Error* db: can't handle db(nil)
\e 
\e 
\e *Error* db: can't handle db(nil)
\e 
\e 
\e *Error* ("difference" 0 t nil ("*Error* difference: can't handle (nil - nil)"))
\e 
\e 
\o ERROR (ADE-2708): Evaluation of output 'd2_dB' failed for point:'42' test:'IN'
\o 	Expression:'(harmonic(db(vh('pss "/OUT")) 1) - harmonic(db(vh('pss "/OUT")) 2))'
\o 	because of the following error(s)
\o 	*Error* difference: can't handle (nil - nil).
\o Ensure that the definition of output is correct.
\o 
\e *Error* db: can't handle db(nil)
\e 
\e 
\o ERROR (ADE-2709): Evaluation of output 'harm_2nd_dB' returned 'nil' for point:'42' test:'IN'
\o 	Expression:'harmonic(db(vh('pss "/OUT")) 2)'.
\o Ensure that the definition of output is correct.
\o 
\o 
\o *Info*    Run complete for Point ID (16 42) on testbench [ IN ].
\o 
\o 
\o 
\o 
\o 
\o 
\o 
\o 
\o 
\o 
\o *Info*    Run start for Point ID (16 49) on testbench [ IN ].
\o 
\o Resetting statistical vars
\o 
\o *Info*    Setting parameter values ...
\o 
\o Setting var VDD = "3.63"
\o Setting var temperature = "85"
\o Setting temp(T) = 85
\o 
\o *Info*    Netlist Directory =
\o           /home/saul/projects/IL2244_VT26_SAUL/Sim/FECG/gmc_lpf_tb/adexl/results/data/Interactive.47/49/IN/netlist
\o 
\o 
\o *Info*    Data Directory    =
\o           /home/saul/projects/IL2244_VT26_SAUL/Sim/FECG/gmc_lpf_tb/adexl/results/data/Interactive.47/49/IN
\o 
\o 
\o *Info*    Creating Netlist for Point ID (16 49)
\o 
\o generate netlist...
\o function ansCdlCompPrim redefined
\o function ansCdlCompPrim redefined
\o Begin Incremental Netlisting Apr  2 13:30:06 2026
\o End netlisting Apr  2 13:30:06 2026
\o 
\o 	The netlist is up to date.
\o 	Time taken to compare the design with netlist:   0.0s
\o       ...successful.
\o compose simulator input file...
\o       ...successful.
\o 
\o *Info*    Running simulation on testbench [ IN ] for Point ID (16 49).
\o 
\o Delete psf data in /home/saul/projects/IL2244_VT26_SAUL/Sim/FECG/gmc_lpf_tb/adexl/results/data/Interactive.47/49/IN/psf.
\o compose simulator input file...
\o       ...successful.
\o start simulator if needed...
\o       ...successful.
\o simulate...
\o To view the simulator output, right-click on the test name, result 
\o name, or any value in the "Results" tab of the Outputs section and 
\o choose "Output Log" menu option.
\o WARNING (ADE-3080): Fast viewing extensions for PSF XL format (also known as RTSF) will be discontinued  
\o        and Virtuoso Visualization and Analysis XL will not use RTSF data to plot waveforms from IC6.1.8 ISR7 onward. 
\o        There will be no performance impact on data visualization due to this change.
\o INFO (ADE-3071): Simulation completed successfully.
\o reading simulation data...
\o       ...successful.
\o *Info*    Client has finished evaluating ... 
\o 
\e *Error* db: can't handle db(nil)
\e 
\e 
\o ERROR (ADE-2709): Evaluation of output 'Fundamental_dB' returned 'nil' for point:'49' test:'IN'
\o 	Expression:'harmonic(db(vh('pss "/OUT")) 1)'.
\o Ensure that the definition of output is correct.
\o 
\e *Error* db: can't handle db(nil)
\e 
\e 
\o ERROR (ADE-2709): Evaluation of output 'v /OUT; pss dB20(V)' returned 'nil' for point:'49' test:'IN'
\o 	Expression:'db(vh('pss "/OUT"))'.
\o Ensure that the definition of output is correct.
\o 
\o WARNING (OCN-6038): Results noise are not available for /home/saul/projects/IL2244_VT26_SAUL/Sim/FECG/gmc_lpf_tb/adexl/results/data/Interactive.47/49/IN. Use results() for a list of available results.
\o WARNING (OCN-6038): Results noise are not available for /home/saul/projects/IL2244_VT26_SAUL/Sim/FECG/gmc_lpf_tb/adexl/results/data/Interactive.47/49/IN. Use results() for a list of available results.
\e *Error* ("expt" 0 t nil ("*Error* expt: can't handle (nil**2)"))
\e 
\e 
\o ERROR (ADE-2708): Evaluation of output 'output_noise_V' failed for point:'49' test:'IN'
\o 	Expression:'sqrt(totalNoise("noise" 0.01 100000000 nil))'
\o 	because of the following error(s)
\o 	*Error* expt: can't handle (nil**2).
\o Ensure that the definition of output is correct.
\o 
\e *Error* db: can't handle db(nil)
\e 
\e 
\e *Error* db: can't handle db(nil)
\e 
\e 
\e *Error* ("difference" 0 t nil ("*Error* difference: can't handle (nil - nil)"))
\e 
\e 
\o ERROR (ADE-2708): Evaluation of output 'd2_dB' failed for point:'49' test:'IN'
\o 	Expression:'(harmonic(db(vh('pss "/OUT")) 1) - harmonic(db(vh('pss "/OUT")) 2))'
\o 	because of the following error(s)
\o 	*Error* difference: can't handle (nil - nil).
\o Ensure that the definition of output is correct.
\o 
\e *Error* db: can't handle db(nil)
\e 
\e 
\o ERROR (ADE-2709): Evaluation of output 'harm_2nd_dB' returned 'nil' for point:'49' test:'IN'
\o 	Expression:'harmonic(db(vh('pss "/OUT")) 2)'.
\o Ensure that the definition of output is correct.
\o 
\o 
\o *Info*    Run complete for Point ID (16 49) on testbench [ IN ].
\o 
\o 
\o 
\o 
\o 
\o 
\o 
\o 
\o 
\o 
\o *Info*    Run start for Point ID (16 56) on testbench [ IN ].
\o 
\o Resetting statistical vars
\o 
\o *Info*    Setting parameter values ...
\o 
\o Setting var temperature = "-40"
\o Setting temp(T) = -40
\o 
\o *Info*    Netlist Directory =
\o           /home/saul/projects/IL2244_VT26_SAUL/Sim/FECG/gmc_lpf_tb/adexl/results/data/Interactive.47/56/IN/netlist
\o 
\o 
\o *Info*    Data Directory    =
\o           /home/saul/projects/IL2244_VT26_SAUL/Sim/FECG/gmc_lpf_tb/adexl/results/data/Interactive.47/56/IN
\o 
\o 
\o *Info*    Creating Netlist for Point ID (16 56)
\o 
\o generate netlist...
\o function ansCdlCompPrim redefined
\o function ansCdlCompPrim redefined
\o Begin Incremental Netlisting Apr  2 13:30:07 2026
\o End netlisting Apr  2 13:30:07 2026
\o 
\o 	The netlist is up to date.
\o 	Time taken to compare the design with netlist:   0.0s
\o       ...successful.
\o compose simulator input file...
\o       ...successful.
\o 
\o *Info*    Running simulation on testbench [ IN ] for Point ID (16 56).
\o 
\o Delete psf data in /home/saul/projects/IL2244_VT26_SAUL/Sim/FECG/gmc_lpf_tb/adexl/results/data/Interactive.47/56/IN/psf.
\o compose simulator input file...
\o       ...successful.
\o start simulator if needed...
\o       ...successful.
\o simulate...
\o To view the simulator output, right-click on the test name, result 
\o name, or any value in the "Results" tab of the Outputs section and 
\o choose "Output Log" menu option.
\o WARNING (ADE-3080): Fast viewing extensions for PSF XL format (also known as RTSF) will be discontinued  
\o        and Virtuoso Visualization and Analysis XL will not use RTSF data to plot waveforms from IC6.1.8 ISR7 onward. 
\o        There will be no performance impact on data visualization due to this change.
\# Memory report: using         485 MB, process size 2,295 MB at UTC 2026.04.02 13:30:08.451
\o INFO (ADE-3071): Simulation completed successfully.
\o reading simulation data...
\o       ...successful.
\o *Info*    Client has finished evaluating ... 
\o 
\e *Error* db: can't handle db(nil)
\e 
\e 
\o ERROR (ADE-2709): Evaluation of output 'Fundamental_dB' returned 'nil' for point:'56' test:'IN'
\o 	Expression:'harmonic(db(vh('pss "/OUT")) 1)'.
\o Ensure that the definition of output is correct.
\o 
\e *Error* db: can't handle db(nil)
\e 
\e 
\o ERROR (ADE-2709): Evaluation of output 'v /OUT; pss dB20(V)' returned 'nil' for point:'56' test:'IN'
\o 	Expression:'db(vh('pss "/OUT"))'.
\o Ensure that the definition of output is correct.
\o 
\o WARNING (OCN-6038): Results noise are not available for /home/saul/projects/IL2244_VT26_SAUL/Sim/FECG/gmc_lpf_tb/adexl/results/data/Interactive.47/56/IN. Use results() for a list of available results.
\o WARNING (OCN-6038): Results noise are not available for /home/saul/projects/IL2244_VT26_SAUL/Sim/FECG/gmc_lpf_tb/adexl/results/data/Interactive.47/56/IN. Use results() for a list of available results.
\e *Error* ("expt" 0 t nil ("*Error* expt: can't handle (nil**2)"))
\e 
\e 
\o ERROR (ADE-2708): Evaluation of output 'output_noise_V' failed for point:'56' test:'IN'
\o 	Expression:'sqrt(totalNoise("noise" 0.01 100000000 nil))'
\o 	because of the following error(s)
\o 	*Error* expt: can't handle (nil**2).
\o Ensure that the definition of output is correct.
\o 
\e *Error* db: can't handle db(nil)
\e 
\e 
\e *Error* db: can't handle db(nil)
\e 
\e 
\e *Error* ("difference" 0 t nil ("*Error* difference: can't handle (nil - nil)"))
\e 
\e 
\o ERROR (ADE-2708): Evaluation of output 'd2_dB' failed for point:'56' test:'IN'
\o 	Expression:'(harmonic(db(vh('pss "/OUT")) 1) - harmonic(db(vh('pss "/OUT")) 2))'
\o 	because of the following error(s)
\o 	*Error* difference: can't handle (nil - nil).
\o Ensure that the definition of output is correct.
\o 
\e *Error* db: can't handle db(nil)
\e 
\e 
\o ERROR (ADE-2709): Evaluation of output 'harm_2nd_dB' returned 'nil' for point:'56' test:'IN'
\o 	Expression:'harmonic(db(vh('pss "/OUT")) 2)'.
\o Ensure that the definition of output is correct.
\o 
\o 
\o *Info*    Run complete for Point ID (16 56) on testbench [ IN ].
\o 
\o 
\o 
\o 
\o 
\o 
\o 
\o 
\o 
\o 
\o *Info*    Run start for Point ID (16 63) on testbench [ IN ].
\o 
\o Resetting statistical vars
\o 
\o *Info*    Setting parameter values ...
\o 
\o Setting var VDD = "2.97"
\o Setting var temperature = "85"
\o Setting temp(T) = 85
\o 
\o *Info*    Netlist Directory =
\o           /home/saul/projects/IL2244_VT26_SAUL/Sim/FECG/gmc_lpf_tb/adexl/results/data/Interactive.47/63/IN/netlist
\o 
\o 
\o *Info*    Data Directory    =
\o           /home/saul/projects/IL2244_VT26_SAUL/Sim/FECG/gmc_lpf_tb/adexl/results/data/Interactive.47/63/IN
\o 
\o 
\o *Info*    Creating Netlist for Point ID (16 63)
\o 
\o generate netlist...
\o function ansCdlCompPrim redefined
\o function ansCdlCompPrim redefined
\o Begin Incremental Netlisting Apr  2 13:30:09 2026
\o End netlisting Apr  2 13:30:09 2026
\o 
\o 	The netlist is up to date.
\o 	Time taken to compare the design with netlist:   0.0s
\o       ...successful.
\o compose simulator input file...
\o       ...successful.
\o 
\o *Info*    Running simulation on testbench [ IN ] for Point ID (16 63).
\o 
\o Delete psf data in /home/saul/projects/IL2244_VT26_SAUL/Sim/FECG/gmc_lpf_tb/adexl/results/data/Interactive.47/63/IN/psf.
\o compose simulator input file...
\o       ...successful.
\o start simulator if needed...
\o       ...successful.
\o simulate...
\o To view the simulator output, right-click on the test name, result 
\o name, or any value in the "Results" tab of the Outputs section and 
\o choose "Output Log" menu option.
\o WARNING (ADE-3080): Fast viewing extensions for PSF XL format (also known as RTSF) will be discontinued  
\o        and Virtuoso Visualization and Analysis XL will not use RTSF data to plot waveforms from IC6.1.8 ISR7 onward. 
\o        There will be no performance impact on data visualization due to this change.
\o INFO (ADE-3071): Simulation completed successfully.
\o reading simulation data...
\o       ...successful.
\o *Info*    Client has finished evaluating ... 
\o 
\e *Error* db: can't handle db(nil)
\e 
\e 
\o ERROR (ADE-2709): Evaluation of output 'Fundamental_dB' returned 'nil' for point:'63' test:'IN'
\o 	Expression:'harmonic(db(vh('pss "/OUT")) 1)'.
\o Ensure that the definition of output is correct.
\o 
\e *Error* db: can't handle db(nil)
\e 
\e 
\o ERROR (ADE-2709): Evaluation of output 'v /OUT; pss dB20(V)' returned 'nil' for point:'63' test:'IN'
\o 	Expression:'db(vh('pss "/OUT"))'.
\o Ensure that the definition of output is correct.
\o 
\o WARNING (OCN-6038): Results noise are not available for /home/saul/projects/IL2244_VT26_SAUL/Sim/FECG/gmc_lpf_tb/adexl/results/data/Interactive.47/63/IN. Use results() for a list of available results.
\o WARNING (OCN-6038): Results noise are not available for /home/saul/projects/IL2244_VT26_SAUL/Sim/FECG/gmc_lpf_tb/adexl/results/data/Interactive.47/63/IN. Use results() for a list of available results.
\e *Error* ("expt" 0 t nil ("*Error* expt: can't handle (nil**2)"))
\e 
\e 
\o ERROR (ADE-2708): Evaluation of output 'output_noise_V' failed for point:'63' test:'IN'
\o 	Expression:'sqrt(totalNoise("noise" 0.01 100000000 nil))'
\o 	because of the following error(s)
\o 	*Error* expt: can't handle (nil**2).
\o Ensure that the definition of output is correct.
\o 
\e *Error* db: can't handle db(nil)
\e 
\e 
\e *Error* db: can't handle db(nil)
\e 
\e 
\e *Error* ("difference" 0 t nil ("*Error* difference: can't handle (nil - nil)"))
\e 
\e 
\o ERROR (ADE-2708): Evaluation of output 'd2_dB' failed for point:'63' test:'IN'
\o 	Expression:'(harmonic(db(vh('pss "/OUT")) 1) - harmonic(db(vh('pss "/OUT")) 2))'
\o 	because of the following error(s)
\o 	*Error* difference: can't handle (nil - nil).
\o Ensure that the definition of output is correct.
\o 
\e *Error* db: can't handle db(nil)
\e 
\e 
\o ERROR (ADE-2709): Evaluation of output 'harm_2nd_dB' returned 'nil' for point:'63' test:'IN'
\o 	Expression:'harmonic(db(vh('pss "/OUT")) 2)'.
\o Ensure that the definition of output is correct.
\o 
\o 
\o *Info*    Run complete for Point ID (16 63) on testbench [ IN ].
\o 
\o 
\o 
\o 
\o 
\o Simulation design variables differ from those on the cellView,
\o they have been saved in the file "/tmp/saved-design-variables".
\o To save future changes, copy variables to cellView before exiting.
\# Lic Summary:
\# [13:35:16.037755] Cdslmd servers:3000@lic08.ug.kth.se:29000@lic06.ug.kth.se
\# [13:35:16.037776] Feature usage summary:
\# Memory report: on exit            488 MB, process size 2,296 MB at UTC 2026.04.02 13:35:16.562
\# Memory report: peak usage         488 MB, process size 2,298 MB
