*Info*    Exporting services from client ... 

*Info*    Client has finished starting ... 



*Info*    Configuring the session ...

	Library      = ECG_IA
	Cell         = ecg_ia_tb
	View         = schematic
	Simulator    = spectre
	State Path   = $AXL_SETUPDB_DIR/test_states
	State Name   = ECG_IA:ecg_ia_tb:1_none_Interactive.101
	Results DB   = /home/saul/projects/IL2244_VT26_SAUL/ECG_IA/ecg_ia_tb/adexl/results/data/Interactive.101.rdb
	Results Dir  = /home/saul/projects/IL2244_VT26_SAUL/Sim/ECG_IA/ecg_ia_tb/adexl/results/data/Interactive.101/1/ECG_IA:ecg_ia_tb:1
	Results Loc  = /home/saul/projects/IL2244_VT26_SAUL/Sim/ECG_IA/ecg_ia_tb/adexl/results/data
	Project Dir  = /home/saul/projects/IL2244_VT26_SAUL/Sim
	Setup DB loc = /home/saul/projects/IL2244_VT26_SAUL/ECG_IA/ecg_ia_tb/adexl
	File Encoding = 0



*Info*    The auto suspension is disabled.






*Info*    Run start for Point ID (20 1) on testbench [
          ECG_IA:ecg_ia_tb:1 ].

Resetting statistical vars

*Info*    Setting parameter values ...

Setting var FC = "2K"
Setting var VCM_AC = "1"
Setting var VCM_DC = "1.6"
Setting var VDD = "3.3"
Setting var VIN_AC = "1"
Setting var VIN_AMP = "10m"
Setting var VIN_DC = "0"
Setting var VIN_FREQ = "50"
Setting var temperature = "27"
Setting temp(T) = 27

*Info*    Netlist Directory =
          /home/saul/projects/IL2244_VT26_SAUL/Sim/ECG_IA/ecg_ia_tb/adexl/results/data/Interactive.101/1/ECG_IA:ecg_ia_tb:1/netlist


*Info*    Data Directory    =
          /home/saul/projects/IL2244_VT26_SAUL/Sim/ECG_IA/ecg_ia_tb/adexl/results/data/Interactive.101/1/ECG_IA:ecg_ia_tb:1


*Info*    Creating Netlist for Point ID (20 1)

generate netlist...
function ansCdlCompPrim redefined
function ansCdlCompPrim redefined
Begin Incremental Netlisting Mar 11 06:22:07 2026
ERROR (OSSHNL-109): The cellview 'ECG_IA/ecg_ia6/schematic' has been modified since the last extraction. Validate
that the schematic is correct and run Check and Save to correct this error.

End netlisting Mar 11 06:22:07 2026
ERROR (OSSHNL-514): Netlist generation failed because of the errors reported above. The netlist might not have been generated at all, or the generated netlist could be corrupt. Fix the reported errors and regenerate the netlist.
      ...unsuccessful.

*Error*   Error ID  = 5012
*Error*   Error Msg = Failed to create netlist.









*Info*    Run start for Point ID (20 1) on testbench [
          ECG_IA:ecg_ia_tb:1 ].

Resetting statistical vars

*Info*    Setting parameter values ...

Setting var FC = "2K"
Setting var VCM_AC = "1"
Setting var VCM_DC = "1.6"
Setting var VDD = "3.3"
Setting var VIN_AC = "1"
Setting var VIN_AMP = "10m"
Setting var VIN_DC = "0"
Setting var VIN_FREQ = "50"
Setting var temperature = "27"
Setting temp(T) = 27

*Info*    Netlist Directory =
          /home/saul/projects/IL2244_VT26_SAUL/Sim/ECG_IA/ecg_ia_tb/adexl/results/data/Interactive.101/1/ECG_IA:ecg_ia_tb:1/netlist


*Info*    Data Directory    =
          /home/saul/projects/IL2244_VT26_SAUL/Sim/ECG_IA/ecg_ia_tb/adexl/results/data/Interactive.101/1/ECG_IA:ecg_ia_tb:1


*Info*    Creating Netlist for Point ID (20 1)

generate netlist...
function ansCdlCompPrim redefined
function ansCdlCompPrim redefined
Begin Incremental Netlisting Mar 11 06:22:07 2026
ERROR (OSSHNL-109): The cellview 'ECG_IA/ecg_ia6/schematic' has been modified since the last extraction. Validate
that the schematic is correct and run Check and Save to correct this error.

End netlisting Mar 11 06:22:07 2026
ERROR (OSSHNL-514): Netlist generation failed because of the errors reported above. The netlist might not have been generated at all, or the generated netlist could be corrupt. Fix the reported errors and regenerate the netlist.
      ...unsuccessful.

*Error*   Error ID  = 5012
*Error*   Error Msg = Failed to create netlist.




Simulation design variables differ from those on the cellView,
they have been saved in the file "/tmp/saved-design-variables".
To save future changes, copy variables to cellView before exiting.
