*Info*    Exporting services from client ... 

*Info*    Client has finished starting ... 



*Info*    Configuring the session ...

	Library      = FECG
	Cell         = fecg_ia_tb
	View         = schematic
	Simulator    = spectre
	State Path   = $AXL_SETUPDB_DIR/test_states
	State Name   = ECG_IA:ecg_ia_tb:1_none_Interactive.256
	Results DB   = /home/saul/projects/IL2244_VT26_SAUL/FECG/fecg_ia_tb/adexl/results/data/Interactive.256.rdb
	Results Dir  = /home/saul/projects/IL2244_VT26_SAUL/Sim/FECG/fecg_ia_tb/adexl/results/data/Interactive.256/1/ECG_IA:ecg_ia_tb:1
	Results Loc  = /home/saul/projects/IL2244_VT26_SAUL/Sim/FECG/fecg_ia_tb/adexl/results/data
	Project Dir  = /home/saul/projects/IL2244_VT26_SAUL/Sim
	Setup DB loc = /home/saul/projects/IL2244_VT26_SAUL/FECG/fecg_ia_tb/adexl
	File Encoding = 0



*Info*    The auto suspension is disabled.






*Info*    Run start for Point ID (27 1) on testbench [
          ECG_IA:ecg_ia_tb:1 ].

Resetting statistical vars

*Info*    Setting parameter values ...

Setting var FC = "2K"
Setting var VCM_AC = "1"
Setting var VCM_DC = "1.6"
Setting var VDD = "3.3"
Setting var VDD_STEP = "0"
Setting var VIN_AC = "1"
Setting var VIN_AMP = "1m"
Setting var VIN_DC = "0"
Setting var VIN_FREQ = "50"
Setting var VIN_STEP = "0"
Setting var temperature = "27"
Setting temp(T) = 27

*Info*    Netlist Directory =
          /home/saul/projects/IL2244_VT26_SAUL/Sim/FECG/fecg_ia_tb/adexl/results/data/Interactive.256/1/ECG_IA:ecg_ia_tb:1/netlist


*Info*    Data Directory    =
          /home/saul/projects/IL2244_VT26_SAUL/Sim/FECG/fecg_ia_tb/adexl/results/data/Interactive.256/1/ECG_IA:ecg_ia_tb:1


*Info*    Creating Netlist for Point ID (27 1)

generate netlist...
function ansCdlCompPrim redefined
function ansCdlCompPrim redefined
Begin Incremental Netlisting Mar 18 10:15:12 2026
WARNING (OSSHNL-940): Same Cell name 'chopper' is present in multiple libraries -  ECG_IA and FECG.

WARNING (OSSHNL-940): Same Cell name 'chopper' is present in multiple libraries -  ECG_IA and FECG.

WARNING (OSSHNL-941): Failed to open the sameCellNamesInMultipleLibs file '/home/saul/projects/IL2244_VT26_SAUL/Sim/FECG/fecg_ia_tb/adexl/results/data/Interactive.238/1/Noise/netlist/ihnl/sameCellNamesInMultipleLibs', in the append mode.
Ensure that you have the write permission for the mentioned file.

End netlisting Mar 18 10:15:12 2026

Netlisting Statistics:
	Number of components:   40

	Elapsed time:          0.0s
Errors: 0	Warnings: 0
      ...successful.
compose simulator input file...
      ...successful.

*Info*    Running simulation on testbench [ ECG_IA:ecg_ia_tb:1 ] for
          Point ID (27 1).

Delete psf data in /home/saul/projects/IL2244_VT26_SAUL/Sim/FECG/fecg_ia_tb/adexl/results/data/Interactive.256/1/ECG_IA:ecg_ia_tb:1/psf.
compose simulator input file...
      ...successful.
start simulator if needed...
      ...successful.
simulate...
To view the simulator output, right-click on the test name, result 
name, or any value in the "Results" tab of the Outputs section and 
choose "Output Log" menu option.
WARNING (ADE-3080): Fast viewing extensions for PSF XL format (also known as RTSF) will be discontinued  
       and Virtuoso Visualization and Analysis XL will not use RTSF data to plot waveforms from IC6.1.8 ISR7 onward. 
       There will be no performance impact on data visualization due to this change.
INFO (ADE-3071): Simulation completed successfully.
reading simulation data...
      ...successful.
*Info*    Client has finished evaluating ... 

ERROR (ADEXL-2709): Evaluation of output 'v /net2; pss mag(V)' returned 'nil' for point:'1' test:'ECG_IA:ecg_ia_tb:1'
	Expression:'vh('pss "/net2")'.
Ensure that the definition of output is correct.

ERROR (ADEXL-2709): Evaluation of output 'v /VOUT; pss mag(V)' returned 'nil' for point:'1' test:'ECG_IA:ecg_ia_tb:1'
	Expression:'vh('pss "/VOUT")'.
Ensure that the definition of output is correct.

WARNING (OCN-6038): Results pz are not available for /home/saul/projects/IL2244_VT26_SAUL/Sim/FECG/fecg_ia_tb/adexl/results/data/Interactive.256/1/ECG_IA:ecg_ia_tb:1. Use results() for a list of available results.
WARNING (OCN-6038): Results pz are not available for /home/saul/projects/IL2244_VT26_SAUL/Sim/FECG/fecg_ia_tb/adexl/results/data/Interactive.256/1/ECG_IA:ecg_ia_tb:1. Use results() for a list of available results.
ERROR (ADEXL-2709): Evaluation of output 'Zeros' returned 'nil' for point:'1' test:'ECG_IA:ecg_ia_tb:1'
	Expression:'pzFrequencyAndRealFilter(getData("zeros" ?result "pz"))'.
Ensure that the definition of output is correct.

WARNING (OCN-6038): Results pz are not available for /home/saul/projects/IL2244_VT26_SAUL/Sim/FECG/fecg_ia_tb/adexl/results/data/Interactive.256/1/ECG_IA:ecg_ia_tb:1. Use results() for a list of available results.
WARNING (OCN-6038): Results pz are not available for /home/saul/projects/IL2244_VT26_SAUL/Sim/FECG/fecg_ia_tb/adexl/results/data/Interactive.256/1/ECG_IA:ecg_ia_tb:1. Use results() for a list of available results.
ERROR (ADEXL-2709): Evaluation of output 'Poles' returned 'nil' for point:'1' test:'ECG_IA:ecg_ia_tb:1'
	Expression:'pzFrequencyAndRealFilter(getData("poles" ?result "pz"))'.
Ensure that the definition of output is correct.

WARNING (OCN-6038): Results pnoiseOut1 are not available for /home/saul/projects/IL2244_VT26_SAUL/Sim/FECG/fecg_ia_tb/adexl/results/data/Interactive.256/1/ECG_IA:ecg_ia_tb:1. Use results() for a list of available results.
WARNING (OCN-6038): Results pnoiseOut1 are not available for /home/saul/projects/IL2244_VT26_SAUL/Sim/FECG/fecg_ia_tb/adexl/results/data/Interactive.256/1/ECG_IA:ecg_ia_tb:1. Use results() for a list of available results.
ERROR (ADEXL-2708): Evaluation of output 'output noise-(VOUT 0); V/sqrt(Hz)' failed for point:'1' test:'ECG_IA:ecg_ia_tb:1'
	Expression:'rfOutputNoise("V/sqrt(Hz)" ?result "pnoiseOut1")'
	because of the following error(s)
	*Error* expt: can't handle (nil**2).
Ensure that the definition of output is correct.


*Info*    Run complete for Point ID (27 1) on testbench [
          ECG_IA:ecg_ia_tb:1 ].





Simulation design variables differ from those on the cellView,
they have been saved in the file "/tmp/saved-design-variables".
To save future changes, copy variables to cellView before exiting.
