[Simulation Monitor: 44]
[2026-04-18 19:52:34.189 Z] [PROCESS] [cadence.virtuoso.ade.simulationMonitor] - Simulation Monitor has successfully started up. Trying to set up communication channels to other components ... {"hostname": "edatools", "processid": 3655933, "logfile": "/home/saul/projects/IL2244_VT26_SAUL/logs_saul/logs0/Job44.log"}
[2026-04-18 19:52:34.190 Z] [PROCESS] [cadence.virtuoso.ade.simulationMonitor] - Communication channels have been successfully set up. Start processing events ... {"hostname": "edatools", "processid": 3655933, "logfile": "/home/saul/projects/IL2244_VT26_SAUL/logs_saul/logs0/Job44.log"}
[2026-04-18 19:52:34.190 Z] [PROCESS] [cadence.virtuoso.ade.simulationMonitor] - Considering to start history {"hostname": "edatools", "processid": 3655933, "history": "Interactive.93", "logfile": "/home/saul/projects/IL2244_VT26_SAUL/logs_saul/logs0/Job44.log"}
[2026-04-18 19:52:34.191 Z] [PROCESS] [cadence.virtuoso.ade.simulationMonitor] - HostInfo:
Host name (type):	edatools (x86_64)
Operating system:	Linux 6.17.0-20-generic #20~24.04.1-Ubuntu SMP PREEMPT_DYNAMIC Thu Mar 19 01:28:37 UTC 2 {"hostname": "edatools", "processid": 3655933, "history": "Interactive.93", "logfile": "/home/saul/projects/IL2244_VT26_SAUL/logs_saul/logs0/Job44.log", "nodename": "edatools", "domainname": "(none)", "machine": "x86_64", "sysname": "Linux", "release": "6.17.0-20-generic", "version": "#20~24.04.1-Ubuntu SMP PREEMPT_DYNAMIC Thu Mar 19 01:28:37 UTC 2"}
[2026-04-18 19:52:34.191 Z] [PROCESS] [cadence.virtuoso.ade.simulationMonitor] - UsageInfo:
pid=3655933
totalPhysicalMemory=62.544991GB,Used=35.357227GB,totalVirtualMemory=70.544987GB,Used=35.357227GB
Cpu: Cores=16, Load average:0.290000,0.210000,0.140000 {"hostname": "edatools", "processid": 3655933, "history": "Interactive.93", "logfile": "/home/saul/projects/IL2244_VT26_SAUL/logs_saul/logs0/Job44.log", "pid": "3655933", "totalPhysicalMemory": "62.544991", "physicalMemoryUsed": "35.357227", "totalVirtualMemory": "70.544987", "virtualMemoryUsed": "35.357227", "cpuCores": "16", "processes": "1950", "loadAverage1": "0.290000", "loadAverage5": "0.210000", "loadAverage15": "0.140000", "loadAverage1Percent": "0.018125"}
[2026-04-18 19:52:34.191 Z] [EVENT] [cadence.virtuoso.ade.simulationMonitor] - NewPoint {"history": "Interactive.93", "point": 1, "testname": "FECG_fecg_cmfb_tb_1", "cornername": "Nominal", "event": "NewPoint", "EventSource": "Simulation Monitor", "HistoryName": "Interactive.93", "logFile": "/home/saul/projects/IL2244_VT26_SAUL/logs_saul/logs0/Job44.log", "logFileSize": "2205"}
[2026-04-18 19:52:34.292 Z] [EVENT] [cadence.virtuoso.ade.simulationMonitor] - NewPoint {"history": "Interactive.93", "point": 1, "testname": "FECG_fecg_cmfb_tb_1", "cornername": "Nominal", "event": "NewPoint", "EventSource": "spectre", "HistoryName": "Interactive.93", "logFile": "/home/saul/projects/IL2244_VT26_SAUL/Sim/FECG/fecg_cmfb_tb/maestro/results/maestro/Interactive.93/1/FECG_fecg_cmfb_tb_1/psf/spectre.out", "logFileSize": "-1"}
[2026-04-18 19:52:34.302 Z] [PROCESS] [cadence.virtuoso.ade.simulationMonitor] - Simulator launched {"hostname": "edatools", "processid": 3655933, "history": "Interactive.93", "testname": "FECG_fecg_cmfb_tb_1", "cornername": "Nominal", "point": 1, "logfile": "/home/saul/projects/IL2244_VT26_SAUL/logs_saul/logs0/Job44.log", "simid": "1"}
[2026-04-18 19:52:34.303 Z] [PROCESS] [cadence.virtuoso.ade.simulationMonitor] - Expression evaluator launched {"hostname": "edatools", "processid": 3655933, "history": "Interactive.93", "testname": "FECG_fecg_cmfb_tb_1", "cornername": "Nominal", "point": 1, "logfile": "/home/saul/projects/IL2244_VT26_SAUL/logs_saul/logs0/Job44.log"}
[2026-04-18 19:52:34.333 Z] [PROCESS] [cadence.virtuoso.ade.simulationMonitor] - Started Simulation {"hostname": "edatools", "processid": 3655933, "history": "Interactive.93", "testname": "FECG_fecg_cmfb_tb_1", "cornername": "Nominal", "point": 1, "logfile": "/home/saul/projects/IL2244_VT26_SAUL/logs_saul/logs0/Job44.log", "event": "started", "task": "simulation"}
[2026-04-18 19:52:34.834 Z] [INFO] [cadence.virtuoso.ade.simulationMonitor] - Notice from spectre during circuit read-in.
    Pre_Configuration file used: /opt/tools/cadence/installs/SPECTRE241/tools.lnx86/spectre/etc/configs/preset.precfg
    Configuration file used: `/opt/tools/cadence/installs/SPECTRE241/tools.lnx86/spectre/etc/configs/preset.cfg'. {"history": "Interactive.93", "point": 1, "testname": "FECG_fecg_cmfb_tb_1", "cornername": "Nominal"}
[2026-04-18 19:52:34.834 Z] [WARN] [cadence.virtuoso.ade.simulationMonitor] -     WARNING (SPECTRE-8360): line 1511: `ac' is an undefined primitive device. {"history": "Interactive.93", "point": 1, "testname": "FECG_fecg_cmfb_tb_1", "cornername": "Nominal"}
[2026-04-18 19:52:34.834 Z] [WARN] [cadence.virtuoso.ade.simulationMonitor] -     WARNING (SPECTRE-8360): line 1512: `ac' is an undefined primitive device. {"history": "Interactive.93", "point": 1, "testname": "FECG_fecg_cmfb_tb_1", "cornername": "Nominal"}
[2026-04-18 19:52:34.834 Z] [WARN] [cadence.virtuoso.ade.simulationMonitor] -     WARNING (SPECTRE-8360): line 1513: `ac' is an undefined primitive device. {"history": "Interactive.93", "point": 1, "testname": "FECG_fecg_cmfb_tb_1", "cornername": "Nominal"}
[2026-04-18 19:52:34.834 Z] [WARN] [cadence.virtuoso.ade.simulationMonitor] -     WARNING (SPECTRE-8360): line 1514: `ac' is an undefined primitive device. {"history": "Interactive.93", "point": 1, "testname": "FECG_fecg_cmfb_tb_1", "cornername": "Nominal"}
[2026-04-18 19:52:34.834 Z] [WARN] [cadence.virtuoso.ade.simulationMonitor] -     WARNING (SPECTRE-8360): line 1515: `ac' is an undefined primitive device.
        Further occurrences of this warning will be suppressed. {"history": "Interactive.93", "point": 1, "testname": "FECG_fecg_cmfb_tb_1", "cornername": "Nominal"}
[2026-04-18 19:52:34.834 Z] [INFO] [cadence.virtuoso.ade.simulationMonitor] - Peak resident memory used = 171 Mbytes. {"history": "Interactive.93", "point": 1, "testname": "FECG_fecg_cmfb_tb_1", "cornername": "Nominal"}
[2026-04-18 19:52:34.834 Z] [WARN] [cadence.virtuoso.ade.simulationMonitor] -     WARNING (VACOMP-2435): The environment variable CDS_AHDLCMI_ENABLE is no longer supported. Therefore, the simulator will use the default compiled C code flow. {"history": "Interactive.93", "point": 1, "testname": "FECG_fecg_cmfb_tb_1", "cornername": "Nominal"}
[2026-04-18 19:52:34.834 Z] [WARN] [cadence.virtuoso.ade.simulationMonitor] -     WARNING (SFE-3029): The dummy capacitor C8 is removed. {"history": "Interactive.93", "point": 1, "testname": "FECG_fecg_cmfb_tb_1", "cornername": "Nominal"}
[2026-04-18 19:52:34.834 Z] [INFO] [cadence.virtuoso.ade.simulationMonitor] - Peak resident memory used = 187 Mbytes. {"history": "Interactive.93", "point": 1, "testname": "FECG_fecg_cmfb_tb_1", "cornername": "Nominal"}
[2026-04-18 19:52:34.834 Z] [INFO] [cadence.virtuoso.ade.simulationMonitor] - Notice from spectre during hierarchy flattening.
    The value 'psf' specified for the 'checklimitdest' option will no longer be supported in future releases. Use 'spectre -h' to see other recommended values for the 'checklimitdest' option.
    I7.R10.CS0 of rpolyhc: `c' has the unusually small value of 0 F.
    I7.R10.CS1 of rpolyhc: `c' has the unusually small value of 0 F.
    I7.R9.CS0 of rpolyhc: `c' has the unusually small value of 0 F.
    I7.R9.CS1 of rpolyhc: `c' has the unusually small value of 0... {"history": "Interactive.93", "point": 1, "testname": "FECG_fecg_cmfb_tb_1", "cornername": "Nominal"}
[2026-04-18 19:52:34.834 Z] [INFO] [cadence.virtuoso.ade.simulationMonitor] - Peak resident memory used = 189 Mbytes. {"history": "Interactive.93", "point": 1, "testname": "FECG_fecg_cmfb_tb_1", "cornername": "Nominal"}
[2026-04-18 19:52:34.834 Z] [WARN] [cadence.virtuoso.ade.simulationMonitor] -     WARNING (CMI-2425): I7.I3.C1: `Acde' = 2.393 is unusually large. {"history": "Interactive.93", "point": 1, "testname": "FECG_fecg_cmfb_tb_1", "cornername": "Nominal"}
[2026-04-18 19:52:34.834 Z] [WARN] [cadence.virtuoso.ade.simulationMonitor] -     WARNING (CMI-2425): I7.I3.C1: `Noff' = 4.732 is unusually large. {"history": "Interactive.93", "point": 1, "testname": "FECG_fecg_cmfb_tb_1", "cornername": "Nominal"}
[2026-04-18 19:52:34.834 Z] [WARN] [cadence.virtuoso.ade.simulationMonitor] -     WARNING (CMI-2424): I7.I3.C1: `Voffcv' = -867.4e-03 is unusually small. {"history": "Interactive.93", "point": 1, "testname": "FECG_fecg_cmfb_tb_1", "cornername": "Nominal"}
[2026-04-18 19:52:34.834 Z] [WARN] [cadence.virtuoso.ade.simulationMonitor] -     WARNING (CMI-2425): I7.C0: `Acde' = 2.393 is unusually large. {"history": "Interactive.93", "point": 1, "testname": "FECG_fecg_cmfb_tb_1", "cornername": "Nominal"}
[2026-04-18 19:52:34.835 Z] [WARN] [cadence.virtuoso.ade.simulationMonitor] -     WARNING (CMI-2425): I7.C0: `Noff' = 4.732 is unusually large. {"history": "Interactive.93", "point": 1, "testname": "FECG_fecg_cmfb_tb_1", "cornername": "Nominal"}
[2026-04-18 19:52:34.835 Z] [WARN] [cadence.virtuoso.ade.simulationMonitor] -     WARNING (CMI-2424): I7.C0: `Voffcv' = -867.4e-03 is unusually small. {"history": "Interactive.93", "point": 1, "testname": "FECG_fecg_cmfb_tb_1", "cornername": "Nominal"}
[2026-04-18 19:52:34.835 Z] [WARN] [cadence.virtuoso.ade.simulationMonitor] -     WARNING (SPECTRE-17607): Assert `SOAC_rpolyh_vminuspsub' is ignored because it contains an expression which is invalid or not supported by native evaluator.  {"history": "Interactive.93", "point": 1, "testname": "FECG_fecg_cmfb_tb_1", "cornername": "Nominal"}
[2026-04-18 19:52:34.835 Z] [WARN] [cadence.virtuoso.ade.simulationMonitor] -     WARNING (SPECTRE-17607): Assert `SOAC_rpolyh_vpluspsub' is ignored because it contains an expression which is invalid or not supported by native evaluator.  {"history": "Interactive.93", "point": 1, "testname": "FECG_fecg_cmfb_tb_1", "cornername": "Nominal"}
[2026-04-18 19:52:34.835 Z] [WARN] [cadence.virtuoso.ade.simulationMonitor] -     WARNING (SPECTRE-16460): SOAC_cvarm_vspsub:Specified subcircuit master `cvarm' was not found. {"history": "Interactive.93", "point": 1, "testname": "FECG_fecg_cmfb_tb_1", "cornername": "Nominal"}
[2026-04-18 19:52:34.836 Z] [WARN] [cadence.virtuoso.ade.simulationMonitor] -     WARNING (SPECTRE-16462): SOAC_cvarm_vspsub:Error in specification of subcircuit master. Assert is ignored. {"history": "Interactive.93", "point": 1, "testname": "FECG_fecg_cmfb_tb_1", "cornername": "Nominal"}
[2026-04-18 19:52:34.836 Z] [WARN] [cadence.virtuoso.ade.simulationMonitor] -     WARNING (SPECTRE-16460): SOAC_cvarm_vbs:Specified subcircuit master `cvarm' was not found. {"history": "Interactive.93", "point": 1, "testname": "FECG_fecg_cmfb_tb_1", "cornername": "Nominal"}
[2026-04-18 19:52:34.836 Z] [WARN] [cadence.virtuoso.ade.simulationMonitor] -     WARNING (SPECTRE-16462): SOAC_cvarm_vbs:Error in specification of subcircuit master. Assert is ignored. {"history": "Interactive.93", "point": 1, "testname": "FECG_fecg_cmfb_tb_1", "cornername": "Nominal"}
[2026-04-18 19:52:34.836 Z] [WARN] [cadence.virtuoso.ade.simulationMonitor] -     WARNING (SPECTRE-16460): SOAC_cvarm_vgb:Specified subcircuit master `cvarm' was not found. {"history": "Interactive.93", "point": 1, "testname": "FECG_fecg_cmfb_tb_1", "cornername": "Nominal"}
[2026-04-18 19:52:34.836 Z] [WARN] [cadence.virtuoso.ade.simulationMonitor] -     WARNING (SPECTRE-16462): SOAC_cvarm_vgb:Error in specification of subcircuit master. Assert is ignored. {"history": "Interactive.93", "point": 1, "testname": "FECG_fecg_cmfb_tb_1", "cornername": "Nominal"}
[2026-04-18 19:52:34.836 Z] [WARN] [cadence.virtuoso.ade.simulationMonitor] -     WARNING (SPECTRE-16460): SOAC_cvart_vspsub:Specified subcircuit master `cvart' was not found. {"history": "Interactive.93", "point": 1, "testname": "FECG_fecg_cmfb_tb_1", "cornername": "Nominal"}
[2026-04-18 19:52:34.836 Z] [WARN] [cadence.virtuoso.ade.simulationMonitor] -     WARNING (SPECTRE-16462): SOAC_cvart_vspsub:Error in specification of subcircuit master. Assert is ignored. {"history": "Interactive.93", "point": 1, "testname": "FECG_fecg_cmfb_tb_1", "cornername": "Nominal"}
[2026-04-18 19:52:34.836 Z] [WARN] [cadence.virtuoso.ade.simulationMonitor] -     WARNING (SPECTRE-16460): SOAC_cvart_vbs:Specified subcircuit master `cvart' was not found.
        Further occurrences of this warning will be suppressed. {"history": "Interactive.93", "point": 1, "testname": "FECG_fecg_cmfb_tb_1", "cornername": "Nominal"}
[2026-04-18 19:52:34.836 Z] [WARN] [cadence.virtuoso.ade.simulationMonitor] -     WARNING (SPECTRE-16462): SOAC_cvart_vbs:Error in specification of subcircuit master. Assert is ignored.
        Further occurrences of this warning will be suppressed. {"history": "Interactive.93", "point": 1, "testname": "FECG_fecg_cmfb_tb_1", "cornername": "Nominal"}
[2026-04-18 19:52:34.836 Z] [WARN] [cadence.virtuoso.ade.simulationMonitor] -     WARNING (SPECTRE-17607): Assert `SOAC_cvar_vspsub' is ignored because it contains an expression which is invalid or not supported by native evaluator.  {"history": "Interactive.93", "point": 1, "testname": "FECG_fecg_cmfb_tb_1", "cornername": "Nominal"}
[2026-04-18 19:52:34.836 Z] [WARN] [cadence.virtuoso.ade.simulationMonitor] -     WARNING (SPECTRE-17607): Assert `SOAC_cvar_vbpsub' is ignored because it contains an expression which is invalid or not supported by native evaluator.  {"history": "Interactive.93", "point": 1, "testname": "FECG_fecg_cmfb_tb_1", "cornername": "Nominal"}
[2026-04-18 19:52:34.836 Z] [WARN] [cadence.virtuoso.ade.simulationMonitor] -     WARNING (SPECTRE-17607): Assert `SOAC_cvar_vgpsub' is ignored because it contains an expression which is invalid or not supported by native evaluator. 
        Further occurrences of this warning will be suppressed. {"history": "Interactive.93", "point": 1, "testname": "FECG_fecg_cmfb_tb_1", "cornername": "Nominal"}
[2026-04-18 19:52:35.337 Z] [INFO] [cadence.virtuoso.ade.simulationMonitor] - Notice from spectre during topology check.
    No DC path from node `VA' to ground, Gmin installed to provide path. {"history": "Interactive.93", "point": 1, "testname": "FECG_fecg_cmfb_tb_1", "cornername": "Nominal"}
[2026-04-18 19:52:35.337 Z] [INFO] [cadence.virtuoso.ade.simulationMonitor] - Notice from spectre during initial setup.
    Multithreading is disabled due to the size of the design being too small. {"history": "Interactive.93", "point": 1, "testname": "FECG_fecg_cmfb_tb_1", "cornername": "Nominal"}
[2026-04-18 19:52:35.338 Z] [INFO] [cadence.virtuoso.ade.simulationMonitor] -               nodes 63 {"history": "Interactive.93", "point": 1, "testname": "FECG_fecg_cmfb_tb_1", "cornername": "Nominal"}
[2026-04-18 19:52:35.338 Z] [INFO] [cadence.virtuoso.ade.simulationMonitor] - Notice from spectre during initial setup.
    2 resistors are shorted because their absolute value is less than or equal to 'rabsshort'.
    1 vsources are shorted because their absolute value is less than or equal to 'vabsshort'.
    Spectre X preset=cx enabled. {"history": "Interactive.93", "point": 1, "testname": "FECG_fecg_cmfb_tb_1", "cornername": "Nominal"}
[2026-04-18 19:52:35.338 Z] [WARN] [cadence.virtuoso.ade.simulationMonitor] -     WARNING (CMI-2425): I7.I3.C1: `Acde' = 2.393 is unusually large.
        Further occurrences of this warning will be suppressed. {"history": "Interactive.93", "point": 1, "testname": "FECG_fecg_cmfb_tb_1", "cornername": "Nominal"}
[2026-04-18 19:52:35.338 Z] [WARN] [cadence.virtuoso.ade.simulationMonitor] -     WARNING (CMI-2424): I7.I3.C1: `Voffcv' = -867.4e-03 is unusually small. {"history": "Interactive.93", "point": 1, "testname": "FECG_fecg_cmfb_tb_1", "cornername": "Nominal"}
[2026-04-18 19:52:35.338 Z] [WARN] [cadence.virtuoso.ade.simulationMonitor] -     WARNING (CMI-2424): I7.C0: `Voffcv' = -867.4e-03 is unusually small. {"history": "Interactive.93", "point": 1, "testname": "FECG_fecg_cmfb_tb_1", "cornername": "Nominal"}
[2026-04-18 19:52:35.339 Z] [INFO] [cadence.virtuoso.ade.simulationMonitor] - Notice from spectre.
    7 notices suppressed.
    77 warnings suppressed. {"history": "Interactive.93", "point": 1, "testname": "FECG_fecg_cmfb_tb_1", "cornername": "Nominal"}
[2026-04-18 19:52:35.339 Z] [INFO] [cadence.virtuoso.ade.simulationMonitor] - Peak resident memory used = 197 Mbytes. {"history": "Interactive.93", "point": 1, "testname": "FECG_fecg_cmfb_tb_1", "cornername": "Nominal"}
[2026-04-18 19:52:35.339 Z] [INFO] [cadence.virtuoso.ade.simulationMonitor] -    -   (Spectre X) Multi-threading. The recommended number of threads is 1, consider adding +mt=1 on command line. {"history": "Interactive.93", "point": 1, "testname": "FECG_fecg_cmfb_tb_1", "cornername": "Nominal"}
[2026-04-18 19:52:35.339 Z] [INFO] [cadence.virtuoso.ade.simulationMonitor] - Notice from spectre during DC analysis `dcOp'.
    No checklimit analysis defined for asserts. A default checklimit analysis 'SpectreChecklimitAnal' has been created with all asserts enabled. {"history": "Interactive.93", "point": 1, "testname": "FECG_fecg_cmfb_tb_1", "cornername": "Nominal"}
[2026-04-18 19:52:35.339 Z] [INFO] [cadence.virtuoso.ade.simulationMonitor] - Notice from spectre during DC analysis `dcOp'.
    GminDC = 1 pS is large enough to noticeably affect the DC solution.
        dV(I7.I3.C1.d1) = 2.5885 mV
        Use the `gmin_check' option to eliminate or expand this report.
    Bad pivoting is found during DC analysis. Option dc_pivot_check=yes is recommended for possible improvement of convergence. {"history": "Interactive.93", "point": 1, "testname": "FECG_fecg_cmfb_tb_1", "cornername": "Nominal"}
[2026-04-18 19:52:35.339 Z] [WARN] [cadence.virtuoso.ade.simulationMonitor] -     WARNING (CMI-2943): Parameter checks have been ignored because the valid value for parameter 'trise' could not be found in 'C9'. {"history": "Interactive.93", "point": 1, "testname": "FECG_fecg_cmfb_tb_1", "cornername": "Nominal"}
[2026-04-18 19:52:35.339 Z] [WARN] [cadence.virtuoso.ade.simulationMonitor] -     WARNING (CMI-2943): Parameter checks have been ignored because the valid value for parameter 'trise' could not be found in 'C0'. {"history": "Interactive.93", "point": 1, "testname": "FECG_fecg_cmfb_tb_1", "cornername": "Nominal"}
[2026-04-18 19:52:35.340 Z] [WARN] [cadence.virtuoso.ade.simulationMonitor] -     WARNING (CMI-2943): Parameter checks have been ignored because the valid value for parameter 'trise' could not be found in 'C1'. {"history": "Interactive.93", "point": 1, "testname": "FECG_fecg_cmfb_tb_1", "cornername": "Nominal"}
[2026-04-18 19:52:35.340 Z] [WARN] [cadence.virtuoso.ade.simulationMonitor] -     WARNING (CMI-2943): Parameter checks have been ignored because the valid value for parameter 'trise' could not be found in 'C4'. {"history": "Interactive.93", "point": 1, "testname": "FECG_fecg_cmfb_tb_1", "cornername": "Nominal"}
[2026-04-18 19:52:35.340 Z] [WARN] [cadence.virtuoso.ade.simulationMonitor] -     WARNING (CMI-2943): Parameter checks have been ignored because the valid value for parameter 'trise' could not be found in 'C5'.
        Further occurrences of this warning will be suppressed. {"history": "Interactive.93", "point": 1, "testname": "FECG_fecg_cmfb_tb_1", "cornername": "Nominal"}
[2026-04-18 19:52:35.340 Z] [INFO] [cadence.virtuoso.ade.simulationMonitor] - Total time required for dc analysis `dcOp': CPU = 31.547 ms, elapsed = 41.697 ms, util. = 75.7%. {"history": "Interactive.93", "point": 1, "testname": "FECG_fecg_cmfb_tb_1", "cornername": "Nominal"}
[2026-04-18 19:52:35.340 Z] [INFO] [cadence.virtuoso.ade.simulationMonitor] - Peak resident memory used = 203 Mbytes. {"history": "Interactive.93", "point": 1, "testname": "FECG_fecg_cmfb_tb_1", "cornername": "Nominal"}
[2026-04-18 19:52:35.340 Z] [INFO] [cadence.virtuoso.ade.simulationMonitor] - Notice from spectre.
    43 warnings suppressed. {"history": "Interactive.93", "point": 1, "testname": "FECG_fecg_cmfb_tb_1", "cornername": "Nominal"}
[2026-04-18 19:52:35.340 Z] [INFO] [cadence.virtuoso.ade.simulationMonitor] - Time used: CPU = 242 ms, elapsed = 530 ms, util. = 45.8%. {"history": "Interactive.93", "point": 1, "testname": "FECG_fecg_cmfb_tb_1", "cornername": "Nominal"}
[2026-04-18 19:52:35.340 Z] [INFO] [cadence.virtuoso.ade.simulationMonitor] - Time spent in licensing: elapsed = 73.3 ms, percentage of total = 13.8%. {"history": "Interactive.93", "point": 1, "testname": "FECG_fecg_cmfb_tb_1", "cornername": "Nominal"}
[2026-04-18 19:52:35.341 Z] [INFO] [cadence.virtuoso.ade.simulationMonitor] - Peak memory used = 205 Mbytes. {"history": "Interactive.93", "point": 1, "testname": "FECG_fecg_cmfb_tb_1", "cornername": "Nominal"}
[2026-04-18 19:52:35.341 Z] [PROCESS] [cadence.virtuoso.ade.simulationMonitor] - Simulation started at: 7:52:34 PM, Sat Apr 18, 2026, ended at: 7:52:34 PM, Sat Apr 18, 2026, with elapsed time (wall clock): 530 ms. {"history": "Interactive.93", "point": 1, "testname": "FECG_fecg_cmfb_tb_1", "cornername": "Nominal"}
[2026-04-18 19:52:35.341 Z] [PROCESS] [cadence.virtuoso.ade.simulationMonitor] - spectre completes with 0 errors, 36 warnings, and 21 notices. {"history": "Interactive.93", "point": 1, "testname": "FECG_fecg_cmfb_tb_1", "cornername": "Nominal"}
[2026-04-18 19:52:35.341 Z] [PROCESS] [cadence.virtuoso.ade.simulationMonitor] - Finished simulating for one point {"hostname": "edatools", "processid": 3655933, "history": "Interactive.93", "testname": "FECG_fecg_cmfb_tb_1", "cornername": "Nominal", "point": 1, "logfile": "/home/saul/projects/IL2244_VT26_SAUL/logs_saul/logs0/Job44.log", "simid": "1"}
[2026-04-18 19:52:35.341 Z] [PROCESS] [cadence.virtuoso.ade.simulationMonitor] - Simulator exited {"hostname": "edatools", "processid": 3655933, "history": "Interactive.93", "testname": "FECG_fecg_cmfb_tb_1", "cornername": "Nominal", "point": 1, "logfile": "/home/saul/projects/IL2244_VT26_SAUL/logs_saul/logs0/Job44.log", "exitStatus": "0"}
[2026-04-18 19:52:35.341 Z] [PROCESS] [cadence.virtuoso.ade.simulationMonitor] - Finished Simulation {"hostname": "edatools", "processid": 3655933, "history": "Interactive.93", "testname": "FECG_fecg_cmfb_tb_1", "cornername": "Nominal", "point": 1, "logfile": "/home/saul/projects/IL2244_VT26_SAUL/logs_saul/logs0/Job44.log", "simid": "1"}
[2026-04-18 19:52:37.346 Z] [PROCESS] [cadence.virtuoso.ade.simulationMonitor] - Point Finished {"hostname": "edatools", "processid": 3655933, "history": "Interactive.93", "testname": "FECG_fecg_cmfb_tb_1", "cornername": "Nominal", "point": 1, "logfile": "/home/saul/projects/IL2244_VT26_SAUL/logs_saul/logs0/Job44.log"}
[2026-04-18 19:53:25.639 Z] [PROCESS] [cadence.virtuoso.ade.simulationMonitor] - Started History {"hostname": "edatools", "processid": 3655933, "history": "Interactive.94", "testname": "FECG_fecg_cmfb_tb_1", "cornername": "Nominal", "point": 1, "logfile": "/home/saul/projects/IL2244_VT26_SAUL/logs_saul/logs0/Job44.log"}
[2026-04-18 19:53:25.640 Z] [PROCESS] [cadence.virtuoso.ade.simulationMonitor] - HostInfo:
Host name (type):	edatools (x86_64)
Operating system:	Linux 6.17.0-20-generic #20~24.04.1-Ubuntu SMP PREEMPT_DYNAMIC Thu Mar 19 01:28:37 UTC 2 {"hostname": "edatools", "processid": 3655933, "history": "Interactive.94", "testname": "FECG_fecg_cmfb_tb_1", "cornername": "Nominal", "point": 1, "logfile": "/home/saul/projects/IL2244_VT26_SAUL/logs_saul/logs0/Job44.log", "nodename": "edatools", "domainname": "(none)", "machine": "x86_64", "sysname": "Linux", "release": "6.17.0-20-generic", "version": "#20~24.04.1-Ubuntu SMP PREEMPT_DYNAMIC Thu Mar 19 01:28:37 UTC 2"}
[2026-04-18 19:53:25.640 Z] [PROCESS] [cadence.virtuoso.ade.simulationMonitor] - UsageInfo:
pid=3655933
totalPhysicalMemory=62.544991GB,Used=35.355484GB,totalVirtualMemory=70.544987GB,Used=35.355484GB
Cpu: Cores=16, Load average:0.310000,0.240000,0.150000 {"hostname": "edatools", "processid": 3655933, "history": "Interactive.94", "testname": "FECG_fecg_cmfb_tb_1", "cornername": "Nominal", "point": 1, "logfile": "/home/saul/projects/IL2244_VT26_SAUL/logs_saul/logs0/Job44.log", "pid": "3655933", "totalPhysicalMemory": "62.544991", "physicalMemoryUsed": "35.355484", "totalVirtualMemory": "70.544987", "virtualMemoryUsed": "35.355484", "cpuCores": "16", "processes": "1956", "loadAverage1": "0.310000", "loadAverage5": "0.240000", "loadAverage15": "0.150000", "loadAverage1Percent": "0.019375"}
[2026-04-18 19:53:25.641 Z] [EVENT] [cadence.virtuoso.ade.simulationMonitor] - NewPoint {"history": "Interactive.94", "point": 1, "testname": "FECG_fecg_cmfb_tb_1", "cornername": "Nominal", "event": "NewPoint", "EventSource": "Simulation Monitor", "HistoryName": "Interactive.94", "logFile": "/home/saul/projects/IL2244_VT26_SAUL/logs_saul/logs0/Job44.log", "logFileSize": "24521"}
[2026-04-18 19:53:25.743 Z] [EVENT] [cadence.virtuoso.ade.simulationMonitor] - NewPoint {"history": "Interactive.94", "point": 1, "testname": "FECG_fecg_cmfb_tb_1", "cornername": "Nominal", "event": "NewPoint", "EventSource": "spectre", "HistoryName": "Interactive.94", "logFile": "/home/saul/projects/IL2244_VT26_SAUL/Sim/FECG/fecg_cmfb_tb/maestro/results/maestro/Interactive.94/1/FECG_fecg_cmfb_tb_1/psf/spectre.out", "logFileSize": "-1"}
[2026-04-18 19:53:25.752 Z] [PROCESS] [cadence.virtuoso.ade.simulationMonitor] - Simulator launched {"hostname": "edatools", "processid": 3655933, "history": "Interactive.94", "testname": "FECG_fecg_cmfb_tb_1", "cornername": "Nominal", "point": 1, "logfile": "/home/saul/projects/IL2244_VT26_SAUL/logs_saul/logs0/Job44.log", "simid": "2"}
[2026-04-18 19:53:25.753 Z] [PROCESS] [cadence.virtuoso.ade.simulationMonitor] - Expression evaluator launched {"hostname": "edatools", "processid": 3655933, "history": "Interactive.94", "testname": "FECG_fecg_cmfb_tb_1", "cornername": "Nominal", "point": 1, "logfile": "/home/saul/projects/IL2244_VT26_SAUL/logs_saul/logs0/Job44.log"}
[2026-04-18 19:53:25.782 Z] [PROCESS] [cadence.virtuoso.ade.simulationMonitor] - Started Simulation {"hostname": "edatools", "processid": 3655933, "history": "Interactive.94", "testname": "FECG_fecg_cmfb_tb_1", "cornername": "Nominal", "point": 1, "logfile": "/home/saul/projects/IL2244_VT26_SAUL/logs_saul/logs0/Job44.log", "event": "started", "task": "simulation"}
[2026-04-18 19:53:26.282 Z] [INFO] [cadence.virtuoso.ade.simulationMonitor] - Notice from spectre during circuit read-in.
    Pre_Configuration file used: /opt/tools/cadence/installs/SPECTRE241/tools.lnx86/spectre/etc/configs/preset.precfg
    Configuration file used: `/opt/tools/cadence/installs/SPECTRE241/tools.lnx86/spectre/etc/configs/preset.cfg'. {"history": "Interactive.94", "point": 1, "testname": "FECG_fecg_cmfb_tb_1", "cornername": "Nominal"}
[2026-04-18 19:53:26.283 Z] [WARN] [cadence.virtuoso.ade.simulationMonitor] -     WARNING (SPECTRE-8360): line 1511: `ac' is an undefined primitive device. {"history": "Interactive.94", "point": 1, "testname": "FECG_fecg_cmfb_tb_1", "cornername": "Nominal"}
[2026-04-18 19:53:26.283 Z] [WARN] [cadence.virtuoso.ade.simulationMonitor] -     WARNING (SPECTRE-8360): line 1512: `ac' is an undefined primitive device. {"history": "Interactive.94", "point": 1, "testname": "FECG_fecg_cmfb_tb_1", "cornername": "Nominal"}
[2026-04-18 19:53:26.283 Z] [WARN] [cadence.virtuoso.ade.simulationMonitor] -     WARNING (SPECTRE-8360): line 1513: `ac' is an undefined primitive device. {"history": "Interactive.94", "point": 1, "testname": "FECG_fecg_cmfb_tb_1", "cornername": "Nominal"}
[2026-04-18 19:53:26.283 Z] [WARN] [cadence.virtuoso.ade.simulationMonitor] -     WARNING (SPECTRE-8360): line 1514: `ac' is an undefined primitive device. {"history": "Interactive.94", "point": 1, "testname": "FECG_fecg_cmfb_tb_1", "cornername": "Nominal"}
[2026-04-18 19:53:26.283 Z] [WARN] [cadence.virtuoso.ade.simulationMonitor] -     WARNING (SPECTRE-8360): line 1515: `ac' is an undefined primitive device.
        Further occurrences of this warning will be suppressed. {"history": "Interactive.94", "point": 1, "testname": "FECG_fecg_cmfb_tb_1", "cornername": "Nominal"}
[2026-04-18 19:53:26.283 Z] [INFO] [cadence.virtuoso.ade.simulationMonitor] - Peak resident memory used = 171 Mbytes. {"history": "Interactive.94", "point": 1, "testname": "FECG_fecg_cmfb_tb_1", "cornername": "Nominal"}
[2026-04-18 19:53:26.283 Z] [WARN] [cadence.virtuoso.ade.simulationMonitor] -     WARNING (VACOMP-2435): The environment variable CDS_AHDLCMI_ENABLE is no longer supported. Therefore, the simulator will use the default compiled C code flow. {"history": "Interactive.94", "point": 1, "testname": "FECG_fecg_cmfb_tb_1", "cornername": "Nominal"}
[2026-04-18 19:53:26.283 Z] [WARN] [cadence.virtuoso.ade.simulationMonitor] -     WARNING (SFE-3029): The dummy capacitor C8 is removed. {"history": "Interactive.94", "point": 1, "testname": "FECG_fecg_cmfb_tb_1", "cornername": "Nominal"}
[2026-04-18 19:53:26.284 Z] [INFO] [cadence.virtuoso.ade.simulationMonitor] - Peak resident memory used = 187 Mbytes. {"history": "Interactive.94", "point": 1, "testname": "FECG_fecg_cmfb_tb_1", "cornername": "Nominal"}
[2026-04-18 19:53:26.284 Z] [INFO] [cadence.virtuoso.ade.simulationMonitor] - Notice from spectre during hierarchy flattening.
    The value 'psf' specified for the 'checklimitdest' option will no longer be supported in future releases. Use 'spectre -h' to see other recommended values for the 'checklimitdest' option.
    I7.R10.CS0 of rpolyhc: `c' has the unusually small value of 0 F.
    I7.R10.CS1 of rpolyhc: `c' has the unusually small value of 0 F.
    I7.R9.CS0 of rpolyhc: `c' has the unusually small value of 0 F.
    I7.R9.CS1 of rpolyhc: `c' has the unusually small value of 0... {"history": "Interactive.94", "point": 1, "testname": "FECG_fecg_cmfb_tb_1", "cornername": "Nominal"}
[2026-04-18 19:53:26.284 Z] [INFO] [cadence.virtuoso.ade.simulationMonitor] - Peak resident memory used = 189 Mbytes. {"history": "Interactive.94", "point": 1, "testname": "FECG_fecg_cmfb_tb_1", "cornername": "Nominal"}
[2026-04-18 19:53:26.284 Z] [WARN] [cadence.virtuoso.ade.simulationMonitor] -     WARNING (CMI-2425): I7.I3.C1: `Acde' = 2.393 is unusually large. {"history": "Interactive.94", "point": 1, "testname": "FECG_fecg_cmfb_tb_1", "cornername": "Nominal"}
[2026-04-18 19:53:26.284 Z] [WARN] [cadence.virtuoso.ade.simulationMonitor] -     WARNING (CMI-2425): I7.I3.C1: `Noff' = 4.732 is unusually large. {"history": "Interactive.94", "point": 1, "testname": "FECG_fecg_cmfb_tb_1", "cornername": "Nominal"}
[2026-04-18 19:53:26.284 Z] [WARN] [cadence.virtuoso.ade.simulationMonitor] -     WARNING (CMI-2424): I7.I3.C1: `Voffcv' = -867.4e-03 is unusually small. {"history": "Interactive.94", "point": 1, "testname": "FECG_fecg_cmfb_tb_1", "cornername": "Nominal"}
[2026-04-18 19:53:26.284 Z] [WARN] [cadence.virtuoso.ade.simulationMonitor] -     WARNING (CMI-2425): I7.C0: `Acde' = 2.393 is unusually large. {"history": "Interactive.94", "point": 1, "testname": "FECG_fecg_cmfb_tb_1", "cornername": "Nominal"}
[2026-04-18 19:53:26.284 Z] [WARN] [cadence.virtuoso.ade.simulationMonitor] -     WARNING (CMI-2425): I7.C0: `Noff' = 4.732 is unusually large. {"history": "Interactive.94", "point": 1, "testname": "FECG_fecg_cmfb_tb_1", "cornername": "Nominal"}
[2026-04-18 19:53:26.284 Z] [WARN] [cadence.virtuoso.ade.simulationMonitor] -     WARNING (CMI-2424): I7.C0: `Voffcv' = -867.4e-03 is unusually small. {"history": "Interactive.94", "point": 1, "testname": "FECG_fecg_cmfb_tb_1", "cornername": "Nominal"}
[2026-04-18 19:53:26.284 Z] [WARN] [cadence.virtuoso.ade.simulationMonitor] -     WARNING (SPECTRE-17607): Assert `SOAC_rpolyh_vminuspsub' is ignored because it contains an expression which is invalid or not supported by native evaluator.  {"history": "Interactive.94", "point": 1, "testname": "FECG_fecg_cmfb_tb_1", "cornername": "Nominal"}
[2026-04-18 19:53:26.284 Z] [WARN] [cadence.virtuoso.ade.simulationMonitor] -     WARNING (SPECTRE-17607): Assert `SOAC_rpolyh_vpluspsub' is ignored because it contains an expression which is invalid or not supported by native evaluator.  {"history": "Interactive.94", "point": 1, "testname": "FECG_fecg_cmfb_tb_1", "cornername": "Nominal"}
[2026-04-18 19:53:26.284 Z] [WARN] [cadence.virtuoso.ade.simulationMonitor] -     WARNING (SPECTRE-16460): SOAC_cvarm_vspsub:Specified subcircuit master `cvarm' was not found. {"history": "Interactive.94", "point": 1, "testname": "FECG_fecg_cmfb_tb_1", "cornername": "Nominal"}
[2026-04-18 19:53:26.284 Z] [WARN] [cadence.virtuoso.ade.simulationMonitor] -     WARNING (SPECTRE-16462): SOAC_cvarm_vspsub:Error in specification of subcircuit master. Assert is ignored. {"history": "Interactive.94", "point": 1, "testname": "FECG_fecg_cmfb_tb_1", "cornername": "Nominal"}
[2026-04-18 19:53:26.284 Z] [WARN] [cadence.virtuoso.ade.simulationMonitor] -     WARNING (SPECTRE-16460): SOAC_cvarm_vbs:Specified subcircuit master `cvarm' was not found. {"history": "Interactive.94", "point": 1, "testname": "FECG_fecg_cmfb_tb_1", "cornername": "Nominal"}
[2026-04-18 19:53:26.284 Z] [WARN] [cadence.virtuoso.ade.simulationMonitor] -     WARNING (SPECTRE-16462): SOAC_cvarm_vbs:Error in specification of subcircuit master. Assert is ignored. {"history": "Interactive.94", "point": 1, "testname": "FECG_fecg_cmfb_tb_1", "cornername": "Nominal"}
[2026-04-18 19:53:26.284 Z] [WARN] [cadence.virtuoso.ade.simulationMonitor] -     WARNING (SPECTRE-16460): SOAC_cvarm_vgb:Specified subcircuit master `cvarm' was not found. {"history": "Interactive.94", "point": 1, "testname": "FECG_fecg_cmfb_tb_1", "cornername": "Nominal"}
[2026-04-18 19:53:26.284 Z] [WARN] [cadence.virtuoso.ade.simulationMonitor] -     WARNING (SPECTRE-16462): SOAC_cvarm_vgb:Error in specification of subcircuit master. Assert is ignored. {"history": "Interactive.94", "point": 1, "testname": "FECG_fecg_cmfb_tb_1", "cornername": "Nominal"}
[2026-04-18 19:53:26.285 Z] [WARN] [cadence.virtuoso.ade.simulationMonitor] -     WARNING (SPECTRE-16460): SOAC_cvart_vspsub:Specified subcircuit master `cvart' was not found. {"history": "Interactive.94", "point": 1, "testname": "FECG_fecg_cmfb_tb_1", "cornername": "Nominal"}
[2026-04-18 19:53:26.285 Z] [WARN] [cadence.virtuoso.ade.simulationMonitor] -     WARNING (SPECTRE-16462): SOAC_cvart_vspsub:Error in specification of subcircuit master. Assert is ignored. {"history": "Interactive.94", "point": 1, "testname": "FECG_fecg_cmfb_tb_1", "cornername": "Nominal"}
[2026-04-18 19:53:26.285 Z] [WARN] [cadence.virtuoso.ade.simulationMonitor] -     WARNING (SPECTRE-16460): SOAC_cvart_vbs:Specified subcircuit master `cvart' was not found.
        Further occurrences of this warning will be suppressed. {"history": "Interactive.94", "point": 1, "testname": "FECG_fecg_cmfb_tb_1", "cornername": "Nominal"}
[2026-04-18 19:53:26.285 Z] [WARN] [cadence.virtuoso.ade.simulationMonitor] -     WARNING (SPECTRE-16462): SOAC_cvart_vbs:Error in specification of subcircuit master. Assert is ignored.
        Further occurrences of this warning will be suppressed. {"history": "Interactive.94", "point": 1, "testname": "FECG_fecg_cmfb_tb_1", "cornername": "Nominal"}
[2026-04-18 19:53:26.285 Z] [WARN] [cadence.virtuoso.ade.simulationMonitor] -     WARNING (SPECTRE-17607): Assert `SOAC_cvar_vspsub' is ignored because it contains an expression which is invalid or not supported by native evaluator.  {"history": "Interactive.94", "point": 1, "testname": "FECG_fecg_cmfb_tb_1", "cornername": "Nominal"}
[2026-04-18 19:53:26.285 Z] [WARN] [cadence.virtuoso.ade.simulationMonitor] -     WARNING (SPECTRE-17607): Assert `SOAC_cvar_vbpsub' is ignored because it contains an expression which is invalid or not supported by native evaluator.  {"history": "Interactive.94", "point": 1, "testname": "FECG_fecg_cmfb_tb_1", "cornername": "Nominal"}
[2026-04-18 19:53:26.285 Z] [WARN] [cadence.virtuoso.ade.simulationMonitor] -     WARNING (SPECTRE-17607): Assert `SOAC_cvar_vgpsub' is ignored because it contains an expression which is invalid or not supported by native evaluator. 
        Further occurrences of this warning will be suppressed. {"history": "Interactive.94", "point": 1, "testname": "FECG_fecg_cmfb_tb_1", "cornername": "Nominal"}
[2026-04-18 19:53:26.786 Z] [INFO] [cadence.virtuoso.ade.simulationMonitor] - Notice from spectre during topology check.
    No DC path from node `VA' to ground, Gmin installed to provide path. {"history": "Interactive.94", "point": 1, "testname": "FECG_fecg_cmfb_tb_1", "cornername": "Nominal"}
[2026-04-18 19:53:26.786 Z] [INFO] [cadence.virtuoso.ade.simulationMonitor] - Notice from spectre during initial setup.
    Multithreading is disabled due to the size of the design being too small. {"history": "Interactive.94", "point": 1, "testname": "FECG_fecg_cmfb_tb_1", "cornername": "Nominal"}
[2026-04-18 19:53:26.787 Z] [INFO] [cadence.virtuoso.ade.simulationMonitor] -               nodes 63 {"history": "Interactive.94", "point": 1, "testname": "FECG_fecg_cmfb_tb_1", "cornername": "Nominal"}
[2026-04-18 19:53:26.788 Z] [INFO] [cadence.virtuoso.ade.simulationMonitor] - Notice from spectre during initial setup.
    2 resistors are shorted because their absolute value is less than or equal to 'rabsshort'.
    1 vsources are shorted because their absolute value is less than or equal to 'vabsshort'.
    Spectre X preset=cx enabled. {"history": "Interactive.94", "point": 1, "testname": "FECG_fecg_cmfb_tb_1", "cornername": "Nominal"}
[2026-04-18 19:53:26.788 Z] [WARN] [cadence.virtuoso.ade.simulationMonitor] -     WARNING (CMI-2425): I7.I3.C1: `Acde' = 2.393 is unusually large.
        Further occurrences of this warning will be suppressed. {"history": "Interactive.94", "point": 1, "testname": "FECG_fecg_cmfb_tb_1", "cornername": "Nominal"}
[2026-04-18 19:53:26.789 Z] [WARN] [cadence.virtuoso.ade.simulationMonitor] -     WARNING (CMI-2424): I7.I3.C1: `Voffcv' = -867.4e-03 is unusually small. {"history": "Interactive.94", "point": 1, "testname": "FECG_fecg_cmfb_tb_1", "cornername": "Nominal"}
[2026-04-18 19:53:26.789 Z] [WARN] [cadence.virtuoso.ade.simulationMonitor] -     WARNING (CMI-2424): I7.C0: `Voffcv' = -867.4e-03 is unusually small. {"history": "Interactive.94", "point": 1, "testname": "FECG_fecg_cmfb_tb_1", "cornername": "Nominal"}
[2026-04-18 19:53:26.790 Z] [INFO] [cadence.virtuoso.ade.simulationMonitor] - Notice from spectre.
    7 notices suppressed.
    77 warnings suppressed. {"history": "Interactive.94", "point": 1, "testname": "FECG_fecg_cmfb_tb_1", "cornername": "Nominal"}
[2026-04-18 19:53:26.790 Z] [INFO] [cadence.virtuoso.ade.simulationMonitor] - Peak resident memory used = 197 Mbytes. {"history": "Interactive.94", "point": 1, "testname": "FECG_fecg_cmfb_tb_1", "cornername": "Nominal"}
[2026-04-18 19:53:26.790 Z] [INFO] [cadence.virtuoso.ade.simulationMonitor] -    -   (Spectre X) Multi-threading. The recommended number of threads is 1, consider adding +mt=1 on command line. {"history": "Interactive.94", "point": 1, "testname": "FECG_fecg_cmfb_tb_1", "cornername": "Nominal"}
[2026-04-18 19:53:26.791 Z] [INFO] [cadence.virtuoso.ade.simulationMonitor] - Notice from spectre during DC analysis `dcOp'.
    No checklimit analysis defined for asserts. A default checklimit analysis 'SpectreChecklimitAnal' has been created with all asserts enabled. {"history": "Interactive.94", "point": 1, "testname": "FECG_fecg_cmfb_tb_1", "cornername": "Nominal"}
[2026-04-18 19:53:26.791 Z] [INFO] [cadence.virtuoso.ade.simulationMonitor] - Notice from spectre during DC analysis `dcOp'.
    GminDC = 1 pS is large enough to noticeably affect the DC solution.
        dV(I7.I3.C1.d1) = 2.5885 mV
        Use the `gmin_check' option to eliminate or expand this report.
    Bad pivoting is found during DC analysis. Option dc_pivot_check=yes is recommended for possible improvement of convergence. {"history": "Interactive.94", "point": 1, "testname": "FECG_fecg_cmfb_tb_1", "cornername": "Nominal"}
[2026-04-18 19:53:26.792 Z] [WARN] [cadence.virtuoso.ade.simulationMonitor] -     WARNING (CMI-2943): Parameter checks have been ignored because the valid value for parameter 'trise' could not be found in 'C9'. {"history": "Interactive.94", "point": 1, "testname": "FECG_fecg_cmfb_tb_1", "cornername": "Nominal"}
[2026-04-18 19:53:26.792 Z] [WARN] [cadence.virtuoso.ade.simulationMonitor] -     WARNING (CMI-2943): Parameter checks have been ignored because the valid value for parameter 'trise' could not be found in 'C0'. {"history": "Interactive.94", "point": 1, "testname": "FECG_fecg_cmfb_tb_1", "cornername": "Nominal"}
[2026-04-18 19:53:26.792 Z] [WARN] [cadence.virtuoso.ade.simulationMonitor] -     WARNING (CMI-2943): Parameter checks have been ignored because the valid value for parameter 'trise' could not be found in 'C1'. {"history": "Interactive.94", "point": 1, "testname": "FECG_fecg_cmfb_tb_1", "cornername": "Nominal"}
[2026-04-18 19:53:26.792 Z] [WARN] [cadence.virtuoso.ade.simulationMonitor] -     WARNING (CMI-2943): Parameter checks have been ignored because the valid value for parameter 'trise' could not be found in 'C4'. {"history": "Interactive.94", "point": 1, "testname": "FECG_fecg_cmfb_tb_1", "cornername": "Nominal"}
[2026-04-18 19:53:26.793 Z] [WARN] [cadence.virtuoso.ade.simulationMonitor] -     WARNING (CMI-2943): Parameter checks have been ignored because the valid value for parameter 'trise' could not be found in 'C5'.
        Further occurrences of this warning will be suppressed. {"history": "Interactive.94", "point": 1, "testname": "FECG_fecg_cmfb_tb_1", "cornername": "Nominal"}
[2026-04-18 19:53:26.793 Z] [INFO] [cadence.virtuoso.ade.simulationMonitor] - Total time required for dc analysis `dcOp': CPU = 31.857 ms, elapsed = 42.676 ms, util. = 74.6%. {"history": "Interactive.94", "point": 1, "testname": "FECG_fecg_cmfb_tb_1", "cornername": "Nominal"}
[2026-04-18 19:53:26.793 Z] [INFO] [cadence.virtuoso.ade.simulationMonitor] - Peak resident memory used = 203 Mbytes. {"history": "Interactive.94", "point": 1, "testname": "FECG_fecg_cmfb_tb_1", "cornername": "Nominal"}
[2026-04-18 19:53:26.793 Z] [INFO] [cadence.virtuoso.ade.simulationMonitor] - Notice from spectre.
    43 warnings suppressed. {"history": "Interactive.94", "point": 1, "testname": "FECG_fecg_cmfb_tb_1", "cornername": "Nominal"}
[2026-04-18 19:53:26.793 Z] [INFO] [cadence.virtuoso.ade.simulationMonitor] - Time used: CPU = 223 ms, elapsed = 510 ms, util. = 43.7%. {"history": "Interactive.94", "point": 1, "testname": "FECG_fecg_cmfb_tb_1", "cornername": "Nominal"}
[2026-04-18 19:53:26.793 Z] [INFO] [cadence.virtuoso.ade.simulationMonitor] - Time spent in licensing: elapsed = 36.5 ms, percentage of total = 7.16%. {"history": "Interactive.94", "point": 1, "testname": "FECG_fecg_cmfb_tb_1", "cornername": "Nominal"}
[2026-04-18 19:53:26.794 Z] [INFO] [cadence.virtuoso.ade.simulationMonitor] - Peak memory used = 205 Mbytes. {"history": "Interactive.94", "point": 1, "testname": "FECG_fecg_cmfb_tb_1", "cornername": "Nominal"}
[2026-04-18 19:53:26.794 Z] [PROCESS] [cadence.virtuoso.ade.simulationMonitor] - Simulation started at: 7:53:25 PM, Sat Apr 18, 2026, ended at: 7:53:26 PM, Sat Apr 18, 2026, with elapsed time (wall clock): 510 ms. {"history": "Interactive.94", "point": 1, "testname": "FECG_fecg_cmfb_tb_1", "cornername": "Nominal"}
[2026-04-18 19:53:26.794 Z] [PROCESS] [cadence.virtuoso.ade.simulationMonitor] - spectre completes with 0 errors, 36 warnings, and 21 notices. {"history": "Interactive.94", "point": 1, "testname": "FECG_fecg_cmfb_tb_1", "cornername": "Nominal"}
[2026-04-18 19:53:26.794 Z] [PROCESS] [cadence.virtuoso.ade.simulationMonitor] - Finished simulating for one point {"hostname": "edatools", "processid": 3655933, "history": "Interactive.94", "testname": "FECG_fecg_cmfb_tb_1", "cornername": "Nominal", "point": 1, "logfile": "/home/saul/projects/IL2244_VT26_SAUL/logs_saul/logs0/Job44.log", "simid": "2"}
[2026-04-18 19:53:26.794 Z] [PROCESS] [cadence.virtuoso.ade.simulationMonitor] - Simulator exited {"hostname": "edatools", "processid": 3655933, "history": "Interactive.94", "testname": "FECG_fecg_cmfb_tb_1", "cornername": "Nominal", "point": 1, "logfile": "/home/saul/projects/IL2244_VT26_SAUL/logs_saul/logs0/Job44.log", "exitStatus": "0"}
[2026-04-18 19:53:26.794 Z] [PROCESS] [cadence.virtuoso.ade.simulationMonitor] - Finished Simulation {"hostname": "edatools", "processid": 3655933, "history": "Interactive.94", "testname": "FECG_fecg_cmfb_tb_1", "cornername": "Nominal", "point": 1, "logfile": "/home/saul/projects/IL2244_VT26_SAUL/logs_saul/logs0/Job44.log", "simid": "2"}
[2026-04-18 19:53:28.799 Z] [PROCESS] [cadence.virtuoso.ade.simulationMonitor] - Point Finished {"hostname": "edatools", "processid": 3655933, "history": "Interactive.94", "testname": "FECG_fecg_cmfb_tb_1", "cornername": "Nominal", "point": 1, "logfile": "/home/saul/projects/IL2244_VT26_SAUL/logs_saul/logs0/Job44.log"}
[2026-04-18 19:58:29.408 Z] [PROCESS] [cadence.virtuoso.ade.simulationMonitor] - Current memory used: 52.3164 MBytes, peak memory used: 52.3164 MBytes {"hostname": "edatools", "processid": 3655933, "history": "Interactive.94", "testname": "FECG_fecg_cmfb_tb_1", "cornername": "Nominal", "point": 1, "logfile": "/home/saul/projects/IL2244_VT26_SAUL/logs_saul/logs0/Job44.log"}
[2026-04-18 19:58:29.409 Z] [PROCESS] [cadence.virtuoso.ade.simulationMonitor] - Simulation Monitor process exit. {"hostname": "edatools", "processid": 3655933, "history": "Interactive.94", "testname": "FECG_fecg_cmfb_tb_1", "cornername": "Nominal", "point": 1, "logfile": "/home/saul/projects/IL2244_VT26_SAUL/logs_saul/logs0/Job44.log"}
