\# Program start time:     UTC 2026.03.10 07:15:56.168
\# Local time: UTC (UTC+00:00) 2026.03.10 07:15:56.168
\o Program:		@(#)$CDS: virtuoso version 6.1.8-64b 09/03/2024 19:11 (sjfhw316) $
\o Hierarchy:		/opt/tools/cadence/installs/IC618/tools.lnx86/dfII/
\o Sub version:		sub-version  IC6.1.8-64b.500.36  (64-bit addresses)
\# Command line:	/opt/tools/cadence/installs/IC618/tools.lnx86/dfII/bin/64bit/virtuoso -noautostart -mpssession virtuoso617570 -mpshost edatools -davinciService DaVinciService_617570_1773126952 -log /home/saul/projects/IL2244_VT26_SAUL/logs_saul/logs0/Job4.log -licenseLockFileName /home/saul/projects/IL2244_VT26_SAUL/.tmp_saul/.edatools_617570 -interactiveA -interactiveE -interactiveRTT -nostdin -nographE -axlChildIdFlag 4
\# Host name (type):	edatools (x86_64)
\# Operating system:	Linux 6.17.0-14-generic #14~24.04.1-Ubuntu SMP PREEMPT_DYNAMIC Thu Jan 15 15:52:10 UTC 2
\# Linux /etc/issue:	\S
\# Linux /etc/issue:	Kernel \r on an \m
\# X display name (WxH):	:744 (1024x868)
\# Available geometry:			TL(0:0) BR(1023:867)
\# X server:			The X.Org Foundation
\# Depth of Visual (Root):	24 (24)
\# Number of Planes Used:	24
\# X version:		11.0 (vendor release 12011000)
\# X resource pool:	base 0x400000, mask 0x1fffff (2097151), shift 0
\# 			current id 0x0, current max 0x1ffffa (2097146)
\# Max data seg size:	     unlimited
\# Max process size:	     unlimited
\# Initial sbrk value:	        762 MB
\# Available memory:	     55,476 MB
\# System memory:	     72,238 MB
\# Maximum memory size:	     71,595 MB
\# Max mem available:	     55,595 MB
\# Initial memory used:	        119 MB
\#        process size:	      1,676 MB
\# Thread usage limits (effective/default):	maxthreads 4294967295/4294967295 maxload 16.00/16.00
\# Qt version:		5.9.1
\# Window Manager:	other
\# User Name:		saul
\o Working Directory:	edatools:/home/saul/projects/IL2244_VT26_SAUL
\# Process Id:		619096
\o 
\o COPYRIGHT (C) 1992-2024  CADENCE DESIGN SYSTEMS INC.  ALL RIGHTS RESERVED.
\o           (C) 1992-2024  UNIX SYSTEMS Laboratories INC.,
\o                          Reproduced with permission.
\o 
\o This Cadence Design Systems program and online documentation are
\o proprietary/confidential information and may be disclosed/used only
\o as authorized in a license agreement controlling such use and disclosure.
\o 
\o           RESTRICTED RIGHTS NOTICE (SHORT FORM)
\o Use/reproduction/disclosure is subject to restriction
\o set forth at FAR 1252.227-19 or its equivalent.
\o Loading geView.cxt 
\o Loading menuBuilder.cxt 
\o Loading schView.cxt 
\o Loading selectSv.cxt 
\o Loading wireEdit.cxt 
\o Loading pte2.cxt 
\o Loading xlUI.cxt 
\o Loading auCore.cxt 
\o Loading dal.cxt 
\o Loading awv.cxt 
\o Loading vhdl.cxt 
\o Loading seismic.cxt 
\o Loading ci.cxt 
\o Loading ams.cxt 
\o Loading oasis.cxt 
\o Loading analog.cxt 
\o Loading asimenv.cxt 
\o Loading socket.cxt 
\o Loading par.cxt 
\o Loading alvs.cxt 
\o Loading caa.cxt 
\o Loading amps.cxt 
\o Loading adexlCore.cxt 
\o Loading adexl.cxt 
\o *Info*    Exporting services from client ... 
\o 
\o Loading adexlDM.cxt 
\o Loading cpf.cxt 
\o Loading cli.cxt 
\o Loading lp.cxt 
\o INFO (ELI-00302) Connecting to parent process (session=virtuoso617570, host=edatools). Connection mode is ICRP. Total timeout is 180 seconds. Connection timeout is 90 seconds.
\o INFO (ELI-00303) Step 1: Connecting to parent. Time spent is 0 seconds.
\o INFO (ELI-00304) The registration of the child 619096 within 90 seconds is being processed...
\o INFO (ELI-00305) The result of registration is true. Time spent is 1 seconds.
\o INFO (ELI-00308) The connection has ended. Result is true. Total time spent is 1 seconds.
\# [07:15:57.445386] Configured Lic search path (22.01-s002): 3000@lic08.ug.kth.se:29000@lic06.ug.kth.se
\# Memory report: using         269 MB, process size 1,956 MB at UTC 2026.03.10 07:16:08.366
\o ......................................................................................
\o            ams AG HIT-Kit v.ams_4.10
\o ......................................................................................
\o COPYRIGHT (c) 2012 Full Service Foundry @ ams AG.  ALL RIGHTS RESERVED
\o This HIT-Kit and attached documentation are confidential information and may 
\o only be used as authorized by the HIT-Kit license agreement.
\o ......................................................................................
\# Current Window: window(2)
\o Loading simulator default settings.
\o //
\o //  Calibre Skill Interface * (v2024.4_12.9) *
\o //
\o //                         Copyright Siemens 1996-2020     
\o //                             All Rights Reserved.
\o //         THIS WORK CONTAINS TRADE SECRET AND PROPRIETARY INFORMATION
\o //            WHICH IS THE PROPERTY OF MENTOR GRAPHICS CORPORATION
\o //              OR ITS LICENSORS AND IS SUBJECT TO LICENSE TERMS.
\o //
\o //
\o Loading simulator default settings.
\o *Info*    Client has finished starting ... 
\o 
\o Loading vdsil.cxt 
\p hitkit: ams_4.10  Tech: c35b4c3  User: saul 
\w *WARNING* could not load font "-*-courier-medium-r-*-*-12-*", using font "fixed"
\# Loading perfDiag...
\# (PerfDiag): Set GDB path to environment variable 'gdbPath' (gdb).
\# Performance Diagnostic tool is installed. You can access PerfDiag from CIW Tools or use the shell command 'cdsPerfDiag -p 619096' to open it when Virtuoso freezes.
\# (PerfDiag): Use backtrace from GLIBC.
\w *WARNING* _perfPstackCheck: Cannot find pstack/gstack. Please setup PATH environment variable to pstack/gstack executable.
\o Loading vqp.cxt 
\o Loading hdlPkg.cxt 
\o Loading simui.cxt 
\o 
\o 
\o *Info*    Configuring the session ...
\o 
\o 	Library      = CHARACTERIZATION
\o 	Cell         = GM_ID_PMOS
\o 	View         = schematic
\o 	Netlist  	  = nil
\o 	Simulator    = spectre
\o 	State Path   = $AXL_SETUPDB_DIR/test_states
\o 	State Name   = CHARACTERIZATION:GM_ID_PMOS:1_CHARACTERIZATION:GM_ID_PMOS:1_Mar_10_07_15_52_2026_Ocean.2
\o 	Results DB   = /home/saul/projects/IL2244_VT26_SAUL/CHARACTERIZATION/GM_ID_PMOS/adexl/results/data/Ocean.2.rdb
\o 	Setup DB loc = /home/saul/projects/IL2244_VT26_SAUL/CHARACTERIZATION/GM_ID_PMOS/adexl
\o 
\o 
\o Loading spectrei.cxt 
\o Loading devCheck.cxt 
\o Loading relXpert.cxt 
\o 
\o *Info*    The auto suspension is disabled.
\o 
\o Loading hspiceD.cxt 
\o Loading spectreinl.cxt 
\o Loading msgHandler.cxt 
\o Loading UltraSim.cxt 
\o Loading AMSOSS.cxt 
\o Loading AMS.cxt 
\o Loading monte.cxt 
\o 
\o 
\o 
\o 
\o 
\o *Info*    Run start for Point ID (0 2) on testbench [
\o           CHARACTERIZATION:GM_ID_PMOS:1 ].
\o 
\o Resetting statistical vars
\o 
\o *Info*    Setting parameter values ...
\o 
\o Setting var IDS = "1.165914401n"
\o Setting var L = "4e-6"
\o Setting var NF = "10"
\o Setting var VDS = "1.2"
\o Setting var W = "10e-6"
\o Setting var temperature = "27"
\o Setting temp(T) = 27
\o 
\o *Info*    Netlist Directory =
\o           /home/saul/projects/IL2244_VT26_SAUL/Sim/CHARACTERIZATION/GM_ID_PMOS/adexl/results/data/Ocean.2/2/CHARACTERIZATION:GM_ID_PMOS:1/netlist
\o 
\o 
\o *Info*    Data Directory    =
\o           /home/saul/projects/IL2244_VT26_SAUL/Sim/CHARACTERIZATION/GM_ID_PMOS/adexl/results/data/Ocean.2/2/CHARACTERIZATION:GM_ID_PMOS:1
\o 
\o 
\o *Info*    Creating Netlist for Point ID (0 2)
\o 
\o generate netlist...
\o Loading hnlInit.cxt 
\o Loading seCore.cxt 
\o function ansCdlCompPrim redefined
\o function ansCdlCompPrim redefined
\# [07:16:09.135961] Periodic Lic check successful
\# [07:16:09.135962] Feature usage summary:
\o Initializing the control file using cp:
\o     cp /opt/tools/cadence/installs/IC618/tools.lnx86/dfII/etc/si/control.spectre /home/saul/projects/IL2244_VT26_SAUL/Sim/CHARACTERIZATION/GM_ID_PMOS/adexl/results/data/Ocean.2/2/CHARACTERIZATION:GM_ID_PMOS:1/netlist/control
\o Copying Spectre source file 'spectre.inp'
\o Copying Spectre command file 'spectre.sim'
\o Begin Incremental Netlisting Mar 10 07:16:09 2026
\o Loading json.cxt 
\o End netlisting Mar 10 07:16:09 2026
\o 
\o Netlisting Statistics:
\o 	Number of components:    5
\o 
\o 	Elapsed time:          0.0s
\o Errors: 0	Warnings: 0
\o       ...successful.
\o compose simulator input file...
\o       ...successful.
\o 
\o *Info*    Running simulation on testbench [
\o           CHARACTERIZATION:GM_ID_PMOS:1 ] for Point ID (0 2).
\o 
\o Delete psf data in /home/saul/projects/IL2244_VT26_SAUL/Sim/CHARACTERIZATION/GM_ID_PMOS/adexl/results/data/Ocean.2/2/CHARACTERIZATION:GM_ID_PMOS:1/psf.
\o simulate...
\o WARNING (ADE-3080): Fast viewing extensions for PSF XL format (also known as RTSF) will be discontinued  
\o        and Virtuoso Visualization and Analysis XL will not use RTSF data to plot waveforms from IC6.1.8 ISR7 onward. 
\o        There will be no performance impact on data visualization due to this change.
\o Loading viva.cxt 
\# Available memory:         53,971 MB at UTC 2026.03.10 07:16:10.626
\# Memory report: Maximum memory size now 54,394 MB at UTC 2026.03.10 07:16:10.626
\# Thread usage report: 22 active threads, active load 1.40 at UTC 2026.03.10 07:16:10.626
\# Memory report: using         423 MB, process size 2,233 MB at UTC 2026.03.10 07:16:10.627
\o INFO (ADE-3071): Simulation completed successfully.
\o reading simulation data...
\o       ...successful.
\o *Info*    Client has finished evaluating ... 
\o 
\o 
\o *Info*    Run complete for Point ID (0 2) on testbench [
\o           CHARACTERIZATION:GM_ID_PMOS:1 ].
\o 
\o 
\o 
\o 
\o 
\o 
\o 
\o 
\o 
\o 
\o *Info*    Run start for Point ID (0 7) on testbench [
\o           CHARACTERIZATION:GM_ID_PMOS:1 ].
\o 
\o Resetting statistical vars
\o 
\o *Info*    Setting parameter values ...
\o 
\o Setting var IDS = "2.511886432n"
\o 
\o *Info*    Netlist Directory =
\o           /home/saul/projects/IL2244_VT26_SAUL/Sim/CHARACTERIZATION/GM_ID_PMOS/adexl/results/data/Ocean.2/7/CHARACTERIZATION:GM_ID_PMOS:1/netlist
\o 
\o 
\o *Info*    Data Directory    =
\o           /home/saul/projects/IL2244_VT26_SAUL/Sim/CHARACTERIZATION/GM_ID_PMOS/adexl/results/data/Ocean.2/7/CHARACTERIZATION:GM_ID_PMOS:1
\o 
\o 
\o *Info*    Creating Netlist for Point ID (0 7)
\o 
\o generate netlist...
\o function ansCdlCompPrim redefined
\o function ansCdlCompPrim redefined
\o Begin Incremental Netlisting Mar 10 07:16:16 2026
\o End netlisting Mar 10 07:16:16 2026
\o 
\o 	The netlist is up to date.
\o 	Time taken to compare the design with netlist:   0.0s
\o       ...successful.
\o compose simulator input file...
\o       ...successful.
\o 
\o *Info*    Running simulation on testbench [
\o           CHARACTERIZATION:GM_ID_PMOS:1 ] for Point ID (0 7).
\o 
\o Delete psf data in /home/saul/projects/IL2244_VT26_SAUL/Sim/CHARACTERIZATION/GM_ID_PMOS/adexl/results/data/Ocean.2/7/CHARACTERIZATION:GM_ID_PMOS:1/psf.
\o simulate...
\o WARNING (ADE-3080): Fast viewing extensions for PSF XL format (also known as RTSF) will be discontinued  
\o        and Virtuoso Visualization and Analysis XL will not use RTSF data to plot waveforms from IC6.1.8 ISR7 onward. 
\o        There will be no performance impact on data visualization due to this change.
\o INFO (ADE-3071): Simulation completed successfully.
\o reading simulation data...
\o       ...successful.
\o *Info*    Client has finished evaluating ... 
\o 
\o 
\o *Info*    Run complete for Point ID (0 7) on testbench [
\o           CHARACTERIZATION:GM_ID_PMOS:1 ].
\o 
\o 
\o 
\o 
\o 
\o 
\o 
\o 
\o 
\o 
\o *Info*    Run start for Point ID (0 12) on testbench [
\o           CHARACTERIZATION:GM_ID_PMOS:1 ].
\o 
\o Resetting statistical vars
\o 
\o *Info*    Setting parameter values ...
\o 
\o Setting var IDS = "5.411695265n"
\o 
\o *Info*    Netlist Directory =
\o           /home/saul/projects/IL2244_VT26_SAUL/Sim/CHARACTERIZATION/GM_ID_PMOS/adexl/results/data/Ocean.2/12/CHARACTERIZATION:GM_ID_PMOS:1/netlist
\o 
\o 
\o *Info*    Data Directory    =
\o           /home/saul/projects/IL2244_VT26_SAUL/Sim/CHARACTERIZATION/GM_ID_PMOS/adexl/results/data/Ocean.2/12/CHARACTERIZATION:GM_ID_PMOS:1
\o 
\o 
\o *Info*    Creating Netlist for Point ID (0 12)
\o 
\o generate netlist...
\o function ansCdlCompPrim redefined
\o function ansCdlCompPrim redefined
\o Begin Incremental Netlisting Mar 10 07:16:18 2026
\o End netlisting Mar 10 07:16:18 2026
\o 
\o 	The netlist is up to date.
\o 	Time taken to compare the design with netlist:   0.0s
\o       ...successful.
\o compose simulator input file...
\o       ...successful.
\o 
\o *Info*    Running simulation on testbench [
\o           CHARACTERIZATION:GM_ID_PMOS:1 ] for Point ID (0 12).
\o 
\o Delete psf data in /home/saul/projects/IL2244_VT26_SAUL/Sim/CHARACTERIZATION/GM_ID_PMOS/adexl/results/data/Ocean.2/12/CHARACTERIZATION:GM_ID_PMOS:1/psf.
\o simulate...
\o WARNING (ADE-3080): Fast viewing extensions for PSF XL format (also known as RTSF) will be discontinued  
\o        and Virtuoso Visualization and Analysis XL will not use RTSF data to plot waveforms from IC6.1.8 ISR7 onward. 
\o        There will be no performance impact on data visualization due to this change.
\o INFO (ADE-3071): Simulation completed successfully.
\o reading simulation data...
\o       ...successful.
\o *Info*    Client has finished evaluating ... 
\o 
\o 
\o *Info*    Run complete for Point ID (0 12) on testbench [
\o           CHARACTERIZATION:GM_ID_PMOS:1 ].
\o 
\o 
\o 
\o 
\o 
\o 
\o 
\o 
\o 
\o 
\o *Info*    Run start for Point ID (0 17) on testbench [
\o           CHARACTERIZATION:GM_ID_PMOS:1 ].
\o 
\o Resetting statistical vars
\o 
\o *Info*    Setting parameter values ...
\o 
\o Setting var IDS = "11.65914401n"
\o 
\o *Info*    Netlist Directory =
\o           /home/saul/projects/IL2244_VT26_SAUL/Sim/CHARACTERIZATION/GM_ID_PMOS/adexl/results/data/Ocean.2/17/CHARACTERIZATION:GM_ID_PMOS:1/netlist
\o 
\o 
\o *Info*    Data Directory    =
\o           /home/saul/projects/IL2244_VT26_SAUL/Sim/CHARACTERIZATION/GM_ID_PMOS/adexl/results/data/Ocean.2/17/CHARACTERIZATION:GM_ID_PMOS:1
\o 
\o 
\o *Info*    Creating Netlist for Point ID (0 17)
\o 
\o generate netlist...
\o function ansCdlCompPrim redefined
\o function ansCdlCompPrim redefined
\o Begin Incremental Netlisting Mar 10 07:16:19 2026
\o End netlisting Mar 10 07:16:19 2026
\o 
\o 	The netlist is up to date.
\o 	Time taken to compare the design with netlist:   0.0s
\o       ...successful.
\o compose simulator input file...
\o       ...successful.
\o 
\o *Info*    Running simulation on testbench [
\o           CHARACTERIZATION:GM_ID_PMOS:1 ] for Point ID (0 17).
\o 
\o Delete psf data in /home/saul/projects/IL2244_VT26_SAUL/Sim/CHARACTERIZATION/GM_ID_PMOS/adexl/results/data/Ocean.2/17/CHARACTERIZATION:GM_ID_PMOS:1/psf.
\o simulate...
\o WARNING (ADE-3080): Fast viewing extensions for PSF XL format (also known as RTSF) will be discontinued  
\o        and Virtuoso Visualization and Analysis XL will not use RTSF data to plot waveforms from IC6.1.8 ISR7 onward. 
\o        There will be no performance impact on data visualization due to this change.
\o INFO (ADE-3071): Simulation completed successfully.
\o reading simulation data...
\o       ...successful.
\o *Info*    Client has finished evaluating ... 
\o 
\o 
\o *Info*    Run complete for Point ID (0 17) on testbench [
\o           CHARACTERIZATION:GM_ID_PMOS:1 ].
\o 
\o 
\o 
\o 
\o 
\o 
\o 
\o 
\o 
\o 
\o *Info*    Run start for Point ID (0 22) on testbench [
\o           CHARACTERIZATION:GM_ID_PMOS:1 ].
\o 
\o Resetting statistical vars
\o 
\o *Info*    Setting parameter values ...
\o 
\o Setting var IDS = "25.11886432n"
\o 
\o *Info*    Netlist Directory =
\o           /home/saul/projects/IL2244_VT26_SAUL/Sim/CHARACTERIZATION/GM_ID_PMOS/adexl/results/data/Ocean.2/22/CHARACTERIZATION:GM_ID_PMOS:1/netlist
\o 
\o 
\o *Info*    Data Directory    =
\o           /home/saul/projects/IL2244_VT26_SAUL/Sim/CHARACTERIZATION/GM_ID_PMOS/adexl/results/data/Ocean.2/22/CHARACTERIZATION:GM_ID_PMOS:1
\o 
\o 
\o *Info*    Creating Netlist for Point ID (0 22)
\o 
\o generate netlist...
\o function ansCdlCompPrim redefined
\o function ansCdlCompPrim redefined
\o Begin Incremental Netlisting Mar 10 07:16:20 2026
\o End netlisting Mar 10 07:16:20 2026
\o 
\o 	The netlist is up to date.
\o 	Time taken to compare the design with netlist:   0.0s
\o       ...successful.
\o compose simulator input file...
\o       ...successful.
\o 
\o *Info*    Running simulation on testbench [
\o           CHARACTERIZATION:GM_ID_PMOS:1 ] for Point ID (0 22).
\o 
\o Delete psf data in /home/saul/projects/IL2244_VT26_SAUL/Sim/CHARACTERIZATION/GM_ID_PMOS/adexl/results/data/Ocean.2/22/CHARACTERIZATION:GM_ID_PMOS:1/psf.
\o simulate...
\o WARNING (ADE-3080): Fast viewing extensions for PSF XL format (also known as RTSF) will be discontinued  
\o        and Virtuoso Visualization and Analysis XL will not use RTSF data to plot waveforms from IC6.1.8 ISR7 onward. 
\o        There will be no performance impact on data visualization due to this change.
\o INFO (ADE-3071): Simulation completed successfully.
\o reading simulation data...
\o       ...successful.
\o *Info*    Client has finished evaluating ... 
\o 
\o 
\o *Info*    Run complete for Point ID (0 22) on testbench [
\o           CHARACTERIZATION:GM_ID_PMOS:1 ].
\o 
\o 
\o 
\o 
\o 
\o 
\o 
\o 
\o 
\o 
\o *Info*    Run start for Point ID (0 27) on testbench [
\o           CHARACTERIZATION:GM_ID_PMOS:1 ].
\o 
\o Resetting statistical vars
\o 
\o *Info*    Setting parameter values ...
\o 
\o Setting var IDS = "54.11695265n"
\o 
\o *Info*    Netlist Directory =
\o           /home/saul/projects/IL2244_VT26_SAUL/Sim/CHARACTERIZATION/GM_ID_PMOS/adexl/results/data/Ocean.2/27/CHARACTERIZATION:GM_ID_PMOS:1/netlist
\o 
\o 
\o *Info*    Data Directory    =
\o           /home/saul/projects/IL2244_VT26_SAUL/Sim/CHARACTERIZATION/GM_ID_PMOS/adexl/results/data/Ocean.2/27/CHARACTERIZATION:GM_ID_PMOS:1
\o 
\o 
\o *Info*    Creating Netlist for Point ID (0 27)
\o 
\o generate netlist...
\o function ansCdlCompPrim redefined
\o function ansCdlCompPrim redefined
\o Begin Incremental Netlisting Mar 10 07:16:21 2026
\o End netlisting Mar 10 07:16:21 2026
\o 
\o 	The netlist is up to date.
\o 	Time taken to compare the design with netlist:   0.0s
\o       ...successful.
\o compose simulator input file...
\o       ...successful.
\o 
\o *Info*    Running simulation on testbench [
\o           CHARACTERIZATION:GM_ID_PMOS:1 ] for Point ID (0 27).
\o 
\o Delete psf data in /home/saul/projects/IL2244_VT26_SAUL/Sim/CHARACTERIZATION/GM_ID_PMOS/adexl/results/data/Ocean.2/27/CHARACTERIZATION:GM_ID_PMOS:1/psf.
\o simulate...
\o WARNING (ADE-3080): Fast viewing extensions for PSF XL format (also known as RTSF) will be discontinued  
\o        and Virtuoso Visualization and Analysis XL will not use RTSF data to plot waveforms from IC6.1.8 ISR7 onward. 
\o        There will be no performance impact on data visualization due to this change.
\o INFO (ADE-3071): Simulation completed successfully.
\o reading simulation data...
\o       ...successful.
\o *Info*    Client has finished evaluating ... 
\o 
\o 
\o *Info*    Run complete for Point ID (0 27) on testbench [
\o           CHARACTERIZATION:GM_ID_PMOS:1 ].
\o 
\o 
\o 
\o 
\o 
\o 
\o 
\o 
\o 
\o 
\o *Info*    Run start for Point ID (0 32) on testbench [
\o           CHARACTERIZATION:GM_ID_PMOS:1 ].
\o 
\o Resetting statistical vars
\o 
\o *Info*    Setting parameter values ...
\o 
\o Setting var IDS = "116.5914401n"
\o 
\o *Info*    Netlist Directory =
\o           /home/saul/projects/IL2244_VT26_SAUL/Sim/CHARACTERIZATION/GM_ID_PMOS/adexl/results/data/Ocean.2/32/CHARACTERIZATION:GM_ID_PMOS:1/netlist
\o 
\o 
\o *Info*    Data Directory    =
\o           /home/saul/projects/IL2244_VT26_SAUL/Sim/CHARACTERIZATION/GM_ID_PMOS/adexl/results/data/Ocean.2/32/CHARACTERIZATION:GM_ID_PMOS:1
\o 
\o 
\o *Info*    Creating Netlist for Point ID (0 32)
\o 
\o generate netlist...
\o function ansCdlCompPrim redefined
\o function ansCdlCompPrim redefined
\o Begin Incremental Netlisting Mar 10 07:16:22 2026
\o End netlisting Mar 10 07:16:22 2026
\o 
\o 	The netlist is up to date.
\o 	Time taken to compare the design with netlist:   0.0s
\o       ...successful.
\o compose simulator input file...
\o       ...successful.
\o 
\o *Info*    Running simulation on testbench [
\o           CHARACTERIZATION:GM_ID_PMOS:1 ] for Point ID (0 32).
\o 
\o Delete psf data in /home/saul/projects/IL2244_VT26_SAUL/Sim/CHARACTERIZATION/GM_ID_PMOS/adexl/results/data/Ocean.2/32/CHARACTERIZATION:GM_ID_PMOS:1/psf.
\o simulate...
\o WARNING (ADE-3080): Fast viewing extensions for PSF XL format (also known as RTSF) will be discontinued  
\o        and Virtuoso Visualization and Analysis XL will not use RTSF data to plot waveforms from IC6.1.8 ISR7 onward. 
\o        There will be no performance impact on data visualization due to this change.
\o INFO (ADE-3071): Simulation completed successfully.
\o reading simulation data...
\o       ...successful.
\o *Info*    Client has finished evaluating ... 
\o 
\o 
\o *Info*    Run complete for Point ID (0 32) on testbench [
\o           CHARACTERIZATION:GM_ID_PMOS:1 ].
\o 
\o 
\o 
\o 
\o 
\o 
\o 
\o 
\o 
\o 
\o *Info*    Run start for Point ID (0 37) on testbench [
\o           CHARACTERIZATION:GM_ID_PMOS:1 ].
\o 
\o Resetting statistical vars
\o 
\o *Info*    Setting parameter values ...
\o 
\o Setting var IDS = "251.1886432n"
\o 
\o *Info*    Netlist Directory =
\o           /home/saul/projects/IL2244_VT26_SAUL/Sim/CHARACTERIZATION/GM_ID_PMOS/adexl/results/data/Ocean.2/37/CHARACTERIZATION:GM_ID_PMOS:1/netlist
\o 
\o 
\o *Info*    Data Directory    =
\o           /home/saul/projects/IL2244_VT26_SAUL/Sim/CHARACTERIZATION/GM_ID_PMOS/adexl/results/data/Ocean.2/37/CHARACTERIZATION:GM_ID_PMOS:1
\o 
\o 
\o *Info*    Creating Netlist for Point ID (0 37)
\o 
\o generate netlist...
\o function ansCdlCompPrim redefined
\o function ansCdlCompPrim redefined
\o Begin Incremental Netlisting Mar 10 07:16:23 2026
\o End netlisting Mar 10 07:16:23 2026
\o 
\o 	The netlist is up to date.
\o 	Time taken to compare the design with netlist:   0.0s
\o       ...successful.
\o compose simulator input file...
\o       ...successful.
\o 
\o *Info*    Running simulation on testbench [
\o           CHARACTERIZATION:GM_ID_PMOS:1 ] for Point ID (0 37).
\o 
\o Delete psf data in /home/saul/projects/IL2244_VT26_SAUL/Sim/CHARACTERIZATION/GM_ID_PMOS/adexl/results/data/Ocean.2/37/CHARACTERIZATION:GM_ID_PMOS:1/psf.
\o simulate...
\o WARNING (ADE-3080): Fast viewing extensions for PSF XL format (also known as RTSF) will be discontinued  
\o        and Virtuoso Visualization and Analysis XL will not use RTSF data to plot waveforms from IC6.1.8 ISR7 onward. 
\o        There will be no performance impact on data visualization due to this change.
\o INFO (ADE-3071): Simulation completed successfully.
\o reading simulation data...
\o       ...successful.
\o *Info*    Client has finished evaluating ... 
\o 
\o 
\o *Info*    Run complete for Point ID (0 37) on testbench [
\o           CHARACTERIZATION:GM_ID_PMOS:1 ].
\o 
\o 
\o 
\o 
\o 
\o 
\o 
\o 
\o 
\o 
\o *Info*    Run start for Point ID (0 42) on testbench [
\o           CHARACTERIZATION:GM_ID_PMOS:1 ].
\o 
\o Resetting statistical vars
\o 
\o *Info*    Setting parameter values ...
\o 
\o Setting var IDS = "541.1695265n"
\o 
\o *Info*    Netlist Directory =
\o           /home/saul/projects/IL2244_VT26_SAUL/Sim/CHARACTERIZATION/GM_ID_PMOS/adexl/results/data/Ocean.2/42/CHARACTERIZATION:GM_ID_PMOS:1/netlist
\o 
\o 
\o *Info*    Data Directory    =
\o           /home/saul/projects/IL2244_VT26_SAUL/Sim/CHARACTERIZATION/GM_ID_PMOS/adexl/results/data/Ocean.2/42/CHARACTERIZATION:GM_ID_PMOS:1
\o 
\o 
\o *Info*    Creating Netlist for Point ID (0 42)
\o 
\o generate netlist...
\o function ansCdlCompPrim redefined
\o function ansCdlCompPrim redefined
\o Begin Incremental Netlisting Mar 10 07:16:24 2026
\o End netlisting Mar 10 07:16:24 2026
\o 
\o 	The netlist is up to date.
\o 	Time taken to compare the design with netlist:   0.0s
\o       ...successful.
\o compose simulator input file...
\o       ...successful.
\o 
\o *Info*    Running simulation on testbench [
\o           CHARACTERIZATION:GM_ID_PMOS:1 ] for Point ID (0 42).
\o 
\o Delete psf data in /home/saul/projects/IL2244_VT26_SAUL/Sim/CHARACTERIZATION/GM_ID_PMOS/adexl/results/data/Ocean.2/42/CHARACTERIZATION:GM_ID_PMOS:1/psf.
\o simulate...
\o WARNING (ADE-3080): Fast viewing extensions for PSF XL format (also known as RTSF) will be discontinued  
\o        and Virtuoso Visualization and Analysis XL will not use RTSF data to plot waveforms from IC6.1.8 ISR7 onward. 
\o        There will be no performance impact on data visualization due to this change.
\o INFO (ADE-3071): Simulation completed successfully.
\o reading simulation data...
\o       ...successful.
\o *Info*    Client has finished evaluating ... 
\o 
\o 
\o *Info*    Run complete for Point ID (0 42) on testbench [
\o           CHARACTERIZATION:GM_ID_PMOS:1 ].
\o 
\o 
\o 
\o 
\o 
\o 
\o 
\o 
\o 
\o 
\o *Info*    Run start for Point ID (0 47) on testbench [
\o           CHARACTERIZATION:GM_ID_PMOS:1 ].
\o 
\o Resetting statistical vars
\o 
\o *Info*    Setting parameter values ...
\o 
\o Setting var IDS = "1.165914401u"
\o 
\o *Info*    Netlist Directory =
\o           /home/saul/projects/IL2244_VT26_SAUL/Sim/CHARACTERIZATION/GM_ID_PMOS/adexl/results/data/Ocean.2/47/CHARACTERIZATION:GM_ID_PMOS:1/netlist
\o 
\o 
\o *Info*    Data Directory    =
\o           /home/saul/projects/IL2244_VT26_SAUL/Sim/CHARACTERIZATION/GM_ID_PMOS/adexl/results/data/Ocean.2/47/CHARACTERIZATION:GM_ID_PMOS:1
\o 
\o 
\o *Info*    Creating Netlist for Point ID (0 47)
\o 
\o generate netlist...
\o function ansCdlCompPrim redefined
\o function ansCdlCompPrim redefined
\o Begin Incremental Netlisting Mar 10 07:16:25 2026
\o End netlisting Mar 10 07:16:25 2026
\o 
\o 	The netlist is up to date.
\o 	Time taken to compare the design with netlist:   0.0s
\o       ...successful.
\o compose simulator input file...
\o       ...successful.
\o 
\o *Info*    Running simulation on testbench [
\o           CHARACTERIZATION:GM_ID_PMOS:1 ] for Point ID (0 47).
\o 
\o Delete psf data in /home/saul/projects/IL2244_VT26_SAUL/Sim/CHARACTERIZATION/GM_ID_PMOS/adexl/results/data/Ocean.2/47/CHARACTERIZATION:GM_ID_PMOS:1/psf.
\o simulate...
\o WARNING (ADE-3080): Fast viewing extensions for PSF XL format (also known as RTSF) will be discontinued  
\o        and Virtuoso Visualization and Analysis XL will not use RTSF data to plot waveforms from IC6.1.8 ISR7 onward. 
\o        There will be no performance impact on data visualization due to this change.
\o INFO (ADE-3071): Simulation completed successfully.
\o reading simulation data...
\o       ...successful.
\o *Info*    Client has finished evaluating ... 
\o 
\o 
\o *Info*    Run complete for Point ID (0 47) on testbench [
\o           CHARACTERIZATION:GM_ID_PMOS:1 ].
\o 
\o 
\o 
\o 
\o 
\o 
\o 
\o 
\o 
\o 
\o *Info*    Run start for Point ID (0 52) on testbench [
\o           CHARACTERIZATION:GM_ID_PMOS:1 ].
\o 
\o Resetting statistical vars
\o 
\o *Info*    Setting parameter values ...
\o 
\o Setting var IDS = "2.511886432u"
\o 
\o *Info*    Netlist Directory =
\o           /home/saul/projects/IL2244_VT26_SAUL/Sim/CHARACTERIZATION/GM_ID_PMOS/adexl/results/data/Ocean.2/52/CHARACTERIZATION:GM_ID_PMOS:1/netlist
\o 
\o 
\o *Info*    Data Directory    =
\o           /home/saul/projects/IL2244_VT26_SAUL/Sim/CHARACTERIZATION/GM_ID_PMOS/adexl/results/data/Ocean.2/52/CHARACTERIZATION:GM_ID_PMOS:1
\o 
\o 
\o *Info*    Creating Netlist for Point ID (0 52)
\o 
\o generate netlist...
\o function ansCdlCompPrim redefined
\o function ansCdlCompPrim redefined
\o Begin Incremental Netlisting Mar 10 07:16:26 2026
\o End netlisting Mar 10 07:16:26 2026
\o 
\o 	The netlist is up to date.
\o 	Time taken to compare the design with netlist:   0.0s
\o       ...successful.
\o compose simulator input file...
\o       ...successful.
\o 
\o *Info*    Running simulation on testbench [
\o           CHARACTERIZATION:GM_ID_PMOS:1 ] for Point ID (0 52).
\o 
\o Delete psf data in /home/saul/projects/IL2244_VT26_SAUL/Sim/CHARACTERIZATION/GM_ID_PMOS/adexl/results/data/Ocean.2/52/CHARACTERIZATION:GM_ID_PMOS:1/psf.
\o simulate...
\o WARNING (ADE-3080): Fast viewing extensions for PSF XL format (also known as RTSF) will be discontinued  
\o        and Virtuoso Visualization and Analysis XL will not use RTSF data to plot waveforms from IC6.1.8 ISR7 onward. 
\o        There will be no performance impact on data visualization due to this change.
\o INFO (ADE-3071): Simulation completed successfully.
\o reading simulation data...
\o       ...successful.
\o *Info*    Client has finished evaluating ... 
\o 
\o 
\o *Info*    Run complete for Point ID (0 52) on testbench [
\o           CHARACTERIZATION:GM_ID_PMOS:1 ].
\o 
\o 
\o 
\o 
\o 
\o 
\o 
\o 
\o 
\o 
\o *Info*    Run start for Point ID (0 57) on testbench [
\o           CHARACTERIZATION:GM_ID_PMOS:1 ].
\o 
\o Resetting statistical vars
\o 
\o *Info*    Setting parameter values ...
\o 
\o Setting var IDS = "5.411695265u"
\o 
\o *Info*    Netlist Directory =
\o           /home/saul/projects/IL2244_VT26_SAUL/Sim/CHARACTERIZATION/GM_ID_PMOS/adexl/results/data/Ocean.2/57/CHARACTERIZATION:GM_ID_PMOS:1/netlist
\o 
\o 
\o *Info*    Data Directory    =
\o           /home/saul/projects/IL2244_VT26_SAUL/Sim/CHARACTERIZATION/GM_ID_PMOS/adexl/results/data/Ocean.2/57/CHARACTERIZATION:GM_ID_PMOS:1
\o 
\o 
\o *Info*    Creating Netlist for Point ID (0 57)
\o 
\o generate netlist...
\o function ansCdlCompPrim redefined
\o function ansCdlCompPrim redefined
\o Begin Incremental Netlisting Mar 10 07:16:27 2026
\o End netlisting Mar 10 07:16:27 2026
\o 
\o 	The netlist is up to date.
\o 	Time taken to compare the design with netlist:   0.0s
\o       ...successful.
\o compose simulator input file...
\o       ...successful.
\o 
\o *Info*    Running simulation on testbench [
\o           CHARACTERIZATION:GM_ID_PMOS:1 ] for Point ID (0 57).
\o 
\o Delete psf data in /home/saul/projects/IL2244_VT26_SAUL/Sim/CHARACTERIZATION/GM_ID_PMOS/adexl/results/data/Ocean.2/57/CHARACTERIZATION:GM_ID_PMOS:1/psf.
\o simulate...
\o WARNING (ADE-3080): Fast viewing extensions for PSF XL format (also known as RTSF) will be discontinued  
\o        and Virtuoso Visualization and Analysis XL will not use RTSF data to plot waveforms from IC6.1.8 ISR7 onward. 
\o        There will be no performance impact on data visualization due to this change.
\o INFO (ADE-3071): Simulation completed successfully.
\o reading simulation data...
\o       ...successful.
\o *Info*    Client has finished evaluating ... 
\o 
\o 
\o *Info*    Run complete for Point ID (0 57) on testbench [
\o           CHARACTERIZATION:GM_ID_PMOS:1 ].
\o 
\o 
\o 
\o 
\o 
\o 
\o 
\o 
\o 
\o 
\o *Info*    Run start for Point ID (0 62) on testbench [
\o           CHARACTERIZATION:GM_ID_PMOS:1 ].
\o 
\o Resetting statistical vars
\o 
\o *Info*    Setting parameter values ...
\o 
\o Setting var IDS = "11.65914401u"
\o 
\o *Info*    Netlist Directory =
\o           /home/saul/projects/IL2244_VT26_SAUL/Sim/CHARACTERIZATION/GM_ID_PMOS/adexl/results/data/Ocean.2/62/CHARACTERIZATION:GM_ID_PMOS:1/netlist
\o 
\o 
\o *Info*    Data Directory    =
\o           /home/saul/projects/IL2244_VT26_SAUL/Sim/CHARACTERIZATION/GM_ID_PMOS/adexl/results/data/Ocean.2/62/CHARACTERIZATION:GM_ID_PMOS:1
\o 
\o 
\o *Info*    Creating Netlist for Point ID (0 62)
\o 
\o generate netlist...
\o function ansCdlCompPrim redefined
\o function ansCdlCompPrim redefined
\o Begin Incremental Netlisting Mar 10 07:16:28 2026
\o End netlisting Mar 10 07:16:28 2026
\o 
\o 	The netlist is up to date.
\o 	Time taken to compare the design with netlist:   0.0s
\o       ...successful.
\o compose simulator input file...
\o       ...successful.
\o 
\o *Info*    Running simulation on testbench [
\o           CHARACTERIZATION:GM_ID_PMOS:1 ] for Point ID (0 62).
\o 
\o Delete psf data in /home/saul/projects/IL2244_VT26_SAUL/Sim/CHARACTERIZATION/GM_ID_PMOS/adexl/results/data/Ocean.2/62/CHARACTERIZATION:GM_ID_PMOS:1/psf.
\o simulate...
\o WARNING (ADE-3080): Fast viewing extensions for PSF XL format (also known as RTSF) will be discontinued  
\o        and Virtuoso Visualization and Analysis XL will not use RTSF data to plot waveforms from IC6.1.8 ISR7 onward. 
\o        There will be no performance impact on data visualization due to this change.
\o INFO (ADE-3071): Simulation completed successfully.
\o reading simulation data...
\o       ...successful.
\o *Info*    Client has finished evaluating ... 
\o 
\o 
\o *Info*    Run complete for Point ID (0 62) on testbench [
\o           CHARACTERIZATION:GM_ID_PMOS:1 ].
\o 
\o 
\o 
\o 
\o 
\o 
\o 
\o 
\o 
\o 
\o *Info*    Run start for Point ID (0 67) on testbench [
\o           CHARACTERIZATION:GM_ID_PMOS:1 ].
\o 
\o Resetting statistical vars
\o 
\o *Info*    Setting parameter values ...
\o 
\o Setting var IDS = "25.11886432u"
\o 
\o *Info*    Netlist Directory =
\o           /home/saul/projects/IL2244_VT26_SAUL/Sim/CHARACTERIZATION/GM_ID_PMOS/adexl/results/data/Ocean.2/67/CHARACTERIZATION:GM_ID_PMOS:1/netlist
\o 
\o 
\o *Info*    Data Directory    =
\o           /home/saul/projects/IL2244_VT26_SAUL/Sim/CHARACTERIZATION/GM_ID_PMOS/adexl/results/data/Ocean.2/67/CHARACTERIZATION:GM_ID_PMOS:1
\o 
\o 
\o *Info*    Creating Netlist for Point ID (0 67)
\o 
\o generate netlist...
\o function ansCdlCompPrim redefined
\o function ansCdlCompPrim redefined
\o Begin Incremental Netlisting Mar 10 07:16:29 2026
\o End netlisting Mar 10 07:16:29 2026
\o 
\o 	The netlist is up to date.
\o 	Time taken to compare the design with netlist:   0.0s
\o       ...successful.
\o compose simulator input file...
\o       ...successful.
\o 
\o *Info*    Running simulation on testbench [
\o           CHARACTERIZATION:GM_ID_PMOS:1 ] for Point ID (0 67).
\o 
\o Delete psf data in /home/saul/projects/IL2244_VT26_SAUL/Sim/CHARACTERIZATION/GM_ID_PMOS/adexl/results/data/Ocean.2/67/CHARACTERIZATION:GM_ID_PMOS:1/psf.
\o simulate...
\o WARNING (ADE-3080): Fast viewing extensions for PSF XL format (also known as RTSF) will be discontinued  
\o        and Virtuoso Visualization and Analysis XL will not use RTSF data to plot waveforms from IC6.1.8 ISR7 onward. 
\o        There will be no performance impact on data visualization due to this change.
\o INFO (ADE-3071): Simulation completed successfully.
\o reading simulation data...
\o       ...successful.
\o *Info*    Client has finished evaluating ... 
\o 
\o 
\o *Info*    Run complete for Point ID (0 67) on testbench [
\o           CHARACTERIZATION:GM_ID_PMOS:1 ].
\o 
\o 
\o 
\o 
\o 
\o 
\o 
\o 
\o 
\o 
\o *Info*    Run start for Point ID (0 72) on testbench [
\o           CHARACTERIZATION:GM_ID_PMOS:1 ].
\o 
\o Resetting statistical vars
\o 
\o *Info*    Setting parameter values ...
\o 
\o Setting var IDS = "54.11695265u"
\o 
\o *Info*    Netlist Directory =
\o           /home/saul/projects/IL2244_VT26_SAUL/Sim/CHARACTERIZATION/GM_ID_PMOS/adexl/results/data/Ocean.2/72/CHARACTERIZATION:GM_ID_PMOS:1/netlist
\o 
\o 
\o *Info*    Data Directory    =
\o           /home/saul/projects/IL2244_VT26_SAUL/Sim/CHARACTERIZATION/GM_ID_PMOS/adexl/results/data/Ocean.2/72/CHARACTERIZATION:GM_ID_PMOS:1
\o 
\o 
\o *Info*    Creating Netlist for Point ID (0 72)
\o 
\o generate netlist...
\o function ansCdlCompPrim redefined
\o function ansCdlCompPrim redefined
\o Begin Incremental Netlisting Mar 10 07:16:31 2026
\o End netlisting Mar 10 07:16:31 2026
\o 
\o 	The netlist is up to date.
\o 	Time taken to compare the design with netlist:   0.0s
\o       ...successful.
\o compose simulator input file...
\o       ...successful.
\o 
\o *Info*    Running simulation on testbench [
\o           CHARACTERIZATION:GM_ID_PMOS:1 ] for Point ID (0 72).
\o 
\o Delete psf data in /home/saul/projects/IL2244_VT26_SAUL/Sim/CHARACTERIZATION/GM_ID_PMOS/adexl/results/data/Ocean.2/72/CHARACTERIZATION:GM_ID_PMOS:1/psf.
\o simulate...
\o WARNING (ADE-3080): Fast viewing extensions for PSF XL format (also known as RTSF) will be discontinued  
\o        and Virtuoso Visualization and Analysis XL will not use RTSF data to plot waveforms from IC6.1.8 ISR7 onward. 
\o        There will be no performance impact on data visualization due to this change.
\o INFO (ADE-3071): Simulation completed successfully.
\o reading simulation data...
\o       ...successful.
\o *Info*    Client has finished evaluating ... 
\o 
\o 
\o *Info*    Run complete for Point ID (0 72) on testbench [
\o           CHARACTERIZATION:GM_ID_PMOS:1 ].
\o 
\o 
\o 
\o 
\o 
\# Lic Summary:
\# [07:16:34.133011] Cdslmd servers:3000@lic08.ug.kth.se:29000@lic06.ug.kth.se
\# [07:16:34.133034] Feature usage summary:
\# Memory report: on exit            425 MB, process size 2,232 MB at UTC 2026.03.10 07:16:34.657
\# Memory report: peak usage         425 MB, process size 2,235 MB
