[Simulation Monitor: 5]
[2026-04-10 04:50:50.318 Z] [PROCESS] [cadence.virtuoso.ade.simulationMonitor] - Simulation Monitor has successfully started up. Trying to set up communication channels to other components ... {"hostname": "edatools", "processid": 187617, "logfile": "/home/saul/projects/IL2244_VT26_SAUL/logs_saul/logs0/Job5.log"}
[2026-04-10 04:50:50.318 Z] [PROCESS] [cadence.virtuoso.ade.simulationMonitor] - Communication channels have been successfully set up. Start processing events ... {"hostname": "edatools", "processid": 187617, "logfile": "/home/saul/projects/IL2244_VT26_SAUL/logs_saul/logs0/Job5.log"}
[2026-04-10 04:50:50.318 Z] [PROCESS] [cadence.virtuoso.ade.simulationMonitor] - Considering to start history {"hostname": "edatools", "processid": 187617, "history": "Interactive.23", "logfile": "/home/saul/projects/IL2244_VT26_SAUL/logs_saul/logs0/Job5.log"}
[2026-04-10 04:50:50.321 Z] [PROCESS] [cadence.virtuoso.ade.simulationMonitor] - Padding test token found for runId '2', Linger time '300', currentRunSyn '4', currentTestSyn '5' {"hostname": "edatools", "processid": 187617, "history": "Interactive.23", "logfile": "/home/saul/projects/IL2244_VT26_SAUL/logs_saul/logs0/Job5.log"}
[2026-04-10 04:50:50.329 Z] [PROCESS] [cadence.virtuoso.ade.simulationMonitor] - Padding test token found for runId '2', Linger time '300', currentRunSyn '4', currentTestSyn '5' {"hostname": "edatools", "processid": 187617, "history": "Interactive.23", "logfile": "/home/saul/projects/IL2244_VT26_SAUL/logs_saul/logs0/Job5.log"}
[2026-04-10 04:50:50.368 Z] [PROCESS] [cadence.virtuoso.ade.simulationMonitor] - Padding test token found for runId '2', Linger time '300', currentRunSyn '4', currentTestSyn '5' {"hostname": "edatools", "processid": 187617, "history": "Interactive.23", "logfile": "/home/saul/projects/IL2244_VT26_SAUL/logs_saul/logs0/Job5.log"}
[2026-04-10 04:50:50.588 Z] [PROCESS] [cadence.virtuoso.ade.simulationMonitor] - Padding test token found for runId '2', Linger time '300', currentRunSyn '4', currentTestSyn '5' {"hostname": "edatools", "processid": 187617, "history": "Interactive.23", "logfile": "/home/saul/projects/IL2244_VT26_SAUL/logs_saul/logs0/Job5.log"}
[2026-04-10 04:50:51.001 Z] [PROCESS] [cadence.virtuoso.ade.simulationMonitor] - Started History {"hostname": "edatools", "processid": 187617, "history": "Interactive.25", "logfile": "/home/saul/projects/IL2244_VT26_SAUL/logs_saul/logs0/Job5.log"}
[2026-04-10 04:50:51.001 Z] [PROCESS] [cadence.virtuoso.ade.simulationMonitor] - HostInfo:
Host name (type):	edatools (x86_64)
Operating system:	Linux 6.17.0-20-generic #20~24.04.1-Ubuntu SMP PREEMPT_DYNAMIC Thu Mar 19 01:28:37 UTC 2 {"hostname": "edatools", "processid": 187617, "history": "Interactive.25", "logfile": "/home/saul/projects/IL2244_VT26_SAUL/logs_saul/logs0/Job5.log", "nodename": "edatools", "domainname": "(none)", "machine": "x86_64", "sysname": "Linux", "release": "6.17.0-20-generic", "version": "#20~24.04.1-Ubuntu SMP PREEMPT_DYNAMIC Thu Mar 19 01:28:37 UTC 2"}
[2026-04-10 04:50:51.001 Z] [PROCESS] [cadence.virtuoso.ade.simulationMonitor] - UsageInfo:
pid=187617
totalPhysicalMemory=62.544991GB,Used=19.599117GB,totalVirtualMemory=70.544987GB,Used=19.599117GB
Cpu: Cores=16, Load average:0.310000,0.440000,0.400000 {"hostname": "edatools", "processid": 187617, "history": "Interactive.25", "logfile": "/home/saul/projects/IL2244_VT26_SAUL/logs_saul/logs0/Job5.log", "pid": "187617", "totalPhysicalMemory": "62.544991", "physicalMemoryUsed": "19.599117", "totalVirtualMemory": "70.544987", "virtualMemoryUsed": "19.599117", "cpuCores": "16", "processes": "1931", "loadAverage1": "0.310000", "loadAverage5": "0.440000", "loadAverage15": "0.400000", "loadAverage1Percent": "0.019375"}
[2026-04-10 04:50:51.001 Z] [EVENT] [cadence.virtuoso.ade.simulationMonitor] - NewPoint {"history": "Interactive.25", "point": 1, "testname": "PSS_PXF_PNOISE", "cornername": "Nominal", "event": "NewPoint", "EventSource": "Simulation Monitor", "HistoryName": "Interactive.25", "logFile": "/home/saul/projects/IL2244_VT26_SAUL/logs_saul/logs0/Job5.log", "logFileSize": "3756"}
[2026-04-10 04:50:51.102 Z] [EVENT] [cadence.virtuoso.ade.simulationMonitor] - NewPoint {"history": "Interactive.25", "point": 1, "testname": "PSS_PXF_PNOISE", "cornername": "Nominal", "event": "NewPoint", "EventSource": "spectre", "HistoryName": "Interactive.25", "logFile": "/home/saul/projects/IL2244_VT26_SAUL/Sim/FECG/fecg_front_end_tb/maestro/results/maestro/Interactive.25/1/PSS_PXF_PNOISE/psf/spectre.out", "logFileSize": "-1"}
[2026-04-10 04:50:51.116 Z] [PROCESS] [cadence.virtuoso.ade.simulationMonitor] - Simulator launched {"hostname": "edatools", "processid": 187617, "history": "Interactive.25", "testname": "PSS_PXF_PNOISE", "cornername": "Nominal", "point": 1, "logfile": "/home/saul/projects/IL2244_VT26_SAUL/logs_saul/logs0/Job5.log", "simid": "1"}
[2026-04-10 04:50:51.119 Z] [PROCESS] [cadence.virtuoso.ade.simulationMonitor] - Expression evaluator launched {"hostname": "edatools", "processid": 187617, "history": "Interactive.25", "testname": "PSS_PXF_PNOISE", "cornername": "Nominal", "point": 1, "logfile": "/home/saul/projects/IL2244_VT26_SAUL/logs_saul/logs0/Job5.log"}
[2026-04-10 04:50:51.151 Z] [PROCESS] [cadence.virtuoso.ade.simulationMonitor] - Started Simulation {"hostname": "edatools", "processid": 187617, "history": "Interactive.25", "testname": "PSS_PXF_PNOISE", "cornername": "Nominal", "point": 1, "logfile": "/home/saul/projects/IL2244_VT26_SAUL/logs_saul/logs0/Job5.log", "event": "started", "task": "simulation"}
[2026-04-10 04:50:51.651 Z] [INFO] [cadence.virtuoso.ade.simulationMonitor] - Notice from spectre during circuit read-in.
    Pre_Configuration file used: /opt/tools/cadence/installs/SPECTRE241/tools.lnx86/spectre/etc/configs/preset.precfg
    Configuration file used: `/opt/tools/cadence/installs/SPECTRE241/tools.lnx86/spectre/etc/configs/preset.cfg'. {"history": "Interactive.25", "point": 1, "testname": "PSS_PXF_PNOISE", "cornername": "Nominal"}
[2026-04-10 04:50:51.651 Z] [WARN] [cadence.virtuoso.ade.simulationMonitor] -     WARNING (SPECTRE-8360): line 1511: `ac' is an undefined primitive device. {"history": "Interactive.25", "point": 1, "testname": "PSS_PXF_PNOISE", "cornername": "Nominal"}
[2026-04-10 04:50:51.651 Z] [WARN] [cadence.virtuoso.ade.simulationMonitor] -     WARNING (SPECTRE-8360): line 1512: `ac' is an undefined primitive device. {"history": "Interactive.25", "point": 1, "testname": "PSS_PXF_PNOISE", "cornername": "Nominal"}
[2026-04-10 04:50:51.651 Z] [WARN] [cadence.virtuoso.ade.simulationMonitor] -     WARNING (SPECTRE-8360): line 1513: `ac' is an undefined primitive device. {"history": "Interactive.25", "point": 1, "testname": "PSS_PXF_PNOISE", "cornername": "Nominal"}
[2026-04-10 04:50:51.651 Z] [WARN] [cadence.virtuoso.ade.simulationMonitor] -     WARNING (SPECTRE-8360): line 1514: `ac' is an undefined primitive device. {"history": "Interactive.25", "point": 1, "testname": "PSS_PXF_PNOISE", "cornername": "Nominal"}
[2026-04-10 04:50:51.651 Z] [WARN] [cadence.virtuoso.ade.simulationMonitor] -     WARNING (SPECTRE-8360): line 1515: `ac' is an undefined primitive device.
        Further occurrences of this warning will be suppressed. {"history": "Interactive.25", "point": 1, "testname": "PSS_PXF_PNOISE", "cornername": "Nominal"}
[2026-04-10 04:50:51.651 Z] [INFO] [cadence.virtuoso.ade.simulationMonitor] - Peak resident memory used = 171 Mbytes. {"history": "Interactive.25", "point": 1, "testname": "PSS_PXF_PNOISE", "cornername": "Nominal"}
[2026-04-10 04:50:51.651 Z] [WARN] [cadence.virtuoso.ade.simulationMonitor] -     WARNING (VACOMP-2435): The environment variable CDS_AHDLCMI_ENABLE is no longer supported. Therefore, the simulator will use the default compiled C code flow. {"history": "Interactive.25", "point": 1, "testname": "PSS_PXF_PNOISE", "cornername": "Nominal"}
[2026-04-10 04:50:51.651 Z] [WARN] [cadence.virtuoso.ade.simulationMonitor] -     WARNING (SFE-3031): The floating capacitor I19.I11.C7<0>_turbo_m3.C1 is removed. {"history": "Interactive.25", "point": 1, "testname": "PSS_PXF_PNOISE", "cornername": "Nominal"}
[2026-04-10 04:50:51.651 Z] [WARN] [cadence.virtuoso.ade.simulationMonitor] -     WARNING (SFE-3031): The floating capacitor I19.I11.C10<0>_turbo_m12.C1 is removed. {"history": "Interactive.25", "point": 1, "testname": "PSS_PXF_PNOISE", "cornername": "Nominal"}
[2026-04-10 04:50:51.652 Z] [WARN] [cadence.virtuoso.ade.simulationMonitor] -     WARNING (SFE-3031): The floating capacitor I19.I12.C7<0>_turbo_m3.C1 is removed. {"history": "Interactive.25", "point": 1, "testname": "PSS_PXF_PNOISE", "cornername": "Nominal"}
[2026-04-10 04:50:51.652 Z] [WARN] [cadence.virtuoso.ade.simulationMonitor] -     WARNING (SFE-3031): The floating capacitor I19.I8.C6<0>_turbo_m3.C1 is removed. {"history": "Interactive.25", "point": 1, "testname": "PSS_PXF_PNOISE", "cornername": "Nominal"}
[2026-04-10 04:50:51.652 Z] [WARN] [cadence.virtuoso.ade.simulationMonitor] -     WARNING (SFE-3031): The floating capacitor I19.I14.C2.C1 is removed.
        Further occurrences of this warning will be suppressed. {"history": "Interactive.25", "point": 1, "testname": "PSS_PXF_PNOISE", "cornername": "Nominal"}
[2026-04-10 04:50:51.652 Z] [INFO] [cadence.virtuoso.ade.simulationMonitor] - Peak resident memory used = 188 Mbytes. {"history": "Interactive.25", "point": 1, "testname": "PSS_PXF_PNOISE", "cornername": "Nominal"}
[2026-04-10 04:50:51.652 Z] [INFO] [cadence.virtuoso.ade.simulationMonitor] - Notice from spectre during hierarchy flattening.
    The value 'psf' specified for the 'checklimitdest' option will no longer be supported in future releases. Use 'spectre -h' to see other recommended values for the 'checklimitdest' option.
    I19.I0.R10.CS0 of rpolyhc: `c' has the unusually small value of 0 F.
    I19.I0.R10.CS1 of rpolyhc: `c' has the unusually small value of 0 F.
    I19.I0.R9.CS0 of rpolyhc: `c' has the unusually small value of 0 F.
    I19.I0.R9.CS1 of rpolyhc: `c' has the unusually ... {"history": "Interactive.25", "point": 1, "testname": "PSS_PXF_PNOISE", "cornername": "Nominal"}
[2026-04-10 04:50:51.652 Z] [INFO] [cadence.virtuoso.ade.simulationMonitor] - Peak resident memory used = 191 Mbytes. {"history": "Interactive.25", "point": 1, "testname": "PSS_PXF_PNOISE", "cornername": "Nominal"}
[2026-04-10 04:50:51.652 Z] [WARN] [cadence.virtuoso.ade.simulationMonitor] -     WARNING (CMI-2425): I19.I0.C0: `Acde' = 2.393 is unusually large. {"history": "Interactive.25", "point": 1, "testname": "PSS_PXF_PNOISE", "cornername": "Nominal"}
[2026-04-10 04:50:51.652 Z] [WARN] [cadence.virtuoso.ade.simulationMonitor] -     WARNING (CMI-2425): I19.I0.C0: `Noff' = 4.732 is unusually large. {"history": "Interactive.25", "point": 1, "testname": "PSS_PXF_PNOISE", "cornername": "Nominal"}
[2026-04-10 04:50:51.652 Z] [WARN] [cadence.virtuoso.ade.simulationMonitor] -     WARNING (CMI-2424): I19.I0.C0: `Voffcv' = -867.4e-03 is unusually small. {"history": "Interactive.25", "point": 1, "testname": "PSS_PXF_PNOISE", "cornername": "Nominal"}
[2026-04-10 04:50:51.652 Z] [WARN] [cadence.virtuoso.ade.simulationMonitor] -     WARNING (CMI-2425): I19.I0.I3.C1: `Acde' = 2.393 is unusually large. {"history": "Interactive.25", "point": 1, "testname": "PSS_PXF_PNOISE", "cornername": "Nominal"}
[2026-04-10 04:50:51.652 Z] [WARN] [cadence.virtuoso.ade.simulationMonitor] -     WARNING (CMI-2425): I19.I0.I3.C1: `Noff' = 4.732 is unusually large. {"history": "Interactive.25", "point": 1, "testname": "PSS_PXF_PNOISE", "cornername": "Nominal"}
[2026-04-10 04:50:51.652 Z] [WARN] [cadence.virtuoso.ade.simulationMonitor] -     WARNING (CMI-2424): I19.I0.I3.C1: `Voffcv' = -867.4e-03 is unusually small. {"history": "Interactive.25", "point": 1, "testname": "PSS_PXF_PNOISE", "cornername": "Nominal"}
[2026-04-10 04:50:51.652 Z] [WARN] [cadence.virtuoso.ade.simulationMonitor] -     WARNING (CMI-2425): I19.I14.C1: `Acde' = 2.393 is unusually large.
        Further occurrences of this warning will be suppressed. {"history": "Interactive.25", "point": 1, "testname": "PSS_PXF_PNOISE", "cornername": "Nominal"}
[2026-04-10 04:50:51.652 Z] [WARN] [cadence.virtuoso.ade.simulationMonitor] -     WARNING (CMI-2424): I19.I14.C1: `Voffcv' = -867.4e-03 is unusually small. {"history": "Interactive.25", "point": 1, "testname": "PSS_PXF_PNOISE", "cornername": "Nominal"}
[2026-04-10 04:50:51.652 Z] [WARN] [cadence.virtuoso.ade.simulationMonitor] -     WARNING (CMI-2424): I19.I14.C1: `Voffcv' = -867.4e-03 is unusually small. {"history": "Interactive.25", "point": 1, "testname": "PSS_PXF_PNOISE", "cornername": "Nominal"}
[2026-04-10 04:50:51.652 Z] [WARN] [cadence.virtuoso.ade.simulationMonitor] -     WARNING (CMI-2424): I19.I0.I3.C1: `Voffcv' = -867.4e-03 is unusually small.
        Further occurrences of this warning will be suppressed. {"history": "Interactive.25", "point": 1, "testname": "PSS_PXF_PNOISE", "cornername": "Nominal"}
[2026-04-10 04:50:51.652 Z] [WARN] [cadence.virtuoso.ade.simulationMonitor] -     WARNING (SPECTRE-17607): Assert `SOAC_rpolyh_vminuspsub' is ignored because it contains an expression which is invalid or not supported by native evaluator.  {"history": "Interactive.25", "point": 1, "testname": "PSS_PXF_PNOISE", "cornername": "Nominal"}
[2026-04-10 04:50:51.652 Z] [WARN] [cadence.virtuoso.ade.simulationMonitor] -     WARNING (SPECTRE-17607): Assert `SOAC_rpolyh_vpluspsub' is ignored because it contains an expression which is invalid or not supported by native evaluator.  {"history": "Interactive.25", "point": 1, "testname": "PSS_PXF_PNOISE", "cornername": "Nominal"}
[2026-04-10 04:50:51.653 Z] [WARN] [cadence.virtuoso.ade.simulationMonitor] -     WARNING (SPECTRE-16460): SOAC_cvarm_vspsub:Specified subcircuit master `cvarm' was not found. {"history": "Interactive.25", "point": 1, "testname": "PSS_PXF_PNOISE", "cornername": "Nominal"}
[2026-04-10 04:50:51.653 Z] [WARN] [cadence.virtuoso.ade.simulationMonitor] -     WARNING (SPECTRE-16462): SOAC_cvarm_vspsub:Error in specification of subcircuit master. Assert is ignored. {"history": "Interactive.25", "point": 1, "testname": "PSS_PXF_PNOISE", "cornername": "Nominal"}
[2026-04-10 04:50:51.653 Z] [WARN] [cadence.virtuoso.ade.simulationMonitor] -     WARNING (SPECTRE-16460): SOAC_cvarm_vbs:Specified subcircuit master `cvarm' was not found. {"history": "Interactive.25", "point": 1, "testname": "PSS_PXF_PNOISE", "cornername": "Nominal"}
[2026-04-10 04:50:51.653 Z] [WARN] [cadence.virtuoso.ade.simulationMonitor] -     WARNING (SPECTRE-16462): SOAC_cvarm_vbs:Error in specification of subcircuit master. Assert is ignored. {"history": "Interactive.25", "point": 1, "testname": "PSS_PXF_PNOISE", "cornername": "Nominal"}
[2026-04-10 04:50:51.653 Z] [WARN] [cadence.virtuoso.ade.simulationMonitor] -     WARNING (SPECTRE-16460): SOAC_cvarm_vgb:Specified subcircuit master `cvarm' was not found. {"history": "Interactive.25", "point": 1, "testname": "PSS_PXF_PNOISE", "cornername": "Nominal"}
[2026-04-10 04:50:51.653 Z] [WARN] [cadence.virtuoso.ade.simulationMonitor] -     WARNING (SPECTRE-16462): SOAC_cvarm_vgb:Error in specification of subcircuit master. Assert is ignored. {"history": "Interactive.25", "point": 1, "testname": "PSS_PXF_PNOISE", "cornername": "Nominal"}
[2026-04-10 04:50:51.653 Z] [WARN] [cadence.virtuoso.ade.simulationMonitor] -     WARNING (SPECTRE-16460): SOAC_cvart_vspsub:Specified subcircuit master `cvart' was not found. {"history": "Interactive.25", "point": 1, "testname": "PSS_PXF_PNOISE", "cornername": "Nominal"}
[2026-04-10 04:50:51.653 Z] [WARN] [cadence.virtuoso.ade.simulationMonitor] -     WARNING (SPECTRE-16462): SOAC_cvart_vspsub:Error in specification of subcircuit master. Assert is ignored. {"history": "Interactive.25", "point": 1, "testname": "PSS_PXF_PNOISE", "cornername": "Nominal"}
[2026-04-10 04:50:51.653 Z] [WARN] [cadence.virtuoso.ade.simulationMonitor] -     WARNING (SPECTRE-16460): SOAC_cvart_vbs:Specified subcircuit master `cvart' was not found.
        Further occurrences of this warning will be suppressed. {"history": "Interactive.25", "point": 1, "testname": "PSS_PXF_PNOISE", "cornername": "Nominal"}
[2026-04-10 04:50:51.653 Z] [WARN] [cadence.virtuoso.ade.simulationMonitor] -     WARNING (SPECTRE-16462): SOAC_cvart_vbs:Error in specification of subcircuit master. Assert is ignored.
        Further occurrences of this warning will be suppressed. {"history": "Interactive.25", "point": 1, "testname": "PSS_PXF_PNOISE", "cornername": "Nominal"}
[2026-04-10 04:50:51.653 Z] [WARN] [cadence.virtuoso.ade.simulationMonitor] -     WARNING (SPECTRE-17607): Assert `SOAC_cvar_vspsub' is ignored because it contains an expression which is invalid or not supported by native evaluator.  {"history": "Interactive.25", "point": 1, "testname": "PSS_PXF_PNOISE", "cornername": "Nominal"}
[2026-04-10 04:50:51.653 Z] [WARN] [cadence.virtuoso.ade.simulationMonitor] -     WARNING (SPECTRE-17607): Assert `SOAC_cvar_vbpsub' is ignored because it contains an expression which is invalid or not supported by native evaluator.  {"history": "Interactive.25", "point": 1, "testname": "PSS_PXF_PNOISE", "cornername": "Nominal"}
[2026-04-10 04:50:51.653 Z] [WARN] [cadence.virtuoso.ade.simulationMonitor] -     WARNING (SPECTRE-17607): Assert `SOAC_cvar_vgpsub' is ignored because it contains an expression which is invalid or not supported by native evaluator. 
        Further occurrences of this warning will be suppressed. {"history": "Interactive.25", "point": 1, "testname": "PSS_PXF_PNOISE", "cornername": "Nominal"}
[2026-04-10 04:50:52.153 Z] [INFO] [cadence.virtuoso.ade.simulationMonitor] - Notice from spectre during initial setup.
    Multithreading is disabled due to the size of the design being too small. {"history": "Interactive.25", "point": 1, "testname": "PSS_PXF_PNOISE", "cornername": "Nominal"}
[2026-04-10 04:50:52.154 Z] [WARN] [cadence.virtuoso.ade.simulationMonitor] -     WARNING (SPECTRE-592): Following parameters are disabled because they are ignored or redefined in Spectre X:
        
        
        PSS Parameters:
          errpreset {"history": "Interactive.25", "point": 1, "testname": "PSS_PXF_PNOISE", "cornername": "Nominal"}
[2026-04-10 04:50:52.154 Z] [INFO] [cadence.virtuoso.ade.simulationMonitor] -               nodes 204 {"history": "Interactive.25", "point": 1, "testname": "PSS_PXF_PNOISE", "cornername": "Nominal"}
[2026-04-10 04:50:52.154 Z] [INFO] [cadence.virtuoso.ade.simulationMonitor] - Notice from spectre during initial setup.
    3 vsources are shorted because their absolute value is less than or equal to 'vabsshort'.
    Spectre X preset=mx enabled.
    7 notices suppressed.
    102 warnings suppressed. {"history": "Interactive.25", "point": 1, "testname": "PSS_PXF_PNOISE", "cornername": "Nominal"}
[2026-04-10 04:50:52.154 Z] [INFO] [cadence.virtuoso.ade.simulationMonitor] - Peak resident memory used = 208 Mbytes. {"history": "Interactive.25", "point": 1, "testname": "PSS_PXF_PNOISE", "cornername": "Nominal"}
[2026-04-10 04:50:52.154 Z] [INFO] [cadence.virtuoso.ade.simulationMonitor] -    -   (Spectre X) Multi-threading. The recommended number of threads is 1, consider adding +mt=1 on command line. {"history": "Interactive.25", "point": 1, "testname": "PSS_PXF_PNOISE", "cornername": "Nominal"}
[2026-04-10 04:50:52.154 Z] [INFO] [cadence.virtuoso.ade.simulationMonitor] - Notice from spectre during DC analysis `dcOp'.
    No checklimit analysis defined for asserts. A default checklimit analysis 'SpectreChecklimitAnal' has been created with all asserts enabled. {"history": "Interactive.25", "point": 1, "testname": "PSS_PXF_PNOISE", "cornername": "Nominal"}
[2026-04-10 04:50:52.154 Z] [INFO] [cadence.virtuoso.ade.simulationMonitor] - Notice from spectre during DC analysis `dcOp'.
    GminDC = 1 pS is large enough to noticeably affect the DC solution.
        dV(I19.I14.C1.d1) = 2.58858 mV
        Use the `gmin_check' option to eliminate or expand this report.
    Bad pivoting is found during DC analysis. Option dc_pivot_check=yes is recommended for possible improvement of convergence. {"history": "Interactive.25", "point": 1, "testname": "PSS_PXF_PNOISE", "cornername": "Nominal"}
[2026-04-10 04:50:52.154 Z] [WARN] [cadence.virtuoso.ade.simulationMonitor] -     WARNING (CMI-2943): Parameter checks have been ignored because the valid value for parameter 'trise' could not be found in 'C0'. {"history": "Interactive.25", "point": 1, "testname": "PSS_PXF_PNOISE", "cornername": "Nominal"}
[2026-04-10 04:50:52.154 Z] [WARN] [cadence.virtuoso.ade.simulationMonitor] -     WARNING (CMI-2943): Parameter checks have been ignored because the valid value for parameter 'trise' could not be found in 'C3'. {"history": "Interactive.25", "point": 1, "testname": "PSS_PXF_PNOISE", "cornername": "Nominal"}
[2026-04-10 04:50:52.154 Z] [WARN] [cadence.virtuoso.ade.simulationMonitor] -     WARNING (CMI-2943): Parameter checks have been ignored because the valid value for parameter 'trise' could not be found in 'I19.I2.C2<0>_turbo_m10.C1'. {"history": "Interactive.25", "point": 1, "testname": "PSS_PXF_PNOISE", "cornername": "Nominal"}
[2026-04-10 04:50:52.154 Z] [WARN] [cadence.virtuoso.ade.simulationMonitor] -     WARNING (CMI-2943): Parameter checks have been ignored because the valid value for parameter 'trise' could not be found in 'I19.I2.R0.CM'. {"history": "Interactive.25", "point": 1, "testname": "PSS_PXF_PNOISE", "cornername": "Nominal"}
[2026-04-10 04:50:52.155 Z] [WARN] [cadence.virtuoso.ade.simulationMonitor] -     WARNING (CMI-2943): Parameter checks have been ignored because the valid value for parameter 'trise' could not be found in 'I19.I2.R0.CS1'.
        Further occurrences of this warning will be suppressed. {"history": "Interactive.25", "point": 1, "testname": "PSS_PXF_PNOISE", "cornername": "Nominal"}
[2026-04-10 04:50:52.155 Z] [INFO] [cadence.virtuoso.ade.simulationMonitor] - Total time required for dc analysis `dcOp': CPU = 74.837 ms, elapsed = 85.439 ms, util. = 87.6%. {"history": "Interactive.25", "point": 1, "testname": "PSS_PXF_PNOISE", "cornername": "Nominal"}
[2026-04-10 04:50:52.155 Z] [INFO] [cadence.virtuoso.ade.simulationMonitor] - Peak resident memory used = 218 Mbytes. {"history": "Interactive.25", "point": 1, "testname": "PSS_PXF_PNOISE", "cornername": "Nominal"}
[2026-04-10 04:50:52.155 Z] [INFO] [cadence.virtuoso.ade.simulationMonitor] - Notice from spectre.
    101 warnings suppressed. {"history": "Interactive.25", "point": 1, "testname": "PSS_PXF_PNOISE", "cornername": "Nominal"}
[2026-04-10 04:50:52.155 Z] [WARN] [cadence.virtuoso.ade.simulationMonitor] -     WARNING (CMI-2425): I19.I0.C0: `Acde' = 2.393 is unusually large. {"history": "Interactive.25", "point": 1, "testname": "PSS_PXF_PNOISE", "cornername": "Nominal"}
[2026-04-10 04:50:52.155 Z] [WARN] [cadence.virtuoso.ade.simulationMonitor] -     WARNING (CMI-2425): I19.I0.C0: `Noff' = 4.732 is unusually large. {"history": "Interactive.25", "point": 1, "testname": "PSS_PXF_PNOISE", "cornername": "Nominal"}
[2026-04-10 04:50:52.155 Z] [WARN] [cadence.virtuoso.ade.simulationMonitor] -     WARNING (CMI-2424): I19.I0.C0: `Voffcv' = -867.4e-03 is unusually small. {"history": "Interactive.25", "point": 1, "testname": "PSS_PXF_PNOISE", "cornername": "Nominal"}
[2026-04-10 04:50:52.155 Z] [WARN] [cadence.virtuoso.ade.simulationMonitor] -     WARNING (CMI-2425): I19.I0.I3.C1: `Acde' = 2.393 is unusually large. {"history": "Interactive.25", "point": 1, "testname": "PSS_PXF_PNOISE", "cornername": "Nominal"}
[2026-04-10 04:50:52.155 Z] [WARN] [cadence.virtuoso.ade.simulationMonitor] -     WARNING (CMI-2425): I19.I0.I3.C1: `Noff' = 4.732 is unusually large. {"history": "Interactive.25", "point": 1, "testname": "PSS_PXF_PNOISE", "cornername": "Nominal"}
[2026-04-10 04:50:52.155 Z] [WARN] [cadence.virtuoso.ade.simulationMonitor] -     WARNING (CMI-2424): I19.I0.I3.C1: `Voffcv' = -867.4e-03 is unusually small. {"history": "Interactive.25", "point": 1, "testname": "PSS_PXF_PNOISE", "cornername": "Nominal"}
[2026-04-10 04:50:52.155 Z] [WARN] [cadence.virtuoso.ade.simulationMonitor] -     WARNING (CMI-2425): I19.I14.C1: `Acde' = 2.393 is unusually large.
        Further occurrences of this warning will be suppressed. {"history": "Interactive.25", "point": 1, "testname": "PSS_PXF_PNOISE", "cornername": "Nominal"}
[2026-04-10 04:50:52.155 Z] [WARN] [cadence.virtuoso.ade.simulationMonitor] -     WARNING (CMI-2424): I19.I14.C1: `Voffcv' = -867.4e-03 is unusually small. {"history": "Interactive.25", "point": 1, "testname": "PSS_PXF_PNOISE", "cornername": "Nominal"}
[2026-04-10 04:50:52.155 Z] [INFO] [cadence.virtuoso.ade.simulationMonitor] - Notice from spectre during IC analysis, during periodic steady state analysis `pss'.
    GminDC = 1 pS is large enough to noticeably affect the DC solution.
        dV(I19.I14.C1.d1) = 2.58851 mV
        Use the `gmin_check' option to eliminate or expand this report.
    Bad pivoting is found during DC analysis. Option dc_pivot_check=yes is recommended for possible improvement of convergence. {"history": "Interactive.25", "point": 1, "testname": "PSS_PXF_PNOISE", "cornername": "Nominal"}
[2026-04-10 04:50:52.155 Z] [WARN] [cadence.virtuoso.ade.simulationMonitor] -     WARNING (CMI-2943): Parameter checks have been ignored because the valid value for parameter 'trise' could not be found in 'C0'. {"history": "Interactive.25", "point": 1, "testname": "PSS_PXF_PNOISE", "cornername": "Nominal"}
[2026-04-10 04:50:52.155 Z] [WARN] [cadence.virtuoso.ade.simulationMonitor] -     WARNING (CMI-2943): Parameter checks have been ignored because the valid value for parameter 'trise' could not be found in 'C3'. {"history": "Interactive.25", "point": 1, "testname": "PSS_PXF_PNOISE", "cornername": "Nominal"}
[2026-04-10 04:50:52.155 Z] [WARN] [cadence.virtuoso.ade.simulationMonitor] -     WARNING (CMI-2943): Parameter checks have been ignored because the valid value for parameter 'trise' could not be found in 'I19.I2.C2<0>_turbo_m10.C1'. {"history": "Interactive.25", "point": 1, "testname": "PSS_PXF_PNOISE", "cornername": "Nominal"}
[2026-04-10 04:50:52.155 Z] [WARN] [cadence.virtuoso.ade.simulationMonitor] -     WARNING (CMI-2943): Parameter checks have been ignored because the valid value for parameter 'trise' could not be found in 'I19.I2.R0.CM'. {"history": "Interactive.25", "point": 1, "testname": "PSS_PXF_PNOISE", "cornername": "Nominal"}
[2026-04-10 04:50:52.155 Z] [WARN] [cadence.virtuoso.ade.simulationMonitor] -     WARNING (CMI-2943): Parameter checks have been ignored because the valid value for parameter 'trise' could not be found in 'I19.I2.R0.CS1'.
        Further occurrences of this warning will be suppressed. {"history": "Interactive.25", "point": 1, "testname": "PSS_PXF_PNOISE", "cornername": "Nominal"}
[2026-04-10 04:50:52.155 Z] [INFO] [cadence.virtuoso.ade.simulationMonitor] - Notice from spectre at time = 920.027 ns during periodic steady state analysis `pss'.
    Found trapezoidal ringing on node V1:p. {"history": "Interactive.25", "point": 1, "testname": "PSS_PXF_PNOISE", "cornername": "Nominal"}
[2026-04-10 04:50:52.156 Z] [INFO] [cadence.virtuoso.ade.simulationMonitor] - Notice from spectre at time = 991.442 ns during periodic steady state analysis `pss'.
    Found trapezoidal ringing on node V1:p. {"history": "Interactive.25", "point": 1, "testname": "PSS_PXF_PNOISE", "cornername": "Nominal"}
[2026-04-10 04:50:52.156 Z] [INFO] [cadence.virtuoso.ade.simulationMonitor] - Notice from spectre at time = 1.0622 us during periodic steady state analysis `pss'.
    Found trapezoidal ringing on node V1:p. {"history": "Interactive.25", "point": 1, "testname": "PSS_PXF_PNOISE", "cornername": "Nominal"}
[2026-04-10 04:50:52.156 Z] [INFO] [cadence.virtuoso.ade.simulationMonitor] - Notice from spectre at time = 1.53717 us during periodic steady state analysis `pss'.
    Found trapezoidal ringing on node V1:p. {"history": "Interactive.25", "point": 1, "testname": "PSS_PXF_PNOISE", "cornername": "Nominal"}
[2026-04-10 04:50:52.156 Z] [INFO] [cadence.virtuoso.ade.simulationMonitor] - Notice from spectre at time = 1.56993 us during periodic steady state analysis `pss'.
    Found trapezoidal ringing on node V1:p.
        Further occurrences of this notice will be suppressed. {"history": "Interactive.25", "point": 1, "testname": "PSS_PXF_PNOISE", "cornername": "Nominal"}
[2026-04-10 04:50:52.156 Z] [INFO] [cadence.virtuoso.ade.simulationMonitor] - Total time required for tstab analysis `pss': CPU = 190.804 ms, elapsed = 190.82 ms. {"history": "Interactive.25", "point": 1, "testname": "PSS_PXF_PNOISE", "cornername": "Nominal"}
[2026-04-10 04:50:52.156 Z] [INFO] [cadence.virtuoso.ade.simulationMonitor] - Peak resident memory used = 222 Mbytes. {"history": "Interactive.25", "point": 1, "testname": "PSS_PXF_PNOISE", "cornername": "Nominal"}
[2026-04-10 04:50:52.156 Z] [INFO] [cadence.virtuoso.ade.simulationMonitor] - Notice from spectre during periodic steady state analysis `pss'.
    102 warnings suppressed. {"history": "Interactive.25", "point": 1, "testname": "PSS_PXF_PNOISE", "cornername": "Nominal"}
[2026-04-10 04:50:53.156 Z] [INFO] [cadence.virtuoso.ade.simulationMonitor] - Notice from spectre during periodic steady state analysis `pss'.
    Trapezoidal ringing is detected during pss analysis.
        Please use method=trap for better results and performance. {"history": "Interactive.25", "point": 1, "testname": "PSS_PXF_PNOISE", "cornername": "Nominal"}
[2026-04-10 04:50:53.156 Z] [INFO] [cadence.virtuoso.ade.simulationMonitor] - Total time required for pss analysis `pss': CPU = 1.11265 s, elapsed = 1.13257 s, util. = 98.2%. {"history": "Interactive.25", "point": 1, "testname": "PSS_PXF_PNOISE", "cornername": "Nominal"}
[2026-04-10 04:50:53.156 Z] [INFO] [cadence.virtuoso.ade.simulationMonitor] - Peak resident memory used = 243 Mbytes. {"history": "Interactive.25", "point": 1, "testname": "PSS_PXF_PNOISE", "cornername": "Nominal"}
[2026-04-10 04:50:53.157 Z] [INFO] [cadence.virtuoso.ade.simulationMonitor] - Notice from spectre.
    1096 notices suppressed. {"history": "Interactive.25", "point": 1, "testname": "PSS_PXF_PNOISE", "cornername": "Nominal"}
[2026-04-10 04:50:54.157 Z] [INFO] [cadence.virtuoso.ade.simulationMonitor] - Total time required for pxf analysis `pxf': CPU = 844.462 ms, elapsed = 793.48 ms, util. = 106%. {"history": "Interactive.25", "point": 1, "testname": "PSS_PXF_PNOISE", "cornername": "Nominal"}
[2026-04-10 04:50:54.157 Z] [INFO] [cadence.virtuoso.ade.simulationMonitor] - Peak resident memory used = 248 Mbytes. {"history": "Interactive.25", "point": 1, "testname": "PSS_PXF_PNOISE", "cornername": "Nominal"}
[2026-04-10 04:50:54.157 Z] [INFO] [cadence.virtuoso.ade.simulationMonitor] - Notice from spectre during PNoise analysis `pnoise'.
    Use full spectrum for normal noise analysis. {"history": "Interactive.25", "point": 1, "testname": "PSS_PXF_PNOISE", "cornername": "Nominal"}
[2026-04-10 04:50:54.157 Z] [WARN] [cadence.virtuoso.ade.simulationMonitor] -     WARNING (SPCRTRF-15414): The circuit has very low fundamental frequency. As a result, automatic sideband setting may not work properly. Set the 'maxsideband' option manually to account for all contributions of colored noise sources (e.g. 1/f-noise). {"history": "Interactive.25", "point": 1, "testname": "PSS_PXF_PNOISE", "cornername": "Nominal"}
[2026-04-10 04:50:54.158 Z] [INFO] [cadence.virtuoso.ade.simulationMonitor] - Notice from spectre during PNoise analysis `pnoise'.
    MaxSideband for colored noise sources (e.g. 1/f-noise) is not set, automatically  set it to 10. {"history": "Interactive.25", "point": 1, "testname": "PSS_PXF_PNOISE", "cornername": "Nominal"}
[2026-04-10 04:50:56.659 Z] [INFO] [cadence.virtuoso.ade.simulationMonitor] - Total time required for pnoise analysis `pnoise': CPU = 7.41471 s, elapsed = 2.71895 s, util. = 273%. {"history": "Interactive.25", "point": 1, "testname": "PSS_PXF_PNOISE", "cornername": "Nominal"}
[2026-04-10 04:50:56.659 Z] [INFO] [cadence.virtuoso.ade.simulationMonitor] - Peak resident memory used = 256 Mbytes. {"history": "Interactive.25", "point": 1, "testname": "PSS_PXF_PNOISE", "cornername": "Nominal"}
[2026-04-10 04:50:56.659 Z] [INFO] [cadence.virtuoso.ade.simulationMonitor] - Time used: CPU = 9.69 s, elapsed = 5.25 s, util. = 185%. {"history": "Interactive.25", "point": 1, "testname": "PSS_PXF_PNOISE", "cornername": "Nominal"}
[2026-04-10 04:50:56.660 Z] [INFO] [cadence.virtuoso.ade.simulationMonitor] - Time spent in licensing: elapsed = 47.7 ms. {"history": "Interactive.25", "point": 1, "testname": "PSS_PXF_PNOISE", "cornername": "Nominal"}
[2026-04-10 04:50:56.660 Z] [INFO] [cadence.virtuoso.ade.simulationMonitor] - Peak memory used = 255 Mbytes. {"history": "Interactive.25", "point": 1, "testname": "PSS_PXF_PNOISE", "cornername": "Nominal"}
[2026-04-10 04:50:56.660 Z] [PROCESS] [cadence.virtuoso.ade.simulationMonitor] - Simulation started at: 4:50:51 AM, Fri Apr 10, 2026, ended at: 4:50:56 AM, Fri Apr 10, 2026, with elapsed time (wall clock): 5.25 s. {"history": "Interactive.25", "point": 1, "testname": "PSS_PXF_PNOISE", "cornername": "Nominal"}
[2026-04-10 04:50:56.660 Z] [PROCESS] [cadence.virtuoso.ade.simulationMonitor] - spectre completes with 0 errors, 56 warnings, and 31 notices. {"history": "Interactive.25", "point": 1, "testname": "PSS_PXF_PNOISE", "cornername": "Nominal"}
[2026-04-10 04:50:56.660 Z] [PROCESS] [cadence.virtuoso.ade.simulationMonitor] - Finished simulating for one point {"hostname": "edatools", "processid": 187617, "history": "Interactive.25", "testname": "PSS_PXF_PNOISE", "cornername": "Nominal", "point": 1, "logfile": "/home/saul/projects/IL2244_VT26_SAUL/logs_saul/logs0/Job5.log", "simid": "1"}
[2026-04-10 04:50:56.660 Z] [PROCESS] [cadence.virtuoso.ade.simulationMonitor] - Simulator exited {"hostname": "edatools", "processid": 187617, "history": "Interactive.25", "testname": "PSS_PXF_PNOISE", "cornername": "Nominal", "point": 1, "logfile": "/home/saul/projects/IL2244_VT26_SAUL/logs_saul/logs0/Job5.log", "exitStatus": "0"}
[2026-04-10 04:50:56.660 Z] [PROCESS] [cadence.virtuoso.ade.simulationMonitor] - Finished Simulation {"hostname": "edatools", "processid": 187617, "history": "Interactive.25", "testname": "PSS_PXF_PNOISE", "cornername": "Nominal", "point": 1, "logfile": "/home/saul/projects/IL2244_VT26_SAUL/logs_saul/logs0/Job5.log", "simid": "1"}
[2026-04-10 04:50:58.175 Z] [PROCESS] [cadence.virtuoso.ade.simulationMonitor] - Point Finished {"hostname": "edatools", "processid": 187617, "history": "Interactive.25", "testname": "PSS_PXF_PNOISE", "cornername": "Nominal", "point": 1, "logfile": "/home/saul/projects/IL2244_VT26_SAUL/logs_saul/logs0/Job5.log"}
[2026-04-10 04:55:01.955 Z] [PROCESS] [cadence.virtuoso.ade.simulationMonitor] - Started History {"hostname": "edatools", "processid": 187617, "history": "Interactive.26", "testname": "PSS_PXF_PNOISE", "cornername": "Nominal", "point": 1, "logfile": "/home/saul/projects/IL2244_VT26_SAUL/logs_saul/logs0/Job5.log"}
[2026-04-10 04:55:01.956 Z] [PROCESS] [cadence.virtuoso.ade.simulationMonitor] - HostInfo:
Host name (type):	edatools (x86_64)
Operating system:	Linux 6.17.0-20-generic #20~24.04.1-Ubuntu SMP PREEMPT_DYNAMIC Thu Mar 19 01:28:37 UTC 2 {"hostname": "edatools", "processid": 187617, "history": "Interactive.26", "testname": "PSS_PXF_PNOISE", "cornername": "Nominal", "point": 1, "logfile": "/home/saul/projects/IL2244_VT26_SAUL/logs_saul/logs0/Job5.log", "nodename": "edatools", "domainname": "(none)", "machine": "x86_64", "sysname": "Linux", "release": "6.17.0-20-generic", "version": "#20~24.04.1-Ubuntu SMP PREEMPT_DYNAMIC Thu Mar 19 01:28:37 UTC 2"}
[2026-04-10 04:55:01.956 Z] [PROCESS] [cadence.virtuoso.ade.simulationMonitor] - UsageInfo:
pid=187617
totalPhysicalMemory=62.544991GB,Used=20.068939GB,totalVirtualMemory=70.544987GB,Used=20.068939GB
Cpu: Cores=16, Load average:0.240000,0.400000,0.410000 {"hostname": "edatools", "processid": 187617, "history": "Interactive.26", "testname": "PSS_PXF_PNOISE", "cornername": "Nominal", "point": 1, "logfile": "/home/saul/projects/IL2244_VT26_SAUL/logs_saul/logs0/Job5.log", "pid": "187617", "totalPhysicalMemory": "62.544991", "physicalMemoryUsed": "20.068939", "totalVirtualMemory": "70.544987", "virtualMemoryUsed": "20.068939", "cpuCores": "16", "processes": "1960", "loadAverage1": "0.240000", "loadAverage5": "0.400000", "loadAverage15": "0.410000", "loadAverage1Percent": "0.015000"}
[2026-04-10 04:55:01.957 Z] [EVENT] [cadence.virtuoso.ade.simulationMonitor] - NewPoint {"history": "Interactive.26", "point": 1, "testname": "PSS_PXF_PNOISE", "cornername": "Nominal", "event": "NewPoint", "EventSource": "Simulation Monitor", "HistoryName": "Interactive.26", "logFile": "/home/saul/projects/IL2244_VT26_SAUL/logs_saul/logs0/Job5.log", "logFileSize": "36653"}
[2026-04-10 04:55:02.058 Z] [EVENT] [cadence.virtuoso.ade.simulationMonitor] - NewPoint {"history": "Interactive.26", "point": 1, "testname": "PSS_PXF_PNOISE", "cornername": "Nominal", "event": "NewPoint", "EventSource": "spectre", "HistoryName": "Interactive.26", "logFile": "/home/saul/projects/IL2244_VT26_SAUL/Sim/FECG/fecg_front_end_tb/maestro/results/maestro/Interactive.26/1/PSS_PXF_PNOISE/psf/spectre.out", "logFileSize": "-1"}
[2026-04-10 04:55:02.070 Z] [PROCESS] [cadence.virtuoso.ade.simulationMonitor] - Simulator launched {"hostname": "edatools", "processid": 187617, "history": "Interactive.26", "testname": "PSS_PXF_PNOISE", "cornername": "Nominal", "point": 1, "logfile": "/home/saul/projects/IL2244_VT26_SAUL/logs_saul/logs0/Job5.log", "simid": "2"}
[2026-04-10 04:55:02.073 Z] [PROCESS] [cadence.virtuoso.ade.simulationMonitor] - Expression evaluator launched {"hostname": "edatools", "processid": 187617, "history": "Interactive.26", "testname": "PSS_PXF_PNOISE", "cornername": "Nominal", "point": 1, "logfile": "/home/saul/projects/IL2244_VT26_SAUL/logs_saul/logs0/Job5.log"}
[2026-04-10 04:55:02.103 Z] [PROCESS] [cadence.virtuoso.ade.simulationMonitor] - Started Simulation {"hostname": "edatools", "processid": 187617, "history": "Interactive.26", "testname": "PSS_PXF_PNOISE", "cornername": "Nominal", "point": 1, "logfile": "/home/saul/projects/IL2244_VT26_SAUL/logs_saul/logs0/Job5.log", "event": "started", "task": "simulation"}
[2026-04-10 04:55:02.604 Z] [INFO] [cadence.virtuoso.ade.simulationMonitor] - Notice from spectre during circuit read-in.
    Pre_Configuration file used: /opt/tools/cadence/installs/SPECTRE241/tools.lnx86/spectre/etc/configs/preset.precfg
    Configuration file used: `/opt/tools/cadence/installs/SPECTRE241/tools.lnx86/spectre/etc/configs/preset.cfg'. {"history": "Interactive.26", "point": 1, "testname": "PSS_PXF_PNOISE", "cornername": "Nominal"}
[2026-04-10 04:55:02.604 Z] [WARN] [cadence.virtuoso.ade.simulationMonitor] -     WARNING (SPECTRE-8360): line 1511: `ac' is an undefined primitive device. {"history": "Interactive.26", "point": 1, "testname": "PSS_PXF_PNOISE", "cornername": "Nominal"}
[2026-04-10 04:55:02.604 Z] [WARN] [cadence.virtuoso.ade.simulationMonitor] -     WARNING (SPECTRE-8360): line 1512: `ac' is an undefined primitive device. {"history": "Interactive.26", "point": 1, "testname": "PSS_PXF_PNOISE", "cornername": "Nominal"}
[2026-04-10 04:55:02.604 Z] [WARN] [cadence.virtuoso.ade.simulationMonitor] -     WARNING (SPECTRE-8360): line 1513: `ac' is an undefined primitive device. {"history": "Interactive.26", "point": 1, "testname": "PSS_PXF_PNOISE", "cornername": "Nominal"}
[2026-04-10 04:55:02.604 Z] [WARN] [cadence.virtuoso.ade.simulationMonitor] -     WARNING (SPECTRE-8360): line 1514: `ac' is an undefined primitive device. {"history": "Interactive.26", "point": 1, "testname": "PSS_PXF_PNOISE", "cornername": "Nominal"}
[2026-04-10 04:55:02.604 Z] [WARN] [cadence.virtuoso.ade.simulationMonitor] -     WARNING (SPECTRE-8360): line 1515: `ac' is an undefined primitive device.
        Further occurrences of this warning will be suppressed. {"history": "Interactive.26", "point": 1, "testname": "PSS_PXF_PNOISE", "cornername": "Nominal"}
[2026-04-10 04:55:02.604 Z] [INFO] [cadence.virtuoso.ade.simulationMonitor] - Peak resident memory used = 172 Mbytes. {"history": "Interactive.26", "point": 1, "testname": "PSS_PXF_PNOISE", "cornername": "Nominal"}
[2026-04-10 04:55:02.604 Z] [WARN] [cadence.virtuoso.ade.simulationMonitor] -     WARNING (VACOMP-2435): The environment variable CDS_AHDLCMI_ENABLE is no longer supported. Therefore, the simulator will use the default compiled C code flow. {"history": "Interactive.26", "point": 1, "testname": "PSS_PXF_PNOISE", "cornername": "Nominal"}
[2026-04-10 04:55:02.605 Z] [WARN] [cadence.virtuoso.ade.simulationMonitor] -     WARNING (SFE-3031): The floating capacitor I19.I11.C7<0>_turbo_m3.C1 is removed. {"history": "Interactive.26", "point": 1, "testname": "PSS_PXF_PNOISE", "cornername": "Nominal"}
[2026-04-10 04:55:02.605 Z] [WARN] [cadence.virtuoso.ade.simulationMonitor] -     WARNING (SFE-3031): The floating capacitor I19.I11.C10<0>_turbo_m12.C1 is removed. {"history": "Interactive.26", "point": 1, "testname": "PSS_PXF_PNOISE", "cornername": "Nominal"}
[2026-04-10 04:55:02.605 Z] [WARN] [cadence.virtuoso.ade.simulationMonitor] -     WARNING (SFE-3031): The floating capacitor I19.I12.C7<0>_turbo_m3.C1 is removed. {"history": "Interactive.26", "point": 1, "testname": "PSS_PXF_PNOISE", "cornername": "Nominal"}
[2026-04-10 04:55:02.605 Z] [WARN] [cadence.virtuoso.ade.simulationMonitor] -     WARNING (SFE-3031): The floating capacitor I19.I8.C6<0>_turbo_m3.C1 is removed. {"history": "Interactive.26", "point": 1, "testname": "PSS_PXF_PNOISE", "cornername": "Nominal"}
[2026-04-10 04:55:02.605 Z] [WARN] [cadence.virtuoso.ade.simulationMonitor] -     WARNING (SFE-3031): The floating capacitor I19.I14.C2.C1 is removed.
        Further occurrences of this warning will be suppressed. {"history": "Interactive.26", "point": 1, "testname": "PSS_PXF_PNOISE", "cornername": "Nominal"}
[2026-04-10 04:55:02.605 Z] [INFO] [cadence.virtuoso.ade.simulationMonitor] - Peak resident memory used = 189 Mbytes. {"history": "Interactive.26", "point": 1, "testname": "PSS_PXF_PNOISE", "cornername": "Nominal"}
[2026-04-10 04:55:02.605 Z] [INFO] [cadence.virtuoso.ade.simulationMonitor] - Notice from spectre during hierarchy flattening.
    The value 'psf' specified for the 'checklimitdest' option will no longer be supported in future releases. Use 'spectre -h' to see other recommended values for the 'checklimitdest' option.
    I19.I0.R10.CS0 of rpolyhc: `c' has the unusually small value of 0 F.
    I19.I0.R10.CS1 of rpolyhc: `c' has the unusually small value of 0 F.
    I19.I0.R9.CS0 of rpolyhc: `c' has the unusually small value of 0 F.
    I19.I0.R9.CS1 of rpolyhc: `c' has the unusually ... {"history": "Interactive.26", "point": 1, "testname": "PSS_PXF_PNOISE", "cornername": "Nominal"}
[2026-04-10 04:55:02.605 Z] [INFO] [cadence.virtuoso.ade.simulationMonitor] - Peak resident memory used = 192 Mbytes. {"history": "Interactive.26", "point": 1, "testname": "PSS_PXF_PNOISE", "cornername": "Nominal"}
[2026-04-10 04:55:02.605 Z] [WARN] [cadence.virtuoso.ade.simulationMonitor] -     WARNING (CMI-2425): I19.I0.C0: `Acde' = 2.393 is unusually large. {"history": "Interactive.26", "point": 1, "testname": "PSS_PXF_PNOISE", "cornername": "Nominal"}
[2026-04-10 04:55:02.605 Z] [WARN] [cadence.virtuoso.ade.simulationMonitor] -     WARNING (CMI-2425): I19.I0.C0: `Noff' = 4.732 is unusually large. {"history": "Interactive.26", "point": 1, "testname": "PSS_PXF_PNOISE", "cornername": "Nominal"}
[2026-04-10 04:55:02.605 Z] [WARN] [cadence.virtuoso.ade.simulationMonitor] -     WARNING (CMI-2424): I19.I0.C0: `Voffcv' = -867.4e-03 is unusually small. {"history": "Interactive.26", "point": 1, "testname": "PSS_PXF_PNOISE", "cornername": "Nominal"}
[2026-04-10 04:55:02.605 Z] [WARN] [cadence.virtuoso.ade.simulationMonitor] -     WARNING (CMI-2425): I19.I0.I3.C1: `Acde' = 2.393 is unusually large. {"history": "Interactive.26", "point": 1, "testname": "PSS_PXF_PNOISE", "cornername": "Nominal"}
[2026-04-10 04:55:02.605 Z] [WARN] [cadence.virtuoso.ade.simulationMonitor] -     WARNING (CMI-2425): I19.I0.I3.C1: `Noff' = 4.732 is unusually large. {"history": "Interactive.26", "point": 1, "testname": "PSS_PXF_PNOISE", "cornername": "Nominal"}
[2026-04-10 04:55:02.605 Z] [WARN] [cadence.virtuoso.ade.simulationMonitor] -     WARNING (CMI-2424): I19.I0.I3.C1: `Voffcv' = -867.4e-03 is unusually small. {"history": "Interactive.26", "point": 1, "testname": "PSS_PXF_PNOISE", "cornername": "Nominal"}
[2026-04-10 04:55:02.605 Z] [WARN] [cadence.virtuoso.ade.simulationMonitor] -     WARNING (CMI-2425): I19.I14.C1: `Acde' = 2.393 is unusually large.
        Further occurrences of this warning will be suppressed. {"history": "Interactive.26", "point": 1, "testname": "PSS_PXF_PNOISE", "cornername": "Nominal"}
[2026-04-10 04:55:02.605 Z] [WARN] [cadence.virtuoso.ade.simulationMonitor] -     WARNING (CMI-2424): I19.I14.C1: `Voffcv' = -867.4e-03 is unusually small. {"history": "Interactive.26", "point": 1, "testname": "PSS_PXF_PNOISE", "cornername": "Nominal"}
[2026-04-10 04:55:02.605 Z] [WARN] [cadence.virtuoso.ade.simulationMonitor] -     WARNING (CMI-2424): I19.I14.C1: `Voffcv' = -867.4e-03 is unusually small. {"history": "Interactive.26", "point": 1, "testname": "PSS_PXF_PNOISE", "cornername": "Nominal"}
[2026-04-10 04:55:02.605 Z] [WARN] [cadence.virtuoso.ade.simulationMonitor] -     WARNING (CMI-2424): I19.I0.I3.C1: `Voffcv' = -867.4e-03 is unusually small.
        Further occurrences of this warning will be suppressed. {"history": "Interactive.26", "point": 1, "testname": "PSS_PXF_PNOISE", "cornername": "Nominal"}
[2026-04-10 04:55:02.606 Z] [WARN] [cadence.virtuoso.ade.simulationMonitor] -     WARNING (SPECTRE-17607): Assert `SOAC_rpolyh_vminuspsub' is ignored because it contains an expression which is invalid or not supported by native evaluator.  {"history": "Interactive.26", "point": 1, "testname": "PSS_PXF_PNOISE", "cornername": "Nominal"}
[2026-04-10 04:55:02.606 Z] [WARN] [cadence.virtuoso.ade.simulationMonitor] -     WARNING (SPECTRE-17607): Assert `SOAC_rpolyh_vpluspsub' is ignored because it contains an expression which is invalid or not supported by native evaluator.  {"history": "Interactive.26", "point": 1, "testname": "PSS_PXF_PNOISE", "cornername": "Nominal"}
[2026-04-10 04:55:02.606 Z] [WARN] [cadence.virtuoso.ade.simulationMonitor] -     WARNING (SPECTRE-16460): SOAC_cvarm_vspsub:Specified subcircuit master `cvarm' was not found. {"history": "Interactive.26", "point": 1, "testname": "PSS_PXF_PNOISE", "cornername": "Nominal"}
[2026-04-10 04:55:02.606 Z] [WARN] [cadence.virtuoso.ade.simulationMonitor] -     WARNING (SPECTRE-16462): SOAC_cvarm_vspsub:Error in specification of subcircuit master. Assert is ignored. {"history": "Interactive.26", "point": 1, "testname": "PSS_PXF_PNOISE", "cornername": "Nominal"}
[2026-04-10 04:55:02.606 Z] [WARN] [cadence.virtuoso.ade.simulationMonitor] -     WARNING (SPECTRE-16460): SOAC_cvarm_vbs:Specified subcircuit master `cvarm' was not found. {"history": "Interactive.26", "point": 1, "testname": "PSS_PXF_PNOISE", "cornername": "Nominal"}
[2026-04-10 04:55:02.606 Z] [WARN] [cadence.virtuoso.ade.simulationMonitor] -     WARNING (SPECTRE-16462): SOAC_cvarm_vbs:Error in specification of subcircuit master. Assert is ignored. {"history": "Interactive.26", "point": 1, "testname": "PSS_PXF_PNOISE", "cornername": "Nominal"}
[2026-04-10 04:55:02.606 Z] [WARN] [cadence.virtuoso.ade.simulationMonitor] -     WARNING (SPECTRE-16460): SOAC_cvarm_vgb:Specified subcircuit master `cvarm' was not found. {"history": "Interactive.26", "point": 1, "testname": "PSS_PXF_PNOISE", "cornername": "Nominal"}
[2026-04-10 04:55:02.606 Z] [WARN] [cadence.virtuoso.ade.simulationMonitor] -     WARNING (SPECTRE-16462): SOAC_cvarm_vgb:Error in specification of subcircuit master. Assert is ignored. {"history": "Interactive.26", "point": 1, "testname": "PSS_PXF_PNOISE", "cornername": "Nominal"}
[2026-04-10 04:55:02.606 Z] [WARN] [cadence.virtuoso.ade.simulationMonitor] -     WARNING (SPECTRE-16460): SOAC_cvart_vspsub:Specified subcircuit master `cvart' was not found. {"history": "Interactive.26", "point": 1, "testname": "PSS_PXF_PNOISE", "cornername": "Nominal"}
[2026-04-10 04:55:02.606 Z] [WARN] [cadence.virtuoso.ade.simulationMonitor] -     WARNING (SPECTRE-16462): SOAC_cvart_vspsub:Error in specification of subcircuit master. Assert is ignored. {"history": "Interactive.26", "point": 1, "testname": "PSS_PXF_PNOISE", "cornername": "Nominal"}
[2026-04-10 04:55:02.606 Z] [WARN] [cadence.virtuoso.ade.simulationMonitor] -     WARNING (SPECTRE-16460): SOAC_cvart_vbs:Specified subcircuit master `cvart' was not found.
        Further occurrences of this warning will be suppressed. {"history": "Interactive.26", "point": 1, "testname": "PSS_PXF_PNOISE", "cornername": "Nominal"}
[2026-04-10 04:55:02.606 Z] [WARN] [cadence.virtuoso.ade.simulationMonitor] -     WARNING (SPECTRE-16462): SOAC_cvart_vbs:Error in specification of subcircuit master. Assert is ignored.
        Further occurrences of this warning will be suppressed. {"history": "Interactive.26", "point": 1, "testname": "PSS_PXF_PNOISE", "cornername": "Nominal"}
[2026-04-10 04:55:02.606 Z] [WARN] [cadence.virtuoso.ade.simulationMonitor] -     WARNING (SPECTRE-17607): Assert `SOAC_cvar_vspsub' is ignored because it contains an expression which is invalid or not supported by native evaluator.  {"history": "Interactive.26", "point": 1, "testname": "PSS_PXF_PNOISE", "cornername": "Nominal"}
[2026-04-10 04:55:02.606 Z] [WARN] [cadence.virtuoso.ade.simulationMonitor] -     WARNING (SPECTRE-17607): Assert `SOAC_cvar_vbpsub' is ignored because it contains an expression which is invalid or not supported by native evaluator.  {"history": "Interactive.26", "point": 1, "testname": "PSS_PXF_PNOISE", "cornername": "Nominal"}
[2026-04-10 04:55:02.606 Z] [WARN] [cadence.virtuoso.ade.simulationMonitor] -     WARNING (SPECTRE-17607): Assert `SOAC_cvar_vgpsub' is ignored because it contains an expression which is invalid or not supported by native evaluator. 
        Further occurrences of this warning will be suppressed. {"history": "Interactive.26", "point": 1, "testname": "PSS_PXF_PNOISE", "cornername": "Nominal"}
[2026-04-10 04:55:03.106 Z] [INFO] [cadence.virtuoso.ade.simulationMonitor] - Notice from spectre during initial setup.
    Multithreading is disabled due to the size of the design being too small. {"history": "Interactive.26", "point": 1, "testname": "PSS_PXF_PNOISE", "cornername": "Nominal"}
[2026-04-10 04:55:03.106 Z] [WARN] [cadence.virtuoso.ade.simulationMonitor] -     WARNING (SPECTRE-592): Following parameters are disabled because they are ignored or redefined in Spectre X:
        
        
        PSS Parameters:
          errpreset {"history": "Interactive.26", "point": 1, "testname": "PSS_PXF_PNOISE", "cornername": "Nominal"}
[2026-04-10 04:55:03.107 Z] [INFO] [cadence.virtuoso.ade.simulationMonitor] -               nodes 204 {"history": "Interactive.26", "point": 1, "testname": "PSS_PXF_PNOISE", "cornername": "Nominal"}
[2026-04-10 04:55:03.107 Z] [INFO] [cadence.virtuoso.ade.simulationMonitor] - Notice from spectre during initial setup.
    3 vsources are shorted because their absolute value is less than or equal to 'vabsshort'.
    Spectre X preset=mx enabled.
    7 notices suppressed.
    102 warnings suppressed. {"history": "Interactive.26", "point": 1, "testname": "PSS_PXF_PNOISE", "cornername": "Nominal"}
[2026-04-10 04:55:03.107 Z] [INFO] [cadence.virtuoso.ade.simulationMonitor] - Peak resident memory used = 209 Mbytes. {"history": "Interactive.26", "point": 1, "testname": "PSS_PXF_PNOISE", "cornername": "Nominal"}
[2026-04-10 04:55:03.107 Z] [INFO] [cadence.virtuoso.ade.simulationMonitor] -    -   (Spectre X) Multi-threading. The recommended number of threads is 1, consider adding +mt=1 on command line. {"history": "Interactive.26", "point": 1, "testname": "PSS_PXF_PNOISE", "cornername": "Nominal"}
[2026-04-10 04:55:03.107 Z] [INFO] [cadence.virtuoso.ade.simulationMonitor] - Notice from spectre during DC analysis `dcOp'.
    No checklimit analysis defined for asserts. A default checklimit analysis 'SpectreChecklimitAnal' has been created with all asserts enabled. {"history": "Interactive.26", "point": 1, "testname": "PSS_PXF_PNOISE", "cornername": "Nominal"}
[2026-04-10 04:55:03.107 Z] [INFO] [cadence.virtuoso.ade.simulationMonitor] - Notice from spectre during DC analysis `dcOp'.
    GminDC = 1 pS is large enough to noticeably affect the DC solution.
        dV(I19.I14.C1.d1) = 2.58858 mV
        Use the `gmin_check' option to eliminate or expand this report.
    Bad pivoting is found during DC analysis. Option dc_pivot_check=yes is recommended for possible improvement of convergence. {"history": "Interactive.26", "point": 1, "testname": "PSS_PXF_PNOISE", "cornername": "Nominal"}
[2026-04-10 04:55:03.107 Z] [WARN] [cadence.virtuoso.ade.simulationMonitor] -     WARNING (CMI-2943): Parameter checks have been ignored because the valid value for parameter 'trise' could not be found in 'C0'. {"history": "Interactive.26", "point": 1, "testname": "PSS_PXF_PNOISE", "cornername": "Nominal"}
[2026-04-10 04:55:03.107 Z] [WARN] [cadence.virtuoso.ade.simulationMonitor] -     WARNING (CMI-2943): Parameter checks have been ignored because the valid value for parameter 'trise' could not be found in 'C3'. {"history": "Interactive.26", "point": 1, "testname": "PSS_PXF_PNOISE", "cornername": "Nominal"}
[2026-04-10 04:55:03.107 Z] [WARN] [cadence.virtuoso.ade.simulationMonitor] -     WARNING (CMI-2943): Parameter checks have been ignored because the valid value for parameter 'trise' could not be found in 'I19.I2.C2<0>_turbo_m10.C1'. {"history": "Interactive.26", "point": 1, "testname": "PSS_PXF_PNOISE", "cornername": "Nominal"}
[2026-04-10 04:55:03.107 Z] [WARN] [cadence.virtuoso.ade.simulationMonitor] -     WARNING (CMI-2943): Parameter checks have been ignored because the valid value for parameter 'trise' could not be found in 'I19.I2.R0.CM'. {"history": "Interactive.26", "point": 1, "testname": "PSS_PXF_PNOISE", "cornername": "Nominal"}
[2026-04-10 04:55:03.107 Z] [WARN] [cadence.virtuoso.ade.simulationMonitor] -     WARNING (CMI-2943): Parameter checks have been ignored because the valid value for parameter 'trise' could not be found in 'I19.I2.R0.CS1'.
        Further occurrences of this warning will be suppressed. {"history": "Interactive.26", "point": 1, "testname": "PSS_PXF_PNOISE", "cornername": "Nominal"}
[2026-04-10 04:55:03.107 Z] [INFO] [cadence.virtuoso.ade.simulationMonitor] - Total time required for dc analysis `dcOp': CPU = 72.232 ms, elapsed = 84.559 ms, util. = 85.4%. {"history": "Interactive.26", "point": 1, "testname": "PSS_PXF_PNOISE", "cornername": "Nominal"}
[2026-04-10 04:55:03.107 Z] [INFO] [cadence.virtuoso.ade.simulationMonitor] - Peak resident memory used = 219 Mbytes. {"history": "Interactive.26", "point": 1, "testname": "PSS_PXF_PNOISE", "cornername": "Nominal"}
[2026-04-10 04:55:03.107 Z] [INFO] [cadence.virtuoso.ade.simulationMonitor] - Notice from spectre.
    101 warnings suppressed. {"history": "Interactive.26", "point": 1, "testname": "PSS_PXF_PNOISE", "cornername": "Nominal"}
[2026-04-10 04:55:03.107 Z] [WARN] [cadence.virtuoso.ade.simulationMonitor] -     WARNING (CMI-2425): I19.I0.C0: `Acde' = 2.393 is unusually large. {"history": "Interactive.26", "point": 1, "testname": "PSS_PXF_PNOISE", "cornername": "Nominal"}
[2026-04-10 04:55:03.107 Z] [WARN] [cadence.virtuoso.ade.simulationMonitor] -     WARNING (CMI-2425): I19.I0.C0: `Noff' = 4.732 is unusually large. {"history": "Interactive.26", "point": 1, "testname": "PSS_PXF_PNOISE", "cornername": "Nominal"}
[2026-04-10 04:55:03.107 Z] [WARN] [cadence.virtuoso.ade.simulationMonitor] -     WARNING (CMI-2424): I19.I0.C0: `Voffcv' = -867.4e-03 is unusually small. {"history": "Interactive.26", "point": 1, "testname": "PSS_PXF_PNOISE", "cornername": "Nominal"}
[2026-04-10 04:55:03.107 Z] [WARN] [cadence.virtuoso.ade.simulationMonitor] -     WARNING (CMI-2425): I19.I0.I3.C1: `Acde' = 2.393 is unusually large. {"history": "Interactive.26", "point": 1, "testname": "PSS_PXF_PNOISE", "cornername": "Nominal"}
[2026-04-10 04:55:03.107 Z] [WARN] [cadence.virtuoso.ade.simulationMonitor] -     WARNING (CMI-2425): I19.I0.I3.C1: `Noff' = 4.732 is unusually large. {"history": "Interactive.26", "point": 1, "testname": "PSS_PXF_PNOISE", "cornername": "Nominal"}
[2026-04-10 04:55:03.107 Z] [WARN] [cadence.virtuoso.ade.simulationMonitor] -     WARNING (CMI-2424): I19.I0.I3.C1: `Voffcv' = -867.4e-03 is unusually small. {"history": "Interactive.26", "point": 1, "testname": "PSS_PXF_PNOISE", "cornername": "Nominal"}
[2026-04-10 04:55:03.107 Z] [WARN] [cadence.virtuoso.ade.simulationMonitor] -     WARNING (CMI-2425): I19.I14.C1: `Acde' = 2.393 is unusually large.
        Further occurrences of this warning will be suppressed. {"history": "Interactive.26", "point": 1, "testname": "PSS_PXF_PNOISE", "cornername": "Nominal"}
[2026-04-10 04:55:03.108 Z] [WARN] [cadence.virtuoso.ade.simulationMonitor] -     WARNING (CMI-2424): I19.I14.C1: `Voffcv' = -867.4e-03 is unusually small. {"history": "Interactive.26", "point": 1, "testname": "PSS_PXF_PNOISE", "cornername": "Nominal"}
[2026-04-10 04:55:03.108 Z] [INFO] [cadence.virtuoso.ade.simulationMonitor] - Notice from spectre during IC analysis, during periodic steady state analysis `pss'.
    GminDC = 1 pS is large enough to noticeably affect the DC solution.
        dV(I19.I14.C1.d1) = 2.58851 mV
        Use the `gmin_check' option to eliminate or expand this report.
    Bad pivoting is found during DC analysis. Option dc_pivot_check=yes is recommended for possible improvement of convergence. {"history": "Interactive.26", "point": 1, "testname": "PSS_PXF_PNOISE", "cornername": "Nominal"}
[2026-04-10 04:55:03.108 Z] [WARN] [cadence.virtuoso.ade.simulationMonitor] -     WARNING (CMI-2943): Parameter checks have been ignored because the valid value for parameter 'trise' could not be found in 'C0'. {"history": "Interactive.26", "point": 1, "testname": "PSS_PXF_PNOISE", "cornername": "Nominal"}
[2026-04-10 04:55:03.108 Z] [WARN] [cadence.virtuoso.ade.simulationMonitor] -     WARNING (CMI-2943): Parameter checks have been ignored because the valid value for parameter 'trise' could not be found in 'C3'. {"history": "Interactive.26", "point": 1, "testname": "PSS_PXF_PNOISE", "cornername": "Nominal"}
[2026-04-10 04:55:03.108 Z] [WARN] [cadence.virtuoso.ade.simulationMonitor] -     WARNING (CMI-2943): Parameter checks have been ignored because the valid value for parameter 'trise' could not be found in 'I19.I2.C2<0>_turbo_m10.C1'. {"history": "Interactive.26", "point": 1, "testname": "PSS_PXF_PNOISE", "cornername": "Nominal"}
[2026-04-10 04:55:03.108 Z] [WARN] [cadence.virtuoso.ade.simulationMonitor] -     WARNING (CMI-2943): Parameter checks have been ignored because the valid value for parameter 'trise' could not be found in 'I19.I2.R0.CM'. {"history": "Interactive.26", "point": 1, "testname": "PSS_PXF_PNOISE", "cornername": "Nominal"}
[2026-04-10 04:55:03.108 Z] [WARN] [cadence.virtuoso.ade.simulationMonitor] -     WARNING (CMI-2943): Parameter checks have been ignored because the valid value for parameter 'trise' could not be found in 'I19.I2.R0.CS1'.
        Further occurrences of this warning will be suppressed. {"history": "Interactive.26", "point": 1, "testname": "PSS_PXF_PNOISE", "cornername": "Nominal"}
[2026-04-10 04:55:03.108 Z] [INFO] [cadence.virtuoso.ade.simulationMonitor] - Notice from spectre at time = 920.027 ns during periodic steady state analysis `pss'.
    Found trapezoidal ringing on node V1:p. {"history": "Interactive.26", "point": 1, "testname": "PSS_PXF_PNOISE", "cornername": "Nominal"}
[2026-04-10 04:55:03.108 Z] [INFO] [cadence.virtuoso.ade.simulationMonitor] - Notice from spectre at time = 991.442 ns during periodic steady state analysis `pss'.
    Found trapezoidal ringing on node V1:p. {"history": "Interactive.26", "point": 1, "testname": "PSS_PXF_PNOISE", "cornername": "Nominal"}
[2026-04-10 04:55:03.108 Z] [INFO] [cadence.virtuoso.ade.simulationMonitor] - Notice from spectre at time = 1.0622 us during periodic steady state analysis `pss'.
    Found trapezoidal ringing on node V1:p. {"history": "Interactive.26", "point": 1, "testname": "PSS_PXF_PNOISE", "cornername": "Nominal"}
[2026-04-10 04:55:03.108 Z] [INFO] [cadence.virtuoso.ade.simulationMonitor] - Notice from spectre at time = 1.53717 us during periodic steady state analysis `pss'.
    Found trapezoidal ringing on node V1:p. {"history": "Interactive.26", "point": 1, "testname": "PSS_PXF_PNOISE", "cornername": "Nominal"}
[2026-04-10 04:55:03.108 Z] [INFO] [cadence.virtuoso.ade.simulationMonitor] - Notice from spectre at time = 1.56993 us during periodic steady state analysis `pss'.
    Found trapezoidal ringing on node V1:p.
        Further occurrences of this notice will be suppressed. {"history": "Interactive.26", "point": 1, "testname": "PSS_PXF_PNOISE", "cornername": "Nominal"}
[2026-04-10 04:55:03.108 Z] [INFO] [cadence.virtuoso.ade.simulationMonitor] - Total time required for tstab analysis `pss': CPU = 198.712 ms, elapsed = 198.817 ms. {"history": "Interactive.26", "point": 1, "testname": "PSS_PXF_PNOISE", "cornername": "Nominal"}
[2026-04-10 04:55:03.108 Z] [INFO] [cadence.virtuoso.ade.simulationMonitor] - Peak resident memory used = 223 Mbytes. {"history": "Interactive.26", "point": 1, "testname": "PSS_PXF_PNOISE", "cornername": "Nominal"}
[2026-04-10 04:55:03.108 Z] [INFO] [cadence.virtuoso.ade.simulationMonitor] - Notice from spectre during periodic steady state analysis `pss'.
    102 warnings suppressed. {"history": "Interactive.26", "point": 1, "testname": "PSS_PXF_PNOISE", "cornername": "Nominal"}
[2026-04-10 04:55:04.109 Z] [INFO] [cadence.virtuoso.ade.simulationMonitor] - Notice from spectre during periodic steady state analysis `pss'.
    Trapezoidal ringing is detected during pss analysis.
        Please use method=trap for better results and performance. {"history": "Interactive.26", "point": 1, "testname": "PSS_PXF_PNOISE", "cornername": "Nominal"}
[2026-04-10 04:55:04.109 Z] [INFO] [cadence.virtuoso.ade.simulationMonitor] - Total time required for pss analysis `pss': CPU = 1.1478 s, elapsed = 1.1631 s, util. = 98.7%. {"history": "Interactive.26", "point": 1, "testname": "PSS_PXF_PNOISE", "cornername": "Nominal"}
[2026-04-10 04:55:04.109 Z] [INFO] [cadence.virtuoso.ade.simulationMonitor] - Peak resident memory used = 244 Mbytes. {"history": "Interactive.26", "point": 1, "testname": "PSS_PXF_PNOISE", "cornername": "Nominal"}
[2026-04-10 04:55:04.109 Z] [INFO] [cadence.virtuoso.ade.simulationMonitor] - Notice from spectre.
    1096 notices suppressed. {"history": "Interactive.26", "point": 1, "testname": "PSS_PXF_PNOISE", "cornername": "Nominal"}
[2026-04-10 04:55:05.109 Z] [INFO] [cadence.virtuoso.ade.simulationMonitor] - Total time required for pxf analysis `pxf': CPU = 850.365 ms, elapsed = 804.452 ms, util. = 106%. {"history": "Interactive.26", "point": 1, "testname": "PSS_PXF_PNOISE", "cornername": "Nominal"}
[2026-04-10 04:55:05.109 Z] [INFO] [cadence.virtuoso.ade.simulationMonitor] - Peak resident memory used = 249 Mbytes. {"history": "Interactive.26", "point": 1, "testname": "PSS_PXF_PNOISE", "cornername": "Nominal"}
[2026-04-10 04:55:05.109 Z] [INFO] [cadence.virtuoso.ade.simulationMonitor] - Notice from spectre during PNoise analysis `pnoise'.
    Use full spectrum for normal noise analysis. {"history": "Interactive.26", "point": 1, "testname": "PSS_PXF_PNOISE", "cornername": "Nominal"}
[2026-04-10 04:55:05.109 Z] [WARN] [cadence.virtuoso.ade.simulationMonitor] -     WARNING (SPCRTRF-15414): The circuit has very low fundamental frequency. As a result, automatic sideband setting may not work properly. Set the 'maxsideband' option manually to account for all contributions of colored noise sources (e.g. 1/f-noise). {"history": "Interactive.26", "point": 1, "testname": "PSS_PXF_PNOISE", "cornername": "Nominal"}
[2026-04-10 04:55:05.110 Z] [INFO] [cadence.virtuoso.ade.simulationMonitor] - Notice from spectre during PNoise analysis `pnoise'.
    MaxSideband for colored noise sources (e.g. 1/f-noise) is not set, automatically  set it to 10. {"history": "Interactive.26", "point": 1, "testname": "PSS_PXF_PNOISE", "cornername": "Nominal"}
[2026-04-10 04:55:12.616 Z] [INFO] [cadence.virtuoso.ade.simulationMonitor] - Total time required for pnoise analysis `pnoise': CPU = 13.5733 s, elapsed = 7.23112 s, util. = 188%. {"history": "Interactive.26", "point": 1, "testname": "PSS_PXF_PNOISE", "cornername": "Nominal"}
[2026-04-10 04:55:12.616 Z] [INFO] [cadence.virtuoso.ade.simulationMonitor] - Peak resident memory used = 257 Mbytes. {"history": "Interactive.26", "point": 1, "testname": "PSS_PXF_PNOISE", "cornername": "Nominal"}
[2026-04-10 04:55:13.125 Z] [INFO] [cadence.virtuoso.ade.simulationMonitor] - Time used: CPU = 16 s, elapsed = 10.5 s, util. = 152%. {"history": "Interactive.26", "point": 1, "testname": "PSS_PXF_PNOISE", "cornername": "Nominal"}
[2026-04-10 04:55:13.125 Z] [INFO] [cadence.virtuoso.ade.simulationMonitor] - Time spent in licensing: elapsed = 48.9 ms. {"history": "Interactive.26", "point": 1, "testname": "PSS_PXF_PNOISE", "cornername": "Nominal"}
[2026-04-10 04:55:13.126 Z] [INFO] [cadence.virtuoso.ade.simulationMonitor] - Peak memory used = 256 Mbytes. {"history": "Interactive.26", "point": 1, "testname": "PSS_PXF_PNOISE", "cornername": "Nominal"}
[2026-04-10 04:55:13.130 Z] [PROCESS] [cadence.virtuoso.ade.simulationMonitor] - Simulation started at: 4:55:02 AM, Fri Apr 10, 2026, ended at: 4:55:12 AM, Fri Apr 10, 2026, with elapsed time (wall clock): 10.5 s. {"history": "Interactive.26", "point": 1, "testname": "PSS_PXF_PNOISE", "cornername": "Nominal"}
[2026-04-10 04:55:13.131 Z] [PROCESS] [cadence.virtuoso.ade.simulationMonitor] - spectre completes with 0 errors, 56 warnings, and 31 notices. {"history": "Interactive.26", "point": 1, "testname": "PSS_PXF_PNOISE", "cornername": "Nominal"}
[2026-04-10 04:55:13.136 Z] [PROCESS] [cadence.virtuoso.ade.simulationMonitor] - Finished simulating for one point {"hostname": "edatools", "processid": 187617, "history": "Interactive.26", "testname": "PSS_PXF_PNOISE", "cornername": "Nominal", "point": 1, "logfile": "/home/saul/projects/IL2244_VT26_SAUL/logs_saul/logs0/Job5.log", "simid": "2"}
[2026-04-10 04:55:13.139 Z] [PROCESS] [cadence.virtuoso.ade.simulationMonitor] - Simulator exited {"hostname": "edatools", "processid": 187617, "history": "Interactive.26", "testname": "PSS_PXF_PNOISE", "cornername": "Nominal", "point": 1, "logfile": "/home/saul/projects/IL2244_VT26_SAUL/logs_saul/logs0/Job5.log", "exitStatus": "0"}
[2026-04-10 04:55:13.140 Z] [PROCESS] [cadence.virtuoso.ade.simulationMonitor] - Finished Simulation {"hostname": "edatools", "processid": 187617, "history": "Interactive.26", "testname": "PSS_PXF_PNOISE", "cornername": "Nominal", "point": 1, "logfile": "/home/saul/projects/IL2244_VT26_SAUL/logs_saul/logs0/Job5.log", "simid": "2"}
[2026-04-10 04:55:31.920 Z] [PROCESS] [cadence.virtuoso.ade.simulationMonitor] - Point Finished {"hostname": "edatools", "processid": 187617, "history": "Interactive.26", "testname": "PSS_PXF_PNOISE", "cornername": "Nominal", "point": 1, "logfile": "/home/saul/projects/IL2244_VT26_SAUL/logs_saul/logs0/Job5.log"}
[2026-04-10 04:55:33.147 Z] [PROCESS] [cadence.virtuoso.ade.simulationMonitor] - Current memory used: 52.2773 MBytes, peak memory used: 52.2773 MBytes {"hostname": "edatools", "processid": 187617, "history": "Interactive.26", "testname": "PSS_PXF_PNOISE", "cornername": "Nominal", "point": 1, "logfile": "/home/saul/projects/IL2244_VT26_SAUL/logs_saul/logs0/Job5.log"}
[2026-04-10 04:55:33.148 Z] [PROCESS] [cadence.virtuoso.ade.simulationMonitor] - Simulation Monitor process exit. {"hostname": "edatools", "processid": 187617, "history": "Interactive.26", "testname": "PSS_PXF_PNOISE", "cornername": "Nominal", "point": 1, "logfile": "/home/saul/projects/IL2244_VT26_SAUL/logs_saul/logs0/Job5.log"}
