[Simulation Monitor: 56]
[2026-04-18 20:20:07.194 Z] [PROCESS] [cadence.virtuoso.ade.simulationMonitor] - Simulation Monitor has successfully started up. Trying to set up communication channels to other components ... {"hostname": "edatools", "processid": 3686567, "logfile": "/home/saul/projects/IL2244_VT26_SAUL/logs_saul/logs0/Job56.log"}
[2026-04-18 20:20:07.195 Z] [PROCESS] [cadence.virtuoso.ade.simulationMonitor] - Communication channels have been successfully set up. Start processing events ... {"hostname": "edatools", "processid": 3686567, "logfile": "/home/saul/projects/IL2244_VT26_SAUL/logs_saul/logs0/Job56.log"}
[2026-04-18 20:20:07.195 Z] [PROCESS] [cadence.virtuoso.ade.simulationMonitor] - Considering to start history {"hostname": "edatools", "processid": 3686567, "history": "Interactive.32", "logfile": "/home/saul/projects/IL2244_VT26_SAUL/logs_saul/logs0/Job56.log"}
[2026-04-18 20:20:07.196 Z] [PROCESS] [cadence.virtuoso.ade.simulationMonitor] - HostInfo:
Host name (type):	edatools (x86_64)
Operating system:	Linux 6.17.0-20-generic #20~24.04.1-Ubuntu SMP PREEMPT_DYNAMIC Thu Mar 19 01:28:37 UTC 2 {"hostname": "edatools", "processid": 3686567, "history": "Interactive.32", "logfile": "/home/saul/projects/IL2244_VT26_SAUL/logs_saul/logs0/Job56.log", "nodename": "edatools", "domainname": "(none)", "machine": "x86_64", "sysname": "Linux", "release": "6.17.0-20-generic", "version": "#20~24.04.1-Ubuntu SMP PREEMPT_DYNAMIC Thu Mar 19 01:28:37 UTC 2"}
[2026-04-18 20:20:07.196 Z] [PROCESS] [cadence.virtuoso.ade.simulationMonitor] - UsageInfo:
pid=3686567
totalPhysicalMemory=62.544991GB,Used=35.657787GB,totalVirtualMemory=70.544987GB,Used=35.657787GB
Cpu: Cores=16, Load average:0.570000,0.470000,0.370000 {"hostname": "edatools", "processid": 3686567, "history": "Interactive.32", "logfile": "/home/saul/projects/IL2244_VT26_SAUL/logs_saul/logs0/Job56.log", "pid": "3686567", "totalPhysicalMemory": "62.544991", "physicalMemoryUsed": "35.657787", "totalVirtualMemory": "70.544987", "virtualMemoryUsed": "35.657787", "cpuCores": "16", "processes": "1958", "loadAverage1": "0.570000", "loadAverage5": "0.470000", "loadAverage15": "0.370000", "loadAverage1Percent": "0.035625"}
[2026-04-18 20:20:07.196 Z] [EVENT] [cadence.virtuoso.ade.simulationMonitor] - NewPoint {"history": "Interactive.32", "point": 1, "testname": "PSS_VIN", "cornername": "Nominal", "event": "NewPoint", "EventSource": "Simulation Monitor", "HistoryName": "Interactive.32", "logFile": "/home/saul/projects/IL2244_VT26_SAUL/logs_saul/logs0/Job56.log", "logFileSize": "2205"}
[2026-04-18 20:20:07.297 Z] [EVENT] [cadence.virtuoso.ade.simulationMonitor] - NewPoint {"history": "Interactive.32", "point": 1, "testname": "PSS_VIN", "cornername": "Nominal", "event": "NewPoint", "EventSource": "spectre", "HistoryName": "Interactive.32", "logFile": "/home/saul/projects/IL2244_VT26_SAUL/Sim/FCORE/fcore_core_tb/maestro/results/maestro/Interactive.32/1/PSS_VIN/psf/spectre.out", "logFileSize": "-1"}
[2026-04-18 20:20:07.312 Z] [PROCESS] [cadence.virtuoso.ade.simulationMonitor] - Simulator launched {"hostname": "edatools", "processid": 3686567, "history": "Interactive.32", "testname": "PSS_VIN", "cornername": "Nominal", "point": 1, "logfile": "/home/saul/projects/IL2244_VT26_SAUL/logs_saul/logs0/Job56.log", "simid": "1"}
[2026-04-18 20:20:07.315 Z] [PROCESS] [cadence.virtuoso.ade.simulationMonitor] - Expression evaluator launched {"hostname": "edatools", "processid": 3686567, "history": "Interactive.32", "testname": "PSS_VIN", "cornername": "Nominal", "point": 1, "logfile": "/home/saul/projects/IL2244_VT26_SAUL/logs_saul/logs0/Job56.log"}
[2026-04-18 20:20:07.344 Z] [PROCESS] [cadence.virtuoso.ade.simulationMonitor] - Started Simulation {"hostname": "edatools", "processid": 3686567, "history": "Interactive.32", "testname": "PSS_VIN", "cornername": "Nominal", "point": 1, "logfile": "/home/saul/projects/IL2244_VT26_SAUL/logs_saul/logs0/Job56.log", "event": "started", "task": "simulation"}
[2026-04-18 20:20:07.845 Z] [INFO] [cadence.virtuoso.ade.simulationMonitor] - Notice from spectre during circuit read-in.
    Pre_Configuration file used: /opt/tools/cadence/installs/SPECTRE241/tools.lnx86/spectre/etc/configs/preset.precfg
    Configuration file used: `/opt/tools/cadence/installs/SPECTRE241/tools.lnx86/spectre/etc/configs/preset.cfg'. {"history": "Interactive.32", "point": 1, "testname": "PSS_VIN", "cornername": "Nominal"}
[2026-04-18 20:20:07.845 Z] [WARN] [cadence.virtuoso.ade.simulationMonitor] -     WARNING (SPECTRE-8360): line 1511: `ac' is an undefined primitive device. {"history": "Interactive.32", "point": 1, "testname": "PSS_VIN", "cornername": "Nominal"}
[2026-04-18 20:20:07.845 Z] [WARN] [cadence.virtuoso.ade.simulationMonitor] -     WARNING (SPECTRE-8360): line 1512: `ac' is an undefined primitive device. {"history": "Interactive.32", "point": 1, "testname": "PSS_VIN", "cornername": "Nominal"}
[2026-04-18 20:20:07.845 Z] [WARN] [cadence.virtuoso.ade.simulationMonitor] -     WARNING (SPECTRE-8360): line 1513: `ac' is an undefined primitive device. {"history": "Interactive.32", "point": 1, "testname": "PSS_VIN", "cornername": "Nominal"}
[2026-04-18 20:20:07.846 Z] [WARN] [cadence.virtuoso.ade.simulationMonitor] -     WARNING (SPECTRE-8360): line 1514: `ac' is an undefined primitive device. {"history": "Interactive.32", "point": 1, "testname": "PSS_VIN", "cornername": "Nominal"}
[2026-04-18 20:20:07.846 Z] [WARN] [cadence.virtuoso.ade.simulationMonitor] -     WARNING (SPECTRE-8360): line 1515: `ac' is an undefined primitive device.
        Further occurrences of this warning will be suppressed. {"history": "Interactive.32", "point": 1, "testname": "PSS_VIN", "cornername": "Nominal"}
[2026-04-18 20:20:07.846 Z] [INFO] [cadence.virtuoso.ade.simulationMonitor] - Peak resident memory used = 172 Mbytes. {"history": "Interactive.32", "point": 1, "testname": "PSS_VIN", "cornername": "Nominal"}
[2026-04-18 20:20:07.846 Z] [WARN] [cadence.virtuoso.ade.simulationMonitor] -     WARNING (VACOMP-2435): The environment variable CDS_AHDLCMI_ENABLE is no longer supported. Therefore, the simulator will use the default compiled C code flow. {"history": "Interactive.32", "point": 1, "testname": "PSS_VIN", "cornername": "Nominal"}
[2026-04-18 20:20:07.846 Z] [WARN] [cadence.virtuoso.ade.simulationMonitor] -     WARNING (SFE-3031): The floating capacitor I0.I1.I4.R2.CS1 is removed. {"history": "Interactive.32", "point": 1, "testname": "PSS_VIN", "cornername": "Nominal"}
[2026-04-18 20:20:07.846 Z] [WARN] [cadence.virtuoso.ade.simulationMonitor] -     WARNING (SFE-3031): The floating capacitor I0.I1.I1.R2.CS1 is removed. {"history": "Interactive.32", "point": 1, "testname": "PSS_VIN", "cornername": "Nominal"}
[2026-04-18 20:20:07.846 Z] [WARN] [cadence.virtuoso.ade.simulationMonitor] -     WARNING (SFE-3028): The floating resistor I0.I1.I0.C0<0>_turbo_m4.rsub2 is removed. {"history": "Interactive.32", "point": 1, "testname": "PSS_VIN", "cornername": "Nominal"}
[2026-04-18 20:20:07.847 Z] [WARN] [cadence.virtuoso.ade.simulationMonitor] -     WARNING (SFE-3028): The floating resistor I0.I1.I0.C0<0>_turbo_m4.rsub1 is removed. {"history": "Interactive.32", "point": 1, "testname": "PSS_VIN", "cornername": "Nominal"}
[2026-04-18 20:20:07.847 Z] [WARN] [cadence.virtuoso.ade.simulationMonitor] -     WARNING (SFE-3031): The floating capacitor I0.I0.I11.C9<0>_turbo_m6.C1 is removed. {"history": "Interactive.32", "point": 1, "testname": "PSS_VIN", "cornername": "Nominal"}
[2026-04-18 20:20:07.847 Z] [WARN] [cadence.virtuoso.ade.simulationMonitor] -     WARNING (SFE-3031): The floating capacitor I0.I1.I0.R3.CS1 is removed. {"history": "Interactive.32", "point": 1, "testname": "PSS_VIN", "cornername": "Nominal"}
[2026-04-18 20:20:07.847 Z] [WARN] [cadence.virtuoso.ade.simulationMonitor] -     WARNING (SFE-3031): The floating capacitor I0.I0.I8.C10<0>_turbo_m12.C1 is removed.
        Further occurrences of this warning will be suppressed. {"history": "Interactive.32", "point": 1, "testname": "PSS_VIN", "cornername": "Nominal"}
[2026-04-18 20:20:07.847 Z] [WARN] [cadence.virtuoso.ade.simulationMonitor] -     WARNING (SFE-3014): The floating device I0.I1.I0.C0<0>_turbo_m4.dsub2 is removed. {"history": "Interactive.32", "point": 1, "testname": "PSS_VIN", "cornername": "Nominal"}
[2026-04-18 20:20:07.847 Z] [WARN] [cadence.virtuoso.ade.simulationMonitor] -     WARNING (SFE-3014): The floating device I0.I1.I0.C0<0>_turbo_m4.dsub1 is removed. {"history": "Interactive.32", "point": 1, "testname": "PSS_VIN", "cornername": "Nominal"}
[2026-04-18 20:20:07.847 Z] [WARN] [cadence.virtuoso.ade.simulationMonitor] -     WARNING (SFE-3016): The floating node I0.I1.I0.C0<0>_turbo_m4.b1 is removed. {"history": "Interactive.32", "point": 1, "testname": "PSS_VIN", "cornername": "Nominal"}
[2026-04-18 20:20:07.847 Z] [WARN] [cadence.virtuoso.ade.simulationMonitor] -     WARNING (SFE-3016): The floating node I0.I1.I0.C0<0>_turbo_m4.b2 is removed. {"history": "Interactive.32", "point": 1, "testname": "PSS_VIN", "cornername": "Nominal"}
[2026-04-18 20:20:07.847 Z] [INFO] [cadence.virtuoso.ade.simulationMonitor] - Notice from spectre during hierarchy flattening.
    The value 'psf' specified for the 'checklimitdest' option will no longer be supported in future releases. Use 'spectre -h' to see other recommended values for the 'checklimitdest' option. {"history": "Interactive.32", "point": 1, "testname": "PSS_VIN", "cornername": "Nominal"}
[2026-04-18 20:20:07.847 Z] [INFO] [cadence.virtuoso.ade.simulationMonitor] - Peak resident memory used = 190 Mbytes. {"history": "Interactive.32", "point": 1, "testname": "PSS_VIN", "cornername": "Nominal"}
[2026-04-18 20:20:07.848 Z] [INFO] [cadence.virtuoso.ade.simulationMonitor] - Notice from spectre during hierarchy flattening.
    The value 'psf' specified for the 'checklimitdest' option will no longer be supported in future releases. Use 'spectre -h' to see other recommended values for the 'checklimitdest' option.
    I0.I0.I0.R10.CS0 of rpolyhc: `c' has the unusually small value of 0 F.
    I0.I0.I0.R10.CS1 of rpolyhc: `c' has the unusually small value of 0 F.
    I0.I0.I0.R9.CS0 of rpolyhc: `c' has the unusually small value of 0 F.
    I0.I0.I0.R9.CS1 of rpolyhc: `c' has the un... {"history": "Interactive.32", "point": 1, "testname": "PSS_VIN", "cornername": "Nominal"}
[2026-04-18 20:20:07.848 Z] [INFO] [cadence.virtuoso.ade.simulationMonitor] - Peak resident memory used = 192 Mbytes. {"history": "Interactive.32", "point": 1, "testname": "PSS_VIN", "cornername": "Nominal"}
[2026-04-18 20:20:07.848 Z] [WARN] [cadence.virtuoso.ade.simulationMonitor] -     WARNING (CMI-2425): I0.I0.I0.C0: `Acde' = 2.393 is unusually large. {"history": "Interactive.32", "point": 1, "testname": "PSS_VIN", "cornername": "Nominal"}
[2026-04-18 20:20:07.848 Z] [WARN] [cadence.virtuoso.ade.simulationMonitor] -     WARNING (CMI-2425): I0.I0.I0.C0: `Noff' = 4.732 is unusually large. {"history": "Interactive.32", "point": 1, "testname": "PSS_VIN", "cornername": "Nominal"}
[2026-04-18 20:20:07.848 Z] [WARN] [cadence.virtuoso.ade.simulationMonitor] -     WARNING (CMI-2424): I0.I0.I0.C0: `Voffcv' = -867.4e-03 is unusually small. {"history": "Interactive.32", "point": 1, "testname": "PSS_VIN", "cornername": "Nominal"}
[2026-04-18 20:20:07.848 Z] [WARN] [cadence.virtuoso.ade.simulationMonitor] -     WARNING (CMI-2425): I0.I0.I0.I3.C1: `Acde' = 2.393 is unusually large. {"history": "Interactive.32", "point": 1, "testname": "PSS_VIN", "cornername": "Nominal"}
[2026-04-18 20:20:07.848 Z] [WARN] [cadence.virtuoso.ade.simulationMonitor] -     WARNING (CMI-2425): I0.I0.I0.I3.C1: `Noff' = 4.732 is unusually large. {"history": "Interactive.32", "point": 1, "testname": "PSS_VIN", "cornername": "Nominal"}
[2026-04-18 20:20:07.848 Z] [WARN] [cadence.virtuoso.ade.simulationMonitor] -     WARNING (CMI-2424): I0.I0.I0.I3.C1: `Voffcv' = -867.4e-03 is unusually small. {"history": "Interactive.32", "point": 1, "testname": "PSS_VIN", "cornername": "Nominal"}
[2026-04-18 20:20:07.849 Z] [WARN] [cadence.virtuoso.ade.simulationMonitor] -     WARNING (CMI-2425): I0.I1.I0.C0<0>_turbo_m4: `Acde' = 2.393 is unusually large.
        Further occurrences of this warning will be suppressed. {"history": "Interactive.32", "point": 1, "testname": "PSS_VIN", "cornername": "Nominal"}
[2026-04-18 20:20:07.849 Z] [WARN] [cadence.virtuoso.ade.simulationMonitor] -     WARNING (CMI-2424): I0.I1.I0.C0<0>_turbo_m4: `Voffcv' = -867.4e-03 is unusually small. {"history": "Interactive.32", "point": 1, "testname": "PSS_VIN", "cornername": "Nominal"}
[2026-04-18 20:20:07.849 Z] [WARN] [cadence.virtuoso.ade.simulationMonitor] -     WARNING (CMI-2424): I0.I1.I3.C1<0>_turbo_m6: `Voffcv' = -867.4e-03 is unusually small. {"history": "Interactive.32", "point": 1, "testname": "PSS_VIN", "cornername": "Nominal"}
[2026-04-18 20:20:07.849 Z] [WARN] [cadence.virtuoso.ade.simulationMonitor] -     WARNING (CMI-2424): I0.I1.I4.C1<0>_turbo_m11: `Voffcv' = -867.4e-03 is unusually small.
        Further occurrences of this warning will be suppressed. {"history": "Interactive.32", "point": 1, "testname": "PSS_VIN", "cornername": "Nominal"}
[2026-04-18 20:20:07.849 Z] [WARN] [cadence.virtuoso.ade.simulationMonitor] -     WARNING (SPECTRE-17607): Assert `SOAC_vert10_vsubpsub' is ignored because it contains an expression which is invalid or not supported by native evaluator.  {"history": "Interactive.32", "point": 1, "testname": "PSS_VIN", "cornername": "Nominal"}
[2026-04-18 20:20:07.849 Z] [WARN] [cadence.virtuoso.ade.simulationMonitor] -     WARNING (SPECTRE-17607): Assert `SOAC_vert10_vcsub' is ignored because it contains an expression which is invalid or not supported by native evaluator.  {"history": "Interactive.32", "point": 1, "testname": "PSS_VIN", "cornername": "Nominal"}
[2026-04-18 20:20:07.849 Z] [WARN] [cadence.virtuoso.ade.simulationMonitor] -     WARNING (SPECTRE-17607): Assert `SOAC_rpolyh_vminuspsub' is ignored because it contains an expression which is invalid or not supported by native evaluator.  {"history": "Interactive.32", "point": 1, "testname": "PSS_VIN", "cornername": "Nominal"}
[2026-04-18 20:20:07.849 Z] [WARN] [cadence.virtuoso.ade.simulationMonitor] -     WARNING (SPECTRE-17607): Assert `SOAC_rpolyh_vpluspsub' is ignored because it contains an expression which is invalid or not supported by native evaluator.  {"history": "Interactive.32", "point": 1, "testname": "PSS_VIN", "cornername": "Nominal"}
[2026-04-18 20:20:07.849 Z] [WARN] [cadence.virtuoso.ade.simulationMonitor] -     WARNING (SPECTRE-16460): SOAC_cvarm_vspsub:Specified subcircuit master `cvarm' was not found. {"history": "Interactive.32", "point": 1, "testname": "PSS_VIN", "cornername": "Nominal"}
[2026-04-18 20:20:07.849 Z] [WARN] [cadence.virtuoso.ade.simulationMonitor] -     WARNING (SPECTRE-16462): SOAC_cvarm_vspsub:Error in specification of subcircuit master. Assert is ignored. {"history": "Interactive.32", "point": 1, "testname": "PSS_VIN", "cornername": "Nominal"}
[2026-04-18 20:20:07.849 Z] [WARN] [cadence.virtuoso.ade.simulationMonitor] -     WARNING (SPECTRE-16460): SOAC_cvarm_vbs:Specified subcircuit master `cvarm' was not found. {"history": "Interactive.32", "point": 1, "testname": "PSS_VIN", "cornername": "Nominal"}
[2026-04-18 20:20:07.849 Z] [WARN] [cadence.virtuoso.ade.simulationMonitor] -     WARNING (SPECTRE-16462): SOAC_cvarm_vbs:Error in specification of subcircuit master. Assert is ignored. {"history": "Interactive.32", "point": 1, "testname": "PSS_VIN", "cornername": "Nominal"}
[2026-04-18 20:20:07.849 Z] [WARN] [cadence.virtuoso.ade.simulationMonitor] -     WARNING (SPECTRE-16460): SOAC_cvarm_vgb:Specified subcircuit master `cvarm' was not found. {"history": "Interactive.32", "point": 1, "testname": "PSS_VIN", "cornername": "Nominal"}
[2026-04-18 20:20:07.849 Z] [WARN] [cadence.virtuoso.ade.simulationMonitor] -     WARNING (SPECTRE-16462): SOAC_cvarm_vgb:Error in specification of subcircuit master. Assert is ignored. {"history": "Interactive.32", "point": 1, "testname": "PSS_VIN", "cornername": "Nominal"}
[2026-04-18 20:20:07.849 Z] [WARN] [cadence.virtuoso.ade.simulationMonitor] -     WARNING (SPECTRE-16460): SOAC_cvart_vspsub:Specified subcircuit master `cvart' was not found. {"history": "Interactive.32", "point": 1, "testname": "PSS_VIN", "cornername": "Nominal"}
[2026-04-18 20:20:07.849 Z] [WARN] [cadence.virtuoso.ade.simulationMonitor] -     WARNING (SPECTRE-16462): SOAC_cvart_vspsub:Error in specification of subcircuit master. Assert is ignored. {"history": "Interactive.32", "point": 1, "testname": "PSS_VIN", "cornername": "Nominal"}
[2026-04-18 20:20:07.850 Z] [WARN] [cadence.virtuoso.ade.simulationMonitor] -     WARNING (SPECTRE-16460): SOAC_cvart_vbs:Specified subcircuit master `cvart' was not found.
        Further occurrences of this warning will be suppressed. {"history": "Interactive.32", "point": 1, "testname": "PSS_VIN", "cornername": "Nominal"}
[2026-04-18 20:20:07.850 Z] [WARN] [cadence.virtuoso.ade.simulationMonitor] -     WARNING (SPECTRE-16462): SOAC_cvart_vbs:Error in specification of subcircuit master. Assert is ignored.
        Further occurrences of this warning will be suppressed. {"history": "Interactive.32", "point": 1, "testname": "PSS_VIN", "cornername": "Nominal"}
[2026-04-18 20:20:07.850 Z] [WARN] [cadence.virtuoso.ade.simulationMonitor] -     WARNING (SPECTRE-17607): Assert `SOAC_cvar_vspsub' is ignored because it contains an expression which is invalid or not supported by native evaluator. 
        Further occurrences of this warning will be suppressed. {"history": "Interactive.32", "point": 1, "testname": "PSS_VIN", "cornername": "Nominal"}
[2026-04-18 20:20:08.350 Z] [INFO] [cadence.virtuoso.ade.simulationMonitor] - Notice from spectre during initial setup.
    Multithreading is disabled due to the size of the design being too small. {"history": "Interactive.32", "point": 1, "testname": "PSS_VIN", "cornername": "Nominal"}
[2026-04-18 20:20:08.351 Z] [WARN] [cadence.virtuoso.ade.simulationMonitor] -     WARNING (SPECTRE-592): Following parameters are disabled because they are ignored or redefined in Spectre X:
        Option Parameters:
          reltol
        
         {"history": "Interactive.32", "point": 1, "testname": "PSS_VIN", "cornername": "Nominal"}
[2026-04-18 20:20:08.351 Z] [INFO] [cadence.virtuoso.ade.simulationMonitor] -               nodes 427 {"history": "Interactive.32", "point": 1, "testname": "PSS_VIN", "cornername": "Nominal"}
[2026-04-18 20:20:08.352 Z] [INFO] [cadence.virtuoso.ade.simulationMonitor] - Notice from spectre during initial setup.
    4 vsources are shorted because their absolute value is less than or equal to 'vabsshort'.
    Spectre X preset=vx enabled.
    14 notices suppressed.
    110 warnings suppressed. {"history": "Interactive.32", "point": 1, "testname": "PSS_VIN", "cornername": "Nominal"}
[2026-04-18 20:20:08.352 Z] [INFO] [cadence.virtuoso.ade.simulationMonitor] - Peak resident memory used = 212 Mbytes. {"history": "Interactive.32", "point": 1, "testname": "PSS_VIN", "cornername": "Nominal"}
[2026-04-18 20:20:08.352 Z] [INFO] [cadence.virtuoso.ade.simulationMonitor] -    -   (Spectre X) Multi-threading. The recommended number of threads is 1, consider adding +mt=1 on command line. {"history": "Interactive.32", "point": 1, "testname": "PSS_VIN", "cornername": "Nominal"}
[2026-04-18 20:20:08.352 Z] [INFO] [cadence.virtuoso.ade.simulationMonitor] - Notice from spectre during DC analysis `dcOp'.
    No checklimit analysis defined for asserts. A default checklimit analysis 'SpectreChecklimitAnal' has been created with all asserts enabled. {"history": "Interactive.32", "point": 1, "testname": "PSS_VIN", "cornername": "Nominal"}
[2026-04-18 20:20:08.353 Z] [INFO] [cadence.virtuoso.ade.simulationMonitor] - Notice from spectre during DC analysis `dcOp'.
    GminDC = 1 pS is large enough to noticeably affect the DC solution.
        dV(I0.I1.I1.net10) = 24.4177 mV
        Use the `gmin_check' option to eliminate or expand this report.
    Bad pivoting is found during DC analysis. Option dc_pivot_check=yes is recommended for possible improvement of convergence. {"history": "Interactive.32", "point": 1, "testname": "PSS_VIN", "cornername": "Nominal"}
[2026-04-18 20:20:08.353 Z] [WARN] [cadence.virtuoso.ade.simulationMonitor] -     WARNING (CMI-2943): Parameter checks have been ignored because the valid value for parameter 'trise' could not be found in 'C4'. {"history": "Interactive.32", "point": 1, "testname": "PSS_VIN", "cornername": "Nominal"}
[2026-04-18 20:20:08.353 Z] [WARN] [cadence.virtuoso.ade.simulationMonitor] -     WARNING (CMI-2943): Parameter checks have been ignored because the valid value for parameter 'trise' could not be found in 'C5'. {"history": "Interactive.32", "point": 1, "testname": "PSS_VIN", "cornername": "Nominal"}
[2026-04-18 20:20:08.354 Z] [WARN] [cadence.virtuoso.ade.simulationMonitor] -     WARNING (CMI-2943): Parameter checks have been ignored because the valid value for parameter 'trise' could not be found in 'I0.I1.I4.R4.CM'. {"history": "Interactive.32", "point": 1, "testname": "PSS_VIN", "cornername": "Nominal"}
[2026-04-18 20:20:08.354 Z] [WARN] [cadence.virtuoso.ade.simulationMonitor] -     WARNING (CMI-2943): Parameter checks have been ignored because the valid value for parameter 'trise' could not be found in 'I0.I1.I4.R4.CS1'. {"history": "Interactive.32", "point": 1, "testname": "PSS_VIN", "cornername": "Nominal"}
[2026-04-18 20:20:08.354 Z] [WARN] [cadence.virtuoso.ade.simulationMonitor] -     WARNING (CMI-2943): Parameter checks have been ignored because the valid value for parameter 'trise' could not be found in 'I0.I1.I4.R4.CS0'.
        Further occurrences of this warning will be suppressed. {"history": "Interactive.32", "point": 1, "testname": "PSS_VIN", "cornername": "Nominal"}
[2026-04-18 20:20:08.354 Z] [INFO] [cadence.virtuoso.ade.simulationMonitor] - Total time required for dc analysis `dcOp': CPU = 268.944 ms, elapsed = 284.274 ms, util. = 94.6%. {"history": "Interactive.32", "point": 1, "testname": "PSS_VIN", "cornername": "Nominal"}
[2026-04-18 20:20:08.354 Z] [INFO] [cadence.virtuoso.ade.simulationMonitor] - Peak resident memory used = 230 Mbytes. {"history": "Interactive.32", "point": 1, "testname": "PSS_VIN", "cornername": "Nominal"}
[2026-04-18 20:20:08.355 Z] [INFO] [cadence.virtuoso.ade.simulationMonitor] - Notice from spectre.
    212 warnings suppressed. {"history": "Interactive.32", "point": 1, "testname": "PSS_VIN", "cornername": "Nominal"}
[2026-04-18 20:20:08.355 Z] [WARN] [cadence.virtuoso.ade.simulationMonitor] -     WARNING (CMI-2425): I0.I1.I4.C1<0>_turbo_m11: `Acde' = 2.393 is unusually large. {"history": "Interactive.32", "point": 1, "testname": "PSS_VIN", "cornername": "Nominal"}
[2026-04-18 20:20:08.355 Z] [WARN] [cadence.virtuoso.ade.simulationMonitor] -     WARNING (CMI-2425): I0.I1.I4.C1<0>_turbo_m11: `Noff' = 4.732 is unusually large. {"history": "Interactive.32", "point": 1, "testname": "PSS_VIN", "cornername": "Nominal"}
[2026-04-18 20:20:08.355 Z] [WARN] [cadence.virtuoso.ade.simulationMonitor] -     WARNING (CMI-2424): I0.I1.I4.C1<0>_turbo_m11: `Voffcv' = -867.4e-03 is unusually small. {"history": "Interactive.32", "point": 1, "testname": "PSS_VIN", "cornername": "Nominal"}
[2026-04-18 20:20:08.355 Z] [WARN] [cadence.virtuoso.ade.simulationMonitor] -     WARNING (CMI-2425): I0.I1.I3.C1<0>_turbo_m6: `Acde' = 2.393 is unusually large. {"history": "Interactive.32", "point": 1, "testname": "PSS_VIN", "cornername": "Nominal"}
[2026-04-18 20:20:08.355 Z] [WARN] [cadence.virtuoso.ade.simulationMonitor] -     WARNING (CMI-2425): I0.I1.I3.C1<0>_turbo_m6: `Noff' = 4.732 is unusually large. {"history": "Interactive.32", "point": 1, "testname": "PSS_VIN", "cornername": "Nominal"}
[2026-04-18 20:20:08.355 Z] [WARN] [cadence.virtuoso.ade.simulationMonitor] -     WARNING (CMI-2424): I0.I1.I3.C1<0>_turbo_m6: `Voffcv' = -867.4e-03 is unusually small. {"history": "Interactive.32", "point": 1, "testname": "PSS_VIN", "cornername": "Nominal"}
[2026-04-18 20:20:08.355 Z] [WARN] [cadence.virtuoso.ade.simulationMonitor] -     WARNING (CMI-2425): I0.I1.I0.C0<0>_turbo_m4: `Acde' = 2.393 is unusually large.
        Further occurrences of this warning will be suppressed. {"history": "Interactive.32", "point": 1, "testname": "PSS_VIN", "cornername": "Nominal"}
[2026-04-18 20:20:08.356 Z] [WARN] [cadence.virtuoso.ade.simulationMonitor] -     WARNING (CMI-2424): I0.I1.I0.C0<0>_turbo_m4: `Voffcv' = -867.4e-03 is unusually small. {"history": "Interactive.32", "point": 1, "testname": "PSS_VIN", "cornername": "Nominal"}
[2026-04-18 20:20:08.356 Z] [WARN] [cadence.virtuoso.ade.simulationMonitor] -     WARNING (CMI-2424): I0.I0.I0.I3.C1: `Voffcv' = -867.4e-03 is unusually small. {"history": "Interactive.32", "point": 1, "testname": "PSS_VIN", "cornername": "Nominal"}
[2026-04-18 20:20:08.356 Z] [WARN] [cadence.virtuoso.ade.simulationMonitor] -     WARNING (CMI-2424): I0.I0.I0.C0: `Voffcv' = -867.4e-03 is unusually small.
        Further occurrences of this warning will be suppressed. {"history": "Interactive.32", "point": 1, "testname": "PSS_VIN", "cornername": "Nominal"}
[2026-04-18 20:20:08.356 Z] [INFO] [cadence.virtuoso.ade.simulationMonitor] - Notice from spectre.
    20 warnings suppressed. {"history": "Interactive.32", "point": 1, "testname": "PSS_VIN", "cornername": "Nominal"}
[2026-04-18 20:20:08.356 Z] [WARN] [cadence.virtuoso.ade.simulationMonitor] -     WARNING (CMI-2425): I0.I1.I4.C1<0>_turbo_m11: `Acde' = 2.393 is unusually large. {"history": "Interactive.32", "point": 1, "testname": "PSS_VIN", "cornername": "Nominal"}
[2026-04-18 20:20:08.356 Z] [WARN] [cadence.virtuoso.ade.simulationMonitor] -     WARNING (CMI-2425): I0.I1.I4.C1<0>_turbo_m11: `Noff' = 4.732 is unusually large. {"history": "Interactive.32", "point": 1, "testname": "PSS_VIN", "cornername": "Nominal"}
[2026-04-18 20:20:08.356 Z] [WARN] [cadence.virtuoso.ade.simulationMonitor] -     WARNING (CMI-2424): I0.I1.I4.C1<0>_turbo_m11: `Voffcv' = -867.4e-03 is unusually small. {"history": "Interactive.32", "point": 1, "testname": "PSS_VIN", "cornername": "Nominal"}
[2026-04-18 20:20:08.356 Z] [WARN] [cadence.virtuoso.ade.simulationMonitor] -     WARNING (CMI-2425): I0.I1.I3.C1<0>_turbo_m6: `Acde' = 2.393 is unusually large. {"history": "Interactive.32", "point": 1, "testname": "PSS_VIN", "cornername": "Nominal"}
[2026-04-18 20:20:08.356 Z] [WARN] [cadence.virtuoso.ade.simulationMonitor] -     WARNING (CMI-2425): I0.I1.I3.C1<0>_turbo_m6: `Noff' = 4.732 is unusually large. {"history": "Interactive.32", "point": 1, "testname": "PSS_VIN", "cornername": "Nominal"}
[2026-04-18 20:20:08.356 Z] [WARN] [cadence.virtuoso.ade.simulationMonitor] -     WARNING (CMI-2424): I0.I1.I3.C1<0>_turbo_m6: `Voffcv' = -867.4e-03 is unusually small. {"history": "Interactive.32", "point": 1, "testname": "PSS_VIN", "cornername": "Nominal"}
[2026-04-18 20:20:08.356 Z] [WARN] [cadence.virtuoso.ade.simulationMonitor] -     WARNING (CMI-2425): I0.I1.I0.C0<0>_turbo_m4: `Acde' = 2.393 is unusually large.
        Further occurrences of this warning will be suppressed. {"history": "Interactive.32", "point": 1, "testname": "PSS_VIN", "cornername": "Nominal"}
[2026-04-18 20:20:08.356 Z] [WARN] [cadence.virtuoso.ade.simulationMonitor] -     WARNING (CMI-2424): I0.I1.I0.C0<0>_turbo_m4: `Voffcv' = -867.4e-03 is unusually small. {"history": "Interactive.32", "point": 1, "testname": "PSS_VIN", "cornername": "Nominal"}
[2026-04-18 20:20:08.356 Z] [WARN] [cadence.virtuoso.ade.simulationMonitor] -     WARNING (CMI-2424): I0.I0.I0.I3.C1: `Voffcv' = -867.4e-03 is unusually small. {"history": "Interactive.32", "point": 1, "testname": "PSS_VIN", "cornername": "Nominal"}
[2026-04-18 20:20:08.356 Z] [WARN] [cadence.virtuoso.ade.simulationMonitor] -     WARNING (CMI-2424): I0.I0.I0.C0: `Voffcv' = -867.4e-03 is unusually small.
        Further occurrences of this warning will be suppressed. {"history": "Interactive.32", "point": 1, "testname": "PSS_VIN", "cornername": "Nominal"}
[2026-04-18 20:20:08.356 Z] [INFO] [cadence.virtuoso.ade.simulationMonitor] - Notice from spectre.
    29 warnings suppressed. {"history": "Interactive.32", "point": 1, "testname": "PSS_VIN", "cornername": "Nominal"}
[2026-04-18 20:20:08.356 Z] [WARN] [cadence.virtuoso.ade.simulationMonitor] -     WARNING (CMI-2425): I0.I1.I4.C1<0>_turbo_m11: `Acde' = 2.393 is unusually large. {"history": "Interactive.32", "point": 1, "testname": "PSS_VIN", "cornername": "Nominal"}
[2026-04-18 20:20:08.357 Z] [WARN] [cadence.virtuoso.ade.simulationMonitor] -     WARNING (CMI-2425): I0.I1.I4.C1<0>_turbo_m11: `Noff' = 4.732 is unusually large. {"history": "Interactive.32", "point": 1, "testname": "PSS_VIN", "cornername": "Nominal"}
[2026-04-18 20:20:08.357 Z] [WARN] [cadence.virtuoso.ade.simulationMonitor] -     WARNING (CMI-2424): I0.I1.I4.C1<0>_turbo_m11: `Voffcv' = -867.4e-03 is unusually small. {"history": "Interactive.32", "point": 1, "testname": "PSS_VIN", "cornername": "Nominal"}
[2026-04-18 20:20:08.357 Z] [WARN] [cadence.virtuoso.ade.simulationMonitor] -     WARNING (CMI-2425): I0.I1.I3.C1<0>_turbo_m6: `Acde' = 2.393 is unusually large. {"history": "Interactive.32", "point": 1, "testname": "PSS_VIN", "cornername": "Nominal"}
[2026-04-18 20:20:08.357 Z] [WARN] [cadence.virtuoso.ade.simulationMonitor] -     WARNING (CMI-2425): I0.I1.I3.C1<0>_turbo_m6: `Noff' = 4.732 is unusually large. {"history": "Interactive.32", "point": 1, "testname": "PSS_VIN", "cornername": "Nominal"}
[2026-04-18 20:20:08.357 Z] [WARN] [cadence.virtuoso.ade.simulationMonitor] -     WARNING (CMI-2424): I0.I1.I3.C1<0>_turbo_m6: `Voffcv' = -867.4e-03 is unusually small. {"history": "Interactive.32", "point": 1, "testname": "PSS_VIN", "cornername": "Nominal"}
[2026-04-18 20:20:08.357 Z] [WARN] [cadence.virtuoso.ade.simulationMonitor] -     WARNING (CMI-2425): I0.I1.I0.C0<0>_turbo_m4: `Acde' = 2.393 is unusually large.
        Further occurrences of this warning will be suppressed. {"history": "Interactive.32", "point": 1, "testname": "PSS_VIN", "cornername": "Nominal"}
[2026-04-18 20:20:08.357 Z] [WARN] [cadence.virtuoso.ade.simulationMonitor] -     WARNING (CMI-2424): I0.I1.I0.C0<0>_turbo_m4: `Voffcv' = -867.4e-03 is unusually small. {"history": "Interactive.32", "point": 1, "testname": "PSS_VIN", "cornername": "Nominal"}
[2026-04-18 20:20:08.357 Z] [WARN] [cadence.virtuoso.ade.simulationMonitor] -     WARNING (CMI-2424): I0.I0.I0.I3.C1: `Voffcv' = -867.4e-03 is unusually small. {"history": "Interactive.32", "point": 1, "testname": "PSS_VIN", "cornername": "Nominal"}
[2026-04-18 20:20:08.357 Z] [WARN] [cadence.virtuoso.ade.simulationMonitor] -     WARNING (CMI-2424): I0.I0.I0.C0: `Voffcv' = -867.4e-03 is unusually small.
        Further occurrences of this warning will be suppressed. {"history": "Interactive.32", "point": 1, "testname": "PSS_VIN", "cornername": "Nominal"}
[2026-04-18 20:20:08.357 Z] [INFO] [cadence.virtuoso.ade.simulationMonitor] - Notice from spectre.
    20 warnings suppressed. {"history": "Interactive.32", "point": 1, "testname": "PSS_VIN", "cornername": "Nominal"}
[2026-04-18 20:20:08.357 Z] [WARN] [cadence.virtuoso.ade.simulationMonitor] -     WARNING (CMI-2425): I0.I1.I4.C1<0>_turbo_m11: `Acde' = 2.393 is unusually large. {"history": "Interactive.32", "point": 1, "testname": "PSS_VIN", "cornername": "Nominal"}
[2026-04-18 20:20:08.357 Z] [WARN] [cadence.virtuoso.ade.simulationMonitor] -     WARNING (CMI-2425): I0.I1.I4.C1<0>_turbo_m11: `Noff' = 4.732 is unusually large. {"history": "Interactive.32", "point": 1, "testname": "PSS_VIN", "cornername": "Nominal"}
[2026-04-18 20:20:08.357 Z] [WARN] [cadence.virtuoso.ade.simulationMonitor] -     WARNING (CMI-2424): I0.I1.I4.C1<0>_turbo_m11: `Voffcv' = -867.4e-03 is unusually small. {"history": "Interactive.32", "point": 1, "testname": "PSS_VIN", "cornername": "Nominal"}
[2026-04-18 20:20:08.357 Z] [WARN] [cadence.virtuoso.ade.simulationMonitor] -     WARNING (CMI-2425): I0.I1.I3.C1<0>_turbo_m6: `Acde' = 2.393 is unusually large. {"history": "Interactive.32", "point": 1, "testname": "PSS_VIN", "cornername": "Nominal"}
[2026-04-18 20:20:08.357 Z] [WARN] [cadence.virtuoso.ade.simulationMonitor] -     WARNING (CMI-2425): I0.I1.I3.C1<0>_turbo_m6: `Noff' = 4.732 is unusually large. {"history": "Interactive.32", "point": 1, "testname": "PSS_VIN", "cornername": "Nominal"}
[2026-04-18 20:20:08.357 Z] [WARN] [cadence.virtuoso.ade.simulationMonitor] -     WARNING (CMI-2424): I0.I1.I3.C1<0>_turbo_m6: `Voffcv' = -867.4e-03 is unusually small. {"history": "Interactive.32", "point": 1, "testname": "PSS_VIN", "cornername": "Nominal"}
[2026-04-18 20:20:08.357 Z] [WARN] [cadence.virtuoso.ade.simulationMonitor] -     WARNING (CMI-2425): I0.I1.I0.C0<0>_turbo_m4: `Acde' = 2.393 is unusually large.
        Further occurrences of this warning will be suppressed. {"history": "Interactive.32", "point": 1, "testname": "PSS_VIN", "cornername": "Nominal"}
[2026-04-18 20:20:08.358 Z] [WARN] [cadence.virtuoso.ade.simulationMonitor] -     WARNING (CMI-2424): I0.I1.I0.C0<0>_turbo_m4: `Voffcv' = -867.4e-03 is unusually small. {"history": "Interactive.32", "point": 1, "testname": "PSS_VIN", "cornername": "Nominal"}
[2026-04-18 20:20:08.358 Z] [WARN] [cadence.virtuoso.ade.simulationMonitor] -     WARNING (CMI-2424): I0.I0.I0.I3.C1: `Voffcv' = -867.4e-03 is unusually small. {"history": "Interactive.32", "point": 1, "testname": "PSS_VIN", "cornername": "Nominal"}
[2026-04-18 20:20:08.358 Z] [WARN] [cadence.virtuoso.ade.simulationMonitor] -     WARNING (CMI-2424): I0.I0.I0.C0: `Voffcv' = -867.4e-03 is unusually small.
        Further occurrences of this warning will be suppressed. {"history": "Interactive.32", "point": 1, "testname": "PSS_VIN", "cornername": "Nominal"}
[2026-04-18 20:20:08.358 Z] [INFO] [cadence.virtuoso.ade.simulationMonitor] - Notice from spectre.
    20 warnings suppressed. {"history": "Interactive.32", "point": 1, "testname": "PSS_VIN", "cornername": "Nominal"}
[2026-04-18 20:20:08.358 Z] [INFO] [cadence.virtuoso.ade.simulationMonitor] - Time used: CPU = 563 ms, elapsed = 831 ms, util. = 67.8%. {"history": "Interactive.32", "point": 1, "testname": "PSS_VIN", "cornername": "Nominal"}
[2026-04-18 20:20:08.358 Z] [INFO] [cadence.virtuoso.ade.simulationMonitor] - Time spent in licensing: elapsed = 43.4 ms, percentage of total = 5.22%. {"history": "Interactive.32", "point": 1, "testname": "PSS_VIN", "cornername": "Nominal"}
[2026-04-18 20:20:08.358 Z] [INFO] [cadence.virtuoso.ade.simulationMonitor] - Peak memory used = 231 Mbytes. {"history": "Interactive.32", "point": 1, "testname": "PSS_VIN", "cornername": "Nominal"}
[2026-04-18 20:20:08.358 Z] [PROCESS] [cadence.virtuoso.ade.simulationMonitor] - Simulation started at: 8:20:07 PM, Sat Apr 18, 2026, ended at: 8:20:08 PM, Sat Apr 18, 2026, with elapsed time (wall clock): 831 ms. {"history": "Interactive.32", "point": 1, "testname": "PSS_VIN", "cornername": "Nominal"}
[2026-04-18 20:20:08.358 Z] [PROCESS] [cadence.virtuoso.ade.simulationMonitor] - spectre completes with 0 errors, 88 warnings, and 24 notices. {"history": "Interactive.32", "point": 1, "testname": "PSS_VIN", "cornername": "Nominal"}
[2026-04-18 20:20:08.358 Z] [PROCESS] [cadence.virtuoso.ade.simulationMonitor] - Finished simulating for one point {"hostname": "edatools", "processid": 3686567, "history": "Interactive.32", "testname": "PSS_VIN", "cornername": "Nominal", "point": 1, "logfile": "/home/saul/projects/IL2244_VT26_SAUL/logs_saul/logs0/Job56.log", "simid": "1"}
[2026-04-18 20:20:08.358 Z] [PROCESS] [cadence.virtuoso.ade.simulationMonitor] - Simulator exited {"hostname": "edatools", "processid": 3686567, "history": "Interactive.32", "testname": "PSS_VIN", "cornername": "Nominal", "point": 1, "logfile": "/home/saul/projects/IL2244_VT26_SAUL/logs_saul/logs0/Job56.log", "exitStatus": "0"}
[2026-04-18 20:20:08.358 Z] [PROCESS] [cadence.virtuoso.ade.simulationMonitor] - Finished Simulation {"hostname": "edatools", "processid": 3686567, "history": "Interactive.32", "testname": "PSS_VIN", "cornername": "Nominal", "point": 1, "logfile": "/home/saul/projects/IL2244_VT26_SAUL/logs_saul/logs0/Job56.log", "simid": "1"}
[2026-04-18 20:20:10.363 Z] [PROCESS] [cadence.virtuoso.ade.simulationMonitor] - Point Finished {"hostname": "edatools", "processid": 3686567, "history": "Interactive.32", "testname": "PSS_VIN", "cornername": "Nominal", "point": 1, "logfile": "/home/saul/projects/IL2244_VT26_SAUL/logs_saul/logs0/Job56.log"}
[2026-04-18 20:25:11.017 Z] [PROCESS] [cadence.virtuoso.ade.simulationMonitor] - Current memory used: 52.2812 MBytes, peak memory used: 52.2812 MBytes {"hostname": "edatools", "processid": 3686567, "history": "Interactive.32", "testname": "PSS_VIN", "cornername": "Nominal", "point": 1, "logfile": "/home/saul/projects/IL2244_VT26_SAUL/logs_saul/logs0/Job56.log"}
[2026-04-18 20:25:11.018 Z] [PROCESS] [cadence.virtuoso.ade.simulationMonitor] - Simulation Monitor process exit. {"hostname": "edatools", "processid": 3686567, "history": "Interactive.32", "testname": "PSS_VIN", "cornername": "Nominal", "point": 1, "logfile": "/home/saul/projects/IL2244_VT26_SAUL/logs_saul/logs0/Job56.log"}
