[Simulation Monitor: 54]
[2026-04-10 09:12:48.305 Z] [PROCESS] [cadence.virtuoso.ade.simulationMonitor] - Simulation Monitor has successfully started up. Trying to set up communication channels to other components ... {"hostname": "edatools", "processid": 346306, "logfile": "/home/saul/projects/IL2244_VT26_SAUL/logs_saul/logs0/Job54.log"}
[2026-04-10 09:12:48.305 Z] [PROCESS] [cadence.virtuoso.ade.simulationMonitor] - Communication channels have been successfully set up. Start processing events ... {"hostname": "edatools", "processid": 346306, "logfile": "/home/saul/projects/IL2244_VT26_SAUL/logs_saul/logs0/Job54.log"}
[2026-04-10 09:12:48.306 Z] [PROCESS] [cadence.virtuoso.ade.simulationMonitor] - Considering to start history {"hostname": "edatools", "processid": 346306, "history": "Interactive.6", "logfile": "/home/saul/projects/IL2244_VT26_SAUL/logs_saul/logs0/Job54.log"}
[2026-04-10 09:12:48.306 Z] [PROCESS] [cadence.virtuoso.ade.simulationMonitor] - HostInfo:
Host name (type):	edatools (x86_64)
Operating system:	Linux 6.17.0-20-generic #20~24.04.1-Ubuntu SMP PREEMPT_DYNAMIC Thu Mar 19 01:28:37 UTC 2 {"hostname": "edatools", "processid": 346306, "history": "Interactive.6", "logfile": "/home/saul/projects/IL2244_VT26_SAUL/logs_saul/logs0/Job54.log", "nodename": "edatools", "domainname": "(none)", "machine": "x86_64", "sysname": "Linux", "release": "6.17.0-20-generic", "version": "#20~24.04.1-Ubuntu SMP PREEMPT_DYNAMIC Thu Mar 19 01:28:37 UTC 2"}
[2026-04-10 09:12:48.306 Z] [PROCESS] [cadence.virtuoso.ade.simulationMonitor] - UsageInfo:
pid=346306
totalPhysicalMemory=62.544991GB,Used=33.115612GB,totalVirtualMemory=70.544987GB,Used=33.115612GB
Cpu: Cores=16, Load average:0.470000,0.790000,0.590000 {"hostname": "edatools", "processid": 346306, "history": "Interactive.6", "logfile": "/home/saul/projects/IL2244_VT26_SAUL/logs_saul/logs0/Job54.log", "pid": "346306", "totalPhysicalMemory": "62.544991", "physicalMemoryUsed": "33.115612", "totalVirtualMemory": "70.544987", "virtualMemoryUsed": "33.115612", "cpuCores": "16", "processes": "2198", "loadAverage1": "0.470000", "loadAverage5": "0.790000", "loadAverage15": "0.590000", "loadAverage1Percent": "0.029375"}
[2026-04-10 09:12:48.307 Z] [EVENT] [cadence.virtuoso.ade.simulationMonitor] - NewPoint {"history": "Interactive.6", "point": 1, "testname": "FECG_fecg_front_end_cmrr_tb_1", "cornername": "Nominal", "event": "NewPoint", "EventSource": "Simulation Monitor", "HistoryName": "Interactive.6", "logFile": "/home/saul/projects/IL2244_VT26_SAUL/logs_saul/logs0/Job54.log", "logFileSize": "2195"}
[2026-04-10 09:12:48.407 Z] [EVENT] [cadence.virtuoso.ade.simulationMonitor] - NewPoint {"history": "Interactive.6", "point": 1, "testname": "FECG_fecg_front_end_cmrr_tb_1", "cornername": "Nominal", "event": "NewPoint", "EventSource": "spectre", "HistoryName": "Interactive.6", "logFile": "/home/saul/projects/IL2244_VT26_SAUL/Sim/FECG/fecg_front_end_cmrr_tb/maestro/results/maestro/Interactive.6/1/FECG_fecg_front_end_cmrr_tb_1/psf/spectre.out", "logFileSize": "-1"}
[2026-04-10 09:12:48.422 Z] [PROCESS] [cadence.virtuoso.ade.simulationMonitor] - Simulator launched {"hostname": "edatools", "processid": 346306, "history": "Interactive.6", "testname": "FECG_fecg_front_end_cmrr_tb_1", "cornername": "Nominal", "point": 1, "logfile": "/home/saul/projects/IL2244_VT26_SAUL/logs_saul/logs0/Job54.log", "simid": "1"}
[2026-04-10 09:12:48.425 Z] [PROCESS] [cadence.virtuoso.ade.simulationMonitor] - Expression evaluator launched {"hostname": "edatools", "processid": 346306, "history": "Interactive.6", "testname": "FECG_fecg_front_end_cmrr_tb_1", "cornername": "Nominal", "point": 1, "logfile": "/home/saul/projects/IL2244_VT26_SAUL/logs_saul/logs0/Job54.log"}
[2026-04-10 09:12:48.451 Z] [PROCESS] [cadence.virtuoso.ade.simulationMonitor] - Started Simulation {"hostname": "edatools", "processid": 346306, "history": "Interactive.6", "testname": "FECG_fecg_front_end_cmrr_tb_1", "cornername": "Nominal", "point": 1, "logfile": "/home/saul/projects/IL2244_VT26_SAUL/logs_saul/logs0/Job54.log", "event": "started", "task": "simulation"}
[2026-04-10 09:12:48.952 Z] [INFO] [cadence.virtuoso.ade.simulationMonitor] - Notice from spectre during circuit read-in.
    Pre_Configuration file used: /opt/tools/cadence/installs/SPECTRE241/tools.lnx86/spectre/etc/configs/preset.precfg
    Configuration file used: `/opt/tools/cadence/installs/SPECTRE241/tools.lnx86/spectre/etc/configs/preset.cfg'. {"history": "Interactive.6", "point": 1, "testname": "FECG_fecg_front_end_cmrr_tb_1", "cornername": "Nominal"}
[2026-04-10 09:12:48.952 Z] [WARN] [cadence.virtuoso.ade.simulationMonitor] -     WARNING (SPECTRE-8360): line 1511: `ac' is an undefined primitive device. {"history": "Interactive.6", "point": 1, "testname": "FECG_fecg_front_end_cmrr_tb_1", "cornername": "Nominal"}
[2026-04-10 09:12:48.952 Z] [WARN] [cadence.virtuoso.ade.simulationMonitor] -     WARNING (SPECTRE-8360): line 1512: `ac' is an undefined primitive device. {"history": "Interactive.6", "point": 1, "testname": "FECG_fecg_front_end_cmrr_tb_1", "cornername": "Nominal"}
[2026-04-10 09:12:48.952 Z] [WARN] [cadence.virtuoso.ade.simulationMonitor] -     WARNING (SPECTRE-8360): line 1513: `ac' is an undefined primitive device. {"history": "Interactive.6", "point": 1, "testname": "FECG_fecg_front_end_cmrr_tb_1", "cornername": "Nominal"}
[2026-04-10 09:12:48.952 Z] [WARN] [cadence.virtuoso.ade.simulationMonitor] -     WARNING (SPECTRE-8360): line 1514: `ac' is an undefined primitive device. {"history": "Interactive.6", "point": 1, "testname": "FECG_fecg_front_end_cmrr_tb_1", "cornername": "Nominal"}
[2026-04-10 09:12:48.952 Z] [WARN] [cadence.virtuoso.ade.simulationMonitor] -     WARNING (SPECTRE-8360): line 1515: `ac' is an undefined primitive device.
        Further occurrences of this warning will be suppressed. {"history": "Interactive.6", "point": 1, "testname": "FECG_fecg_front_end_cmrr_tb_1", "cornername": "Nominal"}
[2026-04-10 09:12:48.952 Z] [INFO] [cadence.virtuoso.ade.simulationMonitor] - Peak resident memory used = 171 Mbytes. {"history": "Interactive.6", "point": 1, "testname": "FECG_fecg_front_end_cmrr_tb_1", "cornername": "Nominal"}
[2026-04-10 09:12:48.952 Z] [WARN] [cadence.virtuoso.ade.simulationMonitor] -     WARNING (VACOMP-2435): The environment variable CDS_AHDLCMI_ENABLE is no longer supported. Therefore, the simulator will use the default compiled C code flow. {"history": "Interactive.6", "point": 1, "testname": "FECG_fecg_front_end_cmrr_tb_1", "cornername": "Nominal"}
[2026-04-10 09:12:48.952 Z] [WARN] [cadence.virtuoso.ade.simulationMonitor] -     WARNING (SFE-3031): The floating capacitor I19.I11.C7<0>_turbo_m3.C1 is removed. {"history": "Interactive.6", "point": 1, "testname": "FECG_fecg_front_end_cmrr_tb_1", "cornername": "Nominal"}
[2026-04-10 09:12:48.952 Z] [WARN] [cadence.virtuoso.ade.simulationMonitor] -     WARNING (SFE-3031): The floating capacitor I19.I11.C10<0>_turbo_m12.C1 is removed. {"history": "Interactive.6", "point": 1, "testname": "FECG_fecg_front_end_cmrr_tb_1", "cornername": "Nominal"}
[2026-04-10 09:12:48.952 Z] [WARN] [cadence.virtuoso.ade.simulationMonitor] -     WARNING (SFE-3031): The floating capacitor I19.I12.C7<0>_turbo_m3.C1 is removed. {"history": "Interactive.6", "point": 1, "testname": "FECG_fecg_front_end_cmrr_tb_1", "cornername": "Nominal"}
[2026-04-10 09:12:48.953 Z] [WARN] [cadence.virtuoso.ade.simulationMonitor] -     WARNING (SFE-3031): The floating capacitor I19.I8.C6<0>_turbo_m3.C1 is removed. {"history": "Interactive.6", "point": 1, "testname": "FECG_fecg_front_end_cmrr_tb_1", "cornername": "Nominal"}
[2026-04-10 09:12:48.953 Z] [WARN] [cadence.virtuoso.ade.simulationMonitor] -     WARNING (SFE-3031): The floating capacitor I19.I14.C2.C1 is removed.
        Further occurrences of this warning will be suppressed. {"history": "Interactive.6", "point": 1, "testname": "FECG_fecg_front_end_cmrr_tb_1", "cornername": "Nominal"}
[2026-04-10 09:12:48.953 Z] [INFO] [cadence.virtuoso.ade.simulationMonitor] - Peak resident memory used = 188 Mbytes. {"history": "Interactive.6", "point": 1, "testname": "FECG_fecg_front_end_cmrr_tb_1", "cornername": "Nominal"}
[2026-04-10 09:12:48.953 Z] [INFO] [cadence.virtuoso.ade.simulationMonitor] - Notice from spectre during hierarchy flattening.
    The value 'psf' specified for the 'checklimitdest' option will no longer be supported in future releases. Use 'spectre -h' to see other recommended values for the 'checklimitdest' option.
    I19.I0.R10.CS0 of rpolyhc: `c' has the unusually small value of 0 F.
    I19.I0.R10.CS1 of rpolyhc: `c' has the unusually small value of 0 F.
    I19.I0.R9.CS0 of rpolyhc: `c' has the unusually small value of 0 F.
    I19.I0.R9.CS1 of rpolyhc: `c' has the unusually ... {"history": "Interactive.6", "point": 1, "testname": "FECG_fecg_front_end_cmrr_tb_1", "cornername": "Nominal"}
[2026-04-10 09:12:48.953 Z] [INFO] [cadence.virtuoso.ade.simulationMonitor] - Peak resident memory used = 191 Mbytes. {"history": "Interactive.6", "point": 1, "testname": "FECG_fecg_front_end_cmrr_tb_1", "cornername": "Nominal"}
[2026-04-10 09:12:48.953 Z] [WARN] [cadence.virtuoso.ade.simulationMonitor] -     WARNING (CMI-2425): I19.I0.C0: `Acde' = 2.393 is unusually large. {"history": "Interactive.6", "point": 1, "testname": "FECG_fecg_front_end_cmrr_tb_1", "cornername": "Nominal"}
[2026-04-10 09:12:48.953 Z] [WARN] [cadence.virtuoso.ade.simulationMonitor] -     WARNING (CMI-2425): I19.I0.C0: `Noff' = 4.732 is unusually large. {"history": "Interactive.6", "point": 1, "testname": "FECG_fecg_front_end_cmrr_tb_1", "cornername": "Nominal"}
[2026-04-10 09:12:48.953 Z] [WARN] [cadence.virtuoso.ade.simulationMonitor] -     WARNING (CMI-2424): I19.I0.C0: `Voffcv' = -867.4e-03 is unusually small. {"history": "Interactive.6", "point": 1, "testname": "FECG_fecg_front_end_cmrr_tb_1", "cornername": "Nominal"}
[2026-04-10 09:12:48.953 Z] [WARN] [cadence.virtuoso.ade.simulationMonitor] -     WARNING (CMI-2425): I19.I0.I3.C1: `Acde' = 2.393 is unusually large. {"history": "Interactive.6", "point": 1, "testname": "FECG_fecg_front_end_cmrr_tb_1", "cornername": "Nominal"}
[2026-04-10 09:12:48.953 Z] [WARN] [cadence.virtuoso.ade.simulationMonitor] -     WARNING (CMI-2425): I19.I0.I3.C1: `Noff' = 4.732 is unusually large. {"history": "Interactive.6", "point": 1, "testname": "FECG_fecg_front_end_cmrr_tb_1", "cornername": "Nominal"}
[2026-04-10 09:12:48.953 Z] [WARN] [cadence.virtuoso.ade.simulationMonitor] -     WARNING (CMI-2424): I19.I0.I3.C1: `Voffcv' = -867.4e-03 is unusually small. {"history": "Interactive.6", "point": 1, "testname": "FECG_fecg_front_end_cmrr_tb_1", "cornername": "Nominal"}
[2026-04-10 09:12:48.953 Z] [WARN] [cadence.virtuoso.ade.simulationMonitor] -     WARNING (CMI-2425): I19.I0.I3.C1: `Acde' = 2.393 is unusually large.
        Further occurrences of this warning will be suppressed. {"history": "Interactive.6", "point": 1, "testname": "FECG_fecg_front_end_cmrr_tb_1", "cornername": "Nominal"}
[2026-04-10 09:12:48.953 Z] [WARN] [cadence.virtuoso.ade.simulationMonitor] -     WARNING (CMI-2424): I19.I0.I3.C1: `Voffcv' = -867.4e-03 is unusually small. {"history": "Interactive.6", "point": 1, "testname": "FECG_fecg_front_end_cmrr_tb_1", "cornername": "Nominal"}
[2026-04-10 09:12:48.953 Z] [WARN] [cadence.virtuoso.ade.simulationMonitor] -     WARNING (CMI-2424): I19.I0.C0: `Voffcv' = -867.4e-03 is unusually small. {"history": "Interactive.6", "point": 1, "testname": "FECG_fecg_front_end_cmrr_tb_1", "cornername": "Nominal"}
[2026-04-10 09:12:48.954 Z] [WARN] [cadence.virtuoso.ade.simulationMonitor] -     WARNING (SPECTRE-17607): Assert `SOAC_rpolyh_vminuspsub' is ignored because it contains an expression which is invalid or not supported by native evaluator.  {"history": "Interactive.6", "point": 1, "testname": "FECG_fecg_front_end_cmrr_tb_1", "cornername": "Nominal"}
[2026-04-10 09:12:48.954 Z] [WARN] [cadence.virtuoso.ade.simulationMonitor] -     WARNING (SPECTRE-17607): Assert `SOAC_rpolyh_vpluspsub' is ignored because it contains an expression which is invalid or not supported by native evaluator.  {"history": "Interactive.6", "point": 1, "testname": "FECG_fecg_front_end_cmrr_tb_1", "cornername": "Nominal"}
[2026-04-10 09:12:48.954 Z] [WARN] [cadence.virtuoso.ade.simulationMonitor] -     WARNING (SPECTRE-16460): SOAC_cvarm_vspsub:Specified subcircuit master `cvarm' was not found. {"history": "Interactive.6", "point": 1, "testname": "FECG_fecg_front_end_cmrr_tb_1", "cornername": "Nominal"}
[2026-04-10 09:12:48.954 Z] [WARN] [cadence.virtuoso.ade.simulationMonitor] -     WARNING (SPECTRE-16462): SOAC_cvarm_vspsub:Error in specification of subcircuit master. Assert is ignored. {"history": "Interactive.6", "point": 1, "testname": "FECG_fecg_front_end_cmrr_tb_1", "cornername": "Nominal"}
[2026-04-10 09:12:48.954 Z] [WARN] [cadence.virtuoso.ade.simulationMonitor] -     WARNING (SPECTRE-16460): SOAC_cvarm_vbs:Specified subcircuit master `cvarm' was not found. {"history": "Interactive.6", "point": 1, "testname": "FECG_fecg_front_end_cmrr_tb_1", "cornername": "Nominal"}
[2026-04-10 09:12:48.954 Z] [WARN] [cadence.virtuoso.ade.simulationMonitor] -     WARNING (SPECTRE-16462): SOAC_cvarm_vbs:Error in specification of subcircuit master. Assert is ignored. {"history": "Interactive.6", "point": 1, "testname": "FECG_fecg_front_end_cmrr_tb_1", "cornername": "Nominal"}
[2026-04-10 09:12:48.954 Z] [WARN] [cadence.virtuoso.ade.simulationMonitor] -     WARNING (SPECTRE-16460): SOAC_cvarm_vgb:Specified subcircuit master `cvarm' was not found. {"history": "Interactive.6", "point": 1, "testname": "FECG_fecg_front_end_cmrr_tb_1", "cornername": "Nominal"}
[2026-04-10 09:12:48.954 Z] [WARN] [cadence.virtuoso.ade.simulationMonitor] -     WARNING (SPECTRE-16462): SOAC_cvarm_vgb:Error in specification of subcircuit master. Assert is ignored. {"history": "Interactive.6", "point": 1, "testname": "FECG_fecg_front_end_cmrr_tb_1", "cornername": "Nominal"}
[2026-04-10 09:12:48.954 Z] [WARN] [cadence.virtuoso.ade.simulationMonitor] -     WARNING (SPECTRE-16460): SOAC_cvart_vspsub:Specified subcircuit master `cvart' was not found. {"history": "Interactive.6", "point": 1, "testname": "FECG_fecg_front_end_cmrr_tb_1", "cornername": "Nominal"}
[2026-04-10 09:12:48.954 Z] [WARN] [cadence.virtuoso.ade.simulationMonitor] -     WARNING (SPECTRE-16462): SOAC_cvart_vspsub:Error in specification of subcircuit master. Assert is ignored. {"history": "Interactive.6", "point": 1, "testname": "FECG_fecg_front_end_cmrr_tb_1", "cornername": "Nominal"}
[2026-04-10 09:12:48.954 Z] [WARN] [cadence.virtuoso.ade.simulationMonitor] -     WARNING (SPECTRE-16460): SOAC_cvart_vbs:Specified subcircuit master `cvart' was not found.
        Further occurrences of this warning will be suppressed. {"history": "Interactive.6", "point": 1, "testname": "FECG_fecg_front_end_cmrr_tb_1", "cornername": "Nominal"}
[2026-04-10 09:12:48.954 Z] [WARN] [cadence.virtuoso.ade.simulationMonitor] -     WARNING (SPECTRE-16462): SOAC_cvart_vbs:Error in specification of subcircuit master. Assert is ignored.
        Further occurrences of this warning will be suppressed. {"history": "Interactive.6", "point": 1, "testname": "FECG_fecg_front_end_cmrr_tb_1", "cornername": "Nominal"}
[2026-04-10 09:12:48.954 Z] [WARN] [cadence.virtuoso.ade.simulationMonitor] -     WARNING (SPECTRE-17607): Assert `SOAC_cvar_vspsub' is ignored because it contains an expression which is invalid or not supported by native evaluator.  {"history": "Interactive.6", "point": 1, "testname": "FECG_fecg_front_end_cmrr_tb_1", "cornername": "Nominal"}
[2026-04-10 09:12:48.955 Z] [WARN] [cadence.virtuoso.ade.simulationMonitor] -     WARNING (SPECTRE-17607): Assert `SOAC_cvar_vbpsub' is ignored because it contains an expression which is invalid or not supported by native evaluator.  {"history": "Interactive.6", "point": 1, "testname": "FECG_fecg_front_end_cmrr_tb_1", "cornername": "Nominal"}
[2026-04-10 09:12:48.955 Z] [WARN] [cadence.virtuoso.ade.simulationMonitor] -     WARNING (SPECTRE-17607): Assert `SOAC_cvar_vgpsub' is ignored because it contains an expression which is invalid or not supported by native evaluator. 
        Further occurrences of this warning will be suppressed. {"history": "Interactive.6", "point": 1, "testname": "FECG_fecg_front_end_cmrr_tb_1", "cornername": "Nominal"}
[2026-04-10 09:12:49.455 Z] [INFO] [cadence.virtuoso.ade.simulationMonitor] - Notice from spectre during topology check.
    No DC path from node `VA' to ground, Gmin installed to provide path. {"history": "Interactive.6", "point": 1, "testname": "FECG_fecg_front_end_cmrr_tb_1", "cornername": "Nominal"}
[2026-04-10 09:12:49.455 Z] [INFO] [cadence.virtuoso.ade.simulationMonitor] - Notice from spectre during initial setup.
    Multithreading is disabled due to the size of the design being too small. {"history": "Interactive.6", "point": 1, "testname": "FECG_fecg_front_end_cmrr_tb_1", "cornername": "Nominal"}
[2026-04-10 09:12:49.455 Z] [INFO] [cadence.virtuoso.ade.simulationMonitor] -               nodes 208 {"history": "Interactive.6", "point": 1, "testname": "FECG_fecg_front_end_cmrr_tb_1", "cornername": "Nominal"}
[2026-04-10 09:12:49.455 Z] [INFO] [cadence.virtuoso.ade.simulationMonitor] - Notice from spectre during initial setup.
    1 resistors are shorted because their absolute value is less than or equal to 'rabsshort'.
    4 vsources are shorted because their absolute value is less than or equal to 'vabsshort'.
    Spectre X preset=mx enabled.
    7 notices suppressed.
    88 warnings suppressed. {"history": "Interactive.6", "point": 1, "testname": "FECG_fecg_front_end_cmrr_tb_1", "cornername": "Nominal"}
[2026-04-10 09:12:49.455 Z] [INFO] [cadence.virtuoso.ade.simulationMonitor] - Peak resident memory used = 208 Mbytes. {"history": "Interactive.6", "point": 1, "testname": "FECG_fecg_front_end_cmrr_tb_1", "cornername": "Nominal"}
[2026-04-10 09:12:49.456 Z] [INFO] [cadence.virtuoso.ade.simulationMonitor] -    -   (Spectre X) Multi-threading. The recommended number of threads is 1, consider adding +mt=1 on command line. {"history": "Interactive.6", "point": 1, "testname": "FECG_fecg_front_end_cmrr_tb_1", "cornername": "Nominal"}
[2026-04-10 09:12:49.456 Z] [INFO] [cadence.virtuoso.ade.simulationMonitor] - Notice from spectre during DC analysis `dcOp'.
    No checklimit analysis defined for asserts. A default checklimit analysis 'SpectreChecklimitAnal' has been created with all asserts enabled. {"history": "Interactive.6", "point": 1, "testname": "FECG_fecg_front_end_cmrr_tb_1", "cornername": "Nominal"}
[2026-04-10 09:12:49.456 Z] [INFO] [cadence.virtuoso.ade.simulationMonitor] - Notice from spectre during DC analysis `dcOp'.
    GminDC = 1 pS is large enough to noticeably affect the DC solution.
        dV(I19.I14.C1.s1) = 2.58858 mV
        Use the `gmin_check' option to eliminate or expand this report.
    Bad pivoting is found during DC analysis. Option dc_pivot_check=yes is recommended for possible improvement of convergence. {"history": "Interactive.6", "point": 1, "testname": "FECG_fecg_front_end_cmrr_tb_1", "cornername": "Nominal"}
[2026-04-10 09:12:49.456 Z] [WARN] [cadence.virtuoso.ade.simulationMonitor] -     WARNING (CMI-2943): Parameter checks have been ignored because the valid value for parameter 'trise' could not be found in 'C5'. {"history": "Interactive.6", "point": 1, "testname": "FECG_fecg_front_end_cmrr_tb_1", "cornername": "Nominal"}
[2026-04-10 09:12:49.456 Z] [WARN] [cadence.virtuoso.ade.simulationMonitor] -     WARNING (CMI-2943): Parameter checks have been ignored because the valid value for parameter 'trise' could not be found in 'C6'. {"history": "Interactive.6", "point": 1, "testname": "FECG_fecg_front_end_cmrr_tb_1", "cornername": "Nominal"}
[2026-04-10 09:12:49.456 Z] [WARN] [cadence.virtuoso.ade.simulationMonitor] -     WARNING (CMI-2943): Parameter checks have been ignored because the valid value for parameter 'trise' could not be found in 'C0'. {"history": "Interactive.6", "point": 1, "testname": "FECG_fecg_front_end_cmrr_tb_1", "cornername": "Nominal"}
[2026-04-10 09:12:49.456 Z] [WARN] [cadence.virtuoso.ade.simulationMonitor] -     WARNING (CMI-2943): Parameter checks have been ignored because the valid value for parameter 'trise' could not be found in 'C9'. {"history": "Interactive.6", "point": 1, "testname": "FECG_fecg_front_end_cmrr_tb_1", "cornername": "Nominal"}
[2026-04-10 09:12:49.456 Z] [WARN] [cadence.virtuoso.ade.simulationMonitor] -     WARNING (CMI-2943): Parameter checks have been ignored because the valid value for parameter 'trise' could not be found in 'C3'.
        Further occurrences of this warning will be suppressed. {"history": "Interactive.6", "point": 1, "testname": "FECG_fecg_front_end_cmrr_tb_1", "cornername": "Nominal"}
[2026-04-10 09:12:49.456 Z] [INFO] [cadence.virtuoso.ade.simulationMonitor] - Total time required for dc analysis `dcOp': CPU = 75.273 ms, elapsed = 87.785 ms, util. = 85.7%. {"history": "Interactive.6", "point": 1, "testname": "FECG_fecg_front_end_cmrr_tb_1", "cornername": "Nominal"}
[2026-04-10 09:12:49.456 Z] [INFO] [cadence.virtuoso.ade.simulationMonitor] - Peak resident memory used = 219 Mbytes. {"history": "Interactive.6", "point": 1, "testname": "FECG_fecg_front_end_cmrr_tb_1", "cornername": "Nominal"}
[2026-04-10 09:12:49.456 Z] [INFO] [cadence.virtuoso.ade.simulationMonitor] - Notice from spectre.
    112 warnings suppressed. {"history": "Interactive.6", "point": 1, "testname": "FECG_fecg_front_end_cmrr_tb_1", "cornername": "Nominal"}
[2026-04-10 09:12:49.456 Z] [INFO] [cadence.virtuoso.ade.simulationMonitor] - Notice from spectre during IC analysis, during transient analysis `tran'.
    GminDC = 1 pS is large enough to noticeably affect the DC solution.
        dV(I19.I14.C1.s1) = 2.58858 mV
        Use the `gmin_check' option to eliminate or expand this report.
    Bad pivoting is found during DC analysis. Option dc_pivot_check=yes is recommended for possible improvement of convergence. {"history": "Interactive.6", "point": 1, "testname": "FECG_fecg_front_end_cmrr_tb_1", "cornername": "Nominal"}
[2026-04-10 09:12:49.456 Z] [WARN] [cadence.virtuoso.ade.simulationMonitor] -     WARNING (CMI-2943): Parameter checks have been ignored because the valid value for parameter 'trise' could not be found in 'C5'. {"history": "Interactive.6", "point": 1, "testname": "FECG_fecg_front_end_cmrr_tb_1", "cornername": "Nominal"}
[2026-04-10 09:12:49.456 Z] [WARN] [cadence.virtuoso.ade.simulationMonitor] -     WARNING (CMI-2943): Parameter checks have been ignored because the valid value for parameter 'trise' could not be found in 'C6'. {"history": "Interactive.6", "point": 1, "testname": "FECG_fecg_front_end_cmrr_tb_1", "cornername": "Nominal"}
[2026-04-10 09:12:49.456 Z] [WARN] [cadence.virtuoso.ade.simulationMonitor] -     WARNING (CMI-2943): Parameter checks have been ignored because the valid value for parameter 'trise' could not be found in 'C0'. {"history": "Interactive.6", "point": 1, "testname": "FECG_fecg_front_end_cmrr_tb_1", "cornername": "Nominal"}
[2026-04-10 09:12:49.457 Z] [WARN] [cadence.virtuoso.ade.simulationMonitor] -     WARNING (CMI-2943): Parameter checks have been ignored because the valid value for parameter 'trise' could not be found in 'C9'. {"history": "Interactive.6", "point": 1, "testname": "FECG_fecg_front_end_cmrr_tb_1", "cornername": "Nominal"}
[2026-04-10 09:12:49.457 Z] [WARN] [cadence.virtuoso.ade.simulationMonitor] -     WARNING (CMI-2943): Parameter checks have been ignored because the valid value for parameter 'trise' could not be found in 'C3'.
        Further occurrences of this warning will be suppressed. {"history": "Interactive.6", "point": 1, "testname": "FECG_fecg_front_end_cmrr_tb_1", "cornername": "Nominal"}
[2026-04-10 09:12:49.457 Z] [INFO] [cadence.virtuoso.ade.simulationMonitor] - Notice from spectre during transient analysis `tran'.
    Multithreading is disabled due to the size of the design being too small. {"history": "Interactive.6", "point": 1, "testname": "FECG_fecg_front_end_cmrr_tb_1", "cornername": "Nominal"}
[2026-04-10 09:12:52.457 Z] [INFO] [cadence.virtuoso.ade.simulationMonitor] - Total time required for tran analysis `tran': CPU = 3.27577 s, elapsed = 3.2783 s, util. = 99.9%. {"history": "Interactive.6", "point": 1, "testname": "FECG_fecg_front_end_cmrr_tb_1", "cornername": "Nominal"}
[2026-04-10 09:12:52.458 Z] [INFO] [cadence.virtuoso.ade.simulationMonitor] - Peak resident memory used = 222 Mbytes. {"history": "Interactive.6", "point": 1, "testname": "FECG_fecg_front_end_cmrr_tb_1", "cornername": "Nominal"}
[2026-04-10 09:12:52.458 Z] [INFO] [cadence.virtuoso.ade.simulationMonitor] - Notice from spectre.
    112 warnings suppressed. {"history": "Interactive.6", "point": 1, "testname": "FECG_fecg_front_end_cmrr_tb_1", "cornername": "Nominal"}
[2026-04-10 09:12:52.458 Z] [WARN] [cadence.virtuoso.ade.simulationMonitor] -     WARNING (CMI-2425): I19.I0.I3.C1: `Acde' = 2.393 is unusually large. {"history": "Interactive.6", "point": 1, "testname": "FECG_fecg_front_end_cmrr_tb_1", "cornername": "Nominal"}
[2026-04-10 09:12:52.458 Z] [WARN] [cadence.virtuoso.ade.simulationMonitor] -     WARNING (CMI-2425): I19.I0.I3.C1: `Noff' = 4.732 is unusually large. {"history": "Interactive.6", "point": 1, "testname": "FECG_fecg_front_end_cmrr_tb_1", "cornername": "Nominal"}
[2026-04-10 09:12:52.459 Z] [WARN] [cadence.virtuoso.ade.simulationMonitor] -     WARNING (CMI-2424): I19.I0.I3.C1: `Voffcv' = -867.4e-03 is unusually small. {"history": "Interactive.6", "point": 1, "testname": "FECG_fecg_front_end_cmrr_tb_1", "cornername": "Nominal"}
[2026-04-10 09:12:52.459 Z] [WARN] [cadence.virtuoso.ade.simulationMonitor] -     WARNING (CMI-2425): I19.I0.C0: `Acde' = 2.393 is unusually large. {"history": "Interactive.6", "point": 1, "testname": "FECG_fecg_front_end_cmrr_tb_1", "cornername": "Nominal"}
[2026-04-10 09:12:52.459 Z] [WARN] [cadence.virtuoso.ade.simulationMonitor] -     WARNING (CMI-2425): I19.I0.C0: `Noff' = 4.732 is unusually large. {"history": "Interactive.6", "point": 1, "testname": "FECG_fecg_front_end_cmrr_tb_1", "cornername": "Nominal"}
[2026-04-10 09:12:52.459 Z] [WARN] [cadence.virtuoso.ade.simulationMonitor] -     WARNING (CMI-2424): I19.I0.C0: `Voffcv' = -867.4e-03 is unusually small. {"history": "Interactive.6", "point": 1, "testname": "FECG_fecg_front_end_cmrr_tb_1", "cornername": "Nominal"}
[2026-04-10 09:12:52.459 Z] [WARN] [cadence.virtuoso.ade.simulationMonitor] -     WARNING (CMI-2425): I19.I0.I3.C1: `Acde' = 2.393 is unusually large.
        Further occurrences of this warning will be suppressed. {"history": "Interactive.6", "point": 1, "testname": "FECG_fecg_front_end_cmrr_tb_1", "cornername": "Nominal"}
[2026-04-10 09:12:52.460 Z] [WARN] [cadence.virtuoso.ade.simulationMonitor] -     WARNING (CMI-2424): I19.I0.I3.C1: `Voffcv' = -867.4e-03 is unusually small. {"history": "Interactive.6", "point": 1, "testname": "FECG_fecg_front_end_cmrr_tb_1", "cornername": "Nominal"}
[2026-04-10 09:12:52.460 Z] [WARN] [cadence.virtuoso.ade.simulationMonitor] -     WARNING (CMI-2424): I19.I0.C0: `Voffcv' = -867.4e-03 is unusually small. {"history": "Interactive.6", "point": 1, "testname": "FECG_fecg_front_end_cmrr_tb_1", "cornername": "Nominal"}
[2026-04-10 09:12:52.460 Z] [INFO] [cadence.virtuoso.ade.simulationMonitor] - Notice from spectre.
    3 warnings suppressed. {"history": "Interactive.6", "point": 1, "testname": "FECG_fecg_front_end_cmrr_tb_1", "cornername": "Nominal"}
[2026-04-10 09:12:52.460 Z] [WARN] [cadence.virtuoso.ade.simulationMonitor] -     WARNING (CMI-2425): I19.I0.I3.C1: `Acde' = 2.393 is unusually large. {"history": "Interactive.6", "point": 1, "testname": "FECG_fecg_front_end_cmrr_tb_1", "cornername": "Nominal"}
[2026-04-10 09:12:52.460 Z] [WARN] [cadence.virtuoso.ade.simulationMonitor] -     WARNING (CMI-2425): I19.I0.I3.C1: `Noff' = 4.732 is unusually large. {"history": "Interactive.6", "point": 1, "testname": "FECG_fecg_front_end_cmrr_tb_1", "cornername": "Nominal"}
[2026-04-10 09:12:52.460 Z] [WARN] [cadence.virtuoso.ade.simulationMonitor] -     WARNING (CMI-2424): I19.I0.I3.C1: `Voffcv' = -867.4e-03 is unusually small. {"history": "Interactive.6", "point": 1, "testname": "FECG_fecg_front_end_cmrr_tb_1", "cornername": "Nominal"}
[2026-04-10 09:12:52.460 Z] [WARN] [cadence.virtuoso.ade.simulationMonitor] -     WARNING (CMI-2425): I19.I0.C0: `Acde' = 2.393 is unusually large. {"history": "Interactive.6", "point": 1, "testname": "FECG_fecg_front_end_cmrr_tb_1", "cornername": "Nominal"}
[2026-04-10 09:12:52.461 Z] [WARN] [cadence.virtuoso.ade.simulationMonitor] -     WARNING (CMI-2425): I19.I0.C0: `Noff' = 4.732 is unusually large. {"history": "Interactive.6", "point": 1, "testname": "FECG_fecg_front_end_cmrr_tb_1", "cornername": "Nominal"}
[2026-04-10 09:12:52.461 Z] [WARN] [cadence.virtuoso.ade.simulationMonitor] -     WARNING (CMI-2424): I19.I0.C0: `Voffcv' = -867.4e-03 is unusually small. {"history": "Interactive.6", "point": 1, "testname": "FECG_fecg_front_end_cmrr_tb_1", "cornername": "Nominal"}
[2026-04-10 09:12:52.461 Z] [WARN] [cadence.virtuoso.ade.simulationMonitor] -     WARNING (CMI-2425): I19.I0.I3.C1: `Acde' = 2.393 is unusually large.
        Further occurrences of this warning will be suppressed. {"history": "Interactive.6", "point": 1, "testname": "FECG_fecg_front_end_cmrr_tb_1", "cornername": "Nominal"}
[2026-04-10 09:12:52.461 Z] [WARN] [cadence.virtuoso.ade.simulationMonitor] -     WARNING (CMI-2424): I19.I0.I3.C1: `Voffcv' = -867.4e-03 is unusually small. {"history": "Interactive.6", "point": 1, "testname": "FECG_fecg_front_end_cmrr_tb_1", "cornername": "Nominal"}
[2026-04-10 09:12:52.461 Z] [WARN] [cadence.virtuoso.ade.simulationMonitor] -     WARNING (CMI-2424): I19.I0.C0: `Voffcv' = -867.4e-03 is unusually small. {"history": "Interactive.6", "point": 1, "testname": "FECG_fecg_front_end_cmrr_tb_1", "cornername": "Nominal"}
[2026-04-10 09:12:52.461 Z] [INFO] [cadence.virtuoso.ade.simulationMonitor] - Notice from spectre.
    3 warnings suppressed. {"history": "Interactive.6", "point": 1, "testname": "FECG_fecg_front_end_cmrr_tb_1", "cornername": "Nominal"}
[2026-04-10 09:12:52.461 Z] [WARN] [cadence.virtuoso.ade.simulationMonitor] -     WARNING (CMI-2425): I19.I0.I3.C1: `Acde' = 2.393 is unusually large. {"history": "Interactive.6", "point": 1, "testname": "FECG_fecg_front_end_cmrr_tb_1", "cornername": "Nominal"}
[2026-04-10 09:12:52.462 Z] [WARN] [cadence.virtuoso.ade.simulationMonitor] -     WARNING (CMI-2425): I19.I0.I3.C1: `Noff' = 4.732 is unusually large. {"history": "Interactive.6", "point": 1, "testname": "FECG_fecg_front_end_cmrr_tb_1", "cornername": "Nominal"}
[2026-04-10 09:12:52.462 Z] [WARN] [cadence.virtuoso.ade.simulationMonitor] -     WARNING (CMI-2424): I19.I0.I3.C1: `Voffcv' = -867.4e-03 is unusually small. {"history": "Interactive.6", "point": 1, "testname": "FECG_fecg_front_end_cmrr_tb_1", "cornername": "Nominal"}
[2026-04-10 09:12:52.462 Z] [WARN] [cadence.virtuoso.ade.simulationMonitor] -     WARNING (CMI-2425): I19.I0.C0: `Acde' = 2.393 is unusually large. {"history": "Interactive.6", "point": 1, "testname": "FECG_fecg_front_end_cmrr_tb_1", "cornername": "Nominal"}
[2026-04-10 09:12:52.462 Z] [WARN] [cadence.virtuoso.ade.simulationMonitor] -     WARNING (CMI-2425): I19.I0.C0: `Noff' = 4.732 is unusually large. {"history": "Interactive.6", "point": 1, "testname": "FECG_fecg_front_end_cmrr_tb_1", "cornername": "Nominal"}
[2026-04-10 09:12:52.462 Z] [WARN] [cadence.virtuoso.ade.simulationMonitor] -     WARNING (CMI-2424): I19.I0.C0: `Voffcv' = -867.4e-03 is unusually small. {"history": "Interactive.6", "point": 1, "testname": "FECG_fecg_front_end_cmrr_tb_1", "cornername": "Nominal"}
[2026-04-10 09:12:52.462 Z] [WARN] [cadence.virtuoso.ade.simulationMonitor] -     WARNING (CMI-2425): I19.I0.I3.C1: `Acde' = 2.393 is unusually large.
        Further occurrences of this warning will be suppressed. {"history": "Interactive.6", "point": 1, "testname": "FECG_fecg_front_end_cmrr_tb_1", "cornername": "Nominal"}
[2026-04-10 09:12:52.462 Z] [WARN] [cadence.virtuoso.ade.simulationMonitor] -     WARNING (CMI-2424): I19.I0.I3.C1: `Voffcv' = -867.4e-03 is unusually small. {"history": "Interactive.6", "point": 1, "testname": "FECG_fecg_front_end_cmrr_tb_1", "cornername": "Nominal"}
[2026-04-10 09:12:52.463 Z] [WARN] [cadence.virtuoso.ade.simulationMonitor] -     WARNING (CMI-2424): I19.I0.C0: `Voffcv' = -867.4e-03 is unusually small. {"history": "Interactive.6", "point": 1, "testname": "FECG_fecg_front_end_cmrr_tb_1", "cornername": "Nominal"}
[2026-04-10 09:12:52.463 Z] [INFO] [cadence.virtuoso.ade.simulationMonitor] - Notice from spectre.
    3 warnings suppressed. {"history": "Interactive.6", "point": 1, "testname": "FECG_fecg_front_end_cmrr_tb_1", "cornername": "Nominal"}
[2026-04-10 09:12:52.463 Z] [WARN] [cadence.virtuoso.ade.simulationMonitor] -     WARNING (CMI-2425): I19.I0.I3.C1: `Acde' = 2.393 is unusually large. {"history": "Interactive.6", "point": 1, "testname": "FECG_fecg_front_end_cmrr_tb_1", "cornername": "Nominal"}
[2026-04-10 09:12:52.463 Z] [WARN] [cadence.virtuoso.ade.simulationMonitor] -     WARNING (CMI-2425): I19.I0.I3.C1: `Noff' = 4.732 is unusually large. {"history": "Interactive.6", "point": 1, "testname": "FECG_fecg_front_end_cmrr_tb_1", "cornername": "Nominal"}
[2026-04-10 09:12:52.463 Z] [WARN] [cadence.virtuoso.ade.simulationMonitor] -     WARNING (CMI-2424): I19.I0.I3.C1: `Voffcv' = -867.4e-03 is unusually small. {"history": "Interactive.6", "point": 1, "testname": "FECG_fecg_front_end_cmrr_tb_1", "cornername": "Nominal"}
[2026-04-10 09:12:52.463 Z] [WARN] [cadence.virtuoso.ade.simulationMonitor] -     WARNING (CMI-2425): I19.I0.C0: `Acde' = 2.393 is unusually large. {"history": "Interactive.6", "point": 1, "testname": "FECG_fecg_front_end_cmrr_tb_1", "cornername": "Nominal"}
[2026-04-10 09:12:52.463 Z] [WARN] [cadence.virtuoso.ade.simulationMonitor] -     WARNING (CMI-2425): I19.I0.C0: `Noff' = 4.732 is unusually large. {"history": "Interactive.6", "point": 1, "testname": "FECG_fecg_front_end_cmrr_tb_1", "cornername": "Nominal"}
[2026-04-10 09:12:52.463 Z] [WARN] [cadence.virtuoso.ade.simulationMonitor] -     WARNING (CMI-2424): I19.I0.C0: `Voffcv' = -867.4e-03 is unusually small. {"history": "Interactive.6", "point": 1, "testname": "FECG_fecg_front_end_cmrr_tb_1", "cornername": "Nominal"}
[2026-04-10 09:12:52.463 Z] [WARN] [cadence.virtuoso.ade.simulationMonitor] -     WARNING (CMI-2425): I19.I0.I3.C1: `Acde' = 2.393 is unusually large.
        Further occurrences of this warning will be suppressed. {"history": "Interactive.6", "point": 1, "testname": "FECG_fecg_front_end_cmrr_tb_1", "cornername": "Nominal"}
[2026-04-10 09:12:52.463 Z] [WARN] [cadence.virtuoso.ade.simulationMonitor] -     WARNING (CMI-2424): I19.I0.I3.C1: `Voffcv' = -867.4e-03 is unusually small. {"history": "Interactive.6", "point": 1, "testname": "FECG_fecg_front_end_cmrr_tb_1", "cornername": "Nominal"}
[2026-04-10 09:12:52.463 Z] [WARN] [cadence.virtuoso.ade.simulationMonitor] -     WARNING (CMI-2424): I19.I0.C0: `Voffcv' = -867.4e-03 is unusually small. {"history": "Interactive.6", "point": 1, "testname": "FECG_fecg_front_end_cmrr_tb_1", "cornername": "Nominal"}
[2026-04-10 09:12:52.964 Z] [INFO] [cadence.virtuoso.ade.simulationMonitor] - Notice from spectre.
    3 warnings suppressed. {"history": "Interactive.6", "point": 1, "testname": "FECG_fecg_front_end_cmrr_tb_1", "cornername": "Nominal"}
[2026-04-10 09:12:52.965 Z] [INFO] [cadence.virtuoso.ade.simulationMonitor] - Time used: CPU = 3.63 s, elapsed = 3.91 s, util. = 92.7%. {"history": "Interactive.6", "point": 1, "testname": "FECG_fecg_front_end_cmrr_tb_1", "cornername": "Nominal"}
[2026-04-10 09:12:52.966 Z] [INFO] [cadence.virtuoso.ade.simulationMonitor] - Time spent in licensing: elapsed = 48.3 ms. {"history": "Interactive.6", "point": 1, "testname": "FECG_fecg_front_end_cmrr_tb_1", "cornername": "Nominal"}
[2026-04-10 09:12:52.966 Z] [INFO] [cadence.virtuoso.ade.simulationMonitor] - Peak memory used = 222 Mbytes. {"history": "Interactive.6", "point": 1, "testname": "FECG_fecg_front_end_cmrr_tb_1", "cornername": "Nominal"}
[2026-04-10 09:12:52.967 Z] [PROCESS] [cadence.virtuoso.ade.simulationMonitor] - Simulation started at: 9:12:48 AM, Fri Apr 10, 2026, ended at: 9:12:52 AM, Fri Apr 10, 2026, with elapsed time (wall clock): 3.91 s. {"history": "Interactive.6", "point": 1, "testname": "FECG_fecg_front_end_cmrr_tb_1", "cornername": "Nominal"}
[2026-04-10 09:12:52.967 Z] [PROCESS] [cadence.virtuoso.ade.simulationMonitor] - spectre completes with 0 errors, 81 warnings, and 29 notices. {"history": "Interactive.6", "point": 1, "testname": "FECG_fecg_front_end_cmrr_tb_1", "cornername": "Nominal"}
[2026-04-10 09:12:52.968 Z] [PROCESS] [cadence.virtuoso.ade.simulationMonitor] - Finished simulating for one point {"hostname": "edatools", "processid": 346306, "history": "Interactive.6", "testname": "FECG_fecg_front_end_cmrr_tb_1", "cornername": "Nominal", "point": 1, "logfile": "/home/saul/projects/IL2244_VT26_SAUL/logs_saul/logs0/Job54.log", "simid": "1"}
[2026-04-10 09:12:52.968 Z] [PROCESS] [cadence.virtuoso.ade.simulationMonitor] - Simulator exited {"hostname": "edatools", "processid": 346306, "history": "Interactive.6", "testname": "FECG_fecg_front_end_cmrr_tb_1", "cornername": "Nominal", "point": 1, "logfile": "/home/saul/projects/IL2244_VT26_SAUL/logs_saul/logs0/Job54.log", "exitStatus": "0"}
[2026-04-10 09:12:52.969 Z] [PROCESS] [cadence.virtuoso.ade.simulationMonitor] - Finished Simulation {"hostname": "edatools", "processid": 346306, "history": "Interactive.6", "testname": "FECG_fecg_front_end_cmrr_tb_1", "cornername": "Nominal", "point": 1, "logfile": "/home/saul/projects/IL2244_VT26_SAUL/logs_saul/logs0/Job54.log", "simid": "1"}
[2026-04-10 09:12:53.978 Z] [PROCESS] [cadence.virtuoso.ade.simulationMonitor] - Point Finished {"hostname": "edatools", "processid": 346306, "history": "Interactive.6", "testname": "FECG_fecg_front_end_cmrr_tb_1", "cornername": "Nominal", "point": 1, "logfile": "/home/saul/projects/IL2244_VT26_SAUL/logs_saul/logs0/Job54.log"}
[2026-04-10 09:17:54.591 Z] [PROCESS] [cadence.virtuoso.ade.simulationMonitor] - Current memory used: 52.2695 MBytes, peak memory used: 52.2695 MBytes {"hostname": "edatools", "processid": 346306, "history": "Interactive.6", "testname": "FECG_fecg_front_end_cmrr_tb_1", "cornername": "Nominal", "point": 1, "logfile": "/home/saul/projects/IL2244_VT26_SAUL/logs_saul/logs0/Job54.log"}
[2026-04-10 09:17:54.592 Z] [PROCESS] [cadence.virtuoso.ade.simulationMonitor] - Simulation Monitor process exit. {"hostname": "edatools", "processid": 346306, "history": "Interactive.6", "testname": "FECG_fecg_front_end_cmrr_tb_1", "cornername": "Nominal", "point": 1, "logfile": "/home/saul/projects/IL2244_VT26_SAUL/logs_saul/logs0/Job54.log"}
