[Simulation Monitor: 58]
[2026-04-18 20:38:03.527 Z] [PROCESS] [cadence.virtuoso.ade.simulationMonitor] - Simulation Monitor has successfully started up. Trying to set up communication channels to other components ... {"hostname": "edatools", "processid": 3688879, "logfile": "/home/saul/projects/IL2244_VT26_SAUL/logs_saul/logs0/Job58.log"}
[2026-04-18 20:38:03.527 Z] [PROCESS] [cadence.virtuoso.ade.simulationMonitor] - Communication channels have been successfully set up. Start processing events ... {"hostname": "edatools", "processid": 3688879, "logfile": "/home/saul/projects/IL2244_VT26_SAUL/logs_saul/logs0/Job58.log"}
[2026-04-18 20:38:03.527 Z] [PROCESS] [cadence.virtuoso.ade.simulationMonitor] - Considering to start history {"hostname": "edatools", "processid": 3688879, "history": "Interactive.32", "logfile": "/home/saul/projects/IL2244_VT26_SAUL/logs_saul/logs0/Job58.log"}
[2026-04-18 20:38:03.528 Z] [PROCESS] [cadence.virtuoso.ade.simulationMonitor] - Started History {"hostname": "edatools", "processid": 3688879, "history": "Interactive.33", "logfile": "/home/saul/projects/IL2244_VT26_SAUL/logs_saul/logs0/Job58.log"}
[2026-04-18 20:38:03.528 Z] [PROCESS] [cadence.virtuoso.ade.simulationMonitor] - HostInfo:
Host name (type):	edatools (x86_64)
Operating system:	Linux 6.17.0-20-generic #20~24.04.1-Ubuntu SMP PREEMPT_DYNAMIC Thu Mar 19 01:28:37 UTC 2 {"hostname": "edatools", "processid": 3688879, "history": "Interactive.33", "logfile": "/home/saul/projects/IL2244_VT26_SAUL/logs_saul/logs0/Job58.log", "nodename": "edatools", "domainname": "(none)", "machine": "x86_64", "sysname": "Linux", "release": "6.17.0-20-generic", "version": "#20~24.04.1-Ubuntu SMP PREEMPT_DYNAMIC Thu Mar 19 01:28:37 UTC 2"}
[2026-04-18 20:38:03.528 Z] [PROCESS] [cadence.virtuoso.ade.simulationMonitor] - UsageInfo:
pid=3688879
totalPhysicalMemory=62.544991GB,Used=35.437378GB,totalVirtualMemory=70.544987GB,Used=35.437378GB
Cpu: Cores=16, Load average:0.340000,0.240000,0.240000 {"hostname": "edatools", "processid": 3688879, "history": "Interactive.33", "logfile": "/home/saul/projects/IL2244_VT26_SAUL/logs_saul/logs0/Job58.log", "pid": "3688879", "totalPhysicalMemory": "62.544991", "physicalMemoryUsed": "35.437378", "totalVirtualMemory": "70.544987", "virtualMemoryUsed": "35.437378", "cpuCores": "16", "processes": "1922", "loadAverage1": "0.340000", "loadAverage5": "0.240000", "loadAverage15": "0.240000", "loadAverage1Percent": "0.021250"}
[2026-04-18 20:38:03.529 Z] [EVENT] [cadence.virtuoso.ade.simulationMonitor] - NewPoint {"history": "Interactive.33", "point": 1, "testname": "PSS_VIN", "cornername": "Nominal", "event": "NewPoint", "EventSource": "Simulation Monitor", "HistoryName": "Interactive.33", "logFile": "/home/saul/projects/IL2244_VT26_SAUL/logs_saul/logs0/Job58.log", "logFileSize": "2455"}
[2026-04-18 20:38:03.629 Z] [EVENT] [cadence.virtuoso.ade.simulationMonitor] - NewPoint {"history": "Interactive.33", "point": 1, "testname": "PSS_VIN", "cornername": "Nominal", "event": "NewPoint", "EventSource": "spectre", "HistoryName": "Interactive.33", "logFile": "/home/saul/projects/IL2244_VT26_SAUL/Sim/FCORE/fcore_core_tb/maestro/results/maestro/Interactive.33/1/PSS_VIN/psf/spectre.out", "logFileSize": "-1"}
[2026-04-18 20:38:03.640 Z] [PROCESS] [cadence.virtuoso.ade.simulationMonitor] - Simulator launched {"hostname": "edatools", "processid": 3688879, "history": "Interactive.33", "testname": "PSS_VIN", "cornername": "Nominal", "point": 1, "logfile": "/home/saul/projects/IL2244_VT26_SAUL/logs_saul/logs0/Job58.log", "simid": "1"}
[2026-04-18 20:38:03.641 Z] [PROCESS] [cadence.virtuoso.ade.simulationMonitor] - Expression evaluator launched {"hostname": "edatools", "processid": 3688879, "history": "Interactive.33", "testname": "PSS_VIN", "cornername": "Nominal", "point": 1, "logfile": "/home/saul/projects/IL2244_VT26_SAUL/logs_saul/logs0/Job58.log"}
[2026-04-18 20:38:03.671 Z] [PROCESS] [cadence.virtuoso.ade.simulationMonitor] - Started Simulation {"hostname": "edatools", "processid": 3688879, "history": "Interactive.33", "testname": "PSS_VIN", "cornername": "Nominal", "point": 1, "logfile": "/home/saul/projects/IL2244_VT26_SAUL/logs_saul/logs0/Job58.log", "event": "started", "task": "simulation"}
[2026-04-18 20:38:04.171 Z] [INFO] [cadence.virtuoso.ade.simulationMonitor] - Notice from spectre during circuit read-in.
    Pre_Configuration file used: /opt/tools/cadence/installs/SPECTRE241/tools.lnx86/spectre/etc/configs/preset.precfg
    Configuration file used: `/opt/tools/cadence/installs/SPECTRE241/tools.lnx86/spectre/etc/configs/preset.cfg'. {"history": "Interactive.33", "point": 1, "testname": "PSS_VIN", "cornername": "Nominal"}
[2026-04-18 20:38:04.171 Z] [WARN] [cadence.virtuoso.ade.simulationMonitor] -     WARNING (SPECTRE-8360): line 1511: `ac' is an undefined primitive device. {"history": "Interactive.33", "point": 1, "testname": "PSS_VIN", "cornername": "Nominal"}
[2026-04-18 20:38:04.171 Z] [WARN] [cadence.virtuoso.ade.simulationMonitor] -     WARNING (SPECTRE-8360): line 1512: `ac' is an undefined primitive device. {"history": "Interactive.33", "point": 1, "testname": "PSS_VIN", "cornername": "Nominal"}
[2026-04-18 20:38:04.172 Z] [WARN] [cadence.virtuoso.ade.simulationMonitor] -     WARNING (SPECTRE-8360): line 1513: `ac' is an undefined primitive device. {"history": "Interactive.33", "point": 1, "testname": "PSS_VIN", "cornername": "Nominal"}
[2026-04-18 20:38:04.172 Z] [WARN] [cadence.virtuoso.ade.simulationMonitor] -     WARNING (SPECTRE-8360): line 1514: `ac' is an undefined primitive device. {"history": "Interactive.33", "point": 1, "testname": "PSS_VIN", "cornername": "Nominal"}
[2026-04-18 20:38:04.172 Z] [WARN] [cadence.virtuoso.ade.simulationMonitor] -     WARNING (SPECTRE-8360): line 1515: `ac' is an undefined primitive device.
        Further occurrences of this warning will be suppressed. {"history": "Interactive.33", "point": 1, "testname": "PSS_VIN", "cornername": "Nominal"}
[2026-04-18 20:38:04.172 Z] [INFO] [cadence.virtuoso.ade.simulationMonitor] - Peak resident memory used = 172 Mbytes. {"history": "Interactive.33", "point": 1, "testname": "PSS_VIN", "cornername": "Nominal"}
[2026-04-18 20:38:04.172 Z] [WARN] [cadence.virtuoso.ade.simulationMonitor] -     WARNING (VACOMP-2435): The environment variable CDS_AHDLCMI_ENABLE is no longer supported. Therefore, the simulator will use the default compiled C code flow. {"history": "Interactive.33", "point": 1, "testname": "PSS_VIN", "cornername": "Nominal"}
[2026-04-18 20:38:04.172 Z] [WARN] [cadence.virtuoso.ade.simulationMonitor] -     WARNING (SFE-3031): The floating capacitor I0.I1.I4.R2.CS1 is removed. {"history": "Interactive.33", "point": 1, "testname": "PSS_VIN", "cornername": "Nominal"}
[2026-04-18 20:38:04.172 Z] [WARN] [cadence.virtuoso.ade.simulationMonitor] -     WARNING (SFE-3031): The floating capacitor I0.I1.I1.R2.CS1 is removed. {"history": "Interactive.33", "point": 1, "testname": "PSS_VIN", "cornername": "Nominal"}
[2026-04-18 20:38:04.172 Z] [WARN] [cadence.virtuoso.ade.simulationMonitor] -     WARNING (SFE-3028): The floating resistor I0.I1.I0.C0<0>_turbo_m4.rsub2 is removed. {"history": "Interactive.33", "point": 1, "testname": "PSS_VIN", "cornername": "Nominal"}
[2026-04-18 20:38:04.172 Z] [WARN] [cadence.virtuoso.ade.simulationMonitor] -     WARNING (SFE-3028): The floating resistor I0.I1.I0.C0<0>_turbo_m4.rsub1 is removed. {"history": "Interactive.33", "point": 1, "testname": "PSS_VIN", "cornername": "Nominal"}
[2026-04-18 20:38:04.172 Z] [WARN] [cadence.virtuoso.ade.simulationMonitor] -     WARNING (SFE-3031): The floating capacitor I0.I0.I11.C9<0>_turbo_m6.C1 is removed. {"history": "Interactive.33", "point": 1, "testname": "PSS_VIN", "cornername": "Nominal"}
[2026-04-18 20:38:04.172 Z] [WARN] [cadence.virtuoso.ade.simulationMonitor] -     WARNING (SFE-3031): The floating capacitor I0.I1.I0.R3.CS1 is removed. {"history": "Interactive.33", "point": 1, "testname": "PSS_VIN", "cornername": "Nominal"}
[2026-04-18 20:38:04.172 Z] [WARN] [cadence.virtuoso.ade.simulationMonitor] -     WARNING (SFE-3031): The floating capacitor I0.I0.I8.C10<0>_turbo_m12.C1 is removed.
        Further occurrences of this warning will be suppressed. {"history": "Interactive.33", "point": 1, "testname": "PSS_VIN", "cornername": "Nominal"}
[2026-04-18 20:38:04.173 Z] [WARN] [cadence.virtuoso.ade.simulationMonitor] -     WARNING (SFE-3014): The floating device I0.I1.I0.C0<0>_turbo_m4.dsub2 is removed. {"history": "Interactive.33", "point": 1, "testname": "PSS_VIN", "cornername": "Nominal"}
[2026-04-18 20:38:04.173 Z] [WARN] [cadence.virtuoso.ade.simulationMonitor] -     WARNING (SFE-3014): The floating device I0.I1.I0.C0<0>_turbo_m4.dsub1 is removed. {"history": "Interactive.33", "point": 1, "testname": "PSS_VIN", "cornername": "Nominal"}
[2026-04-18 20:38:04.173 Z] [WARN] [cadence.virtuoso.ade.simulationMonitor] -     WARNING (SFE-3016): The floating node I0.I1.I0.C0<0>_turbo_m4.b1 is removed. {"history": "Interactive.33", "point": 1, "testname": "PSS_VIN", "cornername": "Nominal"}
[2026-04-18 20:38:04.173 Z] [WARN] [cadence.virtuoso.ade.simulationMonitor] -     WARNING (SFE-3016): The floating node I0.I1.I0.C0<0>_turbo_m4.b2 is removed. {"history": "Interactive.33", "point": 1, "testname": "PSS_VIN", "cornername": "Nominal"}
[2026-04-18 20:38:04.173 Z] [INFO] [cadence.virtuoso.ade.simulationMonitor] - Notice from spectre during hierarchy flattening.
    The value 'psf' specified for the 'checklimitdest' option will no longer be supported in future releases. Use 'spectre -h' to see other recommended values for the 'checklimitdest' option. {"history": "Interactive.33", "point": 1, "testname": "PSS_VIN", "cornername": "Nominal"}
[2026-04-18 20:38:04.173 Z] [INFO] [cadence.virtuoso.ade.simulationMonitor] - Peak resident memory used = 190 Mbytes. {"history": "Interactive.33", "point": 1, "testname": "PSS_VIN", "cornername": "Nominal"}
[2026-04-18 20:38:04.173 Z] [INFO] [cadence.virtuoso.ade.simulationMonitor] - Notice from spectre during hierarchy flattening.
    The value 'psf' specified for the 'checklimitdest' option will no longer be supported in future releases. Use 'spectre -h' to see other recommended values for the 'checklimitdest' option.
    I0.I0.I0.R10.CS0 of rpolyhc: `c' has the unusually small value of 0 F.
    I0.I0.I0.R10.CS1 of rpolyhc: `c' has the unusually small value of 0 F.
    I0.I0.I0.R9.CS0 of rpolyhc: `c' has the unusually small value of 0 F.
    I0.I0.I0.R9.CS1 of rpolyhc: `c' has the un... {"history": "Interactive.33", "point": 1, "testname": "PSS_VIN", "cornername": "Nominal"}
[2026-04-18 20:38:04.173 Z] [INFO] [cadence.virtuoso.ade.simulationMonitor] - Peak resident memory used = 192 Mbytes. {"history": "Interactive.33", "point": 1, "testname": "PSS_VIN", "cornername": "Nominal"}
[2026-04-18 20:38:04.173 Z] [WARN] [cadence.virtuoso.ade.simulationMonitor] -     WARNING (CMI-2425): I0.I0.I0.C0: `Acde' = 2.393 is unusually large. {"history": "Interactive.33", "point": 1, "testname": "PSS_VIN", "cornername": "Nominal"}
[2026-04-18 20:38:04.173 Z] [WARN] [cadence.virtuoso.ade.simulationMonitor] -     WARNING (CMI-2425): I0.I0.I0.C0: `Noff' = 4.732 is unusually large. {"history": "Interactive.33", "point": 1, "testname": "PSS_VIN", "cornername": "Nominal"}
[2026-04-18 20:38:04.173 Z] [WARN] [cadence.virtuoso.ade.simulationMonitor] -     WARNING (CMI-2424): I0.I0.I0.C0: `Voffcv' = -867.4e-03 is unusually small. {"history": "Interactive.33", "point": 1, "testname": "PSS_VIN", "cornername": "Nominal"}
[2026-04-18 20:38:04.173 Z] [WARN] [cadence.virtuoso.ade.simulationMonitor] -     WARNING (CMI-2425): I0.I0.I0.I3.C1: `Acde' = 2.393 is unusually large. {"history": "Interactive.33", "point": 1, "testname": "PSS_VIN", "cornername": "Nominal"}
[2026-04-18 20:38:04.173 Z] [WARN] [cadence.virtuoso.ade.simulationMonitor] -     WARNING (CMI-2425): I0.I0.I0.I3.C1: `Noff' = 4.732 is unusually large. {"history": "Interactive.33", "point": 1, "testname": "PSS_VIN", "cornername": "Nominal"}
[2026-04-18 20:38:04.173 Z] [WARN] [cadence.virtuoso.ade.simulationMonitor] -     WARNING (CMI-2424): I0.I0.I0.I3.C1: `Voffcv' = -867.4e-03 is unusually small. {"history": "Interactive.33", "point": 1, "testname": "PSS_VIN", "cornername": "Nominal"}
[2026-04-18 20:38:04.174 Z] [WARN] [cadence.virtuoso.ade.simulationMonitor] -     WARNING (CMI-2425): I0.I1.I0.C0<0>_turbo_m4: `Acde' = 2.393 is unusually large.
        Further occurrences of this warning will be suppressed. {"history": "Interactive.33", "point": 1, "testname": "PSS_VIN", "cornername": "Nominal"}
[2026-04-18 20:38:04.174 Z] [WARN] [cadence.virtuoso.ade.simulationMonitor] -     WARNING (CMI-2424): I0.I1.I0.C0<0>_turbo_m4: `Voffcv' = -867.4e-03 is unusually small. {"history": "Interactive.33", "point": 1, "testname": "PSS_VIN", "cornername": "Nominal"}
[2026-04-18 20:38:04.174 Z] [WARN] [cadence.virtuoso.ade.simulationMonitor] -     WARNING (CMI-2424): I0.I1.I3.C1<0>_turbo_m6: `Voffcv' = -867.4e-03 is unusually small. {"history": "Interactive.33", "point": 1, "testname": "PSS_VIN", "cornername": "Nominal"}
[2026-04-18 20:38:04.174 Z] [WARN] [cadence.virtuoso.ade.simulationMonitor] -     WARNING (CMI-2424): I0.I1.I4.C1<0>_turbo_m11: `Voffcv' = -867.4e-03 is unusually small.
        Further occurrences of this warning will be suppressed. {"history": "Interactive.33", "point": 1, "testname": "PSS_VIN", "cornername": "Nominal"}
[2026-04-18 20:38:04.174 Z] [WARN] [cadence.virtuoso.ade.simulationMonitor] -     WARNING (SPECTRE-17607): Assert `SOAC_vert10_vsubpsub' is ignored because it contains an expression which is invalid or not supported by native evaluator.  {"history": "Interactive.33", "point": 1, "testname": "PSS_VIN", "cornername": "Nominal"}
[2026-04-18 20:38:04.174 Z] [WARN] [cadence.virtuoso.ade.simulationMonitor] -     WARNING (SPECTRE-17607): Assert `SOAC_vert10_vcsub' is ignored because it contains an expression which is invalid or not supported by native evaluator.  {"history": "Interactive.33", "point": 1, "testname": "PSS_VIN", "cornername": "Nominal"}
[2026-04-18 20:38:04.174 Z] [WARN] [cadence.virtuoso.ade.simulationMonitor] -     WARNING (SPECTRE-17607): Assert `SOAC_rpolyh_vminuspsub' is ignored because it contains an expression which is invalid or not supported by native evaluator.  {"history": "Interactive.33", "point": 1, "testname": "PSS_VIN", "cornername": "Nominal"}
[2026-04-18 20:38:04.174 Z] [WARN] [cadence.virtuoso.ade.simulationMonitor] -     WARNING (SPECTRE-17607): Assert `SOAC_rpolyh_vpluspsub' is ignored because it contains an expression which is invalid or not supported by native evaluator.  {"history": "Interactive.33", "point": 1, "testname": "PSS_VIN", "cornername": "Nominal"}
[2026-04-18 20:38:04.174 Z] [WARN] [cadence.virtuoso.ade.simulationMonitor] -     WARNING (SPECTRE-16460): SOAC_cvarm_vspsub:Specified subcircuit master `cvarm' was not found. {"history": "Interactive.33", "point": 1, "testname": "PSS_VIN", "cornername": "Nominal"}
[2026-04-18 20:38:04.174 Z] [WARN] [cadence.virtuoso.ade.simulationMonitor] -     WARNING (SPECTRE-16462): SOAC_cvarm_vspsub:Error in specification of subcircuit master. Assert is ignored. {"history": "Interactive.33", "point": 1, "testname": "PSS_VIN", "cornername": "Nominal"}
[2026-04-18 20:38:04.174 Z] [WARN] [cadence.virtuoso.ade.simulationMonitor] -     WARNING (SPECTRE-16460): SOAC_cvarm_vbs:Specified subcircuit master `cvarm' was not found. {"history": "Interactive.33", "point": 1, "testname": "PSS_VIN", "cornername": "Nominal"}
[2026-04-18 20:38:04.174 Z] [WARN] [cadence.virtuoso.ade.simulationMonitor] -     WARNING (SPECTRE-16462): SOAC_cvarm_vbs:Error in specification of subcircuit master. Assert is ignored. {"history": "Interactive.33", "point": 1, "testname": "PSS_VIN", "cornername": "Nominal"}
[2026-04-18 20:38:04.174 Z] [WARN] [cadence.virtuoso.ade.simulationMonitor] -     WARNING (SPECTRE-16460): SOAC_cvarm_vgb:Specified subcircuit master `cvarm' was not found. {"history": "Interactive.33", "point": 1, "testname": "PSS_VIN", "cornername": "Nominal"}
[2026-04-18 20:38:04.174 Z] [WARN] [cadence.virtuoso.ade.simulationMonitor] -     WARNING (SPECTRE-16462): SOAC_cvarm_vgb:Error in specification of subcircuit master. Assert is ignored. {"history": "Interactive.33", "point": 1, "testname": "PSS_VIN", "cornername": "Nominal"}
[2026-04-18 20:38:04.175 Z] [WARN] [cadence.virtuoso.ade.simulationMonitor] -     WARNING (SPECTRE-16460): SOAC_cvart_vspsub:Specified subcircuit master `cvart' was not found. {"history": "Interactive.33", "point": 1, "testname": "PSS_VIN", "cornername": "Nominal"}
[2026-04-18 20:38:04.175 Z] [WARN] [cadence.virtuoso.ade.simulationMonitor] -     WARNING (SPECTRE-16462): SOAC_cvart_vspsub:Error in specification of subcircuit master. Assert is ignored. {"history": "Interactive.33", "point": 1, "testname": "PSS_VIN", "cornername": "Nominal"}
[2026-04-18 20:38:04.175 Z] [WARN] [cadence.virtuoso.ade.simulationMonitor] -     WARNING (SPECTRE-16460): SOAC_cvart_vbs:Specified subcircuit master `cvart' was not found.
        Further occurrences of this warning will be suppressed. {"history": "Interactive.33", "point": 1, "testname": "PSS_VIN", "cornername": "Nominal"}
[2026-04-18 20:38:04.175 Z] [WARN] [cadence.virtuoso.ade.simulationMonitor] -     WARNING (SPECTRE-16462): SOAC_cvart_vbs:Error in specification of subcircuit master. Assert is ignored.
        Further occurrences of this warning will be suppressed. {"history": "Interactive.33", "point": 1, "testname": "PSS_VIN", "cornername": "Nominal"}
[2026-04-18 20:38:04.175 Z] [WARN] [cadence.virtuoso.ade.simulationMonitor] -     WARNING (SPECTRE-17607): Assert `SOAC_cvar_vspsub' is ignored because it contains an expression which is invalid or not supported by native evaluator. 
        Further occurrences of this warning will be suppressed. {"history": "Interactive.33", "point": 1, "testname": "PSS_VIN", "cornername": "Nominal"}
[2026-04-18 20:38:04.675 Z] [INFO] [cadence.virtuoso.ade.simulationMonitor] - Notice from spectre during initial setup.
    Multithreading is disabled due to the size of the design being too small. {"history": "Interactive.33", "point": 1, "testname": "PSS_VIN", "cornername": "Nominal"}
[2026-04-18 20:38:04.675 Z] [WARN] [cadence.virtuoso.ade.simulationMonitor] -     WARNING (SPECTRE-592): Following parameters are disabled because they are ignored or redefined in Spectre X:
        Option Parameters:
          reltol
        
         {"history": "Interactive.33", "point": 1, "testname": "PSS_VIN", "cornername": "Nominal"}
[2026-04-18 20:38:04.676 Z] [INFO] [cadence.virtuoso.ade.simulationMonitor] -               nodes 427 {"history": "Interactive.33", "point": 1, "testname": "PSS_VIN", "cornername": "Nominal"}
[2026-04-18 20:38:04.676 Z] [INFO] [cadence.virtuoso.ade.simulationMonitor] - Notice from spectre during initial setup.
    4 vsources are shorted because their absolute value is less than or equal to 'vabsshort'.
    Spectre X preset=vx enabled.
    14 notices suppressed.
    110 warnings suppressed. {"history": "Interactive.33", "point": 1, "testname": "PSS_VIN", "cornername": "Nominal"}
[2026-04-18 20:38:04.676 Z] [INFO] [cadence.virtuoso.ade.simulationMonitor] - Peak resident memory used = 212 Mbytes. {"history": "Interactive.33", "point": 1, "testname": "PSS_VIN", "cornername": "Nominal"}
[2026-04-18 20:38:04.676 Z] [INFO] [cadence.virtuoso.ade.simulationMonitor] -    -   (Spectre X) Multi-threading. The recommended number of threads is 1, consider adding +mt=1 on command line. {"history": "Interactive.33", "point": 1, "testname": "PSS_VIN", "cornername": "Nominal"}
[2026-04-18 20:38:04.676 Z] [INFO] [cadence.virtuoso.ade.simulationMonitor] - Notice from spectre during DC analysis `dcOp'.
    No checklimit analysis defined for asserts. A default checklimit analysis 'SpectreChecklimitAnal' has been created with all asserts enabled. {"history": "Interactive.33", "point": 1, "testname": "PSS_VIN", "cornername": "Nominal"}
[2026-04-18 20:38:04.676 Z] [INFO] [cadence.virtuoso.ade.simulationMonitor] - Notice from spectre during DC analysis `dcOp'.
    GminDC = 1 pS is large enough to noticeably affect the DC solution.
        dV(I0.I1.I1.net10) = 24.4177 mV
        Use the `gmin_check' option to eliminate or expand this report.
    Bad pivoting is found during DC analysis. Option dc_pivot_check=yes is recommended for possible improvement of convergence. {"history": "Interactive.33", "point": 1, "testname": "PSS_VIN", "cornername": "Nominal"}
[2026-04-18 20:38:04.676 Z] [WARN] [cadence.virtuoso.ade.simulationMonitor] -     WARNING (CMI-2943): Parameter checks have been ignored because the valid value for parameter 'trise' could not be found in 'C4'. {"history": "Interactive.33", "point": 1, "testname": "PSS_VIN", "cornername": "Nominal"}
[2026-04-18 20:38:04.676 Z] [WARN] [cadence.virtuoso.ade.simulationMonitor] -     WARNING (CMI-2943): Parameter checks have been ignored because the valid value for parameter 'trise' could not be found in 'C5'. {"history": "Interactive.33", "point": 1, "testname": "PSS_VIN", "cornername": "Nominal"}
[2026-04-18 20:38:04.676 Z] [WARN] [cadence.virtuoso.ade.simulationMonitor] -     WARNING (CMI-2943): Parameter checks have been ignored because the valid value for parameter 'trise' could not be found in 'I0.I1.I4.R4.CM'. {"history": "Interactive.33", "point": 1, "testname": "PSS_VIN", "cornername": "Nominal"}
[2026-04-18 20:38:04.676 Z] [WARN] [cadence.virtuoso.ade.simulationMonitor] -     WARNING (CMI-2943): Parameter checks have been ignored because the valid value for parameter 'trise' could not be found in 'I0.I1.I4.R4.CS1'. {"history": "Interactive.33", "point": 1, "testname": "PSS_VIN", "cornername": "Nominal"}
[2026-04-18 20:38:04.677 Z] [WARN] [cadence.virtuoso.ade.simulationMonitor] -     WARNING (CMI-2943): Parameter checks have been ignored because the valid value for parameter 'trise' could not be found in 'I0.I1.I4.R4.CS0'.
        Further occurrences of this warning will be suppressed. {"history": "Interactive.33", "point": 1, "testname": "PSS_VIN", "cornername": "Nominal"}
[2026-04-18 20:38:04.677 Z] [INFO] [cadence.virtuoso.ade.simulationMonitor] - Total time required for dc analysis `dcOp': CPU = 318.243 ms, elapsed = 334.706 ms, util. = 95.1%. {"history": "Interactive.33", "point": 1, "testname": "PSS_VIN", "cornername": "Nominal"}
[2026-04-18 20:38:04.677 Z] [INFO] [cadence.virtuoso.ade.simulationMonitor] - Peak resident memory used = 231 Mbytes. {"history": "Interactive.33", "point": 1, "testname": "PSS_VIN", "cornername": "Nominal"}
[2026-04-18 20:38:04.677 Z] [INFO] [cadence.virtuoso.ade.simulationMonitor] - Notice from spectre.
    212 warnings suppressed. {"history": "Interactive.33", "point": 1, "testname": "PSS_VIN", "cornername": "Nominal"}
[2026-04-18 20:38:04.677 Z] [WARN] [cadence.virtuoso.ade.simulationMonitor] -     WARNING (CMI-2425): I0.I1.I4.C1<0>_turbo_m11: `Acde' = 2.393 is unusually large. {"history": "Interactive.33", "point": 1, "testname": "PSS_VIN", "cornername": "Nominal"}
[2026-04-18 20:38:04.677 Z] [WARN] [cadence.virtuoso.ade.simulationMonitor] -     WARNING (CMI-2425): I0.I1.I4.C1<0>_turbo_m11: `Noff' = 4.732 is unusually large. {"history": "Interactive.33", "point": 1, "testname": "PSS_VIN", "cornername": "Nominal"}
[2026-04-18 20:38:04.677 Z] [WARN] [cadence.virtuoso.ade.simulationMonitor] -     WARNING (CMI-2424): I0.I1.I4.C1<0>_turbo_m11: `Voffcv' = -867.4e-03 is unusually small. {"history": "Interactive.33", "point": 1, "testname": "PSS_VIN", "cornername": "Nominal"}
[2026-04-18 20:38:04.677 Z] [WARN] [cadence.virtuoso.ade.simulationMonitor] -     WARNING (CMI-2425): I0.I1.I3.C1<0>_turbo_m6: `Acde' = 2.393 is unusually large. {"history": "Interactive.33", "point": 1, "testname": "PSS_VIN", "cornername": "Nominal"}
[2026-04-18 20:38:04.677 Z] [WARN] [cadence.virtuoso.ade.simulationMonitor] -     WARNING (CMI-2425): I0.I1.I3.C1<0>_turbo_m6: `Noff' = 4.732 is unusually large. {"history": "Interactive.33", "point": 1, "testname": "PSS_VIN", "cornername": "Nominal"}
[2026-04-18 20:38:04.677 Z] [WARN] [cadence.virtuoso.ade.simulationMonitor] -     WARNING (CMI-2424): I0.I1.I3.C1<0>_turbo_m6: `Voffcv' = -867.4e-03 is unusually small. {"history": "Interactive.33", "point": 1, "testname": "PSS_VIN", "cornername": "Nominal"}
[2026-04-18 20:38:04.677 Z] [WARN] [cadence.virtuoso.ade.simulationMonitor] -     WARNING (CMI-2425): I0.I1.I0.C0<0>_turbo_m4: `Acde' = 2.393 is unusually large.
        Further occurrences of this warning will be suppressed. {"history": "Interactive.33", "point": 1, "testname": "PSS_VIN", "cornername": "Nominal"}
[2026-04-18 20:38:04.677 Z] [WARN] [cadence.virtuoso.ade.simulationMonitor] -     WARNING (CMI-2424): I0.I1.I0.C0<0>_turbo_m4: `Voffcv' = -867.4e-03 is unusually small. {"history": "Interactive.33", "point": 1, "testname": "PSS_VIN", "cornername": "Nominal"}
[2026-04-18 20:38:04.677 Z] [WARN] [cadence.virtuoso.ade.simulationMonitor] -     WARNING (CMI-2424): I0.I0.I0.I3.C1: `Voffcv' = -867.4e-03 is unusually small. {"history": "Interactive.33", "point": 1, "testname": "PSS_VIN", "cornername": "Nominal"}
[2026-04-18 20:38:04.677 Z] [WARN] [cadence.virtuoso.ade.simulationMonitor] -     WARNING (CMI-2424): I0.I0.I0.C0: `Voffcv' = -867.4e-03 is unusually small.
        Further occurrences of this warning will be suppressed. {"history": "Interactive.33", "point": 1, "testname": "PSS_VIN", "cornername": "Nominal"}
[2026-04-18 20:38:04.677 Z] [INFO] [cadence.virtuoso.ade.simulationMonitor] - Notice from spectre.
    20 warnings suppressed. {"history": "Interactive.33", "point": 1, "testname": "PSS_VIN", "cornername": "Nominal"}
[2026-04-18 20:38:04.677 Z] [WARN] [cadence.virtuoso.ade.simulationMonitor] -     WARNING (CMI-2425): I0.I1.I4.C1<0>_turbo_m11: `Acde' = 2.393 is unusually large. {"history": "Interactive.33", "point": 1, "testname": "PSS_VIN", "cornername": "Nominal"}
[2026-04-18 20:38:04.677 Z] [WARN] [cadence.virtuoso.ade.simulationMonitor] -     WARNING (CMI-2425): I0.I1.I4.C1<0>_turbo_m11: `Noff' = 4.732 is unusually large. {"history": "Interactive.33", "point": 1, "testname": "PSS_VIN", "cornername": "Nominal"}
[2026-04-18 20:38:04.677 Z] [WARN] [cadence.virtuoso.ade.simulationMonitor] -     WARNING (CMI-2424): I0.I1.I4.C1<0>_turbo_m11: `Voffcv' = -867.4e-03 is unusually small. {"history": "Interactive.33", "point": 1, "testname": "PSS_VIN", "cornername": "Nominal"}
[2026-04-18 20:38:04.677 Z] [WARN] [cadence.virtuoso.ade.simulationMonitor] -     WARNING (CMI-2425): I0.I1.I3.C1<0>_turbo_m6: `Acde' = 2.393 is unusually large. {"history": "Interactive.33", "point": 1, "testname": "PSS_VIN", "cornername": "Nominal"}
[2026-04-18 20:38:04.677 Z] [WARN] [cadence.virtuoso.ade.simulationMonitor] -     WARNING (CMI-2425): I0.I1.I3.C1<0>_turbo_m6: `Noff' = 4.732 is unusually large. {"history": "Interactive.33", "point": 1, "testname": "PSS_VIN", "cornername": "Nominal"}
[2026-04-18 20:38:04.677 Z] [WARN] [cadence.virtuoso.ade.simulationMonitor] -     WARNING (CMI-2424): I0.I1.I3.C1<0>_turbo_m6: `Voffcv' = -867.4e-03 is unusually small. {"history": "Interactive.33", "point": 1, "testname": "PSS_VIN", "cornername": "Nominal"}
[2026-04-18 20:38:04.677 Z] [WARN] [cadence.virtuoso.ade.simulationMonitor] -     WARNING (CMI-2425): I0.I1.I0.C0<0>_turbo_m4: `Acde' = 2.393 is unusually large.
        Further occurrences of this warning will be suppressed. {"history": "Interactive.33", "point": 1, "testname": "PSS_VIN", "cornername": "Nominal"}
[2026-04-18 20:38:04.677 Z] [WARN] [cadence.virtuoso.ade.simulationMonitor] -     WARNING (CMI-2424): I0.I1.I0.C0<0>_turbo_m4: `Voffcv' = -867.4e-03 is unusually small. {"history": "Interactive.33", "point": 1, "testname": "PSS_VIN", "cornername": "Nominal"}
[2026-04-18 20:38:04.678 Z] [WARN] [cadence.virtuoso.ade.simulationMonitor] -     WARNING (CMI-2424): I0.I0.I0.I3.C1: `Voffcv' = -867.4e-03 is unusually small. {"history": "Interactive.33", "point": 1, "testname": "PSS_VIN", "cornername": "Nominal"}
[2026-04-18 20:38:04.678 Z] [WARN] [cadence.virtuoso.ade.simulationMonitor] -     WARNING (CMI-2424): I0.I0.I0.C0: `Voffcv' = -867.4e-03 is unusually small.
        Further occurrences of this warning will be suppressed. {"history": "Interactive.33", "point": 1, "testname": "PSS_VIN", "cornername": "Nominal"}
[2026-04-18 20:38:04.678 Z] [INFO] [cadence.virtuoso.ade.simulationMonitor] - Notice from spectre.
    29 warnings suppressed. {"history": "Interactive.33", "point": 1, "testname": "PSS_VIN", "cornername": "Nominal"}
[2026-04-18 20:38:04.678 Z] [WARN] [cadence.virtuoso.ade.simulationMonitor] -     WARNING (CMI-2425): I0.I1.I4.C1<0>_turbo_m11: `Acde' = 2.393 is unusually large. {"history": "Interactive.33", "point": 1, "testname": "PSS_VIN", "cornername": "Nominal"}
[2026-04-18 20:38:04.678 Z] [WARN] [cadence.virtuoso.ade.simulationMonitor] -     WARNING (CMI-2425): I0.I1.I4.C1<0>_turbo_m11: `Noff' = 4.732 is unusually large. {"history": "Interactive.33", "point": 1, "testname": "PSS_VIN", "cornername": "Nominal"}
[2026-04-18 20:38:04.678 Z] [WARN] [cadence.virtuoso.ade.simulationMonitor] -     WARNING (CMI-2424): I0.I1.I4.C1<0>_turbo_m11: `Voffcv' = -867.4e-03 is unusually small. {"history": "Interactive.33", "point": 1, "testname": "PSS_VIN", "cornername": "Nominal"}
[2026-04-18 20:38:04.678 Z] [WARN] [cadence.virtuoso.ade.simulationMonitor] -     WARNING (CMI-2425): I0.I1.I3.C1<0>_turbo_m6: `Acde' = 2.393 is unusually large. {"history": "Interactive.33", "point": 1, "testname": "PSS_VIN", "cornername": "Nominal"}
[2026-04-18 20:38:04.678 Z] [WARN] [cadence.virtuoso.ade.simulationMonitor] -     WARNING (CMI-2425): I0.I1.I3.C1<0>_turbo_m6: `Noff' = 4.732 is unusually large. {"history": "Interactive.33", "point": 1, "testname": "PSS_VIN", "cornername": "Nominal"}
[2026-04-18 20:38:04.678 Z] [WARN] [cadence.virtuoso.ade.simulationMonitor] -     WARNING (CMI-2424): I0.I1.I3.C1<0>_turbo_m6: `Voffcv' = -867.4e-03 is unusually small. {"history": "Interactive.33", "point": 1, "testname": "PSS_VIN", "cornername": "Nominal"}
[2026-04-18 20:38:04.678 Z] [WARN] [cadence.virtuoso.ade.simulationMonitor] -     WARNING (CMI-2425): I0.I1.I0.C0<0>_turbo_m4: `Acde' = 2.393 is unusually large.
        Further occurrences of this warning will be suppressed. {"history": "Interactive.33", "point": 1, "testname": "PSS_VIN", "cornername": "Nominal"}
[2026-04-18 20:38:04.678 Z] [WARN] [cadence.virtuoso.ade.simulationMonitor] -     WARNING (CMI-2424): I0.I1.I0.C0<0>_turbo_m4: `Voffcv' = -867.4e-03 is unusually small. {"history": "Interactive.33", "point": 1, "testname": "PSS_VIN", "cornername": "Nominal"}
[2026-04-18 20:38:04.678 Z] [WARN] [cadence.virtuoso.ade.simulationMonitor] -     WARNING (CMI-2424): I0.I0.I0.I3.C1: `Voffcv' = -867.4e-03 is unusually small. {"history": "Interactive.33", "point": 1, "testname": "PSS_VIN", "cornername": "Nominal"}
[2026-04-18 20:38:04.678 Z] [WARN] [cadence.virtuoso.ade.simulationMonitor] -     WARNING (CMI-2424): I0.I0.I0.C0: `Voffcv' = -867.4e-03 is unusually small.
        Further occurrences of this warning will be suppressed. {"history": "Interactive.33", "point": 1, "testname": "PSS_VIN", "cornername": "Nominal"}
[2026-04-18 20:38:04.678 Z] [INFO] [cadence.virtuoso.ade.simulationMonitor] - Notice from spectre.
    20 warnings suppressed. {"history": "Interactive.33", "point": 1, "testname": "PSS_VIN", "cornername": "Nominal"}
[2026-04-18 20:38:04.678 Z] [WARN] [cadence.virtuoso.ade.simulationMonitor] -     WARNING (CMI-2425): I0.I1.I4.C1<0>_turbo_m11: `Acde' = 2.393 is unusually large. {"history": "Interactive.33", "point": 1, "testname": "PSS_VIN", "cornername": "Nominal"}
[2026-04-18 20:38:04.678 Z] [WARN] [cadence.virtuoso.ade.simulationMonitor] -     WARNING (CMI-2425): I0.I1.I4.C1<0>_turbo_m11: `Noff' = 4.732 is unusually large. {"history": "Interactive.33", "point": 1, "testname": "PSS_VIN", "cornername": "Nominal"}
[2026-04-18 20:38:04.678 Z] [WARN] [cadence.virtuoso.ade.simulationMonitor] -     WARNING (CMI-2424): I0.I1.I4.C1<0>_turbo_m11: `Voffcv' = -867.4e-03 is unusually small. {"history": "Interactive.33", "point": 1, "testname": "PSS_VIN", "cornername": "Nominal"}
[2026-04-18 20:38:04.678 Z] [WARN] [cadence.virtuoso.ade.simulationMonitor] -     WARNING (CMI-2425): I0.I1.I3.C1<0>_turbo_m6: `Acde' = 2.393 is unusually large. {"history": "Interactive.33", "point": 1, "testname": "PSS_VIN", "cornername": "Nominal"}
[2026-04-18 20:38:04.678 Z] [WARN] [cadence.virtuoso.ade.simulationMonitor] -     WARNING (CMI-2425): I0.I1.I3.C1<0>_turbo_m6: `Noff' = 4.732 is unusually large. {"history": "Interactive.33", "point": 1, "testname": "PSS_VIN", "cornername": "Nominal"}
[2026-04-18 20:38:04.678 Z] [WARN] [cadence.virtuoso.ade.simulationMonitor] -     WARNING (CMI-2424): I0.I1.I3.C1<0>_turbo_m6: `Voffcv' = -867.4e-03 is unusually small. {"history": "Interactive.33", "point": 1, "testname": "PSS_VIN", "cornername": "Nominal"}
[2026-04-18 20:38:04.678 Z] [WARN] [cadence.virtuoso.ade.simulationMonitor] -     WARNING (CMI-2425): I0.I1.I0.C0<0>_turbo_m4: `Acde' = 2.393 is unusually large.
        Further occurrences of this warning will be suppressed. {"history": "Interactive.33", "point": 1, "testname": "PSS_VIN", "cornername": "Nominal"}
[2026-04-18 20:38:04.678 Z] [WARN] [cadence.virtuoso.ade.simulationMonitor] -     WARNING (CMI-2424): I0.I1.I0.C0<0>_turbo_m4: `Voffcv' = -867.4e-03 is unusually small. {"history": "Interactive.33", "point": 1, "testname": "PSS_VIN", "cornername": "Nominal"}
[2026-04-18 20:38:04.678 Z] [WARN] [cadence.virtuoso.ade.simulationMonitor] -     WARNING (CMI-2424): I0.I0.I0.I3.C1: `Voffcv' = -867.4e-03 is unusually small. {"history": "Interactive.33", "point": 1, "testname": "PSS_VIN", "cornername": "Nominal"}
[2026-04-18 20:38:04.679 Z] [WARN] [cadence.virtuoso.ade.simulationMonitor] -     WARNING (CMI-2424): I0.I0.I0.C0: `Voffcv' = -867.4e-03 is unusually small.
        Further occurrences of this warning will be suppressed. {"history": "Interactive.33", "point": 1, "testname": "PSS_VIN", "cornername": "Nominal"}
[2026-04-18 20:38:04.679 Z] [INFO] [cadence.virtuoso.ade.simulationMonitor] - Notice from spectre.
    20 warnings suppressed. {"history": "Interactive.33", "point": 1, "testname": "PSS_VIN", "cornername": "Nominal"}
[2026-04-18 20:38:04.679 Z] [INFO] [cadence.virtuoso.ade.simulationMonitor] - Time used: CPU = 587 ms, elapsed = 865 ms, util. = 67.9%. {"history": "Interactive.33", "point": 1, "testname": "PSS_VIN", "cornername": "Nominal"}
[2026-04-18 20:38:04.679 Z] [INFO] [cadence.virtuoso.ade.simulationMonitor] - Time spent in licensing: elapsed = 37.5 ms. {"history": "Interactive.33", "point": 1, "testname": "PSS_VIN", "cornername": "Nominal"}
[2026-04-18 20:38:04.679 Z] [INFO] [cadence.virtuoso.ade.simulationMonitor] - Peak memory used = 232 Mbytes. {"history": "Interactive.33", "point": 1, "testname": "PSS_VIN", "cornername": "Nominal"}
[2026-04-18 20:38:04.679 Z] [PROCESS] [cadence.virtuoso.ade.simulationMonitor] - Simulation started at: 8:38:03 PM, Sat Apr 18, 2026, ended at: 8:38:04 PM, Sat Apr 18, 2026, with elapsed time (wall clock): 865 ms. {"history": "Interactive.33", "point": 1, "testname": "PSS_VIN", "cornername": "Nominal"}
[2026-04-18 20:38:04.679 Z] [PROCESS] [cadence.virtuoso.ade.simulationMonitor] - spectre completes with 0 errors, 88 warnings, and 24 notices. {"history": "Interactive.33", "point": 1, "testname": "PSS_VIN", "cornername": "Nominal"}
[2026-04-18 20:38:04.679 Z] [PROCESS] [cadence.virtuoso.ade.simulationMonitor] - Finished simulating for one point {"hostname": "edatools", "processid": 3688879, "history": "Interactive.33", "testname": "PSS_VIN", "cornername": "Nominal", "point": 1, "logfile": "/home/saul/projects/IL2244_VT26_SAUL/logs_saul/logs0/Job58.log", "simid": "1"}
[2026-04-18 20:38:04.679 Z] [PROCESS] [cadence.virtuoso.ade.simulationMonitor] - Simulator exited {"hostname": "edatools", "processid": 3688879, "history": "Interactive.33", "testname": "PSS_VIN", "cornername": "Nominal", "point": 1, "logfile": "/home/saul/projects/IL2244_VT26_SAUL/logs_saul/logs0/Job58.log", "exitStatus": "0"}
[2026-04-18 20:38:04.679 Z] [PROCESS] [cadence.virtuoso.ade.simulationMonitor] - Finished Simulation {"hostname": "edatools", "processid": 3688879, "history": "Interactive.33", "testname": "PSS_VIN", "cornername": "Nominal", "point": 1, "logfile": "/home/saul/projects/IL2244_VT26_SAUL/logs_saul/logs0/Job58.log", "simid": "1"}
[2026-04-18 20:38:06.684 Z] [PROCESS] [cadence.virtuoso.ade.simulationMonitor] - Point Finished {"hostname": "edatools", "processid": 3688879, "history": "Interactive.33", "testname": "PSS_VIN", "cornername": "Nominal", "point": 1, "logfile": "/home/saul/projects/IL2244_VT26_SAUL/logs_saul/logs0/Job58.log"}
[2026-04-18 20:43:07.363 Z] [PROCESS] [cadence.virtuoso.ade.simulationMonitor] - Current memory used: 52.2930 MBytes, peak memory used: 52.2930 MBytes {"hostname": "edatools", "processid": 3688879, "history": "Interactive.33", "testname": "PSS_VIN", "cornername": "Nominal", "point": 1, "logfile": "/home/saul/projects/IL2244_VT26_SAUL/logs_saul/logs0/Job58.log"}
[2026-04-18 20:43:07.364 Z] [PROCESS] [cadence.virtuoso.ade.simulationMonitor] - Simulation Monitor process exit. {"hostname": "edatools", "processid": 3688879, "history": "Interactive.33", "testname": "PSS_VIN", "cornername": "Nominal", "point": 1, "logfile": "/home/saul/projects/IL2244_VT26_SAUL/logs_saul/logs0/Job58.log"}
