[Simulation Monitor: 66]
[2026-04-10 09:37:44.391 Z] [PROCESS] [cadence.virtuoso.ade.simulationMonitor] - Simulation Monitor has successfully started up. Trying to set up communication channels to other components ... {"hostname": "edatools", "processid": 359775, "logfile": "/home/saul/projects/IL2244_VT26_SAUL/logs_saul/logs0/Job66.log"}
[2026-04-10 09:37:44.392 Z] [PROCESS] [cadence.virtuoso.ade.simulationMonitor] - Communication channels have been successfully set up. Start processing events ... {"hostname": "edatools", "processid": 359775, "logfile": "/home/saul/projects/IL2244_VT26_SAUL/logs_saul/logs0/Job66.log"}
[2026-04-10 09:37:44.392 Z] [PROCESS] [cadence.virtuoso.ade.simulationMonitor] - Considering to start history {"hostname": "edatools", "processid": 359775, "history": "MonteCarlo.2", "logfile": "/home/saul/projects/IL2244_VT26_SAUL/logs_saul/logs0/Job66.log"}
[2026-04-10 09:37:44.394 Z] [PROCESS] [cadence.virtuoso.ade.simulationMonitor] - HostInfo:
Host name (type):	edatools (x86_64)
Operating system:	Linux 6.17.0-20-generic #20~24.04.1-Ubuntu SMP PREEMPT_DYNAMIC Thu Mar 19 01:28:37 UTC 2 {"hostname": "edatools", "processid": 359775, "history": "MonteCarlo.2", "testname": "TRAN_CMRR_MC", "cornername": "Nominal", "point": 13, "logfile": "/home/saul/projects/IL2244_VT26_SAUL/logs_saul/logs0/Job66.log", "nodename": "edatools", "domainname": "(none)", "machine": "x86_64", "sysname": "Linux", "release": "6.17.0-20-generic", "version": "#20~24.04.1-Ubuntu SMP PREEMPT_DYNAMIC Thu Mar 19 01:28:37 UTC 2"}
[2026-04-10 09:37:44.394 Z] [PROCESS] [cadence.virtuoso.ade.simulationMonitor] - UsageInfo:
pid=359775
totalPhysicalMemory=62.544991GB,Used=43.663406GB,totalVirtualMemory=70.544987GB,Used=43.663406GB
Cpu: Cores=16, Load average:0.680000,0.990000,1.100000 {"hostname": "edatools", "processid": 359775, "history": "MonteCarlo.2", "testname": "TRAN_CMRR_MC", "cornername": "Nominal", "point": 13, "logfile": "/home/saul/projects/IL2244_VT26_SAUL/logs_saul/logs0/Job66.log", "pid": "359775", "totalPhysicalMemory": "62.544991", "physicalMemoryUsed": "43.663406", "totalVirtualMemory": "70.544987", "virtualMemoryUsed": "43.663406", "cpuCores": "16", "processes": "2274", "loadAverage1": "0.680000", "loadAverage5": "0.990000", "loadAverage15": "1.100000", "loadAverage1Percent": "0.042500"}
[2026-04-10 09:37:44.394 Z] [EVENT] [cadence.virtuoso.ade.simulationMonitor] - GroupPoints {"history": "MonteCarlo.2", "point": 13, "testname": "TRAN_CMRR_MC", "cornername": "Nominal", "event": "GroupPoints", "EventSource": "Simulation Monitor", "Points": "13:1:16", "HistoryName": "MonteCarlo.2", "logFile": "/home/saul/projects/IL2244_VT26_SAUL/logs_saul/logs0/Job66.log", "logFileSize": "2324"}
[2026-04-10 09:37:44.495 Z] [EVENT] [cadence.virtuoso.ade.simulationMonitor] - GroupPoints {"history": "MonteCarlo.2", "point": 13, "testname": "TRAN_CMRR_MC", "cornername": "Nominal", "event": "GroupPoints", "EventSource": "spectre", "Points": "13:1:16", "HistoryName": "MonteCarlo.2", "logFile": "/home/saul/projects/IL2244_VT26_SAUL/Sim/FECG/fecg_front_end_cmrr_tb/maestro/results/maestro/MonteCarlo.2/13/TRAN_CMRR_MC/groupRunDataDir/psf/spectre.out", "logFileSize": "-1"}
[2026-04-10 09:37:44.498 Z] [PROCESS] [cadence.virtuoso.ade.simulationMonitor] - Simulator launched {"hostname": "edatools", "processid": 359775, "history": "MonteCarlo.2", "testname": "TRAN_CMRR_MC", "cornername": "Nominal", "point": 13, "logfile": "/home/saul/projects/IL2244_VT26_SAUL/logs_saul/logs0/Job66.log", "simid": "1"}
[2026-04-10 09:37:44.500 Z] [PROCESS] [cadence.virtuoso.ade.simulationMonitor] - Expression evaluator launched {"hostname": "edatools", "processid": 359775, "history": "MonteCarlo.2", "testname": "TRAN_CMRR_MC", "cornername": "Nominal", "point": 13, "logfile": "/home/saul/projects/IL2244_VT26_SAUL/logs_saul/logs0/Job66.log"}
[2026-04-10 09:37:44.520 Z] [PROCESS] [cadence.virtuoso.ade.simulationMonitor] - Started Simulation {"hostname": "edatools", "processid": 359775, "history": "MonteCarlo.2", "testname": "TRAN_CMRR_MC", "cornername": "Nominal", "point": 13, "logfile": "/home/saul/projects/IL2244_VT26_SAUL/logs_saul/logs0/Job66.log", "event": "started", "task": "simulation"}
[2026-04-10 09:37:45.020 Z] [INFO] [cadence.virtuoso.ade.simulationMonitor] - Notice from spectre during circuit read-in.
    Pre_Configuration file used: /opt/tools/cadence/installs/SPECTRE241/tools.lnx86/spectre/etc/configs/preset.precfg
    Configuration file used: `/opt/tools/cadence/installs/SPECTRE241/tools.lnx86/spectre/etc/configs/preset.cfg'. {"history": "MonteCarlo.2", "point": 13, "testname": "TRAN_CMRR_MC", "cornername": "Nominal"}
[2026-04-10 09:37:45.020 Z] [WARN] [cadence.virtuoso.ade.simulationMonitor] -     WARNING (SPECTRE-8360): line 1511: `ac' is an undefined primitive device. {"history": "MonteCarlo.2", "point": 13, "testname": "TRAN_CMRR_MC", "cornername": "Nominal"}
[2026-04-10 09:37:45.021 Z] [WARN] [cadence.virtuoso.ade.simulationMonitor] -     WARNING (SPECTRE-8360): line 1512: `ac' is an undefined primitive device. {"history": "MonteCarlo.2", "point": 13, "testname": "TRAN_CMRR_MC", "cornername": "Nominal"}
[2026-04-10 09:37:45.021 Z] [WARN] [cadence.virtuoso.ade.simulationMonitor] -     WARNING (SPECTRE-8360): line 1513: `ac' is an undefined primitive device. {"history": "MonteCarlo.2", "point": 13, "testname": "TRAN_CMRR_MC", "cornername": "Nominal"}
[2026-04-10 09:37:45.021 Z] [WARN] [cadence.virtuoso.ade.simulationMonitor] -     WARNING (SPECTRE-8360): line 1514: `ac' is an undefined primitive device. {"history": "MonteCarlo.2", "point": 13, "testname": "TRAN_CMRR_MC", "cornername": "Nominal"}
[2026-04-10 09:37:45.021 Z] [WARN] [cadence.virtuoso.ade.simulationMonitor] -     WARNING (SPECTRE-8360): line 1515: `ac' is an undefined primitive device.
        Further occurrences of this warning will be suppressed. {"history": "MonteCarlo.2", "point": 13, "testname": "TRAN_CMRR_MC", "cornername": "Nominal"}
[2026-04-10 09:37:45.021 Z] [INFO] [cadence.virtuoso.ade.simulationMonitor] - Peak resident memory used = 173 Mbytes. {"history": "MonteCarlo.2", "point": 13, "testname": "TRAN_CMRR_MC", "cornername": "Nominal"}
[2026-04-10 09:37:45.021 Z] [WARN] [cadence.virtuoso.ade.simulationMonitor] -     WARNING (VACOMP-2435): The environment variable CDS_AHDLCMI_ENABLE is no longer supported. Therefore, the simulator will use the default compiled C code flow. {"history": "MonteCarlo.2", "point": 13, "testname": "TRAN_CMRR_MC", "cornername": "Nominal"}
[2026-04-10 09:37:45.021 Z] [WARN] [cadence.virtuoso.ade.simulationMonitor] -     WARNING (SFE-3031): The floating capacitor I19.I11.C7<0>_turbo_m3.C1 is removed. {"history": "MonteCarlo.2", "point": 13, "testname": "TRAN_CMRR_MC", "cornername": "Nominal"}
[2026-04-10 09:37:45.021 Z] [WARN] [cadence.virtuoso.ade.simulationMonitor] -     WARNING (SFE-3031): The floating capacitor I19.I11.C10<0>_turbo_m12.C1 is removed. {"history": "MonteCarlo.2", "point": 13, "testname": "TRAN_CMRR_MC", "cornername": "Nominal"}
[2026-04-10 09:37:45.021 Z] [WARN] [cadence.virtuoso.ade.simulationMonitor] -     WARNING (SFE-3031): The floating capacitor I19.I12.C7<0>_turbo_m3.C1 is removed. {"history": "MonteCarlo.2", "point": 13, "testname": "TRAN_CMRR_MC", "cornername": "Nominal"}
[2026-04-10 09:37:45.021 Z] [WARN] [cadence.virtuoso.ade.simulationMonitor] -     WARNING (SFE-3031): The floating capacitor I19.I8.C6<0>_turbo_m3.C1 is removed. {"history": "MonteCarlo.2", "point": 13, "testname": "TRAN_CMRR_MC", "cornername": "Nominal"}
[2026-04-10 09:37:45.021 Z] [WARN] [cadence.virtuoso.ade.simulationMonitor] -     WARNING (SFE-3031): The floating capacitor I19.I14.C2.C1 is removed.
        Further occurrences of this warning will be suppressed. {"history": "MonteCarlo.2", "point": 13, "testname": "TRAN_CMRR_MC", "cornername": "Nominal"}
[2026-04-10 09:37:45.021 Z] [INFO] [cadence.virtuoso.ade.simulationMonitor] - Peak resident memory used = 190 Mbytes. {"history": "MonteCarlo.2", "point": 13, "testname": "TRAN_CMRR_MC", "cornername": "Nominal"}
[2026-04-10 09:37:45.021 Z] [INFO] [cadence.virtuoso.ade.simulationMonitor] - Notice from spectre during hierarchy flattening.
    The value 'psf' specified for the 'checklimitdest' option will no longer be supported in future releases. Use 'spectre -h' to see other recommended values for the 'checklimitdest' option.
    I19.I0.R10.CS0 of rpolyhc: `c' has the unusually small value of 0 F.
    I19.I0.R10.CS1 of rpolyhc: `c' has the unusually small value of 0 F.
    I19.I0.R9.CS0 of rpolyhc: `c' has the unusually small value of 0 F.
    I19.I0.R9.CS1 of rpolyhc: `c' has the unusually ... {"history": "MonteCarlo.2", "point": 13, "testname": "TRAN_CMRR_MC", "cornername": "Nominal"}
[2026-04-10 09:37:45.021 Z] [INFO] [cadence.virtuoso.ade.simulationMonitor] - Peak resident memory used = 194 Mbytes. {"history": "MonteCarlo.2", "point": 13, "testname": "TRAN_CMRR_MC", "cornername": "Nominal"}
[2026-04-10 09:37:45.021 Z] [WARN] [cadence.virtuoso.ade.simulationMonitor] -     WARNING (CMI-2425): I19.I14.C1: `Acde' = 2.393 is unusually large. {"history": "MonteCarlo.2", "point": 13, "testname": "TRAN_CMRR_MC", "cornername": "Nominal"}
[2026-04-10 09:37:45.021 Z] [WARN] [cadence.virtuoso.ade.simulationMonitor] -     WARNING (CMI-2425): I19.I14.C1: `Noff' = 4.732 is unusually large. {"history": "MonteCarlo.2", "point": 13, "testname": "TRAN_CMRR_MC", "cornername": "Nominal"}
[2026-04-10 09:37:45.022 Z] [WARN] [cadence.virtuoso.ade.simulationMonitor] -     WARNING (CMI-2424): I19.I14.C1: `Voffcv' = -867.4e-03 is unusually small. {"history": "MonteCarlo.2", "point": 13, "testname": "TRAN_CMRR_MC", "cornername": "Nominal"}
[2026-04-10 09:37:45.022 Z] [WARN] [cadence.virtuoso.ade.simulationMonitor] -     WARNING (CMI-2425): I19.I0.I5.C1: `Acde' = 2.393 is unusually large. {"history": "MonteCarlo.2", "point": 13, "testname": "TRAN_CMRR_MC", "cornername": "Nominal"}
[2026-04-10 09:37:45.022 Z] [WARN] [cadence.virtuoso.ade.simulationMonitor] -     WARNING (CMI-2425): I19.I0.I5.C1: `Noff' = 4.732 is unusually large. {"history": "MonteCarlo.2", "point": 13, "testname": "TRAN_CMRR_MC", "cornername": "Nominal"}
[2026-04-10 09:37:45.022 Z] [WARN] [cadence.virtuoso.ade.simulationMonitor] -     WARNING (CMI-2424): I19.I0.I5.C1: `Voffcv' = -867.4e-03 is unusually small. {"history": "MonteCarlo.2", "point": 13, "testname": "TRAN_CMRR_MC", "cornername": "Nominal"}
[2026-04-10 09:37:45.022 Z] [WARN] [cadence.virtuoso.ade.simulationMonitor] -     WARNING (CMI-2425): I19.I0.I3.C1: `Acde' = 2.393 is unusually large.
        Further occurrences of this warning will be suppressed. {"history": "MonteCarlo.2", "point": 13, "testname": "TRAN_CMRR_MC", "cornername": "Nominal"}
[2026-04-10 09:37:45.022 Z] [WARN] [cadence.virtuoso.ade.simulationMonitor] -     WARNING (CMI-2424): I19.I0.I3.C1: `Voffcv' = -867.4e-03 is unusually small. {"history": "MonteCarlo.2", "point": 13, "testname": "TRAN_CMRR_MC", "cornername": "Nominal"}
[2026-04-10 09:37:45.022 Z] [WARN] [cadence.virtuoso.ade.simulationMonitor] -     WARNING (CMI-2424): I19.I0.C0: `Voffcv' = -867.4e-03 is unusually small. {"history": "MonteCarlo.2", "point": 13, "testname": "TRAN_CMRR_MC", "cornername": "Nominal"}
[2026-04-10 09:37:45.022 Z] [WARN] [cadence.virtuoso.ade.simulationMonitor] -     WARNING (SPECTRE-17607): Assert `SOAC_rpolyh_vminuspsub' is ignored because it contains an expression which is invalid or not supported by native evaluator.  {"history": "MonteCarlo.2", "point": 13, "testname": "TRAN_CMRR_MC", "cornername": "Nominal"}
[2026-04-10 09:37:45.022 Z] [WARN] [cadence.virtuoso.ade.simulationMonitor] -     WARNING (SPECTRE-17607): Assert `SOAC_rpolyh_vpluspsub' is ignored because it contains an expression which is invalid or not supported by native evaluator.  {"history": "MonteCarlo.2", "point": 13, "testname": "TRAN_CMRR_MC", "cornername": "Nominal"}
[2026-04-10 09:37:45.022 Z] [WARN] [cadence.virtuoso.ade.simulationMonitor] -     WARNING (SPECTRE-16460): SOAC_cvarm_vspsub:Specified subcircuit master `cvarm' was not found. {"history": "MonteCarlo.2", "point": 13, "testname": "TRAN_CMRR_MC", "cornername": "Nominal"}
[2026-04-10 09:37:45.022 Z] [WARN] [cadence.virtuoso.ade.simulationMonitor] -     WARNING (SPECTRE-16462): SOAC_cvarm_vspsub:Error in specification of subcircuit master. Assert is ignored. {"history": "MonteCarlo.2", "point": 13, "testname": "TRAN_CMRR_MC", "cornername": "Nominal"}
[2026-04-10 09:37:45.022 Z] [WARN] [cadence.virtuoso.ade.simulationMonitor] -     WARNING (SPECTRE-16460): SOAC_cvarm_vbs:Specified subcircuit master `cvarm' was not found. {"history": "MonteCarlo.2", "point": 13, "testname": "TRAN_CMRR_MC", "cornername": "Nominal"}
[2026-04-10 09:37:45.022 Z] [WARN] [cadence.virtuoso.ade.simulationMonitor] -     WARNING (SPECTRE-16462): SOAC_cvarm_vbs:Error in specification of subcircuit master. Assert is ignored. {"history": "MonteCarlo.2", "point": 13, "testname": "TRAN_CMRR_MC", "cornername": "Nominal"}
[2026-04-10 09:37:45.022 Z] [WARN] [cadence.virtuoso.ade.simulationMonitor] -     WARNING (SPECTRE-16460): SOAC_cvarm_vgb:Specified subcircuit master `cvarm' was not found. {"history": "MonteCarlo.2", "point": 13, "testname": "TRAN_CMRR_MC", "cornername": "Nominal"}
[2026-04-10 09:37:45.022 Z] [WARN] [cadence.virtuoso.ade.simulationMonitor] -     WARNING (SPECTRE-16462): SOAC_cvarm_vgb:Error in specification of subcircuit master. Assert is ignored. {"history": "MonteCarlo.2", "point": 13, "testname": "TRAN_CMRR_MC", "cornername": "Nominal"}
[2026-04-10 09:37:45.023 Z] [WARN] [cadence.virtuoso.ade.simulationMonitor] -     WARNING (SPECTRE-16460): SOAC_cvart_vspsub:Specified subcircuit master `cvart' was not found. {"history": "MonteCarlo.2", "point": 13, "testname": "TRAN_CMRR_MC", "cornername": "Nominal"}
[2026-04-10 09:37:45.023 Z] [WARN] [cadence.virtuoso.ade.simulationMonitor] -     WARNING (SPECTRE-16462): SOAC_cvart_vspsub:Error in specification of subcircuit master. Assert is ignored. {"history": "MonteCarlo.2", "point": 13, "testname": "TRAN_CMRR_MC", "cornername": "Nominal"}
[2026-04-10 09:37:45.023 Z] [WARN] [cadence.virtuoso.ade.simulationMonitor] -     WARNING (SPECTRE-16460): SOAC_cvart_vbs:Specified subcircuit master `cvart' was not found.
        Further occurrences of this warning will be suppressed. {"history": "MonteCarlo.2", "point": 13, "testname": "TRAN_CMRR_MC", "cornername": "Nominal"}
[2026-04-10 09:37:45.023 Z] [WARN] [cadence.virtuoso.ade.simulationMonitor] -     WARNING (SPECTRE-16462): SOAC_cvart_vbs:Error in specification of subcircuit master. Assert is ignored.
        Further occurrences of this warning will be suppressed. {"history": "MonteCarlo.2", "point": 13, "testname": "TRAN_CMRR_MC", "cornername": "Nominal"}
[2026-04-10 09:37:45.023 Z] [WARN] [cadence.virtuoso.ade.simulationMonitor] -     WARNING (SPECTRE-17607): Assert `SOAC_cvar_vspsub' is ignored because it contains an expression which is invalid or not supported by native evaluator.  {"history": "MonteCarlo.2", "point": 13, "testname": "TRAN_CMRR_MC", "cornername": "Nominal"}
[2026-04-10 09:37:45.023 Z] [WARN] [cadence.virtuoso.ade.simulationMonitor] -     WARNING (SPECTRE-17607): Assert `SOAC_cvar_vbpsub' is ignored because it contains an expression which is invalid or not supported by native evaluator.  {"history": "MonteCarlo.2", "point": 13, "testname": "TRAN_CMRR_MC", "cornername": "Nominal"}
[2026-04-10 09:37:45.023 Z] [WARN] [cadence.virtuoso.ade.simulationMonitor] -     WARNING (SPECTRE-17607): Assert `SOAC_cvar_vgpsub' is ignored because it contains an expression which is invalid or not supported by native evaluator. 
        Further occurrences of this warning will be suppressed. {"history": "MonteCarlo.2", "point": 13, "testname": "TRAN_CMRR_MC", "cornername": "Nominal"}
[2026-04-10 09:37:45.523 Z] [INFO] [cadence.virtuoso.ade.simulationMonitor] - Notice from spectre during topology check.
    No DC path from node `VA' to ground, Gmin installed to provide path. {"history": "MonteCarlo.2", "point": 13, "testname": "TRAN_CMRR_MC", "cornername": "Nominal"}
[2026-04-10 09:37:45.523 Z] [INFO] [cadence.virtuoso.ade.simulationMonitor] - Notice from spectre during initial setup.
    Multithreading is disabled due to the size of the design being too small. {"history": "MonteCarlo.2", "point": 13, "testname": "TRAN_CMRR_MC", "cornername": "Nominal"}
[2026-04-10 09:37:45.524 Z] [WARN] [cadence.virtuoso.ade.simulationMonitor] -     WARNING (SPECTRE-592): Following parameters are disabled because they are ignored or redefined in Spectre X:
        
        
        PSS Parameters:
          errpreset {"history": "MonteCarlo.2", "point": 13, "testname": "TRAN_CMRR_MC", "cornername": "Nominal"}
[2026-04-10 09:37:45.524 Z] [INFO] [cadence.virtuoso.ade.simulationMonitor] -               nodes 208 {"history": "MonteCarlo.2", "point": 13, "testname": "TRAN_CMRR_MC", "cornername": "Nominal"}
[2026-04-10 09:37:45.524 Z] [INFO] [cadence.virtuoso.ade.simulationMonitor] - Notice from spectre during initial setup.
    1 resistors are shorted because their absolute value is less than or equal to 'rabsshort'.
    1 vsources are shorted because their absolute value is less than or equal to 'vabsshort'.
    Spectre X preset=mx enabled. {"history": "MonteCarlo.2", "point": 13, "testname": "TRAN_CMRR_MC", "cornername": "Nominal"}
[2026-04-10 09:37:45.524 Z] [WARN] [cadence.virtuoso.ade.simulationMonitor] -     WARNING (CMI-2424): I19.I14.C1: `Voffcv' = -867.4e-03 is unusually small.
        Further occurrences of this warning will be suppressed. {"history": "MonteCarlo.2", "point": 13, "testname": "TRAN_CMRR_MC", "cornername": "Nominal"}
[2026-04-10 09:37:45.524 Z] [INFO] [cadence.virtuoso.ade.simulationMonitor] - Notice from spectre.
    7 notices suppressed.
    99 warnings suppressed. {"history": "MonteCarlo.2", "point": 13, "testname": "TRAN_CMRR_MC", "cornername": "Nominal"}
[2026-04-10 09:37:45.524 Z] [INFO] [cadence.virtuoso.ade.simulationMonitor] - Peak resident memory used = 202 Mbytes. {"history": "MonteCarlo.2", "point": 13, "testname": "TRAN_CMRR_MC", "cornername": "Nominal"}
[2026-04-10 09:37:45.524 Z] [INFO] [cadence.virtuoso.ade.simulationMonitor] -    -   (Spectre X) Multi-threading. The recommended number of threads is 1, consider adding +mt=1 on command line. {"history": "MonteCarlo.2", "point": 13, "testname": "TRAN_CMRR_MC", "cornername": "Nominal"}
[2026-04-10 09:37:45.524 Z] [INFO] [cadence.virtuoso.ade.simulationMonitor] - Notice from spectre at iteration = 13 in `rpolyhc':`I19.I0.R10', in `fecg_cmfb2':`I19.I0', in `fecg_front_end':`I19', during Monte Carlo analysis `mc1'.
    I19.I0.R10.CS0 of rpolyhc: `c' has the unusually small value of 0 F.
    I19.I0.R10.CS1 of rpolyhc: `c' has the unusually small value of 0 F. {"history": "MonteCarlo.2", "point": 13, "testname": "TRAN_CMRR_MC", "cornername": "Nominal"}
[2026-04-10 09:37:45.524 Z] [INFO] [cadence.virtuoso.ade.simulationMonitor] - Notice from spectre at iteration = 13 in `rpolyhc':`I19.I0.R9', in `fecg_cmfb2':`I19.I0', in `fecg_front_end':`I19', during Monte Carlo analysis `mc1'.
    I19.I0.R9.CS0 of rpolyhc: `c' has the unusually small value of 0 F.
    I19.I0.R9.CS1 of rpolyhc: `c' has the unusually small value of 0 F. {"history": "MonteCarlo.2", "point": 13, "testname": "TRAN_CMRR_MC", "cornername": "Nominal"}
[2026-04-10 09:37:45.524 Z] [INFO] [cadence.virtuoso.ade.simulationMonitor] - Notice from spectre at iteration = 13 in `rpolyhc':`I19.I0.R7', in `fecg_cmfb2':`I19.I0', in `fecg_front_end':`I19', during Monte Carlo analysis `mc1'.
    I19.I0.R7.CS0 of rpolyhc: `c' has the unusually small value of 0 F.
        Further occurrences of this notice will be suppressed. {"history": "MonteCarlo.2", "point": 13, "testname": "TRAN_CMRR_MC", "cornername": "Nominal"}
[2026-04-10 09:37:45.525 Z] [WARN] [cadence.virtuoso.ade.simulationMonitor] -     WARNING (CMI-2425): I19.I0.I5.C1: `Acde' = 2.393 is unusually large. {"history": "MonteCarlo.2", "point": 13, "testname": "TRAN_CMRR_MC", "cornername": "Nominal"}
[2026-04-10 09:37:45.525 Z] [WARN] [cadence.virtuoso.ade.simulationMonitor] -     WARNING (CMI-2425): I19.I0.I5.C1: `Noff' = 4.732 is unusually large. {"history": "MonteCarlo.2", "point": 13, "testname": "TRAN_CMRR_MC", "cornername": "Nominal"}
[2026-04-10 09:37:45.525 Z] [WARN] [cadence.virtuoso.ade.simulationMonitor] -     WARNING (CMI-2424): I19.I0.I5.C1: `Voffcv' = -867.4e-03 is unusually small. {"history": "MonteCarlo.2", "point": 13, "testname": "TRAN_CMRR_MC", "cornername": "Nominal"}
[2026-04-10 09:37:45.525 Z] [WARN] [cadence.virtuoso.ade.simulationMonitor] -     WARNING (CMI-2425): I19.I0.C0: `Acde' = 2.393 is unusually large. {"history": "MonteCarlo.2", "point": 13, "testname": "TRAN_CMRR_MC", "cornername": "Nominal"}
[2026-04-10 09:37:45.525 Z] [WARN] [cadence.virtuoso.ade.simulationMonitor] -     WARNING (CMI-2425): I19.I0.C0: `Noff' = 4.732 is unusually large. {"history": "MonteCarlo.2", "point": 13, "testname": "TRAN_CMRR_MC", "cornername": "Nominal"}
[2026-04-10 09:37:45.525 Z] [WARN] [cadence.virtuoso.ade.simulationMonitor] -     WARNING (CMI-2424): I19.I0.C0: `Voffcv' = -867.4e-03 is unusually small. {"history": "MonteCarlo.2", "point": 13, "testname": "TRAN_CMRR_MC", "cornername": "Nominal"}
[2026-04-10 09:37:45.525 Z] [WARN] [cadence.virtuoso.ade.simulationMonitor] -     WARNING (CMI-2425): I19.I0.I3.C1: `Acde' = 2.393 is unusually large.
        Further occurrences of this warning will be suppressed. {"history": "MonteCarlo.2", "point": 13, "testname": "TRAN_CMRR_MC", "cornername": "Nominal"}
[2026-04-10 09:37:45.525 Z] [WARN] [cadence.virtuoso.ade.simulationMonitor] -     WARNING (CMI-2424): I19.I0.I3.C1: `Voffcv' = -867.4e-03 is unusually small. {"history": "MonteCarlo.2", "point": 13, "testname": "TRAN_CMRR_MC", "cornername": "Nominal"}
[2026-04-10 09:37:45.525 Z] [WARN] [cadence.virtuoso.ade.simulationMonitor] -     WARNING (CMI-2424): I19.I14.C1: `Voffcv' = -867.4e-03 is unusually small. {"history": "MonteCarlo.2", "point": 13, "testname": "TRAN_CMRR_MC", "cornername": "Nominal"}
[2026-04-10 09:37:45.525 Z] [INFO] [cadence.virtuoso.ade.simulationMonitor] - Notice from spectre at iteration = 13 during DC analysis `dcOp', during Monte Carlo analysis `mc1'.
    No checklimit analysis defined for asserts. A default checklimit analysis 'SpectreChecklimitAnal' has been created with all asserts enabled. {"history": "MonteCarlo.2", "point": 13, "testname": "TRAN_CMRR_MC", "cornername": "Nominal"}
[2026-04-10 09:37:45.525 Z] [INFO] [cadence.virtuoso.ade.simulationMonitor] - Notice from spectre at iteration = 13 during DC analysis `dcOp', during Monte Carlo analysis `mc1'.
    GminDC = 1 pS is large enough to noticeably affect the DC solution.
        dV(I19.I0.I5.C1.d1) = 2.67644 mV
        Use the `gmin_check' option to eliminate or expand this report.
    Bad pivoting is found during DC analysis. Option dc_pivot_check=yes is recommended for possible improvement of convergence. {"history": "MonteCarlo.2", "point": 13, "testname": "TRAN_CMRR_MC", "cornername": "Nominal"}
[2026-04-10 09:37:45.525 Z] [WARN] [cadence.virtuoso.ade.simulationMonitor] -     WARNING (CMI-2943): Parameter checks have been ignored because the valid value for parameter 'trise' could not be found in 'C5'. {"history": "MonteCarlo.2", "point": 13, "testname": "TRAN_CMRR_MC", "cornername": "Nominal"}
[2026-04-10 09:37:45.526 Z] [WARN] [cadence.virtuoso.ade.simulationMonitor] -     WARNING (CMI-2943): Parameter checks have been ignored because the valid value for parameter 'trise' could not be found in 'C6'. {"history": "MonteCarlo.2", "point": 13, "testname": "TRAN_CMRR_MC", "cornername": "Nominal"}
[2026-04-10 09:37:45.526 Z] [WARN] [cadence.virtuoso.ade.simulationMonitor] -     WARNING (CMI-2943): Parameter checks have been ignored because the valid value for parameter 'trise' could not be found in 'C0'. {"history": "MonteCarlo.2", "point": 13, "testname": "TRAN_CMRR_MC", "cornername": "Nominal"}
[2026-04-10 09:37:45.526 Z] [WARN] [cadence.virtuoso.ade.simulationMonitor] -     WARNING (CMI-2943): Parameter checks have been ignored because the valid value for parameter 'trise' could not be found in 'C9'. {"history": "MonteCarlo.2", "point": 13, "testname": "TRAN_CMRR_MC", "cornername": "Nominal"}
[2026-04-10 09:37:45.526 Z] [WARN] [cadence.virtuoso.ade.simulationMonitor] -     WARNING (CMI-2943): Parameter checks have been ignored because the valid value for parameter 'trise' could not be found in 'C3'.
        Further occurrences of this warning will be suppressed. {"history": "MonteCarlo.2", "point": 13, "testname": "TRAN_CMRR_MC", "cornername": "Nominal"}
[2026-04-10 09:37:45.526 Z] [INFO] [cadence.virtuoso.ade.simulationMonitor] - Total time required for dc analysis `dcOp': CPU = 46.953 ms, elapsed = 57.935 ms, util. = 81%. {"history": "MonteCarlo.2", "point": 13, "testname": "TRAN_CMRR_MC", "cornername": "Nominal"}
[2026-04-10 09:37:45.526 Z] [INFO] [cadence.virtuoso.ade.simulationMonitor] - Peak resident memory used = 214 Mbytes. {"history": "MonteCarlo.2", "point": 13, "testname": "TRAN_CMRR_MC", "cornername": "Nominal"}
[2026-04-10 09:37:45.526 Z] [INFO] [cadence.virtuoso.ade.simulationMonitor] - Notice from spectre at iteration = 13 during Monte Carlo analysis `mc1'.
    1 notice suppressed.
    115 warnings suppressed. {"history": "MonteCarlo.2", "point": 13, "testname": "TRAN_CMRR_MC", "cornername": "Nominal"}
[2026-04-10 09:37:45.526 Z] [INFO] [cadence.virtuoso.ade.simulationMonitor] - Notice from spectre at iteration = 13 during IC analysis, during periodic steady state analysis `pss', during Monte Carlo analysis `mc1'.
    GminDC = 1 pS is large enough to noticeably affect the DC solution.
        dV(I19.I0.I5.C1.d1) = 2.67644 mV
        Use the `gmin_check' option to eliminate or expand this report.
    Bad pivoting is found during DC analysis. Option dc_pivot_check=yes is recommended for possible improvement of convergence. {"history": "MonteCarlo.2", "point": 13, "testname": "TRAN_CMRR_MC", "cornername": "Nominal"}
[2026-04-10 09:37:45.526 Z] [WARN] [cadence.virtuoso.ade.simulationMonitor] -     WARNING (CMI-2943): Parameter checks have been ignored because the valid value for parameter 'trise' could not be found in 'C5'. {"history": "MonteCarlo.2", "point": 13, "testname": "TRAN_CMRR_MC", "cornername": "Nominal"}
[2026-04-10 09:37:45.526 Z] [WARN] [cadence.virtuoso.ade.simulationMonitor] -     WARNING (CMI-2943): Parameter checks have been ignored because the valid value for parameter 'trise' could not be found in 'C6'. {"history": "MonteCarlo.2", "point": 13, "testname": "TRAN_CMRR_MC", "cornername": "Nominal"}
[2026-04-10 09:37:45.526 Z] [WARN] [cadence.virtuoso.ade.simulationMonitor] -     WARNING (CMI-2943): Parameter checks have been ignored because the valid value for parameter 'trise' could not be found in 'C0'. {"history": "MonteCarlo.2", "point": 13, "testname": "TRAN_CMRR_MC", "cornername": "Nominal"}
[2026-04-10 09:37:45.526 Z] [WARN] [cadence.virtuoso.ade.simulationMonitor] -     WARNING (CMI-2943): Parameter checks have been ignored because the valid value for parameter 'trise' could not be found in 'C9'. {"history": "MonteCarlo.2", "point": 13, "testname": "TRAN_CMRR_MC", "cornername": "Nominal"}
[2026-04-10 09:37:45.526 Z] [WARN] [cadence.virtuoso.ade.simulationMonitor] -     WARNING (CMI-2943): Parameter checks have been ignored because the valid value for parameter 'trise' could not be found in 'C3'.
        Further occurrences of this warning will be suppressed. {"history": "MonteCarlo.2", "point": 13, "testname": "TRAN_CMRR_MC", "cornername": "Nominal"}
[2026-04-10 09:37:45.527 Z] [INFO] [cadence.virtuoso.ade.simulationMonitor] - Notice from spectre at time = 76.8554 us during periodic steady state analysis `pss', during Monte Carlo analysis `mc1'.
    Found trapezoidal ringing on node V1:p. {"history": "MonteCarlo.2", "point": 13, "testname": "TRAN_CMRR_MC", "cornername": "Nominal"}
[2026-04-10 09:37:45.527 Z] [INFO] [cadence.virtuoso.ade.simulationMonitor] - Notice from spectre at time = 98.0911 us during periodic steady state analysis `pss', during Monte Carlo analysis `mc1'.
    Found trapezoidal ringing on node V1:p. {"history": "MonteCarlo.2", "point": 13, "testname": "TRAN_CMRR_MC", "cornername": "Nominal"}
[2026-04-10 09:37:45.527 Z] [INFO] [cadence.virtuoso.ade.simulationMonitor] - Notice from spectre at time = 177.239 us during periodic steady state analysis `pss', during Monte Carlo analysis `mc1'.
    Found trapezoidal ringing on node V1:p. {"history": "MonteCarlo.2", "point": 13, "testname": "TRAN_CMRR_MC", "cornername": "Nominal"}
[2026-04-10 09:37:45.527 Z] [INFO] [cadence.virtuoso.ade.simulationMonitor] - Notice from spectre at time = 179.139 us during periodic steady state analysis `pss', during Monte Carlo analysis `mc1'.
    Found trapezoidal ringing on node I19.I2.A. {"history": "MonteCarlo.2", "point": 13, "testname": "TRAN_CMRR_MC", "cornername": "Nominal"}
[2026-04-10 09:37:45.527 Z] [INFO] [cadence.virtuoso.ade.simulationMonitor] - Notice from spectre at time = 213.493 us during periodic steady state analysis `pss', during Monte Carlo analysis `mc1'.
    Found trapezoidal ringing on node V1:p.
        Further occurrences of this notice will be suppressed. {"history": "MonteCarlo.2", "point": 13, "testname": "TRAN_CMRR_MC", "cornername": "Nominal"}
[2026-04-10 09:37:52.532 Z] [INFO] [cadence.virtuoso.ade.simulationMonitor] - Total time required for tstab analysis `pss': CPU = 4.61832 s, elapsed = 6.85581 s. {"history": "MonteCarlo.2", "point": 13, "testname": "TRAN_CMRR_MC", "cornername": "Nominal"}
[2026-04-10 09:37:52.532 Z] [INFO] [cadence.virtuoso.ade.simulationMonitor] - Peak resident memory used = 218 Mbytes. {"history": "MonteCarlo.2", "point": 13, "testname": "TRAN_CMRR_MC", "cornername": "Nominal"}
[2026-04-10 09:37:52.533 Z] [INFO] [cadence.virtuoso.ade.simulationMonitor] - Notice from spectre during periodic steady state analysis `pss', during Monte Carlo analysis `mc1'.
    112 warnings suppressed. {"history": "MonteCarlo.2", "point": 13, "testname": "TRAN_CMRR_MC", "cornername": "Nominal"}
[2026-04-10 09:37:59.036 Z] [INFO] [cadence.virtuoso.ade.simulationMonitor] - Notice from spectre during periodic steady state analysis `pss', during Monte Carlo analysis `mc1'.
    Trapezoidal ringing is detected during pss analysis.
        Please use method=trap for better results and performance. {"history": "MonteCarlo.2", "point": 13, "testname": "TRAN_CMRR_MC", "cornername": "Nominal"}
[2026-04-10 09:37:59.036 Z] [INFO] [cadence.virtuoso.ade.simulationMonitor] - Total time required for pss analysis `pss': CPU = 11.348 s, elapsed = 13.6444 s, util. = 83.2%. {"history": "MonteCarlo.2", "point": 13, "testname": "TRAN_CMRR_MC", "cornername": "Nominal"}
[2026-04-10 09:37:59.036 Z] [INFO] [cadence.virtuoso.ade.simulationMonitor] - Peak resident memory used = 334 Mbytes. {"history": "MonteCarlo.2", "point": 13, "testname": "TRAN_CMRR_MC", "cornername": "Nominal"}
[2026-04-10 09:37:59.036 Z] [INFO] [cadence.virtuoso.ade.simulationMonitor] - Notice from spectre during periodic steady state analysis `pss', during Monte Carlo analysis `mc1'.
    1458 notices suppressed. {"history": "MonteCarlo.2", "point": 13, "testname": "TRAN_CMRR_MC", "cornername": "Nominal"}
[2026-04-10 09:37:59.036 Z] [PROCESS] [cadence.virtuoso.ade.simulationMonitor] - Finished simulating for one iteration {"hostname": "edatools", "processid": 359775, "history": "MonteCarlo.2", "testname": "TRAN_CMRR_MC", "cornername": "Nominal", "point": 13, "logfile": "/home/saul/projects/IL2244_VT26_SAUL/logs_saul/logs0/Job66.log", "simid": "1"}
[2026-04-10 09:37:59.036 Z] [PROCESS] [cadence.virtuoso.ade.simulationMonitor] - Started Simulation {"hostname": "edatools", "processid": 359775, "history": "MonteCarlo.2", "testname": "TRAN_CMRR_MC", "cornername": "Nominal", "point": 14, "logfile": "/home/saul/projects/IL2244_VT26_SAUL/logs_saul/logs0/Job66.log", "event": "started", "task": "simulation"}
[2026-04-10 09:37:59.536 Z] [INFO] [cadence.virtuoso.ade.simulationMonitor] - Notice from spectre in `rpolyhc':`I19.I0.R10', in `fecg_cmfb2':`I19.I0', in `fecg_front_end':`I19', during Monte Carlo analysis `mc1'.
    I19.I0.R10.CS0 of rpolyhc: `c' has the unusually small value of 0 F.
    I19.I0.R10.CS1 of rpolyhc: `c' has the unusually small value of 0 F. {"history": "MonteCarlo.2", "point": 14, "testname": "TRAN_CMRR_MC", "cornername": "Nominal"}
[2026-04-10 09:37:59.537 Z] [INFO] [cadence.virtuoso.ade.simulationMonitor] - Notice from spectre in `rpolyhc':`I19.I0.R9', in `fecg_cmfb2':`I19.I0', in `fecg_front_end':`I19', during Monte Carlo analysis `mc1'.
    I19.I0.R9.CS0 of rpolyhc: `c' has the unusually small value of 0 F.
    I19.I0.R9.CS1 of rpolyhc: `c' has the unusually small value of 0 F. {"history": "MonteCarlo.2", "point": 14, "testname": "TRAN_CMRR_MC", "cornername": "Nominal"}
[2026-04-10 09:37:59.537 Z] [INFO] [cadence.virtuoso.ade.simulationMonitor] - Notice from spectre in `rpolyhc':`I19.I0.R7', in `fecg_cmfb2':`I19.I0', in `fecg_front_end':`I19', during Monte Carlo analysis `mc1'.
    I19.I0.R7.CS0 of rpolyhc: `c' has the unusually small value of 0 F.
        Further occurrences of this notice will be suppressed. {"history": "MonteCarlo.2", "point": 14, "testname": "TRAN_CMRR_MC", "cornername": "Nominal"}
[2026-04-10 09:37:59.537 Z] [WARN] [cadence.virtuoso.ade.simulationMonitor] -     WARNING (CMI-2425): I19.I14.C1: `Acde' = 2.393 is unusually large. {"history": "MonteCarlo.2", "point": 14, "testname": "TRAN_CMRR_MC", "cornername": "Nominal"}
[2026-04-10 09:37:59.537 Z] [WARN] [cadence.virtuoso.ade.simulationMonitor] -     WARNING (CMI-2425): I19.I14.C1: `Noff' = 4.732 is unusually large. {"history": "MonteCarlo.2", "point": 14, "testname": "TRAN_CMRR_MC", "cornername": "Nominal"}
[2026-04-10 09:37:59.537 Z] [WARN] [cadence.virtuoso.ade.simulationMonitor] -     WARNING (CMI-2424): I19.I14.C1: `Voffcv' = -867.4e-03 is unusually small. {"history": "MonteCarlo.2", "point": 14, "testname": "TRAN_CMRR_MC", "cornername": "Nominal"}
[2026-04-10 09:37:59.537 Z] [WARN] [cadence.virtuoso.ade.simulationMonitor] -     WARNING (CMI-2425): I19.I0.I5.C1: `Acde' = 2.393 is unusually large. {"history": "MonteCarlo.2", "point": 14, "testname": "TRAN_CMRR_MC", "cornername": "Nominal"}
[2026-04-10 09:37:59.537 Z] [WARN] [cadence.virtuoso.ade.simulationMonitor] -     WARNING (CMI-2425): I19.I0.I5.C1: `Noff' = 4.732 is unusually large. {"history": "MonteCarlo.2", "point": 14, "testname": "TRAN_CMRR_MC", "cornername": "Nominal"}
[2026-04-10 09:37:59.537 Z] [WARN] [cadence.virtuoso.ade.simulationMonitor] -     WARNING (CMI-2424): I19.I0.I5.C1: `Voffcv' = -867.4e-03 is unusually small. {"history": "MonteCarlo.2", "point": 14, "testname": "TRAN_CMRR_MC", "cornername": "Nominal"}
[2026-04-10 09:37:59.537 Z] [WARN] [cadence.virtuoso.ade.simulationMonitor] -     WARNING (CMI-2425): I19.I0.I3.C1: `Acde' = 2.393 is unusually large.
        Further occurrences of this warning will be suppressed. {"history": "MonteCarlo.2", "point": 14, "testname": "TRAN_CMRR_MC", "cornername": "Nominal"}
[2026-04-10 09:37:59.537 Z] [WARN] [cadence.virtuoso.ade.simulationMonitor] -     WARNING (CMI-2424): I19.I0.I3.C1: `Voffcv' = -867.4e-03 is unusually small. {"history": "MonteCarlo.2", "point": 14, "testname": "TRAN_CMRR_MC", "cornername": "Nominal"}
[2026-04-10 09:37:59.537 Z] [WARN] [cadence.virtuoso.ade.simulationMonitor] -     WARNING (CMI-2424): I19.I0.C0: `Voffcv' = -867.4e-03 is unusually small. {"history": "MonteCarlo.2", "point": 14, "testname": "TRAN_CMRR_MC", "cornername": "Nominal"}
[2026-04-10 09:37:59.537 Z] [INFO] [cadence.virtuoso.ade.simulationMonitor] - Notice from spectre during DC analysis `dcOp', during Monte Carlo analysis `mc1'.
    GminDC = 1 pS is large enough to noticeably affect the DC solution.
        dV(I19.I14.C1.s1) = 2.61937 mV
        Use the `gmin_check' option to eliminate or expand this report.
    Bad pivoting is found during DC analysis. Option dc_pivot_check=yes is recommended for possible improvement of convergence. {"history": "MonteCarlo.2", "point": 14, "testname": "TRAN_CMRR_MC", "cornername": "Nominal"}
[2026-04-10 09:37:59.537 Z] [WARN] [cadence.virtuoso.ade.simulationMonitor] -     WARNING (CMI-2943): Parameter checks have been ignored because the valid value for parameter 'trise' could not be found in 'C5'. {"history": "MonteCarlo.2", "point": 14, "testname": "TRAN_CMRR_MC", "cornername": "Nominal"}
[2026-04-10 09:37:59.537 Z] [WARN] [cadence.virtuoso.ade.simulationMonitor] -     WARNING (CMI-2943): Parameter checks have been ignored because the valid value for parameter 'trise' could not be found in 'C6'. {"history": "MonteCarlo.2", "point": 14, "testname": "TRAN_CMRR_MC", "cornername": "Nominal"}
[2026-04-10 09:37:59.538 Z] [WARN] [cadence.virtuoso.ade.simulationMonitor] -     WARNING (CMI-2943): Parameter checks have been ignored because the valid value for parameter 'trise' could not be found in 'C0'. {"history": "MonteCarlo.2", "point": 14, "testname": "TRAN_CMRR_MC", "cornername": "Nominal"}
[2026-04-10 09:37:59.538 Z] [WARN] [cadence.virtuoso.ade.simulationMonitor] -     WARNING (CMI-2943): Parameter checks have been ignored because the valid value for parameter 'trise' could not be found in 'C9'. {"history": "MonteCarlo.2", "point": 14, "testname": "TRAN_CMRR_MC", "cornername": "Nominal"}
[2026-04-10 09:37:59.538 Z] [WARN] [cadence.virtuoso.ade.simulationMonitor] -     WARNING (CMI-2943): Parameter checks have been ignored because the valid value for parameter 'trise' could not be found in 'C3'.
        Further occurrences of this warning will be suppressed. {"history": "MonteCarlo.2", "point": 14, "testname": "TRAN_CMRR_MC", "cornername": "Nominal"}
[2026-04-10 09:37:59.538 Z] [INFO] [cadence.virtuoso.ade.simulationMonitor] - Total time required for dc analysis `dcOp': CPU = 20.002 ms, elapsed = 34.8201 ms, util. = 57.4%. {"history": "MonteCarlo.2", "point": 14, "testname": "TRAN_CMRR_MC", "cornername": "Nominal"}
[2026-04-10 09:37:59.538 Z] [INFO] [cadence.virtuoso.ade.simulationMonitor] - Peak resident memory used = 334 Mbytes. {"history": "MonteCarlo.2", "point": 14, "testname": "TRAN_CMRR_MC", "cornername": "Nominal"}
[2026-04-10 09:37:59.538 Z] [INFO] [cadence.virtuoso.ade.simulationMonitor] - Notice from spectre during Monte Carlo analysis `mc1'.
    1 notice suppressed.
    115 warnings suppressed. {"history": "MonteCarlo.2", "point": 14, "testname": "TRAN_CMRR_MC", "cornername": "Nominal"}
[2026-04-10 09:37:59.538 Z] [INFO] [cadence.virtuoso.ade.simulationMonitor] - Notice from spectre during IC analysis, during periodic steady state analysis `pss', during Monte Carlo analysis `mc1'.
    GminDC = 1 pS is large enough to noticeably affect the DC solution.
        dV(I19.I14.C1.s1) = 2.61937 mV
        Use the `gmin_check' option to eliminate or expand this report.
    Bad pivoting is found during DC analysis. Option dc_pivot_check=yes is recommended for possible improvement of convergence. {"history": "MonteCarlo.2", "point": 14, "testname": "TRAN_CMRR_MC", "cornername": "Nominal"}
[2026-04-10 09:37:59.538 Z] [WARN] [cadence.virtuoso.ade.simulationMonitor] -     WARNING (CMI-2943): Parameter checks have been ignored because the valid value for parameter 'trise' could not be found in 'C5'. {"history": "MonteCarlo.2", "point": 14, "testname": "TRAN_CMRR_MC", "cornername": "Nominal"}
[2026-04-10 09:37:59.538 Z] [WARN] [cadence.virtuoso.ade.simulationMonitor] -     WARNING (CMI-2943): Parameter checks have been ignored because the valid value for parameter 'trise' could not be found in 'C6'. {"history": "MonteCarlo.2", "point": 14, "testname": "TRAN_CMRR_MC", "cornername": "Nominal"}
[2026-04-10 09:37:59.538 Z] [WARN] [cadence.virtuoso.ade.simulationMonitor] -     WARNING (CMI-2943): Parameter checks have been ignored because the valid value for parameter 'trise' could not be found in 'C0'. {"history": "MonteCarlo.2", "point": 14, "testname": "TRAN_CMRR_MC", "cornername": "Nominal"}
[2026-04-10 09:37:59.538 Z] [WARN] [cadence.virtuoso.ade.simulationMonitor] -     WARNING (CMI-2943): Parameter checks have been ignored because the valid value for parameter 'trise' could not be found in 'C9'. {"history": "MonteCarlo.2", "point": 14, "testname": "TRAN_CMRR_MC", "cornername": "Nominal"}
[2026-04-10 09:37:59.538 Z] [WARN] [cadence.virtuoso.ade.simulationMonitor] -     WARNING (CMI-2943): Parameter checks have been ignored because the valid value for parameter 'trise' could not be found in 'C3'.
        Further occurrences of this warning will be suppressed. {"history": "MonteCarlo.2", "point": 14, "testname": "TRAN_CMRR_MC", "cornername": "Nominal"}
[2026-04-10 09:37:59.538 Z] [INFO] [cadence.virtuoso.ade.simulationMonitor] - Notice from spectre at time = 69.1018 us during periodic steady state analysis `pss', during Monte Carlo analysis `mc1'.
    Found trapezoidal ringing on node V1:p. {"history": "MonteCarlo.2", "point": 14, "testname": "TRAN_CMRR_MC", "cornername": "Nominal"}
[2026-04-10 09:37:59.538 Z] [INFO] [cadence.virtuoso.ade.simulationMonitor] - Notice from spectre at time = 99.3849 us during periodic steady state analysis `pss', during Monte Carlo analysis `mc1'.
    Found trapezoidal ringing on node V1:p. {"history": "MonteCarlo.2", "point": 14, "testname": "TRAN_CMRR_MC", "cornername": "Nominal"}
[2026-04-10 09:37:59.538 Z] [INFO] [cadence.virtuoso.ade.simulationMonitor] - Notice from spectre at time = 125.001 us during periodic steady state analysis `pss', during Monte Carlo analysis `mc1'.
    Found trapezoidal ringing on node V1:p. {"history": "MonteCarlo.2", "point": 14, "testname": "TRAN_CMRR_MC", "cornername": "Nominal"}
[2026-04-10 09:37:59.539 Z] [INFO] [cadence.virtuoso.ade.simulationMonitor] - Notice from spectre at time = 106.858 us during periodic steady state analysis `pss', during Monte Carlo analysis `mc1'.
    Found trapezoidal ringing on node I19.I2.net7. {"history": "MonteCarlo.2", "point": 14, "testname": "TRAN_CMRR_MC", "cornername": "Nominal"}
[2026-04-10 09:37:59.539 Z] [INFO] [cadence.virtuoso.ade.simulationMonitor] - Notice from spectre at time = 182.619 us during periodic steady state analysis `pss', during Monte Carlo analysis `mc1'.
    Found trapezoidal ringing on node V2:p.
        Further occurrences of this notice will be suppressed. {"history": "MonteCarlo.2", "point": 14, "testname": "TRAN_CMRR_MC", "cornername": "Nominal"}
[2026-04-10 09:38:01.039 Z] [INFO] [cadence.virtuoso.ade.simulationMonitor] - Total time required for tstab analysis `pss': CPU = 1.69233 s, elapsed = 1.69829 s. {"history": "MonteCarlo.2", "point": 14, "testname": "TRAN_CMRR_MC", "cornername": "Nominal"}
[2026-04-10 09:38:01.039 Z] [INFO] [cadence.virtuoso.ade.simulationMonitor] - Peak resident memory used = 334 Mbytes. {"history": "MonteCarlo.2", "point": 14, "testname": "TRAN_CMRR_MC", "cornername": "Nominal"}
[2026-04-10 09:38:01.040 Z] [INFO] [cadence.virtuoso.ade.simulationMonitor] - Notice from spectre during periodic steady state analysis `pss', during Monte Carlo analysis `mc1'.
    112 warnings suppressed. {"history": "MonteCarlo.2", "point": 14, "testname": "TRAN_CMRR_MC", "cornername": "Nominal"}
[2026-04-10 09:38:10.043 Z] [INFO] [cadence.virtuoso.ade.simulationMonitor] - Notice from spectre during periodic steady state analysis `pss', during Monte Carlo analysis `mc1'.
    Trapezoidal ringing is detected during pss analysis.
        Please use method=trap for better results and performance. {"history": "MonteCarlo.2", "point": 14, "testname": "TRAN_CMRR_MC", "cornername": "Nominal"}
[2026-04-10 09:38:10.044 Z] [INFO] [cadence.virtuoso.ade.simulationMonitor] - Total time required for pss analysis `pss': CPU = 10.6774 s, elapsed = 10.7371 s, util. = 99.4%. {"history": "MonteCarlo.2", "point": 14, "testname": "TRAN_CMRR_MC", "cornername": "Nominal"}
[2026-04-10 09:38:10.044 Z] [INFO] [cadence.virtuoso.ade.simulationMonitor] - Peak resident memory used = 341 Mbytes. {"history": "MonteCarlo.2", "point": 14, "testname": "TRAN_CMRR_MC", "cornername": "Nominal"}
[2026-04-10 09:38:10.044 Z] [INFO] [cadence.virtuoso.ade.simulationMonitor] - Notice from spectre during periodic steady state analysis `pss', during Monte Carlo analysis `mc1'.
    1228 notices suppressed. {"history": "MonteCarlo.2", "point": 14, "testname": "TRAN_CMRR_MC", "cornername": "Nominal"}
[2026-04-10 09:38:10.044 Z] [INFO] [cadence.virtuoso.ade.simulationMonitor] - Notice from spectre in `rpolyhc':`I19.I0.R10', in `fecg_cmfb2':`I19.I0', in `fecg_front_end':`I19', during Monte Carlo analysis `mc1'.
    I19.I0.R10.CS0 of rpolyhc: `c' has the unusually small value of 0 F.
    I19.I0.R10.CS1 of rpolyhc: `c' has the unusually small value of 0 F. {"history": "MonteCarlo.2", "point": 14, "testname": "TRAN_CMRR_MC", "cornername": "Nominal"}
[2026-04-10 09:38:10.044 Z] [INFO] [cadence.virtuoso.ade.simulationMonitor] - Notice from spectre in `rpolyhc':`I19.I0.R9', in `fecg_cmfb2':`I19.I0', in `fecg_front_end':`I19', during Monte Carlo analysis `mc1'.
    I19.I0.R9.CS0 of rpolyhc: `c' has the unusually small value of 0 F.
    I19.I0.R9.CS1 of rpolyhc: `c' has the unusually small value of 0 F. {"history": "MonteCarlo.2", "point": 14, "testname": "TRAN_CMRR_MC", "cornername": "Nominal"}
[2026-04-10 09:38:10.044 Z] [INFO] [cadence.virtuoso.ade.simulationMonitor] - Notice from spectre in `rpolyhc':`I19.I0.R7', in `fecg_cmfb2':`I19.I0', in `fecg_front_end':`I19', during Monte Carlo analysis `mc1'.
    I19.I0.R7.CS0 of rpolyhc: `c' has the unusually small value of 0 F.
        Further occurrences of this notice will be suppressed. {"history": "MonteCarlo.2", "point": 14, "testname": "TRAN_CMRR_MC", "cornername": "Nominal"}
[2026-04-10 09:38:10.044 Z] [WARN] [cadence.virtuoso.ade.simulationMonitor] -     WARNING (CMI-2425): I19.I14.C1: `Acde' = 2.393 is unusually large. {"history": "MonteCarlo.2", "point": 14, "testname": "TRAN_CMRR_MC", "cornername": "Nominal"}
[2026-04-10 09:38:10.045 Z] [WARN] [cadence.virtuoso.ade.simulationMonitor] -     WARNING (CMI-2425): I19.I14.C1: `Noff' = 4.732 is unusually large. {"history": "MonteCarlo.2", "point": 14, "testname": "TRAN_CMRR_MC", "cornername": "Nominal"}
[2026-04-10 09:38:10.045 Z] [WARN] [cadence.virtuoso.ade.simulationMonitor] -     WARNING (CMI-2424): I19.I14.C1: `Voffcv' = -867.4e-03 is unusually small. {"history": "MonteCarlo.2", "point": 14, "testname": "TRAN_CMRR_MC", "cornername": "Nominal"}
[2026-04-10 09:38:10.045 Z] [WARN] [cadence.virtuoso.ade.simulationMonitor] -     WARNING (CMI-2425): I19.I0.I5.C1: `Acde' = 2.393 is unusually large. {"history": "MonteCarlo.2", "point": 14, "testname": "TRAN_CMRR_MC", "cornername": "Nominal"}
[2026-04-10 09:38:10.045 Z] [WARN] [cadence.virtuoso.ade.simulationMonitor] -     WARNING (CMI-2425): I19.I0.I5.C1: `Noff' = 4.732 is unusually large. {"history": "MonteCarlo.2", "point": 14, "testname": "TRAN_CMRR_MC", "cornername": "Nominal"}
[2026-04-10 09:38:10.045 Z] [WARN] [cadence.virtuoso.ade.simulationMonitor] -     WARNING (CMI-2424): I19.I0.I5.C1: `Voffcv' = -867.4e-03 is unusually small. {"history": "MonteCarlo.2", "point": 14, "testname": "TRAN_CMRR_MC", "cornername": "Nominal"}
[2026-04-10 09:38:10.045 Z] [WARN] [cadence.virtuoso.ade.simulationMonitor] -     WARNING (CMI-2425): I19.I0.I3.C1: `Acde' = 2.393 is unusually large.
        Further occurrences of this warning will be suppressed. {"history": "MonteCarlo.2", "point": 14, "testname": "TRAN_CMRR_MC", "cornername": "Nominal"}
[2026-04-10 09:38:10.045 Z] [WARN] [cadence.virtuoso.ade.simulationMonitor] -     WARNING (CMI-2424): I19.I0.I3.C1: `Voffcv' = -867.4e-03 is unusually small. {"history": "MonteCarlo.2", "point": 14, "testname": "TRAN_CMRR_MC", "cornername": "Nominal"}
[2026-04-10 09:38:10.045 Z] [WARN] [cadence.virtuoso.ade.simulationMonitor] -     WARNING (CMI-2424): I19.I0.C0: `Voffcv' = -867.4e-03 is unusually small. {"history": "MonteCarlo.2", "point": 14, "testname": "TRAN_CMRR_MC", "cornername": "Nominal"}
[2026-04-10 09:38:10.045 Z] [INFO] [cadence.virtuoso.ade.simulationMonitor] - Notice from spectre during DC analysis `dcOp', during Monte Carlo analysis `mc1'.
    GminDC = 1 pS is large enough to noticeably affect the DC solution.
        dV(I19.I0.I5.C1.s1) = 2.51782 mV
        Use the `gmin_check' option to eliminate or expand this report.
    Bad pivoting is found during DC analysis. Option dc_pivot_check=yes is recommended for possible improvement of convergence. {"history": "MonteCarlo.2", "point": 14, "testname": "TRAN_CMRR_MC", "cornername": "Nominal"}
[2026-04-10 09:38:10.045 Z] [WARN] [cadence.virtuoso.ade.simulationMonitor] -     WARNING (CMI-2943): Parameter checks have been ignored because the valid value for parameter 'trise' could not be found in 'C5'. {"history": "MonteCarlo.2", "point": 14, "testname": "TRAN_CMRR_MC", "cornername": "Nominal"}
[2026-04-10 09:38:10.045 Z] [WARN] [cadence.virtuoso.ade.simulationMonitor] -     WARNING (CMI-2943): Parameter checks have been ignored because the valid value for parameter 'trise' could not be found in 'C6'. {"history": "MonteCarlo.2", "point": 14, "testname": "TRAN_CMRR_MC", "cornername": "Nominal"}
[2026-04-10 09:38:10.045 Z] [WARN] [cadence.virtuoso.ade.simulationMonitor] -     WARNING (CMI-2943): Parameter checks have been ignored because the valid value for parameter 'trise' could not be found in 'C0'. {"history": "MonteCarlo.2", "point": 14, "testname": "TRAN_CMRR_MC", "cornername": "Nominal"}
[2026-04-10 09:38:10.045 Z] [WARN] [cadence.virtuoso.ade.simulationMonitor] -     WARNING (CMI-2943): Parameter checks have been ignored because the valid value for parameter 'trise' could not be found in 'C9'. {"history": "MonteCarlo.2", "point": 14, "testname": "TRAN_CMRR_MC", "cornername": "Nominal"}
[2026-04-10 09:38:10.045 Z] [WARN] [cadence.virtuoso.ade.simulationMonitor] -     WARNING (CMI-2943): Parameter checks have been ignored because the valid value for parameter 'trise' could not be found in 'C3'.
        Further occurrences of this warning will be suppressed. {"history": "MonteCarlo.2", "point": 14, "testname": "TRAN_CMRR_MC", "cornername": "Nominal"}
[2026-04-10 09:38:10.045 Z] [INFO] [cadence.virtuoso.ade.simulationMonitor] - Total time required for dc analysis `dcOp': CPU = 12.233 ms, elapsed = 17.9191 ms, util. = 68.3%. {"history": "MonteCarlo.2", "point": 14, "testname": "TRAN_CMRR_MC", "cornername": "Nominal"}
[2026-04-10 09:38:10.045 Z] [INFO] [cadence.virtuoso.ade.simulationMonitor] - Peak resident memory used = 341 Mbytes. {"history": "MonteCarlo.2", "point": 14, "testname": "TRAN_CMRR_MC", "cornername": "Nominal"}
[2026-04-10 09:38:10.045 Z] [INFO] [cadence.virtuoso.ade.simulationMonitor] - Notice from spectre during Monte Carlo analysis `mc1'.
    1 notice suppressed.
    115 warnings suppressed. {"history": "MonteCarlo.2", "point": 14, "testname": "TRAN_CMRR_MC", "cornername": "Nominal"}
[2026-04-10 09:38:10.046 Z] [PROCESS] [cadence.virtuoso.ade.simulationMonitor] - Finished simulating for one iteration {"hostname": "edatools", "processid": 359775, "history": "MonteCarlo.2", "testname": "TRAN_CMRR_MC", "cornername": "Nominal", "point": 14, "logfile": "/home/saul/projects/IL2244_VT26_SAUL/logs_saul/logs0/Job66.log", "simid": "1"}
[2026-04-10 09:38:10.046 Z] [PROCESS] [cadence.virtuoso.ade.simulationMonitor] - Started Simulation {"hostname": "edatools", "processid": 359775, "history": "MonteCarlo.2", "testname": "TRAN_CMRR_MC", "cornername": "Nominal", "point": 15, "logfile": "/home/saul/projects/IL2244_VT26_SAUL/logs_saul/logs0/Job66.log", "event": "started", "task": "simulation"}
[2026-04-10 09:38:10.546 Z] [INFO] [cadence.virtuoso.ade.simulationMonitor] - Notice from spectre during IC analysis, during periodic steady state analysis `pss', during Monte Carlo analysis `mc1'.
    GminDC = 1 pS is large enough to noticeably affect the DC solution.
        dV(I19.I0.I5.C1.d1) = 2.51782 mV
        Use the `gmin_check' option to eliminate or expand this report.
    Bad pivoting is found during DC analysis. Option dc_pivot_check=yes is recommended for possible improvement of convergence. {"history": "MonteCarlo.2", "point": 15, "testname": "TRAN_CMRR_MC", "cornername": "Nominal"}
[2026-04-10 09:38:10.546 Z] [WARN] [cadence.virtuoso.ade.simulationMonitor] -     WARNING (CMI-2943): Parameter checks have been ignored because the valid value for parameter 'trise' could not be found in 'C5'. {"history": "MonteCarlo.2", "point": 15, "testname": "TRAN_CMRR_MC", "cornername": "Nominal"}
[2026-04-10 09:38:10.546 Z] [WARN] [cadence.virtuoso.ade.simulationMonitor] -     WARNING (CMI-2943): Parameter checks have been ignored because the valid value for parameter 'trise' could not be found in 'C6'. {"history": "MonteCarlo.2", "point": 15, "testname": "TRAN_CMRR_MC", "cornername": "Nominal"}
[2026-04-10 09:38:10.546 Z] [WARN] [cadence.virtuoso.ade.simulationMonitor] -     WARNING (CMI-2943): Parameter checks have been ignored because the valid value for parameter 'trise' could not be found in 'C0'. {"history": "MonteCarlo.2", "point": 15, "testname": "TRAN_CMRR_MC", "cornername": "Nominal"}
[2026-04-10 09:38:10.546 Z] [WARN] [cadence.virtuoso.ade.simulationMonitor] -     WARNING (CMI-2943): Parameter checks have been ignored because the valid value for parameter 'trise' could not be found in 'C9'. {"history": "MonteCarlo.2", "point": 15, "testname": "TRAN_CMRR_MC", "cornername": "Nominal"}
[2026-04-10 09:38:10.546 Z] [WARN] [cadence.virtuoso.ade.simulationMonitor] -     WARNING (CMI-2943): Parameter checks have been ignored because the valid value for parameter 'trise' could not be found in 'C3'.
        Further occurrences of this warning will be suppressed. {"history": "MonteCarlo.2", "point": 15, "testname": "TRAN_CMRR_MC", "cornername": "Nominal"}
[2026-04-10 09:38:10.546 Z] [INFO] [cadence.virtuoso.ade.simulationMonitor] - Notice from spectre at time = 59.9041 us during periodic steady state analysis `pss', during Monte Carlo analysis `mc1'.
    Found trapezoidal ringing on node V1:p. {"history": "MonteCarlo.2", "point": 15, "testname": "TRAN_CMRR_MC", "cornername": "Nominal"}
[2026-04-10 09:38:10.547 Z] [INFO] [cadence.virtuoso.ade.simulationMonitor] - Notice from spectre at time = 82.6528 us during periodic steady state analysis `pss', during Monte Carlo analysis `mc1'.
    Found trapezoidal ringing on node V1:p. {"history": "MonteCarlo.2", "point": 15, "testname": "TRAN_CMRR_MC", "cornername": "Nominal"}
[2026-04-10 09:38:10.547 Z] [INFO] [cadence.virtuoso.ade.simulationMonitor] - Notice from spectre at time = 125.001 us during periodic steady state analysis `pss', during Monte Carlo analysis `mc1'.
    Found trapezoidal ringing on node I19.I2.net19. {"history": "MonteCarlo.2", "point": 15, "testname": "TRAN_CMRR_MC", "cornername": "Nominal"}
[2026-04-10 09:38:10.547 Z] [INFO] [cadence.virtuoso.ade.simulationMonitor] - Notice from spectre at time = 176.466 us during periodic steady state analysis `pss', during Monte Carlo analysis `mc1'.
    Found trapezoidal ringing on node I19.I2.net3. {"history": "MonteCarlo.2", "point": 15, "testname": "TRAN_CMRR_MC", "cornername": "Nominal"}
[2026-04-10 09:38:10.547 Z] [INFO] [cadence.virtuoso.ade.simulationMonitor] - Notice from spectre at time = 206.863 us during periodic steady state analysis `pss', during Monte Carlo analysis `mc1'.
    Found trapezoidal ringing on node V1:p.
        Further occurrences of this notice will be suppressed. {"history": "MonteCarlo.2", "point": 15, "testname": "TRAN_CMRR_MC", "cornername": "Nominal"}
[2026-04-10 09:38:12.047 Z] [INFO] [cadence.virtuoso.ade.simulationMonitor] - Total time required for tstab analysis `pss': CPU = 1.69487 s, elapsed = 1.69543 s. {"history": "MonteCarlo.2", "point": 15, "testname": "TRAN_CMRR_MC", "cornername": "Nominal"}
[2026-04-10 09:38:12.048 Z] [INFO] [cadence.virtuoso.ade.simulationMonitor] - Peak resident memory used = 341 Mbytes. {"history": "MonteCarlo.2", "point": 15, "testname": "TRAN_CMRR_MC", "cornername": "Nominal"}
[2026-04-10 09:38:12.048 Z] [INFO] [cadence.virtuoso.ade.simulationMonitor] - Notice from spectre during periodic steady state analysis `pss', during Monte Carlo analysis `mc1'.
    112 warnings suppressed. {"history": "MonteCarlo.2", "point": 15, "testname": "TRAN_CMRR_MC", "cornername": "Nominal"}
[2026-04-10 09:38:21.052 Z] [INFO] [cadence.virtuoso.ade.simulationMonitor] - Notice from spectre during periodic steady state analysis `pss', during Monte Carlo analysis `mc1'.
    Trapezoidal ringing is detected during pss analysis.
        Please use method=trap for better results and performance. {"history": "MonteCarlo.2", "point": 15, "testname": "TRAN_CMRR_MC", "cornername": "Nominal"}
[2026-04-10 09:38:21.052 Z] [INFO] [cadence.virtuoso.ade.simulationMonitor] - Total time required for pss analysis `pss': CPU = 10.6671 s, elapsed = 10.688 s, util. = 99.8%. {"history": "MonteCarlo.2", "point": 15, "testname": "TRAN_CMRR_MC", "cornername": "Nominal"}
[2026-04-10 09:38:21.052 Z] [INFO] [cadence.virtuoso.ade.simulationMonitor] - Peak resident memory used = 341 Mbytes. {"history": "MonteCarlo.2", "point": 15, "testname": "TRAN_CMRR_MC", "cornername": "Nominal"}
[2026-04-10 09:38:21.052 Z] [INFO] [cadence.virtuoso.ade.simulationMonitor] - Notice from spectre during periodic steady state analysis `pss', during Monte Carlo analysis `mc1'.
    1195 notices suppressed. {"history": "MonteCarlo.2", "point": 15, "testname": "TRAN_CMRR_MC", "cornername": "Nominal"}
[2026-04-10 09:38:21.052 Z] [INFO] [cadence.virtuoso.ade.simulationMonitor] - Notice from spectre in `rpolyhc':`I19.I0.R10', in `fecg_cmfb2':`I19.I0', in `fecg_front_end':`I19', during Monte Carlo analysis `mc1'.
    I19.I0.R10.CS0 of rpolyhc: `c' has the unusually small value of 0 F.
    I19.I0.R10.CS1 of rpolyhc: `c' has the unusually small value of 0 F. {"history": "MonteCarlo.2", "point": 15, "testname": "TRAN_CMRR_MC", "cornername": "Nominal"}
[2026-04-10 09:38:21.052 Z] [INFO] [cadence.virtuoso.ade.simulationMonitor] - Notice from spectre in `rpolyhc':`I19.I0.R9', in `fecg_cmfb2':`I19.I0', in `fecg_front_end':`I19', during Monte Carlo analysis `mc1'.
    I19.I0.R9.CS0 of rpolyhc: `c' has the unusually small value of 0 F.
    I19.I0.R9.CS1 of rpolyhc: `c' has the unusually small value of 0 F. {"history": "MonteCarlo.2", "point": 15, "testname": "TRAN_CMRR_MC", "cornername": "Nominal"}
[2026-04-10 09:38:21.052 Z] [INFO] [cadence.virtuoso.ade.simulationMonitor] - Notice from spectre in `rpolyhc':`I19.I0.R7', in `fecg_cmfb2':`I19.I0', in `fecg_front_end':`I19', during Monte Carlo analysis `mc1'.
    I19.I0.R7.CS0 of rpolyhc: `c' has the unusually small value of 0 F.
        Further occurrences of this notice will be suppressed. {"history": "MonteCarlo.2", "point": 15, "testname": "TRAN_CMRR_MC", "cornername": "Nominal"}
[2026-04-10 09:38:21.052 Z] [WARN] [cadence.virtuoso.ade.simulationMonitor] -     WARNING (CMI-2425): I19.I14.C1: `Acde' = 2.393 is unusually large. {"history": "MonteCarlo.2", "point": 15, "testname": "TRAN_CMRR_MC", "cornername": "Nominal"}
[2026-04-10 09:38:21.053 Z] [WARN] [cadence.virtuoso.ade.simulationMonitor] -     WARNING (CMI-2425): I19.I14.C1: `Noff' = 4.732 is unusually large. {"history": "MonteCarlo.2", "point": 15, "testname": "TRAN_CMRR_MC", "cornername": "Nominal"}
[2026-04-10 09:38:21.053 Z] [WARN] [cadence.virtuoso.ade.simulationMonitor] -     WARNING (CMI-2424): I19.I14.C1: `Voffcv' = -867.4e-03 is unusually small. {"history": "MonteCarlo.2", "point": 15, "testname": "TRAN_CMRR_MC", "cornername": "Nominal"}
[2026-04-10 09:38:21.053 Z] [WARN] [cadence.virtuoso.ade.simulationMonitor] -     WARNING (CMI-2425): I19.I0.I5.C1: `Acde' = 2.393 is unusually large. {"history": "MonteCarlo.2", "point": 15, "testname": "TRAN_CMRR_MC", "cornername": "Nominal"}
[2026-04-10 09:38:21.053 Z] [WARN] [cadence.virtuoso.ade.simulationMonitor] -     WARNING (CMI-2425): I19.I0.I5.C1: `Noff' = 4.732 is unusually large. {"history": "MonteCarlo.2", "point": 15, "testname": "TRAN_CMRR_MC", "cornername": "Nominal"}
[2026-04-10 09:38:21.053 Z] [WARN] [cadence.virtuoso.ade.simulationMonitor] -     WARNING (CMI-2424): I19.I0.I5.C1: `Voffcv' = -867.4e-03 is unusually small. {"history": "MonteCarlo.2", "point": 15, "testname": "TRAN_CMRR_MC", "cornername": "Nominal"}
[2026-04-10 09:38:21.053 Z] [WARN] [cadence.virtuoso.ade.simulationMonitor] -     WARNING (CMI-2425): I19.I0.I3.C1: `Acde' = 2.393 is unusually large.
        Further occurrences of this warning will be suppressed. {"history": "MonteCarlo.2", "point": 15, "testname": "TRAN_CMRR_MC", "cornername": "Nominal"}
[2026-04-10 09:38:21.053 Z] [WARN] [cadence.virtuoso.ade.simulationMonitor] -     WARNING (CMI-2424): I19.I0.I3.C1: `Voffcv' = -867.4e-03 is unusually small. {"history": "MonteCarlo.2", "point": 15, "testname": "TRAN_CMRR_MC", "cornername": "Nominal"}
[2026-04-10 09:38:21.053 Z] [WARN] [cadence.virtuoso.ade.simulationMonitor] -     WARNING (CMI-2424): I19.I0.C0: `Voffcv' = -867.4e-03 is unusually small. {"history": "MonteCarlo.2", "point": 15, "testname": "TRAN_CMRR_MC", "cornername": "Nominal"}
[2026-04-10 09:38:21.053 Z] [INFO] [cadence.virtuoso.ade.simulationMonitor] - Notice from spectre during DC analysis `dcOp', during Monte Carlo analysis `mc1'.
    GminDC = 1 pS is large enough to noticeably affect the DC solution.
        dV(I19.I14.C1.s1) = 2.50717 mV
        Use the `gmin_check' option to eliminate or expand this report.
    Bad pivoting is found during DC analysis. Option dc_pivot_check=yes is recommended for possible improvement of convergence. {"history": "MonteCarlo.2", "point": 15, "testname": "TRAN_CMRR_MC", "cornername": "Nominal"}
[2026-04-10 09:38:21.053 Z] [WARN] [cadence.virtuoso.ade.simulationMonitor] -     WARNING (CMI-2943): Parameter checks have been ignored because the valid value for parameter 'trise' could not be found in 'C5'. {"history": "MonteCarlo.2", "point": 15, "testname": "TRAN_CMRR_MC", "cornername": "Nominal"}
[2026-04-10 09:38:21.053 Z] [WARN] [cadence.virtuoso.ade.simulationMonitor] -     WARNING (CMI-2943): Parameter checks have been ignored because the valid value for parameter 'trise' could not be found in 'C6'. {"history": "MonteCarlo.2", "point": 15, "testname": "TRAN_CMRR_MC", "cornername": "Nominal"}
[2026-04-10 09:38:21.053 Z] [WARN] [cadence.virtuoso.ade.simulationMonitor] -     WARNING (CMI-2943): Parameter checks have been ignored because the valid value for parameter 'trise' could not be found in 'C0'. {"history": "MonteCarlo.2", "point": 15, "testname": "TRAN_CMRR_MC", "cornername": "Nominal"}
[2026-04-10 09:38:21.053 Z] [WARN] [cadence.virtuoso.ade.simulationMonitor] -     WARNING (CMI-2943): Parameter checks have been ignored because the valid value for parameter 'trise' could not be found in 'C9'. {"history": "MonteCarlo.2", "point": 15, "testname": "TRAN_CMRR_MC", "cornername": "Nominal"}
[2026-04-10 09:38:21.054 Z] [WARN] [cadence.virtuoso.ade.simulationMonitor] -     WARNING (CMI-2943): Parameter checks have been ignored because the valid value for parameter 'trise' could not be found in 'C3'.
        Further occurrences of this warning will be suppressed. {"history": "MonteCarlo.2", "point": 15, "testname": "TRAN_CMRR_MC", "cornername": "Nominal"}
[2026-04-10 09:38:21.054 Z] [INFO] [cadence.virtuoso.ade.simulationMonitor] - Total time required for dc analysis `dcOp': CPU = 11.235 ms, elapsed = 18.656 ms, util. = 60.2%. {"history": "MonteCarlo.2", "point": 15, "testname": "TRAN_CMRR_MC", "cornername": "Nominal"}
[2026-04-10 09:38:21.054 Z] [INFO] [cadence.virtuoso.ade.simulationMonitor] - Peak resident memory used = 341 Mbytes. {"history": "MonteCarlo.2", "point": 15, "testname": "TRAN_CMRR_MC", "cornername": "Nominal"}
[2026-04-10 09:38:21.054 Z] [INFO] [cadence.virtuoso.ade.simulationMonitor] - Notice from spectre during Monte Carlo analysis `mc1'.
    1 notice suppressed.
    115 warnings suppressed. {"history": "MonteCarlo.2", "point": 15, "testname": "TRAN_CMRR_MC", "cornername": "Nominal"}
[2026-04-10 09:38:21.054 Z] [INFO] [cadence.virtuoso.ade.simulationMonitor] - Notice from spectre during IC analysis, during periodic steady state analysis `pss', during Monte Carlo analysis `mc1'.
    GminDC = 1 pS is large enough to noticeably affect the DC solution.
        dV(I19.I14.C1.s1) = 2.50717 mV
        Use the `gmin_check' option to eliminate or expand this report.
    Bad pivoting is found during DC analysis. Option dc_pivot_check=yes is recommended for possible improvement of convergence. {"history": "MonteCarlo.2", "point": 15, "testname": "TRAN_CMRR_MC", "cornername": "Nominal"}
[2026-04-10 09:38:21.054 Z] [WARN] [cadence.virtuoso.ade.simulationMonitor] -     WARNING (CMI-2943): Parameter checks have been ignored because the valid value for parameter 'trise' could not be found in 'C5'. {"history": "MonteCarlo.2", "point": 15, "testname": "TRAN_CMRR_MC", "cornername": "Nominal"}
[2026-04-10 09:38:21.054 Z] [WARN] [cadence.virtuoso.ade.simulationMonitor] -     WARNING (CMI-2943): Parameter checks have been ignored because the valid value for parameter 'trise' could not be found in 'C6'. {"history": "MonteCarlo.2", "point": 15, "testname": "TRAN_CMRR_MC", "cornername": "Nominal"}
[2026-04-10 09:38:21.054 Z] [WARN] [cadence.virtuoso.ade.simulationMonitor] -     WARNING (CMI-2943): Parameter checks have been ignored because the valid value for parameter 'trise' could not be found in 'C0'. {"history": "MonteCarlo.2", "point": 15, "testname": "TRAN_CMRR_MC", "cornername": "Nominal"}
[2026-04-10 09:38:21.054 Z] [WARN] [cadence.virtuoso.ade.simulationMonitor] -     WARNING (CMI-2943): Parameter checks have been ignored because the valid value for parameter 'trise' could not be found in 'C9'. {"history": "MonteCarlo.2", "point": 15, "testname": "TRAN_CMRR_MC", "cornername": "Nominal"}
[2026-04-10 09:38:21.054 Z] [WARN] [cadence.virtuoso.ade.simulationMonitor] -     WARNING (CMI-2943): Parameter checks have been ignored because the valid value for parameter 'trise' could not be found in 'C3'.
        Further occurrences of this warning will be suppressed. {"history": "MonteCarlo.2", "point": 15, "testname": "TRAN_CMRR_MC", "cornername": "Nominal"}
[2026-04-10 09:38:21.054 Z] [INFO] [cadence.virtuoso.ade.simulationMonitor] - Notice from spectre at time = 85.8269 us during periodic steady state analysis `pss', during Monte Carlo analysis `mc1'.
    Found trapezoidal ringing on node V2:p. {"history": "MonteCarlo.2", "point": 15, "testname": "TRAN_CMRR_MC", "cornername": "Nominal"}
[2026-04-10 09:38:21.054 Z] [INFO] [cadence.virtuoso.ade.simulationMonitor] - Notice from spectre at time = 103.152 us during periodic steady state analysis `pss', during Monte Carlo analysis `mc1'.
    Found trapezoidal ringing on node V2:p. {"history": "MonteCarlo.2", "point": 15, "testname": "TRAN_CMRR_MC", "cornername": "Nominal"}
[2026-04-10 09:38:21.055 Z] [INFO] [cadence.virtuoso.ade.simulationMonitor] - Notice from spectre at time = 125.001 us during periodic steady state analysis `pss', during Monte Carlo analysis `mc1'.
    Found trapezoidal ringing on node I19.I2.A. {"history": "MonteCarlo.2", "point": 15, "testname": "TRAN_CMRR_MC", "cornername": "Nominal"}
[2026-04-10 09:38:21.055 Z] [INFO] [cadence.virtuoso.ade.simulationMonitor] - Notice from spectre at time = 174.067 us during periodic steady state analysis `pss', during Monte Carlo analysis `mc1'.
    Found trapezoidal ringing on node I19.I2.A. {"history": "MonteCarlo.2", "point": 15, "testname": "TRAN_CMRR_MC", "cornername": "Nominal"}
[2026-04-10 09:38:21.055 Z] [INFO] [cadence.virtuoso.ade.simulationMonitor] - Notice from spectre at time = 199.535 us during periodic steady state analysis `pss', during Monte Carlo analysis `mc1'.
    Found trapezoidal ringing on node V1:p.
        Further occurrences of this notice will be suppressed. {"history": "MonteCarlo.2", "point": 15, "testname": "TRAN_CMRR_MC", "cornername": "Nominal"}
[2026-04-10 09:38:21.055 Z] [PROCESS] [cadence.virtuoso.ade.simulationMonitor] - Finished simulating for one iteration {"hostname": "edatools", "processid": 359775, "history": "MonteCarlo.2", "testname": "TRAN_CMRR_MC", "cornername": "Nominal", "point": 15, "logfile": "/home/saul/projects/IL2244_VT26_SAUL/logs_saul/logs0/Job66.log", "simid": "1"}
[2026-04-10 09:38:21.055 Z] [PROCESS] [cadence.virtuoso.ade.simulationMonitor] - Started Simulation {"hostname": "edatools", "processid": 359775, "history": "MonteCarlo.2", "testname": "TRAN_CMRR_MC", "cornername": "Nominal", "point": 16, "logfile": "/home/saul/projects/IL2244_VT26_SAUL/logs_saul/logs0/Job66.log", "event": "started", "task": "simulation"}
[2026-04-10 09:38:22.555 Z] [INFO] [cadence.virtuoso.ade.simulationMonitor] - Total time required for tstab analysis `pss': CPU = 1.68561 s, elapsed = 1.72447 s. {"history": "MonteCarlo.2", "point": 16, "testname": "TRAN_CMRR_MC", "cornername": "Nominal"}
[2026-04-10 09:38:22.556 Z] [INFO] [cadence.virtuoso.ade.simulationMonitor] - Peak resident memory used = 341 Mbytes. {"history": "MonteCarlo.2", "point": 16, "testname": "TRAN_CMRR_MC", "cornername": "Nominal"}
[2026-04-10 09:38:22.556 Z] [INFO] [cadence.virtuoso.ade.simulationMonitor] - Notice from spectre during periodic steady state analysis `pss', during Monte Carlo analysis `mc1'.
    112 warnings suppressed. {"history": "MonteCarlo.2", "point": 16, "testname": "TRAN_CMRR_MC", "cornername": "Nominal"}
[2026-04-10 09:38:34.561 Z] [INFO] [cadence.virtuoso.ade.simulationMonitor] - Notice from spectre during periodic steady state analysis `pss', during Monte Carlo analysis `mc1'.
    Trapezoidal ringing is detected during pss analysis.
        Please use method=trap for better results and performance. {"history": "MonteCarlo.2", "point": 16, "testname": "TRAN_CMRR_MC", "cornername": "Nominal"}
[2026-04-10 09:38:34.562 Z] [INFO] [cadence.virtuoso.ade.simulationMonitor] - Total time required for pss analysis `pss': CPU = 13.1824 s, elapsed = 13.2529 s, util. = 99.5%. {"history": "MonteCarlo.2", "point": 16, "testname": "TRAN_CMRR_MC", "cornername": "Nominal"}
[2026-04-10 09:38:34.563 Z] [INFO] [cadence.virtuoso.ade.simulationMonitor] - Peak resident memory used = 352 Mbytes. {"history": "MonteCarlo.2", "point": 16, "testname": "TRAN_CMRR_MC", "cornername": "Nominal"}
[2026-04-10 09:38:34.563 Z] [INFO] [cadence.virtuoso.ade.simulationMonitor] - Notice from spectre during periodic steady state analysis `pss', during Monte Carlo analysis `mc1'.
    569 notices suppressed. {"history": "MonteCarlo.2", "point": 16, "testname": "TRAN_CMRR_MC", "cornername": "Nominal"}
[2026-04-10 09:38:34.563 Z] [INFO] [cadence.virtuoso.ade.simulationMonitor] - Total time required for montecarlo analysis `mc1': CPU = 46.2294 s, elapsed = 49.1462 s, util. = 94.1%. {"history": "MonteCarlo.2", "point": 16, "testname": "TRAN_CMRR_MC", "cornername": "Nominal"}
[2026-04-10 09:38:34.564 Z] [INFO] [cadence.virtuoso.ade.simulationMonitor] - Peak resident memory used = 352 Mbytes. {"history": "MonteCarlo.2", "point": 16, "testname": "TRAN_CMRR_MC", "cornername": "Nominal"}
[2026-04-10 09:38:34.564 Z] [INFO] [cadence.virtuoso.ade.simulationMonitor] - Time used: CPU = 46.5 s, elapsed = 49.6 s, util. = 93.7%. {"history": "MonteCarlo.2", "point": 16, "testname": "TRAN_CMRR_MC", "cornername": "Nominal"}
[2026-04-10 09:38:34.564 Z] [INFO] [cadence.virtuoso.ade.simulationMonitor] - Time spent in licensing: elapsed = 85.3 ms. {"history": "MonteCarlo.2", "point": 16, "testname": "TRAN_CMRR_MC", "cornername": "Nominal"}
[2026-04-10 09:38:34.565 Z] [INFO] [cadence.virtuoso.ade.simulationMonitor] - Peak memory used = 351 Mbytes. {"history": "MonteCarlo.2", "point": 16, "testname": "TRAN_CMRR_MC", "cornername": "Nominal"}
[2026-04-10 09:38:34.565 Z] [PROCESS] [cadence.virtuoso.ade.simulationMonitor] - Simulation started at: 9:37:44 AM, Fri Apr 10, 2026, ended at: 9:38:34 AM, Fri Apr 10, 2026, with elapsed time (wall clock): 49.6 s. {"history": "MonteCarlo.2", "point": 13, "testname": "TRAN_CMRR_MC", "cornername": "Nominal", "Points": "13 14 15 16 "}
[2026-04-10 09:38:34.566 Z] [PROCESS] [cadence.virtuoso.ade.simulationMonitor] - spectre completes with 0 errors, 113 warnings, and 94 notices. {"history": "MonteCarlo.2", "point": 13, "testname": "TRAN_CMRR_MC", "cornername": "Nominal", "Points": "13 14 15 16 "}
[2026-04-10 09:38:34.566 Z] [PROCESS] [cadence.virtuoso.ade.simulationMonitor] - Finished simulating for one iteration {"hostname": "edatools", "processid": 359775, "history": "MonteCarlo.2", "testname": "TRAN_CMRR_MC", "cornername": "Nominal", "point": 16, "logfile": "/home/saul/projects/IL2244_VT26_SAUL/logs_saul/logs0/Job66.log", "simid": "1"}
[2026-04-10 09:38:34.566 Z] [PROCESS] [cadence.virtuoso.ade.simulationMonitor] - Simulator exited {"hostname": "edatools", "processid": 359775, "history": "MonteCarlo.2", "testname": "TRAN_CMRR_MC", "cornername": "Nominal", "point": 16, "logfile": "/home/saul/projects/IL2244_VT26_SAUL/logs_saul/logs0/Job66.log", "exitStatus": "0"}
[2026-04-10 09:38:34.567 Z] [PROCESS] [cadence.virtuoso.ade.simulationMonitor] - Finished Simulation {"hostname": "edatools", "processid": 359775, "history": "MonteCarlo.2", "testname": "TRAN_CMRR_MC", "cornername": "Nominal", "point": 13, "logfile": "/home/saul/projects/IL2244_VT26_SAUL/logs_saul/logs0/Job66.log", "simid": "1"}
[2026-04-10 09:38:35.570 Z] [PROCESS] [cadence.virtuoso.ade.simulationMonitor] - Point Finished {"hostname": "edatools", "processid": 359775, "history": "MonteCarlo.2", "testname": "TRAN_CMRR_MC", "cornername": "Nominal", "point": 13, "logfile": "/home/saul/projects/IL2244_VT26_SAUL/logs_saul/logs0/Job66.log"}
[2026-04-10 09:43:36.603 Z] [PROCESS] [cadence.virtuoso.ade.simulationMonitor] - Current memory used: 52.2578 MBytes, peak memory used: 52.2578 MBytes {"hostname": "edatools", "processid": 359775, "history": "MonteCarlo.2", "testname": "TRAN_CMRR_MC", "cornername": "Nominal", "point": 13, "logfile": "/home/saul/projects/IL2244_VT26_SAUL/logs_saul/logs0/Job66.log"}
[2026-04-10 09:43:36.603 Z] [PROCESS] [cadence.virtuoso.ade.simulationMonitor] - Simulation Monitor process exit. {"hostname": "edatools", "processid": 359775, "history": "MonteCarlo.2", "testname": "TRAN_CMRR_MC", "cornername": "Nominal", "point": 13, "logfile": "/home/saul/projects/IL2244_VT26_SAUL/logs_saul/logs0/Job66.log"}
