*Info*    Exporting services from client ... 

*Info*    Client has finished starting ... 



*Info*    Configuring the session ...

	Library      = FECG
	Cell         = fecg_ia_tb
	View         = schematic
	Simulator    = spectre
	State Path   = $AXL_SETUPDB_DIR/test_states
	State Name   = ECG_IA:ecg_ia_tb:1_none_Interactive.267
	Results DB   = /home/saul/projects/IL2244_VT26_SAUL/FECG/fecg_ia_tb/adexl/results/data/Interactive.267.rdb
	Results Dir  = /home/saul/projects/IL2244_VT26_SAUL/Sim/FECG/fecg_ia_tb/adexl/results/data/Interactive.267/1/ECG_IA:ecg_ia_tb:1
	Results Loc  = /home/saul/projects/IL2244_VT26_SAUL/Sim/FECG/fecg_ia_tb/adexl/results/data
	Project Dir  = /home/saul/projects/IL2244_VT26_SAUL/Sim
	Setup DB loc = /home/saul/projects/IL2244_VT26_SAUL/FECG/fecg_ia_tb/adexl
	File Encoding = 0



*Info*    The auto suspension is disabled.






*Info*    Run start for Point ID (38 1) on testbench [
          ECG_IA:ecg_ia_tb:1 ].

Resetting statistical vars

*Info*    Setting parameter values ...

Setting var FC = "2K"
Setting var VCM_AC = "1"
Setting var VCM_AMP = "0"
Setting var VCM_DC = "1.6"
Setting var VDD = "3.3"
Setting var VIN_AC = "1"
Setting var VIN_AMP = "1m"
Setting var VIN_DC = "0"
Setting var VIN_FREQ = "50"
Setting var temperature = "27"
Setting temp(T) = 27

*Info*    Netlist Directory =
          /home/saul/projects/IL2244_VT26_SAUL/Sim/FECG/fecg_ia_tb/adexl/results/data/Interactive.267/1/ECG_IA:ecg_ia_tb:1/netlist


*Info*    Data Directory    =
          /home/saul/projects/IL2244_VT26_SAUL/Sim/FECG/fecg_ia_tb/adexl/results/data/Interactive.267/1/ECG_IA:ecg_ia_tb:1


*Info*    Creating Netlist for Point ID (38 1)

generate netlist...
function ansCdlCompPrim redefined
function ansCdlCompPrim redefined
Begin Incremental Netlisting Mar 18 10:39:46 2026
WARNING (OSSHNL-226): There are more design variables used in the current netlisting session as
compared to the last session in the current run directory. The netlist(s)
generated in the last netlisting session cannot be reused for incremental
netlisting. Therefore re-netlisting the design.

WARNING (OSSHNL-940): Same Cell name 'chopper' is present in multiple libraries -  ECG_IA and FECG.

WARNING (OSSHNL-941): Failed to open the sameCellNamesInMultipleLibs file '/home/saul/projects/IL2244_VT26_SAUL/Sim/FECG/fecg_ia_tb/adexl/results/data/Interactive.238/1/Noise/netlist/ihnl/sameCellNamesInMultipleLibs', in the append mode.
Ensure that you have the write permission for the mentioned file.

End netlisting Mar 18 10:39:46 2026

Netlisting Statistics:
	Number of components:   61

	Elapsed time:          0.0s
Errors: 0	Warnings: 0
      ...successful.
compose simulator input file...
      ...successful.

*Info*    Running simulation on testbench [ ECG_IA:ecg_ia_tb:1 ] for
          Point ID (38 1).

Delete psf data in /home/saul/projects/IL2244_VT26_SAUL/Sim/FECG/fecg_ia_tb/adexl/results/data/Interactive.267/1/ECG_IA:ecg_ia_tb:1/psf.
compose simulator input file...
      ...successful.
start simulator if needed...
      ...successful.
simulate...
To view the simulator output, right-click on the test name, result 
name, or any value in the "Results" tab of the Outputs section and 
choose "Output Log" menu option.
WARNING (ADE-3080): Fast viewing extensions for PSF XL format (also known as RTSF) will be discontinued  
       and Virtuoso Visualization and Analysis XL will not use RTSF data to plot waveforms from IC6.1.8 ISR7 onward. 
       There will be no performance impact on data visualization due to this change.
INFO (ADE-3067): Errors encountered during simulation. For more information, right-click
        on a test name in the 'Results' tab of the Outputs pane and choose 'Output Log'
        to view the simulation run log.

*Error*   Error ID  = 5011
*Error*   Error Msg = Simulator failed to complete the simulation.

          Error found by spectre during circuit read-in.
Error found
          by spectre during circuit read-in.
ERROR (SFE-874):
          "input.scs" 129: Cannot run the simulation because syntax
          error `Unexpected equals "=". Expected block statement, end
          of file or end 
of line' was encountered at line 129,
          column 55. Correct the syntax error and rerun the
          simulation.










*Info*    Run start for Point ID (38 1) on testbench [
          ECG_IA:ecg_ia_tb:1 ].

Resetting statistical vars

*Info*    Setting parameter values ...

Setting var FC = "2K"
Setting var VCM_AC = "1"
Setting var VCM_AMP = "0"
Setting var VCM_DC = "1.6"
Setting var VDD = "3.3"
Setting var VIN_AC = "1"
Setting var VIN_AMP = "1m"
Setting var VIN_DC = "0"
Setting var VIN_FREQ = "50"
Setting var temperature = "27"
Setting temp(T) = 27

*Info*    Netlist Directory =
          /home/saul/projects/IL2244_VT26_SAUL/Sim/FECG/fecg_ia_tb/adexl/results/data/Interactive.267/1/ECG_IA:ecg_ia_tb:1/netlist


*Info*    Data Directory    =
          /home/saul/projects/IL2244_VT26_SAUL/Sim/FECG/fecg_ia_tb/adexl/results/data/Interactive.267/1/ECG_IA:ecg_ia_tb:1


*Info*    Creating Netlist for Point ID (38 1)

generate netlist...
function ansCdlCompPrim redefined
function ansCdlCompPrim redefined
Begin Incremental Netlisting Mar 18 10:39:47 2026
WARNING (OSSHNL-940): Same Cell name 'chopper' is present in multiple libraries -  ECG_IA and FECG.

WARNING (OSSHNL-941): Failed to open the sameCellNamesInMultipleLibs file '/home/saul/projects/IL2244_VT26_SAUL/Sim/FECG/fecg_ia_tb/adexl/results/data/Interactive.238/1/Noise/netlist/ihnl/sameCellNamesInMultipleLibs', in the append mode.
Ensure that you have the write permission for the mentioned file.

End netlisting Mar 18 10:39:47 2026

	The netlist is up to date.
	Time taken to compare the design with netlist:   0.0s
      ...successful.
compose simulator input file...
      ...successful.

*Info*    Running simulation on testbench [ ECG_IA:ecg_ia_tb:1 ] for
          Point ID (38 1).

Delete psf data in /home/saul/projects/IL2244_VT26_SAUL/Sim/FECG/fecg_ia_tb/adexl/results/data/Interactive.267/1/ECG_IA:ecg_ia_tb:1/psf.
compose simulator input file...
      ...successful.
start simulator if needed...
      ...successful.
simulate...
To view the simulator output, right-click on the test name, result 
name, or any value in the "Results" tab of the Outputs section and 
choose "Output Log" menu option.
WARNING (ADE-3080): Fast viewing extensions for PSF XL format (also known as RTSF) will be discontinued  
       and Virtuoso Visualization and Analysis XL will not use RTSF data to plot waveforms from IC6.1.8 ISR7 onward. 
       There will be no performance impact on data visualization due to this change.
INFO (ADE-3067): Errors encountered during simulation. For more information, right-click
        on a test name in the 'Results' tab of the Outputs pane and choose 'Output Log'
        to view the simulation run log.

*Error*   Error ID  = 5011
*Error*   Error Msg = Simulator failed to complete the simulation.

          Error found by spectre during circuit read-in.
Error found
          by spectre during circuit read-in.
ERROR (SFE-874):
          "input.scs" 129: Cannot run the simulation because syntax
          error `Unexpected equals "=". Expected block statement, end
          of file or end 
of line' was encountered at line 129,
          column 55. Correct the syntax error and rerun the
          simulation.





Simulation design variables differ from those on the cellView,
they have been saved in the file "/tmp/saved-design-variables".
To save future changes, copy variables to cellView before exiting.
