[Simulation Monitor: 64]
[2026-04-10 09:37:44.172 Z] [PROCESS] [cadence.virtuoso.ade.simulationMonitor] - Simulation Monitor has successfully started up. Trying to set up communication channels to other components ... {"hostname": "edatools", "processid": 359607, "logfile": "/home/saul/projects/IL2244_VT26_SAUL/logs_saul/logs0/Job64.log"}
[2026-04-10 09:37:44.172 Z] [PROCESS] [cadence.virtuoso.ade.simulationMonitor] - Communication channels have been successfully set up. Start processing events ... {"hostname": "edatools", "processid": 359607, "logfile": "/home/saul/projects/IL2244_VT26_SAUL/logs_saul/logs0/Job64.log"}
[2026-04-10 09:37:44.172 Z] [PROCESS] [cadence.virtuoso.ade.simulationMonitor] - Considering to start history {"hostname": "edatools", "processid": 359607, "history": "MonteCarlo.2", "logfile": "/home/saul/projects/IL2244_VT26_SAUL/logs_saul/logs0/Job64.log"}
[2026-04-10 09:37:44.173 Z] [PROCESS] [cadence.virtuoso.ade.simulationMonitor] - HostInfo:
Host name (type):	edatools (x86_64)
Operating system:	Linux 6.17.0-20-generic #20~24.04.1-Ubuntu SMP PREEMPT_DYNAMIC Thu Mar 19 01:28:37 UTC 2 {"hostname": "edatools", "processid": 359607, "history": "MonteCarlo.2", "testname": "TRAN_CMRR_MC", "cornername": "Nominal", "point": 5, "logfile": "/home/saul/projects/IL2244_VT26_SAUL/logs_saul/logs0/Job64.log", "nodename": "edatools", "domainname": "(none)", "machine": "x86_64", "sysname": "Linux", "release": "6.17.0-20-generic", "version": "#20~24.04.1-Ubuntu SMP PREEMPT_DYNAMIC Thu Mar 19 01:28:37 UTC 2"}
[2026-04-10 09:37:44.173 Z] [PROCESS] [cadence.virtuoso.ade.simulationMonitor] - UsageInfo:
pid=359607
totalPhysicalMemory=62.544991GB,Used=43.600109GB,totalVirtualMemory=70.544987GB,Used=43.600109GB
Cpu: Cores=16, Load average:0.680000,0.990000,1.100000 {"hostname": "edatools", "processid": 359607, "history": "MonteCarlo.2", "testname": "TRAN_CMRR_MC", "cornername": "Nominal", "point": 5, "logfile": "/home/saul/projects/IL2244_VT26_SAUL/logs_saul/logs0/Job64.log", "pid": "359607", "totalPhysicalMemory": "62.544991", "physicalMemoryUsed": "43.600109", "totalVirtualMemory": "70.544987", "virtualMemoryUsed": "43.600109", "cpuCores": "16", "processes": "2251", "loadAverage1": "0.680000", "loadAverage5": "0.990000", "loadAverage15": "1.100000", "loadAverage1Percent": "0.042500"}
[2026-04-10 09:37:44.174 Z] [EVENT] [cadence.virtuoso.ade.simulationMonitor] - GroupPoints {"history": "MonteCarlo.2", "point": 5, "testname": "TRAN_CMRR_MC", "cornername": "Nominal", "event": "GroupPoints", "EventSource": "Simulation Monitor", "Points": "5:1:8", "HistoryName": "MonteCarlo.2", "logFile": "/home/saul/projects/IL2244_VT26_SAUL/logs_saul/logs0/Job64.log", "logFileSize": "2322"}
[2026-04-10 09:37:44.274 Z] [EVENT] [cadence.virtuoso.ade.simulationMonitor] - GroupPoints {"history": "MonteCarlo.2", "point": 5, "testname": "TRAN_CMRR_MC", "cornername": "Nominal", "event": "GroupPoints", "EventSource": "spectre", "Points": "5:1:8", "HistoryName": "MonteCarlo.2", "logFile": "/home/saul/projects/IL2244_VT26_SAUL/Sim/FECG/fecg_front_end_cmrr_tb/maestro/results/maestro/MonteCarlo.2/5/TRAN_CMRR_MC/groupRunDataDir/psf/spectre.out", "logFileSize": "-1"}
[2026-04-10 09:37:44.278 Z] [PROCESS] [cadence.virtuoso.ade.simulationMonitor] - Simulator launched {"hostname": "edatools", "processid": 359607, "history": "MonteCarlo.2", "testname": "TRAN_CMRR_MC", "cornername": "Nominal", "point": 5, "logfile": "/home/saul/projects/IL2244_VT26_SAUL/logs_saul/logs0/Job64.log", "simid": "1"}
[2026-04-10 09:37:44.279 Z] [PROCESS] [cadence.virtuoso.ade.simulationMonitor] - Expression evaluator launched {"hostname": "edatools", "processid": 359607, "history": "MonteCarlo.2", "testname": "TRAN_CMRR_MC", "cornername": "Nominal", "point": 5, "logfile": "/home/saul/projects/IL2244_VT26_SAUL/logs_saul/logs0/Job64.log"}
[2026-04-10 09:37:44.296 Z] [PROCESS] [cadence.virtuoso.ade.simulationMonitor] - Started Simulation {"hostname": "edatools", "processid": 359607, "history": "MonteCarlo.2", "testname": "TRAN_CMRR_MC", "cornername": "Nominal", "point": 5, "logfile": "/home/saul/projects/IL2244_VT26_SAUL/logs_saul/logs0/Job64.log", "event": "started", "task": "simulation"}
[2026-04-10 09:37:44.797 Z] [INFO] [cadence.virtuoso.ade.simulationMonitor] - Notice from spectre during circuit read-in.
    Pre_Configuration file used: /opt/tools/cadence/installs/SPECTRE241/tools.lnx86/spectre/etc/configs/preset.precfg
    Configuration file used: `/opt/tools/cadence/installs/SPECTRE241/tools.lnx86/spectre/etc/configs/preset.cfg'. {"history": "MonteCarlo.2", "point": 5, "testname": "TRAN_CMRR_MC", "cornername": "Nominal"}
[2026-04-10 09:37:44.797 Z] [WARN] [cadence.virtuoso.ade.simulationMonitor] -     WARNING (SPECTRE-8360): line 1511: `ac' is an undefined primitive device. {"history": "MonteCarlo.2", "point": 5, "testname": "TRAN_CMRR_MC", "cornername": "Nominal"}
[2026-04-10 09:37:44.797 Z] [WARN] [cadence.virtuoso.ade.simulationMonitor] -     WARNING (SPECTRE-8360): line 1512: `ac' is an undefined primitive device. {"history": "MonteCarlo.2", "point": 5, "testname": "TRAN_CMRR_MC", "cornername": "Nominal"}
[2026-04-10 09:37:44.797 Z] [WARN] [cadence.virtuoso.ade.simulationMonitor] -     WARNING (SPECTRE-8360): line 1513: `ac' is an undefined primitive device. {"history": "MonteCarlo.2", "point": 5, "testname": "TRAN_CMRR_MC", "cornername": "Nominal"}
[2026-04-10 09:37:44.797 Z] [WARN] [cadence.virtuoso.ade.simulationMonitor] -     WARNING (SPECTRE-8360): line 1514: `ac' is an undefined primitive device. {"history": "MonteCarlo.2", "point": 5, "testname": "TRAN_CMRR_MC", "cornername": "Nominal"}
[2026-04-10 09:37:44.797 Z] [WARN] [cadence.virtuoso.ade.simulationMonitor] -     WARNING (SPECTRE-8360): line 1515: `ac' is an undefined primitive device.
        Further occurrences of this warning will be suppressed. {"history": "MonteCarlo.2", "point": 5, "testname": "TRAN_CMRR_MC", "cornername": "Nominal"}
[2026-04-10 09:37:44.797 Z] [INFO] [cadence.virtuoso.ade.simulationMonitor] - Peak resident memory used = 173 Mbytes. {"history": "MonteCarlo.2", "point": 5, "testname": "TRAN_CMRR_MC", "cornername": "Nominal"}
[2026-04-10 09:37:44.797 Z] [WARN] [cadence.virtuoso.ade.simulationMonitor] -     WARNING (VACOMP-2435): The environment variable CDS_AHDLCMI_ENABLE is no longer supported. Therefore, the simulator will use the default compiled C code flow. {"history": "MonteCarlo.2", "point": 5, "testname": "TRAN_CMRR_MC", "cornername": "Nominal"}
[2026-04-10 09:37:44.797 Z] [WARN] [cadence.virtuoso.ade.simulationMonitor] -     WARNING (SFE-3031): The floating capacitor I19.I11.C7<0>_turbo_m3.C1 is removed. {"history": "MonteCarlo.2", "point": 5, "testname": "TRAN_CMRR_MC", "cornername": "Nominal"}
[2026-04-10 09:37:44.797 Z] [WARN] [cadence.virtuoso.ade.simulationMonitor] -     WARNING (SFE-3031): The floating capacitor I19.I11.C10<0>_turbo_m12.C1 is removed. {"history": "MonteCarlo.2", "point": 5, "testname": "TRAN_CMRR_MC", "cornername": "Nominal"}
[2026-04-10 09:37:44.797 Z] [WARN] [cadence.virtuoso.ade.simulationMonitor] -     WARNING (SFE-3031): The floating capacitor I19.I12.C7<0>_turbo_m3.C1 is removed. {"history": "MonteCarlo.2", "point": 5, "testname": "TRAN_CMRR_MC", "cornername": "Nominal"}
[2026-04-10 09:37:44.798 Z] [WARN] [cadence.virtuoso.ade.simulationMonitor] -     WARNING (SFE-3031): The floating capacitor I19.I8.C6<0>_turbo_m3.C1 is removed. {"history": "MonteCarlo.2", "point": 5, "testname": "TRAN_CMRR_MC", "cornername": "Nominal"}
[2026-04-10 09:37:44.798 Z] [WARN] [cadence.virtuoso.ade.simulationMonitor] -     WARNING (SFE-3031): The floating capacitor I19.I14.C2.C1 is removed.
        Further occurrences of this warning will be suppressed. {"history": "MonteCarlo.2", "point": 5, "testname": "TRAN_CMRR_MC", "cornername": "Nominal"}
[2026-04-10 09:37:44.798 Z] [INFO] [cadence.virtuoso.ade.simulationMonitor] - Peak resident memory used = 190 Mbytes. {"history": "MonteCarlo.2", "point": 5, "testname": "TRAN_CMRR_MC", "cornername": "Nominal"}
[2026-04-10 09:37:44.798 Z] [INFO] [cadence.virtuoso.ade.simulationMonitor] - Notice from spectre during hierarchy flattening.
    The value 'psf' specified for the 'checklimitdest' option will no longer be supported in future releases. Use 'spectre -h' to see other recommended values for the 'checklimitdest' option.
    I19.I0.R10.CS0 of rpolyhc: `c' has the unusually small value of 0 F.
    I19.I0.R10.CS1 of rpolyhc: `c' has the unusually small value of 0 F.
    I19.I0.R9.CS0 of rpolyhc: `c' has the unusually small value of 0 F.
    I19.I0.R9.CS1 of rpolyhc: `c' has the unusually ... {"history": "MonteCarlo.2", "point": 5, "testname": "TRAN_CMRR_MC", "cornername": "Nominal"}
[2026-04-10 09:37:44.798 Z] [INFO] [cadence.virtuoso.ade.simulationMonitor] - Peak resident memory used = 194 Mbytes. {"history": "MonteCarlo.2", "point": 5, "testname": "TRAN_CMRR_MC", "cornername": "Nominal"}
[2026-04-10 09:37:44.798 Z] [WARN] [cadence.virtuoso.ade.simulationMonitor] -     WARNING (CMI-2425): I19.I14.C1: `Acde' = 2.393 is unusually large. {"history": "MonteCarlo.2", "point": 5, "testname": "TRAN_CMRR_MC", "cornername": "Nominal"}
[2026-04-10 09:37:44.798 Z] [WARN] [cadence.virtuoso.ade.simulationMonitor] -     WARNING (CMI-2425): I19.I14.C1: `Noff' = 4.732 is unusually large. {"history": "MonteCarlo.2", "point": 5, "testname": "TRAN_CMRR_MC", "cornername": "Nominal"}
[2026-04-10 09:37:44.798 Z] [WARN] [cadence.virtuoso.ade.simulationMonitor] -     WARNING (CMI-2424): I19.I14.C1: `Voffcv' = -867.4e-03 is unusually small. {"history": "MonteCarlo.2", "point": 5, "testname": "TRAN_CMRR_MC", "cornername": "Nominal"}
[2026-04-10 09:37:44.798 Z] [WARN] [cadence.virtuoso.ade.simulationMonitor] -     WARNING (CMI-2425): I19.I0.I5.C1: `Acde' = 2.393 is unusually large. {"history": "MonteCarlo.2", "point": 5, "testname": "TRAN_CMRR_MC", "cornername": "Nominal"}
[2026-04-10 09:37:44.798 Z] [WARN] [cadence.virtuoso.ade.simulationMonitor] -     WARNING (CMI-2425): I19.I0.I5.C1: `Noff' = 4.732 is unusually large. {"history": "MonteCarlo.2", "point": 5, "testname": "TRAN_CMRR_MC", "cornername": "Nominal"}
[2026-04-10 09:37:44.798 Z] [WARN] [cadence.virtuoso.ade.simulationMonitor] -     WARNING (CMI-2424): I19.I0.I5.C1: `Voffcv' = -867.4e-03 is unusually small. {"history": "MonteCarlo.2", "point": 5, "testname": "TRAN_CMRR_MC", "cornername": "Nominal"}
[2026-04-10 09:37:44.798 Z] [WARN] [cadence.virtuoso.ade.simulationMonitor] -     WARNING (CMI-2425): I19.I0.I3.C1: `Acde' = 2.393 is unusually large.
        Further occurrences of this warning will be suppressed. {"history": "MonteCarlo.2", "point": 5, "testname": "TRAN_CMRR_MC", "cornername": "Nominal"}
[2026-04-10 09:37:44.798 Z] [WARN] [cadence.virtuoso.ade.simulationMonitor] -     WARNING (CMI-2424): I19.I0.I3.C1: `Voffcv' = -867.4e-03 is unusually small. {"history": "MonteCarlo.2", "point": 5, "testname": "TRAN_CMRR_MC", "cornername": "Nominal"}
[2026-04-10 09:37:44.798 Z] [WARN] [cadence.virtuoso.ade.simulationMonitor] -     WARNING (CMI-2424): I19.I0.C0: `Voffcv' = -867.4e-03 is unusually small. {"history": "MonteCarlo.2", "point": 5, "testname": "TRAN_CMRR_MC", "cornername": "Nominal"}
[2026-04-10 09:37:44.798 Z] [WARN] [cadence.virtuoso.ade.simulationMonitor] -     WARNING (SPECTRE-17607): Assert `SOAC_rpolyh_vminuspsub' is ignored because it contains an expression which is invalid or not supported by native evaluator.  {"history": "MonteCarlo.2", "point": 5, "testname": "TRAN_CMRR_MC", "cornername": "Nominal"}
[2026-04-10 09:37:44.798 Z] [WARN] [cadence.virtuoso.ade.simulationMonitor] -     WARNING (SPECTRE-17607): Assert `SOAC_rpolyh_vpluspsub' is ignored because it contains an expression which is invalid or not supported by native evaluator.  {"history": "MonteCarlo.2", "point": 5, "testname": "TRAN_CMRR_MC", "cornername": "Nominal"}
[2026-04-10 09:37:44.798 Z] [WARN] [cadence.virtuoso.ade.simulationMonitor] -     WARNING (SPECTRE-16460): SOAC_cvarm_vspsub:Specified subcircuit master `cvarm' was not found. {"history": "MonteCarlo.2", "point": 5, "testname": "TRAN_CMRR_MC", "cornername": "Nominal"}
[2026-04-10 09:37:44.799 Z] [WARN] [cadence.virtuoso.ade.simulationMonitor] -     WARNING (SPECTRE-16462): SOAC_cvarm_vspsub:Error in specification of subcircuit master. Assert is ignored. {"history": "MonteCarlo.2", "point": 5, "testname": "TRAN_CMRR_MC", "cornername": "Nominal"}
[2026-04-10 09:37:44.799 Z] [WARN] [cadence.virtuoso.ade.simulationMonitor] -     WARNING (SPECTRE-16460): SOAC_cvarm_vbs:Specified subcircuit master `cvarm' was not found. {"history": "MonteCarlo.2", "point": 5, "testname": "TRAN_CMRR_MC", "cornername": "Nominal"}
[2026-04-10 09:37:44.799 Z] [WARN] [cadence.virtuoso.ade.simulationMonitor] -     WARNING (SPECTRE-16462): SOAC_cvarm_vbs:Error in specification of subcircuit master. Assert is ignored. {"history": "MonteCarlo.2", "point": 5, "testname": "TRAN_CMRR_MC", "cornername": "Nominal"}
[2026-04-10 09:37:44.799 Z] [WARN] [cadence.virtuoso.ade.simulationMonitor] -     WARNING (SPECTRE-16460): SOAC_cvarm_vgb:Specified subcircuit master `cvarm' was not found. {"history": "MonteCarlo.2", "point": 5, "testname": "TRAN_CMRR_MC", "cornername": "Nominal"}
[2026-04-10 09:37:44.799 Z] [WARN] [cadence.virtuoso.ade.simulationMonitor] -     WARNING (SPECTRE-16462): SOAC_cvarm_vgb:Error in specification of subcircuit master. Assert is ignored. {"history": "MonteCarlo.2", "point": 5, "testname": "TRAN_CMRR_MC", "cornername": "Nominal"}
[2026-04-10 09:37:44.799 Z] [WARN] [cadence.virtuoso.ade.simulationMonitor] -     WARNING (SPECTRE-16460): SOAC_cvart_vspsub:Specified subcircuit master `cvart' was not found. {"history": "MonteCarlo.2", "point": 5, "testname": "TRAN_CMRR_MC", "cornername": "Nominal"}
[2026-04-10 09:37:44.799 Z] [WARN] [cadence.virtuoso.ade.simulationMonitor] -     WARNING (SPECTRE-16462): SOAC_cvart_vspsub:Error in specification of subcircuit master. Assert is ignored. {"history": "MonteCarlo.2", "point": 5, "testname": "TRAN_CMRR_MC", "cornername": "Nominal"}
[2026-04-10 09:37:44.799 Z] [WARN] [cadence.virtuoso.ade.simulationMonitor] -     WARNING (SPECTRE-16460): SOAC_cvart_vbs:Specified subcircuit master `cvart' was not found.
        Further occurrences of this warning will be suppressed. {"history": "MonteCarlo.2", "point": 5, "testname": "TRAN_CMRR_MC", "cornername": "Nominal"}
[2026-04-10 09:37:44.799 Z] [WARN] [cadence.virtuoso.ade.simulationMonitor] -     WARNING (SPECTRE-16462): SOAC_cvart_vbs:Error in specification of subcircuit master. Assert is ignored.
        Further occurrences of this warning will be suppressed. {"history": "MonteCarlo.2", "point": 5, "testname": "TRAN_CMRR_MC", "cornername": "Nominal"}
[2026-04-10 09:37:44.799 Z] [WARN] [cadence.virtuoso.ade.simulationMonitor] -     WARNING (SPECTRE-17607): Assert `SOAC_cvar_vspsub' is ignored because it contains an expression which is invalid or not supported by native evaluator.  {"history": "MonteCarlo.2", "point": 5, "testname": "TRAN_CMRR_MC", "cornername": "Nominal"}
[2026-04-10 09:37:44.799 Z] [WARN] [cadence.virtuoso.ade.simulationMonitor] -     WARNING (SPECTRE-17607): Assert `SOAC_cvar_vbpsub' is ignored because it contains an expression which is invalid or not supported by native evaluator.  {"history": "MonteCarlo.2", "point": 5, "testname": "TRAN_CMRR_MC", "cornername": "Nominal"}
[2026-04-10 09:37:44.799 Z] [WARN] [cadence.virtuoso.ade.simulationMonitor] -     WARNING (SPECTRE-17607): Assert `SOAC_cvar_vgpsub' is ignored because it contains an expression which is invalid or not supported by native evaluator. 
        Further occurrences of this warning will be suppressed. {"history": "MonteCarlo.2", "point": 5, "testname": "TRAN_CMRR_MC", "cornername": "Nominal"}
[2026-04-10 09:37:45.299 Z] [INFO] [cadence.virtuoso.ade.simulationMonitor] - Notice from spectre during topology check.
    No DC path from node `VA' to ground, Gmin installed to provide path. {"history": "MonteCarlo.2", "point": 5, "testname": "TRAN_CMRR_MC", "cornername": "Nominal"}
[2026-04-10 09:37:45.300 Z] [INFO] [cadence.virtuoso.ade.simulationMonitor] - Notice from spectre during initial setup.
    Multithreading is disabled due to the size of the design being too small. {"history": "MonteCarlo.2", "point": 5, "testname": "TRAN_CMRR_MC", "cornername": "Nominal"}
[2026-04-10 09:37:45.300 Z] [WARN] [cadence.virtuoso.ade.simulationMonitor] -     WARNING (SPECTRE-592): Following parameters are disabled because they are ignored or redefined in Spectre X:
        
        
        PSS Parameters:
          errpreset {"history": "MonteCarlo.2", "point": 5, "testname": "TRAN_CMRR_MC", "cornername": "Nominal"}
[2026-04-10 09:37:45.300 Z] [INFO] [cadence.virtuoso.ade.simulationMonitor] -               nodes 208 {"history": "MonteCarlo.2", "point": 5, "testname": "TRAN_CMRR_MC", "cornername": "Nominal"}
[2026-04-10 09:37:45.300 Z] [INFO] [cadence.virtuoso.ade.simulationMonitor] - Notice from spectre during initial setup.
    1 resistors are shorted because their absolute value is less than or equal to 'rabsshort'.
    1 vsources are shorted because their absolute value is less than or equal to 'vabsshort'.
    Spectre X preset=mx enabled. {"history": "MonteCarlo.2", "point": 5, "testname": "TRAN_CMRR_MC", "cornername": "Nominal"}
[2026-04-10 09:37:45.300 Z] [WARN] [cadence.virtuoso.ade.simulationMonitor] -     WARNING (CMI-2424): I19.I14.C1: `Voffcv' = -867.4e-03 is unusually small.
        Further occurrences of this warning will be suppressed. {"history": "MonteCarlo.2", "point": 5, "testname": "TRAN_CMRR_MC", "cornername": "Nominal"}
[2026-04-10 09:37:45.300 Z] [INFO] [cadence.virtuoso.ade.simulationMonitor] - Notice from spectre.
    7 notices suppressed.
    99 warnings suppressed. {"history": "MonteCarlo.2", "point": 5, "testname": "TRAN_CMRR_MC", "cornername": "Nominal"}
[2026-04-10 09:37:45.300 Z] [INFO] [cadence.virtuoso.ade.simulationMonitor] - Peak resident memory used = 202 Mbytes. {"history": "MonteCarlo.2", "point": 5, "testname": "TRAN_CMRR_MC", "cornername": "Nominal"}
[2026-04-10 09:37:45.300 Z] [INFO] [cadence.virtuoso.ade.simulationMonitor] -    -   (Spectre X) Multi-threading. The recommended number of threads is 1, consider adding +mt=1 on command line. {"history": "MonteCarlo.2", "point": 5, "testname": "TRAN_CMRR_MC", "cornername": "Nominal"}
[2026-04-10 09:37:45.300 Z] [INFO] [cadence.virtuoso.ade.simulationMonitor] - Notice from spectre at iteration = 5 in `rpolyhc':`I19.I0.R10', in `fecg_cmfb2':`I19.I0', in `fecg_front_end':`I19', during Monte Carlo analysis `mc1'.
    I19.I0.R10.CS0 of rpolyhc: `c' has the unusually small value of 0 F.
    I19.I0.R10.CS1 of rpolyhc: `c' has the unusually small value of 0 F. {"history": "MonteCarlo.2", "point": 5, "testname": "TRAN_CMRR_MC", "cornername": "Nominal"}
[2026-04-10 09:37:45.301 Z] [INFO] [cadence.virtuoso.ade.simulationMonitor] - Notice from spectre at iteration = 5 in `rpolyhc':`I19.I0.R9', in `fecg_cmfb2':`I19.I0', in `fecg_front_end':`I19', during Monte Carlo analysis `mc1'.
    I19.I0.R9.CS0 of rpolyhc: `c' has the unusually small value of 0 F.
    I19.I0.R9.CS1 of rpolyhc: `c' has the unusually small value of 0 F. {"history": "MonteCarlo.2", "point": 5, "testname": "TRAN_CMRR_MC", "cornername": "Nominal"}
[2026-04-10 09:37:45.301 Z] [INFO] [cadence.virtuoso.ade.simulationMonitor] - Notice from spectre at iteration = 5 in `rpolyhc':`I19.I0.R7', in `fecg_cmfb2':`I19.I0', in `fecg_front_end':`I19', during Monte Carlo analysis `mc1'.
    I19.I0.R7.CS0 of rpolyhc: `c' has the unusually small value of 0 F.
        Further occurrences of this notice will be suppressed. {"history": "MonteCarlo.2", "point": 5, "testname": "TRAN_CMRR_MC", "cornername": "Nominal"}
[2026-04-10 09:37:45.301 Z] [WARN] [cadence.virtuoso.ade.simulationMonitor] -     WARNING (CMI-2425): I19.I0.I5.C1: `Acde' = 2.393 is unusually large. {"history": "MonteCarlo.2", "point": 5, "testname": "TRAN_CMRR_MC", "cornername": "Nominal"}
[2026-04-10 09:37:45.301 Z] [WARN] [cadence.virtuoso.ade.simulationMonitor] -     WARNING (CMI-2425): I19.I0.I5.C1: `Noff' = 4.732 is unusually large. {"history": "MonteCarlo.2", "point": 5, "testname": "TRAN_CMRR_MC", "cornername": "Nominal"}
[2026-04-10 09:37:45.301 Z] [WARN] [cadence.virtuoso.ade.simulationMonitor] -     WARNING (CMI-2424): I19.I0.I5.C1: `Voffcv' = -867.4e-03 is unusually small. {"history": "MonteCarlo.2", "point": 5, "testname": "TRAN_CMRR_MC", "cornername": "Nominal"}
[2026-04-10 09:37:45.301 Z] [WARN] [cadence.virtuoso.ade.simulationMonitor] -     WARNING (CMI-2425): I19.I0.C0: `Acde' = 2.393 is unusually large. {"history": "MonteCarlo.2", "point": 5, "testname": "TRAN_CMRR_MC", "cornername": "Nominal"}
[2026-04-10 09:37:45.301 Z] [WARN] [cadence.virtuoso.ade.simulationMonitor] -     WARNING (CMI-2425): I19.I0.C0: `Noff' = 4.732 is unusually large. {"history": "MonteCarlo.2", "point": 5, "testname": "TRAN_CMRR_MC", "cornername": "Nominal"}
[2026-04-10 09:37:45.301 Z] [WARN] [cadence.virtuoso.ade.simulationMonitor] -     WARNING (CMI-2424): I19.I0.C0: `Voffcv' = -867.4e-03 is unusually small. {"history": "MonteCarlo.2", "point": 5, "testname": "TRAN_CMRR_MC", "cornername": "Nominal"}
[2026-04-10 09:37:45.301 Z] [WARN] [cadence.virtuoso.ade.simulationMonitor] -     WARNING (CMI-2425): I19.I0.I3.C1: `Acde' = 2.393 is unusually large.
        Further occurrences of this warning will be suppressed. {"history": "MonteCarlo.2", "point": 5, "testname": "TRAN_CMRR_MC", "cornername": "Nominal"}
[2026-04-10 09:37:45.301 Z] [WARN] [cadence.virtuoso.ade.simulationMonitor] -     WARNING (CMI-2424): I19.I0.I3.C1: `Voffcv' = -867.4e-03 is unusually small. {"history": "MonteCarlo.2", "point": 5, "testname": "TRAN_CMRR_MC", "cornername": "Nominal"}
[2026-04-10 09:37:45.301 Z] [WARN] [cadence.virtuoso.ade.simulationMonitor] -     WARNING (CMI-2424): I19.I14.C1: `Voffcv' = -867.4e-03 is unusually small. {"history": "MonteCarlo.2", "point": 5, "testname": "TRAN_CMRR_MC", "cornername": "Nominal"}
[2026-04-10 09:37:45.301 Z] [INFO] [cadence.virtuoso.ade.simulationMonitor] - Notice from spectre at iteration = 5 during DC analysis `dcOp', during Monte Carlo analysis `mc1'.
    No checklimit analysis defined for asserts. A default checklimit analysis 'SpectreChecklimitAnal' has been created with all asserts enabled. {"history": "MonteCarlo.2", "point": 5, "testname": "TRAN_CMRR_MC", "cornername": "Nominal"}
[2026-04-10 09:37:45.301 Z] [INFO] [cadence.virtuoso.ade.simulationMonitor] - Notice from spectre at iteration = 5 during DC analysis `dcOp', during Monte Carlo analysis `mc1'.
    GminDC = 1 pS is large enough to noticeably affect the DC solution.
        dV(I19.I0.I3.C1.s1) = 2.55697 mV
        Use the `gmin_check' option to eliminate or expand this report.
    Bad pivoting is found during DC analysis. Option dc_pivot_check=yes is recommended for possible improvement of convergence. {"history": "MonteCarlo.2", "point": 5, "testname": "TRAN_CMRR_MC", "cornername": "Nominal"}
[2026-04-10 09:37:45.302 Z] [WARN] [cadence.virtuoso.ade.simulationMonitor] -     WARNING (CMI-2943): Parameter checks have been ignored because the valid value for parameter 'trise' could not be found in 'C5'. {"history": "MonteCarlo.2", "point": 5, "testname": "TRAN_CMRR_MC", "cornername": "Nominal"}
[2026-04-10 09:37:45.302 Z] [WARN] [cadence.virtuoso.ade.simulationMonitor] -     WARNING (CMI-2943): Parameter checks have been ignored because the valid value for parameter 'trise' could not be found in 'C6'. {"history": "MonteCarlo.2", "point": 5, "testname": "TRAN_CMRR_MC", "cornername": "Nominal"}
[2026-04-10 09:37:45.302 Z] [WARN] [cadence.virtuoso.ade.simulationMonitor] -     WARNING (CMI-2943): Parameter checks have been ignored because the valid value for parameter 'trise' could not be found in 'C0'. {"history": "MonteCarlo.2", "point": 5, "testname": "TRAN_CMRR_MC", "cornername": "Nominal"}
[2026-04-10 09:37:45.302 Z] [WARN] [cadence.virtuoso.ade.simulationMonitor] -     WARNING (CMI-2943): Parameter checks have been ignored because the valid value for parameter 'trise' could not be found in 'C9'. {"history": "MonteCarlo.2", "point": 5, "testname": "TRAN_CMRR_MC", "cornername": "Nominal"}
[2026-04-10 09:37:45.302 Z] [WARN] [cadence.virtuoso.ade.simulationMonitor] -     WARNING (CMI-2943): Parameter checks have been ignored because the valid value for parameter 'trise' could not be found in 'C3'.
        Further occurrences of this warning will be suppressed. {"history": "MonteCarlo.2", "point": 5, "testname": "TRAN_CMRR_MC", "cornername": "Nominal"}
[2026-04-10 09:37:45.302 Z] [INFO] [cadence.virtuoso.ade.simulationMonitor] - Total time required for dc analysis `dcOp': CPU = 43.311 ms, elapsed = 55.2759 ms, util. = 78.4%. {"history": "MonteCarlo.2", "point": 5, "testname": "TRAN_CMRR_MC", "cornername": "Nominal"}
[2026-04-10 09:37:45.302 Z] [INFO] [cadence.virtuoso.ade.simulationMonitor] - Peak resident memory used = 214 Mbytes. {"history": "MonteCarlo.2", "point": 5, "testname": "TRAN_CMRR_MC", "cornername": "Nominal"}
[2026-04-10 09:37:45.302 Z] [INFO] [cadence.virtuoso.ade.simulationMonitor] - Notice from spectre at iteration = 5 during Monte Carlo analysis `mc1'.
    1 notice suppressed.
    115 warnings suppressed. {"history": "MonteCarlo.2", "point": 5, "testname": "TRAN_CMRR_MC", "cornername": "Nominal"}
[2026-04-10 09:37:45.302 Z] [INFO] [cadence.virtuoso.ade.simulationMonitor] - Notice from spectre at iteration = 5 during IC analysis, during periodic steady state analysis `pss', during Monte Carlo analysis `mc1'.
    GminDC = 1 pS is large enough to noticeably affect the DC solution.
        dV(I19.I0.I3.C1.s1) = 2.55697 mV
        Use the `gmin_check' option to eliminate or expand this report.
    Bad pivoting is found during DC analysis. Option dc_pivot_check=yes is recommended for possible improvement of convergence. {"history": "MonteCarlo.2", "point": 5, "testname": "TRAN_CMRR_MC", "cornername": "Nominal"}
[2026-04-10 09:37:45.302 Z] [WARN] [cadence.virtuoso.ade.simulationMonitor] -     WARNING (CMI-2943): Parameter checks have been ignored because the valid value for parameter 'trise' could not be found in 'C5'. {"history": "MonteCarlo.2", "point": 5, "testname": "TRAN_CMRR_MC", "cornername": "Nominal"}
[2026-04-10 09:37:45.302 Z] [WARN] [cadence.virtuoso.ade.simulationMonitor] -     WARNING (CMI-2943): Parameter checks have been ignored because the valid value for parameter 'trise' could not be found in 'C6'. {"history": "MonteCarlo.2", "point": 5, "testname": "TRAN_CMRR_MC", "cornername": "Nominal"}
[2026-04-10 09:37:45.302 Z] [WARN] [cadence.virtuoso.ade.simulationMonitor] -     WARNING (CMI-2943): Parameter checks have been ignored because the valid value for parameter 'trise' could not be found in 'C0'. {"history": "MonteCarlo.2", "point": 5, "testname": "TRAN_CMRR_MC", "cornername": "Nominal"}
[2026-04-10 09:37:45.303 Z] [WARN] [cadence.virtuoso.ade.simulationMonitor] -     WARNING (CMI-2943): Parameter checks have been ignored because the valid value for parameter 'trise' could not be found in 'C9'. {"history": "MonteCarlo.2", "point": 5, "testname": "TRAN_CMRR_MC", "cornername": "Nominal"}
[2026-04-10 09:37:45.303 Z] [WARN] [cadence.virtuoso.ade.simulationMonitor] -     WARNING (CMI-2943): Parameter checks have been ignored because the valid value for parameter 'trise' could not be found in 'C3'.
        Further occurrences of this warning will be suppressed. {"history": "MonteCarlo.2", "point": 5, "testname": "TRAN_CMRR_MC", "cornername": "Nominal"}
[2026-04-10 09:37:45.303 Z] [INFO] [cadence.virtuoso.ade.simulationMonitor] - Notice from spectre at time = 77.9035 us during periodic steady state analysis `pss', during Monte Carlo analysis `mc1'.
    Found trapezoidal ringing on node V1:p. {"history": "MonteCarlo.2", "point": 5, "testname": "TRAN_CMRR_MC", "cornername": "Nominal"}
[2026-04-10 09:37:45.303 Z] [INFO] [cadence.virtuoso.ade.simulationMonitor] - Notice from spectre at time = 98.7093 us during periodic steady state analysis `pss', during Monte Carlo analysis `mc1'.
    Found trapezoidal ringing on node V1:p. {"history": "MonteCarlo.2", "point": 5, "testname": "TRAN_CMRR_MC", "cornername": "Nominal"}
[2026-04-10 09:37:45.303 Z] [INFO] [cadence.virtuoso.ade.simulationMonitor] - Notice from spectre at time = 187.211 us during periodic steady state analysis `pss', during Monte Carlo analysis `mc1'.
    Found trapezoidal ringing on node V1:p. {"history": "MonteCarlo.2", "point": 5, "testname": "TRAN_CMRR_MC", "cornername": "Nominal"}
[2026-04-10 09:37:45.303 Z] [INFO] [cadence.virtuoso.ade.simulationMonitor] - Notice from spectre at time = 174.886 us during periodic steady state analysis `pss', during Monte Carlo analysis `mc1'.
    Found trapezoidal ringing on node I19.I2.net3. {"history": "MonteCarlo.2", "point": 5, "testname": "TRAN_CMRR_MC", "cornername": "Nominal"}
[2026-04-10 09:37:45.303 Z] [INFO] [cadence.virtuoso.ade.simulationMonitor] - Notice from spectre at time = 197.953 us during periodic steady state analysis `pss', during Monte Carlo analysis `mc1'.
    Found trapezoidal ringing on node V1:p.
        Further occurrences of this notice will be suppressed. {"history": "MonteCarlo.2", "point": 5, "testname": "TRAN_CMRR_MC", "cornername": "Nominal"}
[2026-04-10 09:37:52.313 Z] [INFO] [cadence.virtuoso.ade.simulationMonitor] - Total time required for tstab analysis `pss': CPU = 4.64636 s, elapsed = 6.8495 s. {"history": "MonteCarlo.2", "point": 5, "testname": "TRAN_CMRR_MC", "cornername": "Nominal"}
[2026-04-10 09:37:52.313 Z] [INFO] [cadence.virtuoso.ade.simulationMonitor] - Peak resident memory used = 218 Mbytes. {"history": "MonteCarlo.2", "point": 5, "testname": "TRAN_CMRR_MC", "cornername": "Nominal"}
[2026-04-10 09:37:52.313 Z] [INFO] [cadence.virtuoso.ade.simulationMonitor] - Notice from spectre during periodic steady state analysis `pss', during Monte Carlo analysis `mc1'.
    112 warnings suppressed. {"history": "MonteCarlo.2", "point": 5, "testname": "TRAN_CMRR_MC", "cornername": "Nominal"}
[2026-04-10 09:37:58.816 Z] [INFO] [cadence.virtuoso.ade.simulationMonitor] - Notice from spectre during periodic steady state analysis `pss', during Monte Carlo analysis `mc1'.
    Trapezoidal ringing is detected during pss analysis.
        Please use method=trap for better results and performance. {"history": "MonteCarlo.2", "point": 5, "testname": "TRAN_CMRR_MC", "cornername": "Nominal"}
[2026-04-10 09:37:58.816 Z] [INFO] [cadence.virtuoso.ade.simulationMonitor] - Total time required for pss analysis `pss': CPU = 11.2593 s, elapsed = 13.5453 s, util. = 83.1%. {"history": "MonteCarlo.2", "point": 5, "testname": "TRAN_CMRR_MC", "cornername": "Nominal"}
[2026-04-10 09:37:58.816 Z] [INFO] [cadence.virtuoso.ade.simulationMonitor] - Peak resident memory used = 332 Mbytes. {"history": "MonteCarlo.2", "point": 5, "testname": "TRAN_CMRR_MC", "cornername": "Nominal"}
[2026-04-10 09:37:58.816 Z] [INFO] [cadence.virtuoso.ade.simulationMonitor] - Notice from spectre during periodic steady state analysis `pss', during Monte Carlo analysis `mc1'.
    986 notices suppressed. {"history": "MonteCarlo.2", "point": 5, "testname": "TRAN_CMRR_MC", "cornername": "Nominal"}
[2026-04-10 09:37:58.816 Z] [INFO] [cadence.virtuoso.ade.simulationMonitor] - Notice from spectre in `rpolyhc':`I19.I0.R10', in `fecg_cmfb2':`I19.I0', in `fecg_front_end':`I19', during Monte Carlo analysis `mc1'.
    I19.I0.R10.CS0 of rpolyhc: `c' has the unusually small value of 0 F.
    I19.I0.R10.CS1 of rpolyhc: `c' has the unusually small value of 0 F. {"history": "MonteCarlo.2", "point": 5, "testname": "TRAN_CMRR_MC", "cornername": "Nominal"}
[2026-04-10 09:37:58.817 Z] [INFO] [cadence.virtuoso.ade.simulationMonitor] - Notice from spectre in `rpolyhc':`I19.I0.R9', in `fecg_cmfb2':`I19.I0', in `fecg_front_end':`I19', during Monte Carlo analysis `mc1'.
    I19.I0.R9.CS0 of rpolyhc: `c' has the unusually small value of 0 F.
    I19.I0.R9.CS1 of rpolyhc: `c' has the unusually small value of 0 F. {"history": "MonteCarlo.2", "point": 5, "testname": "TRAN_CMRR_MC", "cornername": "Nominal"}
[2026-04-10 09:37:58.817 Z] [INFO] [cadence.virtuoso.ade.simulationMonitor] - Notice from spectre in `rpolyhc':`I19.I0.R7', in `fecg_cmfb2':`I19.I0', in `fecg_front_end':`I19', during Monte Carlo analysis `mc1'.
    I19.I0.R7.CS0 of rpolyhc: `c' has the unusually small value of 0 F.
        Further occurrences of this notice will be suppressed. {"history": "MonteCarlo.2", "point": 5, "testname": "TRAN_CMRR_MC", "cornername": "Nominal"}
[2026-04-10 09:37:58.817 Z] [WARN] [cadence.virtuoso.ade.simulationMonitor] -     WARNING (CMI-2425): I19.I14.C1: `Acde' = 2.393 is unusually large. {"history": "MonteCarlo.2", "point": 5, "testname": "TRAN_CMRR_MC", "cornername": "Nominal"}
[2026-04-10 09:37:58.817 Z] [WARN] [cadence.virtuoso.ade.simulationMonitor] -     WARNING (CMI-2425): I19.I14.C1: `Noff' = 4.732 is unusually large. {"history": "MonteCarlo.2", "point": 5, "testname": "TRAN_CMRR_MC", "cornername": "Nominal"}
[2026-04-10 09:37:58.817 Z] [WARN] [cadence.virtuoso.ade.simulationMonitor] -     WARNING (CMI-2424): I19.I14.C1: `Voffcv' = -867.4e-03 is unusually small. {"history": "MonteCarlo.2", "point": 5, "testname": "TRAN_CMRR_MC", "cornername": "Nominal"}
[2026-04-10 09:37:58.817 Z] [WARN] [cadence.virtuoso.ade.simulationMonitor] -     WARNING (CMI-2425): I19.I0.I5.C1: `Acde' = 2.393 is unusually large. {"history": "MonteCarlo.2", "point": 5, "testname": "TRAN_CMRR_MC", "cornername": "Nominal"}
[2026-04-10 09:37:58.817 Z] [WARN] [cadence.virtuoso.ade.simulationMonitor] -     WARNING (CMI-2425): I19.I0.I5.C1: `Noff' = 4.732 is unusually large. {"history": "MonteCarlo.2", "point": 5, "testname": "TRAN_CMRR_MC", "cornername": "Nominal"}
[2026-04-10 09:37:58.817 Z] [WARN] [cadence.virtuoso.ade.simulationMonitor] -     WARNING (CMI-2424): I19.I0.I5.C1: `Voffcv' = -867.4e-03 is unusually small. {"history": "MonteCarlo.2", "point": 5, "testname": "TRAN_CMRR_MC", "cornername": "Nominal"}
[2026-04-10 09:37:58.817 Z] [WARN] [cadence.virtuoso.ade.simulationMonitor] -     WARNING (CMI-2425): I19.I0.I3.C1: `Acde' = 2.393 is unusually large.
        Further occurrences of this warning will be suppressed. {"history": "MonteCarlo.2", "point": 5, "testname": "TRAN_CMRR_MC", "cornername": "Nominal"}
[2026-04-10 09:37:58.817 Z] [WARN] [cadence.virtuoso.ade.simulationMonitor] -     WARNING (CMI-2424): I19.I0.I3.C1: `Voffcv' = -867.4e-03 is unusually small. {"history": "MonteCarlo.2", "point": 5, "testname": "TRAN_CMRR_MC", "cornername": "Nominal"}
[2026-04-10 09:37:58.817 Z] [WARN] [cadence.virtuoso.ade.simulationMonitor] -     WARNING (CMI-2424): I19.I0.C0: `Voffcv' = -867.4e-03 is unusually small. {"history": "MonteCarlo.2", "point": 5, "testname": "TRAN_CMRR_MC", "cornername": "Nominal"}
[2026-04-10 09:37:58.817 Z] [INFO] [cadence.virtuoso.ade.simulationMonitor] - Notice from spectre during DC analysis `dcOp', during Monte Carlo analysis `mc1'.
    GminDC = 1 pS is large enough to noticeably affect the DC solution.
        dV(I19.I0.I3.C1.s1) = 2.50597 mV
        Use the `gmin_check' option to eliminate or expand this report.
    Bad pivoting is found during DC analysis. Option dc_pivot_check=yes is recommended for possible improvement of convergence. {"history": "MonteCarlo.2", "point": 5, "testname": "TRAN_CMRR_MC", "cornername": "Nominal"}
[2026-04-10 09:37:58.817 Z] [WARN] [cadence.virtuoso.ade.simulationMonitor] -     WARNING (CMI-2943): Parameter checks have been ignored because the valid value for parameter 'trise' could not be found in 'C5'. {"history": "MonteCarlo.2", "point": 5, "testname": "TRAN_CMRR_MC", "cornername": "Nominal"}
[2026-04-10 09:37:58.817 Z] [WARN] [cadence.virtuoso.ade.simulationMonitor] -     WARNING (CMI-2943): Parameter checks have been ignored because the valid value for parameter 'trise' could not be found in 'C6'. {"history": "MonteCarlo.2", "point": 5, "testname": "TRAN_CMRR_MC", "cornername": "Nominal"}
[2026-04-10 09:37:58.818 Z] [WARN] [cadence.virtuoso.ade.simulationMonitor] -     WARNING (CMI-2943): Parameter checks have been ignored because the valid value for parameter 'trise' could not be found in 'C0'. {"history": "MonteCarlo.2", "point": 5, "testname": "TRAN_CMRR_MC", "cornername": "Nominal"}
[2026-04-10 09:37:58.818 Z] [WARN] [cadence.virtuoso.ade.simulationMonitor] -     WARNING (CMI-2943): Parameter checks have been ignored because the valid value for parameter 'trise' could not be found in 'C9'. {"history": "MonteCarlo.2", "point": 5, "testname": "TRAN_CMRR_MC", "cornername": "Nominal"}
[2026-04-10 09:37:58.818 Z] [WARN] [cadence.virtuoso.ade.simulationMonitor] -     WARNING (CMI-2943): Parameter checks have been ignored because the valid value for parameter 'trise' could not be found in 'C3'.
        Further occurrences of this warning will be suppressed. {"history": "MonteCarlo.2", "point": 5, "testname": "TRAN_CMRR_MC", "cornername": "Nominal"}
[2026-04-10 09:37:58.818 Z] [INFO] [cadence.virtuoso.ade.simulationMonitor] - Total time required for dc analysis `dcOp': CPU = 11.373 ms, elapsed = 16.726 ms, util. = 68%. {"history": "MonteCarlo.2", "point": 5, "testname": "TRAN_CMRR_MC", "cornername": "Nominal"}
[2026-04-10 09:37:58.818 Z] [INFO] [cadence.virtuoso.ade.simulationMonitor] - Peak resident memory used = 332 Mbytes. {"history": "MonteCarlo.2", "point": 5, "testname": "TRAN_CMRR_MC", "cornername": "Nominal"}
[2026-04-10 09:37:58.818 Z] [INFO] [cadence.virtuoso.ade.simulationMonitor] - Notice from spectre during Monte Carlo analysis `mc1'.
    1 notice suppressed.
    115 warnings suppressed. {"history": "MonteCarlo.2", "point": 5, "testname": "TRAN_CMRR_MC", "cornername": "Nominal"}
[2026-04-10 09:37:58.818 Z] [INFO] [cadence.virtuoso.ade.simulationMonitor] - Notice from spectre during IC analysis, during periodic steady state analysis `pss', during Monte Carlo analysis `mc1'.
    GminDC = 1 pS is large enough to noticeably affect the DC solution.
        dV(I19.I0.I3.C1.s1) = 2.50597 mV
        Use the `gmin_check' option to eliminate or expand this report.
    Bad pivoting is found during DC analysis. Option dc_pivot_check=yes is recommended for possible improvement of convergence. {"history": "MonteCarlo.2", "point": 5, "testname": "TRAN_CMRR_MC", "cornername": "Nominal"}
[2026-04-10 09:37:58.818 Z] [WARN] [cadence.virtuoso.ade.simulationMonitor] -     WARNING (CMI-2943): Parameter checks have been ignored because the valid value for parameter 'trise' could not be found in 'C5'. {"history": "MonteCarlo.2", "point": 5, "testname": "TRAN_CMRR_MC", "cornername": "Nominal"}
[2026-04-10 09:37:58.818 Z] [WARN] [cadence.virtuoso.ade.simulationMonitor] -     WARNING (CMI-2943): Parameter checks have been ignored because the valid value for parameter 'trise' could not be found in 'C6'. {"history": "MonteCarlo.2", "point": 5, "testname": "TRAN_CMRR_MC", "cornername": "Nominal"}
[2026-04-10 09:37:58.818 Z] [WARN] [cadence.virtuoso.ade.simulationMonitor] -     WARNING (CMI-2943): Parameter checks have been ignored because the valid value for parameter 'trise' could not be found in 'C0'. {"history": "MonteCarlo.2", "point": 5, "testname": "TRAN_CMRR_MC", "cornername": "Nominal"}
[2026-04-10 09:37:58.818 Z] [WARN] [cadence.virtuoso.ade.simulationMonitor] -     WARNING (CMI-2943): Parameter checks have been ignored because the valid value for parameter 'trise' could not be found in 'C9'. {"history": "MonteCarlo.2", "point": 5, "testname": "TRAN_CMRR_MC", "cornername": "Nominal"}
[2026-04-10 09:37:58.818 Z] [WARN] [cadence.virtuoso.ade.simulationMonitor] -     WARNING (CMI-2943): Parameter checks have been ignored because the valid value for parameter 'trise' could not be found in 'C3'.
        Further occurrences of this warning will be suppressed. {"history": "MonteCarlo.2", "point": 5, "testname": "TRAN_CMRR_MC", "cornername": "Nominal"}
[2026-04-10 09:37:58.819 Z] [INFO] [cadence.virtuoso.ade.simulationMonitor] - Notice from spectre at time = 98.5565 us during periodic steady state analysis `pss', during Monte Carlo analysis `mc1'.
    Found trapezoidal ringing on node V1:p. {"history": "MonteCarlo.2", "point": 5, "testname": "TRAN_CMRR_MC", "cornername": "Nominal"}
[2026-04-10 09:37:58.819 Z] [INFO] [cadence.virtuoso.ade.simulationMonitor] - Notice from spectre at time = 108.533 us during periodic steady state analysis `pss', during Monte Carlo analysis `mc1'.
    Found trapezoidal ringing on node V1:p. {"history": "MonteCarlo.2", "point": 5, "testname": "TRAN_CMRR_MC", "cornername": "Nominal"}
[2026-04-10 09:37:58.819 Z] [INFO] [cadence.virtuoso.ade.simulationMonitor] - Notice from spectre at time = 173.221 us during periodic steady state analysis `pss', during Monte Carlo analysis `mc1'.
    Found trapezoidal ringing on node V1:p. {"history": "MonteCarlo.2", "point": 5, "testname": "TRAN_CMRR_MC", "cornername": "Nominal"}
[2026-04-10 09:37:58.819 Z] [INFO] [cadence.virtuoso.ade.simulationMonitor] - Notice from spectre at time = 163.87 us during periodic steady state analysis `pss', during Monte Carlo analysis `mc1'.
    Found trapezoidal ringing on node I19.I2.net3. {"history": "MonteCarlo.2", "point": 5, "testname": "TRAN_CMRR_MC", "cornername": "Nominal"}
[2026-04-10 09:37:58.819 Z] [INFO] [cadence.virtuoso.ade.simulationMonitor] - Notice from spectre at time = 185.605 us during periodic steady state analysis `pss', during Monte Carlo analysis `mc1'.
    Found trapezoidal ringing on node V1:p.
        Further occurrences of this notice will be suppressed. {"history": "MonteCarlo.2", "point": 5, "testname": "TRAN_CMRR_MC", "cornername": "Nominal"}
[2026-04-10 09:37:58.819 Z] [PROCESS] [cadence.virtuoso.ade.simulationMonitor] - Finished simulating for one iteration {"hostname": "edatools", "processid": 359607, "history": "MonteCarlo.2", "testname": "TRAN_CMRR_MC", "cornername": "Nominal", "point": 5, "logfile": "/home/saul/projects/IL2244_VT26_SAUL/logs_saul/logs0/Job64.log", "simid": "1"}
[2026-04-10 09:37:58.819 Z] [PROCESS] [cadence.virtuoso.ade.simulationMonitor] - Started Simulation {"hostname": "edatools", "processid": 359607, "history": "MonteCarlo.2", "testname": "TRAN_CMRR_MC", "cornername": "Nominal", "point": 6, "logfile": "/home/saul/projects/IL2244_VT26_SAUL/logs_saul/logs0/Job64.log", "event": "started", "task": "simulation"}
[2026-04-10 09:38:00.820 Z] [INFO] [cadence.virtuoso.ade.simulationMonitor] - Total time required for tstab analysis `pss': CPU = 1.72311 s, elapsed = 1.73052 s. {"history": "MonteCarlo.2", "point": 6, "testname": "TRAN_CMRR_MC", "cornername": "Nominal"}
[2026-04-10 09:38:00.820 Z] [INFO] [cadence.virtuoso.ade.simulationMonitor] - Peak resident memory used = 332 Mbytes. {"history": "MonteCarlo.2", "point": 6, "testname": "TRAN_CMRR_MC", "cornername": "Nominal"}
[2026-04-10 09:38:00.820 Z] [INFO] [cadence.virtuoso.ade.simulationMonitor] - Notice from spectre during periodic steady state analysis `pss', during Monte Carlo analysis `mc1'.
    112 warnings suppressed. {"history": "MonteCarlo.2", "point": 6, "testname": "TRAN_CMRR_MC", "cornername": "Nominal"}
[2026-04-10 09:38:07.823 Z] [INFO] [cadence.virtuoso.ade.simulationMonitor] - Notice from spectre during periodic steady state analysis `pss', during Monte Carlo analysis `mc1'.
    Trapezoidal ringing is detected during pss analysis.
        Please use method=trap for better results and performance. {"history": "MonteCarlo.2", "point": 6, "testname": "TRAN_CMRR_MC", "cornername": "Nominal"}
[2026-04-10 09:38:07.823 Z] [INFO] [cadence.virtuoso.ade.simulationMonitor] - Total time required for pss analysis `pss': CPU = 8.68556 s, elapsed = 8.74665 s, util. = 99.3%. {"history": "MonteCarlo.2", "point": 6, "testname": "TRAN_CMRR_MC", "cornername": "Nominal"}
[2026-04-10 09:38:07.823 Z] [INFO] [cadence.virtuoso.ade.simulationMonitor] - Peak resident memory used = 346 Mbytes. {"history": "MonteCarlo.2", "point": 6, "testname": "TRAN_CMRR_MC", "cornername": "Nominal"}
[2026-04-10 09:38:07.823 Z] [INFO] [cadence.virtuoso.ade.simulationMonitor] - Notice from spectre during periodic steady state analysis `pss', during Monte Carlo analysis `mc1'.
    1785 notices suppressed. {"history": "MonteCarlo.2", "point": 6, "testname": "TRAN_CMRR_MC", "cornername": "Nominal"}
[2026-04-10 09:38:07.823 Z] [INFO] [cadence.virtuoso.ade.simulationMonitor] - Notice from spectre in `rpolyhc':`I19.I0.R10', in `fecg_cmfb2':`I19.I0', in `fecg_front_end':`I19', during Monte Carlo analysis `mc1'.
    I19.I0.R10.CS0 of rpolyhc: `c' has the unusually small value of 0 F.
    I19.I0.R10.CS1 of rpolyhc: `c' has the unusually small value of 0 F. {"history": "MonteCarlo.2", "point": 6, "testname": "TRAN_CMRR_MC", "cornername": "Nominal"}
[2026-04-10 09:38:07.824 Z] [INFO] [cadence.virtuoso.ade.simulationMonitor] - Notice from spectre in `rpolyhc':`I19.I0.R9', in `fecg_cmfb2':`I19.I0', in `fecg_front_end':`I19', during Monte Carlo analysis `mc1'.
    I19.I0.R9.CS0 of rpolyhc: `c' has the unusually small value of 0 F.
    I19.I0.R9.CS1 of rpolyhc: `c' has the unusually small value of 0 F. {"history": "MonteCarlo.2", "point": 6, "testname": "TRAN_CMRR_MC", "cornername": "Nominal"}
[2026-04-10 09:38:07.824 Z] [INFO] [cadence.virtuoso.ade.simulationMonitor] - Notice from spectre in `rpolyhc':`I19.I0.R7', in `fecg_cmfb2':`I19.I0', in `fecg_front_end':`I19', during Monte Carlo analysis `mc1'.
    I19.I0.R7.CS0 of rpolyhc: `c' has the unusually small value of 0 F.
        Further occurrences of this notice will be suppressed. {"history": "MonteCarlo.2", "point": 6, "testname": "TRAN_CMRR_MC", "cornername": "Nominal"}
[2026-04-10 09:38:07.824 Z] [WARN] [cadence.virtuoso.ade.simulationMonitor] -     WARNING (CMI-2425): I19.I14.C1: `Acde' = 2.393 is unusually large. {"history": "MonteCarlo.2", "point": 6, "testname": "TRAN_CMRR_MC", "cornername": "Nominal"}
[2026-04-10 09:38:07.824 Z] [WARN] [cadence.virtuoso.ade.simulationMonitor] -     WARNING (CMI-2425): I19.I14.C1: `Noff' = 4.732 is unusually large. {"history": "MonteCarlo.2", "point": 6, "testname": "TRAN_CMRR_MC", "cornername": "Nominal"}
[2026-04-10 09:38:07.824 Z] [WARN] [cadence.virtuoso.ade.simulationMonitor] -     WARNING (CMI-2424): I19.I14.C1: `Voffcv' = -867.4e-03 is unusually small. {"history": "MonteCarlo.2", "point": 6, "testname": "TRAN_CMRR_MC", "cornername": "Nominal"}
[2026-04-10 09:38:07.824 Z] [WARN] [cadence.virtuoso.ade.simulationMonitor] -     WARNING (CMI-2425): I19.I0.I5.C1: `Acde' = 2.393 is unusually large. {"history": "MonteCarlo.2", "point": 6, "testname": "TRAN_CMRR_MC", "cornername": "Nominal"}
[2026-04-10 09:38:07.824 Z] [WARN] [cadence.virtuoso.ade.simulationMonitor] -     WARNING (CMI-2425): I19.I0.I5.C1: `Noff' = 4.732 is unusually large. {"history": "MonteCarlo.2", "point": 6, "testname": "TRAN_CMRR_MC", "cornername": "Nominal"}
[2026-04-10 09:38:07.824 Z] [WARN] [cadence.virtuoso.ade.simulationMonitor] -     WARNING (CMI-2424): I19.I0.I5.C1: `Voffcv' = -867.4e-03 is unusually small. {"history": "MonteCarlo.2", "point": 6, "testname": "TRAN_CMRR_MC", "cornername": "Nominal"}
[2026-04-10 09:38:07.824 Z] [WARN] [cadence.virtuoso.ade.simulationMonitor] -     WARNING (CMI-2425): I19.I0.I3.C1: `Acde' = 2.393 is unusually large.
        Further occurrences of this warning will be suppressed. {"history": "MonteCarlo.2", "point": 6, "testname": "TRAN_CMRR_MC", "cornername": "Nominal"}
[2026-04-10 09:38:07.824 Z] [WARN] [cadence.virtuoso.ade.simulationMonitor] -     WARNING (CMI-2424): I19.I0.I3.C1: `Voffcv' = -867.4e-03 is unusually small. {"history": "MonteCarlo.2", "point": 6, "testname": "TRAN_CMRR_MC", "cornername": "Nominal"}
[2026-04-10 09:38:07.824 Z] [WARN] [cadence.virtuoso.ade.simulationMonitor] -     WARNING (CMI-2424): I19.I0.C0: `Voffcv' = -867.4e-03 is unusually small. {"history": "MonteCarlo.2", "point": 6, "testname": "TRAN_CMRR_MC", "cornername": "Nominal"}
[2026-04-10 09:38:07.824 Z] [INFO] [cadence.virtuoso.ade.simulationMonitor] - Notice from spectre during DC analysis `dcOp', during Monte Carlo analysis `mc1'.
    GminDC = 1 pS is large enough to noticeably affect the DC solution.
        dV(I19.I14.C1.d1) = 2.60583 mV
        Use the `gmin_check' option to eliminate or expand this report.
    Bad pivoting is found during DC analysis. Option dc_pivot_check=yes is recommended for possible improvement of convergence. {"history": "MonteCarlo.2", "point": 6, "testname": "TRAN_CMRR_MC", "cornername": "Nominal"}
[2026-04-10 09:38:07.824 Z] [WARN] [cadence.virtuoso.ade.simulationMonitor] -     WARNING (CMI-2943): Parameter checks have been ignored because the valid value for parameter 'trise' could not be found in 'C5'. {"history": "MonteCarlo.2", "point": 6, "testname": "TRAN_CMRR_MC", "cornername": "Nominal"}
[2026-04-10 09:38:07.824 Z] [WARN] [cadence.virtuoso.ade.simulationMonitor] -     WARNING (CMI-2943): Parameter checks have been ignored because the valid value for parameter 'trise' could not be found in 'C6'. {"history": "MonteCarlo.2", "point": 6, "testname": "TRAN_CMRR_MC", "cornername": "Nominal"}
[2026-04-10 09:38:07.825 Z] [WARN] [cadence.virtuoso.ade.simulationMonitor] -     WARNING (CMI-2943): Parameter checks have been ignored because the valid value for parameter 'trise' could not be found in 'C0'. {"history": "MonteCarlo.2", "point": 6, "testname": "TRAN_CMRR_MC", "cornername": "Nominal"}
[2026-04-10 09:38:07.825 Z] [WARN] [cadence.virtuoso.ade.simulationMonitor] -     WARNING (CMI-2943): Parameter checks have been ignored because the valid value for parameter 'trise' could not be found in 'C9'. {"history": "MonteCarlo.2", "point": 6, "testname": "TRAN_CMRR_MC", "cornername": "Nominal"}
[2026-04-10 09:38:07.825 Z] [WARN] [cadence.virtuoso.ade.simulationMonitor] -     WARNING (CMI-2943): Parameter checks have been ignored because the valid value for parameter 'trise' could not be found in 'C3'.
        Further occurrences of this warning will be suppressed. {"history": "MonteCarlo.2", "point": 6, "testname": "TRAN_CMRR_MC", "cornername": "Nominal"}
[2026-04-10 09:38:07.825 Z] [INFO] [cadence.virtuoso.ade.simulationMonitor] - Total time required for dc analysis `dcOp': CPU = 12.128 ms, elapsed = 17.5109 ms, util. = 69.3%. {"history": "MonteCarlo.2", "point": 6, "testname": "TRAN_CMRR_MC", "cornername": "Nominal"}
[2026-04-10 09:38:07.825 Z] [INFO] [cadence.virtuoso.ade.simulationMonitor] - Peak resident memory used = 346 Mbytes. {"history": "MonteCarlo.2", "point": 6, "testname": "TRAN_CMRR_MC", "cornername": "Nominal"}
[2026-04-10 09:38:07.825 Z] [INFO] [cadence.virtuoso.ade.simulationMonitor] - Notice from spectre during Monte Carlo analysis `mc1'.
    1 notice suppressed.
    115 warnings suppressed. {"history": "MonteCarlo.2", "point": 6, "testname": "TRAN_CMRR_MC", "cornername": "Nominal"}
[2026-04-10 09:38:07.825 Z] [INFO] [cadence.virtuoso.ade.simulationMonitor] - Notice from spectre during IC analysis, during periodic steady state analysis `pss', during Monte Carlo analysis `mc1'.
    GminDC = 1 pS is large enough to noticeably affect the DC solution.
        dV(I19.I14.C1.d1) = 2.60583 mV
        Use the `gmin_check' option to eliminate or expand this report.
    Bad pivoting is found during DC analysis. Option dc_pivot_check=yes is recommended for possible improvement of convergence. {"history": "MonteCarlo.2", "point": 6, "testname": "TRAN_CMRR_MC", "cornername": "Nominal"}
[2026-04-10 09:38:07.825 Z] [WARN] [cadence.virtuoso.ade.simulationMonitor] -     WARNING (CMI-2943): Parameter checks have been ignored because the valid value for parameter 'trise' could not be found in 'C5'. {"history": "MonteCarlo.2", "point": 6, "testname": "TRAN_CMRR_MC", "cornername": "Nominal"}
[2026-04-10 09:38:07.825 Z] [WARN] [cadence.virtuoso.ade.simulationMonitor] -     WARNING (CMI-2943): Parameter checks have been ignored because the valid value for parameter 'trise' could not be found in 'C6'. {"history": "MonteCarlo.2", "point": 6, "testname": "TRAN_CMRR_MC", "cornername": "Nominal"}
[2026-04-10 09:38:07.825 Z] [WARN] [cadence.virtuoso.ade.simulationMonitor] -     WARNING (CMI-2943): Parameter checks have been ignored because the valid value for parameter 'trise' could not be found in 'C0'. {"history": "MonteCarlo.2", "point": 6, "testname": "TRAN_CMRR_MC", "cornername": "Nominal"}
[2026-04-10 09:38:07.825 Z] [WARN] [cadence.virtuoso.ade.simulationMonitor] -     WARNING (CMI-2943): Parameter checks have been ignored because the valid value for parameter 'trise' could not be found in 'C9'. {"history": "MonteCarlo.2", "point": 6, "testname": "TRAN_CMRR_MC", "cornername": "Nominal"}
[2026-04-10 09:38:07.825 Z] [WARN] [cadence.virtuoso.ade.simulationMonitor] -     WARNING (CMI-2943): Parameter checks have been ignored because the valid value for parameter 'trise' could not be found in 'C3'.
        Further occurrences of this warning will be suppressed. {"history": "MonteCarlo.2", "point": 6, "testname": "TRAN_CMRR_MC", "cornername": "Nominal"}
[2026-04-10 09:38:07.825 Z] [INFO] [cadence.virtuoso.ade.simulationMonitor] - Notice from spectre at time = 74.9033 us during periodic steady state analysis `pss', during Monte Carlo analysis `mc1'.
    Found trapezoidal ringing on node V1:p. {"history": "MonteCarlo.2", "point": 6, "testname": "TRAN_CMRR_MC", "cornername": "Nominal"}
[2026-04-10 09:38:07.825 Z] [INFO] [cadence.virtuoso.ade.simulationMonitor] - Notice from spectre at time = 102.868 us during periodic steady state analysis `pss', during Monte Carlo analysis `mc1'.
    Found trapezoidal ringing on node V1:p. {"history": "MonteCarlo.2", "point": 6, "testname": "TRAN_CMRR_MC", "cornername": "Nominal"}
[2026-04-10 09:38:07.825 Z] [INFO] [cadence.virtuoso.ade.simulationMonitor] - Notice from spectre at time = 125.001 us during periodic steady state analysis `pss', during Monte Carlo analysis `mc1'.
    Found trapezoidal ringing on node V1:p. {"history": "MonteCarlo.2", "point": 6, "testname": "TRAN_CMRR_MC", "cornername": "Nominal"}
[2026-04-10 09:38:07.826 Z] [INFO] [cadence.virtuoso.ade.simulationMonitor] - Notice from spectre at time = 115.97 us during periodic steady state analysis `pss', during Monte Carlo analysis `mc1'.
    Found trapezoidal ringing on node I19.I2.net5. {"history": "MonteCarlo.2", "point": 6, "testname": "TRAN_CMRR_MC", "cornername": "Nominal"}
[2026-04-10 09:38:07.826 Z] [INFO] [cadence.virtuoso.ade.simulationMonitor] - Notice from spectre at time = 125.001 us during periodic steady state analysis `pss', during Monte Carlo analysis `mc1'.
    Found trapezoidal ringing on node I19.I2.net5.
        Further occurrences of this notice will be suppressed. {"history": "MonteCarlo.2", "point": 6, "testname": "TRAN_CMRR_MC", "cornername": "Nominal"}
[2026-04-10 09:38:07.826 Z] [PROCESS] [cadence.virtuoso.ade.simulationMonitor] - Finished simulating for one iteration {"hostname": "edatools", "processid": 359607, "history": "MonteCarlo.2", "testname": "TRAN_CMRR_MC", "cornername": "Nominal", "point": 6, "logfile": "/home/saul/projects/IL2244_VT26_SAUL/logs_saul/logs0/Job64.log", "simid": "1"}
[2026-04-10 09:38:07.826 Z] [PROCESS] [cadence.virtuoso.ade.simulationMonitor] - Started Simulation {"hostname": "edatools", "processid": 359607, "history": "MonteCarlo.2", "testname": "TRAN_CMRR_MC", "cornername": "Nominal", "point": 7, "logfile": "/home/saul/projects/IL2244_VT26_SAUL/logs_saul/logs0/Job64.log", "event": "started", "task": "simulation"}
[2026-04-10 09:38:09.827 Z] [INFO] [cadence.virtuoso.ade.simulationMonitor] - Total time required for tstab analysis `pss': CPU = 1.82417 s, elapsed = 1.82541 s. {"history": "MonteCarlo.2", "point": 7, "testname": "TRAN_CMRR_MC", "cornername": "Nominal"}
[2026-04-10 09:38:09.827 Z] [INFO] [cadence.virtuoso.ade.simulationMonitor] - Peak resident memory used = 346 Mbytes. {"history": "MonteCarlo.2", "point": 7, "testname": "TRAN_CMRR_MC", "cornername": "Nominal"}
[2026-04-10 09:38:09.827 Z] [INFO] [cadence.virtuoso.ade.simulationMonitor] - Notice from spectre during periodic steady state analysis `pss', during Monte Carlo analysis `mc1'.
    112 warnings suppressed. {"history": "MonteCarlo.2", "point": 7, "testname": "TRAN_CMRR_MC", "cornername": "Nominal"}
[2026-04-10 09:38:20.832 Z] [INFO] [cadence.virtuoso.ade.simulationMonitor] - Notice from spectre during periodic steady state analysis `pss', during Monte Carlo analysis `mc1'.
    Trapezoidal ringing is detected during pss analysis.
        Please use method=trap for better results and performance. {"history": "MonteCarlo.2", "point": 7, "testname": "TRAN_CMRR_MC", "cornername": "Nominal"}
[2026-04-10 09:38:20.832 Z] [INFO] [cadence.virtuoso.ade.simulationMonitor] - Total time required for pss analysis `pss': CPU = 13.0097 s, elapsed = 13.0307 s, util. = 99.8%. {"history": "MonteCarlo.2", "point": 7, "testname": "TRAN_CMRR_MC", "cornername": "Nominal"}
[2026-04-10 09:38:20.832 Z] [INFO] [cadence.virtuoso.ade.simulationMonitor] - Peak resident memory used = 346 Mbytes. {"history": "MonteCarlo.2", "point": 7, "testname": "TRAN_CMRR_MC", "cornername": "Nominal"}
[2026-04-10 09:38:20.832 Z] [INFO] [cadence.virtuoso.ade.simulationMonitor] - Notice from spectre during periodic steady state analysis `pss', during Monte Carlo analysis `mc1'.
    1108 notices suppressed. {"history": "MonteCarlo.2", "point": 7, "testname": "TRAN_CMRR_MC", "cornername": "Nominal"}
[2026-04-10 09:38:20.832 Z] [INFO] [cadence.virtuoso.ade.simulationMonitor] - Notice from spectre in `rpolyhc':`I19.I0.R10', in `fecg_cmfb2':`I19.I0', in `fecg_front_end':`I19', during Monte Carlo analysis `mc1'.
    I19.I0.R10.CS0 of rpolyhc: `c' has the unusually small value of 0 F.
    I19.I0.R10.CS1 of rpolyhc: `c' has the unusually small value of 0 F. {"history": "MonteCarlo.2", "point": 7, "testname": "TRAN_CMRR_MC", "cornername": "Nominal"}
[2026-04-10 09:38:20.833 Z] [INFO] [cadence.virtuoso.ade.simulationMonitor] - Notice from spectre in `rpolyhc':`I19.I0.R9', in `fecg_cmfb2':`I19.I0', in `fecg_front_end':`I19', during Monte Carlo analysis `mc1'.
    I19.I0.R9.CS0 of rpolyhc: `c' has the unusually small value of 0 F.
    I19.I0.R9.CS1 of rpolyhc: `c' has the unusually small value of 0 F. {"history": "MonteCarlo.2", "point": 7, "testname": "TRAN_CMRR_MC", "cornername": "Nominal"}
[2026-04-10 09:38:20.833 Z] [INFO] [cadence.virtuoso.ade.simulationMonitor] - Notice from spectre in `rpolyhc':`I19.I0.R7', in `fecg_cmfb2':`I19.I0', in `fecg_front_end':`I19', during Monte Carlo analysis `mc1'.
    I19.I0.R7.CS0 of rpolyhc: `c' has the unusually small value of 0 F.
        Further occurrences of this notice will be suppressed. {"history": "MonteCarlo.2", "point": 7, "testname": "TRAN_CMRR_MC", "cornername": "Nominal"}
[2026-04-10 09:38:20.833 Z] [WARN] [cadence.virtuoso.ade.simulationMonitor] -     WARNING (CMI-2425): I19.I14.C1: `Acde' = 2.393 is unusually large. {"history": "MonteCarlo.2", "point": 7, "testname": "TRAN_CMRR_MC", "cornername": "Nominal"}
[2026-04-10 09:38:20.833 Z] [WARN] [cadence.virtuoso.ade.simulationMonitor] -     WARNING (CMI-2425): I19.I14.C1: `Noff' = 4.732 is unusually large. {"history": "MonteCarlo.2", "point": 7, "testname": "TRAN_CMRR_MC", "cornername": "Nominal"}
[2026-04-10 09:38:20.833 Z] [WARN] [cadence.virtuoso.ade.simulationMonitor] -     WARNING (CMI-2424): I19.I14.C1: `Voffcv' = -867.4e-03 is unusually small. {"history": "MonteCarlo.2", "point": 7, "testname": "TRAN_CMRR_MC", "cornername": "Nominal"}
[2026-04-10 09:38:20.833 Z] [WARN] [cadence.virtuoso.ade.simulationMonitor] -     WARNING (CMI-2425): I19.I0.I5.C1: `Acde' = 2.393 is unusually large. {"history": "MonteCarlo.2", "point": 7, "testname": "TRAN_CMRR_MC", "cornername": "Nominal"}
[2026-04-10 09:38:20.833 Z] [WARN] [cadence.virtuoso.ade.simulationMonitor] -     WARNING (CMI-2425): I19.I0.I5.C1: `Noff' = 4.732 is unusually large. {"history": "MonteCarlo.2", "point": 7, "testname": "TRAN_CMRR_MC", "cornername": "Nominal"}
[2026-04-10 09:38:20.833 Z] [WARN] [cadence.virtuoso.ade.simulationMonitor] -     WARNING (CMI-2424): I19.I0.I5.C1: `Voffcv' = -867.4e-03 is unusually small. {"history": "MonteCarlo.2", "point": 7, "testname": "TRAN_CMRR_MC", "cornername": "Nominal"}
[2026-04-10 09:38:20.833 Z] [WARN] [cadence.virtuoso.ade.simulationMonitor] -     WARNING (CMI-2425): I19.I0.I3.C1: `Acde' = 2.393 is unusually large.
        Further occurrences of this warning will be suppressed. {"history": "MonteCarlo.2", "point": 7, "testname": "TRAN_CMRR_MC", "cornername": "Nominal"}
[2026-04-10 09:38:20.833 Z] [WARN] [cadence.virtuoso.ade.simulationMonitor] -     WARNING (CMI-2424): I19.I0.I3.C1: `Voffcv' = -867.4e-03 is unusually small. {"history": "MonteCarlo.2", "point": 7, "testname": "TRAN_CMRR_MC", "cornername": "Nominal"}
[2026-04-10 09:38:20.833 Z] [WARN] [cadence.virtuoso.ade.simulationMonitor] -     WARNING (CMI-2424): I19.I0.C0: `Voffcv' = -867.4e-03 is unusually small. {"history": "MonteCarlo.2", "point": 7, "testname": "TRAN_CMRR_MC", "cornername": "Nominal"}
[2026-04-10 09:38:20.833 Z] [INFO] [cadence.virtuoso.ade.simulationMonitor] - Notice from spectre during DC analysis `dcOp', during Monte Carlo analysis `mc1'.
    GminDC = 1 pS is large enough to noticeably affect the DC solution.
        dV(I19.I0.I5.C1.d1) = 2.64338 mV
        Use the `gmin_check' option to eliminate or expand this report.
    Bad pivoting is found during DC analysis. Option dc_pivot_check=yes is recommended for possible improvement of convergence. {"history": "MonteCarlo.2", "point": 7, "testname": "TRAN_CMRR_MC", "cornername": "Nominal"}
[2026-04-10 09:38:20.833 Z] [PROCESS] [cadence.virtuoso.ade.simulationMonitor] - Finished simulating for one iteration {"hostname": "edatools", "processid": 359607, "history": "MonteCarlo.2", "testname": "TRAN_CMRR_MC", "cornername": "Nominal", "point": 7, "logfile": "/home/saul/projects/IL2244_VT26_SAUL/logs_saul/logs0/Job64.log", "simid": "1"}
[2026-04-10 09:38:20.833 Z] [PROCESS] [cadence.virtuoso.ade.simulationMonitor] - Started Simulation {"hostname": "edatools", "processid": 359607, "history": "MonteCarlo.2", "testname": "TRAN_CMRR_MC", "cornername": "Nominal", "point": 8, "logfile": "/home/saul/projects/IL2244_VT26_SAUL/logs_saul/logs0/Job64.log", "event": "started", "task": "simulation"}
[2026-04-10 09:38:21.334 Z] [WARN] [cadence.virtuoso.ade.simulationMonitor] -     WARNING (CMI-2943): Parameter checks have been ignored because the valid value for parameter 'trise' could not be found in 'C5'. {"history": "MonteCarlo.2", "point": 8, "testname": "TRAN_CMRR_MC", "cornername": "Nominal"}
[2026-04-10 09:38:21.334 Z] [WARN] [cadence.virtuoso.ade.simulationMonitor] -     WARNING (CMI-2943): Parameter checks have been ignored because the valid value for parameter 'trise' could not be found in 'C6'. {"history": "MonteCarlo.2", "point": 8, "testname": "TRAN_CMRR_MC", "cornername": "Nominal"}
[2026-04-10 09:38:21.334 Z] [WARN] [cadence.virtuoso.ade.simulationMonitor] -     WARNING (CMI-2943): Parameter checks have been ignored because the valid value for parameter 'trise' could not be found in 'C0'. {"history": "MonteCarlo.2", "point": 8, "testname": "TRAN_CMRR_MC", "cornername": "Nominal"}
[2026-04-10 09:38:21.334 Z] [WARN] [cadence.virtuoso.ade.simulationMonitor] -     WARNING (CMI-2943): Parameter checks have been ignored because the valid value for parameter 'trise' could not be found in 'C9'. {"history": "MonteCarlo.2", "point": 8, "testname": "TRAN_CMRR_MC", "cornername": "Nominal"}
[2026-04-10 09:38:21.334 Z] [WARN] [cadence.virtuoso.ade.simulationMonitor] -     WARNING (CMI-2943): Parameter checks have been ignored because the valid value for parameter 'trise' could not be found in 'C3'.
        Further occurrences of this warning will be suppressed. {"history": "MonteCarlo.2", "point": 8, "testname": "TRAN_CMRR_MC", "cornername": "Nominal"}
[2026-04-10 09:38:21.334 Z] [INFO] [cadence.virtuoso.ade.simulationMonitor] - Total time required for dc analysis `dcOp': CPU = 14.384 ms, elapsed = 19.717 ms, util. = 73%. {"history": "MonteCarlo.2", "point": 8, "testname": "TRAN_CMRR_MC", "cornername": "Nominal"}
[2026-04-10 09:38:21.334 Z] [INFO] [cadence.virtuoso.ade.simulationMonitor] - Peak resident memory used = 346 Mbytes. {"history": "MonteCarlo.2", "point": 8, "testname": "TRAN_CMRR_MC", "cornername": "Nominal"}
[2026-04-10 09:38:21.334 Z] [INFO] [cadence.virtuoso.ade.simulationMonitor] - Notice from spectre during Monte Carlo analysis `mc1'.
    1 notice suppressed.
    115 warnings suppressed. {"history": "MonteCarlo.2", "point": 8, "testname": "TRAN_CMRR_MC", "cornername": "Nominal"}
[2026-04-10 09:38:21.335 Z] [INFO] [cadence.virtuoso.ade.simulationMonitor] - Notice from spectre during IC analysis, during periodic steady state analysis `pss', during Monte Carlo analysis `mc1'.
    GminDC = 1 pS is large enough to noticeably affect the DC solution.
        dV(I19.I0.I5.C1.d1) = 2.64338 mV
        Use the `gmin_check' option to eliminate or expand this report.
    Bad pivoting is found during DC analysis. Option dc_pivot_check=yes is recommended for possible improvement of convergence. {"history": "MonteCarlo.2", "point": 8, "testname": "TRAN_CMRR_MC", "cornername": "Nominal"}
[2026-04-10 09:38:21.335 Z] [WARN] [cadence.virtuoso.ade.simulationMonitor] -     WARNING (CMI-2943): Parameter checks have been ignored because the valid value for parameter 'trise' could not be found in 'C5'. {"history": "MonteCarlo.2", "point": 8, "testname": "TRAN_CMRR_MC", "cornername": "Nominal"}
[2026-04-10 09:38:21.335 Z] [WARN] [cadence.virtuoso.ade.simulationMonitor] -     WARNING (CMI-2943): Parameter checks have been ignored because the valid value for parameter 'trise' could not be found in 'C6'. {"history": "MonteCarlo.2", "point": 8, "testname": "TRAN_CMRR_MC", "cornername": "Nominal"}
[2026-04-10 09:38:21.335 Z] [WARN] [cadence.virtuoso.ade.simulationMonitor] -     WARNING (CMI-2943): Parameter checks have been ignored because the valid value for parameter 'trise' could not be found in 'C0'. {"history": "MonteCarlo.2", "point": 8, "testname": "TRAN_CMRR_MC", "cornername": "Nominal"}
[2026-04-10 09:38:21.335 Z] [WARN] [cadence.virtuoso.ade.simulationMonitor] -     WARNING (CMI-2943): Parameter checks have been ignored because the valid value for parameter 'trise' could not be found in 'C9'. {"history": "MonteCarlo.2", "point": 8, "testname": "TRAN_CMRR_MC", "cornername": "Nominal"}
[2026-04-10 09:38:21.335 Z] [WARN] [cadence.virtuoso.ade.simulationMonitor] -     WARNING (CMI-2943): Parameter checks have been ignored because the valid value for parameter 'trise' could not be found in 'C3'.
        Further occurrences of this warning will be suppressed. {"history": "MonteCarlo.2", "point": 8, "testname": "TRAN_CMRR_MC", "cornername": "Nominal"}
[2026-04-10 09:38:21.335 Z] [INFO] [cadence.virtuoso.ade.simulationMonitor] - Notice from spectre at time = 73.9748 us during periodic steady state analysis `pss', during Monte Carlo analysis `mc1'.
    Found trapezoidal ringing on node V1:p. {"history": "MonteCarlo.2", "point": 8, "testname": "TRAN_CMRR_MC", "cornername": "Nominal"}
[2026-04-10 09:38:21.335 Z] [INFO] [cadence.virtuoso.ade.simulationMonitor] - Notice from spectre at time = 85.9472 us during periodic steady state analysis `pss', during Monte Carlo analysis `mc1'.
    Found trapezoidal ringing on node V1:p. {"history": "MonteCarlo.2", "point": 8, "testname": "TRAN_CMRR_MC", "cornername": "Nominal"}
[2026-04-10 09:38:21.335 Z] [INFO] [cadence.virtuoso.ade.simulationMonitor] - Notice from spectre at time = 72.6863 us during periodic steady state analysis `pss', during Monte Carlo analysis `mc1'.
    Found trapezoidal ringing on node I19.I2.A. {"history": "MonteCarlo.2", "point": 8, "testname": "TRAN_CMRR_MC", "cornername": "Nominal"}
[2026-04-10 09:38:21.335 Z] [INFO] [cadence.virtuoso.ade.simulationMonitor] - Notice from spectre at time = 93.2547 us during periodic steady state analysis `pss', during Monte Carlo analysis `mc1'.
    Found trapezoidal ringing on node V1:p. {"history": "MonteCarlo.2", "point": 8, "testname": "TRAN_CMRR_MC", "cornername": "Nominal"}
[2026-04-10 09:38:21.335 Z] [INFO] [cadence.virtuoso.ade.simulationMonitor] - Notice from spectre at time = 98.5998 us during periodic steady state analysis `pss', during Monte Carlo analysis `mc1'.
    Found trapezoidal ringing on node I19.I2.A.
        Further occurrences of this notice will be suppressed. {"history": "MonteCarlo.2", "point": 8, "testname": "TRAN_CMRR_MC", "cornername": "Nominal"}
[2026-04-10 09:38:22.836 Z] [INFO] [cadence.virtuoso.ade.simulationMonitor] - Total time required for tstab analysis `pss': CPU = 1.72487 s, elapsed = 1.7717 s. {"history": "MonteCarlo.2", "point": 8, "testname": "TRAN_CMRR_MC", "cornername": "Nominal"}
[2026-04-10 09:38:22.836 Z] [INFO] [cadence.virtuoso.ade.simulationMonitor] - Peak resident memory used = 346 Mbytes. {"history": "MonteCarlo.2", "point": 8, "testname": "TRAN_CMRR_MC", "cornername": "Nominal"}
[2026-04-10 09:38:22.836 Z] [INFO] [cadence.virtuoso.ade.simulationMonitor] - Notice from spectre during periodic steady state analysis `pss', during Monte Carlo analysis `mc1'.
    112 warnings suppressed. {"history": "MonteCarlo.2", "point": 8, "testname": "TRAN_CMRR_MC", "cornername": "Nominal"}
[2026-04-10 09:38:31.840 Z] [INFO] [cadence.virtuoso.ade.simulationMonitor] - Notice from spectre during periodic steady state analysis `pss', during Monte Carlo analysis `mc1'.
    Trapezoidal ringing is detected during pss analysis.
        Please use method=trap for better results and performance. {"history": "MonteCarlo.2", "point": 8, "testname": "TRAN_CMRR_MC", "cornername": "Nominal"}
[2026-04-10 09:38:31.841 Z] [INFO] [cadence.virtuoso.ade.simulationMonitor] - Total time required for pss analysis `pss': CPU = 10.6072 s, elapsed = 10.6771 s, util. = 99.3%. {"history": "MonteCarlo.2", "point": 8, "testname": "TRAN_CMRR_MC", "cornername": "Nominal"}
[2026-04-10 09:38:31.841 Z] [INFO] [cadence.virtuoso.ade.simulationMonitor] - Peak resident memory used = 346 Mbytes. {"history": "MonteCarlo.2", "point": 8, "testname": "TRAN_CMRR_MC", "cornername": "Nominal"}
[2026-04-10 09:38:31.841 Z] [INFO] [cadence.virtuoso.ade.simulationMonitor] - Notice from spectre during periodic steady state analysis `pss', during Monte Carlo analysis `mc1'.
    913 notices suppressed. {"history": "MonteCarlo.2", "point": 8, "testname": "TRAN_CMRR_MC", "cornername": "Nominal"}
[2026-04-10 09:38:31.841 Z] [INFO] [cadence.virtuoso.ade.simulationMonitor] - Total time required for montecarlo analysis `mc1': CPU = 43.8901 s, elapsed = 46.7617 s, util. = 93.9%. {"history": "MonteCarlo.2", "point": 8, "testname": "TRAN_CMRR_MC", "cornername": "Nominal"}
[2026-04-10 09:38:31.841 Z] [INFO] [cadence.virtuoso.ade.simulationMonitor] - Peak resident memory used = 346 Mbytes. {"history": "MonteCarlo.2", "point": 8, "testname": "TRAN_CMRR_MC", "cornername": "Nominal"}
[2026-04-10 09:38:31.841 Z] [INFO] [cadence.virtuoso.ade.simulationMonitor] - Time used: CPU = 44.1 s, elapsed = 47.2 s, util. = 93.5%. {"history": "MonteCarlo.2", "point": 8, "testname": "TRAN_CMRR_MC", "cornername": "Nominal"}
[2026-04-10 09:38:31.841 Z] [INFO] [cadence.virtuoso.ade.simulationMonitor] - Time spent in licensing: elapsed = 84.8 ms. {"history": "MonteCarlo.2", "point": 8, "testname": "TRAN_CMRR_MC", "cornername": "Nominal"}
[2026-04-10 09:38:31.841 Z] [INFO] [cadence.virtuoso.ade.simulationMonitor] - Peak memory used = 345 Mbytes. {"history": "MonteCarlo.2", "point": 8, "testname": "TRAN_CMRR_MC", "cornername": "Nominal"}
[2026-04-10 09:38:31.841 Z] [PROCESS] [cadence.virtuoso.ade.simulationMonitor] - Simulation started at: 9:37:44 AM, Fri Apr 10, 2026, ended at: 9:38:31 AM, Fri Apr 10, 2026, with elapsed time (wall clock): 47.2 s. {"history": "MonteCarlo.2", "point": 5, "testname": "TRAN_CMRR_MC", "cornername": "Nominal", "Points": "5 6 7 8 "}
[2026-04-10 09:38:31.841 Z] [PROCESS] [cadence.virtuoso.ade.simulationMonitor] - spectre completes with 0 errors, 113 warnings, and 94 notices. {"history": "MonteCarlo.2", "point": 5, "testname": "TRAN_CMRR_MC", "cornername": "Nominal", "Points": "5 6 7 8 "}
[2026-04-10 09:38:31.842 Z] [PROCESS] [cadence.virtuoso.ade.simulationMonitor] - Finished simulating for one iteration {"hostname": "edatools", "processid": 359607, "history": "MonteCarlo.2", "testname": "TRAN_CMRR_MC", "cornername": "Nominal", "point": 8, "logfile": "/home/saul/projects/IL2244_VT26_SAUL/logs_saul/logs0/Job64.log", "simid": "1"}
[2026-04-10 09:38:31.842 Z] [PROCESS] [cadence.virtuoso.ade.simulationMonitor] - Simulator exited {"hostname": "edatools", "processid": 359607, "history": "MonteCarlo.2", "testname": "TRAN_CMRR_MC", "cornername": "Nominal", "point": 8, "logfile": "/home/saul/projects/IL2244_VT26_SAUL/logs_saul/logs0/Job64.log", "exitStatus": "0"}
[2026-04-10 09:38:31.842 Z] [PROCESS] [cadence.virtuoso.ade.simulationMonitor] - Finished Simulation {"hostname": "edatools", "processid": 359607, "history": "MonteCarlo.2", "testname": "TRAN_CMRR_MC", "cornername": "Nominal", "point": 5, "logfile": "/home/saul/projects/IL2244_VT26_SAUL/logs_saul/logs0/Job64.log", "simid": "1"}
[2026-04-10 09:38:32.342 Z] [PROCESS] [cadence.virtuoso.ade.simulationMonitor] - Point Finished {"hostname": "edatools", "processid": 359607, "history": "MonteCarlo.2", "testname": "TRAN_CMRR_MC", "cornername": "Nominal", "point": 5, "logfile": "/home/saul/projects/IL2244_VT26_SAUL/logs_saul/logs0/Job64.log"}
[2026-04-10 09:38:33.344 Z] [PROCESS] [cadence.virtuoso.ade.simulationMonitor] - Stay with the runId '15', Linger time '300', currentRunSyn '31', currentTestSyn '32' {"hostname": "edatools", "processid": 359607, "history": "MonteCarlo.2", "testname": "TRAN_CMRR_MC", "cornername": "Nominal", "point": 5, "logfile": "/home/saul/projects/IL2244_VT26_SAUL/logs_saul/logs0/Job64.log"}
[2026-04-10 09:38:34.344 Z] [PROCESS] [cadence.virtuoso.ade.simulationMonitor] - Stay with the runId '15', Linger time '300', currentRunSyn '31', currentTestSyn '32' {"hostname": "edatools", "processid": 359607, "history": "MonteCarlo.2", "testname": "TRAN_CMRR_MC", "cornername": "Nominal", "point": 5, "logfile": "/home/saul/projects/IL2244_VT26_SAUL/logs_saul/logs0/Job64.log"}
[2026-04-10 09:43:32.893 Z] [PROCESS] [cadence.virtuoso.ade.simulationMonitor] - Current memory used: 52.2461 MBytes, peak memory used: 52.2461 MBytes {"hostname": "edatools", "processid": 359607, "history": "MonteCarlo.2", "testname": "TRAN_CMRR_MC", "cornername": "Nominal", "point": 5, "logfile": "/home/saul/projects/IL2244_VT26_SAUL/logs_saul/logs0/Job64.log"}
[2026-04-10 09:43:32.893 Z] [PROCESS] [cadence.virtuoso.ade.simulationMonitor] - Simulation Monitor process exit. {"hostname": "edatools", "processid": 359607, "history": "MonteCarlo.2", "testname": "TRAN_CMRR_MC", "cornername": "Nominal", "point": 5, "logfile": "/home/saul/projects/IL2244_VT26_SAUL/logs_saul/logs0/Job64.log"}
