[Simulation Monitor: 67]
[2026-04-10 09:37:44.502 Z] [PROCESS] [cadence.virtuoso.ade.simulationMonitor] - Simulation Monitor has successfully started up. Trying to set up communication channels to other components ... {"hostname": "edatools", "processid": 359911, "logfile": "/home/saul/projects/IL2244_VT26_SAUL/logs_saul/logs0/Job67.log"}
[2026-04-10 09:37:44.503 Z] [PROCESS] [cadence.virtuoso.ade.simulationMonitor] - Communication channels have been successfully set up. Start processing events ... {"hostname": "edatools", "processid": 359911, "logfile": "/home/saul/projects/IL2244_VT26_SAUL/logs_saul/logs0/Job67.log"}
[2026-04-10 09:37:44.503 Z] [PROCESS] [cadence.virtuoso.ade.simulationMonitor] - Considering to start history {"hostname": "edatools", "processid": 359911, "history": "MonteCarlo.2", "logfile": "/home/saul/projects/IL2244_VT26_SAUL/logs_saul/logs0/Job67.log"}
[2026-04-10 09:37:44.505 Z] [PROCESS] [cadence.virtuoso.ade.simulationMonitor] - HostInfo:
Host name (type):	edatools (x86_64)
Operating system:	Linux 6.17.0-20-generic #20~24.04.1-Ubuntu SMP PREEMPT_DYNAMIC Thu Mar 19 01:28:37 UTC 2 {"hostname": "edatools", "processid": 359911, "history": "MonteCarlo.2", "testname": "TRAN_CMRR_MC", "cornername": "Nominal", "point": 17, "logfile": "/home/saul/projects/IL2244_VT26_SAUL/logs_saul/logs0/Job67.log", "nodename": "edatools", "domainname": "(none)", "machine": "x86_64", "sysname": "Linux", "release": "6.17.0-20-generic", "version": "#20~24.04.1-Ubuntu SMP PREEMPT_DYNAMIC Thu Mar 19 01:28:37 UTC 2"}
[2026-04-10 09:37:44.505 Z] [PROCESS] [cadence.virtuoso.ade.simulationMonitor] - UsageInfo:
pid=359911
totalPhysicalMemory=62.544991GB,Used=43.733540GB,totalVirtualMemory=70.544987GB,Used=43.733540GB
Cpu: Cores=16, Load average:0.680000,0.990000,1.100000 {"hostname": "edatools", "processid": 359911, "history": "MonteCarlo.2", "testname": "TRAN_CMRR_MC", "cornername": "Nominal", "point": 17, "logfile": "/home/saul/projects/IL2244_VT26_SAUL/logs_saul/logs0/Job67.log", "pid": "359911", "totalPhysicalMemory": "62.544991", "physicalMemoryUsed": "43.733540", "totalVirtualMemory": "70.544987", "virtualMemoryUsed": "43.733540", "cpuCores": "16", "processes": "2286", "loadAverage1": "0.680000", "loadAverage5": "0.990000", "loadAverage15": "1.100000", "loadAverage1Percent": "0.042500"}
[2026-04-10 09:37:44.505 Z] [EVENT] [cadence.virtuoso.ade.simulationMonitor] - GroupPoints {"history": "MonteCarlo.2", "point": 17, "testname": "TRAN_CMRR_MC", "cornername": "Nominal", "event": "GroupPoints", "EventSource": "Simulation Monitor", "Points": "17:1:20", "HistoryName": "MonteCarlo.2", "logFile": "/home/saul/projects/IL2244_VT26_SAUL/logs_saul/logs0/Job67.log", "logFileSize": "2324"}
[2026-04-10 09:37:44.606 Z] [EVENT] [cadence.virtuoso.ade.simulationMonitor] - GroupPoints {"history": "MonteCarlo.2", "point": 17, "testname": "TRAN_CMRR_MC", "cornername": "Nominal", "event": "GroupPoints", "EventSource": "spectre", "Points": "17:1:20", "HistoryName": "MonteCarlo.2", "logFile": "/home/saul/projects/IL2244_VT26_SAUL/Sim/FECG/fecg_front_end_cmrr_tb/maestro/results/maestro/MonteCarlo.2/17/TRAN_CMRR_MC/groupRunDataDir/psf/spectre.out", "logFileSize": "-1"}
[2026-04-10 09:37:44.609 Z] [PROCESS] [cadence.virtuoso.ade.simulationMonitor] - Simulator launched {"hostname": "edatools", "processid": 359911, "history": "MonteCarlo.2", "testname": "TRAN_CMRR_MC", "cornername": "Nominal", "point": 17, "logfile": "/home/saul/projects/IL2244_VT26_SAUL/logs_saul/logs0/Job67.log", "simid": "1"}
[2026-04-10 09:37:44.610 Z] [PROCESS] [cadence.virtuoso.ade.simulationMonitor] - Expression evaluator launched {"hostname": "edatools", "processid": 359911, "history": "MonteCarlo.2", "testname": "TRAN_CMRR_MC", "cornername": "Nominal", "point": 17, "logfile": "/home/saul/projects/IL2244_VT26_SAUL/logs_saul/logs0/Job67.log"}
[2026-04-10 09:37:44.630 Z] [PROCESS] [cadence.virtuoso.ade.simulationMonitor] - Started Simulation {"hostname": "edatools", "processid": 359911, "history": "MonteCarlo.2", "testname": "TRAN_CMRR_MC", "cornername": "Nominal", "point": 17, "logfile": "/home/saul/projects/IL2244_VT26_SAUL/logs_saul/logs0/Job67.log", "event": "started", "task": "simulation"}
[2026-04-10 09:37:45.130 Z] [INFO] [cadence.virtuoso.ade.simulationMonitor] - Notice from spectre during circuit read-in.
    Pre_Configuration file used: /opt/tools/cadence/installs/SPECTRE241/tools.lnx86/spectre/etc/configs/preset.precfg
    Configuration file used: `/opt/tools/cadence/installs/SPECTRE241/tools.lnx86/spectre/etc/configs/preset.cfg'. {"history": "MonteCarlo.2", "point": 17, "testname": "TRAN_CMRR_MC", "cornername": "Nominal"}
[2026-04-10 09:37:45.131 Z] [WARN] [cadence.virtuoso.ade.simulationMonitor] -     WARNING (SPECTRE-8360): line 1511: `ac' is an undefined primitive device. {"history": "MonteCarlo.2", "point": 17, "testname": "TRAN_CMRR_MC", "cornername": "Nominal"}
[2026-04-10 09:37:45.131 Z] [WARN] [cadence.virtuoso.ade.simulationMonitor] -     WARNING (SPECTRE-8360): line 1512: `ac' is an undefined primitive device. {"history": "MonteCarlo.2", "point": 17, "testname": "TRAN_CMRR_MC", "cornername": "Nominal"}
[2026-04-10 09:37:45.131 Z] [WARN] [cadence.virtuoso.ade.simulationMonitor] -     WARNING (SPECTRE-8360): line 1513: `ac' is an undefined primitive device. {"history": "MonteCarlo.2", "point": 17, "testname": "TRAN_CMRR_MC", "cornername": "Nominal"}
[2026-04-10 09:37:45.131 Z] [WARN] [cadence.virtuoso.ade.simulationMonitor] -     WARNING (SPECTRE-8360): line 1514: `ac' is an undefined primitive device. {"history": "MonteCarlo.2", "point": 17, "testname": "TRAN_CMRR_MC", "cornername": "Nominal"}
[2026-04-10 09:37:45.131 Z] [WARN] [cadence.virtuoso.ade.simulationMonitor] -     WARNING (SPECTRE-8360): line 1515: `ac' is an undefined primitive device.
        Further occurrences of this warning will be suppressed. {"history": "MonteCarlo.2", "point": 17, "testname": "TRAN_CMRR_MC", "cornername": "Nominal"}
[2026-04-10 09:37:45.131 Z] [INFO] [cadence.virtuoso.ade.simulationMonitor] - Peak resident memory used = 173 Mbytes. {"history": "MonteCarlo.2", "point": 17, "testname": "TRAN_CMRR_MC", "cornername": "Nominal"}
[2026-04-10 09:37:45.131 Z] [WARN] [cadence.virtuoso.ade.simulationMonitor] -     WARNING (VACOMP-2435): The environment variable CDS_AHDLCMI_ENABLE is no longer supported. Therefore, the simulator will use the default compiled C code flow. {"history": "MonteCarlo.2", "point": 17, "testname": "TRAN_CMRR_MC", "cornername": "Nominal"}
[2026-04-10 09:37:45.131 Z] [WARN] [cadence.virtuoso.ade.simulationMonitor] -     WARNING (SFE-3031): The floating capacitor I19.I11.C7<0>_turbo_m3.C1 is removed. {"history": "MonteCarlo.2", "point": 17, "testname": "TRAN_CMRR_MC", "cornername": "Nominal"}
[2026-04-10 09:37:45.131 Z] [WARN] [cadence.virtuoso.ade.simulationMonitor] -     WARNING (SFE-3031): The floating capacitor I19.I11.C10<0>_turbo_m12.C1 is removed. {"history": "MonteCarlo.2", "point": 17, "testname": "TRAN_CMRR_MC", "cornername": "Nominal"}
[2026-04-10 09:37:45.131 Z] [WARN] [cadence.virtuoso.ade.simulationMonitor] -     WARNING (SFE-3031): The floating capacitor I19.I12.C7<0>_turbo_m3.C1 is removed. {"history": "MonteCarlo.2", "point": 17, "testname": "TRAN_CMRR_MC", "cornername": "Nominal"}
[2026-04-10 09:37:45.131 Z] [WARN] [cadence.virtuoso.ade.simulationMonitor] -     WARNING (SFE-3031): The floating capacitor I19.I8.C6<0>_turbo_m3.C1 is removed. {"history": "MonteCarlo.2", "point": 17, "testname": "TRAN_CMRR_MC", "cornername": "Nominal"}
[2026-04-10 09:37:45.132 Z] [WARN] [cadence.virtuoso.ade.simulationMonitor] -     WARNING (SFE-3031): The floating capacitor I19.I14.C2.C1 is removed.
        Further occurrences of this warning will be suppressed. {"history": "MonteCarlo.2", "point": 17, "testname": "TRAN_CMRR_MC", "cornername": "Nominal"}
[2026-04-10 09:37:45.132 Z] [INFO] [cadence.virtuoso.ade.simulationMonitor] - Peak resident memory used = 190 Mbytes. {"history": "MonteCarlo.2", "point": 17, "testname": "TRAN_CMRR_MC", "cornername": "Nominal"}
[2026-04-10 09:37:45.132 Z] [INFO] [cadence.virtuoso.ade.simulationMonitor] - Notice from spectre during hierarchy flattening.
    The value 'psf' specified for the 'checklimitdest' option will no longer be supported in future releases. Use 'spectre -h' to see other recommended values for the 'checklimitdest' option.
    I19.I0.R10.CS0 of rpolyhc: `c' has the unusually small value of 0 F.
    I19.I0.R10.CS1 of rpolyhc: `c' has the unusually small value of 0 F.
    I19.I0.R9.CS0 of rpolyhc: `c' has the unusually small value of 0 F.
    I19.I0.R9.CS1 of rpolyhc: `c' has the unusually ... {"history": "MonteCarlo.2", "point": 17, "testname": "TRAN_CMRR_MC", "cornername": "Nominal"}
[2026-04-10 09:37:45.132 Z] [INFO] [cadence.virtuoso.ade.simulationMonitor] - Peak resident memory used = 194 Mbytes. {"history": "MonteCarlo.2", "point": 17, "testname": "TRAN_CMRR_MC", "cornername": "Nominal"}
[2026-04-10 09:37:45.132 Z] [WARN] [cadence.virtuoso.ade.simulationMonitor] -     WARNING (CMI-2425): I19.I14.C1: `Acde' = 2.393 is unusually large. {"history": "MonteCarlo.2", "point": 17, "testname": "TRAN_CMRR_MC", "cornername": "Nominal"}
[2026-04-10 09:37:45.132 Z] [WARN] [cadence.virtuoso.ade.simulationMonitor] -     WARNING (CMI-2425): I19.I14.C1: `Noff' = 4.732 is unusually large. {"history": "MonteCarlo.2", "point": 17, "testname": "TRAN_CMRR_MC", "cornername": "Nominal"}
[2026-04-10 09:37:45.132 Z] [WARN] [cadence.virtuoso.ade.simulationMonitor] -     WARNING (CMI-2424): I19.I14.C1: `Voffcv' = -867.4e-03 is unusually small. {"history": "MonteCarlo.2", "point": 17, "testname": "TRAN_CMRR_MC", "cornername": "Nominal"}
[2026-04-10 09:37:45.132 Z] [WARN] [cadence.virtuoso.ade.simulationMonitor] -     WARNING (CMI-2425): I19.I0.I5.C1: `Acde' = 2.393 is unusually large. {"history": "MonteCarlo.2", "point": 17, "testname": "TRAN_CMRR_MC", "cornername": "Nominal"}
[2026-04-10 09:37:45.132 Z] [WARN] [cadence.virtuoso.ade.simulationMonitor] -     WARNING (CMI-2425): I19.I0.I5.C1: `Noff' = 4.732 is unusually large. {"history": "MonteCarlo.2", "point": 17, "testname": "TRAN_CMRR_MC", "cornername": "Nominal"}
[2026-04-10 09:37:45.132 Z] [WARN] [cadence.virtuoso.ade.simulationMonitor] -     WARNING (CMI-2424): I19.I0.I5.C1: `Voffcv' = -867.4e-03 is unusually small. {"history": "MonteCarlo.2", "point": 17, "testname": "TRAN_CMRR_MC", "cornername": "Nominal"}
[2026-04-10 09:37:45.132 Z] [WARN] [cadence.virtuoso.ade.simulationMonitor] -     WARNING (CMI-2425): I19.I0.I3.C1: `Acde' = 2.393 is unusually large.
        Further occurrences of this warning will be suppressed. {"history": "MonteCarlo.2", "point": 17, "testname": "TRAN_CMRR_MC", "cornername": "Nominal"}
[2026-04-10 09:37:45.132 Z] [WARN] [cadence.virtuoso.ade.simulationMonitor] -     WARNING (CMI-2424): I19.I0.I3.C1: `Voffcv' = -867.4e-03 is unusually small. {"history": "MonteCarlo.2", "point": 17, "testname": "TRAN_CMRR_MC", "cornername": "Nominal"}
[2026-04-10 09:37:45.132 Z] [WARN] [cadence.virtuoso.ade.simulationMonitor] -     WARNING (CMI-2424): I19.I0.C0: `Voffcv' = -867.4e-03 is unusually small. {"history": "MonteCarlo.2", "point": 17, "testname": "TRAN_CMRR_MC", "cornername": "Nominal"}
[2026-04-10 09:37:45.132 Z] [WARN] [cadence.virtuoso.ade.simulationMonitor] -     WARNING (SPECTRE-17607): Assert `SOAC_rpolyh_vminuspsub' is ignored because it contains an expression which is invalid or not supported by native evaluator.  {"history": "MonteCarlo.2", "point": 17, "testname": "TRAN_CMRR_MC", "cornername": "Nominal"}
[2026-04-10 09:37:45.132 Z] [WARN] [cadence.virtuoso.ade.simulationMonitor] -     WARNING (SPECTRE-17607): Assert `SOAC_rpolyh_vpluspsub' is ignored because it contains an expression which is invalid or not supported by native evaluator.  {"history": "MonteCarlo.2", "point": 17, "testname": "TRAN_CMRR_MC", "cornername": "Nominal"}
[2026-04-10 09:37:45.133 Z] [WARN] [cadence.virtuoso.ade.simulationMonitor] -     WARNING (SPECTRE-16460): SOAC_cvarm_vspsub:Specified subcircuit master `cvarm' was not found. {"history": "MonteCarlo.2", "point": 17, "testname": "TRAN_CMRR_MC", "cornername": "Nominal"}
[2026-04-10 09:37:45.133 Z] [WARN] [cadence.virtuoso.ade.simulationMonitor] -     WARNING (SPECTRE-16462): SOAC_cvarm_vspsub:Error in specification of subcircuit master. Assert is ignored. {"history": "MonteCarlo.2", "point": 17, "testname": "TRAN_CMRR_MC", "cornername": "Nominal"}
[2026-04-10 09:37:45.133 Z] [WARN] [cadence.virtuoso.ade.simulationMonitor] -     WARNING (SPECTRE-16460): SOAC_cvarm_vbs:Specified subcircuit master `cvarm' was not found. {"history": "MonteCarlo.2", "point": 17, "testname": "TRAN_CMRR_MC", "cornername": "Nominal"}
[2026-04-10 09:37:45.133 Z] [WARN] [cadence.virtuoso.ade.simulationMonitor] -     WARNING (SPECTRE-16462): SOAC_cvarm_vbs:Error in specification of subcircuit master. Assert is ignored. {"history": "MonteCarlo.2", "point": 17, "testname": "TRAN_CMRR_MC", "cornername": "Nominal"}
[2026-04-10 09:37:45.133 Z] [WARN] [cadence.virtuoso.ade.simulationMonitor] -     WARNING (SPECTRE-16460): SOAC_cvarm_vgb:Specified subcircuit master `cvarm' was not found. {"history": "MonteCarlo.2", "point": 17, "testname": "TRAN_CMRR_MC", "cornername": "Nominal"}
[2026-04-10 09:37:45.133 Z] [WARN] [cadence.virtuoso.ade.simulationMonitor] -     WARNING (SPECTRE-16462): SOAC_cvarm_vgb:Error in specification of subcircuit master. Assert is ignored. {"history": "MonteCarlo.2", "point": 17, "testname": "TRAN_CMRR_MC", "cornername": "Nominal"}
[2026-04-10 09:37:45.133 Z] [WARN] [cadence.virtuoso.ade.simulationMonitor] -     WARNING (SPECTRE-16460): SOAC_cvart_vspsub:Specified subcircuit master `cvart' was not found. {"history": "MonteCarlo.2", "point": 17, "testname": "TRAN_CMRR_MC", "cornername": "Nominal"}
[2026-04-10 09:37:45.133 Z] [WARN] [cadence.virtuoso.ade.simulationMonitor] -     WARNING (SPECTRE-16462): SOAC_cvart_vspsub:Error in specification of subcircuit master. Assert is ignored. {"history": "MonteCarlo.2", "point": 17, "testname": "TRAN_CMRR_MC", "cornername": "Nominal"}
[2026-04-10 09:37:45.133 Z] [WARN] [cadence.virtuoso.ade.simulationMonitor] -     WARNING (SPECTRE-16460): SOAC_cvart_vbs:Specified subcircuit master `cvart' was not found.
        Further occurrences of this warning will be suppressed. {"history": "MonteCarlo.2", "point": 17, "testname": "TRAN_CMRR_MC", "cornername": "Nominal"}
[2026-04-10 09:37:45.133 Z] [WARN] [cadence.virtuoso.ade.simulationMonitor] -     WARNING (SPECTRE-16462): SOAC_cvart_vbs:Error in specification of subcircuit master. Assert is ignored.
        Further occurrences of this warning will be suppressed. {"history": "MonteCarlo.2", "point": 17, "testname": "TRAN_CMRR_MC", "cornername": "Nominal"}
[2026-04-10 09:37:45.133 Z] [WARN] [cadence.virtuoso.ade.simulationMonitor] -     WARNING (SPECTRE-17607): Assert `SOAC_cvar_vspsub' is ignored because it contains an expression which is invalid or not supported by native evaluator.  {"history": "MonteCarlo.2", "point": 17, "testname": "TRAN_CMRR_MC", "cornername": "Nominal"}
[2026-04-10 09:37:45.133 Z] [WARN] [cadence.virtuoso.ade.simulationMonitor] -     WARNING (SPECTRE-17607): Assert `SOAC_cvar_vbpsub' is ignored because it contains an expression which is invalid or not supported by native evaluator.  {"history": "MonteCarlo.2", "point": 17, "testname": "TRAN_CMRR_MC", "cornername": "Nominal"}
[2026-04-10 09:37:45.133 Z] [WARN] [cadence.virtuoso.ade.simulationMonitor] -     WARNING (SPECTRE-17607): Assert `SOAC_cvar_vgpsub' is ignored because it contains an expression which is invalid or not supported by native evaluator. 
        Further occurrences of this warning will be suppressed. {"history": "MonteCarlo.2", "point": 17, "testname": "TRAN_CMRR_MC", "cornername": "Nominal"}
[2026-04-10 09:37:45.634 Z] [INFO] [cadence.virtuoso.ade.simulationMonitor] - Notice from spectre during topology check.
    No DC path from node `VA' to ground, Gmin installed to provide path. {"history": "MonteCarlo.2", "point": 17, "testname": "TRAN_CMRR_MC", "cornername": "Nominal"}
[2026-04-10 09:37:45.634 Z] [INFO] [cadence.virtuoso.ade.simulationMonitor] - Notice from spectre during initial setup.
    Multithreading is disabled due to the size of the design being too small. {"history": "MonteCarlo.2", "point": 17, "testname": "TRAN_CMRR_MC", "cornername": "Nominal"}
[2026-04-10 09:37:45.634 Z] [WARN] [cadence.virtuoso.ade.simulationMonitor] -     WARNING (SPECTRE-592): Following parameters are disabled because they are ignored or redefined in Spectre X:
        
        
        PSS Parameters:
          errpreset {"history": "MonteCarlo.2", "point": 17, "testname": "TRAN_CMRR_MC", "cornername": "Nominal"}
[2026-04-10 09:37:45.634 Z] [INFO] [cadence.virtuoso.ade.simulationMonitor] -               nodes 208 {"history": "MonteCarlo.2", "point": 17, "testname": "TRAN_CMRR_MC", "cornername": "Nominal"}
[2026-04-10 09:37:45.634 Z] [INFO] [cadence.virtuoso.ade.simulationMonitor] - Notice from spectre during initial setup.
    1 resistors are shorted because their absolute value is less than or equal to 'rabsshort'.
    1 vsources are shorted because their absolute value is less than or equal to 'vabsshort'.
    Spectre X preset=mx enabled. {"history": "MonteCarlo.2", "point": 17, "testname": "TRAN_CMRR_MC", "cornername": "Nominal"}
[2026-04-10 09:37:45.634 Z] [WARN] [cadence.virtuoso.ade.simulationMonitor] -     WARNING (CMI-2424): I19.I14.C1: `Voffcv' = -867.4e-03 is unusually small.
        Further occurrences of this warning will be suppressed. {"history": "MonteCarlo.2", "point": 17, "testname": "TRAN_CMRR_MC", "cornername": "Nominal"}
[2026-04-10 09:37:45.634 Z] [INFO] [cadence.virtuoso.ade.simulationMonitor] - Notice from spectre.
    7 notices suppressed.
    99 warnings suppressed. {"history": "MonteCarlo.2", "point": 17, "testname": "TRAN_CMRR_MC", "cornername": "Nominal"}
[2026-04-10 09:37:45.634 Z] [INFO] [cadence.virtuoso.ade.simulationMonitor] - Peak resident memory used = 202 Mbytes. {"history": "MonteCarlo.2", "point": 17, "testname": "TRAN_CMRR_MC", "cornername": "Nominal"}
[2026-04-10 09:37:45.635 Z] [INFO] [cadence.virtuoso.ade.simulationMonitor] -    -   (Spectre X) Multi-threading. The recommended number of threads is 1, consider adding +mt=1 on command line. {"history": "MonteCarlo.2", "point": 17, "testname": "TRAN_CMRR_MC", "cornername": "Nominal"}
[2026-04-10 09:37:45.635 Z] [INFO] [cadence.virtuoso.ade.simulationMonitor] - Notice from spectre at iteration = 17 in `rpolyhc':`I19.I0.R10', in `fecg_cmfb2':`I19.I0', in `fecg_front_end':`I19', during Monte Carlo analysis `mc1'.
    I19.I0.R10.CS0 of rpolyhc: `c' has the unusually small value of 0 F.
    I19.I0.R10.CS1 of rpolyhc: `c' has the unusually small value of 0 F. {"history": "MonteCarlo.2", "point": 17, "testname": "TRAN_CMRR_MC", "cornername": "Nominal"}
[2026-04-10 09:37:45.635 Z] [INFO] [cadence.virtuoso.ade.simulationMonitor] - Notice from spectre at iteration = 17 in `rpolyhc':`I19.I0.R9', in `fecg_cmfb2':`I19.I0', in `fecg_front_end':`I19', during Monte Carlo analysis `mc1'.
    I19.I0.R9.CS0 of rpolyhc: `c' has the unusually small value of 0 F.
    I19.I0.R9.CS1 of rpolyhc: `c' has the unusually small value of 0 F. {"history": "MonteCarlo.2", "point": 17, "testname": "TRAN_CMRR_MC", "cornername": "Nominal"}
[2026-04-10 09:37:45.635 Z] [INFO] [cadence.virtuoso.ade.simulationMonitor] - Notice from spectre at iteration = 17 in `rpolyhc':`I19.I0.R7', in `fecg_cmfb2':`I19.I0', in `fecg_front_end':`I19', during Monte Carlo analysis `mc1'.
    I19.I0.R7.CS0 of rpolyhc: `c' has the unusually small value of 0 F.
        Further occurrences of this notice will be suppressed. {"history": "MonteCarlo.2", "point": 17, "testname": "TRAN_CMRR_MC", "cornername": "Nominal"}
[2026-04-10 09:37:45.635 Z] [WARN] [cadence.virtuoso.ade.simulationMonitor] -     WARNING (CMI-2425): I19.I0.I5.C1: `Acde' = 2.393 is unusually large. {"history": "MonteCarlo.2", "point": 17, "testname": "TRAN_CMRR_MC", "cornername": "Nominal"}
[2026-04-10 09:37:45.635 Z] [WARN] [cadence.virtuoso.ade.simulationMonitor] -     WARNING (CMI-2425): I19.I0.I5.C1: `Noff' = 4.732 is unusually large. {"history": "MonteCarlo.2", "point": 17, "testname": "TRAN_CMRR_MC", "cornername": "Nominal"}
[2026-04-10 09:37:45.635 Z] [WARN] [cadence.virtuoso.ade.simulationMonitor] -     WARNING (CMI-2424): I19.I0.I5.C1: `Voffcv' = -867.4e-03 is unusually small. {"history": "MonteCarlo.2", "point": 17, "testname": "TRAN_CMRR_MC", "cornername": "Nominal"}
[2026-04-10 09:37:45.635 Z] [WARN] [cadence.virtuoso.ade.simulationMonitor] -     WARNING (CMI-2425): I19.I0.C0: `Acde' = 2.393 is unusually large. {"history": "MonteCarlo.2", "point": 17, "testname": "TRAN_CMRR_MC", "cornername": "Nominal"}
[2026-04-10 09:37:45.635 Z] [WARN] [cadence.virtuoso.ade.simulationMonitor] -     WARNING (CMI-2425): I19.I0.C0: `Noff' = 4.732 is unusually large. {"history": "MonteCarlo.2", "point": 17, "testname": "TRAN_CMRR_MC", "cornername": "Nominal"}
[2026-04-10 09:37:45.635 Z] [WARN] [cadence.virtuoso.ade.simulationMonitor] -     WARNING (CMI-2424): I19.I0.C0: `Voffcv' = -867.4e-03 is unusually small. {"history": "MonteCarlo.2", "point": 17, "testname": "TRAN_CMRR_MC", "cornername": "Nominal"}
[2026-04-10 09:37:45.635 Z] [WARN] [cadence.virtuoso.ade.simulationMonitor] -     WARNING (CMI-2425): I19.I0.I3.C1: `Acde' = 2.393 is unusually large.
        Further occurrences of this warning will be suppressed. {"history": "MonteCarlo.2", "point": 17, "testname": "TRAN_CMRR_MC", "cornername": "Nominal"}
[2026-04-10 09:37:45.635 Z] [WARN] [cadence.virtuoso.ade.simulationMonitor] -     WARNING (CMI-2424): I19.I0.I3.C1: `Voffcv' = -867.4e-03 is unusually small. {"history": "MonteCarlo.2", "point": 17, "testname": "TRAN_CMRR_MC", "cornername": "Nominal"}
[2026-04-10 09:37:45.636 Z] [WARN] [cadence.virtuoso.ade.simulationMonitor] -     WARNING (CMI-2424): I19.I14.C1: `Voffcv' = -867.4e-03 is unusually small. {"history": "MonteCarlo.2", "point": 17, "testname": "TRAN_CMRR_MC", "cornername": "Nominal"}
[2026-04-10 09:37:45.636 Z] [INFO] [cadence.virtuoso.ade.simulationMonitor] - Notice from spectre at iteration = 17 during DC analysis `dcOp', during Monte Carlo analysis `mc1'.
    No checklimit analysis defined for asserts. A default checklimit analysis 'SpectreChecklimitAnal' has been created with all asserts enabled. {"history": "MonteCarlo.2", "point": 17, "testname": "TRAN_CMRR_MC", "cornername": "Nominal"}
[2026-04-10 09:37:45.636 Z] [INFO] [cadence.virtuoso.ade.simulationMonitor] - Notice from spectre at iteration = 17 during DC analysis `dcOp', during Monte Carlo analysis `mc1'.
    GminDC = 1 pS is large enough to noticeably affect the DC solution.
        dV(I19.I0.I5.C1.d1) = 2.61854 mV
        Use the `gmin_check' option to eliminate or expand this report.
    Bad pivoting is found during DC analysis. Option dc_pivot_check=yes is recommended for possible improvement of convergence. {"history": "MonteCarlo.2", "point": 17, "testname": "TRAN_CMRR_MC", "cornername": "Nominal"}
[2026-04-10 09:37:45.636 Z] [WARN] [cadence.virtuoso.ade.simulationMonitor] -     WARNING (CMI-2943): Parameter checks have been ignored because the valid value for parameter 'trise' could not be found in 'C5'. {"history": "MonteCarlo.2", "point": 17, "testname": "TRAN_CMRR_MC", "cornername": "Nominal"}
[2026-04-10 09:37:45.636 Z] [WARN] [cadence.virtuoso.ade.simulationMonitor] -     WARNING (CMI-2943): Parameter checks have been ignored because the valid value for parameter 'trise' could not be found in 'C6'. {"history": "MonteCarlo.2", "point": 17, "testname": "TRAN_CMRR_MC", "cornername": "Nominal"}
[2026-04-10 09:37:45.636 Z] [WARN] [cadence.virtuoso.ade.simulationMonitor] -     WARNING (CMI-2943): Parameter checks have been ignored because the valid value for parameter 'trise' could not be found in 'C0'. {"history": "MonteCarlo.2", "point": 17, "testname": "TRAN_CMRR_MC", "cornername": "Nominal"}
[2026-04-10 09:37:45.636 Z] [WARN] [cadence.virtuoso.ade.simulationMonitor] -     WARNING (CMI-2943): Parameter checks have been ignored because the valid value for parameter 'trise' could not be found in 'C9'. {"history": "MonteCarlo.2", "point": 17, "testname": "TRAN_CMRR_MC", "cornername": "Nominal"}
[2026-04-10 09:37:45.636 Z] [WARN] [cadence.virtuoso.ade.simulationMonitor] -     WARNING (CMI-2943): Parameter checks have been ignored because the valid value for parameter 'trise' could not be found in 'C3'.
        Further occurrences of this warning will be suppressed. {"history": "MonteCarlo.2", "point": 17, "testname": "TRAN_CMRR_MC", "cornername": "Nominal"}
[2026-04-10 09:37:45.636 Z] [INFO] [cadence.virtuoso.ade.simulationMonitor] - Total time required for dc analysis `dcOp': CPU = 51.076 ms, elapsed = 62.3708 ms, util. = 81.9%. {"history": "MonteCarlo.2", "point": 17, "testname": "TRAN_CMRR_MC", "cornername": "Nominal"}
[2026-04-10 09:37:45.636 Z] [INFO] [cadence.virtuoso.ade.simulationMonitor] - Peak resident memory used = 214 Mbytes. {"history": "MonteCarlo.2", "point": 17, "testname": "TRAN_CMRR_MC", "cornername": "Nominal"}
[2026-04-10 09:37:45.637 Z] [INFO] [cadence.virtuoso.ade.simulationMonitor] - Notice from spectre at iteration = 17 during Monte Carlo analysis `mc1'.
    1 notice suppressed.
    115 warnings suppressed. {"history": "MonteCarlo.2", "point": 17, "testname": "TRAN_CMRR_MC", "cornername": "Nominal"}
[2026-04-10 09:37:45.637 Z] [INFO] [cadence.virtuoso.ade.simulationMonitor] - Notice from spectre at iteration = 17 during IC analysis, during periodic steady state analysis `pss', during Monte Carlo analysis `mc1'.
    GminDC = 1 pS is large enough to noticeably affect the DC solution.
        dV(I19.I0.I5.C1.d1) = 2.61854 mV
        Use the `gmin_check' option to eliminate or expand this report.
    Bad pivoting is found during DC analysis. Option dc_pivot_check=yes is recommended for possible improvement of convergence. {"history": "MonteCarlo.2", "point": 17, "testname": "TRAN_CMRR_MC", "cornername": "Nominal"}
[2026-04-10 09:37:45.637 Z] [WARN] [cadence.virtuoso.ade.simulationMonitor] -     WARNING (CMI-2943): Parameter checks have been ignored because the valid value for parameter 'trise' could not be found in 'C5'. {"history": "MonteCarlo.2", "point": 17, "testname": "TRAN_CMRR_MC", "cornername": "Nominal"}
[2026-04-10 09:37:45.637 Z] [WARN] [cadence.virtuoso.ade.simulationMonitor] -     WARNING (CMI-2943): Parameter checks have been ignored because the valid value for parameter 'trise' could not be found in 'C6'. {"history": "MonteCarlo.2", "point": 17, "testname": "TRAN_CMRR_MC", "cornername": "Nominal"}
[2026-04-10 09:37:45.637 Z] [WARN] [cadence.virtuoso.ade.simulationMonitor] -     WARNING (CMI-2943): Parameter checks have been ignored because the valid value for parameter 'trise' could not be found in 'C0'. {"history": "MonteCarlo.2", "point": 17, "testname": "TRAN_CMRR_MC", "cornername": "Nominal"}
[2026-04-10 09:37:45.637 Z] [WARN] [cadence.virtuoso.ade.simulationMonitor] -     WARNING (CMI-2943): Parameter checks have been ignored because the valid value for parameter 'trise' could not be found in 'C9'. {"history": "MonteCarlo.2", "point": 17, "testname": "TRAN_CMRR_MC", "cornername": "Nominal"}
[2026-04-10 09:37:45.637 Z] [WARN] [cadence.virtuoso.ade.simulationMonitor] -     WARNING (CMI-2943): Parameter checks have been ignored because the valid value for parameter 'trise' could not be found in 'C3'.
        Further occurrences of this warning will be suppressed. {"history": "MonteCarlo.2", "point": 17, "testname": "TRAN_CMRR_MC", "cornername": "Nominal"}
[2026-04-10 09:37:45.637 Z] [INFO] [cadence.virtuoso.ade.simulationMonitor] - Notice from spectre at time = 77.349 us during periodic steady state analysis `pss', during Monte Carlo analysis `mc1'.
    Found trapezoidal ringing on node V1:p. {"history": "MonteCarlo.2", "point": 17, "testname": "TRAN_CMRR_MC", "cornername": "Nominal"}
[2026-04-10 09:37:45.637 Z] [INFO] [cadence.virtuoso.ade.simulationMonitor] - Notice from spectre at time = 80.4443 us during periodic steady state analysis `pss', during Monte Carlo analysis `mc1'.
    Found trapezoidal ringing on node V1:p. {"history": "MonteCarlo.2", "point": 17, "testname": "TRAN_CMRR_MC", "cornername": "Nominal"}
[2026-04-10 09:37:45.637 Z] [INFO] [cadence.virtuoso.ade.simulationMonitor] - Notice from spectre at time = 67.5213 us during periodic steady state analysis `pss', during Monte Carlo analysis `mc1'.
    Found trapezoidal ringing on node I19.I2.A. {"history": "MonteCarlo.2", "point": 17, "testname": "TRAN_CMRR_MC", "cornername": "Nominal"}
[2026-04-10 09:37:45.637 Z] [INFO] [cadence.virtuoso.ade.simulationMonitor] - Notice from spectre at time = 103.876 us during periodic steady state analysis `pss', during Monte Carlo analysis `mc1'.
    Found trapezoidal ringing on node V1:p. {"history": "MonteCarlo.2", "point": 17, "testname": "TRAN_CMRR_MC", "cornername": "Nominal"}
[2026-04-10 09:37:45.638 Z] [INFO] [cadence.virtuoso.ade.simulationMonitor] - Notice from spectre at time = 91.6748 us during periodic steady state analysis `pss', during Monte Carlo analysis `mc1'.
    Found trapezoidal ringing on node I19.I2.A.
        Further occurrences of this notice will be suppressed. {"history": "MonteCarlo.2", "point": 17, "testname": "TRAN_CMRR_MC", "cornername": "Nominal"}
[2026-04-10 09:37:52.643 Z] [INFO] [cadence.virtuoso.ade.simulationMonitor] - Total time required for tstab analysis `pss': CPU = 4.72124 s, elapsed = 6.96228 s. {"history": "MonteCarlo.2", "point": 17, "testname": "TRAN_CMRR_MC", "cornername": "Nominal"}
[2026-04-10 09:37:52.643 Z] [INFO] [cadence.virtuoso.ade.simulationMonitor] - Peak resident memory used = 218 Mbytes. {"history": "MonteCarlo.2", "point": 17, "testname": "TRAN_CMRR_MC", "cornername": "Nominal"}
[2026-04-10 09:37:52.643 Z] [INFO] [cadence.virtuoso.ade.simulationMonitor] - Notice from spectre during periodic steady state analysis `pss', during Monte Carlo analysis `mc1'.
    112 warnings suppressed. {"history": "MonteCarlo.2", "point": 17, "testname": "TRAN_CMRR_MC", "cornername": "Nominal"}
[2026-04-10 09:38:01.647 Z] [INFO] [cadence.virtuoso.ade.simulationMonitor] - Notice from spectre during periodic steady state analysis `pss', during Monte Carlo analysis `mc1'.
    Trapezoidal ringing is detected during pss analysis.
        Please use method=trap for better results and performance. {"history": "MonteCarlo.2", "point": 17, "testname": "TRAN_CMRR_MC", "cornername": "Nominal"}
[2026-04-10 09:38:01.647 Z] [INFO] [cadence.virtuoso.ade.simulationMonitor] - Total time required for pss analysis `pss': CPU = 13.6605 s, elapsed = 15.94 s, util. = 85.7%. {"history": "MonteCarlo.2", "point": 17, "testname": "TRAN_CMRR_MC", "cornername": "Nominal"}
[2026-04-10 09:38:01.648 Z] [INFO] [cadence.virtuoso.ade.simulationMonitor] - Peak resident memory used = 336 Mbytes. {"history": "MonteCarlo.2", "point": 17, "testname": "TRAN_CMRR_MC", "cornername": "Nominal"}
[2026-04-10 09:38:01.648 Z] [INFO] [cadence.virtuoso.ade.simulationMonitor] - Notice from spectre during periodic steady state analysis `pss', during Monte Carlo analysis `mc1'.
    747 notices suppressed. {"history": "MonteCarlo.2", "point": 17, "testname": "TRAN_CMRR_MC", "cornername": "Nominal"}
[2026-04-10 09:38:01.648 Z] [INFO] [cadence.virtuoso.ade.simulationMonitor] - Notice from spectre in `rpolyhc':`I19.I0.R10', in `fecg_cmfb2':`I19.I0', in `fecg_front_end':`I19', during Monte Carlo analysis `mc1'.
    I19.I0.R10.CS0 of rpolyhc: `c' has the unusually small value of 0 F.
    I19.I0.R10.CS1 of rpolyhc: `c' has the unusually small value of 0 F. {"history": "MonteCarlo.2", "point": 17, "testname": "TRAN_CMRR_MC", "cornername": "Nominal"}
[2026-04-10 09:38:01.648 Z] [INFO] [cadence.virtuoso.ade.simulationMonitor] - Notice from spectre in `rpolyhc':`I19.I0.R9', in `fecg_cmfb2':`I19.I0', in `fecg_front_end':`I19', during Monte Carlo analysis `mc1'.
    I19.I0.R9.CS0 of rpolyhc: `c' has the unusually small value of 0 F.
    I19.I0.R9.CS1 of rpolyhc: `c' has the unusually small value of 0 F. {"history": "MonteCarlo.2", "point": 17, "testname": "TRAN_CMRR_MC", "cornername": "Nominal"}
[2026-04-10 09:38:01.648 Z] [INFO] [cadence.virtuoso.ade.simulationMonitor] - Notice from spectre in `rpolyhc':`I19.I0.R7', in `fecg_cmfb2':`I19.I0', in `fecg_front_end':`I19', during Monte Carlo analysis `mc1'.
    I19.I0.R7.CS0 of rpolyhc: `c' has the unusually small value of 0 F.
        Further occurrences of this notice will be suppressed. {"history": "MonteCarlo.2", "point": 17, "testname": "TRAN_CMRR_MC", "cornername": "Nominal"}
[2026-04-10 09:38:01.648 Z] [WARN] [cadence.virtuoso.ade.simulationMonitor] -     WARNING (CMI-2425): I19.I14.C1: `Acde' = 2.393 is unusually large. {"history": "MonteCarlo.2", "point": 17, "testname": "TRAN_CMRR_MC", "cornername": "Nominal"}
[2026-04-10 09:38:01.648 Z] [WARN] [cadence.virtuoso.ade.simulationMonitor] -     WARNING (CMI-2425): I19.I14.C1: `Noff' = 4.732 is unusually large. {"history": "MonteCarlo.2", "point": 17, "testname": "TRAN_CMRR_MC", "cornername": "Nominal"}
[2026-04-10 09:38:01.648 Z] [WARN] [cadence.virtuoso.ade.simulationMonitor] -     WARNING (CMI-2424): I19.I14.C1: `Voffcv' = -867.4e-03 is unusually small. {"history": "MonteCarlo.2", "point": 17, "testname": "TRAN_CMRR_MC", "cornername": "Nominal"}
[2026-04-10 09:38:01.648 Z] [WARN] [cadence.virtuoso.ade.simulationMonitor] -     WARNING (CMI-2425): I19.I0.I5.C1: `Acde' = 2.393 is unusually large. {"history": "MonteCarlo.2", "point": 17, "testname": "TRAN_CMRR_MC", "cornername": "Nominal"}
[2026-04-10 09:38:01.648 Z] [WARN] [cadence.virtuoso.ade.simulationMonitor] -     WARNING (CMI-2425): I19.I0.I5.C1: `Noff' = 4.732 is unusually large. {"history": "MonteCarlo.2", "point": 17, "testname": "TRAN_CMRR_MC", "cornername": "Nominal"}
[2026-04-10 09:38:01.648 Z] [WARN] [cadence.virtuoso.ade.simulationMonitor] -     WARNING (CMI-2424): I19.I0.I5.C1: `Voffcv' = -867.4e-03 is unusually small. {"history": "MonteCarlo.2", "point": 17, "testname": "TRAN_CMRR_MC", "cornername": "Nominal"}
[2026-04-10 09:38:01.648 Z] [WARN] [cadence.virtuoso.ade.simulationMonitor] -     WARNING (CMI-2425): I19.I0.I3.C1: `Acde' = 2.393 is unusually large.
        Further occurrences of this warning will be suppressed. {"history": "MonteCarlo.2", "point": 17, "testname": "TRAN_CMRR_MC", "cornername": "Nominal"}
[2026-04-10 09:38:01.648 Z] [WARN] [cadence.virtuoso.ade.simulationMonitor] -     WARNING (CMI-2424): I19.I0.I3.C1: `Voffcv' = -867.4e-03 is unusually small. {"history": "MonteCarlo.2", "point": 17, "testname": "TRAN_CMRR_MC", "cornername": "Nominal"}
[2026-04-10 09:38:01.648 Z] [WARN] [cadence.virtuoso.ade.simulationMonitor] -     WARNING (CMI-2424): I19.I0.C0: `Voffcv' = -867.4e-03 is unusually small. {"history": "MonteCarlo.2", "point": 17, "testname": "TRAN_CMRR_MC", "cornername": "Nominal"}
[2026-04-10 09:38:01.648 Z] [INFO] [cadence.virtuoso.ade.simulationMonitor] - Notice from spectre during DC analysis `dcOp', during Monte Carlo analysis `mc1'.
    GminDC = 1 pS is large enough to noticeably affect the DC solution.
        dV(I19.I14.C1.d1) = 2.66241 mV
        Use the `gmin_check' option to eliminate or expand this report.
    Bad pivoting is found during DC analysis. Option dc_pivot_check=yes is recommended for possible improvement of convergence. {"history": "MonteCarlo.2", "point": 17, "testname": "TRAN_CMRR_MC", "cornername": "Nominal"}
[2026-04-10 09:38:01.648 Z] [WARN] [cadence.virtuoso.ade.simulationMonitor] -     WARNING (CMI-2943): Parameter checks have been ignored because the valid value for parameter 'trise' could not be found in 'C5'. {"history": "MonteCarlo.2", "point": 17, "testname": "TRAN_CMRR_MC", "cornername": "Nominal"}
[2026-04-10 09:38:01.649 Z] [WARN] [cadence.virtuoso.ade.simulationMonitor] -     WARNING (CMI-2943): Parameter checks have been ignored because the valid value for parameter 'trise' could not be found in 'C6'. {"history": "MonteCarlo.2", "point": 17, "testname": "TRAN_CMRR_MC", "cornername": "Nominal"}
[2026-04-10 09:38:01.649 Z] [WARN] [cadence.virtuoso.ade.simulationMonitor] -     WARNING (CMI-2943): Parameter checks have been ignored because the valid value for parameter 'trise' could not be found in 'C0'. {"history": "MonteCarlo.2", "point": 17, "testname": "TRAN_CMRR_MC", "cornername": "Nominal"}
[2026-04-10 09:38:01.649 Z] [WARN] [cadence.virtuoso.ade.simulationMonitor] -     WARNING (CMI-2943): Parameter checks have been ignored because the valid value for parameter 'trise' could not be found in 'C9'. {"history": "MonteCarlo.2", "point": 17, "testname": "TRAN_CMRR_MC", "cornername": "Nominal"}
[2026-04-10 09:38:01.649 Z] [WARN] [cadence.virtuoso.ade.simulationMonitor] -     WARNING (CMI-2943): Parameter checks have been ignored because the valid value for parameter 'trise' could not be found in 'C3'.
        Further occurrences of this warning will be suppressed. {"history": "MonteCarlo.2", "point": 17, "testname": "TRAN_CMRR_MC", "cornername": "Nominal"}
[2026-04-10 09:38:01.649 Z] [INFO] [cadence.virtuoso.ade.simulationMonitor] - Total time required for dc analysis `dcOp': CPU = 14.241 ms, elapsed = 19.593 ms, util. = 72.7%. {"history": "MonteCarlo.2", "point": 17, "testname": "TRAN_CMRR_MC", "cornername": "Nominal"}
[2026-04-10 09:38:01.649 Z] [INFO] [cadence.virtuoso.ade.simulationMonitor] - Peak resident memory used = 336 Mbytes. {"history": "MonteCarlo.2", "point": 17, "testname": "TRAN_CMRR_MC", "cornername": "Nominal"}
[2026-04-10 09:38:01.649 Z] [INFO] [cadence.virtuoso.ade.simulationMonitor] - Notice from spectre during Monte Carlo analysis `mc1'.
    1 notice suppressed.
    115 warnings suppressed. {"history": "MonteCarlo.2", "point": 17, "testname": "TRAN_CMRR_MC", "cornername": "Nominal"}
[2026-04-10 09:38:01.649 Z] [INFO] [cadence.virtuoso.ade.simulationMonitor] - Notice from spectre during IC analysis, during periodic steady state analysis `pss', during Monte Carlo analysis `mc1'.
    GminDC = 1 pS is large enough to noticeably affect the DC solution.
        dV(I19.I14.C1.d1) = 2.66241 mV
        Use the `gmin_check' option to eliminate or expand this report.
    Bad pivoting is found during DC analysis. Option dc_pivot_check=yes is recommended for possible improvement of convergence. {"history": "MonteCarlo.2", "point": 17, "testname": "TRAN_CMRR_MC", "cornername": "Nominal"}
[2026-04-10 09:38:01.649 Z] [WARN] [cadence.virtuoso.ade.simulationMonitor] -     WARNING (CMI-2943): Parameter checks have been ignored because the valid value for parameter 'trise' could not be found in 'C5'. {"history": "MonteCarlo.2", "point": 17, "testname": "TRAN_CMRR_MC", "cornername": "Nominal"}
[2026-04-10 09:38:01.649 Z] [WARN] [cadence.virtuoso.ade.simulationMonitor] -     WARNING (CMI-2943): Parameter checks have been ignored because the valid value for parameter 'trise' could not be found in 'C6'. {"history": "MonteCarlo.2", "point": 17, "testname": "TRAN_CMRR_MC", "cornername": "Nominal"}
[2026-04-10 09:38:01.649 Z] [WARN] [cadence.virtuoso.ade.simulationMonitor] -     WARNING (CMI-2943): Parameter checks have been ignored because the valid value for parameter 'trise' could not be found in 'C0'. {"history": "MonteCarlo.2", "point": 17, "testname": "TRAN_CMRR_MC", "cornername": "Nominal"}
[2026-04-10 09:38:01.649 Z] [WARN] [cadence.virtuoso.ade.simulationMonitor] -     WARNING (CMI-2943): Parameter checks have been ignored because the valid value for parameter 'trise' could not be found in 'C9'. {"history": "MonteCarlo.2", "point": 17, "testname": "TRAN_CMRR_MC", "cornername": "Nominal"}
[2026-04-10 09:38:01.649 Z] [WARN] [cadence.virtuoso.ade.simulationMonitor] -     WARNING (CMI-2943): Parameter checks have been ignored because the valid value for parameter 'trise' could not be found in 'C3'.
        Further occurrences of this warning will be suppressed. {"history": "MonteCarlo.2", "point": 17, "testname": "TRAN_CMRR_MC", "cornername": "Nominal"}
[2026-04-10 09:38:01.649 Z] [INFO] [cadence.virtuoso.ade.simulationMonitor] - Notice from spectre at time = 99.9277 us during periodic steady state analysis `pss', during Monte Carlo analysis `mc1'.
    Found trapezoidal ringing on node V2:p. {"history": "MonteCarlo.2", "point": 17, "testname": "TRAN_CMRR_MC", "cornername": "Nominal"}
[2026-04-10 09:38:01.649 Z] [INFO] [cadence.virtuoso.ade.simulationMonitor] - Notice from spectre at time = 177.339 us during periodic steady state analysis `pss', during Monte Carlo analysis `mc1'.
    Found trapezoidal ringing on node V2:p. {"history": "MonteCarlo.2", "point": 17, "testname": "TRAN_CMRR_MC", "cornername": "Nominal"}
[2026-04-10 09:38:01.649 Z] [INFO] [cadence.virtuoso.ade.simulationMonitor] - Notice from spectre at time = 167.322 us during periodic steady state analysis `pss', during Monte Carlo analysis `mc1'.
    Found trapezoidal ringing on node I19.I2.net3. {"history": "MonteCarlo.2", "point": 17, "testname": "TRAN_CMRR_MC", "cornername": "Nominal"}
[2026-04-10 09:38:01.649 Z] [INFO] [cadence.virtuoso.ade.simulationMonitor] - Notice from spectre at time = 189.926 us during periodic steady state analysis `pss', during Monte Carlo analysis `mc1'.
    Found trapezoidal ringing on node V2:p. {"history": "MonteCarlo.2", "point": 17, "testname": "TRAN_CMRR_MC", "cornername": "Nominal"}
[2026-04-10 09:38:01.650 Z] [INFO] [cadence.virtuoso.ade.simulationMonitor] - Notice from spectre at time = 200.639 us during periodic steady state analysis `pss', during Monte Carlo analysis `mc1'.
    Found trapezoidal ringing on node V2:p.
        Further occurrences of this notice will be suppressed. {"history": "MonteCarlo.2", "point": 17, "testname": "TRAN_CMRR_MC", "cornername": "Nominal"}
[2026-04-10 09:38:01.650 Z] [PROCESS] [cadence.virtuoso.ade.simulationMonitor] - Finished simulating for one iteration {"hostname": "edatools", "processid": 359911, "history": "MonteCarlo.2", "testname": "TRAN_CMRR_MC", "cornername": "Nominal", "point": 17, "logfile": "/home/saul/projects/IL2244_VT26_SAUL/logs_saul/logs0/Job67.log", "simid": "1"}
[2026-04-10 09:38:01.650 Z] [PROCESS] [cadence.virtuoso.ade.simulationMonitor] - Started Simulation {"hostname": "edatools", "processid": 359911, "history": "MonteCarlo.2", "testname": "TRAN_CMRR_MC", "cornername": "Nominal", "point": 18, "logfile": "/home/saul/projects/IL2244_VT26_SAUL/logs_saul/logs0/Job67.log", "event": "started", "task": "simulation"}
[2026-04-10 09:38:03.650 Z] [INFO] [cadence.virtuoso.ade.simulationMonitor] - Total time required for tstab analysis `pss': CPU = 1.72945 s, elapsed = 1.75167 s. {"history": "MonteCarlo.2", "point": 18, "testname": "TRAN_CMRR_MC", "cornername": "Nominal"}
[2026-04-10 09:38:03.651 Z] [INFO] [cadence.virtuoso.ade.simulationMonitor] - Peak resident memory used = 336 Mbytes. {"history": "MonteCarlo.2", "point": 18, "testname": "TRAN_CMRR_MC", "cornername": "Nominal"}
[2026-04-10 09:38:03.651 Z] [INFO] [cadence.virtuoso.ade.simulationMonitor] - Notice from spectre during periodic steady state analysis `pss', during Monte Carlo analysis `mc1'.
    112 warnings suppressed. {"history": "MonteCarlo.2", "point": 18, "testname": "TRAN_CMRR_MC", "cornername": "Nominal"}
[2026-04-10 09:38:12.154 Z] [INFO] [cadence.virtuoso.ade.simulationMonitor] - Notice from spectre during periodic steady state analysis `pss', during Monte Carlo analysis `mc1'.
    Trapezoidal ringing is detected during pss analysis.
        Please use method=trap for better results and performance. {"history": "MonteCarlo.2", "point": 18, "testname": "TRAN_CMRR_MC", "cornername": "Nominal"}
[2026-04-10 09:38:12.154 Z] [INFO] [cadence.virtuoso.ade.simulationMonitor] - Total time required for pss analysis `pss': CPU = 10.5011 s, elapsed = 10.5436 s, util. = 99.6%. {"history": "MonteCarlo.2", "point": 18, "testname": "TRAN_CMRR_MC", "cornername": "Nominal"}
[2026-04-10 09:38:12.155 Z] [INFO] [cadence.virtuoso.ade.simulationMonitor] - Peak resident memory used = 340 Mbytes. {"history": "MonteCarlo.2", "point": 18, "testname": "TRAN_CMRR_MC", "cornername": "Nominal"}
[2026-04-10 09:38:12.155 Z] [INFO] [cadence.virtuoso.ade.simulationMonitor] - Notice from spectre during periodic steady state analysis `pss', during Monte Carlo analysis `mc1'.
    1147 notices suppressed. {"history": "MonteCarlo.2", "point": 18, "testname": "TRAN_CMRR_MC", "cornername": "Nominal"}
[2026-04-10 09:38:12.155 Z] [PROCESS] [cadence.virtuoso.ade.simulationMonitor] - Finished simulating for one iteration {"hostname": "edatools", "processid": 359911, "history": "MonteCarlo.2", "testname": "TRAN_CMRR_MC", "cornername": "Nominal", "point": 18, "logfile": "/home/saul/projects/IL2244_VT26_SAUL/logs_saul/logs0/Job67.log", "simid": "1"}
[2026-04-10 09:38:12.155 Z] [PROCESS] [cadence.virtuoso.ade.simulationMonitor] - Started Simulation {"hostname": "edatools", "processid": 359911, "history": "MonteCarlo.2", "testname": "TRAN_CMRR_MC", "cornername": "Nominal", "point": 19, "logfile": "/home/saul/projects/IL2244_VT26_SAUL/logs_saul/logs0/Job67.log", "event": "started", "task": "simulation"}
[2026-04-10 09:38:12.655 Z] [INFO] [cadence.virtuoso.ade.simulationMonitor] - Notice from spectre in `rpolyhc':`I19.I0.R10', in `fecg_cmfb2':`I19.I0', in `fecg_front_end':`I19', during Monte Carlo analysis `mc1'.
    I19.I0.R10.CS0 of rpolyhc: `c' has the unusually small value of 0 F.
    I19.I0.R10.CS1 of rpolyhc: `c' has the unusually small value of 0 F. {"history": "MonteCarlo.2", "point": 19, "testname": "TRAN_CMRR_MC", "cornername": "Nominal"}
[2026-04-10 09:38:12.655 Z] [INFO] [cadence.virtuoso.ade.simulationMonitor] - Notice from spectre in `rpolyhc':`I19.I0.R9', in `fecg_cmfb2':`I19.I0', in `fecg_front_end':`I19', during Monte Carlo analysis `mc1'.
    I19.I0.R9.CS0 of rpolyhc: `c' has the unusually small value of 0 F.
    I19.I0.R9.CS1 of rpolyhc: `c' has the unusually small value of 0 F. {"history": "MonteCarlo.2", "point": 19, "testname": "TRAN_CMRR_MC", "cornername": "Nominal"}
[2026-04-10 09:38:12.655 Z] [INFO] [cadence.virtuoso.ade.simulationMonitor] - Notice from spectre in `rpolyhc':`I19.I0.R7', in `fecg_cmfb2':`I19.I0', in `fecg_front_end':`I19', during Monte Carlo analysis `mc1'.
    I19.I0.R7.CS0 of rpolyhc: `c' has the unusually small value of 0 F.
        Further occurrences of this notice will be suppressed. {"history": "MonteCarlo.2", "point": 19, "testname": "TRAN_CMRR_MC", "cornername": "Nominal"}
[2026-04-10 09:38:12.655 Z] [WARN] [cadence.virtuoso.ade.simulationMonitor] -     WARNING (CMI-2425): I19.I14.C1: `Acde' = 2.393 is unusually large. {"history": "MonteCarlo.2", "point": 19, "testname": "TRAN_CMRR_MC", "cornername": "Nominal"}
[2026-04-10 09:38:12.656 Z] [WARN] [cadence.virtuoso.ade.simulationMonitor] -     WARNING (CMI-2425): I19.I14.C1: `Noff' = 4.732 is unusually large. {"history": "MonteCarlo.2", "point": 19, "testname": "TRAN_CMRR_MC", "cornername": "Nominal"}
[2026-04-10 09:38:12.656 Z] [WARN] [cadence.virtuoso.ade.simulationMonitor] -     WARNING (CMI-2424): I19.I14.C1: `Voffcv' = -867.4e-03 is unusually small. {"history": "MonteCarlo.2", "point": 19, "testname": "TRAN_CMRR_MC", "cornername": "Nominal"}
[2026-04-10 09:38:12.656 Z] [WARN] [cadence.virtuoso.ade.simulationMonitor] -     WARNING (CMI-2425): I19.I0.I5.C1: `Acde' = 2.393 is unusually large. {"history": "MonteCarlo.2", "point": 19, "testname": "TRAN_CMRR_MC", "cornername": "Nominal"}
[2026-04-10 09:38:12.656 Z] [WARN] [cadence.virtuoso.ade.simulationMonitor] -     WARNING (CMI-2425): I19.I0.I5.C1: `Noff' = 4.732 is unusually large. {"history": "MonteCarlo.2", "point": 19, "testname": "TRAN_CMRR_MC", "cornername": "Nominal"}
[2026-04-10 09:38:12.656 Z] [WARN] [cadence.virtuoso.ade.simulationMonitor] -     WARNING (CMI-2424): I19.I0.I5.C1: `Voffcv' = -867.4e-03 is unusually small. {"history": "MonteCarlo.2", "point": 19, "testname": "TRAN_CMRR_MC", "cornername": "Nominal"}
[2026-04-10 09:38:12.656 Z] [WARN] [cadence.virtuoso.ade.simulationMonitor] -     WARNING (CMI-2425): I19.I0.I3.C1: `Acde' = 2.393 is unusually large.
        Further occurrences of this warning will be suppressed. {"history": "MonteCarlo.2", "point": 19, "testname": "TRAN_CMRR_MC", "cornername": "Nominal"}
[2026-04-10 09:38:12.656 Z] [WARN] [cadence.virtuoso.ade.simulationMonitor] -     WARNING (CMI-2424): I19.I0.I3.C1: `Voffcv' = -867.4e-03 is unusually small. {"history": "MonteCarlo.2", "point": 19, "testname": "TRAN_CMRR_MC", "cornername": "Nominal"}
[2026-04-10 09:38:12.656 Z] [WARN] [cadence.virtuoso.ade.simulationMonitor] -     WARNING (CMI-2424): I19.I0.C0: `Voffcv' = -867.4e-03 is unusually small. {"history": "MonteCarlo.2", "point": 19, "testname": "TRAN_CMRR_MC", "cornername": "Nominal"}
[2026-04-10 09:38:12.656 Z] [INFO] [cadence.virtuoso.ade.simulationMonitor] - Notice from spectre during DC analysis `dcOp', during Monte Carlo analysis `mc1'.
    GminDC = 1 pS is large enough to noticeably affect the DC solution.
        dV(I19.I0.I5.C1.d1) = 2.56475 mV
        Use the `gmin_check' option to eliminate or expand this report.
    Bad pivoting is found during DC analysis. Option dc_pivot_check=yes is recommended for possible improvement of convergence. {"history": "MonteCarlo.2", "point": 19, "testname": "TRAN_CMRR_MC", "cornername": "Nominal"}
[2026-04-10 09:38:12.656 Z] [WARN] [cadence.virtuoso.ade.simulationMonitor] -     WARNING (CMI-2943): Parameter checks have been ignored because the valid value for parameter 'trise' could not be found in 'C5'. {"history": "MonteCarlo.2", "point": 19, "testname": "TRAN_CMRR_MC", "cornername": "Nominal"}
[2026-04-10 09:38:12.656 Z] [WARN] [cadence.virtuoso.ade.simulationMonitor] -     WARNING (CMI-2943): Parameter checks have been ignored because the valid value for parameter 'trise' could not be found in 'C6'. {"history": "MonteCarlo.2", "point": 19, "testname": "TRAN_CMRR_MC", "cornername": "Nominal"}
[2026-04-10 09:38:12.656 Z] [WARN] [cadence.virtuoso.ade.simulationMonitor] -     WARNING (CMI-2943): Parameter checks have been ignored because the valid value for parameter 'trise' could not be found in 'C0'. {"history": "MonteCarlo.2", "point": 19, "testname": "TRAN_CMRR_MC", "cornername": "Nominal"}
[2026-04-10 09:38:12.656 Z] [WARN] [cadence.virtuoso.ade.simulationMonitor] -     WARNING (CMI-2943): Parameter checks have been ignored because the valid value for parameter 'trise' could not be found in 'C9'. {"history": "MonteCarlo.2", "point": 19, "testname": "TRAN_CMRR_MC", "cornername": "Nominal"}
[2026-04-10 09:38:12.656 Z] [WARN] [cadence.virtuoso.ade.simulationMonitor] -     WARNING (CMI-2943): Parameter checks have been ignored because the valid value for parameter 'trise' could not be found in 'C3'.
        Further occurrences of this warning will be suppressed. {"history": "MonteCarlo.2", "point": 19, "testname": "TRAN_CMRR_MC", "cornername": "Nominal"}
[2026-04-10 09:38:12.657 Z] [INFO] [cadence.virtuoso.ade.simulationMonitor] - Total time required for dc analysis `dcOp': CPU = 11.314 ms, elapsed = 16.552 ms, util. = 68.4%. {"history": "MonteCarlo.2", "point": 19, "testname": "TRAN_CMRR_MC", "cornername": "Nominal"}
[2026-04-10 09:38:12.657 Z] [INFO] [cadence.virtuoso.ade.simulationMonitor] - Peak resident memory used = 340 Mbytes. {"history": "MonteCarlo.2", "point": 19, "testname": "TRAN_CMRR_MC", "cornername": "Nominal"}
[2026-04-10 09:38:12.657 Z] [INFO] [cadence.virtuoso.ade.simulationMonitor] - Notice from spectre during Monte Carlo analysis `mc1'.
    1 notice suppressed.
    115 warnings suppressed. {"history": "MonteCarlo.2", "point": 19, "testname": "TRAN_CMRR_MC", "cornername": "Nominal"}
[2026-04-10 09:38:12.657 Z] [INFO] [cadence.virtuoso.ade.simulationMonitor] - Notice from spectre during IC analysis, during periodic steady state analysis `pss', during Monte Carlo analysis `mc1'.
    GminDC = 1 pS is large enough to noticeably affect the DC solution.
        dV(I19.I0.I5.C1.d1) = 2.56475 mV
        Use the `gmin_check' option to eliminate or expand this report.
    Bad pivoting is found during DC analysis. Option dc_pivot_check=yes is recommended for possible improvement of convergence. {"history": "MonteCarlo.2", "point": 19, "testname": "TRAN_CMRR_MC", "cornername": "Nominal"}
[2026-04-10 09:38:12.657 Z] [WARN] [cadence.virtuoso.ade.simulationMonitor] -     WARNING (CMI-2943): Parameter checks have been ignored because the valid value for parameter 'trise' could not be found in 'C5'. {"history": "MonteCarlo.2", "point": 19, "testname": "TRAN_CMRR_MC", "cornername": "Nominal"}
[2026-04-10 09:38:12.657 Z] [WARN] [cadence.virtuoso.ade.simulationMonitor] -     WARNING (CMI-2943): Parameter checks have been ignored because the valid value for parameter 'trise' could not be found in 'C6'. {"history": "MonteCarlo.2", "point": 19, "testname": "TRAN_CMRR_MC", "cornername": "Nominal"}
[2026-04-10 09:38:12.657 Z] [WARN] [cadence.virtuoso.ade.simulationMonitor] -     WARNING (CMI-2943): Parameter checks have been ignored because the valid value for parameter 'trise' could not be found in 'C0'. {"history": "MonteCarlo.2", "point": 19, "testname": "TRAN_CMRR_MC", "cornername": "Nominal"}
[2026-04-10 09:38:12.657 Z] [WARN] [cadence.virtuoso.ade.simulationMonitor] -     WARNING (CMI-2943): Parameter checks have been ignored because the valid value for parameter 'trise' could not be found in 'C9'. {"history": "MonteCarlo.2", "point": 19, "testname": "TRAN_CMRR_MC", "cornername": "Nominal"}
[2026-04-10 09:38:12.657 Z] [WARN] [cadence.virtuoso.ade.simulationMonitor] -     WARNING (CMI-2943): Parameter checks have been ignored because the valid value for parameter 'trise' could not be found in 'C3'.
        Further occurrences of this warning will be suppressed. {"history": "MonteCarlo.2", "point": 19, "testname": "TRAN_CMRR_MC", "cornername": "Nominal"}
[2026-04-10 09:38:12.657 Z] [INFO] [cadence.virtuoso.ade.simulationMonitor] - Notice from spectre at time = 103.094 us during periodic steady state analysis `pss', during Monte Carlo analysis `mc1'.
    Found trapezoidal ringing on node V1:p. {"history": "MonteCarlo.2", "point": 19, "testname": "TRAN_CMRR_MC", "cornername": "Nominal"}
[2026-04-10 09:38:12.657 Z] [INFO] [cadence.virtuoso.ade.simulationMonitor] - Notice from spectre at time = 125.001 us during periodic steady state analysis `pss', during Monte Carlo analysis `mc1'.
    Found trapezoidal ringing on node V1:p.
    Found trapezoidal ringing on node I19.I2.net3. {"history": "MonteCarlo.2", "point": 19, "testname": "TRAN_CMRR_MC", "cornername": "Nominal"}
[2026-04-10 09:38:12.657 Z] [INFO] [cadence.virtuoso.ade.simulationMonitor] - Notice from spectre at time = 165.588 us during periodic steady state analysis `pss', during Monte Carlo analysis `mc1'.
    Found trapezoidal ringing on node I19.I2.net3. {"history": "MonteCarlo.2", "point": 19, "testname": "TRAN_CMRR_MC", "cornername": "Nominal"}
[2026-04-10 09:38:12.657 Z] [INFO] [cadence.virtuoso.ade.simulationMonitor] - Notice from spectre at time = 191.13 us during periodic steady state analysis `pss', during Monte Carlo analysis `mc1'.
    Found trapezoidal ringing on node V2:p.
        Further occurrences of this notice will be suppressed. {"history": "MonteCarlo.2", "point": 19, "testname": "TRAN_CMRR_MC", "cornername": "Nominal"}
[2026-04-10 09:38:14.159 Z] [INFO] [cadence.virtuoso.ade.simulationMonitor] - Total time required for tstab analysis `pss': CPU = 1.60057 s, elapsed = 1.60203 s. {"history": "MonteCarlo.2", "point": 19, "testname": "TRAN_CMRR_MC", "cornername": "Nominal"}
[2026-04-10 09:38:14.159 Z] [INFO] [cadence.virtuoso.ade.simulationMonitor] - Peak resident memory used = 340 Mbytes. {"history": "MonteCarlo.2", "point": 19, "testname": "TRAN_CMRR_MC", "cornername": "Nominal"}
[2026-04-10 09:38:14.159 Z] [INFO] [cadence.virtuoso.ade.simulationMonitor] - Notice from spectre during periodic steady state analysis `pss', during Monte Carlo analysis `mc1'.
    112 warnings suppressed. {"history": "MonteCarlo.2", "point": 19, "testname": "TRAN_CMRR_MC", "cornername": "Nominal"}
[2026-04-10 09:38:20.661 Z] [INFO] [cadence.virtuoso.ade.simulationMonitor] - Notice from spectre during periodic steady state analysis `pss', during Monte Carlo analysis `mc1'.
    Trapezoidal ringing is detected during pss analysis.
        Please use method=trap for better results and performance. {"history": "MonteCarlo.2", "point": 19, "testname": "TRAN_CMRR_MC", "cornername": "Nominal"}
[2026-04-10 09:38:20.662 Z] [INFO] [cadence.virtuoso.ade.simulationMonitor] - Total time required for pss analysis `pss': CPU = 8.20106 s, elapsed = 8.22896 s, util. = 99.7%. {"history": "MonteCarlo.2", "point": 19, "testname": "TRAN_CMRR_MC", "cornername": "Nominal"}
[2026-04-10 09:38:20.662 Z] [INFO] [cadence.virtuoso.ade.simulationMonitor] - Peak resident memory used = 340 Mbytes. {"history": "MonteCarlo.2", "point": 19, "testname": "TRAN_CMRR_MC", "cornername": "Nominal"}
[2026-04-10 09:38:20.662 Z] [INFO] [cadence.virtuoso.ade.simulationMonitor] - Notice from spectre during periodic steady state analysis `pss', during Monte Carlo analysis `mc1'.
    1120 notices suppressed. {"history": "MonteCarlo.2", "point": 19, "testname": "TRAN_CMRR_MC", "cornername": "Nominal"}
[2026-04-10 09:38:20.662 Z] [INFO] [cadence.virtuoso.ade.simulationMonitor] - Notice from spectre in `rpolyhc':`I19.I0.R10', in `fecg_cmfb2':`I19.I0', in `fecg_front_end':`I19', during Monte Carlo analysis `mc1'.
    I19.I0.R10.CS0 of rpolyhc: `c' has the unusually small value of 0 F.
    I19.I0.R10.CS1 of rpolyhc: `c' has the unusually small value of 0 F. {"history": "MonteCarlo.2", "point": 19, "testname": "TRAN_CMRR_MC", "cornername": "Nominal"}
[2026-04-10 09:38:20.662 Z] [INFO] [cadence.virtuoso.ade.simulationMonitor] - Notice from spectre in `rpolyhc':`I19.I0.R9', in `fecg_cmfb2':`I19.I0', in `fecg_front_end':`I19', during Monte Carlo analysis `mc1'.
    I19.I0.R9.CS0 of rpolyhc: `c' has the unusually small value of 0 F.
    I19.I0.R9.CS1 of rpolyhc: `c' has the unusually small value of 0 F. {"history": "MonteCarlo.2", "point": 19, "testname": "TRAN_CMRR_MC", "cornername": "Nominal"}
[2026-04-10 09:38:20.662 Z] [INFO] [cadence.virtuoso.ade.simulationMonitor] - Notice from spectre in `rpolyhc':`I19.I0.R7', in `fecg_cmfb2':`I19.I0', in `fecg_front_end':`I19', during Monte Carlo analysis `mc1'.
    I19.I0.R7.CS0 of rpolyhc: `c' has the unusually small value of 0 F.
        Further occurrences of this notice will be suppressed. {"history": "MonteCarlo.2", "point": 19, "testname": "TRAN_CMRR_MC", "cornername": "Nominal"}
[2026-04-10 09:38:20.662 Z] [WARN] [cadence.virtuoso.ade.simulationMonitor] -     WARNING (CMI-2425): I19.I14.C1: `Acde' = 2.393 is unusually large. {"history": "MonteCarlo.2", "point": 19, "testname": "TRAN_CMRR_MC", "cornername": "Nominal"}
[2026-04-10 09:38:20.662 Z] [WARN] [cadence.virtuoso.ade.simulationMonitor] -     WARNING (CMI-2425): I19.I14.C1: `Noff' = 4.732 is unusually large. {"history": "MonteCarlo.2", "point": 19, "testname": "TRAN_CMRR_MC", "cornername": "Nominal"}
[2026-04-10 09:38:20.662 Z] [WARN] [cadence.virtuoso.ade.simulationMonitor] -     WARNING (CMI-2424): I19.I14.C1: `Voffcv' = -867.4e-03 is unusually small. {"history": "MonteCarlo.2", "point": 19, "testname": "TRAN_CMRR_MC", "cornername": "Nominal"}
[2026-04-10 09:38:20.662 Z] [WARN] [cadence.virtuoso.ade.simulationMonitor] -     WARNING (CMI-2425): I19.I0.I5.C1: `Acde' = 2.393 is unusually large. {"history": "MonteCarlo.2", "point": 19, "testname": "TRAN_CMRR_MC", "cornername": "Nominal"}
[2026-04-10 09:38:20.662 Z] [WARN] [cadence.virtuoso.ade.simulationMonitor] -     WARNING (CMI-2425): I19.I0.I5.C1: `Noff' = 4.732 is unusually large. {"history": "MonteCarlo.2", "point": 19, "testname": "TRAN_CMRR_MC", "cornername": "Nominal"}
[2026-04-10 09:38:20.662 Z] [WARN] [cadence.virtuoso.ade.simulationMonitor] -     WARNING (CMI-2424): I19.I0.I5.C1: `Voffcv' = -867.4e-03 is unusually small. {"history": "MonteCarlo.2", "point": 19, "testname": "TRAN_CMRR_MC", "cornername": "Nominal"}
[2026-04-10 09:38:20.662 Z] [WARN] [cadence.virtuoso.ade.simulationMonitor] -     WARNING (CMI-2425): I19.I0.I3.C1: `Acde' = 2.393 is unusually large.
        Further occurrences of this warning will be suppressed. {"history": "MonteCarlo.2", "point": 19, "testname": "TRAN_CMRR_MC", "cornername": "Nominal"}
[2026-04-10 09:38:20.663 Z] [WARN] [cadence.virtuoso.ade.simulationMonitor] -     WARNING (CMI-2424): I19.I0.I3.C1: `Voffcv' = -867.4e-03 is unusually small. {"history": "MonteCarlo.2", "point": 19, "testname": "TRAN_CMRR_MC", "cornername": "Nominal"}
[2026-04-10 09:38:20.663 Z] [WARN] [cadence.virtuoso.ade.simulationMonitor] -     WARNING (CMI-2424): I19.I0.C0: `Voffcv' = -867.4e-03 is unusually small. {"history": "MonteCarlo.2", "point": 19, "testname": "TRAN_CMRR_MC", "cornername": "Nominal"}
[2026-04-10 09:38:20.663 Z] [INFO] [cadence.virtuoso.ade.simulationMonitor] - Notice from spectre during DC analysis `dcOp', during Monte Carlo analysis `mc1'.
    GminDC = 1 pS is large enough to noticeably affect the DC solution.
        dV(I19.I14.C1.d1) = 2.59261 mV
        Use the `gmin_check' option to eliminate or expand this report.
    Bad pivoting is found during DC analysis. Option dc_pivot_check=yes is recommended for possible improvement of convergence. {"history": "MonteCarlo.2", "point": 19, "testname": "TRAN_CMRR_MC", "cornername": "Nominal"}
[2026-04-10 09:38:20.663 Z] [WARN] [cadence.virtuoso.ade.simulationMonitor] -     WARNING (CMI-2943): Parameter checks have been ignored because the valid value for parameter 'trise' could not be found in 'C5'. {"history": "MonteCarlo.2", "point": 19, "testname": "TRAN_CMRR_MC", "cornername": "Nominal"}
[2026-04-10 09:38:20.663 Z] [WARN] [cadence.virtuoso.ade.simulationMonitor] -     WARNING (CMI-2943): Parameter checks have been ignored because the valid value for parameter 'trise' could not be found in 'C6'. {"history": "MonteCarlo.2", "point": 19, "testname": "TRAN_CMRR_MC", "cornername": "Nominal"}
[2026-04-10 09:38:20.663 Z] [WARN] [cadence.virtuoso.ade.simulationMonitor] -     WARNING (CMI-2943): Parameter checks have been ignored because the valid value for parameter 'trise' could not be found in 'C0'. {"history": "MonteCarlo.2", "point": 19, "testname": "TRAN_CMRR_MC", "cornername": "Nominal"}
[2026-04-10 09:38:20.663 Z] [WARN] [cadence.virtuoso.ade.simulationMonitor] -     WARNING (CMI-2943): Parameter checks have been ignored because the valid value for parameter 'trise' could not be found in 'C9'. {"history": "MonteCarlo.2", "point": 19, "testname": "TRAN_CMRR_MC", "cornername": "Nominal"}
[2026-04-10 09:38:20.663 Z] [WARN] [cadence.virtuoso.ade.simulationMonitor] -     WARNING (CMI-2943): Parameter checks have been ignored because the valid value for parameter 'trise' could not be found in 'C3'.
        Further occurrences of this warning will be suppressed. {"history": "MonteCarlo.2", "point": 19, "testname": "TRAN_CMRR_MC", "cornername": "Nominal"}
[2026-04-10 09:38:20.663 Z] [INFO] [cadence.virtuoso.ade.simulationMonitor] - Total time required for dc analysis `dcOp': CPU = 11.044 ms, elapsed = 16.387 ms, util. = 67.4%. {"history": "MonteCarlo.2", "point": 19, "testname": "TRAN_CMRR_MC", "cornername": "Nominal"}
[2026-04-10 09:38:20.663 Z] [INFO] [cadence.virtuoso.ade.simulationMonitor] - Peak resident memory used = 340 Mbytes. {"history": "MonteCarlo.2", "point": 19, "testname": "TRAN_CMRR_MC", "cornername": "Nominal"}
[2026-04-10 09:38:20.663 Z] [INFO] [cadence.virtuoso.ade.simulationMonitor] - Notice from spectre during Monte Carlo analysis `mc1'.
    1 notice suppressed.
    115 warnings suppressed. {"history": "MonteCarlo.2", "point": 19, "testname": "TRAN_CMRR_MC", "cornername": "Nominal"}
[2026-04-10 09:38:20.663 Z] [INFO] [cadence.virtuoso.ade.simulationMonitor] - Notice from spectre during IC analysis, during periodic steady state analysis `pss', during Monte Carlo analysis `mc1'.
    GminDC = 1 pS is large enough to noticeably affect the DC solution.
        dV(I19.I14.C1.d1) = 2.59261 mV
        Use the `gmin_check' option to eliminate or expand this report.
    Bad pivoting is found during DC analysis. Option dc_pivot_check=yes is recommended for possible improvement of convergence. {"history": "MonteCarlo.2", "point": 19, "testname": "TRAN_CMRR_MC", "cornername": "Nominal"}
[2026-04-10 09:38:20.663 Z] [WARN] [cadence.virtuoso.ade.simulationMonitor] -     WARNING (CMI-2943): Parameter checks have been ignored because the valid value for parameter 'trise' could not be found in 'C5'. {"history": "MonteCarlo.2", "point": 19, "testname": "TRAN_CMRR_MC", "cornername": "Nominal"}
[2026-04-10 09:38:20.663 Z] [WARN] [cadence.virtuoso.ade.simulationMonitor] -     WARNING (CMI-2943): Parameter checks have been ignored because the valid value for parameter 'trise' could not be found in 'C6'. {"history": "MonteCarlo.2", "point": 19, "testname": "TRAN_CMRR_MC", "cornername": "Nominal"}
[2026-04-10 09:38:20.664 Z] [WARN] [cadence.virtuoso.ade.simulationMonitor] -     WARNING (CMI-2943): Parameter checks have been ignored because the valid value for parameter 'trise' could not be found in 'C0'. {"history": "MonteCarlo.2", "point": 19, "testname": "TRAN_CMRR_MC", "cornername": "Nominal"}
[2026-04-10 09:38:20.664 Z] [WARN] [cadence.virtuoso.ade.simulationMonitor] -     WARNING (CMI-2943): Parameter checks have been ignored because the valid value for parameter 'trise' could not be found in 'C9'. {"history": "MonteCarlo.2", "point": 19, "testname": "TRAN_CMRR_MC", "cornername": "Nominal"}
[2026-04-10 09:38:20.664 Z] [WARN] [cadence.virtuoso.ade.simulationMonitor] -     WARNING (CMI-2943): Parameter checks have been ignored because the valid value for parameter 'trise' could not be found in 'C3'.
        Further occurrences of this warning will be suppressed. {"history": "MonteCarlo.2", "point": 19, "testname": "TRAN_CMRR_MC", "cornername": "Nominal"}
[2026-04-10 09:38:20.664 Z] [PROCESS] [cadence.virtuoso.ade.simulationMonitor] - Finished simulating for one iteration {"hostname": "edatools", "processid": 359911, "history": "MonteCarlo.2", "testname": "TRAN_CMRR_MC", "cornername": "Nominal", "point": 19, "logfile": "/home/saul/projects/IL2244_VT26_SAUL/logs_saul/logs0/Job67.log", "simid": "1"}
[2026-04-10 09:38:20.664 Z] [PROCESS] [cadence.virtuoso.ade.simulationMonitor] - Started Simulation {"hostname": "edatools", "processid": 359911, "history": "MonteCarlo.2", "testname": "TRAN_CMRR_MC", "cornername": "Nominal", "point": 20, "logfile": "/home/saul/projects/IL2244_VT26_SAUL/logs_saul/logs0/Job67.log", "event": "started", "task": "simulation"}
[2026-04-10 09:38:20.664 Z] [INFO] [cadence.virtuoso.ade.simulationMonitor] - Notice from spectre at time = 83.0375 us during periodic steady state analysis `pss', during Monte Carlo analysis `mc1'.
    Found trapezoidal ringing on node V1:p. {"history": "MonteCarlo.2", "point": 20, "testname": "TRAN_CMRR_MC", "cornername": "Nominal"}
[2026-04-10 09:38:20.664 Z] [INFO] [cadence.virtuoso.ade.simulationMonitor] - Notice from spectre at time = 101.966 us during periodic steady state analysis `pss', during Monte Carlo analysis `mc1'.
    Found trapezoidal ringing on node V1:p. {"history": "MonteCarlo.2", "point": 20, "testname": "TRAN_CMRR_MC", "cornername": "Nominal"}
[2026-04-10 09:38:20.664 Z] [INFO] [cadence.virtuoso.ade.simulationMonitor] - Notice from spectre at time = 125.001 us during periodic steady state analysis `pss', during Monte Carlo analysis `mc1'.
    Found trapezoidal ringing on node I19.I2.B. {"history": "MonteCarlo.2", "point": 20, "testname": "TRAN_CMRR_MC", "cornername": "Nominal"}
[2026-04-10 09:38:20.664 Z] [INFO] [cadence.virtuoso.ade.simulationMonitor] - Notice from spectre at time = 180.385 us during periodic steady state analysis `pss', during Monte Carlo analysis `mc1'.
    Found trapezoidal ringing on node V2:p. {"history": "MonteCarlo.2", "point": 20, "testname": "TRAN_CMRR_MC", "cornername": "Nominal"}
[2026-04-10 09:38:20.664 Z] [INFO] [cadence.virtuoso.ade.simulationMonitor] - Notice from spectre at time = 188.514 us during periodic steady state analysis `pss', during Monte Carlo analysis `mc1'.
    Found trapezoidal ringing on node V2:p.
        Further occurrences of this notice will be suppressed. {"history": "MonteCarlo.2", "point": 20, "testname": "TRAN_CMRR_MC", "cornername": "Nominal"}
[2026-04-10 09:38:22.665 Z] [INFO] [cadence.virtuoso.ade.simulationMonitor] - Total time required for tstab analysis `pss': CPU = 1.69601 s, elapsed = 1.74007 s. {"history": "MonteCarlo.2", "point": 20, "testname": "TRAN_CMRR_MC", "cornername": "Nominal"}
[2026-04-10 09:38:22.665 Z] [INFO] [cadence.virtuoso.ade.simulationMonitor] - Peak resident memory used = 340 Mbytes. {"history": "MonteCarlo.2", "point": 20, "testname": "TRAN_CMRR_MC", "cornername": "Nominal"}
[2026-04-10 09:38:22.665 Z] [INFO] [cadence.virtuoso.ade.simulationMonitor] - Notice from spectre during periodic steady state analysis `pss', during Monte Carlo analysis `mc1'.
    112 warnings suppressed. {"history": "MonteCarlo.2", "point": 20, "testname": "TRAN_CMRR_MC", "cornername": "Nominal"}
[2026-04-10 09:38:29.668 Z] [INFO] [cadence.virtuoso.ade.simulationMonitor] - Notice from spectre during periodic steady state analysis `pss', during Monte Carlo analysis `mc1'.
    Trapezoidal ringing is detected during pss analysis.
        Please use method=trap for better results and performance. {"history": "MonteCarlo.2", "point": 20, "testname": "TRAN_CMRR_MC", "cornername": "Nominal"}
[2026-04-10 09:38:29.669 Z] [INFO] [cadence.virtuoso.ade.simulationMonitor] - Total time required for pss analysis `pss': CPU = 8.49759 s, elapsed = 8.56893 s, util. = 99.2%. {"history": "MonteCarlo.2", "point": 20, "testname": "TRAN_CMRR_MC", "cornername": "Nominal"}
[2026-04-10 09:38:29.669 Z] [INFO] [cadence.virtuoso.ade.simulationMonitor] - Peak resident memory used = 344 Mbytes. {"history": "MonteCarlo.2", "point": 20, "testname": "TRAN_CMRR_MC", "cornername": "Nominal"}
[2026-04-10 09:38:29.669 Z] [INFO] [cadence.virtuoso.ade.simulationMonitor] - Notice from spectre during periodic steady state analysis `pss', during Monte Carlo analysis `mc1'.
    1034 notices suppressed. {"history": "MonteCarlo.2", "point": 20, "testname": "TRAN_CMRR_MC", "cornername": "Nominal"}
[2026-04-10 09:38:29.669 Z] [INFO] [cadence.virtuoso.ade.simulationMonitor] - Total time required for montecarlo analysis `mc1': CPU = 41.1973 s, elapsed = 44.0663 s, util. = 93.5%. {"history": "MonteCarlo.2", "point": 20, "testname": "TRAN_CMRR_MC", "cornername": "Nominal"}
[2026-04-10 09:38:29.669 Z] [INFO] [cadence.virtuoso.ade.simulationMonitor] - Peak resident memory used = 344 Mbytes. {"history": "MonteCarlo.2", "point": 20, "testname": "TRAN_CMRR_MC", "cornername": "Nominal"}
[2026-04-10 09:38:29.669 Z] [INFO] [cadence.virtuoso.ade.simulationMonitor] - Time used: CPU = 41.4 s, elapsed = 44.5 s, util. = 93.1%. {"history": "MonteCarlo.2", "point": 20, "testname": "TRAN_CMRR_MC", "cornername": "Nominal"}
[2026-04-10 09:38:29.669 Z] [INFO] [cadence.virtuoso.ade.simulationMonitor] - Time spent in licensing: elapsed = 86.6 ms. {"history": "MonteCarlo.2", "point": 20, "testname": "TRAN_CMRR_MC", "cornername": "Nominal"}
[2026-04-10 09:38:29.669 Z] [INFO] [cadence.virtuoso.ade.simulationMonitor] - Peak memory used = 342 Mbytes. {"history": "MonteCarlo.2", "point": 20, "testname": "TRAN_CMRR_MC", "cornername": "Nominal"}
[2026-04-10 09:38:29.670 Z] [PROCESS] [cadence.virtuoso.ade.simulationMonitor] - Simulation started at: 9:37:44 AM, Fri Apr 10, 2026, ended at: 9:38:29 AM, Fri Apr 10, 2026, with elapsed time (wall clock): 44.5 s. {"history": "MonteCarlo.2", "point": 17, "testname": "TRAN_CMRR_MC", "cornername": "Nominal", "Points": "17 18 19 20 "}
[2026-04-10 09:38:29.670 Z] [PROCESS] [cadence.virtuoso.ade.simulationMonitor] - spectre completes with 0 errors, 113 warnings, and 94 notices. {"history": "MonteCarlo.2", "point": 17, "testname": "TRAN_CMRR_MC", "cornername": "Nominal", "Points": "17 18 19 20 "}
[2026-04-10 09:38:29.670 Z] [PROCESS] [cadence.virtuoso.ade.simulationMonitor] - Finished simulating for one iteration {"hostname": "edatools", "processid": 359911, "history": "MonteCarlo.2", "testname": "TRAN_CMRR_MC", "cornername": "Nominal", "point": 20, "logfile": "/home/saul/projects/IL2244_VT26_SAUL/logs_saul/logs0/Job67.log", "simid": "1"}
[2026-04-10 09:38:29.670 Z] [PROCESS] [cadence.virtuoso.ade.simulationMonitor] - Simulator exited {"hostname": "edatools", "processid": 359911, "history": "MonteCarlo.2", "testname": "TRAN_CMRR_MC", "cornername": "Nominal", "point": 20, "logfile": "/home/saul/projects/IL2244_VT26_SAUL/logs_saul/logs0/Job67.log", "exitStatus": "0"}
[2026-04-10 09:38:29.670 Z] [PROCESS] [cadence.virtuoso.ade.simulationMonitor] - Finished Simulation {"hostname": "edatools", "processid": 359911, "history": "MonteCarlo.2", "testname": "TRAN_CMRR_MC", "cornername": "Nominal", "point": 17, "logfile": "/home/saul/projects/IL2244_VT26_SAUL/logs_saul/logs0/Job67.log", "simid": "1"}
[2026-04-10 09:38:30.671 Z] [PROCESS] [cadence.virtuoso.ade.simulationMonitor] - Point Finished {"hostname": "edatools", "processid": 359911, "history": "MonteCarlo.2", "testname": "TRAN_CMRR_MC", "cornername": "Nominal", "point": 17, "logfile": "/home/saul/projects/IL2244_VT26_SAUL/logs_saul/logs0/Job67.log"}
[2026-04-10 09:38:31.673 Z] [PROCESS] [cadence.virtuoso.ade.simulationMonitor] - Stay with the runId '15', Linger time '300', currentRunSyn '31', currentTestSyn '32' {"hostname": "edatools", "processid": 359911, "history": "MonteCarlo.2", "testname": "TRAN_CMRR_MC", "cornername": "Nominal", "point": 17, "logfile": "/home/saul/projects/IL2244_VT26_SAUL/logs_saul/logs0/Job67.log"}
[2026-04-10 09:38:32.673 Z] [PROCESS] [cadence.virtuoso.ade.simulationMonitor] - Stay with the runId '15', Linger time '300', currentRunSyn '31', currentTestSyn '32' {"hostname": "edatools", "processid": 359911, "history": "MonteCarlo.2", "testname": "TRAN_CMRR_MC", "cornername": "Nominal", "point": 17, "logfile": "/home/saul/projects/IL2244_VT26_SAUL/logs_saul/logs0/Job67.log"}
[2026-04-10 09:38:33.673 Z] [PROCESS] [cadence.virtuoso.ade.simulationMonitor] - Stay with the runId '15', Linger time '300', currentRunSyn '31', currentTestSyn '32' {"hostname": "edatools", "processid": 359911, "history": "MonteCarlo.2", "testname": "TRAN_CMRR_MC", "cornername": "Nominal", "point": 17, "logfile": "/home/saul/projects/IL2244_VT26_SAUL/logs_saul/logs0/Job67.log"}
[2026-04-10 09:38:34.674 Z] [PROCESS] [cadence.virtuoso.ade.simulationMonitor] - Stay with the runId '15', Linger time '300', currentRunSyn '31', currentTestSyn '32' {"hostname": "edatools", "processid": 359911, "history": "MonteCarlo.2", "testname": "TRAN_CMRR_MC", "cornername": "Nominal", "point": 17, "logfile": "/home/saul/projects/IL2244_VT26_SAUL/logs_saul/logs0/Job67.log"}
[2026-04-10 09:43:31.649 Z] [PROCESS] [cadence.virtuoso.ade.simulationMonitor] - Current memory used: 52.2461 MBytes, peak memory used: 52.2461 MBytes {"hostname": "edatools", "processid": 359911, "history": "MonteCarlo.2", "testname": "TRAN_CMRR_MC", "cornername": "Nominal", "point": 17, "logfile": "/home/saul/projects/IL2244_VT26_SAUL/logs_saul/logs0/Job67.log"}
[2026-04-10 09:43:31.649 Z] [PROCESS] [cadence.virtuoso.ade.simulationMonitor] - Simulation Monitor process exit. {"hostname": "edatools", "processid": 359911, "history": "MonteCarlo.2", "testname": "TRAN_CMRR_MC", "cornername": "Nominal", "point": 17, "logfile": "/home/saul/projects/IL2244_VT26_SAUL/logs_saul/logs0/Job67.log"}
