\# Program start time:     UTC 2026.04.01 05:30:33.681
\# Local time: UTC (UTC+00:00) 2026.04.01 05:30:33.681
\o Program:		@(#)$CDS: virtuoso version 6.1.8-64b 09/03/2024 19:11 (sjfhw316) $
\o Hierarchy:		/opt/tools/cadence/installs/IC618/tools.lnx86/dfII/
\o Sub version:		sub-version  IC6.1.8-64b.500.36  (64-bit addresses)
\# Command line:	/opt/tools/cadence/installs/IC618/tools.lnx86/dfII/bin/64bit/virtuoso -noautostart -mpssession virtuoso962994 -mpshost edatools -davinciService DaVinciService_962994_1775021157 -log /home/saul/projects/IL2244_VT26_SAUL/logs_saul/logs0/Job6.log -licenseLockFileName /home/saul/projects/IL2244_VT26_SAUL/.tmp_saul/.edatools_962994 -interactiveA -interactiveE -interactiveRTT -nostdin -nographE -axlChildIdFlag 6
\# Host name (type):	edatools (x86_64)
\# Operating system:	Linux 6.17.0-19-generic #19~24.04.2-Ubuntu SMP PREEMPT_DYNAMIC Fri Mar  6 23:08:46 UTC 2
\# Linux /etc/issue:	\S
\# Linux /etc/issue:	Kernel \r on an \m
\# X display name (WxH):	:4111 (1024x868)
\# Available geometry:			TL(0:0) BR(1023:867)
\# X server:			The X.Org Foundation
\# Depth of Visual (Root):	24 (24)
\# Number of Planes Used:	24
\# X version:		11.0 (vendor release 12011000)
\# X resource pool:	base 0x400000, mask 0x1fffff (2097151), shift 0
\# 			current id 0x0, current max 0x1ffffa (2097146)
\# Max data seg size:	     unlimited
\# Max process size:	     unlimited
\# Initial sbrk value:	      1,083 MB
\# Available memory:	     51,276 MB
\# System memory:	     72,238 MB
\# Maximum memory size:	     71,275 MB
\# Max mem available:	     51,395 MB
\# Initial memory used:	        119 MB
\#        process size:	      1,676 MB
\# Thread usage limits (effective/default):	maxthreads 4294967295/4294967295 maxload 16.00/16.00
\# Qt version:		5.9.1
\# Window Manager:	other
\# User Name:		saul
\o Working Directory:	edatools:/home/saul/projects/IL2244_VT26_SAUL
\# Process Id:		965622
\o 
\o COPYRIGHT (C) 1992-2024  CADENCE DESIGN SYSTEMS INC.  ALL RIGHTS RESERVED.
\o           (C) 1992-2024  UNIX SYSTEMS Laboratories INC.,
\o                          Reproduced with permission.
\o 
\o This Cadence Design Systems program and online documentation are
\o proprietary/confidential information and may be disclosed/used only
\o as authorized in a license agreement controlling such use and disclosure.
\o 
\o           RESTRICTED RIGHTS NOTICE (SHORT FORM)
\o Use/reproduction/disclosure is subject to restriction
\o set forth at FAR 1252.227-19 or its equivalent.
\o Loading geView.cxt 
\o Loading menuBuilder.cxt 
\o Loading schView.cxt 
\o Loading selectSv.cxt 
\o Loading wireEdit.cxt 
\o Loading pte2.cxt 
\o Loading xlUI.cxt 
\o Loading auCore.cxt 
\o Loading vhdl.cxt 
\o Loading seismic.cxt 
\o Loading ci.cxt 
\o Loading ams.cxt 
\o Loading oasis.cxt 
\o Loading analog.cxt 
\o Loading asimenv.cxt 
\o Loading dal.cxt 
\o Loading awv.cxt 
\o Loading socket.cxt 
\o Loading par.cxt 
\o Loading alvs.cxt 
\o Loading caa.cxt 
\o Loading amps.cxt 
\o Loading adexlCore.cxt 
\o Loading adexl.cxt 
\o *Info*    Exporting services from client ... 
\o 
\o Loading adexlDM.cxt 
\o Loading cpf.cxt 
\o Loading cli.cxt 
\o Loading lp.cxt 
\o INFO (ELI-00302) Connecting to parent process (session=virtuoso962994, host=edatools). Connection mode is ICRP. Total timeout is 180 seconds. Connection timeout is 90 seconds.
\o INFO (ELI-00303) Step 1: Connecting to parent. Time spent is 0 seconds.
\o INFO (ELI-00304) The registration of the child 965622 within 90 seconds is being processed...
\o INFO (ELI-00305) The result of registration is true. Time spent is 0 seconds.
\o INFO (ELI-00308) The connection has ended. Result is true. Total time spent is 0 seconds.
\# [05:30:33.445298] Configured Lic search path (22.01-s002): 3000@lic08.ug.kth.se:29000@lic06.ug.kth.se
\o ......................................................................................
\o            ams AG HIT-Kit v.ams_4.10
\o ......................................................................................
\o COPYRIGHT (c) 2012 Full Service Foundry @ ams AG.  ALL RIGHTS RESERVED
\o This HIT-Kit and attached documentation are confidential information and may 
\o only be used as authorized by the HIT-Kit license agreement.
\o ......................................................................................
\# Current Window: window(2)
\# Memory report: using         274 MB, process size 1,965 MB at UTC 2026.04.01 05:30:35.014
\o Loading simulator default settings.
\o //
\o //  Calibre Skill Interface * (v2024.4_12.9) *
\o //
\o //                         Copyright Siemens 1996-2020     
\o //                             All Rights Reserved.
\o //         THIS WORK CONTAINS TRADE SECRET AND PROPRIETARY INFORMATION
\o //            WHICH IS THE PROPERTY OF MENTOR GRAPHICS CORPORATION
\o //              OR ITS LICENSORS AND IS SUBJECT TO LICENSE TERMS.
\o //
\o //
\o Loading simulator default settings.
\o *Info*    Client has finished starting ... 
\o 
\o Loading vdsil.cxt 
\p hitkit: ams_4.10  Tech: c35b4c3  User: saul 
\w *WARNING* could not load font "-*-courier-medium-r-*-*-12-*", using font "fixed"
\# Loading perfDiag...
\# (PerfDiag): Set GDB path to environment variable 'gdbPath' (gdb).
\# Performance Diagnostic tool is installed. You can access PerfDiag from CIW Tools or use the shell command 'cdsPerfDiag -p 965622' to open it when Virtuoso freezes.
\# (PerfDiag): Use backtrace from GLIBC.
\w *WARNING* _perfPstackCheck: Cannot find pstack/gstack. Please setup PATH environment variable to pstack/gstack executable.
\o Loading vqp.cxt 
\o Loading hdlPkg.cxt 
\o 
\o 
\o *Info*    Configuring the session ...
\o 
\o Loading simui.cxt 
\o 	Library      = FECG
\o 	Cell         = buffer_tb
\o 	View         = schematic
\o 	Simulator    = spectre
\o 	State Path   = $AXL_SETUPDB_DIR/test_states
\o 	State Name   = FECG:buffer_tb:1_spectre_state1_Interactive.1
\o 	Results DB   = /home/saul/projects/IL2244_VT26_SAUL/FECG/buffer_tb/adexl/results/data/Interactive.1.rdb
\o 	Results Dir  = /home/saul/projects/IL2244_VT26_SAUL/Sim/FECG/buffer_tb/adexl/results/data/Interactive.1/3/FECG:buffer_tb:1
\o 	Results Loc  = /home/saul/projects/IL2244_VT26_SAUL/Sim/FECG/buffer_tb/adexl/results/data
\o 	Project Dir  = /home/saul/projects/IL2244_VT26_SAUL/Sim
\o 	Setup DB loc = /home/saul/projects/IL2244_VT26_SAUL/FECG/buffer_tb/adexl
\o 	File Encoding = 0
\o 
\o 
\o Loading viva.cxt 
\o Loading spectrei.cxt 
\o Loading devCheck.cxt 
\o Loading relXpert.cxt 
\# Memory report: using         375 MB, process size 2,071 MB at UTC 2026.04.01 05:30:38.317
\o Loading hspiceD.cxt 
\o Loading spectreinl.cxt 
\o Loading msgHandler.cxt 
\o Loading UltraSim.cxt 
\o Loading AMSOSS.cxt 
\o Loading AMS.cxt 
\o 
\o *Info*    The auto suspension is disabled.
\o 
\o Loading monte.cxt 
\o 
\o 
\o 
\o 
\o 
\o *Info*    Run start for Point ID (1 6) on testbench [
\o           FECG:buffer_tb:1 ].
\o 
\o Resetting statistical vars
\o 
\o *Info*    Setting parameter values ...
\o 
\o Setting var VCM = "1.6"
\o Setting var VDD = "2.97"
\o Setting var VIN_PULSE = "10m"
\o Setting var temperature = "-40"
\o Setting temp(T) = -40
\o 
\o *Info*    Netlist Directory =
\o           /home/saul/projects/IL2244_VT26_SAUL/Sim/FECG/buffer_tb/adexl/results/data/Interactive.1/6/FECG:buffer_tb:1/netlist
\o 
\o 
\o *Info*    Data Directory    =
\o           /home/saul/projects/IL2244_VT26_SAUL/Sim/FECG/buffer_tb/adexl/results/data/Interactive.1/6/FECG:buffer_tb:1
\o 
\o 
\o *Info*    Creating Netlist for Point ID (1 6)
\o 
\o generate netlist...
\o Loading hnlInit.cxt 
\o Loading seCore.cxt 
\o function ansCdlCompPrim redefined
\o function ansCdlCompPrim redefined
\# [05:30:38.298961] Periodic Lic check successful
\# [05:30:38.298963] Feature usage summary:
\o Begin Incremental Netlisting Apr  1 05:30:38 2026
\o End netlisting Apr  1 05:30:38 2026
\o 
\o 	The netlist is up to date.
\o 	Time taken to compare the design with netlist:   0.0s
\o       ...successful.
\o compose simulator input file...
\o       ...successful.
\o 
\o *Info*    Running simulation on testbench [ FECG:buffer_tb:1 ] for
\o           Point ID (1 6).
\o 
\o Delete psf data in /home/saul/projects/IL2244_VT26_SAUL/Sim/FECG/buffer_tb/adexl/results/data/Interactive.1/6/FECG:buffer_tb:1/psf.
\o compose simulator input file...
\o       ...successful.
\o start simulator if needed...
\o       ...successful.
\o simulate...
\o To view the simulator output, right-click on the test name, result 
\o name, or any value in the "Results" tab of the Outputs section and 
\o choose "Output Log" menu option.
\o WARNING (ADE-3080): Fast viewing extensions for PSF XL format (also known as RTSF) will be discontinued  
\o        and Virtuoso Visualization and Analysis XL will not use RTSF data to plot waveforms from IC6.1.8 ISR7 onward. 
\o        There will be no performance impact on data visualization due to this change.
\o Loading paraplot.cxt 
\o INFO (ADE-3071): Simulation completed successfully.
\o reading simulation data...
\o       ...successful.
\o *Info*    Client has finished evaluating ... 
\o 
\o 
\o *Info*    Run complete for Point ID (1 6) on testbench [
\o           FECG:buffer_tb:1 ].
\o 
\o 
\o 
\o 
\o 
\o 
\o 
\o 
\o 
\o 
\o *Info*    Run start for Point ID (1 13) on testbench [
\o           FECG:buffer_tb:1 ].
\o 
\o Resetting statistical vars
\o 
\o *Info*    Setting parameter values ...
\o 
\o Setting var VDD = "3.63"
\o Setting var temperature = "85"
\o Setting temp(T) = 85
\o 
\o *Info*    Netlist Directory =
\o           /home/saul/projects/IL2244_VT26_SAUL/Sim/FECG/buffer_tb/adexl/results/data/Interactive.1/13/FECG:buffer_tb:1/netlist
\o 
\o 
\o *Info*    Data Directory    =
\o           /home/saul/projects/IL2244_VT26_SAUL/Sim/FECG/buffer_tb/adexl/results/data/Interactive.1/13/FECG:buffer_tb:1
\o 
\o 
\o *Info*    Creating Netlist for Point ID (1 13)
\o 
\o generate netlist...
\o function ansCdlCompPrim redefined
\o function ansCdlCompPrim redefined
\o Begin Incremental Netlisting Apr  1 05:30:40 2026
\o End netlisting Apr  1 05:30:40 2026
\o 
\o 	The netlist is up to date.
\o 	Time taken to compare the design with netlist:   0.0s
\o       ...successful.
\o compose simulator input file...
\o       ...successful.
\o 
\o *Info*    Running simulation on testbench [ FECG:buffer_tb:1 ] for
\o           Point ID (1 13).
\o 
\o Delete psf data in /home/saul/projects/IL2244_VT26_SAUL/Sim/FECG/buffer_tb/adexl/results/data/Interactive.1/13/FECG:buffer_tb:1/psf.
\o compose simulator input file...
\o       ...successful.
\o start simulator if needed...
\o       ...successful.
\o simulate...
\o To view the simulator output, right-click on the test name, result 
\o name, or any value in the "Results" tab of the Outputs section and 
\o choose "Output Log" menu option.
\o WARNING (ADE-3080): Fast viewing extensions for PSF XL format (also known as RTSF) will be discontinued  
\o        and Virtuoso Visualization and Analysis XL will not use RTSF data to plot waveforms from IC6.1.8 ISR7 onward. 
\o        There will be no performance impact on data visualization due to this change.
\o INFO (ADE-3071): Simulation completed successfully.
\o reading simulation data...
\o       ...successful.
\o *Info*    Client has finished evaluating ... 
\o 
\o 
\o *Info*    Run complete for Point ID (1 13) on testbench [
\o           FECG:buffer_tb:1 ].
\o 
\o 
\o 
\o 
\o 
\o 
\o 
\o 
\o 
\o 
\o *Info*    Run start for Point ID (1 19) on testbench [
\o           FECG:buffer_tb:1 ].
\o 
\o Resetting statistical vars
\o 
\o *Info*    Setting parameter values ...
\o 
\o Setting var VDD = "2.97"
\o 
\o *Info*    Netlist Directory =
\o           /home/saul/projects/IL2244_VT26_SAUL/Sim/FECG/buffer_tb/adexl/results/data/Interactive.1/19/FECG:buffer_tb:1/netlist
\o 
\o 
\o *Info*    Data Directory    =
\o           /home/saul/projects/IL2244_VT26_SAUL/Sim/FECG/buffer_tb/adexl/results/data/Interactive.1/19/FECG:buffer_tb:1
\o 
\o 
\o *Info*    Creating Netlist for Point ID (1 19)
\o 
\o generate netlist...
\o function ansCdlCompPrim redefined
\o function ansCdlCompPrim redefined
\o Begin Incremental Netlisting Apr  1 05:30:41 2026
\o End netlisting Apr  1 05:30:41 2026
\o 
\o 	The netlist is up to date.
\o 	Time taken to compare the design with netlist:   0.0s
\o       ...successful.
\o compose simulator input file...
\o       ...successful.
\o 
\o *Info*    Running simulation on testbench [ FECG:buffer_tb:1 ] for
\o           Point ID (1 19).
\o 
\o Delete psf data in /home/saul/projects/IL2244_VT26_SAUL/Sim/FECG/buffer_tb/adexl/results/data/Interactive.1/19/FECG:buffer_tb:1/psf.
\o compose simulator input file...
\o       ...successful.
\o start simulator if needed...
\o       ...successful.
\o simulate...
\o To view the simulator output, right-click on the test name, result 
\o name, or any value in the "Results" tab of the Outputs section and 
\o choose "Output Log" menu option.
\o WARNING (ADE-3080): Fast viewing extensions for PSF XL format (also known as RTSF) will be discontinued  
\o        and Virtuoso Visualization and Analysis XL will not use RTSF data to plot waveforms from IC6.1.8 ISR7 onward. 
\o        There will be no performance impact on data visualization due to this change.
\# Available memory:         49,595 MB at UTC 2026.04.01 05:30:43.584
\# Memory report: Maximum memory size now 50,061 MB at UTC 2026.04.01 05:30:43.584
\# Thread usage report: 22 active threads, active load 1.40 at UTC 2026.04.01 05:30:43.584
\o INFO (ADE-3071): Simulation completed successfully.
\o reading simulation data...
\o       ...successful.
\o *Info*    Client has finished evaluating ... 
\o 
\o 
\o *Info*    Run complete for Point ID (1 19) on testbench [
\o           FECG:buffer_tb:1 ].
\o 
\o 
\o 
\o 
\o 
\o 
\o 
\o 
\o 
\o 
\o *Info*    Run start for Point ID (1 25) on testbench [
\o           FECG:buffer_tb:1 ].
\o 
\o Resetting statistical vars
\o 
\o *Info*    Setting parameter values ...
\o 
\o Setting var VDD = "3.63"
\o 
\o *Info*    Netlist Directory =
\o           /home/saul/projects/IL2244_VT26_SAUL/Sim/FECG/buffer_tb/adexl/results/data/Interactive.1/25/FECG:buffer_tb:1/netlist
\o 
\o 
\o *Info*    Data Directory    =
\o           /home/saul/projects/IL2244_VT26_SAUL/Sim/FECG/buffer_tb/adexl/results/data/Interactive.1/25/FECG:buffer_tb:1
\o 
\o 
\o *Info*    Creating Netlist for Point ID (1 25)
\o 
\o generate netlist...
\o function ansCdlCompPrim redefined
\o function ansCdlCompPrim redefined
\o Begin Incremental Netlisting Apr  1 05:30:46 2026
\o End netlisting Apr  1 05:30:46 2026
\o 
\o 	The netlist is up to date.
\o 	Time taken to compare the design with netlist:   0.0s
\o       ...successful.
\o compose simulator input file...
\o       ...successful.
\o 
\o *Info*    Running simulation on testbench [ FECG:buffer_tb:1 ] for
\o           Point ID (1 25).
\o 
\o Delete psf data in /home/saul/projects/IL2244_VT26_SAUL/Sim/FECG/buffer_tb/adexl/results/data/Interactive.1/25/FECG:buffer_tb:1/psf.
\o compose simulator input file...
\o       ...successful.
\o start simulator if needed...
\o       ...successful.
\o simulate...
\o To view the simulator output, right-click on the test name, result 
\o name, or any value in the "Results" tab of the Outputs section and 
\o choose "Output Log" menu option.
\o WARNING (ADE-3080): Fast viewing extensions for PSF XL format (also known as RTSF) will be discontinued  
\o        and Virtuoso Visualization and Analysis XL will not use RTSF data to plot waveforms from IC6.1.8 ISR7 onward. 
\o        There will be no performance impact on data visualization due to this change.
\o INFO (ADE-3071): Simulation completed successfully.
\o reading simulation data...
\o       ...successful.
\o *Info*    Client has finished evaluating ... 
\o 
\o 
\o *Info*    Run complete for Point ID (1 25) on testbench [
\o           FECG:buffer_tb:1 ].
\o 
\o 
\o 
\o 
\o 
\o 
\o 
\o 
\o 
\o 
\o *Info*    Run start for Point ID (1 31) on testbench [
\o           FECG:buffer_tb:1 ].
\o 
\o Resetting statistical vars
\o 
\o *Info*    Setting parameter values ...
\o 
\o Setting var VDD = "2.97"
\o 
\o *Info*    Netlist Directory =
\o           /home/saul/projects/IL2244_VT26_SAUL/Sim/FECG/buffer_tb/adexl/results/data/Interactive.1/31/FECG:buffer_tb:1/netlist
\o 
\o 
\o *Info*    Data Directory    =
\o           /home/saul/projects/IL2244_VT26_SAUL/Sim/FECG/buffer_tb/adexl/results/data/Interactive.1/31/FECG:buffer_tb:1
\o 
\o 
\o *Info*    Creating Netlist for Point ID (1 31)
\o 
\o generate netlist...
\o function ansCdlCompPrim redefined
\o function ansCdlCompPrim redefined
\o Begin Incremental Netlisting Apr  1 05:30:48 2026
\o End netlisting Apr  1 05:30:48 2026
\o 
\o 	The netlist is up to date.
\o 	Time taken to compare the design with netlist:   0.0s
\o       ...successful.
\o compose simulator input file...
\o       ...successful.
\o 
\o *Info*    Running simulation on testbench [ FECG:buffer_tb:1 ] for
\o           Point ID (1 31).
\o 
\o Delete psf data in /home/saul/projects/IL2244_VT26_SAUL/Sim/FECG/buffer_tb/adexl/results/data/Interactive.1/31/FECG:buffer_tb:1/psf.
\o compose simulator input file...
\o       ...successful.
\o start simulator if needed...
\o       ...successful.
\o simulate...
\o To view the simulator output, right-click on the test name, result 
\o name, or any value in the "Results" tab of the Outputs section and 
\o choose "Output Log" menu option.
\o WARNING (ADE-3080): Fast viewing extensions for PSF XL format (also known as RTSF) will be discontinued  
\o        and Virtuoso Visualization and Analysis XL will not use RTSF data to plot waveforms from IC6.1.8 ISR7 onward. 
\o        There will be no performance impact on data visualization due to this change.
\o INFO (ADE-3071): Simulation completed successfully.
\o reading simulation data...
\o       ...successful.
\o *Info*    Client has finished evaluating ... 
\o 
\o 
\o *Info*    Run complete for Point ID (1 31) on testbench [
\o           FECG:buffer_tb:1 ].
\o 
\o 
\o 
\o 
\o 
\o 
\o 
\o 
\o 
\o 
\o *Info*    Run start for Point ID (1 37) on testbench [
\o           FECG:buffer_tb:1 ].
\o 
\o Resetting statistical vars
\o 
\o *Info*    Setting parameter values ...
\o 
\o Setting var VDD = "3.63"
\o 
\o *Info*    Netlist Directory =
\o           /home/saul/projects/IL2244_VT26_SAUL/Sim/FECG/buffer_tb/adexl/results/data/Interactive.1/37/FECG:buffer_tb:1/netlist
\o 
\o 
\o *Info*    Data Directory    =
\o           /home/saul/projects/IL2244_VT26_SAUL/Sim/FECG/buffer_tb/adexl/results/data/Interactive.1/37/FECG:buffer_tb:1
\o 
\o 
\o *Info*    Creating Netlist for Point ID (1 37)
\o 
\o generate netlist...
\o function ansCdlCompPrim redefined
\o function ansCdlCompPrim redefined
\o Begin Incremental Netlisting Apr  1 05:30:49 2026
\o End netlisting Apr  1 05:30:49 2026
\o 
\o 	The netlist is up to date.
\o 	Time taken to compare the design with netlist:   0.0s
\o       ...successful.
\o compose simulator input file...
\o       ...successful.
\o 
\o *Info*    Running simulation on testbench [ FECG:buffer_tb:1 ] for
\o           Point ID (1 37).
\o 
\o Delete psf data in /home/saul/projects/IL2244_VT26_SAUL/Sim/FECG/buffer_tb/adexl/results/data/Interactive.1/37/FECG:buffer_tb:1/psf.
\o compose simulator input file...
\o       ...successful.
\o start simulator if needed...
\o       ...successful.
\o simulate...
\o To view the simulator output, right-click on the test name, result 
\o name, or any value in the "Results" tab of the Outputs section and 
\o choose "Output Log" menu option.
\o WARNING (ADE-3080): Fast viewing extensions for PSF XL format (also known as RTSF) will be discontinued  
\o        and Virtuoso Visualization and Analysis XL will not use RTSF data to plot waveforms from IC6.1.8 ISR7 onward. 
\o        There will be no performance impact on data visualization due to this change.
\o INFO (ADE-3071): Simulation completed successfully.
\o reading simulation data...
\o       ...successful.
\o *Info*    Client has finished evaluating ... 
\o 
\o 
\o *Info*    Run complete for Point ID (1 37) on testbench [
\o           FECG:buffer_tb:1 ].
\o 
\o 
\o 
\o 
\o 
\o 
\o 
\o 
\o 
\o 
\o *Info*    Run start for Point ID (1 43) on testbench [
\o           FECG:buffer_tb:1 ].
\o 
\o Resetting statistical vars
\o 
\o *Info*    Setting parameter values ...
\o 
\o Setting var VDD = "2.97"
\o 
\o *Info*    Netlist Directory =
\o           /home/saul/projects/IL2244_VT26_SAUL/Sim/FECG/buffer_tb/adexl/results/data/Interactive.1/43/FECG:buffer_tb:1/netlist
\o 
\o 
\o *Info*    Data Directory    =
\o           /home/saul/projects/IL2244_VT26_SAUL/Sim/FECG/buffer_tb/adexl/results/data/Interactive.1/43/FECG:buffer_tb:1
\o 
\o 
\o *Info*    Creating Netlist for Point ID (1 43)
\o 
\o generate netlist...
\o function ansCdlCompPrim redefined
\o function ansCdlCompPrim redefined
\o Begin Incremental Netlisting Apr  1 05:30:50 2026
\o End netlisting Apr  1 05:30:50 2026
\o 
\o 	The netlist is up to date.
\o 	Time taken to compare the design with netlist:   0.0s
\o       ...successful.
\o compose simulator input file...
\o       ...successful.
\o 
\o *Info*    Running simulation on testbench [ FECG:buffer_tb:1 ] for
\o           Point ID (1 43).
\o 
\o Delete psf data in /home/saul/projects/IL2244_VT26_SAUL/Sim/FECG/buffer_tb/adexl/results/data/Interactive.1/43/FECG:buffer_tb:1/psf.
\o compose simulator input file...
\o       ...successful.
\o start simulator if needed...
\o       ...successful.
\o simulate...
\o To view the simulator output, right-click on the test name, result 
\o name, or any value in the "Results" tab of the Outputs section and 
\o choose "Output Log" menu option.
\o WARNING (ADE-3080): Fast viewing extensions for PSF XL format (also known as RTSF) will be discontinued  
\o        and Virtuoso Visualization and Analysis XL will not use RTSF data to plot waveforms from IC6.1.8 ISR7 onward. 
\o        There will be no performance impact on data visualization due to this change.
\o INFO (ADE-3071): Simulation completed successfully.
\o reading simulation data...
\o       ...successful.
\o *Info*    Client has finished evaluating ... 
\o 
\o 
\o *Info*    Run complete for Point ID (1 43) on testbench [
\o           FECG:buffer_tb:1 ].
\o 
\o 
\o 
\o 
\o 
\o 
\o 
\o 
\o 
\o 
\o *Info*    Run start for Point ID (1 49) on testbench [
\o           FECG:buffer_tb:1 ].
\o 
\o Resetting statistical vars
\o 
\o *Info*    Setting parameter values ...
\o 
\o Setting var VDD = "3.63"
\o 
\o *Info*    Netlist Directory =
\o           /home/saul/projects/IL2244_VT26_SAUL/Sim/FECG/buffer_tb/adexl/results/data/Interactive.1/49/FECG:buffer_tb:1/netlist
\o 
\o 
\o *Info*    Data Directory    =
\o           /home/saul/projects/IL2244_VT26_SAUL/Sim/FECG/buffer_tb/adexl/results/data/Interactive.1/49/FECG:buffer_tb:1
\o 
\o 
\o *Info*    Creating Netlist for Point ID (1 49)
\o 
\o generate netlist...
\o function ansCdlCompPrim redefined
\o function ansCdlCompPrim redefined
\o Begin Incremental Netlisting Apr  1 05:30:52 2026
\o End netlisting Apr  1 05:30:52 2026
\o 
\o 	The netlist is up to date.
\o 	Time taken to compare the design with netlist:   0.0s
\o       ...successful.
\o compose simulator input file...
\o       ...successful.
\o 
\o *Info*    Running simulation on testbench [ FECG:buffer_tb:1 ] for
\o           Point ID (1 49).
\o 
\o Delete psf data in /home/saul/projects/IL2244_VT26_SAUL/Sim/FECG/buffer_tb/adexl/results/data/Interactive.1/49/FECG:buffer_tb:1/psf.
\o compose simulator input file...
\o       ...successful.
\o start simulator if needed...
\o       ...successful.
\o simulate...
\o To view the simulator output, right-click on the test name, result 
\o name, or any value in the "Results" tab of the Outputs section and 
\o choose "Output Log" menu option.
\o WARNING (ADE-3080): Fast viewing extensions for PSF XL format (also known as RTSF) will be discontinued  
\o        and Virtuoso Visualization and Analysis XL will not use RTSF data to plot waveforms from IC6.1.8 ISR7 onward. 
\o        There will be no performance impact on data visualization due to this change.
\o INFO (ADE-3071): Simulation completed successfully.
\o reading simulation data...
\o       ...successful.
\o *Info*    Client has finished evaluating ... 
\o 
\o 
\o *Info*    Run complete for Point ID (1 49) on testbench [
\o           FECG:buffer_tb:1 ].
\o 
\o 
\o 
\o 
\o 
\o 
\o 
\o 
\o 
\o 
\o *Info*    Run start for Point ID (1 55) on testbench [
\o           FECG:buffer_tb:1 ].
\o 
\o Resetting statistical vars
\o 
\o *Info*    Setting parameter values ...
\o 
\o Setting var VDD = "2.97"
\o 
\o *Info*    Netlist Directory =
\o           /home/saul/projects/IL2244_VT26_SAUL/Sim/FECG/buffer_tb/adexl/results/data/Interactive.1/55/FECG:buffer_tb:1/netlist
\o 
\o 
\o *Info*    Data Directory    =
\o           /home/saul/projects/IL2244_VT26_SAUL/Sim/FECG/buffer_tb/adexl/results/data/Interactive.1/55/FECG:buffer_tb:1
\o 
\o 
\o *Info*    Creating Netlist for Point ID (1 55)
\o 
\o generate netlist...
\o function ansCdlCompPrim redefined
\o function ansCdlCompPrim redefined
\o Begin Incremental Netlisting Apr  1 05:30:53 2026
\o End netlisting Apr  1 05:30:53 2026
\o 
\o 	The netlist is up to date.
\o 	Time taken to compare the design with netlist:   0.0s
\o       ...successful.
\o compose simulator input file...
\o       ...successful.
\o 
\o *Info*    Running simulation on testbench [ FECG:buffer_tb:1 ] for
\o           Point ID (1 55).
\o 
\o Delete psf data in /home/saul/projects/IL2244_VT26_SAUL/Sim/FECG/buffer_tb/adexl/results/data/Interactive.1/55/FECG:buffer_tb:1/psf.
\o compose simulator input file...
\o       ...successful.
\o start simulator if needed...
\o       ...successful.
\o simulate...
\o To view the simulator output, right-click on the test name, result 
\o name, or any value in the "Results" tab of the Outputs section and 
\o choose "Output Log" menu option.
\o WARNING (ADE-3080): Fast viewing extensions for PSF XL format (also known as RTSF) will be discontinued  
\o        and Virtuoso Visualization and Analysis XL will not use RTSF data to plot waveforms from IC6.1.8 ISR7 onward. 
\o        There will be no performance impact on data visualization due to this change.
\o INFO (ADE-3071): Simulation completed successfully.
\o reading simulation data...
\o       ...successful.
\o *Info*    Client has finished evaluating ... 
\o 
\o 
\o *Info*    Run complete for Point ID (1 55) on testbench [
\o           FECG:buffer_tb:1 ].
\o 
\o 
\o 
\o 
\o 
\o 
\o 
\o 
\o 
\o 
\o *Info*    Run start for Point ID (1 61) on testbench [
\o           FECG:buffer_tb:1 ].
\o 
\o Resetting statistical vars
\o 
\o *Info*    Setting parameter values ...
\o 
\o Setting var VDD = "3.63"
\o 
\o *Info*    Netlist Directory =
\o           /home/saul/projects/IL2244_VT26_SAUL/Sim/FECG/buffer_tb/adexl/results/data/Interactive.1/61/FECG:buffer_tb:1/netlist
\o 
\o 
\o *Info*    Data Directory    =
\o           /home/saul/projects/IL2244_VT26_SAUL/Sim/FECG/buffer_tb/adexl/results/data/Interactive.1/61/FECG:buffer_tb:1
\o 
\o 
\o *Info*    Creating Netlist for Point ID (1 61)
\o 
\o generate netlist...
\o function ansCdlCompPrim redefined
\o function ansCdlCompPrim redefined
\o Begin Incremental Netlisting Apr  1 05:30:54 2026
\o End netlisting Apr  1 05:30:54 2026
\o 
\o 	The netlist is up to date.
\o 	Time taken to compare the design with netlist:   0.0s
\o       ...successful.
\o compose simulator input file...
\o       ...successful.
\o 
\o *Info*    Running simulation on testbench [ FECG:buffer_tb:1 ] for
\o           Point ID (1 61).
\o 
\o Delete psf data in /home/saul/projects/IL2244_VT26_SAUL/Sim/FECG/buffer_tb/adexl/results/data/Interactive.1/61/FECG:buffer_tb:1/psf.
\o compose simulator input file...
\o       ...successful.
\o start simulator if needed...
\o       ...successful.
\o simulate...
\o To view the simulator output, right-click on the test name, result 
\o name, or any value in the "Results" tab of the Outputs section and 
\o choose "Output Log" menu option.
\o WARNING (ADE-3080): Fast viewing extensions for PSF XL format (also known as RTSF) will be discontinued  
\o        and Virtuoso Visualization and Analysis XL will not use RTSF data to plot waveforms from IC6.1.8 ISR7 onward. 
\o        There will be no performance impact on data visualization due to this change.
\o INFO (ADE-3071): Simulation completed successfully.
\o reading simulation data...
\o       ...successful.
\o *Info*    Client has finished evaluating ... 
\o 
\o 
\o *Info*    Run complete for Point ID (1 61) on testbench [
\o           FECG:buffer_tb:1 ].
\o 
\o 
\o 
\o 
\o 
\o Simulation design variables differ from those on the cellView,
\o they have been saved in the file "/tmp/saved-design-variables".
\o To save future changes, copy variables to cellView before exiting.
\o 
\o 
\o *Info*    Configuring the session ...
\o 
\o 	Library      = FECG
\o 	Cell         = buffer_tb
\o 	View         = schematic
\o 	Simulator    = spectre
\o 	State Path   = $AXL_SETUPDB_DIR/test_states
\o 	State Name   = FECG:buffer_tb:1_spectre_state1_Interactive.2
\o 	Results DB   = /home/saul/projects/IL2244_VT26_SAUL/FECG/buffer_tb/adexl/results/data/Interactive.2.rdb
\o 	Results Dir  = /home/saul/projects/IL2244_VT26_SAUL/Sim/FECG/buffer_tb/adexl/results/data/Interactive.2/1/FECG:buffer_tb:1
\o 	Results Loc  = /home/saul/projects/IL2244_VT26_SAUL/Sim/FECG/buffer_tb/adexl/results/data
\o 	Project Dir  = /home/saul/projects/IL2244_VT26_SAUL/Sim
\o 	Setup DB loc = /home/saul/projects/IL2244_VT26_SAUL/FECG/buffer_tb/adexl
\o 	File Encoding = 0
\o 
\o 
\o 
\o *Info*    The auto suspension is disabled.
\o 
\o 
\o 
\o 
\o 
\o 
\o *Info*    Run start for Point ID (2 3) on testbench [
\o           FECG:buffer_tb:1 ].
\o 
\o Resetting statistical vars
\o 
\o *Info*    Setting parameter values ...
\o 
\o Setting var VCM = "1.6"
\o Setting var VDD = "2.97"
\o Setting var VIN_PULSE = "10m"
\o Setting var temperature = "85"
\o Setting temp(T) = 85
\o 
\o *Info*    Netlist Directory =
\o           /home/saul/projects/IL2244_VT26_SAUL/Sim/FECG/buffer_tb/adexl/results/data/Interactive.2/3/FECG:buffer_tb:1/netlist
\o 
\o 
\o *Info*    Data Directory    =
\o           /home/saul/projects/IL2244_VT26_SAUL/Sim/FECG/buffer_tb/adexl/results/data/Interactive.2/3/FECG:buffer_tb:1
\o 
\o 
\o *Info*    Creating Netlist for Point ID (2 3)
\o 
\o generate netlist...
\o function ansCdlCompPrim redefined
\o function ansCdlCompPrim redefined
\o Begin Incremental Netlisting Apr  1 05:31:31 2026
\o End netlisting Apr  1 05:31:31 2026
\o 
\o 	The netlist is up to date.
\o 	Time taken to compare the design with netlist:   0.0s
\o       ...successful.
\o compose simulator input file...
\o       ...successful.
\o 
\o *Info*    Running simulation on testbench [ FECG:buffer_tb:1 ] for
\o           Point ID (2 3).
\o 
\o Delete psf data in /home/saul/projects/IL2244_VT26_SAUL/Sim/FECG/buffer_tb/adexl/results/data/Interactive.2/3/FECG:buffer_tb:1/psf.
\o compose simulator input file...
\o       ...successful.
\o start simulator if needed...
\o       ...successful.
\o simulate...
\o To view the simulator output, right-click on the test name, result 
\o name, or any value in the "Results" tab of the Outputs section and 
\o choose "Output Log" menu option.
\o WARNING (ADE-3080): Fast viewing extensions for PSF XL format (also known as RTSF) will be discontinued  
\o        and Virtuoso Visualization and Analysis XL will not use RTSF data to plot waveforms from IC6.1.8 ISR7 onward. 
\o        There will be no performance impact on data visualization due to this change.
\o INFO (ADE-3071): Simulation completed successfully.
\o reading simulation data...
\o       ...successful.
\o *Info*    Client has finished evaluating ... 
\o 
\o 
\o *Info*    Run complete for Point ID (2 3) on testbench [
\o           FECG:buffer_tb:1 ].
\o 
\o 
\o 
\o 
\o 
\o 
\o 
\o 
\o 
\o 
\o *Info*    Run start for Point ID (2 11) on testbench [
\o           FECG:buffer_tb:1 ].
\o 
\o Resetting statistical vars
\o 
\o *Info*    Setting parameter values ...
\o 
\o 
\o *Info*    Netlist Directory =
\o           /home/saul/projects/IL2244_VT26_SAUL/Sim/FECG/buffer_tb/adexl/results/data/Interactive.2/11/FECG:buffer_tb:1/netlist
\o 
\o 
\o *Info*    Data Directory    =
\o           /home/saul/projects/IL2244_VT26_SAUL/Sim/FECG/buffer_tb/adexl/results/data/Interactive.2/11/FECG:buffer_tb:1
\o 
\o 
\o *Info*    Creating Netlist for Point ID (2 11)
\o 
\o generate netlist...
\o function ansCdlCompPrim redefined
\o function ansCdlCompPrim redefined
\o Begin Incremental Netlisting Apr  1 05:31:33 2026
\o End netlisting Apr  1 05:31:33 2026
\o 
\o 	The netlist is up to date.
\o 	Time taken to compare the design with netlist:   0.0s
\o       ...successful.
\o compose simulator input file...
\o       ...successful.
\o 
\o *Info*    Running simulation on testbench [ FECG:buffer_tb:1 ] for
\o           Point ID (2 11).
\o 
\o Delete psf data in /home/saul/projects/IL2244_VT26_SAUL/Sim/FECG/buffer_tb/adexl/results/data/Interactive.2/11/FECG:buffer_tb:1/psf.
\o compose simulator input file...
\o       ...successful.
\o start simulator if needed...
\o       ...successful.
\o simulate...
\o To view the simulator output, right-click on the test name, result 
\o name, or any value in the "Results" tab of the Outputs section and 
\o choose "Output Log" menu option.
\o WARNING (ADE-3080): Fast viewing extensions for PSF XL format (also known as RTSF) will be discontinued  
\o        and Virtuoso Visualization and Analysis XL will not use RTSF data to plot waveforms from IC6.1.8 ISR7 onward. 
\o        There will be no performance impact on data visualization due to this change.
\o INFO (ADE-3071): Simulation completed successfully.
\o reading simulation data...
\o       ...successful.
\o *Info*    Client has finished evaluating ... 
\o 
\o 
\o *Info*    Run complete for Point ID (2 11) on testbench [
\o           FECG:buffer_tb:1 ].
\o 
\o 
\o 
\o 
\o 
\o 
\o 
\o 
\o 
\o 
\o *Info*    Run start for Point ID (2 17) on testbench [
\o           FECG:buffer_tb:1 ].
\o 
\o Resetting statistical vars
\o 
\o *Info*    Setting parameter values ...
\o 
\o Setting var VDD = "3.63"
\o 
\o *Info*    Netlist Directory =
\o           /home/saul/projects/IL2244_VT26_SAUL/Sim/FECG/buffer_tb/adexl/results/data/Interactive.2/17/FECG:buffer_tb:1/netlist
\o 
\o 
\o *Info*    Data Directory    =
\o           /home/saul/projects/IL2244_VT26_SAUL/Sim/FECG/buffer_tb/adexl/results/data/Interactive.2/17/FECG:buffer_tb:1
\o 
\o 
\o *Info*    Creating Netlist for Point ID (2 17)
\o 
\o generate netlist...
\o function ansCdlCompPrim redefined
\o function ansCdlCompPrim redefined
\o Begin Incremental Netlisting Apr  1 05:31:35 2026
\o End netlisting Apr  1 05:31:35 2026
\o 
\o 	The netlist is up to date.
\o 	Time taken to compare the design with netlist:   0.0s
\o       ...successful.
\o compose simulator input file...
\o       ...successful.
\o 
\o *Info*    Running simulation on testbench [ FECG:buffer_tb:1 ] for
\o           Point ID (2 17).
\o 
\o Delete psf data in /home/saul/projects/IL2244_VT26_SAUL/Sim/FECG/buffer_tb/adexl/results/data/Interactive.2/17/FECG:buffer_tb:1/psf.
\o compose simulator input file...
\o       ...successful.
\o start simulator if needed...
\o       ...successful.
\o simulate...
\o To view the simulator output, right-click on the test name, result 
\o name, or any value in the "Results" tab of the Outputs section and 
\o choose "Output Log" menu option.
\o WARNING (ADE-3080): Fast viewing extensions for PSF XL format (also known as RTSF) will be discontinued  
\o        and Virtuoso Visualization and Analysis XL will not use RTSF data to plot waveforms from IC6.1.8 ISR7 onward. 
\o        There will be no performance impact on data visualization due to this change.
\o INFO (ADE-3071): Simulation completed successfully.
\o reading simulation data...
\o       ...successful.
\o *Info*    Client has finished evaluating ... 
\o 
\o 
\o *Info*    Run complete for Point ID (2 17) on testbench [
\o           FECG:buffer_tb:1 ].
\o 
\o 
\o 
\o 
\o 
\o 
\o 
\o 
\o 
\o 
\o *Info*    Run start for Point ID (2 23) on testbench [
\o           FECG:buffer_tb:1 ].
\o 
\o Resetting statistical vars
\o 
\o *Info*    Setting parameter values ...
\o 
\o Setting var VDD = "2.97"
\o 
\o *Info*    Netlist Directory =
\o           /home/saul/projects/IL2244_VT26_SAUL/Sim/FECG/buffer_tb/adexl/results/data/Interactive.2/23/FECG:buffer_tb:1/netlist
\o 
\o 
\o *Info*    Data Directory    =
\o           /home/saul/projects/IL2244_VT26_SAUL/Sim/FECG/buffer_tb/adexl/results/data/Interactive.2/23/FECG:buffer_tb:1
\o 
\o 
\o *Info*    Creating Netlist for Point ID (2 23)
\o 
\o generate netlist...
\o function ansCdlCompPrim redefined
\o function ansCdlCompPrim redefined
\o Begin Incremental Netlisting Apr  1 05:31:36 2026
\o End netlisting Apr  1 05:31:36 2026
\o 
\o 	The netlist is up to date.
\o 	Time taken to compare the design with netlist:   0.0s
\o       ...successful.
\o compose simulator input file...
\o       ...successful.
\o 
\o *Info*    Running simulation on testbench [ FECG:buffer_tb:1 ] for
\o           Point ID (2 23).
\o 
\o Delete psf data in /home/saul/projects/IL2244_VT26_SAUL/Sim/FECG/buffer_tb/adexl/results/data/Interactive.2/23/FECG:buffer_tb:1/psf.
\o compose simulator input file...
\o       ...successful.
\o start simulator if needed...
\o       ...successful.
\o simulate...
\o To view the simulator output, right-click on the test name, result 
\o name, or any value in the "Results" tab of the Outputs section and 
\o choose "Output Log" menu option.
\o WARNING (ADE-3080): Fast viewing extensions for PSF XL format (also known as RTSF) will be discontinued  
\o        and Virtuoso Visualization and Analysis XL will not use RTSF data to plot waveforms from IC6.1.8 ISR7 onward. 
\o        There will be no performance impact on data visualization due to this change.
\o INFO (ADE-3071): Simulation completed successfully.
\o reading simulation data...
\o       ...successful.
\o *Info*    Client has finished evaluating ... 
\o 
\o 
\o *Info*    Run complete for Point ID (2 23) on testbench [
\o           FECG:buffer_tb:1 ].
\o 
\o 
\o 
\o 
\o 
\o 
\o 
\o 
\o 
\o 
\o *Info*    Run start for Point ID (2 29) on testbench [
\o           FECG:buffer_tb:1 ].
\o 
\o Resetting statistical vars
\o 
\o *Info*    Setting parameter values ...
\o 
\o Setting var VDD = "3.63"
\o 
\o *Info*    Netlist Directory =
\o           /home/saul/projects/IL2244_VT26_SAUL/Sim/FECG/buffer_tb/adexl/results/data/Interactive.2/29/FECG:buffer_tb:1/netlist
\o 
\o 
\o *Info*    Data Directory    =
\o           /home/saul/projects/IL2244_VT26_SAUL/Sim/FECG/buffer_tb/adexl/results/data/Interactive.2/29/FECG:buffer_tb:1
\o 
\o 
\o *Info*    Creating Netlist for Point ID (2 29)
\o 
\o generate netlist...
\o function ansCdlCompPrim redefined
\o function ansCdlCompPrim redefined
\o Begin Incremental Netlisting Apr  1 05:31:37 2026
\o End netlisting Apr  1 05:31:37 2026
\o 
\o 	The netlist is up to date.
\o 	Time taken to compare the design with netlist:   0.0s
\o       ...successful.
\o compose simulator input file...
\o       ...successful.
\o 
\o *Info*    Running simulation on testbench [ FECG:buffer_tb:1 ] for
\o           Point ID (2 29).
\o 
\o Delete psf data in /home/saul/projects/IL2244_VT26_SAUL/Sim/FECG/buffer_tb/adexl/results/data/Interactive.2/29/FECG:buffer_tb:1/psf.
\o compose simulator input file...
\o       ...successful.
\o start simulator if needed...
\o       ...successful.
\o simulate...
\o To view the simulator output, right-click on the test name, result 
\o name, or any value in the "Results" tab of the Outputs section and 
\o choose "Output Log" menu option.
\# Memory report: using         481 MB, process size 2,291 MB at UTC 2026.04.01 05:31:38.072
\o WARNING (ADE-3080): Fast viewing extensions for PSF XL format (also known as RTSF) will be discontinued  
\o        and Virtuoso Visualization and Analysis XL will not use RTSF data to plot waveforms from IC6.1.8 ISR7 onward. 
\o        There will be no performance impact on data visualization due to this change.
\o INFO (ADE-3071): Simulation completed successfully.
\o reading simulation data...
\o       ...successful.
\o *Info*    Client has finished evaluating ... 
\o 
\o 
\o *Info*    Run complete for Point ID (2 29) on testbench [
\o           FECG:buffer_tb:1 ].
\o 
\o 
\o 
\o 
\o 
\o 
\o 
\o 
\o 
\o 
\o *Info*    Run start for Point ID (2 35) on testbench [
\o           FECG:buffer_tb:1 ].
\o 
\o Resetting statistical vars
\o 
\o *Info*    Setting parameter values ...
\o 
\o Setting var VDD = "2.97"
\o 
\o *Info*    Netlist Directory =
\o           /home/saul/projects/IL2244_VT26_SAUL/Sim/FECG/buffer_tb/adexl/results/data/Interactive.2/35/FECG:buffer_tb:1/netlist
\o 
\o 
\o *Info*    Data Directory    =
\o           /home/saul/projects/IL2244_VT26_SAUL/Sim/FECG/buffer_tb/adexl/results/data/Interactive.2/35/FECG:buffer_tb:1
\o 
\o 
\o *Info*    Creating Netlist for Point ID (2 35)
\o 
\o generate netlist...
\o function ansCdlCompPrim redefined
\o function ansCdlCompPrim redefined
\o Begin Incremental Netlisting Apr  1 05:31:39 2026
\o End netlisting Apr  1 05:31:39 2026
\o 
\o 	The netlist is up to date.
\o 	Time taken to compare the design with netlist:   0.0s
\o       ...successful.
\o compose simulator input file...
\o       ...successful.
\o 
\o *Info*    Running simulation on testbench [ FECG:buffer_tb:1 ] for
\o           Point ID (2 35).
\o 
\o Delete psf data in /home/saul/projects/IL2244_VT26_SAUL/Sim/FECG/buffer_tb/adexl/results/data/Interactive.2/35/FECG:buffer_tb:1/psf.
\o compose simulator input file...
\o       ...successful.
\o start simulator if needed...
\o       ...successful.
\o simulate...
\o To view the simulator output, right-click on the test name, result 
\o name, or any value in the "Results" tab of the Outputs section and 
\o choose "Output Log" menu option.
\o WARNING (ADE-3080): Fast viewing extensions for PSF XL format (also known as RTSF) will be discontinued  
\o        and Virtuoso Visualization and Analysis XL will not use RTSF data to plot waveforms from IC6.1.8 ISR7 onward. 
\o        There will be no performance impact on data visualization due to this change.
\o INFO (ADE-3071): Simulation completed successfully.
\o reading simulation data...
\o       ...successful.
\o *Info*    Client has finished evaluating ... 
\o 
\o 
\o *Info*    Run complete for Point ID (2 35) on testbench [
\o           FECG:buffer_tb:1 ].
\o 
\o 
\o 
\o 
\o 
\o 
\o 
\o 
\o 
\o 
\o *Info*    Run start for Point ID (2 41) on testbench [
\o           FECG:buffer_tb:1 ].
\o 
\o Resetting statistical vars
\o 
\o *Info*    Setting parameter values ...
\o 
\o Setting var VDD = "3.63"
\o 
\o *Info*    Netlist Directory =
\o           /home/saul/projects/IL2244_VT26_SAUL/Sim/FECG/buffer_tb/adexl/results/data/Interactive.2/41/FECG:buffer_tb:1/netlist
\o 
\o 
\o *Info*    Data Directory    =
\o           /home/saul/projects/IL2244_VT26_SAUL/Sim/FECG/buffer_tb/adexl/results/data/Interactive.2/41/FECG:buffer_tb:1
\o 
\o 
\o *Info*    Creating Netlist for Point ID (2 41)
\o 
\o generate netlist...
\o function ansCdlCompPrim redefined
\o function ansCdlCompPrim redefined
\o Begin Incremental Netlisting Apr  1 05:31:40 2026
\o End netlisting Apr  1 05:31:40 2026
\o 
\o 	The netlist is up to date.
\o 	Time taken to compare the design with netlist:   0.0s
\o       ...successful.
\o compose simulator input file...
\o       ...successful.
\o 
\o *Info*    Running simulation on testbench [ FECG:buffer_tb:1 ] for
\o           Point ID (2 41).
\o 
\o Delete psf data in /home/saul/projects/IL2244_VT26_SAUL/Sim/FECG/buffer_tb/adexl/results/data/Interactive.2/41/FECG:buffer_tb:1/psf.
\o compose simulator input file...
\o       ...successful.
\o start simulator if needed...
\o       ...successful.
\o simulate...
\o To view the simulator output, right-click on the test name, result 
\o name, or any value in the "Results" tab of the Outputs section and 
\o choose "Output Log" menu option.
\o WARNING (ADE-3080): Fast viewing extensions for PSF XL format (also known as RTSF) will be discontinued  
\o        and Virtuoso Visualization and Analysis XL will not use RTSF data to plot waveforms from IC6.1.8 ISR7 onward. 
\o        There will be no performance impact on data visualization due to this change.
\o INFO (ADE-3071): Simulation completed successfully.
\o reading simulation data...
\o       ...successful.
\o *Info*    Client has finished evaluating ... 
\o 
\o 
\o *Info*    Run complete for Point ID (2 41) on testbench [
\o           FECG:buffer_tb:1 ].
\o 
\o 
\o 
\o 
\o 
\o 
\o 
\o 
\o 
\o 
\o *Info*    Run start for Point ID (2 47) on testbench [
\o           FECG:buffer_tb:1 ].
\o 
\o Resetting statistical vars
\o 
\o *Info*    Setting parameter values ...
\o 
\o Setting var VDD = "2.97"
\o 
\o *Info*    Netlist Directory =
\o           /home/saul/projects/IL2244_VT26_SAUL/Sim/FECG/buffer_tb/adexl/results/data/Interactive.2/47/FECG:buffer_tb:1/netlist
\o 
\o 
\o *Info*    Data Directory    =
\o           /home/saul/projects/IL2244_VT26_SAUL/Sim/FECG/buffer_tb/adexl/results/data/Interactive.2/47/FECG:buffer_tb:1
\o 
\o 
\o *Info*    Creating Netlist for Point ID (2 47)
\o 
\o generate netlist...
\o function ansCdlCompPrim redefined
\o function ansCdlCompPrim redefined
\o Begin Incremental Netlisting Apr  1 05:31:42 2026
\o End netlisting Apr  1 05:31:42 2026
\o 
\o 	The netlist is up to date.
\o 	Time taken to compare the design with netlist:   0.0s
\o       ...successful.
\o compose simulator input file...
\o       ...successful.
\o 
\o *Info*    Running simulation on testbench [ FECG:buffer_tb:1 ] for
\o           Point ID (2 47).
\o 
\o Delete psf data in /home/saul/projects/IL2244_VT26_SAUL/Sim/FECG/buffer_tb/adexl/results/data/Interactive.2/47/FECG:buffer_tb:1/psf.
\o compose simulator input file...
\o       ...successful.
\o start simulator if needed...
\o       ...successful.
\o simulate...
\o To view the simulator output, right-click on the test name, result 
\o name, or any value in the "Results" tab of the Outputs section and 
\o choose "Output Log" menu option.
\o WARNING (ADE-3080): Fast viewing extensions for PSF XL format (also known as RTSF) will be discontinued  
\o        and Virtuoso Visualization and Analysis XL will not use RTSF data to plot waveforms from IC6.1.8 ISR7 onward. 
\o        There will be no performance impact on data visualization due to this change.
\o INFO (ADE-3071): Simulation completed successfully.
\o reading simulation data...
\o       ...successful.
\o *Info*    Client has finished evaluating ... 
\o 
\o 
\o *Info*    Run complete for Point ID (2 47) on testbench [
\o           FECG:buffer_tb:1 ].
\o 
\o 
\o 
\o 
\o 
\o 
\o 
\o 
\o 
\o 
\o *Info*    Run start for Point ID (2 53) on testbench [
\o           FECG:buffer_tb:1 ].
\o 
\o Resetting statistical vars
\o 
\o *Info*    Setting parameter values ...
\o 
\o Setting var VDD = "3.63"
\o 
\o *Info*    Netlist Directory =
\o           /home/saul/projects/IL2244_VT26_SAUL/Sim/FECG/buffer_tb/adexl/results/data/Interactive.2/53/FECG:buffer_tb:1/netlist
\o 
\o 
\o *Info*    Data Directory    =
\o           /home/saul/projects/IL2244_VT26_SAUL/Sim/FECG/buffer_tb/adexl/results/data/Interactive.2/53/FECG:buffer_tb:1
\o 
\o 
\o *Info*    Creating Netlist for Point ID (2 53)
\o 
\o generate netlist...
\o function ansCdlCompPrim redefined
\o function ansCdlCompPrim redefined
\o Begin Incremental Netlisting Apr  1 05:31:43 2026
\o End netlisting Apr  1 05:31:43 2026
\o 
\o 	The netlist is up to date.
\o 	Time taken to compare the design with netlist:   0.0s
\o       ...successful.
\o compose simulator input file...
\o       ...successful.
\o 
\o *Info*    Running simulation on testbench [ FECG:buffer_tb:1 ] for
\o           Point ID (2 53).
\o 
\o Delete psf data in /home/saul/projects/IL2244_VT26_SAUL/Sim/FECG/buffer_tb/adexl/results/data/Interactive.2/53/FECG:buffer_tb:1/psf.
\o compose simulator input file...
\o       ...successful.
\o start simulator if needed...
\o       ...successful.
\o simulate...
\o To view the simulator output, right-click on the test name, result 
\o name, or any value in the "Results" tab of the Outputs section and 
\o choose "Output Log" menu option.
\o WARNING (ADE-3080): Fast viewing extensions for PSF XL format (also known as RTSF) will be discontinued  
\o        and Virtuoso Visualization and Analysis XL will not use RTSF data to plot waveforms from IC6.1.8 ISR7 onward. 
\o        There will be no performance impact on data visualization due to this change.
\o INFO (ADE-3071): Simulation completed successfully.
\o reading simulation data...
\o       ...successful.
\o *Info*    Client has finished evaluating ... 
\o 
\o 
\o *Info*    Run complete for Point ID (2 53) on testbench [
\o           FECG:buffer_tb:1 ].
\o 
\o 
\o 
\o 
\o 
\o 
\o 
\o 
\o 
\o 
\o *Info*    Run start for Point ID (2 59) on testbench [
\o           FECG:buffer_tb:1 ].
\o 
\o Resetting statistical vars
\o 
\o *Info*    Setting parameter values ...
\o 
\o Setting var VDD = "2.97"
\o 
\o *Info*    Netlist Directory =
\o           /home/saul/projects/IL2244_VT26_SAUL/Sim/FECG/buffer_tb/adexl/results/data/Interactive.2/59/FECG:buffer_tb:1/netlist
\o 
\o 
\o *Info*    Data Directory    =
\o           /home/saul/projects/IL2244_VT26_SAUL/Sim/FECG/buffer_tb/adexl/results/data/Interactive.2/59/FECG:buffer_tb:1
\o 
\o 
\o *Info*    Creating Netlist for Point ID (2 59)
\o 
\o generate netlist...
\o function ansCdlCompPrim redefined
\o function ansCdlCompPrim redefined
\o Begin Incremental Netlisting Apr  1 05:31:45 2026
\o End netlisting Apr  1 05:31:45 2026
\o 
\o 	The netlist is up to date.
\o 	Time taken to compare the design with netlist:   0.0s
\o       ...successful.
\o compose simulator input file...
\o       ...successful.
\o 
\o *Info*    Running simulation on testbench [ FECG:buffer_tb:1 ] for
\o           Point ID (2 59).
\o 
\o Delete psf data in /home/saul/projects/IL2244_VT26_SAUL/Sim/FECG/buffer_tb/adexl/results/data/Interactive.2/59/FECG:buffer_tb:1/psf.
\o compose simulator input file...
\o       ...successful.
\o start simulator if needed...
\o       ...successful.
\o simulate...
\o To view the simulator output, right-click on the test name, result 
\o name, or any value in the "Results" tab of the Outputs section and 
\o choose "Output Log" menu option.
\o WARNING (ADE-3080): Fast viewing extensions for PSF XL format (also known as RTSF) will be discontinued  
\o        and Virtuoso Visualization and Analysis XL will not use RTSF data to plot waveforms from IC6.1.8 ISR7 onward. 
\o        There will be no performance impact on data visualization due to this change.
\o INFO (ADE-3071): Simulation completed successfully.
\o reading simulation data...
\o       ...successful.
\o *Info*    Client has finished evaluating ... 
\o 
\o 
\o *Info*    Run complete for Point ID (2 59) on testbench [
\o           FECG:buffer_tb:1 ].
\o 
\o 
\o 
\o 
\o 
\o 
\o 
\o 
\o 
\o 
\o *Info*    Run start for Point ID (2 65) on testbench [
\o           FECG:buffer_tb:1 ].
\o 
\o Resetting statistical vars
\o 
\o *Info*    Setting parameter values ...
\o 
\o Setting var VDD = "3.63"
\o 
\o *Info*    Netlist Directory =
\o           /home/saul/projects/IL2244_VT26_SAUL/Sim/FECG/buffer_tb/adexl/results/data/Interactive.2/65/FECG:buffer_tb:1/netlist
\o 
\o 
\o *Info*    Data Directory    =
\o           /home/saul/projects/IL2244_VT26_SAUL/Sim/FECG/buffer_tb/adexl/results/data/Interactive.2/65/FECG:buffer_tb:1
\o 
\o 
\o *Info*    Creating Netlist for Point ID (2 65)
\o 
\o generate netlist...
\o function ansCdlCompPrim redefined
\o function ansCdlCompPrim redefined
\o Begin Incremental Netlisting Apr  1 05:31:46 2026
\o End netlisting Apr  1 05:31:46 2026
\o 
\o 	The netlist is up to date.
\o 	Time taken to compare the design with netlist:   0.0s
\o       ...successful.
\o compose simulator input file...
\o       ...successful.
\o 
\o *Info*    Running simulation on testbench [ FECG:buffer_tb:1 ] for
\o           Point ID (2 65).
\o 
\o Delete psf data in /home/saul/projects/IL2244_VT26_SAUL/Sim/FECG/buffer_tb/adexl/results/data/Interactive.2/65/FECG:buffer_tb:1/psf.
\o compose simulator input file...
\o       ...successful.
\o start simulator if needed...
\o       ...successful.
\o simulate...
\o To view the simulator output, right-click on the test name, result 
\o name, or any value in the "Results" tab of the Outputs section and 
\o choose "Output Log" menu option.
\o WARNING (ADE-3080): Fast viewing extensions for PSF XL format (also known as RTSF) will be discontinued  
\o        and Virtuoso Visualization and Analysis XL will not use RTSF data to plot waveforms from IC6.1.8 ISR7 onward. 
\o        There will be no performance impact on data visualization due to this change.
\o INFO (ADE-3071): Simulation completed successfully.
\o reading simulation data...
\o       ...successful.
\o *Info*    Client has finished evaluating ... 
\o 
\o 
\o *Info*    Run complete for Point ID (2 65) on testbench [
\o           FECG:buffer_tb:1 ].
\o 
\o 
\o 
\o 
\o 
\o Job 6 timed out after no activity in 300 seconds.
\o Simulation design variables differ from those on the cellView,
\o they have been saved in the file "/tmp/saved-design-variables".
\o To save future changes, copy variables to cellView before exiting.
\o 
\o *Info*    Received signal SIGTERM.
\o 
\o 
