[Simulation Monitor: 65]
[2026-04-10 09:37:44.281 Z] [PROCESS] [cadence.virtuoso.ade.simulationMonitor] - Simulation Monitor has successfully started up. Trying to set up communication channels to other components ... {"hostname": "edatools", "processid": 359656, "logfile": "/home/saul/projects/IL2244_VT26_SAUL/logs_saul/logs0/Job65.log"}
[2026-04-10 09:37:44.282 Z] [PROCESS] [cadence.virtuoso.ade.simulationMonitor] - Communication channels have been successfully set up. Start processing events ... {"hostname": "edatools", "processid": 359656, "logfile": "/home/saul/projects/IL2244_VT26_SAUL/logs_saul/logs0/Job65.log"}
[2026-04-10 09:37:44.282 Z] [PROCESS] [cadence.virtuoso.ade.simulationMonitor] - Considering to start history {"hostname": "edatools", "processid": 359656, "history": "MonteCarlo.2", "logfile": "/home/saul/projects/IL2244_VT26_SAUL/logs_saul/logs0/Job65.log"}
[2026-04-10 09:37:44.283 Z] [PROCESS] [cadence.virtuoso.ade.simulationMonitor] - HostInfo:
Host name (type):	edatools (x86_64)
Operating system:	Linux 6.17.0-20-generic #20~24.04.1-Ubuntu SMP PREEMPT_DYNAMIC Thu Mar 19 01:28:37 UTC 2 {"hostname": "edatools", "processid": 359656, "history": "MonteCarlo.2", "testname": "TRAN_CMRR_MC", "cornername": "Nominal", "point": 9, "logfile": "/home/saul/projects/IL2244_VT26_SAUL/logs_saul/logs0/Job65.log", "nodename": "edatools", "domainname": "(none)", "machine": "x86_64", "sysname": "Linux", "release": "6.17.0-20-generic", "version": "#20~24.04.1-Ubuntu SMP PREEMPT_DYNAMIC Thu Mar 19 01:28:37 UTC 2"}
[2026-04-10 09:37:44.283 Z] [PROCESS] [cadence.virtuoso.ade.simulationMonitor] - UsageInfo:
pid=359656
totalPhysicalMemory=62.544991GB,Used=43.614353GB,totalVirtualMemory=70.544987GB,Used=43.614353GB
Cpu: Cores=16, Load average:0.680000,0.990000,1.100000 {"hostname": "edatools", "processid": 359656, "history": "MonteCarlo.2", "testname": "TRAN_CMRR_MC", "cornername": "Nominal", "point": 9, "logfile": "/home/saul/projects/IL2244_VT26_SAUL/logs_saul/logs0/Job65.log", "pid": "359656", "totalPhysicalMemory": "62.544991", "physicalMemoryUsed": "43.614353", "totalVirtualMemory": "70.544987", "virtualMemoryUsed": "43.614353", "cpuCores": "16", "processes": "2262", "loadAverage1": "0.680000", "loadAverage5": "0.990000", "loadAverage15": "1.100000", "loadAverage1Percent": "0.042500"}
[2026-04-10 09:37:44.284 Z] [EVENT] [cadence.virtuoso.ade.simulationMonitor] - GroupPoints {"history": "MonteCarlo.2", "point": 9, "testname": "TRAN_CMRR_MC", "cornername": "Nominal", "event": "GroupPoints", "EventSource": "Simulation Monitor", "Points": "9:1:12", "HistoryName": "MonteCarlo.2", "logFile": "/home/saul/projects/IL2244_VT26_SAUL/logs_saul/logs0/Job65.log", "logFileSize": "2322"}
[2026-04-10 09:37:44.384 Z] [EVENT] [cadence.virtuoso.ade.simulationMonitor] - GroupPoints {"history": "MonteCarlo.2", "point": 9, "testname": "TRAN_CMRR_MC", "cornername": "Nominal", "event": "GroupPoints", "EventSource": "spectre", "Points": "9:1:12", "HistoryName": "MonteCarlo.2", "logFile": "/home/saul/projects/IL2244_VT26_SAUL/Sim/FECG/fecg_front_end_cmrr_tb/maestro/results/maestro/MonteCarlo.2/9/TRAN_CMRR_MC/groupRunDataDir/psf/spectre.out", "logFileSize": "-1"}
[2026-04-10 09:37:44.388 Z] [PROCESS] [cadence.virtuoso.ade.simulationMonitor] - Simulator launched {"hostname": "edatools", "processid": 359656, "history": "MonteCarlo.2", "testname": "TRAN_CMRR_MC", "cornername": "Nominal", "point": 9, "logfile": "/home/saul/projects/IL2244_VT26_SAUL/logs_saul/logs0/Job65.log", "simid": "1"}
[2026-04-10 09:37:44.389 Z] [PROCESS] [cadence.virtuoso.ade.simulationMonitor] - Expression evaluator launched {"hostname": "edatools", "processid": 359656, "history": "MonteCarlo.2", "testname": "TRAN_CMRR_MC", "cornername": "Nominal", "point": 9, "logfile": "/home/saul/projects/IL2244_VT26_SAUL/logs_saul/logs0/Job65.log"}
[2026-04-10 09:37:44.407 Z] [PROCESS] [cadence.virtuoso.ade.simulationMonitor] - Started Simulation {"hostname": "edatools", "processid": 359656, "history": "MonteCarlo.2", "testname": "TRAN_CMRR_MC", "cornername": "Nominal", "point": 9, "logfile": "/home/saul/projects/IL2244_VT26_SAUL/logs_saul/logs0/Job65.log", "event": "started", "task": "simulation"}
[2026-04-10 09:37:44.908 Z] [INFO] [cadence.virtuoso.ade.simulationMonitor] - Notice from spectre during circuit read-in.
    Pre_Configuration file used: /opt/tools/cadence/installs/SPECTRE241/tools.lnx86/spectre/etc/configs/preset.precfg
    Configuration file used: `/opt/tools/cadence/installs/SPECTRE241/tools.lnx86/spectre/etc/configs/preset.cfg'. {"history": "MonteCarlo.2", "point": 9, "testname": "TRAN_CMRR_MC", "cornername": "Nominal"}
[2026-04-10 09:37:44.908 Z] [WARN] [cadence.virtuoso.ade.simulationMonitor] -     WARNING (SPECTRE-8360): line 1511: `ac' is an undefined primitive device. {"history": "MonteCarlo.2", "point": 9, "testname": "TRAN_CMRR_MC", "cornername": "Nominal"}
[2026-04-10 09:37:44.908 Z] [WARN] [cadence.virtuoso.ade.simulationMonitor] -     WARNING (SPECTRE-8360): line 1512: `ac' is an undefined primitive device. {"history": "MonteCarlo.2", "point": 9, "testname": "TRAN_CMRR_MC", "cornername": "Nominal"}
[2026-04-10 09:37:44.908 Z] [WARN] [cadence.virtuoso.ade.simulationMonitor] -     WARNING (SPECTRE-8360): line 1513: `ac' is an undefined primitive device. {"history": "MonteCarlo.2", "point": 9, "testname": "TRAN_CMRR_MC", "cornername": "Nominal"}
[2026-04-10 09:37:44.908 Z] [WARN] [cadence.virtuoso.ade.simulationMonitor] -     WARNING (SPECTRE-8360): line 1514: `ac' is an undefined primitive device. {"history": "MonteCarlo.2", "point": 9, "testname": "TRAN_CMRR_MC", "cornername": "Nominal"}
[2026-04-10 09:37:44.908 Z] [WARN] [cadence.virtuoso.ade.simulationMonitor] -     WARNING (SPECTRE-8360): line 1515: `ac' is an undefined primitive device.
        Further occurrences of this warning will be suppressed. {"history": "MonteCarlo.2", "point": 9, "testname": "TRAN_CMRR_MC", "cornername": "Nominal"}
[2026-04-10 09:37:44.908 Z] [INFO] [cadence.virtuoso.ade.simulationMonitor] - Peak resident memory used = 173 Mbytes. {"history": "MonteCarlo.2", "point": 9, "testname": "TRAN_CMRR_MC", "cornername": "Nominal"}
[2026-04-10 09:37:44.908 Z] [WARN] [cadence.virtuoso.ade.simulationMonitor] -     WARNING (VACOMP-2435): The environment variable CDS_AHDLCMI_ENABLE is no longer supported. Therefore, the simulator will use the default compiled C code flow. {"history": "MonteCarlo.2", "point": 9, "testname": "TRAN_CMRR_MC", "cornername": "Nominal"}
[2026-04-10 09:37:44.908 Z] [WARN] [cadence.virtuoso.ade.simulationMonitor] -     WARNING (SFE-3031): The floating capacitor I19.I11.C7<0>_turbo_m3.C1 is removed. {"history": "MonteCarlo.2", "point": 9, "testname": "TRAN_CMRR_MC", "cornername": "Nominal"}
[2026-04-10 09:37:44.908 Z] [WARN] [cadence.virtuoso.ade.simulationMonitor] -     WARNING (SFE-3031): The floating capacitor I19.I11.C10<0>_turbo_m12.C1 is removed. {"history": "MonteCarlo.2", "point": 9, "testname": "TRAN_CMRR_MC", "cornername": "Nominal"}
[2026-04-10 09:37:44.908 Z] [WARN] [cadence.virtuoso.ade.simulationMonitor] -     WARNING (SFE-3031): The floating capacitor I19.I12.C7<0>_turbo_m3.C1 is removed. {"history": "MonteCarlo.2", "point": 9, "testname": "TRAN_CMRR_MC", "cornername": "Nominal"}
[2026-04-10 09:37:44.908 Z] [WARN] [cadence.virtuoso.ade.simulationMonitor] -     WARNING (SFE-3031): The floating capacitor I19.I8.C6<0>_turbo_m3.C1 is removed. {"history": "MonteCarlo.2", "point": 9, "testname": "TRAN_CMRR_MC", "cornername": "Nominal"}
[2026-04-10 09:37:44.909 Z] [WARN] [cadence.virtuoso.ade.simulationMonitor] -     WARNING (SFE-3031): The floating capacitor I19.I14.C2.C1 is removed.
        Further occurrences of this warning will be suppressed. {"history": "MonteCarlo.2", "point": 9, "testname": "TRAN_CMRR_MC", "cornername": "Nominal"}
[2026-04-10 09:37:44.909 Z] [INFO] [cadence.virtuoso.ade.simulationMonitor] - Peak resident memory used = 190 Mbytes. {"history": "MonteCarlo.2", "point": 9, "testname": "TRAN_CMRR_MC", "cornername": "Nominal"}
[2026-04-10 09:37:44.909 Z] [INFO] [cadence.virtuoso.ade.simulationMonitor] - Notice from spectre during hierarchy flattening.
    The value 'psf' specified for the 'checklimitdest' option will no longer be supported in future releases. Use 'spectre -h' to see other recommended values for the 'checklimitdest' option.
    I19.I0.R10.CS0 of rpolyhc: `c' has the unusually small value of 0 F.
    I19.I0.R10.CS1 of rpolyhc: `c' has the unusually small value of 0 F.
    I19.I0.R9.CS0 of rpolyhc: `c' has the unusually small value of 0 F.
    I19.I0.R9.CS1 of rpolyhc: `c' has the unusually ... {"history": "MonteCarlo.2", "point": 9, "testname": "TRAN_CMRR_MC", "cornername": "Nominal"}
[2026-04-10 09:37:44.909 Z] [INFO] [cadence.virtuoso.ade.simulationMonitor] - Peak resident memory used = 194 Mbytes. {"history": "MonteCarlo.2", "point": 9, "testname": "TRAN_CMRR_MC", "cornername": "Nominal"}
[2026-04-10 09:37:44.909 Z] [WARN] [cadence.virtuoso.ade.simulationMonitor] -     WARNING (CMI-2425): I19.I14.C1: `Acde' = 2.393 is unusually large. {"history": "MonteCarlo.2", "point": 9, "testname": "TRAN_CMRR_MC", "cornername": "Nominal"}
[2026-04-10 09:37:44.909 Z] [WARN] [cadence.virtuoso.ade.simulationMonitor] -     WARNING (CMI-2425): I19.I14.C1: `Noff' = 4.732 is unusually large. {"history": "MonteCarlo.2", "point": 9, "testname": "TRAN_CMRR_MC", "cornername": "Nominal"}
[2026-04-10 09:37:44.909 Z] [WARN] [cadence.virtuoso.ade.simulationMonitor] -     WARNING (CMI-2424): I19.I14.C1: `Voffcv' = -867.4e-03 is unusually small. {"history": "MonteCarlo.2", "point": 9, "testname": "TRAN_CMRR_MC", "cornername": "Nominal"}
[2026-04-10 09:37:44.909 Z] [WARN] [cadence.virtuoso.ade.simulationMonitor] -     WARNING (CMI-2425): I19.I0.I5.C1: `Acde' = 2.393 is unusually large. {"history": "MonteCarlo.2", "point": 9, "testname": "TRAN_CMRR_MC", "cornername": "Nominal"}
[2026-04-10 09:37:44.909 Z] [WARN] [cadence.virtuoso.ade.simulationMonitor] -     WARNING (CMI-2425): I19.I0.I5.C1: `Noff' = 4.732 is unusually large. {"history": "MonteCarlo.2", "point": 9, "testname": "TRAN_CMRR_MC", "cornername": "Nominal"}
[2026-04-10 09:37:44.909 Z] [WARN] [cadence.virtuoso.ade.simulationMonitor] -     WARNING (CMI-2424): I19.I0.I5.C1: `Voffcv' = -867.4e-03 is unusually small. {"history": "MonteCarlo.2", "point": 9, "testname": "TRAN_CMRR_MC", "cornername": "Nominal"}
[2026-04-10 09:37:44.909 Z] [WARN] [cadence.virtuoso.ade.simulationMonitor] -     WARNING (CMI-2425): I19.I0.I3.C1: `Acde' = 2.393 is unusually large.
        Further occurrences of this warning will be suppressed. {"history": "MonteCarlo.2", "point": 9, "testname": "TRAN_CMRR_MC", "cornername": "Nominal"}
[2026-04-10 09:37:44.909 Z] [WARN] [cadence.virtuoso.ade.simulationMonitor] -     WARNING (CMI-2424): I19.I0.I3.C1: `Voffcv' = -867.4e-03 is unusually small. {"history": "MonteCarlo.2", "point": 9, "testname": "TRAN_CMRR_MC", "cornername": "Nominal"}
[2026-04-10 09:37:44.909 Z] [WARN] [cadence.virtuoso.ade.simulationMonitor] -     WARNING (CMI-2424): I19.I0.C0: `Voffcv' = -867.4e-03 is unusually small. {"history": "MonteCarlo.2", "point": 9, "testname": "TRAN_CMRR_MC", "cornername": "Nominal"}
[2026-04-10 09:37:44.909 Z] [WARN] [cadence.virtuoso.ade.simulationMonitor] -     WARNING (SPECTRE-17607): Assert `SOAC_rpolyh_vminuspsub' is ignored because it contains an expression which is invalid or not supported by native evaluator.  {"history": "MonteCarlo.2", "point": 9, "testname": "TRAN_CMRR_MC", "cornername": "Nominal"}
[2026-04-10 09:37:44.909 Z] [WARN] [cadence.virtuoso.ade.simulationMonitor] -     WARNING (SPECTRE-17607): Assert `SOAC_rpolyh_vpluspsub' is ignored because it contains an expression which is invalid or not supported by native evaluator.  {"history": "MonteCarlo.2", "point": 9, "testname": "TRAN_CMRR_MC", "cornername": "Nominal"}
[2026-04-10 09:37:44.910 Z] [WARN] [cadence.virtuoso.ade.simulationMonitor] -     WARNING (SPECTRE-16460): SOAC_cvarm_vspsub:Specified subcircuit master `cvarm' was not found. {"history": "MonteCarlo.2", "point": 9, "testname": "TRAN_CMRR_MC", "cornername": "Nominal"}
[2026-04-10 09:37:44.910 Z] [WARN] [cadence.virtuoso.ade.simulationMonitor] -     WARNING (SPECTRE-16462): SOAC_cvarm_vspsub:Error in specification of subcircuit master. Assert is ignored. {"history": "MonteCarlo.2", "point": 9, "testname": "TRAN_CMRR_MC", "cornername": "Nominal"}
[2026-04-10 09:37:44.910 Z] [WARN] [cadence.virtuoso.ade.simulationMonitor] -     WARNING (SPECTRE-16460): SOAC_cvarm_vbs:Specified subcircuit master `cvarm' was not found. {"history": "MonteCarlo.2", "point": 9, "testname": "TRAN_CMRR_MC", "cornername": "Nominal"}
[2026-04-10 09:37:44.910 Z] [WARN] [cadence.virtuoso.ade.simulationMonitor] -     WARNING (SPECTRE-16462): SOAC_cvarm_vbs:Error in specification of subcircuit master. Assert is ignored. {"history": "MonteCarlo.2", "point": 9, "testname": "TRAN_CMRR_MC", "cornername": "Nominal"}
[2026-04-10 09:37:44.910 Z] [WARN] [cadence.virtuoso.ade.simulationMonitor] -     WARNING (SPECTRE-16460): SOAC_cvarm_vgb:Specified subcircuit master `cvarm' was not found. {"history": "MonteCarlo.2", "point": 9, "testname": "TRAN_CMRR_MC", "cornername": "Nominal"}
[2026-04-10 09:37:44.910 Z] [WARN] [cadence.virtuoso.ade.simulationMonitor] -     WARNING (SPECTRE-16462): SOAC_cvarm_vgb:Error in specification of subcircuit master. Assert is ignored. {"history": "MonteCarlo.2", "point": 9, "testname": "TRAN_CMRR_MC", "cornername": "Nominal"}
[2026-04-10 09:37:44.910 Z] [WARN] [cadence.virtuoso.ade.simulationMonitor] -     WARNING (SPECTRE-16460): SOAC_cvart_vspsub:Specified subcircuit master `cvart' was not found. {"history": "MonteCarlo.2", "point": 9, "testname": "TRAN_CMRR_MC", "cornername": "Nominal"}
[2026-04-10 09:37:44.910 Z] [WARN] [cadence.virtuoso.ade.simulationMonitor] -     WARNING (SPECTRE-16462): SOAC_cvart_vspsub:Error in specification of subcircuit master. Assert is ignored. {"history": "MonteCarlo.2", "point": 9, "testname": "TRAN_CMRR_MC", "cornername": "Nominal"}
[2026-04-10 09:37:44.910 Z] [WARN] [cadence.virtuoso.ade.simulationMonitor] -     WARNING (SPECTRE-16460): SOAC_cvart_vbs:Specified subcircuit master `cvart' was not found.
        Further occurrences of this warning will be suppressed. {"history": "MonteCarlo.2", "point": 9, "testname": "TRAN_CMRR_MC", "cornername": "Nominal"}
[2026-04-10 09:37:44.910 Z] [WARN] [cadence.virtuoso.ade.simulationMonitor] -     WARNING (SPECTRE-16462): SOAC_cvart_vbs:Error in specification of subcircuit master. Assert is ignored.
        Further occurrences of this warning will be suppressed. {"history": "MonteCarlo.2", "point": 9, "testname": "TRAN_CMRR_MC", "cornername": "Nominal"}
[2026-04-10 09:37:44.910 Z] [WARN] [cadence.virtuoso.ade.simulationMonitor] -     WARNING (SPECTRE-17607): Assert `SOAC_cvar_vspsub' is ignored because it contains an expression which is invalid or not supported by native evaluator.  {"history": "MonteCarlo.2", "point": 9, "testname": "TRAN_CMRR_MC", "cornername": "Nominal"}
[2026-04-10 09:37:44.910 Z] [WARN] [cadence.virtuoso.ade.simulationMonitor] -     WARNING (SPECTRE-17607): Assert `SOAC_cvar_vbpsub' is ignored because it contains an expression which is invalid or not supported by native evaluator.  {"history": "MonteCarlo.2", "point": 9, "testname": "TRAN_CMRR_MC", "cornername": "Nominal"}
[2026-04-10 09:37:44.910 Z] [WARN] [cadence.virtuoso.ade.simulationMonitor] -     WARNING (SPECTRE-17607): Assert `SOAC_cvar_vgpsub' is ignored because it contains an expression which is invalid or not supported by native evaluator. 
        Further occurrences of this warning will be suppressed. {"history": "MonteCarlo.2", "point": 9, "testname": "TRAN_CMRR_MC", "cornername": "Nominal"}
[2026-04-10 09:37:45.411 Z] [INFO] [cadence.virtuoso.ade.simulationMonitor] - Notice from spectre during topology check.
    No DC path from node `VA' to ground, Gmin installed to provide path. {"history": "MonteCarlo.2", "point": 9, "testname": "TRAN_CMRR_MC", "cornername": "Nominal"}
[2026-04-10 09:37:45.411 Z] [INFO] [cadence.virtuoso.ade.simulationMonitor] - Notice from spectre during initial setup.
    Multithreading is disabled due to the size of the design being too small. {"history": "MonteCarlo.2", "point": 9, "testname": "TRAN_CMRR_MC", "cornername": "Nominal"}
[2026-04-10 09:37:45.411 Z] [WARN] [cadence.virtuoso.ade.simulationMonitor] -     WARNING (SPECTRE-592): Following parameters are disabled because they are ignored or redefined in Spectre X:
        
        
        PSS Parameters:
          errpreset {"history": "MonteCarlo.2", "point": 9, "testname": "TRAN_CMRR_MC", "cornername": "Nominal"}
[2026-04-10 09:37:45.411 Z] [INFO] [cadence.virtuoso.ade.simulationMonitor] -               nodes 208 {"history": "MonteCarlo.2", "point": 9, "testname": "TRAN_CMRR_MC", "cornername": "Nominal"}
[2026-04-10 09:37:45.411 Z] [INFO] [cadence.virtuoso.ade.simulationMonitor] - Notice from spectre during initial setup.
    1 resistors are shorted because their absolute value is less than or equal to 'rabsshort'.
    1 vsources are shorted because their absolute value is less than or equal to 'vabsshort'.
    Spectre X preset=mx enabled. {"history": "MonteCarlo.2", "point": 9, "testname": "TRAN_CMRR_MC", "cornername": "Nominal"}
[2026-04-10 09:37:45.411 Z] [WARN] [cadence.virtuoso.ade.simulationMonitor] -     WARNING (CMI-2424): I19.I14.C1: `Voffcv' = -867.4e-03 is unusually small.
        Further occurrences of this warning will be suppressed. {"history": "MonteCarlo.2", "point": 9, "testname": "TRAN_CMRR_MC", "cornername": "Nominal"}
[2026-04-10 09:37:45.411 Z] [INFO] [cadence.virtuoso.ade.simulationMonitor] - Notice from spectre.
    7 notices suppressed.
    99 warnings suppressed. {"history": "MonteCarlo.2", "point": 9, "testname": "TRAN_CMRR_MC", "cornername": "Nominal"}
[2026-04-10 09:37:45.411 Z] [INFO] [cadence.virtuoso.ade.simulationMonitor] - Peak resident memory used = 202 Mbytes. {"history": "MonteCarlo.2", "point": 9, "testname": "TRAN_CMRR_MC", "cornername": "Nominal"}
[2026-04-10 09:37:45.411 Z] [INFO] [cadence.virtuoso.ade.simulationMonitor] -    -   (Spectre X) Multi-threading. The recommended number of threads is 1, consider adding +mt=1 on command line. {"history": "MonteCarlo.2", "point": 9, "testname": "TRAN_CMRR_MC", "cornername": "Nominal"}
[2026-04-10 09:37:45.411 Z] [INFO] [cadence.virtuoso.ade.simulationMonitor] - Notice from spectre at iteration = 9 in `rpolyhc':`I19.I0.R10', in `fecg_cmfb2':`I19.I0', in `fecg_front_end':`I19', during Monte Carlo analysis `mc1'.
    I19.I0.R10.CS0 of rpolyhc: `c' has the unusually small value of 0 F.
    I19.I0.R10.CS1 of rpolyhc: `c' has the unusually small value of 0 F. {"history": "MonteCarlo.2", "point": 9, "testname": "TRAN_CMRR_MC", "cornername": "Nominal"}
[2026-04-10 09:37:45.411 Z] [INFO] [cadence.virtuoso.ade.simulationMonitor] - Notice from spectre at iteration = 9 in `rpolyhc':`I19.I0.R9', in `fecg_cmfb2':`I19.I0', in `fecg_front_end':`I19', during Monte Carlo analysis `mc1'.
    I19.I0.R9.CS0 of rpolyhc: `c' has the unusually small value of 0 F.
    I19.I0.R9.CS1 of rpolyhc: `c' has the unusually small value of 0 F. {"history": "MonteCarlo.2", "point": 9, "testname": "TRAN_CMRR_MC", "cornername": "Nominal"}
[2026-04-10 09:37:45.411 Z] [INFO] [cadence.virtuoso.ade.simulationMonitor] - Notice from spectre at iteration = 9 in `rpolyhc':`I19.I0.R7', in `fecg_cmfb2':`I19.I0', in `fecg_front_end':`I19', during Monte Carlo analysis `mc1'.
    I19.I0.R7.CS0 of rpolyhc: `c' has the unusually small value of 0 F.
        Further occurrences of this notice will be suppressed. {"history": "MonteCarlo.2", "point": 9, "testname": "TRAN_CMRR_MC", "cornername": "Nominal"}
[2026-04-10 09:37:45.411 Z] [WARN] [cadence.virtuoso.ade.simulationMonitor] -     WARNING (CMI-2425): I19.I0.I5.C1: `Acde' = 2.393 is unusually large. {"history": "MonteCarlo.2", "point": 9, "testname": "TRAN_CMRR_MC", "cornername": "Nominal"}
[2026-04-10 09:37:45.412 Z] [WARN] [cadence.virtuoso.ade.simulationMonitor] -     WARNING (CMI-2425): I19.I0.I5.C1: `Noff' = 4.732 is unusually large. {"history": "MonteCarlo.2", "point": 9, "testname": "TRAN_CMRR_MC", "cornername": "Nominal"}
[2026-04-10 09:37:45.412 Z] [WARN] [cadence.virtuoso.ade.simulationMonitor] -     WARNING (CMI-2424): I19.I0.I5.C1: `Voffcv' = -867.4e-03 is unusually small. {"history": "MonteCarlo.2", "point": 9, "testname": "TRAN_CMRR_MC", "cornername": "Nominal"}
[2026-04-10 09:37:45.412 Z] [WARN] [cadence.virtuoso.ade.simulationMonitor] -     WARNING (CMI-2425): I19.I0.C0: `Acde' = 2.393 is unusually large. {"history": "MonteCarlo.2", "point": 9, "testname": "TRAN_CMRR_MC", "cornername": "Nominal"}
[2026-04-10 09:37:45.412 Z] [WARN] [cadence.virtuoso.ade.simulationMonitor] -     WARNING (CMI-2425): I19.I0.C0: `Noff' = 4.732 is unusually large. {"history": "MonteCarlo.2", "point": 9, "testname": "TRAN_CMRR_MC", "cornername": "Nominal"}
[2026-04-10 09:37:45.412 Z] [WARN] [cadence.virtuoso.ade.simulationMonitor] -     WARNING (CMI-2424): I19.I0.C0: `Voffcv' = -867.4e-03 is unusually small. {"history": "MonteCarlo.2", "point": 9, "testname": "TRAN_CMRR_MC", "cornername": "Nominal"}
[2026-04-10 09:37:45.412 Z] [WARN] [cadence.virtuoso.ade.simulationMonitor] -     WARNING (CMI-2425): I19.I0.I3.C1: `Acde' = 2.393 is unusually large.
        Further occurrences of this warning will be suppressed. {"history": "MonteCarlo.2", "point": 9, "testname": "TRAN_CMRR_MC", "cornername": "Nominal"}
[2026-04-10 09:37:45.412 Z] [WARN] [cadence.virtuoso.ade.simulationMonitor] -     WARNING (CMI-2424): I19.I0.I3.C1: `Voffcv' = -867.4e-03 is unusually small. {"history": "MonteCarlo.2", "point": 9, "testname": "TRAN_CMRR_MC", "cornername": "Nominal"}
[2026-04-10 09:37:45.412 Z] [WARN] [cadence.virtuoso.ade.simulationMonitor] -     WARNING (CMI-2424): I19.I14.C1: `Voffcv' = -867.4e-03 is unusually small. {"history": "MonteCarlo.2", "point": 9, "testname": "TRAN_CMRR_MC", "cornername": "Nominal"}
[2026-04-10 09:37:45.412 Z] [INFO] [cadence.virtuoso.ade.simulationMonitor] - Notice from spectre at iteration = 9 during DC analysis `dcOp', during Monte Carlo analysis `mc1'.
    No checklimit analysis defined for asserts. A default checklimit analysis 'SpectreChecklimitAnal' has been created with all asserts enabled. {"history": "MonteCarlo.2", "point": 9, "testname": "TRAN_CMRR_MC", "cornername": "Nominal"}
[2026-04-10 09:37:45.412 Z] [INFO] [cadence.virtuoso.ade.simulationMonitor] - Notice from spectre at iteration = 9 during DC analysis `dcOp', during Monte Carlo analysis `mc1'.
    GminDC = 1 pS is large enough to noticeably affect the DC solution.
        dV(I19.I0.I3.C1.d1) = 2.55008 mV
        Use the `gmin_check' option to eliminate or expand this report.
    Bad pivoting is found during DC analysis. Option dc_pivot_check=yes is recommended for possible improvement of convergence. {"history": "MonteCarlo.2", "point": 9, "testname": "TRAN_CMRR_MC", "cornername": "Nominal"}
[2026-04-10 09:37:45.412 Z] [WARN] [cadence.virtuoso.ade.simulationMonitor] -     WARNING (CMI-2943): Parameter checks have been ignored because the valid value for parameter 'trise' could not be found in 'C5'. {"history": "MonteCarlo.2", "point": 9, "testname": "TRAN_CMRR_MC", "cornername": "Nominal"}
[2026-04-10 09:37:45.412 Z] [WARN] [cadence.virtuoso.ade.simulationMonitor] -     WARNING (CMI-2943): Parameter checks have been ignored because the valid value for parameter 'trise' could not be found in 'C6'. {"history": "MonteCarlo.2", "point": 9, "testname": "TRAN_CMRR_MC", "cornername": "Nominal"}
[2026-04-10 09:37:45.412 Z] [WARN] [cadence.virtuoso.ade.simulationMonitor] -     WARNING (CMI-2943): Parameter checks have been ignored because the valid value for parameter 'trise' could not be found in 'C0'. {"history": "MonteCarlo.2", "point": 9, "testname": "TRAN_CMRR_MC", "cornername": "Nominal"}
[2026-04-10 09:37:45.412 Z] [WARN] [cadence.virtuoso.ade.simulationMonitor] -     WARNING (CMI-2943): Parameter checks have been ignored because the valid value for parameter 'trise' could not be found in 'C9'. {"history": "MonteCarlo.2", "point": 9, "testname": "TRAN_CMRR_MC", "cornername": "Nominal"}
[2026-04-10 09:37:45.412 Z] [WARN] [cadence.virtuoso.ade.simulationMonitor] -     WARNING (CMI-2943): Parameter checks have been ignored because the valid value for parameter 'trise' could not be found in 'C3'.
        Further occurrences of this warning will be suppressed. {"history": "MonteCarlo.2", "point": 9, "testname": "TRAN_CMRR_MC", "cornername": "Nominal"}
[2026-04-10 09:37:45.412 Z] [INFO] [cadence.virtuoso.ade.simulationMonitor] - Total time required for dc analysis `dcOp': CPU = 46.342 ms, elapsed = 57.8489 ms, util. = 80.1%. {"history": "MonteCarlo.2", "point": 9, "testname": "TRAN_CMRR_MC", "cornername": "Nominal"}
[2026-04-10 09:37:45.413 Z] [INFO] [cadence.virtuoso.ade.simulationMonitor] - Peak resident memory used = 214 Mbytes. {"history": "MonteCarlo.2", "point": 9, "testname": "TRAN_CMRR_MC", "cornername": "Nominal"}
[2026-04-10 09:37:45.413 Z] [INFO] [cadence.virtuoso.ade.simulationMonitor] - Notice from spectre at iteration = 9 during Monte Carlo analysis `mc1'.
    1 notice suppressed.
    115 warnings suppressed. {"history": "MonteCarlo.2", "point": 9, "testname": "TRAN_CMRR_MC", "cornername": "Nominal"}
[2026-04-10 09:37:45.413 Z] [INFO] [cadence.virtuoso.ade.simulationMonitor] - Notice from spectre at iteration = 9 during IC analysis, during periodic steady state analysis `pss', during Monte Carlo analysis `mc1'.
    GminDC = 1 pS is large enough to noticeably affect the DC solution.
        dV(I19.I0.I3.C1.d1) = 2.55008 mV
        Use the `gmin_check' option to eliminate or expand this report.
    Bad pivoting is found during DC analysis. Option dc_pivot_check=yes is recommended for possible improvement of convergence. {"history": "MonteCarlo.2", "point": 9, "testname": "TRAN_CMRR_MC", "cornername": "Nominal"}
[2026-04-10 09:37:45.413 Z] [WARN] [cadence.virtuoso.ade.simulationMonitor] -     WARNING (CMI-2943): Parameter checks have been ignored because the valid value for parameter 'trise' could not be found in 'C5'. {"history": "MonteCarlo.2", "point": 9, "testname": "TRAN_CMRR_MC", "cornername": "Nominal"}
[2026-04-10 09:37:45.413 Z] [WARN] [cadence.virtuoso.ade.simulationMonitor] -     WARNING (CMI-2943): Parameter checks have been ignored because the valid value for parameter 'trise' could not be found in 'C6'. {"history": "MonteCarlo.2", "point": 9, "testname": "TRAN_CMRR_MC", "cornername": "Nominal"}
[2026-04-10 09:37:45.413 Z] [WARN] [cadence.virtuoso.ade.simulationMonitor] -     WARNING (CMI-2943): Parameter checks have been ignored because the valid value for parameter 'trise' could not be found in 'C0'. {"history": "MonteCarlo.2", "point": 9, "testname": "TRAN_CMRR_MC", "cornername": "Nominal"}
[2026-04-10 09:37:45.413 Z] [WARN] [cadence.virtuoso.ade.simulationMonitor] -     WARNING (CMI-2943): Parameter checks have been ignored because the valid value for parameter 'trise' could not be found in 'C9'. {"history": "MonteCarlo.2", "point": 9, "testname": "TRAN_CMRR_MC", "cornername": "Nominal"}
[2026-04-10 09:37:45.413 Z] [WARN] [cadence.virtuoso.ade.simulationMonitor] -     WARNING (CMI-2943): Parameter checks have been ignored because the valid value for parameter 'trise' could not be found in 'C3'.
        Further occurrences of this warning will be suppressed. {"history": "MonteCarlo.2", "point": 9, "testname": "TRAN_CMRR_MC", "cornername": "Nominal"}
[2026-04-10 09:37:45.413 Z] [INFO] [cadence.virtuoso.ade.simulationMonitor] - Notice from spectre at time = 75.489 us during periodic steady state analysis `pss', during Monte Carlo analysis `mc1'.
    Found trapezoidal ringing on node V2:p. {"history": "MonteCarlo.2", "point": 9, "testname": "TRAN_CMRR_MC", "cornername": "Nominal"}
[2026-04-10 09:37:45.413 Z] [INFO] [cadence.virtuoso.ade.simulationMonitor] - Notice from spectre at time = 125.001 us during periodic steady state analysis `pss', during Monte Carlo analysis `mc1'.
    Found trapezoidal ringing on node V2:p. {"history": "MonteCarlo.2", "point": 9, "testname": "TRAN_CMRR_MC", "cornername": "Nominal"}
[2026-04-10 09:37:45.413 Z] [INFO] [cadence.virtuoso.ade.simulationMonitor] - Notice from spectre at time = 165.914 us during periodic steady state analysis `pss', during Monte Carlo analysis `mc1'.
    Found trapezoidal ringing on node I19.I2.A. {"history": "MonteCarlo.2", "point": 9, "testname": "TRAN_CMRR_MC", "cornername": "Nominal"}
[2026-04-10 09:37:45.413 Z] [INFO] [cadence.virtuoso.ade.simulationMonitor] - Notice from spectre at time = 188.498 us during periodic steady state analysis `pss', during Monte Carlo analysis `mc1'.
    Found trapezoidal ringing on node V2:p. {"history": "MonteCarlo.2", "point": 9, "testname": "TRAN_CMRR_MC", "cornername": "Nominal"}
[2026-04-10 09:37:45.413 Z] [INFO] [cadence.virtuoso.ade.simulationMonitor] - Notice from spectre at time = 210.217 us during periodic steady state analysis `pss', during Monte Carlo analysis `mc1'.
    Found trapezoidal ringing on node V2:p.
        Further occurrences of this notice will be suppressed. {"history": "MonteCarlo.2", "point": 9, "testname": "TRAN_CMRR_MC", "cornername": "Nominal"}
[2026-04-10 09:37:52.419 Z] [INFO] [cadence.virtuoso.ade.simulationMonitor] - Total time required for tstab analysis `pss': CPU = 4.57558 s, elapsed = 6.74495 s. {"history": "MonteCarlo.2", "point": 9, "testname": "TRAN_CMRR_MC", "cornername": "Nominal"}
[2026-04-10 09:37:52.419 Z] [INFO] [cadence.virtuoso.ade.simulationMonitor] - Peak resident memory used = 218 Mbytes. {"history": "MonteCarlo.2", "point": 9, "testname": "TRAN_CMRR_MC", "cornername": "Nominal"}
[2026-04-10 09:37:52.419 Z] [INFO] [cadence.virtuoso.ade.simulationMonitor] - Notice from spectre during periodic steady state analysis `pss', during Monte Carlo analysis `mc1'.
    112 warnings suppressed. {"history": "MonteCarlo.2", "point": 9, "testname": "TRAN_CMRR_MC", "cornername": "Nominal"}
[2026-04-10 09:37:58.922 Z] [INFO] [cadence.virtuoso.ade.simulationMonitor] - Notice from spectre during periodic steady state analysis `pss', during Monte Carlo analysis `mc1'.
    Trapezoidal ringing is detected during pss analysis.
        Please use method=trap for better results and performance. {"history": "MonteCarlo.2", "point": 9, "testname": "TRAN_CMRR_MC", "cornername": "Nominal"}
[2026-04-10 09:37:58.922 Z] [INFO] [cadence.virtuoso.ade.simulationMonitor] - Total time required for pss analysis `pss': CPU = 10.9727 s, elapsed = 13.2287 s, util. = 82.9%. {"history": "MonteCarlo.2", "point": 9, "testname": "TRAN_CMRR_MC", "cornername": "Nominal"}
[2026-04-10 09:37:58.922 Z] [INFO] [cadence.virtuoso.ade.simulationMonitor] - Peak resident memory used = 332 Mbytes. {"history": "MonteCarlo.2", "point": 9, "testname": "TRAN_CMRR_MC", "cornername": "Nominal"}
[2026-04-10 09:37:58.922 Z] [INFO] [cadence.virtuoso.ade.simulationMonitor] - Notice from spectre during periodic steady state analysis `pss', during Monte Carlo analysis `mc1'.
    1168 notices suppressed. {"history": "MonteCarlo.2", "point": 9, "testname": "TRAN_CMRR_MC", "cornername": "Nominal"}
[2026-04-10 09:37:58.923 Z] [INFO] [cadence.virtuoso.ade.simulationMonitor] - Notice from spectre in `rpolyhc':`I19.I0.R10', in `fecg_cmfb2':`I19.I0', in `fecg_front_end':`I19', during Monte Carlo analysis `mc1'.
    I19.I0.R10.CS0 of rpolyhc: `c' has the unusually small value of 0 F.
    I19.I0.R10.CS1 of rpolyhc: `c' has the unusually small value of 0 F. {"history": "MonteCarlo.2", "point": 9, "testname": "TRAN_CMRR_MC", "cornername": "Nominal"}
[2026-04-10 09:37:58.923 Z] [INFO] [cadence.virtuoso.ade.simulationMonitor] - Notice from spectre in `rpolyhc':`I19.I0.R9', in `fecg_cmfb2':`I19.I0', in `fecg_front_end':`I19', during Monte Carlo analysis `mc1'.
    I19.I0.R9.CS0 of rpolyhc: `c' has the unusually small value of 0 F.
    I19.I0.R9.CS1 of rpolyhc: `c' has the unusually small value of 0 F. {"history": "MonteCarlo.2", "point": 9, "testname": "TRAN_CMRR_MC", "cornername": "Nominal"}
[2026-04-10 09:37:58.923 Z] [INFO] [cadence.virtuoso.ade.simulationMonitor] - Notice from spectre in `rpolyhc':`I19.I0.R7', in `fecg_cmfb2':`I19.I0', in `fecg_front_end':`I19', during Monte Carlo analysis `mc1'.
    I19.I0.R7.CS0 of rpolyhc: `c' has the unusually small value of 0 F.
        Further occurrences of this notice will be suppressed. {"history": "MonteCarlo.2", "point": 9, "testname": "TRAN_CMRR_MC", "cornername": "Nominal"}
[2026-04-10 09:37:58.923 Z] [WARN] [cadence.virtuoso.ade.simulationMonitor] -     WARNING (CMI-2425): I19.I14.C1: `Acde' = 2.393 is unusually large. {"history": "MonteCarlo.2", "point": 9, "testname": "TRAN_CMRR_MC", "cornername": "Nominal"}
[2026-04-10 09:37:58.923 Z] [WARN] [cadence.virtuoso.ade.simulationMonitor] -     WARNING (CMI-2425): I19.I14.C1: `Noff' = 4.732 is unusually large. {"history": "MonteCarlo.2", "point": 9, "testname": "TRAN_CMRR_MC", "cornername": "Nominal"}
[2026-04-10 09:37:58.923 Z] [WARN] [cadence.virtuoso.ade.simulationMonitor] -     WARNING (CMI-2424): I19.I14.C1: `Voffcv' = -867.4e-03 is unusually small. {"history": "MonteCarlo.2", "point": 9, "testname": "TRAN_CMRR_MC", "cornername": "Nominal"}
[2026-04-10 09:37:58.923 Z] [WARN] [cadence.virtuoso.ade.simulationMonitor] -     WARNING (CMI-2425): I19.I0.I5.C1: `Acde' = 2.393 is unusually large. {"history": "MonteCarlo.2", "point": 9, "testname": "TRAN_CMRR_MC", "cornername": "Nominal"}
[2026-04-10 09:37:58.923 Z] [WARN] [cadence.virtuoso.ade.simulationMonitor] -     WARNING (CMI-2425): I19.I0.I5.C1: `Noff' = 4.732 is unusually large. {"history": "MonteCarlo.2", "point": 9, "testname": "TRAN_CMRR_MC", "cornername": "Nominal"}
[2026-04-10 09:37:58.923 Z] [WARN] [cadence.virtuoso.ade.simulationMonitor] -     WARNING (CMI-2424): I19.I0.I5.C1: `Voffcv' = -867.4e-03 is unusually small. {"history": "MonteCarlo.2", "point": 9, "testname": "TRAN_CMRR_MC", "cornername": "Nominal"}
[2026-04-10 09:37:58.923 Z] [WARN] [cadence.virtuoso.ade.simulationMonitor] -     WARNING (CMI-2425): I19.I0.I3.C1: `Acde' = 2.393 is unusually large.
        Further occurrences of this warning will be suppressed. {"history": "MonteCarlo.2", "point": 9, "testname": "TRAN_CMRR_MC", "cornername": "Nominal"}
[2026-04-10 09:37:58.923 Z] [WARN] [cadence.virtuoso.ade.simulationMonitor] -     WARNING (CMI-2424): I19.I0.I3.C1: `Voffcv' = -867.4e-03 is unusually small. {"history": "MonteCarlo.2", "point": 9, "testname": "TRAN_CMRR_MC", "cornername": "Nominal"}
[2026-04-10 09:37:58.923 Z] [WARN] [cadence.virtuoso.ade.simulationMonitor] -     WARNING (CMI-2424): I19.I0.C0: `Voffcv' = -867.4e-03 is unusually small. {"history": "MonteCarlo.2", "point": 9, "testname": "TRAN_CMRR_MC", "cornername": "Nominal"}
[2026-04-10 09:37:58.923 Z] [INFO] [cadence.virtuoso.ade.simulationMonitor] - Notice from spectre during DC analysis `dcOp', during Monte Carlo analysis `mc1'.
    GminDC = 1 pS is large enough to noticeably affect the DC solution.
        dV(I19.I14.C1.d1) = 2.49313 mV
        Use the `gmin_check' option to eliminate or expand this report.
    Bad pivoting is found during DC analysis. Option dc_pivot_check=yes is recommended for possible improvement of convergence. {"history": "MonteCarlo.2", "point": 9, "testname": "TRAN_CMRR_MC", "cornername": "Nominal"}
[2026-04-10 09:37:58.923 Z] [WARN] [cadence.virtuoso.ade.simulationMonitor] -     WARNING (CMI-2943): Parameter checks have been ignored because the valid value for parameter 'trise' could not be found in 'C5'. {"history": "MonteCarlo.2", "point": 9, "testname": "TRAN_CMRR_MC", "cornername": "Nominal"}
[2026-04-10 09:37:58.923 Z] [WARN] [cadence.virtuoso.ade.simulationMonitor] -     WARNING (CMI-2943): Parameter checks have been ignored because the valid value for parameter 'trise' could not be found in 'C6'. {"history": "MonteCarlo.2", "point": 9, "testname": "TRAN_CMRR_MC", "cornername": "Nominal"}
[2026-04-10 09:37:58.923 Z] [WARN] [cadence.virtuoso.ade.simulationMonitor] -     WARNING (CMI-2943): Parameter checks have been ignored because the valid value for parameter 'trise' could not be found in 'C0'. {"history": "MonteCarlo.2", "point": 9, "testname": "TRAN_CMRR_MC", "cornername": "Nominal"}
[2026-04-10 09:37:58.923 Z] [WARN] [cadence.virtuoso.ade.simulationMonitor] -     WARNING (CMI-2943): Parameter checks have been ignored because the valid value for parameter 'trise' could not be found in 'C9'. {"history": "MonteCarlo.2", "point": 9, "testname": "TRAN_CMRR_MC", "cornername": "Nominal"}
[2026-04-10 09:37:58.923 Z] [WARN] [cadence.virtuoso.ade.simulationMonitor] -     WARNING (CMI-2943): Parameter checks have been ignored because the valid value for parameter 'trise' could not be found in 'C3'.
        Further occurrences of this warning will be suppressed. {"history": "MonteCarlo.2", "point": 9, "testname": "TRAN_CMRR_MC", "cornername": "Nominal"}
[2026-04-10 09:37:58.923 Z] [INFO] [cadence.virtuoso.ade.simulationMonitor] - Total time required for dc analysis `dcOp': CPU = 13.507 ms, elapsed = 19.1281 ms, util. = 70.6%. {"history": "MonteCarlo.2", "point": 9, "testname": "TRAN_CMRR_MC", "cornername": "Nominal"}
[2026-04-10 09:37:58.923 Z] [INFO] [cadence.virtuoso.ade.simulationMonitor] - Peak resident memory used = 332 Mbytes. {"history": "MonteCarlo.2", "point": 9, "testname": "TRAN_CMRR_MC", "cornername": "Nominal"}
[2026-04-10 09:37:58.924 Z] [INFO] [cadence.virtuoso.ade.simulationMonitor] - Notice from spectre during Monte Carlo analysis `mc1'.
    1 notice suppressed.
    115 warnings suppressed. {"history": "MonteCarlo.2", "point": 9, "testname": "TRAN_CMRR_MC", "cornername": "Nominal"}
[2026-04-10 09:37:58.924 Z] [INFO] [cadence.virtuoso.ade.simulationMonitor] - Notice from spectre during IC analysis, during periodic steady state analysis `pss', during Monte Carlo analysis `mc1'.
    GminDC = 1 pS is large enough to noticeably affect the DC solution.
        dV(I19.I14.C1.d1) = 2.49313 mV
        Use the `gmin_check' option to eliminate or expand this report.
    Bad pivoting is found during DC analysis. Option dc_pivot_check=yes is recommended for possible improvement of convergence. {"history": "MonteCarlo.2", "point": 9, "testname": "TRAN_CMRR_MC", "cornername": "Nominal"}
[2026-04-10 09:37:58.924 Z] [WARN] [cadence.virtuoso.ade.simulationMonitor] -     WARNING (CMI-2943): Parameter checks have been ignored because the valid value for parameter 'trise' could not be found in 'C5'. {"history": "MonteCarlo.2", "point": 9, "testname": "TRAN_CMRR_MC", "cornername": "Nominal"}
[2026-04-10 09:37:58.924 Z] [WARN] [cadence.virtuoso.ade.simulationMonitor] -     WARNING (CMI-2943): Parameter checks have been ignored because the valid value for parameter 'trise' could not be found in 'C6'. {"history": "MonteCarlo.2", "point": 9, "testname": "TRAN_CMRR_MC", "cornername": "Nominal"}
[2026-04-10 09:37:58.924 Z] [WARN] [cadence.virtuoso.ade.simulationMonitor] -     WARNING (CMI-2943): Parameter checks have been ignored because the valid value for parameter 'trise' could not be found in 'C0'. {"history": "MonteCarlo.2", "point": 9, "testname": "TRAN_CMRR_MC", "cornername": "Nominal"}
[2026-04-10 09:37:58.924 Z] [WARN] [cadence.virtuoso.ade.simulationMonitor] -     WARNING (CMI-2943): Parameter checks have been ignored because the valid value for parameter 'trise' could not be found in 'C9'. {"history": "MonteCarlo.2", "point": 9, "testname": "TRAN_CMRR_MC", "cornername": "Nominal"}
[2026-04-10 09:37:58.924 Z] [WARN] [cadence.virtuoso.ade.simulationMonitor] -     WARNING (CMI-2943): Parameter checks have been ignored because the valid value for parameter 'trise' could not be found in 'C3'.
        Further occurrences of this warning will be suppressed. {"history": "MonteCarlo.2", "point": 9, "testname": "TRAN_CMRR_MC", "cornername": "Nominal"}
[2026-04-10 09:37:58.924 Z] [INFO] [cadence.virtuoso.ade.simulationMonitor] - Notice from spectre at time = 64.7177 us during periodic steady state analysis `pss', during Monte Carlo analysis `mc1'.
    Found trapezoidal ringing on node V2:p. {"history": "MonteCarlo.2", "point": 9, "testname": "TRAN_CMRR_MC", "cornername": "Nominal"}
[2026-04-10 09:37:58.924 Z] [INFO] [cadence.virtuoso.ade.simulationMonitor] - Notice from spectre at time = 75.6608 us during periodic steady state analysis `pss', during Monte Carlo analysis `mc1'.
    Found trapezoidal ringing on node V2:p. {"history": "MonteCarlo.2", "point": 9, "testname": "TRAN_CMRR_MC", "cornername": "Nominal"}
[2026-04-10 09:37:58.924 Z] [INFO] [cadence.virtuoso.ade.simulationMonitor] - Notice from spectre at time = 200.483 us during periodic steady state analysis `pss', during Monte Carlo analysis `mc1'.
    Found trapezoidal ringing on node V1:p. {"history": "MonteCarlo.2", "point": 9, "testname": "TRAN_CMRR_MC", "cornername": "Nominal"}
[2026-04-10 09:37:58.924 Z] [INFO] [cadence.virtuoso.ade.simulationMonitor] - Notice from spectre at time = 209.396 us during periodic steady state analysis `pss', during Monte Carlo analysis `mc1'.
    Found trapezoidal ringing on node V1:p. {"history": "MonteCarlo.2", "point": 9, "testname": "TRAN_CMRR_MC", "cornername": "Nominal"}
[2026-04-10 09:37:58.924 Z] [INFO] [cadence.virtuoso.ade.simulationMonitor] - Notice from spectre at time = 324.995 us during periodic steady state analysis `pss', during Monte Carlo analysis `mc1'.
    Found trapezoidal ringing on node V1:p.
        Further occurrences of this notice will be suppressed. {"history": "MonteCarlo.2", "point": 9, "testname": "TRAN_CMRR_MC", "cornername": "Nominal"}
[2026-04-10 09:37:58.924 Z] [PROCESS] [cadence.virtuoso.ade.simulationMonitor] - Finished simulating for one iteration {"hostname": "edatools", "processid": 359656, "history": "MonteCarlo.2", "testname": "TRAN_CMRR_MC", "cornername": "Nominal", "point": 9, "logfile": "/home/saul/projects/IL2244_VT26_SAUL/logs_saul/logs0/Job65.log", "simid": "1"}
[2026-04-10 09:37:58.924 Z] [PROCESS] [cadence.virtuoso.ade.simulationMonitor] - Started Simulation {"hostname": "edatools", "processid": 359656, "history": "MonteCarlo.2", "testname": "TRAN_CMRR_MC", "cornername": "Nominal", "point": 10, "logfile": "/home/saul/projects/IL2244_VT26_SAUL/logs_saul/logs0/Job65.log", "event": "started", "task": "simulation"}
[2026-04-10 09:38:00.925 Z] [INFO] [cadence.virtuoso.ade.simulationMonitor] - Total time required for tstab analysis `pss': CPU = 1.794 s, elapsed = 1.80416 s. {"history": "MonteCarlo.2", "point": 10, "testname": "TRAN_CMRR_MC", "cornername": "Nominal"}
[2026-04-10 09:38:00.925 Z] [INFO] [cadence.virtuoso.ade.simulationMonitor] - Peak resident memory used = 332 Mbytes. {"history": "MonteCarlo.2", "point": 10, "testname": "TRAN_CMRR_MC", "cornername": "Nominal"}
[2026-04-10 09:38:00.925 Z] [INFO] [cadence.virtuoso.ade.simulationMonitor] - Notice from spectre during periodic steady state analysis `pss', during Monte Carlo analysis `mc1'.
    112 warnings suppressed. {"history": "MonteCarlo.2", "point": 10, "testname": "TRAN_CMRR_MC", "cornername": "Nominal"}
[2026-04-10 09:38:09.929 Z] [INFO] [cadence.virtuoso.ade.simulationMonitor] - Notice from spectre during periodic steady state analysis `pss', during Monte Carlo analysis `mc1'.
    Trapezoidal ringing is detected during pss analysis.
        Please use method=trap for better results and performance. {"history": "MonteCarlo.2", "point": 10, "testname": "TRAN_CMRR_MC", "cornername": "Nominal"}
[2026-04-10 09:38:09.930 Z] [INFO] [cadence.virtuoso.ade.simulationMonitor] - Total time required for pss analysis `pss': CPU = 11.0371 s, elapsed = 11.1048 s, util. = 99.4%. {"history": "MonteCarlo.2", "point": 10, "testname": "TRAN_CMRR_MC", "cornername": "Nominal"}
[2026-04-10 09:38:09.930 Z] [INFO] [cadence.virtuoso.ade.simulationMonitor] - Peak resident memory used = 347 Mbytes. {"history": "MonteCarlo.2", "point": 10, "testname": "TRAN_CMRR_MC", "cornername": "Nominal"}
[2026-04-10 09:38:09.930 Z] [INFO] [cadence.virtuoso.ade.simulationMonitor] - Notice from spectre during periodic steady state analysis `pss', during Monte Carlo analysis `mc1'.
    913 notices suppressed. {"history": "MonteCarlo.2", "point": 10, "testname": "TRAN_CMRR_MC", "cornername": "Nominal"}
[2026-04-10 09:38:09.930 Z] [INFO] [cadence.virtuoso.ade.simulationMonitor] - Notice from spectre in `rpolyhc':`I19.I0.R10', in `fecg_cmfb2':`I19.I0', in `fecg_front_end':`I19', during Monte Carlo analysis `mc1'.
    I19.I0.R10.CS0 of rpolyhc: `c' has the unusually small value of 0 F.
    I19.I0.R10.CS1 of rpolyhc: `c' has the unusually small value of 0 F. {"history": "MonteCarlo.2", "point": 10, "testname": "TRAN_CMRR_MC", "cornername": "Nominal"}
[2026-04-10 09:38:09.930 Z] [INFO] [cadence.virtuoso.ade.simulationMonitor] - Notice from spectre in `rpolyhc':`I19.I0.R9', in `fecg_cmfb2':`I19.I0', in `fecg_front_end':`I19', during Monte Carlo analysis `mc1'.
    I19.I0.R9.CS0 of rpolyhc: `c' has the unusually small value of 0 F.
    I19.I0.R9.CS1 of rpolyhc: `c' has the unusually small value of 0 F. {"history": "MonteCarlo.2", "point": 10, "testname": "TRAN_CMRR_MC", "cornername": "Nominal"}
[2026-04-10 09:38:09.930 Z] [INFO] [cadence.virtuoso.ade.simulationMonitor] - Notice from spectre in `rpolyhc':`I19.I0.R7', in `fecg_cmfb2':`I19.I0', in `fecg_front_end':`I19', during Monte Carlo analysis `mc1'.
    I19.I0.R7.CS0 of rpolyhc: `c' has the unusually small value of 0 F.
        Further occurrences of this notice will be suppressed. {"history": "MonteCarlo.2", "point": 10, "testname": "TRAN_CMRR_MC", "cornername": "Nominal"}
[2026-04-10 09:38:09.930 Z] [WARN] [cadence.virtuoso.ade.simulationMonitor] -     WARNING (CMI-2425): I19.I14.C1: `Acde' = 2.393 is unusually large. {"history": "MonteCarlo.2", "point": 10, "testname": "TRAN_CMRR_MC", "cornername": "Nominal"}
[2026-04-10 09:38:09.930 Z] [WARN] [cadence.virtuoso.ade.simulationMonitor] -     WARNING (CMI-2425): I19.I14.C1: `Noff' = 4.732 is unusually large. {"history": "MonteCarlo.2", "point": 10, "testname": "TRAN_CMRR_MC", "cornername": "Nominal"}
[2026-04-10 09:38:09.930 Z] [WARN] [cadence.virtuoso.ade.simulationMonitor] -     WARNING (CMI-2424): I19.I14.C1: `Voffcv' = -867.4e-03 is unusually small. {"history": "MonteCarlo.2", "point": 10, "testname": "TRAN_CMRR_MC", "cornername": "Nominal"}
[2026-04-10 09:38:09.931 Z] [WARN] [cadence.virtuoso.ade.simulationMonitor] -     WARNING (CMI-2425): I19.I0.I5.C1: `Acde' = 2.393 is unusually large. {"history": "MonteCarlo.2", "point": 10, "testname": "TRAN_CMRR_MC", "cornername": "Nominal"}
[2026-04-10 09:38:09.931 Z] [WARN] [cadence.virtuoso.ade.simulationMonitor] -     WARNING (CMI-2425): I19.I0.I5.C1: `Noff' = 4.732 is unusually large. {"history": "MonteCarlo.2", "point": 10, "testname": "TRAN_CMRR_MC", "cornername": "Nominal"}
[2026-04-10 09:38:09.931 Z] [WARN] [cadence.virtuoso.ade.simulationMonitor] -     WARNING (CMI-2424): I19.I0.I5.C1: `Voffcv' = -867.4e-03 is unusually small. {"history": "MonteCarlo.2", "point": 10, "testname": "TRAN_CMRR_MC", "cornername": "Nominal"}
[2026-04-10 09:38:09.931 Z] [WARN] [cadence.virtuoso.ade.simulationMonitor] -     WARNING (CMI-2425): I19.I0.I3.C1: `Acde' = 2.393 is unusually large.
        Further occurrences of this warning will be suppressed. {"history": "MonteCarlo.2", "point": 10, "testname": "TRAN_CMRR_MC", "cornername": "Nominal"}
[2026-04-10 09:38:09.931 Z] [WARN] [cadence.virtuoso.ade.simulationMonitor] -     WARNING (CMI-2424): I19.I0.I3.C1: `Voffcv' = -867.4e-03 is unusually small. {"history": "MonteCarlo.2", "point": 10, "testname": "TRAN_CMRR_MC", "cornername": "Nominal"}
[2026-04-10 09:38:09.931 Z] [WARN] [cadence.virtuoso.ade.simulationMonitor] -     WARNING (CMI-2424): I19.I0.C0: `Voffcv' = -867.4e-03 is unusually small. {"history": "MonteCarlo.2", "point": 10, "testname": "TRAN_CMRR_MC", "cornername": "Nominal"}
[2026-04-10 09:38:09.931 Z] [INFO] [cadence.virtuoso.ade.simulationMonitor] - Notice from spectre during DC analysis `dcOp', during Monte Carlo analysis `mc1'.
    GminDC = 1 pS is large enough to noticeably affect the DC solution.
        dV(I19.I0.I3.C1.d1) = 2.59777 mV
        Use the `gmin_check' option to eliminate or expand this report.
    Bad pivoting is found during DC analysis. Option dc_pivot_check=yes is recommended for possible improvement of convergence. {"history": "MonteCarlo.2", "point": 10, "testname": "TRAN_CMRR_MC", "cornername": "Nominal"}
[2026-04-10 09:38:09.931 Z] [WARN] [cadence.virtuoso.ade.simulationMonitor] -     WARNING (CMI-2943): Parameter checks have been ignored because the valid value for parameter 'trise' could not be found in 'C5'. {"history": "MonteCarlo.2", "point": 10, "testname": "TRAN_CMRR_MC", "cornername": "Nominal"}
[2026-04-10 09:38:09.931 Z] [WARN] [cadence.virtuoso.ade.simulationMonitor] -     WARNING (CMI-2943): Parameter checks have been ignored because the valid value for parameter 'trise' could not be found in 'C6'. {"history": "MonteCarlo.2", "point": 10, "testname": "TRAN_CMRR_MC", "cornername": "Nominal"}
[2026-04-10 09:38:09.931 Z] [WARN] [cadence.virtuoso.ade.simulationMonitor] -     WARNING (CMI-2943): Parameter checks have been ignored because the valid value for parameter 'trise' could not be found in 'C0'. {"history": "MonteCarlo.2", "point": 10, "testname": "TRAN_CMRR_MC", "cornername": "Nominal"}
[2026-04-10 09:38:09.931 Z] [WARN] [cadence.virtuoso.ade.simulationMonitor] -     WARNING (CMI-2943): Parameter checks have been ignored because the valid value for parameter 'trise' could not be found in 'C9'. {"history": "MonteCarlo.2", "point": 10, "testname": "TRAN_CMRR_MC", "cornername": "Nominal"}
[2026-04-10 09:38:09.931 Z] [WARN] [cadence.virtuoso.ade.simulationMonitor] -     WARNING (CMI-2943): Parameter checks have been ignored because the valid value for parameter 'trise' could not be found in 'C3'.
        Further occurrences of this warning will be suppressed. {"history": "MonteCarlo.2", "point": 10, "testname": "TRAN_CMRR_MC", "cornername": "Nominal"}
[2026-04-10 09:38:09.931 Z] [INFO] [cadence.virtuoso.ade.simulationMonitor] - Total time required for dc analysis `dcOp': CPU = 12.764 ms, elapsed = 18.2259 ms, util. = 70%. {"history": "MonteCarlo.2", "point": 10, "testname": "TRAN_CMRR_MC", "cornername": "Nominal"}
[2026-04-10 09:38:09.931 Z] [INFO] [cadence.virtuoso.ade.simulationMonitor] - Peak resident memory used = 347 Mbytes. {"history": "MonteCarlo.2", "point": 10, "testname": "TRAN_CMRR_MC", "cornername": "Nominal"}
[2026-04-10 09:38:09.932 Z] [INFO] [cadence.virtuoso.ade.simulationMonitor] - Notice from spectre during Monte Carlo analysis `mc1'.
    1 notice suppressed.
    115 warnings suppressed. {"history": "MonteCarlo.2", "point": 10, "testname": "TRAN_CMRR_MC", "cornername": "Nominal"}
[2026-04-10 09:38:09.932 Z] [INFO] [cadence.virtuoso.ade.simulationMonitor] - Notice from spectre during IC analysis, during periodic steady state analysis `pss', during Monte Carlo analysis `mc1'.
    GminDC = 1 pS is large enough to noticeably affect the DC solution.
        dV(I19.I0.I3.C1.d1) = 2.59777 mV
        Use the `gmin_check' option to eliminate or expand this report.
    Bad pivoting is found during DC analysis. Option dc_pivot_check=yes is recommended for possible improvement of convergence. {"history": "MonteCarlo.2", "point": 10, "testname": "TRAN_CMRR_MC", "cornername": "Nominal"}
[2026-04-10 09:38:09.932 Z] [WARN] [cadence.virtuoso.ade.simulationMonitor] -     WARNING (CMI-2943): Parameter checks have been ignored because the valid value for parameter 'trise' could not be found in 'C5'. {"history": "MonteCarlo.2", "point": 10, "testname": "TRAN_CMRR_MC", "cornername": "Nominal"}
[2026-04-10 09:38:09.932 Z] [WARN] [cadence.virtuoso.ade.simulationMonitor] -     WARNING (CMI-2943): Parameter checks have been ignored because the valid value for parameter 'trise' could not be found in 'C6'. {"history": "MonteCarlo.2", "point": 10, "testname": "TRAN_CMRR_MC", "cornername": "Nominal"}
[2026-04-10 09:38:09.932 Z] [WARN] [cadence.virtuoso.ade.simulationMonitor] -     WARNING (CMI-2943): Parameter checks have been ignored because the valid value for parameter 'trise' could not be found in 'C0'. {"history": "MonteCarlo.2", "point": 10, "testname": "TRAN_CMRR_MC", "cornername": "Nominal"}
[2026-04-10 09:38:09.932 Z] [WARN] [cadence.virtuoso.ade.simulationMonitor] -     WARNING (CMI-2943): Parameter checks have been ignored because the valid value for parameter 'trise' could not be found in 'C9'. {"history": "MonteCarlo.2", "point": 10, "testname": "TRAN_CMRR_MC", "cornername": "Nominal"}
[2026-04-10 09:38:09.932 Z] [WARN] [cadence.virtuoso.ade.simulationMonitor] -     WARNING (CMI-2943): Parameter checks have been ignored because the valid value for parameter 'trise' could not be found in 'C3'.
        Further occurrences of this warning will be suppressed. {"history": "MonteCarlo.2", "point": 10, "testname": "TRAN_CMRR_MC", "cornername": "Nominal"}
[2026-04-10 09:38:09.932 Z] [INFO] [cadence.virtuoso.ade.simulationMonitor] - Notice from spectre at time = 102.034 us during periodic steady state analysis `pss', during Monte Carlo analysis `mc1'.
    Found trapezoidal ringing on node V2:p. {"history": "MonteCarlo.2", "point": 10, "testname": "TRAN_CMRR_MC", "cornername": "Nominal"}
[2026-04-10 09:38:09.932 Z] [INFO] [cadence.virtuoso.ade.simulationMonitor] - Notice from spectre at time = 145.931 us during periodic steady state analysis `pss', during Monte Carlo analysis `mc1'.
    Found trapezoidal ringing on node I19.I2.A. {"history": "MonteCarlo.2", "point": 10, "testname": "TRAN_CMRR_MC", "cornername": "Nominal"}
[2026-04-10 09:38:09.932 Z] [INFO] [cadence.virtuoso.ade.simulationMonitor] - Notice from spectre at time = 189.072 us during periodic steady state analysis `pss', during Monte Carlo analysis `mc1'.
    Found trapezoidal ringing on node V2:p. {"history": "MonteCarlo.2", "point": 10, "testname": "TRAN_CMRR_MC", "cornername": "Nominal"}
[2026-04-10 09:38:09.932 Z] [INFO] [cadence.virtuoso.ade.simulationMonitor] - Notice from spectre at time = 201.563 us during periodic steady state analysis `pss', during Monte Carlo analysis `mc1'.
    Found trapezoidal ringing on node V2:p. {"history": "MonteCarlo.2", "point": 10, "testname": "TRAN_CMRR_MC", "cornername": "Nominal"}
[2026-04-10 09:38:09.932 Z] [INFO] [cadence.virtuoso.ade.simulationMonitor] - Notice from spectre at time = 211.057 us during periodic steady state analysis `pss', during Monte Carlo analysis `mc1'.
    Found trapezoidal ringing on node V2:p.
        Further occurrences of this notice will be suppressed. {"history": "MonteCarlo.2", "point": 10, "testname": "TRAN_CMRR_MC", "cornername": "Nominal"}
[2026-04-10 09:38:09.933 Z] [PROCESS] [cadence.virtuoso.ade.simulationMonitor] - Finished simulating for one iteration {"hostname": "edatools", "processid": 359656, "history": "MonteCarlo.2", "testname": "TRAN_CMRR_MC", "cornername": "Nominal", "point": 10, "logfile": "/home/saul/projects/IL2244_VT26_SAUL/logs_saul/logs0/Job65.log", "simid": "1"}
[2026-04-10 09:38:09.933 Z] [PROCESS] [cadence.virtuoso.ade.simulationMonitor] - Started Simulation {"hostname": "edatools", "processid": 359656, "history": "MonteCarlo.2", "testname": "TRAN_CMRR_MC", "cornername": "Nominal", "point": 11, "logfile": "/home/saul/projects/IL2244_VT26_SAUL/logs_saul/logs0/Job65.log", "event": "started", "task": "simulation"}
[2026-04-10 09:38:11.933 Z] [INFO] [cadence.virtuoso.ade.simulationMonitor] - Total time required for tstab analysis `pss': CPU = 1.71508 s, elapsed = 1.71533 s. {"history": "MonteCarlo.2", "point": 11, "testname": "TRAN_CMRR_MC", "cornername": "Nominal"}
[2026-04-10 09:38:11.934 Z] [INFO] [cadence.virtuoso.ade.simulationMonitor] - Peak resident memory used = 347 Mbytes. {"history": "MonteCarlo.2", "point": 11, "testname": "TRAN_CMRR_MC", "cornername": "Nominal"}
[2026-04-10 09:38:11.934 Z] [INFO] [cadence.virtuoso.ade.simulationMonitor] - Notice from spectre during periodic steady state analysis `pss', during Monte Carlo analysis `mc1'.
    112 warnings suppressed. {"history": "MonteCarlo.2", "point": 11, "testname": "TRAN_CMRR_MC", "cornername": "Nominal"}
[2026-04-10 09:38:20.437 Z] [PROCESS] [cadence.virtuoso.ade.simulationMonitor] - Finished simulating for one iteration {"hostname": "edatools", "processid": 359656, "history": "MonteCarlo.2", "testname": "TRAN_CMRR_MC", "cornername": "Nominal", "point": 11, "logfile": "/home/saul/projects/IL2244_VT26_SAUL/logs_saul/logs0/Job65.log", "simid": "1"}
[2026-04-10 09:38:20.438 Z] [PROCESS] [cadence.virtuoso.ade.simulationMonitor] - Started Simulation {"hostname": "edatools", "processid": 359656, "history": "MonteCarlo.2", "testname": "TRAN_CMRR_MC", "cornername": "Nominal", "point": 12, "logfile": "/home/saul/projects/IL2244_VT26_SAUL/logs_saul/logs0/Job65.log", "event": "started", "task": "simulation"}
[2026-04-10 09:38:20.938 Z] [INFO] [cadence.virtuoso.ade.simulationMonitor] - Notice from spectre during periodic steady state analysis `pss', during Monte Carlo analysis `mc1'.
    Trapezoidal ringing is detected during pss analysis.
        Please use method=trap for better results and performance. {"history": "MonteCarlo.2", "point": 12, "testname": "TRAN_CMRR_MC", "cornername": "Nominal"}
[2026-04-10 09:38:20.938 Z] [INFO] [cadence.virtuoso.ade.simulationMonitor] - Total time required for pss analysis `pss': CPU = 10.4897 s, elapsed = 10.5228 s, util. = 99.7%. {"history": "MonteCarlo.2", "point": 12, "testname": "TRAN_CMRR_MC", "cornername": "Nominal"}
[2026-04-10 09:38:20.938 Z] [INFO] [cadence.virtuoso.ade.simulationMonitor] - Peak resident memory used = 347 Mbytes. {"history": "MonteCarlo.2", "point": 12, "testname": "TRAN_CMRR_MC", "cornername": "Nominal"}
[2026-04-10 09:38:20.938 Z] [INFO] [cadence.virtuoso.ade.simulationMonitor] - Notice from spectre during periodic steady state analysis `pss', during Monte Carlo analysis `mc1'.
    784 notices suppressed. {"history": "MonteCarlo.2", "point": 12, "testname": "TRAN_CMRR_MC", "cornername": "Nominal"}
[2026-04-10 09:38:20.938 Z] [INFO] [cadence.virtuoso.ade.simulationMonitor] - Notice from spectre in `rpolyhc':`I19.I0.R10', in `fecg_cmfb2':`I19.I0', in `fecg_front_end':`I19', during Monte Carlo analysis `mc1'.
    I19.I0.R10.CS0 of rpolyhc: `c' has the unusually small value of 0 F.
    I19.I0.R10.CS1 of rpolyhc: `c' has the unusually small value of 0 F. {"history": "MonteCarlo.2", "point": 12, "testname": "TRAN_CMRR_MC", "cornername": "Nominal"}
[2026-04-10 09:38:20.939 Z] [INFO] [cadence.virtuoso.ade.simulationMonitor] - Notice from spectre in `rpolyhc':`I19.I0.R9', in `fecg_cmfb2':`I19.I0', in `fecg_front_end':`I19', during Monte Carlo analysis `mc1'.
    I19.I0.R9.CS0 of rpolyhc: `c' has the unusually small value of 0 F.
    I19.I0.R9.CS1 of rpolyhc: `c' has the unusually small value of 0 F. {"history": "MonteCarlo.2", "point": 12, "testname": "TRAN_CMRR_MC", "cornername": "Nominal"}
[2026-04-10 09:38:20.939 Z] [INFO] [cadence.virtuoso.ade.simulationMonitor] - Notice from spectre in `rpolyhc':`I19.I0.R7', in `fecg_cmfb2':`I19.I0', in `fecg_front_end':`I19', during Monte Carlo analysis `mc1'.
    I19.I0.R7.CS0 of rpolyhc: `c' has the unusually small value of 0 F.
        Further occurrences of this notice will be suppressed. {"history": "MonteCarlo.2", "point": 12, "testname": "TRAN_CMRR_MC", "cornername": "Nominal"}
[2026-04-10 09:38:20.939 Z] [WARN] [cadence.virtuoso.ade.simulationMonitor] -     WARNING (CMI-2425): I19.I14.C1: `Acde' = 2.393 is unusually large. {"history": "MonteCarlo.2", "point": 12, "testname": "TRAN_CMRR_MC", "cornername": "Nominal"}
[2026-04-10 09:38:20.939 Z] [WARN] [cadence.virtuoso.ade.simulationMonitor] -     WARNING (CMI-2425): I19.I14.C1: `Noff' = 4.732 is unusually large. {"history": "MonteCarlo.2", "point": 12, "testname": "TRAN_CMRR_MC", "cornername": "Nominal"}
[2026-04-10 09:38:20.939 Z] [WARN] [cadence.virtuoso.ade.simulationMonitor] -     WARNING (CMI-2424): I19.I14.C1: `Voffcv' = -867.4e-03 is unusually small. {"history": "MonteCarlo.2", "point": 12, "testname": "TRAN_CMRR_MC", "cornername": "Nominal"}
[2026-04-10 09:38:20.939 Z] [WARN] [cadence.virtuoso.ade.simulationMonitor] -     WARNING (CMI-2425): I19.I0.I5.C1: `Acde' = 2.393 is unusually large. {"history": "MonteCarlo.2", "point": 12, "testname": "TRAN_CMRR_MC", "cornername": "Nominal"}
[2026-04-10 09:38:20.939 Z] [WARN] [cadence.virtuoso.ade.simulationMonitor] -     WARNING (CMI-2425): I19.I0.I5.C1: `Noff' = 4.732 is unusually large. {"history": "MonteCarlo.2", "point": 12, "testname": "TRAN_CMRR_MC", "cornername": "Nominal"}
[2026-04-10 09:38:20.939 Z] [WARN] [cadence.virtuoso.ade.simulationMonitor] -     WARNING (CMI-2424): I19.I0.I5.C1: `Voffcv' = -867.4e-03 is unusually small. {"history": "MonteCarlo.2", "point": 12, "testname": "TRAN_CMRR_MC", "cornername": "Nominal"}
[2026-04-10 09:38:20.939 Z] [WARN] [cadence.virtuoso.ade.simulationMonitor] -     WARNING (CMI-2425): I19.I0.I3.C1: `Acde' = 2.393 is unusually large.
        Further occurrences of this warning will be suppressed. {"history": "MonteCarlo.2", "point": 12, "testname": "TRAN_CMRR_MC", "cornername": "Nominal"}
[2026-04-10 09:38:20.939 Z] [WARN] [cadence.virtuoso.ade.simulationMonitor] -     WARNING (CMI-2424): I19.I0.I3.C1: `Voffcv' = -867.4e-03 is unusually small. {"history": "MonteCarlo.2", "point": 12, "testname": "TRAN_CMRR_MC", "cornername": "Nominal"}
[2026-04-10 09:38:20.939 Z] [WARN] [cadence.virtuoso.ade.simulationMonitor] -     WARNING (CMI-2424): I19.I0.C0: `Voffcv' = -867.4e-03 is unusually small. {"history": "MonteCarlo.2", "point": 12, "testname": "TRAN_CMRR_MC", "cornername": "Nominal"}
[2026-04-10 09:38:20.939 Z] [INFO] [cadence.virtuoso.ade.simulationMonitor] - Notice from spectre during DC analysis `dcOp', during Monte Carlo analysis `mc1'.
    GminDC = 1 pS is large enough to noticeably affect the DC solution.
        dV(I19.I0.I3.C1.d1) = 2.57341 mV
        Use the `gmin_check' option to eliminate or expand this report.
    Bad pivoting is found during DC analysis. Option dc_pivot_check=yes is recommended for possible improvement of convergence. {"history": "MonteCarlo.2", "point": 12, "testname": "TRAN_CMRR_MC", "cornername": "Nominal"}
[2026-04-10 09:38:20.939 Z] [WARN] [cadence.virtuoso.ade.simulationMonitor] -     WARNING (CMI-2943): Parameter checks have been ignored because the valid value for parameter 'trise' could not be found in 'C5'. {"history": "MonteCarlo.2", "point": 12, "testname": "TRAN_CMRR_MC", "cornername": "Nominal"}
[2026-04-10 09:38:20.939 Z] [WARN] [cadence.virtuoso.ade.simulationMonitor] -     WARNING (CMI-2943): Parameter checks have been ignored because the valid value for parameter 'trise' could not be found in 'C6'. {"history": "MonteCarlo.2", "point": 12, "testname": "TRAN_CMRR_MC", "cornername": "Nominal"}
[2026-04-10 09:38:20.939 Z] [WARN] [cadence.virtuoso.ade.simulationMonitor] -     WARNING (CMI-2943): Parameter checks have been ignored because the valid value for parameter 'trise' could not be found in 'C0'. {"history": "MonteCarlo.2", "point": 12, "testname": "TRAN_CMRR_MC", "cornername": "Nominal"}
[2026-04-10 09:38:20.939 Z] [WARN] [cadence.virtuoso.ade.simulationMonitor] -     WARNING (CMI-2943): Parameter checks have been ignored because the valid value for parameter 'trise' could not be found in 'C9'. {"history": "MonteCarlo.2", "point": 12, "testname": "TRAN_CMRR_MC", "cornername": "Nominal"}
[2026-04-10 09:38:20.939 Z] [WARN] [cadence.virtuoso.ade.simulationMonitor] -     WARNING (CMI-2943): Parameter checks have been ignored because the valid value for parameter 'trise' could not be found in 'C3'.
        Further occurrences of this warning will be suppressed. {"history": "MonteCarlo.2", "point": 12, "testname": "TRAN_CMRR_MC", "cornername": "Nominal"}
[2026-04-10 09:38:20.939 Z] [INFO] [cadence.virtuoso.ade.simulationMonitor] - Total time required for dc analysis `dcOp': CPU = 10.754 ms, elapsed = 19.8541 ms, util. = 54.2%. {"history": "MonteCarlo.2", "point": 12, "testname": "TRAN_CMRR_MC", "cornername": "Nominal"}
[2026-04-10 09:38:20.940 Z] [INFO] [cadence.virtuoso.ade.simulationMonitor] - Peak resident memory used = 347 Mbytes. {"history": "MonteCarlo.2", "point": 12, "testname": "TRAN_CMRR_MC", "cornername": "Nominal"}
[2026-04-10 09:38:20.940 Z] [INFO] [cadence.virtuoso.ade.simulationMonitor] - Notice from spectre during Monte Carlo analysis `mc1'.
    1 notice suppressed.
    115 warnings suppressed. {"history": "MonteCarlo.2", "point": 12, "testname": "TRAN_CMRR_MC", "cornername": "Nominal"}
[2026-04-10 09:38:20.940 Z] [INFO] [cadence.virtuoso.ade.simulationMonitor] - Notice from spectre during IC analysis, during periodic steady state analysis `pss', during Monte Carlo analysis `mc1'.
    GminDC = 1 pS is large enough to noticeably affect the DC solution.
        dV(I19.I0.I3.C1.d1) = 2.57341 mV
        Use the `gmin_check' option to eliminate or expand this report.
    Bad pivoting is found during DC analysis. Option dc_pivot_check=yes is recommended for possible improvement of convergence. {"history": "MonteCarlo.2", "point": 12, "testname": "TRAN_CMRR_MC", "cornername": "Nominal"}
[2026-04-10 09:38:20.940 Z] [WARN] [cadence.virtuoso.ade.simulationMonitor] -     WARNING (CMI-2943): Parameter checks have been ignored because the valid value for parameter 'trise' could not be found in 'C5'. {"history": "MonteCarlo.2", "point": 12, "testname": "TRAN_CMRR_MC", "cornername": "Nominal"}
[2026-04-10 09:38:20.940 Z] [WARN] [cadence.virtuoso.ade.simulationMonitor] -     WARNING (CMI-2943): Parameter checks have been ignored because the valid value for parameter 'trise' could not be found in 'C6'. {"history": "MonteCarlo.2", "point": 12, "testname": "TRAN_CMRR_MC", "cornername": "Nominal"}
[2026-04-10 09:38:20.940 Z] [WARN] [cadence.virtuoso.ade.simulationMonitor] -     WARNING (CMI-2943): Parameter checks have been ignored because the valid value for parameter 'trise' could not be found in 'C0'. {"history": "MonteCarlo.2", "point": 12, "testname": "TRAN_CMRR_MC", "cornername": "Nominal"}
[2026-04-10 09:38:20.940 Z] [WARN] [cadence.virtuoso.ade.simulationMonitor] -     WARNING (CMI-2943): Parameter checks have been ignored because the valid value for parameter 'trise' could not be found in 'C9'. {"history": "MonteCarlo.2", "point": 12, "testname": "TRAN_CMRR_MC", "cornername": "Nominal"}
[2026-04-10 09:38:20.940 Z] [WARN] [cadence.virtuoso.ade.simulationMonitor] -     WARNING (CMI-2943): Parameter checks have been ignored because the valid value for parameter 'trise' could not be found in 'C3'.
        Further occurrences of this warning will be suppressed. {"history": "MonteCarlo.2", "point": 12, "testname": "TRAN_CMRR_MC", "cornername": "Nominal"}
[2026-04-10 09:38:20.940 Z] [INFO] [cadence.virtuoso.ade.simulationMonitor] - Notice from spectre at time = 65.7056 us during periodic steady state analysis `pss', during Monte Carlo analysis `mc1'.
    Found trapezoidal ringing on node V1:p. {"history": "MonteCarlo.2", "point": 12, "testname": "TRAN_CMRR_MC", "cornername": "Nominal"}
[2026-04-10 09:38:20.940 Z] [INFO] [cadence.virtuoso.ade.simulationMonitor] - Notice from spectre at time = 91.5914 us during periodic steady state analysis `pss', during Monte Carlo analysis `mc1'.
    Found trapezoidal ringing on node V1:p. {"history": "MonteCarlo.2", "point": 12, "testname": "TRAN_CMRR_MC", "cornername": "Nominal"}
[2026-04-10 09:38:20.940 Z] [INFO] [cadence.virtuoso.ade.simulationMonitor] - Notice from spectre at time = 72.0721 us during periodic steady state analysis `pss', during Monte Carlo analysis `mc1'.
    Found trapezoidal ringing on node I19.I2.net3. {"history": "MonteCarlo.2", "point": 12, "testname": "TRAN_CMRR_MC", "cornername": "Nominal"}
[2026-04-10 09:38:20.940 Z] [INFO] [cadence.virtuoso.ade.simulationMonitor] - Notice from spectre at time = 106.66 us during periodic steady state analysis `pss', during Monte Carlo analysis `mc1'.
    Found trapezoidal ringing on node I19.I2.net3. {"history": "MonteCarlo.2", "point": 12, "testname": "TRAN_CMRR_MC", "cornername": "Nominal"}
[2026-04-10 09:38:20.940 Z] [INFO] [cadence.virtuoso.ade.simulationMonitor] - Notice from spectre at time = 125.001 us during periodic steady state analysis `pss', during Monte Carlo analysis `mc1'.
    Found trapezoidal ringing on node I19.I2.net3.
        Further occurrences of this notice will be suppressed. {"history": "MonteCarlo.2", "point": 12, "testname": "TRAN_CMRR_MC", "cornername": "Nominal"}
[2026-04-10 09:38:22.441 Z] [INFO] [cadence.virtuoso.ade.simulationMonitor] - Total time required for tstab analysis `pss': CPU = 1.7234 s, elapsed = 1.76107 s. {"history": "MonteCarlo.2", "point": 12, "testname": "TRAN_CMRR_MC", "cornername": "Nominal"}
[2026-04-10 09:38:22.441 Z] [INFO] [cadence.virtuoso.ade.simulationMonitor] - Peak resident memory used = 347 Mbytes. {"history": "MonteCarlo.2", "point": 12, "testname": "TRAN_CMRR_MC", "cornername": "Nominal"}
[2026-04-10 09:38:22.441 Z] [INFO] [cadence.virtuoso.ade.simulationMonitor] - Notice from spectre during periodic steady state analysis `pss', during Monte Carlo analysis `mc1'.
    112 warnings suppressed. {"history": "MonteCarlo.2", "point": 12, "testname": "TRAN_CMRR_MC", "cornername": "Nominal"}
[2026-04-10 09:38:31.446 Z] [INFO] [cadence.virtuoso.ade.simulationMonitor] - Notice from spectre during periodic steady state analysis `pss', during Monte Carlo analysis `mc1'.
    Trapezoidal ringing is detected during pss analysis.
        Please use method=trap for better results and performance. {"history": "MonteCarlo.2", "point": 12, "testname": "TRAN_CMRR_MC", "cornername": "Nominal"}
[2026-04-10 09:38:31.446 Z] [INFO] [cadence.virtuoso.ade.simulationMonitor] - Total time required for pss analysis `pss': CPU = 10.55 s, elapsed = 10.6177 s, util. = 99.4%. {"history": "MonteCarlo.2", "point": 12, "testname": "TRAN_CMRR_MC", "cornername": "Nominal"}
[2026-04-10 09:38:31.446 Z] [INFO] [cadence.virtuoso.ade.simulationMonitor] - Peak resident memory used = 347 Mbytes. {"history": "MonteCarlo.2", "point": 12, "testname": "TRAN_CMRR_MC", "cornername": "Nominal"}
[2026-04-10 09:38:31.446 Z] [INFO] [cadence.virtuoso.ade.simulationMonitor] - Notice from spectre during periodic steady state analysis `pss', during Monte Carlo analysis `mc1'.
    1205 notices suppressed. {"history": "MonteCarlo.2", "point": 12, "testname": "TRAN_CMRR_MC", "cornername": "Nominal"}
[2026-04-10 09:38:31.446 Z] [INFO] [cadence.virtuoso.ade.simulationMonitor] - Total time required for montecarlo analysis `mc1': CPU = 43.3858 s, elapsed = 46.2521 s, util. = 93.8%. {"history": "MonteCarlo.2", "point": 12, "testname": "TRAN_CMRR_MC", "cornername": "Nominal"}
[2026-04-10 09:38:31.446 Z] [INFO] [cadence.virtuoso.ade.simulationMonitor] - Peak resident memory used = 347 Mbytes. {"history": "MonteCarlo.2", "point": 12, "testname": "TRAN_CMRR_MC", "cornername": "Nominal"}
[2026-04-10 09:38:31.446 Z] [INFO] [cadence.virtuoso.ade.simulationMonitor] - Time used: CPU = 43.6 s, elapsed = 46.7 s, util. = 93.4%. {"history": "MonteCarlo.2", "point": 12, "testname": "TRAN_CMRR_MC", "cornername": "Nominal"}
[2026-04-10 09:38:31.446 Z] [INFO] [cadence.virtuoso.ade.simulationMonitor] - Time spent in licensing: elapsed = 85.6 ms. {"history": "MonteCarlo.2", "point": 12, "testname": "TRAN_CMRR_MC", "cornername": "Nominal"}
[2026-04-10 09:38:31.446 Z] [INFO] [cadence.virtuoso.ade.simulationMonitor] - Peak memory used = 346 Mbytes. {"history": "MonteCarlo.2", "point": 12, "testname": "TRAN_CMRR_MC", "cornername": "Nominal"}
[2026-04-10 09:38:31.447 Z] [PROCESS] [cadence.virtuoso.ade.simulationMonitor] - Simulation started at: 9:37:44 AM, Fri Apr 10, 2026, ended at: 9:38:31 AM, Fri Apr 10, 2026, with elapsed time (wall clock): 46.7 s. {"history": "MonteCarlo.2", "point": 9, "testname": "TRAN_CMRR_MC", "cornername": "Nominal", "Points": "9 10 11 12 "}
[2026-04-10 09:38:31.447 Z] [PROCESS] [cadence.virtuoso.ade.simulationMonitor] - spectre completes with 0 errors, 113 warnings, and 94 notices. {"history": "MonteCarlo.2", "point": 9, "testname": "TRAN_CMRR_MC", "cornername": "Nominal", "Points": "9 10 11 12 "}
[2026-04-10 09:38:31.447 Z] [PROCESS] [cadence.virtuoso.ade.simulationMonitor] - Finished simulating for one iteration {"hostname": "edatools", "processid": 359656, "history": "MonteCarlo.2", "testname": "TRAN_CMRR_MC", "cornername": "Nominal", "point": 12, "logfile": "/home/saul/projects/IL2244_VT26_SAUL/logs_saul/logs0/Job65.log", "simid": "1"}
[2026-04-10 09:38:31.447 Z] [PROCESS] [cadence.virtuoso.ade.simulationMonitor] - Simulator exited {"hostname": "edatools", "processid": 359656, "history": "MonteCarlo.2", "testname": "TRAN_CMRR_MC", "cornername": "Nominal", "point": 12, "logfile": "/home/saul/projects/IL2244_VT26_SAUL/logs_saul/logs0/Job65.log", "exitStatus": "0"}
[2026-04-10 09:38:31.447 Z] [PROCESS] [cadence.virtuoso.ade.simulationMonitor] - Finished Simulation {"hostname": "edatools", "processid": 359656, "history": "MonteCarlo.2", "testname": "TRAN_CMRR_MC", "cornername": "Nominal", "point": 9, "logfile": "/home/saul/projects/IL2244_VT26_SAUL/logs_saul/logs0/Job65.log", "simid": "1"}
[2026-04-10 09:38:32.448 Z] [PROCESS] [cadence.virtuoso.ade.simulationMonitor] - Point Finished {"hostname": "edatools", "processid": 359656, "history": "MonteCarlo.2", "testname": "TRAN_CMRR_MC", "cornername": "Nominal", "point": 9, "logfile": "/home/saul/projects/IL2244_VT26_SAUL/logs_saul/logs0/Job65.log"}
[2026-04-10 09:38:33.449 Z] [PROCESS] [cadence.virtuoso.ade.simulationMonitor] - Stay with the runId '15', Linger time '300', currentRunSyn '31', currentTestSyn '32' {"hostname": "edatools", "processid": 359656, "history": "MonteCarlo.2", "testname": "TRAN_CMRR_MC", "cornername": "Nominal", "point": 9, "logfile": "/home/saul/projects/IL2244_VT26_SAUL/logs_saul/logs0/Job65.log"}
[2026-04-10 09:38:34.449 Z] [PROCESS] [cadence.virtuoso.ade.simulationMonitor] - Stay with the runId '15', Linger time '300', currentRunSyn '31', currentTestSyn '32' {"hostname": "edatools", "processid": 359656, "history": "MonteCarlo.2", "testname": "TRAN_CMRR_MC", "cornername": "Nominal", "point": 9, "logfile": "/home/saul/projects/IL2244_VT26_SAUL/logs_saul/logs0/Job65.log"}
[2026-04-10 09:43:32.958 Z] [PROCESS] [cadence.virtuoso.ade.simulationMonitor] - Current memory used: 52.2422 MBytes, peak memory used: 52.2422 MBytes {"hostname": "edatools", "processid": 359656, "history": "MonteCarlo.2", "testname": "TRAN_CMRR_MC", "cornername": "Nominal", "point": 9, "logfile": "/home/saul/projects/IL2244_VT26_SAUL/logs_saul/logs0/Job65.log"}
[2026-04-10 09:43:32.959 Z] [PROCESS] [cadence.virtuoso.ade.simulationMonitor] - Simulation Monitor process exit. {"hostname": "edatools", "processid": 359656, "history": "MonteCarlo.2", "testname": "TRAN_CMRR_MC", "cornername": "Nominal", "point": 9, "logfile": "/home/saul/projects/IL2244_VT26_SAUL/logs_saul/logs0/Job65.log"}
