*Info*    Exporting services from client ... 

*Info*    Client has finished starting ... 



*Info*    Configuring the session ...

	Library      = FECG
	Cell         = buffer_tb_pss
	View         = schematic
	Simulator    = spectre
	State Path   = $AXL_SETUPDB_DIR/test_states
	State Name   = VIN_spectre_state1_Interactive.20
	Results DB   = /home/saul/projects/IL2244_VT26_SAUL/FECG/buffer_tb_pss/adexl/results/data/Interactive.20.rdb
	Results Dir  = /home/saul/projects/IL2244_VT26_SAUL/Sim/FECG/buffer_tb_pss/adexl/results/data/Interactive.20/1/VIN
	Results Loc  = /home/saul/projects/IL2244_VT26_SAUL/Sim/FECG/buffer_tb_pss/adexl/results/data
	Project Dir  = /home/saul/projects/IL2244_VT26_SAUL/Sim
	Setup DB loc = /home/saul/projects/IL2244_VT26_SAUL/FECG/buffer_tb_pss/adexl
	File Encoding = 0



*Info*    The auto suspension is disabled.






*Info*    Run start for Point ID (2 1) on testbench [ VIN ].

Resetting statistical vars

*Info*    Setting parameter values ...

Setting var VCM = "1.5"
Setting var VDD = "3.3"
Setting var VDD_PULSE = "0"
Setting var VDD_RT = "1u"
Setting var VIN_AMP = "0.5"
Setting var VIN_FREQ = "50"
Setting var VIN_PULSE = "0"
Setting var temperature = "27"
Setting temp(T) = 27

*Info*    Netlist Directory =
          /home/saul/projects/IL2244_VT26_SAUL/Sim/FECG/buffer_tb_pss/adexl/results/data/Interactive.20/1/VIN/netlist


*Info*    Data Directory    =
          /home/saul/projects/IL2244_VT26_SAUL/Sim/FECG/buffer_tb_pss/adexl/results/data/Interactive.20/1/VIN


*Info*    Creating Netlist for Point ID (2 1)

generate netlist...
function ansCdlCompPrim redefined
function ansCdlCompPrim redefined
Begin Incremental Netlisting Apr  2 10:22:30 2026
End netlisting Apr  2 10:22:30 2026

	The netlist is up to date.
	Time taken to compare the design with netlist:   0.0s
      ...successful.
compose simulator input file...
      ...successful.

*Info*    Running simulation on testbench [ VIN ] for Point ID (2 1).

Delete psf data in /home/saul/projects/IL2244_VT26_SAUL/Sim/FECG/buffer_tb_pss/adexl/results/data/Interactive.20/1/VIN/psf.
compose simulator input file...
      ...successful.
start simulator if needed...
      ...successful.
simulate...
To view the simulator output, right-click on the test name, result 
name, or any value in the "Results" tab of the Outputs section and 
choose "Output Log" menu option.
WARNING (ADE-3080): Fast viewing extensions for PSF XL format (also known as RTSF) will be discontinued  
       and Virtuoso Visualization and Analysis XL will not use RTSF data to plot waveforms from IC6.1.8 ISR7 onward. 
       There will be no performance impact on data visualization due to this change.
INFO (ADE-3071): Simulation completed successfully.
reading simulation data...
      ...successful.
*Info*    Client has finished evaluating ... 

WARNING (OCN-6038): Results noise are not available for /home/saul/projects/IL2244_VT26_SAUL/Sim/FECG/buffer_tb_pss/adexl/results/data/Interactive.20/1/VIN. Use results() for a list of available results.
WARNING (OCN-6038): Results noise are not available for /home/saul/projects/IL2244_VT26_SAUL/Sim/FECG/buffer_tb_pss/adexl/results/data/Interactive.20/1/VIN. Use results() for a list of available results.
ERROR (ADEXL-2708): Evaluation of output 'integrated noise V' failed for point:'1' test:'VIN'
	Expression:'sqrt(totalNoise("noise" 0.01 100000000 nil))'
	because of the following error(s)
	*Error* expt: can't handle (nil**2).
Ensure that the definition of output is correct.


*Info*    Run complete for Point ID (2 1) on testbench [ VIN ].





Simulation design variables differ from those on the cellView,
they have been saved in the file "/tmp/saved-design-variables".
To save future changes, copy variables to cellView before exiting.
