[Simulation Monitor: 71]
[2026-04-15 06:11:37.212 Z] [PROCESS] [cadence.virtuoso.ade.simulationMonitor] - Simulation Monitor has successfully started up. Trying to set up communication channels to other components ... {"hostname": "edatools", "processid": 1536468, "logfile": "/home/saul/projects/IL2244_VT26_SAUL/logs_saul/logs0/Job71.log"}
[2026-04-15 06:11:37.213 Z] [PROCESS] [cadence.virtuoso.ade.simulationMonitor] - Communication channels have been successfully set up. Start processing events ... {"hostname": "edatools", "processid": 1536468, "logfile": "/home/saul/projects/IL2244_VT26_SAUL/logs_saul/logs0/Job71.log"}
[2026-04-15 06:11:37.213 Z] [PROCESS] [cadence.virtuoso.ade.simulationMonitor] - Considering to start history {"hostname": "edatools", "processid": 1536468, "history": "Interactive.20", "logfile": "/home/saul/projects/IL2244_VT26_SAUL/logs_saul/logs0/Job71.log"}
[2026-04-15 06:11:37.214 Z] [PROCESS] [cadence.virtuoso.ade.simulationMonitor] - HostInfo:
Host name (type):	edatools (x86_64)
Operating system:	Linux 6.17.0-20-generic #20~24.04.1-Ubuntu SMP PREEMPT_DYNAMIC Thu Mar 19 01:28:37 UTC 2 {"hostname": "edatools", "processid": 1536468, "history": "Interactive.20", "logfile": "/home/saul/projects/IL2244_VT26_SAUL/logs_saul/logs0/Job71.log", "nodename": "edatools", "domainname": "(none)", "machine": "x86_64", "sysname": "Linux", "release": "6.17.0-20-generic", "version": "#20~24.04.1-Ubuntu SMP PREEMPT_DYNAMIC Thu Mar 19 01:28:37 UTC 2"}
[2026-04-15 06:11:37.214 Z] [PROCESS] [cadence.virtuoso.ade.simulationMonitor] - UsageInfo:
pid=1536468
totalPhysicalMemory=62.544991GB,Used=32.290169GB,totalVirtualMemory=70.544987GB,Used=32.290169GB
Cpu: Cores=16, Load average:0.730000,0.950000,0.910000 {"hostname": "edatools", "processid": 1536468, "history": "Interactive.20", "logfile": "/home/saul/projects/IL2244_VT26_SAUL/logs_saul/logs0/Job71.log", "pid": "1536468", "totalPhysicalMemory": "62.544991", "physicalMemoryUsed": "32.290169", "totalVirtualMemory": "70.544987", "virtualMemoryUsed": "32.290169", "cpuCores": "16", "processes": "1983", "loadAverage1": "0.730000", "loadAverage5": "0.950000", "loadAverage15": "0.910000", "loadAverage1Percent": "0.045625"}
[2026-04-15 06:11:37.214 Z] [EVENT] [cadence.virtuoso.ade.simulationMonitor] - NewPoint {"history": "Interactive.20", "point": 1, "testname": "DC", "cornername": "Nominal", "event": "NewPoint", "EventSource": "Simulation Monitor", "HistoryName": "Interactive.20", "logFile": "/home/saul/projects/IL2244_VT26_SAUL/logs_saul/logs0/Job71.log", "logFileSize": "2205"}
[2026-04-15 06:11:37.315 Z] [EVENT] [cadence.virtuoso.ade.simulationMonitor] - NewPoint {"history": "Interactive.20", "point": 1, "testname": "DC", "cornername": "Nominal", "event": "NewPoint", "EventSource": "spectre", "HistoryName": "Interactive.20", "logFile": "/home/saul/projects/IL2244_VT26_SAUL/Sim/FBIAS/fbias_gm_c_tb/maestro/results/maestro/Interactive.20/1/DC/psf/spectre.out", "logFileSize": "-1"}
[2026-04-15 06:11:37.467 Z] [PROCESS] [cadence.virtuoso.ade.simulationMonitor] - Simulator launched {"hostname": "edatools", "processid": 1536468, "history": "Interactive.20", "testname": "DC", "cornername": "Nominal", "point": 1, "logfile": "/home/saul/projects/IL2244_VT26_SAUL/logs_saul/logs0/Job71.log", "simid": "1"}
[2026-04-15 06:11:37.471 Z] [PROCESS] [cadence.virtuoso.ade.simulationMonitor] - Expression evaluator launched {"hostname": "edatools", "processid": 1536468, "history": "Interactive.20", "testname": "DC", "cornername": "Nominal", "point": 1, "logfile": "/home/saul/projects/IL2244_VT26_SAUL/logs_saul/logs0/Job71.log"}
[2026-04-15 06:11:37.507 Z] [PROCESS] [cadence.virtuoso.ade.simulationMonitor] - Started Simulation {"hostname": "edatools", "processid": 1536468, "history": "Interactive.20", "testname": "DC", "cornername": "Nominal", "point": 1, "logfile": "/home/saul/projects/IL2244_VT26_SAUL/logs_saul/logs0/Job71.log", "event": "started", "task": "simulation"}
[2026-04-15 06:11:38.008 Z] [WARN] [cadence.virtuoso.ade.simulationMonitor] -     WARNING (SPECTRE-8360): line 1511: `ac' is an undefined primitive device. {"history": "Interactive.20", "point": 1, "testname": "DC", "cornername": "Nominal"}
[2026-04-15 06:11:38.008 Z] [WARN] [cadence.virtuoso.ade.simulationMonitor] -     WARNING (SPECTRE-8360): line 1512: `ac' is an undefined primitive device. {"history": "Interactive.20", "point": 1, "testname": "DC", "cornername": "Nominal"}
[2026-04-15 06:11:38.008 Z] [WARN] [cadence.virtuoso.ade.simulationMonitor] -     WARNING (SPECTRE-8360): line 1513: `ac' is an undefined primitive device. {"history": "Interactive.20", "point": 1, "testname": "DC", "cornername": "Nominal"}
[2026-04-15 06:11:38.008 Z] [WARN] [cadence.virtuoso.ade.simulationMonitor] -     WARNING (SPECTRE-8360): line 1514: `ac' is an undefined primitive device. {"history": "Interactive.20", "point": 1, "testname": "DC", "cornername": "Nominal"}
[2026-04-15 06:11:38.008 Z] [WARN] [cadence.virtuoso.ade.simulationMonitor] -     WARNING (SPECTRE-8360): line 1515: `ac' is an undefined primitive device.
        Further occurrences of this warning will be suppressed. {"history": "Interactive.20", "point": 1, "testname": "DC", "cornername": "Nominal"}
[2026-04-15 06:11:38.008 Z] [WARN] [cadence.virtuoso.ade.simulationMonitor] -     WARNING (VACOMP-2435): The environment variable CDS_AHDLCMI_ENABLE is no longer supported. Therefore, the simulator will use the default compiled C code flow. {"history": "Interactive.20", "point": 1, "testname": "DC", "cornername": "Nominal"}
[2026-04-15 06:11:38.008 Z] [INFO] [cadence.virtuoso.ade.simulationMonitor] - Peak resident memory used = 190 Mbytes. {"history": "Interactive.20", "point": 1, "testname": "DC", "cornername": "Nominal"}
[2026-04-15 06:11:38.009 Z] [INFO] [cadence.virtuoso.ade.simulationMonitor] - Peak resident memory used = 197 Mbytes. {"history": "Interactive.20", "point": 1, "testname": "DC", "cornername": "Nominal"}
[2026-04-15 06:11:38.009 Z] [INFO] [cadence.virtuoso.ade.simulationMonitor] - Notice from spectre during hierarchy flattening.
    The value 'psf' specified for the 'checklimitdest' option will no longer be supported in future releases. Use 'spectre -h' to see other recommended values for the 'checklimitdest' option. {"history": "Interactive.20", "point": 1, "testname": "DC", "cornername": "Nominal"}
[2026-04-15 06:11:38.009 Z] [WARN] [cadence.virtuoso.ade.simulationMonitor] -     WARNING (SPECTRE-8527): There are some nodes and instances removed from the netlist topology check. Check the circuit and correct the topology. Or use preserve_inst to keep them if necessary. {"history": "Interactive.20", "point": 1, "testname": "DC", "cornername": "Nominal"}
[2026-04-15 06:11:38.009 Z] [WARN] [cadence.virtuoso.ade.simulationMonitor] -     WARNING (SPECTRE-8528): The I0.R2.CS1 device is removed because its terminals are connected together. Check the device in the netlist file to ensure that this warning can be ignored. {"history": "Interactive.20", "point": 1, "testname": "DC", "cornername": "Nominal"}
[2026-04-15 06:11:38.009 Z] [INFO] [cadence.virtuoso.ade.simulationMonitor] - Peak resident memory used = 199 Mbytes. {"history": "Interactive.20", "point": 1, "testname": "DC", "cornername": "Nominal"}
[2026-04-15 06:11:38.009 Z] [WARN] [cadence.virtuoso.ade.simulationMonitor] -     WARNING (SPECTRE-16460): SOAC_cvarm_vspsub:Specified subcircuit master `cvarm' was not found. {"history": "Interactive.20", "point": 1, "testname": "DC", "cornername": "Nominal"}
[2026-04-15 06:11:38.009 Z] [WARN] [cadence.virtuoso.ade.simulationMonitor] -     WARNING (SPECTRE-16462): SOAC_cvarm_vspsub:Error in specification of subcircuit master. Assert is ignored. {"history": "Interactive.20", "point": 1, "testname": "DC", "cornername": "Nominal"}
[2026-04-15 06:11:38.009 Z] [WARN] [cadence.virtuoso.ade.simulationMonitor] -     WARNING (SPECTRE-16460): SOAC_cvarm_vbs:Specified subcircuit master `cvarm' was not found. {"history": "Interactive.20", "point": 1, "testname": "DC", "cornername": "Nominal"}
[2026-04-15 06:11:38.010 Z] [WARN] [cadence.virtuoso.ade.simulationMonitor] -     WARNING (SPECTRE-16462): SOAC_cvarm_vbs:Error in specification of subcircuit master. Assert is ignored. {"history": "Interactive.20", "point": 1, "testname": "DC", "cornername": "Nominal"}
[2026-04-15 06:11:38.010 Z] [WARN] [cadence.virtuoso.ade.simulationMonitor] -     WARNING (SPECTRE-16460): SOAC_cvarm_vgb:Specified subcircuit master `cvarm' was not found. {"history": "Interactive.20", "point": 1, "testname": "DC", "cornername": "Nominal"}
[2026-04-15 06:11:38.010 Z] [WARN] [cadence.virtuoso.ade.simulationMonitor] -     WARNING (SPECTRE-16462): SOAC_cvarm_vgb:Error in specification of subcircuit master. Assert is ignored. {"history": "Interactive.20", "point": 1, "testname": "DC", "cornername": "Nominal"}
[2026-04-15 06:11:38.010 Z] [WARN] [cadence.virtuoso.ade.simulationMonitor] -     WARNING (SPECTRE-16460): SOAC_cvart_vspsub:Specified subcircuit master `cvart' was not found. {"history": "Interactive.20", "point": 1, "testname": "DC", "cornername": "Nominal"}
[2026-04-15 06:11:38.010 Z] [WARN] [cadence.virtuoso.ade.simulationMonitor] -     WARNING (SPECTRE-16462): SOAC_cvart_vspsub:Error in specification of subcircuit master. Assert is ignored. {"history": "Interactive.20", "point": 1, "testname": "DC", "cornername": "Nominal"}
[2026-04-15 06:11:38.010 Z] [WARN] [cadence.virtuoso.ade.simulationMonitor] -     WARNING (SPECTRE-16460): SOAC_cvart_vbs:Specified subcircuit master `cvart' was not found.
        Further occurrences of this warning will be suppressed. {"history": "Interactive.20", "point": 1, "testname": "DC", "cornername": "Nominal"}
[2026-04-15 06:11:38.010 Z] [WARN] [cadence.virtuoso.ade.simulationMonitor] -     WARNING (SPECTRE-16462): SOAC_cvart_vbs:Error in specification of subcircuit master. Assert is ignored.
        Further occurrences of this warning will be suppressed. {"history": "Interactive.20", "point": 1, "testname": "DC", "cornername": "Nominal"}
[2026-04-15 06:11:38.511 Z] [INFO] [cadence.virtuoso.ade.simulationMonitor] - Notice from spectre during topology check.
    Only one connection to the following 14 nodes:
        I0.MN2.psub!
        I0.MN1.psub!
        I0.MN0.psub!
        I0.MN4.psub!
        I0.R2.R1.psub!
        Further occurrences of this notice will be suppressed. {"history": "Interactive.20", "point": 1, "testname": "DC", "cornername": "Nominal"}
[2026-04-15 06:11:38.512 Z] [INFO] [cadence.virtuoso.ade.simulationMonitor] - Notice from spectre during initial setup.
    Multithreading is disabled due to the size of the design being too small. {"history": "Interactive.20", "point": 1, "testname": "DC", "cornername": "Nominal"}
[2026-04-15 06:11:38.512 Z] [INFO] [cadence.virtuoso.ade.simulationMonitor] -               nodes 29 {"history": "Interactive.20", "point": 1, "testname": "DC", "cornername": "Nominal"}
[2026-04-15 06:11:38.513 Z] [INFO] [cadence.virtuoso.ade.simulationMonitor] - Notice from spectre during initial setup.
    APS enabled.
    1 notice suppressed.
    72 warnings suppressed. {"history": "Interactive.20", "point": 1, "testname": "DC", "cornername": "Nominal"}
[2026-04-15 06:11:38.513 Z] [INFO] [cadence.virtuoso.ade.simulationMonitor] - Peak resident memory used = 205 Mbytes. {"history": "Interactive.20", "point": 1, "testname": "DC", "cornername": "Nominal"}
[2026-04-15 06:11:38.513 Z] [INFO] [cadence.virtuoso.ade.simulationMonitor] -    -   (APS) Multi-threading. The recommended number of threads is 1, consider adding +mt=1 on command line. {"history": "Interactive.20", "point": 1, "testname": "DC", "cornername": "Nominal"}
[2026-04-15 06:11:38.514 Z] [INFO] [cadence.virtuoso.ade.simulationMonitor] - Notice from spectre during DC analysis `dcOp'.
    No checklimit analysis defined for asserts. A default checklimit analysis 'SpectreChecklimitAnal' has been created with all asserts enabled. {"history": "Interactive.20", "point": 1, "testname": "DC", "cornername": "Nominal"}
[2026-04-15 06:11:38.514 Z] [WARN] [cadence.virtuoso.ade.simulationMonitor] -     WARNING (CMI-2943): Parameter checks have been ignored because the valid value for parameter 'trise' could not be found in 'I0.R2.CM'. {"history": "Interactive.20", "point": 1, "testname": "DC", "cornername": "Nominal"}
[2026-04-15 06:11:38.514 Z] [WARN] [cadence.virtuoso.ade.simulationMonitor] -     WARNING (CMI-2943): Parameter checks have been ignored because the valid value for parameter 'trise' could not be found in 'I0.R2.CS0'. {"history": "Interactive.20", "point": 1, "testname": "DC", "cornername": "Nominal"}
[2026-04-15 06:11:38.515 Z] [WARN] [cadence.virtuoso.ade.simulationMonitor] -     WARNING (CMI-2943): Parameter checks have been ignored because the valid value for parameter 'trise' could not be found in 'R0'. {"history": "Interactive.20", "point": 1, "testname": "DC", "cornername": "Nominal"}
[2026-04-15 06:11:38.515 Z] [WARN] [cadence.virtuoso.ade.simulationMonitor] -     WARNING (CMI-2943): Parameter checks have been ignored because the valid value for parameter 'trise' could not be found in 'R1'. {"history": "Interactive.20", "point": 1, "testname": "DC", "cornername": "Nominal"}
[2026-04-15 06:11:38.515 Z] [INFO] [cadence.virtuoso.ade.simulationMonitor] - Total time required for dc analysis `dcOp': CPU = 35.929 ms, elapsed = 45.5492 ms, util. = 78.9%. {"history": "Interactive.20", "point": 1, "testname": "DC", "cornername": "Nominal"}
[2026-04-15 06:11:38.515 Z] [INFO] [cadence.virtuoso.ade.simulationMonitor] - Peak resident memory used = 208 Mbytes. {"history": "Interactive.20", "point": 1, "testname": "DC", "cornername": "Nominal"}
[2026-04-15 06:11:38.516 Z] [INFO] [cadence.virtuoso.ade.simulationMonitor] - Notice from spectre at VDD = 20e-03 during DC analysis `dc'.
    GminDC = 1 pS is large enough to noticeably affect the DC solution.
        dV(I0.net8) = 2.37355 mV
        Use the `gmin_check' option to eliminate or expand this report. {"history": "Interactive.20", "point": 1, "testname": "DC", "cornername": "Nominal"}
[2026-04-15 06:11:38.516 Z] [INFO] [cadence.virtuoso.ade.simulationMonitor] - Notice from spectre at VDD = 40e-03 during DC analysis `dc'.
    GminDC = 1 pS is large enough to noticeably affect the DC solution.
        dV(I0.net8) = 4.69963 mV
        Use the `gmin_check' option to eliminate or expand this report. {"history": "Interactive.20", "point": 1, "testname": "DC", "cornername": "Nominal"}
[2026-04-15 06:11:38.516 Z] [INFO] [cadence.virtuoso.ade.simulationMonitor] - Notice from spectre at VDD = 60e-03 during DC analysis `dc'.
    GminDC = 1 pS is large enough to noticeably affect the DC solution.
        dV(I0.net8) = 6.97904 mV
        Use the `gmin_check' option to eliminate or expand this report. {"history": "Interactive.20", "point": 1, "testname": "DC", "cornername": "Nominal"}
[2026-04-15 06:11:38.517 Z] [INFO] [cadence.virtuoso.ade.simulationMonitor] - Notice from spectre at VDD = 80e-03 during DC analysis `dc'.
    GminDC = 1 pS is large enough to noticeably affect the DC solution.
        dV(I0.net8) = 9.21146 mV
        Use the `gmin_check' option to eliminate or expand this report. {"history": "Interactive.20", "point": 1, "testname": "DC", "cornername": "Nominal"}
[2026-04-15 06:11:38.517 Z] [INFO] [cadence.virtuoso.ade.simulationMonitor] - Notice from spectre at VDD = 100e-03 during DC analysis `dc'.
    GminDC = 1 pS is large enough to noticeably affect the DC solution.
        Further occurrences of this notice will be suppressed.
        dV(I0.net8) = 11.3946 mV
        Further occurrences of this notice will be suppressed.
        Use the `gmin_check' option to eliminate or expand this report.
        Further occurrences of this notice will be suppressed. {"history": "Interactive.20", "point": 1, "testname": "DC", "cornername": "Nominal"}
[2026-04-15 06:11:38.517 Z] [WARN] [cadence.virtuoso.ade.simulationMonitor] -     WARNING (CMI-2943): Parameter checks have been ignored because the valid value for parameter 'trise' could not be found in 'I0.R2.CM'. {"history": "Interactive.20", "point": 1, "testname": "DC", "cornername": "Nominal"}
[2026-04-15 06:11:38.518 Z] [WARN] [cadence.virtuoso.ade.simulationMonitor] -     WARNING (CMI-2943): Parameter checks have been ignored because the valid value for parameter 'trise' could not be found in 'I0.R2.CS0'. {"history": "Interactive.20", "point": 1, "testname": "DC", "cornername": "Nominal"}
[2026-04-15 06:11:38.518 Z] [WARN] [cadence.virtuoso.ade.simulationMonitor] -     WARNING (CMI-2943): Parameter checks have been ignored because the valid value for parameter 'trise' could not be found in 'R0'. {"history": "Interactive.20", "point": 1, "testname": "DC", "cornername": "Nominal"}
[2026-04-15 06:11:38.518 Z] [WARN] [cadence.virtuoso.ade.simulationMonitor] -     WARNING (CMI-2943): Parameter checks have been ignored because the valid value for parameter 'trise' could not be found in 'R1'. {"history": "Interactive.20", "point": 1, "testname": "DC", "cornername": "Nominal"}
[2026-04-15 06:11:38.519 Z] [INFO] [cadence.virtuoso.ade.simulationMonitor] - Notice from spectre at VDD = 3.3 during DC analysis `dc'.
    The value of parameter 'VDD' has been reset to the original value 3.3. {"history": "Interactive.20", "point": 1, "testname": "DC", "cornername": "Nominal"}
[2026-04-15 06:11:38.519 Z] [INFO] [cadence.virtuoso.ade.simulationMonitor] - Total time required for dc analysis `dc': CPU = 20.803 ms, elapsed = 24.132 ms, util. = 86.2%. {"history": "Interactive.20", "point": 1, "testname": "DC", "cornername": "Nominal"}
[2026-04-15 06:11:38.519 Z] [INFO] [cadence.virtuoso.ade.simulationMonitor] - Peak resident memory used = 209 Mbytes. {"history": "Interactive.20", "point": 1, "testname": "DC", "cornername": "Nominal"}
[2026-04-15 06:11:38.519 Z] [INFO] [cadence.virtuoso.ade.simulationMonitor] - Notice from spectre.
    53 notices suppressed. {"history": "Interactive.20", "point": 1, "testname": "DC", "cornername": "Nominal"}
[2026-04-15 06:11:38.519 Z] [INFO] [cadence.virtuoso.ade.simulationMonitor] - Notice from spectre during DC analysis, during Noise analysis `noise'.
    Bad pivoting is found during DC analysis. Option dc_pivot_check=yes is recommended for possible improvement of convergence. {"history": "Interactive.20", "point": 1, "testname": "DC", "cornername": "Nominal"}
[2026-04-15 06:11:38.519 Z] [WARN] [cadence.virtuoso.ade.simulationMonitor] -     WARNING (CMI-2943): Parameter checks have been ignored because the valid value for parameter 'trise' could not be found in 'I0.R2.CM'. {"history": "Interactive.20", "point": 1, "testname": "DC", "cornername": "Nominal"}
[2026-04-15 06:11:38.519 Z] [WARN] [cadence.virtuoso.ade.simulationMonitor] -     WARNING (CMI-2943): Parameter checks have been ignored because the valid value for parameter 'trise' could not be found in 'I0.R2.CS0'. {"history": "Interactive.20", "point": 1, "testname": "DC", "cornername": "Nominal"}
[2026-04-15 06:11:38.519 Z] [WARN] [cadence.virtuoso.ade.simulationMonitor] -     WARNING (CMI-2943): Parameter checks have been ignored because the valid value for parameter 'trise' could not be found in 'R0'. {"history": "Interactive.20", "point": 1, "testname": "DC", "cornername": "Nominal"}
[2026-04-15 06:11:38.520 Z] [WARN] [cadence.virtuoso.ade.simulationMonitor] -     WARNING (CMI-2943): Parameter checks have been ignored because the valid value for parameter 'trise' could not be found in 'R1'. {"history": "Interactive.20", "point": 1, "testname": "DC", "cornername": "Nominal"}
[2026-04-15 06:11:38.520 Z] [INFO] [cadence.virtuoso.ade.simulationMonitor] - Total time required for noise analysis `noise': CPU = 15.148 ms, elapsed = 22.049 ms, util. = 68.7%. {"history": "Interactive.20", "point": 1, "testname": "DC", "cornername": "Nominal"}
[2026-04-15 06:11:38.520 Z] [INFO] [cadence.virtuoso.ade.simulationMonitor] - Peak resident memory used = 209 Mbytes. {"history": "Interactive.20", "point": 1, "testname": "DC", "cornername": "Nominal"}
[2026-04-15 06:11:38.520 Z] [INFO] [cadence.virtuoso.ade.simulationMonitor] - Notice from spectre during XF analysis `xf'.
    Operating points will not be recomputed: the circuit and conditions were not changed since previous analysis. {"history": "Interactive.20", "point": 1, "testname": "DC", "cornername": "Nominal"}
[2026-04-15 06:11:38.520 Z] [INFO] [cadence.virtuoso.ade.simulationMonitor] - Total time required for xf analysis `xf': CPU = 6.111 ms, elapsed = 9.42898 ms, util. = 64.8%. {"history": "Interactive.20", "point": 1, "testname": "DC", "cornername": "Nominal"}
[2026-04-15 06:11:38.520 Z] [INFO] [cadence.virtuoso.ade.simulationMonitor] - Peak resident memory used = 209 Mbytes. {"history": "Interactive.20", "point": 1, "testname": "DC", "cornername": "Nominal"}
[2026-04-15 06:11:38.520 Z] [INFO] [cadence.virtuoso.ade.simulationMonitor] - Time used: CPU = 329 ms, elapsed = 687 ms, util. = 47.9%. {"history": "Interactive.20", "point": 1, "testname": "DC", "cornername": "Nominal"}
[2026-04-15 06:11:38.520 Z] [INFO] [cadence.virtuoso.ade.simulationMonitor] - Time spent in licensing: elapsed = 28 ms. {"history": "Interactive.20", "point": 1, "testname": "DC", "cornername": "Nominal"}
[2026-04-15 06:11:38.520 Z] [INFO] [cadence.virtuoso.ade.simulationMonitor] - Peak memory used = 210 Mbytes. {"history": "Interactive.20", "point": 1, "testname": "DC", "cornername": "Nominal"}
[2026-04-15 06:11:38.520 Z] [PROCESS] [cadence.virtuoso.ade.simulationMonitor] - Simulation started at: 6:11:37 AM, Wed Apr 15, 2026, ended at: 6:11:38 AM, Wed Apr 15, 2026, with elapsed time (wall clock): 687 ms. {"history": "Interactive.20", "point": 1, "testname": "DC", "cornername": "Nominal"}
[2026-04-15 06:11:38.520 Z] [PROCESS] [cadence.virtuoso.ade.simulationMonitor] - spectre completes with 0 errors, 30 warnings, and 16 notices. {"history": "Interactive.20", "point": 1, "testname": "DC", "cornername": "Nominal"}
[2026-04-15 06:11:38.520 Z] [PROCESS] [cadence.virtuoso.ade.simulationMonitor] - Finished simulating for one point {"hostname": "edatools", "processid": 1536468, "history": "Interactive.20", "testname": "DC", "cornername": "Nominal", "point": 1, "logfile": "/home/saul/projects/IL2244_VT26_SAUL/logs_saul/logs0/Job71.log", "simid": "1"}
[2026-04-15 06:11:38.520 Z] [PROCESS] [cadence.virtuoso.ade.simulationMonitor] - Simulator exited {"hostname": "edatools", "processid": 1536468, "history": "Interactive.20", "testname": "DC", "cornername": "Nominal", "point": 1, "logfile": "/home/saul/projects/IL2244_VT26_SAUL/logs_saul/logs0/Job71.log", "exitStatus": "0"}
[2026-04-15 06:11:38.521 Z] [PROCESS] [cadence.virtuoso.ade.simulationMonitor] - Finished Simulation {"hostname": "edatools", "processid": 1536468, "history": "Interactive.20", "testname": "DC", "cornername": "Nominal", "point": 1, "logfile": "/home/saul/projects/IL2244_VT26_SAUL/logs_saul/logs0/Job71.log", "simid": "1"}
[2026-04-15 06:11:40.525 Z] [PROCESS] [cadence.virtuoso.ade.simulationMonitor] - Point Finished {"hostname": "edatools", "processid": 1536468, "history": "Interactive.20", "testname": "DC", "cornername": "Nominal", "point": 1, "logfile": "/home/saul/projects/IL2244_VT26_SAUL/logs_saul/logs0/Job71.log"}
[2026-04-15 06:16:41.215 Z] [PROCESS] [cadence.virtuoso.ade.simulationMonitor] - Current memory used: 52.2266 MBytes, peak memory used: 52.2266 MBytes {"hostname": "edatools", "processid": 1536468, "history": "Interactive.20", "testname": "DC", "cornername": "Nominal", "point": 1, "logfile": "/home/saul/projects/IL2244_VT26_SAUL/logs_saul/logs0/Job71.log"}
[2026-04-15 06:16:41.216 Z] [PROCESS] [cadence.virtuoso.ade.simulationMonitor] - Simulation Monitor process exit. {"hostname": "edatools", "processid": 1536468, "history": "Interactive.20", "testname": "DC", "cornername": "Nominal", "point": 1, "logfile": "/home/saul/projects/IL2244_VT26_SAUL/logs_saul/logs0/Job71.log"}
