\# Program start time:     UTC 2026.03.17 07:55:08.260
\# Local time: UTC (UTC+00:00) 2026.03.17 07:55:08.260
\o Program:		@(#)$CDS: virtuoso version 6.1.8-64b 09/03/2024 19:11 (sjfhw316) $
\o Hierarchy:		/opt/tools/cadence/installs/IC618/tools.lnx86/dfII/
\o Sub version:		sub-version  IC6.1.8-64b.500.36  (64-bit addresses)
\# Command line:	/opt/tools/cadence/installs/IC618/tools.lnx86/dfII/bin/64bit/virtuoso -noautostart -mpssession virtuoso510 -mpshost edatools -davinciService DaVinciService_510_1773724982 -log /home/saul/projects/IL2244_VT26_SAUL/logs_saul/logs0/Job77.log -licenseLockFileName /home/saul/projects/IL2244_VT26_SAUL/.tmp_saul/.edatools_510 -interactiveA -interactiveE -interactiveRTT -nostdin -nographE -axlChildIdFlag 77
\# Host name (type):	edatools (x86_64)
\# Operating system:	Linux 6.17.0-19-generic #19~24.04.2-Ubuntu SMP PREEMPT_DYNAMIC Fri Mar  6 23:08:46 UTC 2
\# Linux /etc/issue:	\S
\# Linux /etc/issue:	Kernel \r on an \m
\# X display name (WxH):	:3485 (1024x868)
\# Available geometry:			TL(0:0) BR(1023:867)
\# X server:			The X.Org Foundation
\# Depth of Visual (Root):	24 (24)
\# Number of Planes Used:	24
\# X version:		11.0 (vendor release 12011000)
\# X resource pool:	base 0x400000, mask 0x1fffff (2097151), shift 0
\# 			current id 0x0, current max 0x1ffffa (2097146)
\# Max data seg size:	     unlimited
\# Max process size:	     unlimited
\# Initial sbrk value:	      1,226 MB
\# Available memory:	     62,094 MB
\# System memory:	     72,238 MB
\# Maximum memory size:	     71,131 MB
\# Max mem available:	     62,213 MB
\# Initial memory used:	        119 MB
\#        process size:	      1,676 MB
\# Thread usage limits (effective/default):	maxthreads 4294967295/4294967295 maxload 16.00/16.00
\# Qt version:		5.9.1
\# Window Manager:	other
\# User Name:		saul
\o Working Directory:	edatools:/home/saul/projects/IL2244_VT26_SAUL
\# Process Id:		31997
\o 
\o COPYRIGHT (C) 1992-2024  CADENCE DESIGN SYSTEMS INC.  ALL RIGHTS RESERVED.
\o           (C) 1992-2024  UNIX SYSTEMS Laboratories INC.,
\o                          Reproduced with permission.
\o 
\o This Cadence Design Systems program and online documentation are
\o proprietary/confidential information and may be disclosed/used only
\o as authorized in a license agreement controlling such use and disclosure.
\o 
\o           RESTRICTED RIGHTS NOTICE (SHORT FORM)
\o Use/reproduction/disclosure is subject to restriction
\o set forth at FAR 1252.227-19 or its equivalent.
\o Loading geView.cxt 
\o Loading menuBuilder.cxt 
\o Loading schView.cxt 
\o Loading selectSv.cxt 
\o Loading wireEdit.cxt 
\o Loading pte2.cxt 
\o Loading xlUI.cxt 
\o Loading auCore.cxt 
\o Loading dal.cxt 
\o Loading awv.cxt 
\o Loading vhdl.cxt 
\o Loading seismic.cxt 
\o Loading ci.cxt 
\o Loading ams.cxt 
\o Loading oasis.cxt 
\o Loading analog.cxt 
\o Loading asimenv.cxt 
\o Loading socket.cxt 
\o Loading par.cxt 
\o Loading alvs.cxt 
\o Loading caa.cxt 
\o Loading amps.cxt 
\o Loading adexlCore.cxt 
\# Memory report: using         231 MB, process size 1,911 MB at UTC 2026.03.17 07:55:09.163
\o Loading adexl.cxt 
\o *Info*    Exporting services from client ... 
\o 
\o Loading adexlDM.cxt 
\o Loading cpf.cxt 
\o Loading cli.cxt 
\o Loading lp.cxt 
\o INFO (ELI-00302) Connecting to parent process (session=virtuoso510, host=edatools). Connection mode is ICRP. Total timeout is 180 seconds. Connection timeout is 90 seconds.
\o INFO (ELI-00303) Step 1: Connecting to parent. Time spent is 0 seconds.
\o INFO (ELI-00304) The registration of the child 31997 within 90 seconds is being processed...
\o INFO (ELI-00305) The result of registration is true. Time spent is 0 seconds.
\o INFO (ELI-00308) The connection has ended. Result is true. Total time spent is 0 seconds.
\# [07:55:08.445386] Configured Lic search path (22.01-s002): 3000@lic08.ug.kth.se:29000@lic06.ug.kth.se
\o ......................................................................................
\o            ams AG HIT-Kit v.ams_4.10
\o ......................................................................................
\o COPYRIGHT (c) 2012 Full Service Foundry @ ams AG.  ALL RIGHTS RESERVED
\o This HIT-Kit and attached documentation are confidential information and may 
\o only be used as authorized by the HIT-Kit license agreement.
\o ......................................................................................
\# Current Window: window(2)
\o Loading simulator default settings.
\o //
\o //  Calibre Skill Interface * (v2024.4_12.9) *
\o //
\o //                         Copyright Siemens 1996-2020     
\o //                             All Rights Reserved.
\o //         THIS WORK CONTAINS TRADE SECRET AND PROPRIETARY INFORMATION
\o //            WHICH IS THE PROPERTY OF MENTOR GRAPHICS CORPORATION
\o //              OR ITS LICENSORS AND IS SUBJECT TO LICENSE TERMS.
\o //
\o //
\o Loading simulator default settings.
\o *Info*    Client has finished starting ... 
\o 
\o Loading vdsil.cxt 
\p hitkit: ams_4.10  Tech: c35b4c3  User: saul 
\w *WARNING* could not load font "-*-courier-medium-r-*-*-12-*", using font "fixed"
\# Loading perfDiag...
\# (PerfDiag): Set GDB path to environment variable 'gdbPath' (gdb).
\# Performance Diagnostic tool is installed. You can access PerfDiag from CIW Tools or use the shell command 'cdsPerfDiag -p 31997' to open it when Virtuoso freezes.
\# (PerfDiag): Use backtrace from GLIBC.
\w *WARNING* _perfPstackCheck: Cannot find pstack/gstack. Please setup PATH environment variable to pstack/gstack executable.
\o Loading vqp.cxt 
\o Loading hdlPkg.cxt 
\o 
\o 
\o *Info*    Configuring the session ...
\o 
\o Loading simui.cxt 
\o 	Library      = ECG_IA
\o 	Cell         = ecg_ia_tb
\o 	View         = schematic
\o 	Simulator    = spectre
\o 	State Path   = $AXL_SETUPDB_DIR/test_states
\o 	State Name   = MC_ECG_IA:ecg_ia_tb:1:1_state_MonteCarlo.1
\o 	Results DB   = /home/saul/projects/IL2244_VT26_SAUL/ECG_IA/ecg_tb/adexl/results/data/MonteCarlo.1.rdb
\o 	Results Dir  = /home/saul/projects/IL2244_VT26_SAUL/Sim/ECG_IA/ecg_tb/adexl/results/data/MonteCarlo.1/1/MC
\o 	Results Loc  = /home/saul/projects/IL2244_VT26_SAUL/Sim/ECG_IA/ecg_tb/adexl/results/data
\o 	Project Dir  = /home/saul/projects/IL2244_VT26_SAUL/Sim
\o 	Setup DB loc = /home/saul/projects/IL2244_VT26_SAUL/ECG_IA/ecg_tb/adexl
\o 	File Encoding = 0
\o 
\o 
\o Loading viva.cxt 
\o Loading spectrei.cxt 
\# Memory report: using         351 MB, process size 2,047 MB at UTC 2026.03.17 07:55:13.205
\o Loading devCheck.cxt 
\o Loading relXpert.cxt 
\o Loading hspiceD.cxt 
\o Loading spectreinl.cxt 
\o Loading msgHandler.cxt 
\o Loading UltraSim.cxt 
\o Loading AMSOSS.cxt 
\o Loading AMS.cxt 
\o 
\o *Info*    The auto suspension is disabled.
\o 
\o Loading monte.cxt 
\o 
\o 
\o 
\o 
\o 
\o *Info*    Run start for Point ID (8 18) on testbench [ MC ].
\o 
\o Resetting statistical vars
\o 
\o *Info*    Setting parameter values ...
\o 
\o Setting var FC = "2k"
\o Setting var S0 = "3.3"
\o Setting var S1 = "3.3"
\o Setting var S2 = "3.3"
\o Setting var T0 = "0"
\o Setting var T1 = "0"
\o Setting var T2 = "0"
\o Setting var VCM_AC = "1"
\o Setting var VCM_DC = "1.6"
\o Setting var VDD = "3.3"
\o Setting var VDD_STEP = "0"
\o Setting var VIN_AC = "1"
\o Setting var VIN_AMP = "0"
\o Setting var VIN_DC = "0"
\o Setting var VIN_FREQ = "0"
\o Setting var VIN_STEP = "0"
\o Setting var temperature = "27"
\o Setting temp(T) = 27
\o 
\o *Info*    Netlist Directory =
\o           /home/saul/projects/IL2244_VT26_SAUL/Sim/ECG_IA/ecg_tb/adexl/results/data/MonteCarlo.1/18/MC/groupRunDataDir/netlist
\o 
\o 
\o *Info*    Data Directory    =
\o           /home/saul/projects/IL2244_VT26_SAUL/Sim/ECG_IA/ecg_tb/adexl/results/data/MonteCarlo.1/18/MC/groupRunDataDir
\o 
\o 
\o *Info*    Creating Netlist for Point ID (8 18)
\o 
\o generate netlist...
\o Loading hnlInit.cxt 
\o Loading seCore.cxt 
\o function ansCdlCompPrim redefined
\o function ansCdlCompPrim redefined
\# [07:55:14.008792] Periodic Lic check successful
\# [07:55:14.008792] Feature usage summary:
\o Begin Incremental Netlisting Mar 17 07:55:14 2026
\o End netlisting Mar 17 07:55:14 2026
\o 
\o 	The netlist is up to date.
\o 	Time taken to compare the design with netlist:   1.0s
\o       ...successful.
\o compose simulator input file...
\o       ...successful.
\o 
\o *Info*    Running simulation on testbench [ MC ] for Point ID (8 18).
\o 
\o *Info*    Spectre controlMode is set "batch" due to monte carlo run.
\o 
\o Delete psf data in /home/saul/projects/IL2244_VT26_SAUL/Sim/ECG_IA/ecg_tb/adexl/results/data/MonteCarlo.1/18/MC/groupRunDataDir/psf.
\o generate netlist...
\o function ansCdlCompPrim redefined
\o function ansCdlCompPrim redefined
\o Begin Incremental Netlisting Mar 17 07:55:14 2026
\o End netlisting Mar 17 07:55:14 2026
\o 
\o 	The netlist is up to date.
\o 	Time taken to compare the design with netlist:   0.0s
\o       ...successful.
\o compose simulator input file...
\o       ...successful.
\o start simulator if needed...
\o       ...successful.
\o simulate...
\o To view the simulator output, right-click on the test name, result 
\o name, or any value in the "Results" tab of the Outputs section and 
\o choose "Output Log" menu option.
\o WARNING (ADE-3080): Fast viewing extensions for PSF XL format (also known as RTSF) will be discontinued  
\o        and Virtuoso Visualization and Analysis XL will not use RTSF data to plot waveforms from IC6.1.8 ISR7 onward. 
\o        There will be no performance impact on data visualization due to this change.
\o Loading paraplot.cxt 
\e *Error* Not a valid waveform.
\e 
\e 
\o ERROR (ADE-2709): Evaluation of output 'CM_GAIN_HISTO' returned 'nil' for point:'18' test:'MC'
\o 	Expression:'histogram2D(value(GAIN_CM 50) 10 "standard" "both" t)'.
\o Ensure that the definition of output is correct.
\o 
\o *Info*    Client has finished evaluating ... 
\o 
\o 
\o *Info*    Run complete for Point ID (8 18) on testbench [ MC ].
\o 
\o 
\o 
\o 
\o 
\e *Error* Not a valid waveform.
\e 
\e 
\o ERROR (ADE-2709): Evaluation of output 'CM_GAIN_HISTO' returned 'nil' for point:'19' test:'MC'
\o 	Expression:'histogram2D(value(GAIN_CM 50) 10 "standard" "both" t)'.
\o Ensure that the definition of output is correct.
\o 
\# Memory report: using         457 MB, process size 2,267 MB at UTC 2026.03.17 07:55:16.191
\o *Info*    Client has finished evaluating ... 
\o 
\o 
\o *Info*    Run complete for Point ID (8 19) on testbench [ MC ].
\o 
\o 
\o 
\o 
\o 
\e *Error* Not a valid waveform.
\e 
\e 
\o ERROR (ADE-2709): Evaluation of output 'CM_GAIN_HISTO' returned 'nil' for point:'20' test:'MC'
\o 	Expression:'histogram2D(value(GAIN_CM 50) 10 "standard" "both" t)'.
\o Ensure that the definition of output is correct.
\o 
\o *Info*    Client has finished evaluating ... 
\o 
\o 
\o *Info*    Run complete for Point ID (8 20) on testbench [ MC ].
\o 
\o 
\o 
\o 
\o 
\# Available memory:         59,870 MB at UTC 2026.03.17 07:55:18.321
\# Memory report: Maximum memory size now 60,328 MB at UTC 2026.03.17 07:55:18.322
\# Thread usage report: 22 active threads, active load 1.40 at UTC 2026.03.17 07:55:18.322
\e *Error* Not a valid waveform.
\e 
\e 
\o ERROR (ADE-2709): Evaluation of output 'CM_GAIN_HISTO' returned 'nil' for point:'21' test:'MC'
\o 	Expression:'histogram2D(value(GAIN_CM 50) 10 "standard" "both" t)'.
\o Ensure that the definition of output is correct.
\o 
\o *Info*    Client has finished evaluating ... 
\o 
\o 
\o *Info*    Run complete for Point ID (8 21) on testbench [ MC ].
\o 
\o 
\o 
\o 
\o 
\e *Error* Not a valid waveform.
\e 
\e 
\o ERROR (ADE-2709): Evaluation of output 'CM_GAIN_HISTO' returned 'nil' for point:'22' test:'MC'
\o 	Expression:'histogram2D(value(GAIN_CM 50) 10 "standard" "both" t)'.
\o Ensure that the definition of output is correct.
\o 
\o *Info*    Client has finished evaluating ... 
\o 
\o 
\o *Info*    Run complete for Point ID (8 22) on testbench [ MC ].
\o 
\o 
\o 
\o 
\o 
\e *Error* Not a valid waveform.
\e 
\e 
\o ERROR (ADE-2709): Evaluation of output 'CM_GAIN_HISTO' returned 'nil' for point:'23' test:'MC'
\o 	Expression:'histogram2D(value(GAIN_CM 50) 10 "standard" "both" t)'.
\o Ensure that the definition of output is correct.
\o 
\o *Info*    Client has finished evaluating ... 
\o 
\o 
\o *Info*    Run complete for Point ID (8 23) on testbench [ MC ].
\o 
\o 
\o 
\o 
\o 
\e *Error* Not a valid waveform.
\e 
\e 
\o ERROR (ADE-2709): Evaluation of output 'CM_GAIN_HISTO' returned 'nil' for point:'24' test:'MC'
\o 	Expression:'histogram2D(value(GAIN_CM 50) 10 "standard" "both" t)'.
\o Ensure that the definition of output is correct.
\o 
\o *Info*    Client has finished evaluating ... 
\o 
\o 
\o *Info*    Run complete for Point ID (8 24) on testbench [ MC ].
\o 
\o 
\o 
\o 
\o 
\e *Error* Not a valid waveform.
\e 
\e 
\o ERROR (ADE-2709): Evaluation of output 'CM_GAIN_HISTO' returned 'nil' for point:'25' test:'MC'
\o 	Expression:'histogram2D(value(GAIN_CM 50) 10 "standard" "both" t)'.
\o Ensure that the definition of output is correct.
\o 
\o *Info*    Client has finished evaluating ... 
\o 
\o 
\o *Info*    Run complete for Point ID (8 25) on testbench [ MC ].
\o 
\o 
\o 
\o 
\o 
\e *Error* Not a valid waveform.
\e 
\e 
\o ERROR (ADE-2709): Evaluation of output 'CM_GAIN_HISTO' returned 'nil' for point:'26' test:'MC'
\o 	Expression:'histogram2D(value(GAIN_CM 50) 10 "standard" "both" t)'.
\o Ensure that the definition of output is correct.
\o 
\o *Info*    Client has finished evaluating ... 
\o 
\o 
\o *Info*    Run complete for Point ID (8 26) on testbench [ MC ].
\o 
\o 
\o 
\o 
\o 
\e *Error* Not a valid waveform.
\e 
\e 
\o ERROR (ADE-2709): Evaluation of output 'CM_GAIN_HISTO' returned 'nil' for point:'27' test:'MC'
\o 	Expression:'histogram2D(value(GAIN_CM 50) 10 "standard" "both" t)'.
\o Ensure that the definition of output is correct.
\o 
\o *Info*    Client has finished evaluating ... 
\o 
\o 
\o *Info*    Run complete for Point ID (8 27) on testbench [ MC ].
\o 
\o 
\o 
\o 
\o 
\e *Error* Not a valid waveform.
\e 
\e 
\o ERROR (ADE-2709): Evaluation of output 'CM_GAIN_HISTO' returned 'nil' for point:'28' test:'MC'
\o 	Expression:'histogram2D(value(GAIN_CM 50) 10 "standard" "both" t)'.
\o Ensure that the definition of output is correct.
\o 
\o *Info*    Client has finished evaluating ... 
\o 
\o 
\o *Info*    Run complete for Point ID (8 28) on testbench [ MC ].
\o 
\o 
\o 
\o 
\o 
\e *Error* Not a valid waveform.
\e 
\e 
\o ERROR (ADE-2709): Evaluation of output 'CM_GAIN_HISTO' returned 'nil' for point:'29' test:'MC'
\o 	Expression:'histogram2D(value(GAIN_CM 50) 10 "standard" "both" t)'.
\o Ensure that the definition of output is correct.
\o 
\o *Info*    Client has finished evaluating ... 
\o 
\o 
\o *Info*    Run complete for Point ID (8 29) on testbench [ MC ].
\o 
\o 
\o 
\o 
\o 
\e *Error* Not a valid waveform.
\e 
\e 
\o ERROR (ADE-2709): Evaluation of output 'CM_GAIN_HISTO' returned 'nil' for point:'30' test:'MC'
\o 	Expression:'histogram2D(value(GAIN_CM 50) 10 "standard" "both" t)'.
\o Ensure that the definition of output is correct.
\o 
\o *Info*    Client has finished evaluating ... 
\o 
\o 
\o *Info*    Run complete for Point ID (8 30) on testbench [ MC ].
\o 
\o 
\o 
\o 
\o 
\o INFO (ADE-3071): Simulation completed successfully.
\o reading simulation data...
\o       ...successful.
\e *Error* Not a valid waveform.
\e 
\e 
\o ERROR (ADE-2709): Evaluation of output 'CM_GAIN_HISTO' returned 'nil' for point:'31' test:'MC'
\o 	Expression:'histogram2D(value(GAIN_CM 50) 10 "standard" "both" t)'.
\o Ensure that the definition of output is correct.
\o 
\o *Info*    Client has finished evaluating ... 
\o 
\o 
\o *Info*    Run complete for Point ID (8 31) on testbench [ MC ].
\o 
\o 
\o 
\o 
\o 
\e *Error* Not a valid waveform.
\e 
\e 
\o ERROR (ADE-2709): Evaluation of output 'CM_GAIN_HISTO' returned 'nil' for point:'32' test:'MC'
\o 	Expression:'histogram2D(value(GAIN_CM 50) 10 "standard" "both" t)'.
\o Ensure that the definition of output is correct.
\o 
\o *Info*    Client has finished evaluating ... 
\o 
\o 
\o *Info*    Run complete for Point ID (8 32) on testbench [ MC ].
\o 
\o 
\o 
\o 
\o 
\e *Error* Not a valid waveform.
\e 
\e 
\o ERROR (ADE-2709): Evaluation of output 'CM_GAIN_HISTO' returned 'nil' for point:'33' test:'MC'
\o 	Expression:'histogram2D(value(GAIN_CM 50) 10 "standard" "both" t)'.
\o Ensure that the definition of output is correct.
\o 
\o *Info*    Client has finished evaluating ... 
\o 
\o 
\o *Info*    Run complete for Point ID (8 33) on testbench [ MC ].
\o 
\o 
\o 
\o 
\o 
\e *Error* Not a valid waveform.
\e 
\e 
\o ERROR (ADE-2709): Evaluation of output 'CM_GAIN_HISTO' returned 'nil' for point:'34' test:'MC'
\o 	Expression:'histogram2D(value(GAIN_CM 50) 10 "standard" "both" t)'.
\o Ensure that the definition of output is correct.
\o 
\o *Info*    Client has finished evaluating ... 
\o 
\o 
\o *Info*    Run complete for Point ID (8 34) on testbench [ MC ].
\o 
\o 
\o 
\o 
\o 
\o *Info*    Monte Carlo Simulation completed successfully...
\o Simulation design variables differ from those on the cellView,
\o they have been saved in the file "/tmp/saved-design-variables".
\o To save future changes, copy variables to cellView before exiting.
\o 
\o 
\o *Info*    Configuring the session ...
\o 
\o 	Library      = ECG_IA
\o 	Cell         = ecg_ia_tb
\o 	View         = schematic
\o 	Simulator    = spectre
\o 	State Path   = $AXL_SETUPDB_DIR/test_states
\o 	State Name   = MC_ECG_IA:ecg_ia_tb:1:1_state_MonteCarlo.2
\o 	Results DB   = /home/saul/projects/IL2244_VT26_SAUL/ECG_IA/ecg_tb/adexl/results/data/MonteCarlo.2.rdb
\o 	Results Dir  = /home/saul/projects/IL2244_VT26_SAUL/Sim/ECG_IA/ecg_tb/adexl/results/data/MonteCarlo.2/1/MC
\o 	Results Loc  = /home/saul/projects/IL2244_VT26_SAUL/Sim/ECG_IA/ecg_tb/adexl/results/data
\o 	Project Dir  = /home/saul/projects/IL2244_VT26_SAUL/Sim
\o 	Setup DB loc = /home/saul/projects/IL2244_VT26_SAUL/ECG_IA/ecg_tb/adexl
\o 	File Encoding = 0
\o 
\o 
\o 
\o *Info*    The auto suspension is disabled.
\o 
\o 
\o 
\o 
\o 
\o 
\o *Info*    Run start for Point ID (9 1) on testbench [ MC ].
\o 
\o Resetting statistical vars
\o 
\o *Info*    Setting parameter values ...
\o 
\o Setting var FC = "2k"
\o Setting var S0 = "3.3"
\o Setting var S1 = "3.3"
\o Setting var S2 = "3.3"
\o Setting var T0 = "0"
\o Setting var T1 = "0"
\o Setting var T2 = "0"
\o Setting var VCM_AC = "1"
\o Setting var VCM_DC = "1.6"
\o Setting var VDD = "3.3"
\o Setting var VDD_STEP = "0"
\o Setting var VIN_AC = "1"
\o Setting var VIN_AMP = "0"
\o Setting var VIN_DC = "0"
\o Setting var VIN_FREQ = "0"
\o Setting var VIN_STEP = "0"
\o Setting var temperature = "27"
\o Setting temp(T) = 27
\o 
\o *Info*    Netlist Directory =
\o           /home/saul/projects/IL2244_VT26_SAUL/Sim/ECG_IA/ecg_tb/adexl/results/data/MonteCarlo.2/1/MC/groupRunDataDir/netlist
\o 
\o 
\o *Info*    Data Directory    =
\o           /home/saul/projects/IL2244_VT26_SAUL/Sim/ECG_IA/ecg_tb/adexl/results/data/MonteCarlo.2/1/MC/groupRunDataDir
\o 
\o 
\o *Info*    Creating Netlist for Point ID (9 1)
\o 
\o generate netlist...
\o function ansCdlCompPrim redefined
\o function ansCdlCompPrim redefined
\o Begin Incremental Netlisting Mar 17 07:56:42 2026
\o End netlisting Mar 17 07:56:42 2026
\o 
\o 	The netlist is up to date.
\o 	Time taken to compare the design with netlist:   0.0s
\o       ...successful.
\o compose simulator input file...
\o       ...successful.
\o 
\o *Info*    Running simulation on testbench [ MC ] for Point ID (9 1).
\o 
\o *Info*    Spectre controlMode is set "batch" due to monte carlo run.
\o 
\o Delete psf data in /home/saul/projects/IL2244_VT26_SAUL/Sim/ECG_IA/ecg_tb/adexl/results/data/MonteCarlo.2/1/MC/groupRunDataDir/psf.
\o generate netlist...
\o function ansCdlCompPrim redefined
\o function ansCdlCompPrim redefined
\o Begin Incremental Netlisting Mar 17 07:56:42 2026
\o End netlisting Mar 17 07:56:42 2026
\o 
\o 	The netlist is up to date.
\o 	Time taken to compare the design with netlist:   0.0s
\o       ...successful.
\o compose simulator input file...
\o       ...successful.
\o start simulator if needed...
\o       ...successful.
\o simulate...
\o To view the simulator output, right-click on the test name, result 
\o name, or any value in the "Results" tab of the Outputs section and 
\o choose "Output Log" menu option.
\o WARNING (ADE-3080): Fast viewing extensions for PSF XL format (also known as RTSF) will be discontinued  
\o        and Virtuoso Visualization and Analysis XL will not use RTSF data to plot waveforms from IC6.1.8 ISR7 onward. 
\o        There will be no performance impact on data visualization due to this change.
\o *Info*    Client has finished evaluating ... 
\o 
\o 
\o *Info*    Run complete for Point ID (9 1) on testbench [ MC ].
\o 
\o 
\o 
\o 
\o 
\o *Info*    Client has finished evaluating ... 
\o 
\o 
\o *Info*    Run complete for Point ID (9 2) on testbench [ MC ].
\o 
\o 
\o 
\o 
\o 
\o *Info*    Client has finished evaluating ... 
\o 
\o 
\o *Info*    Run complete for Point ID (9 3) on testbench [ MC ].
\o 
\o 
\o 
\o 
\o 
\o *Info*    Client has finished evaluating ... 
\o 
\o 
\o *Info*    Run complete for Point ID (9 4) on testbench [ MC ].
\o 
\o 
\o 
\o 
\o 
\o *Info*    Client has finished evaluating ... 
\o 
\o 
\o *Info*    Run complete for Point ID (9 5) on testbench [ MC ].
\o 
\o 
\o 
\o 
\o 
\o *Info*    Client has finished evaluating ... 
\o 
\o 
\o *Info*    Run complete for Point ID (9 6) on testbench [ MC ].
\o 
\o 
\o 
\o 
\o 
\o *Info*    Client has finished evaluating ... 
\o 
\o 
\o *Info*    Run complete for Point ID (9 7) on testbench [ MC ].
\o 
\o 
\o 
\o 
\o 
\o *Info*    Client has finished evaluating ... 
\o 
\o 
\o *Info*    Run complete for Point ID (9 8) on testbench [ MC ].
\o 
\o 
\o 
\o 
\o 
\o *Info*    Client has finished evaluating ... 
\o 
\o 
\o *Info*    Run complete for Point ID (9 9) on testbench [ MC ].
\o 
\o 
\o 
\o 
\o 
\o *Info*    Client has finished evaluating ... 
\o 
\o 
\o *Info*    Run complete for Point ID (9 10) on testbench [ MC ].
\o 
\o 
\o 
\o 
\o 
\o *Info*    Client has finished evaluating ... 
\o 
\o 
\o *Info*    Run complete for Point ID (9 11) on testbench [ MC ].
\o 
\o 
\o 
\o 
\o 
\o *Info*    Client has finished evaluating ... 
\o 
\o 
\o *Info*    Run complete for Point ID (9 12) on testbench [ MC ].
\o 
\o 
\o 
\o 
\o 
\o *Info*    Client has finished evaluating ... 
\o 
\o 
\o *Info*    Run complete for Point ID (9 13) on testbench [ MC ].
\o 
\o 
\o 
\o 
\o 
\o INFO (ADE-3071): Simulation completed successfully.
\o reading simulation data...
\o       ...successful.
\o *Info*    Client has finished evaluating ... 
\o 
\o 
\o *Info*    Run complete for Point ID (9 14) on testbench [ MC ].
\o 
\o 
\o 
\o 
\o 
\o *Info*    Client has finished evaluating ... 
\o 
\o 
\o *Info*    Run complete for Point ID (9 15) on testbench [ MC ].
\o 
\o 
\o 
\o 
\o 
\o *Info*    Client has finished evaluating ... 
\o 
\o 
\o *Info*    Run complete for Point ID (9 16) on testbench [ MC ].
\o 
\o 
\o 
\o 
\o 
\o *Info*    Client has finished evaluating ... 
\o 
\o 
\o *Info*    Run complete for Point ID (9 17) on testbench [ MC ].
\o 
\o 
\o 
\o 
\o 
\o *Info*    Monte Carlo Simulation completed successfully...
\o Simulation design variables differ from those on the cellView,
\o they have been saved in the file "/tmp/saved-design-variables".
\o To save future changes, copy variables to cellView before exiting.
\# Lic Summary:
\# [08:02:05.069496] Cdslmd servers:3000@lic08.ug.kth.se:29000@lic06.ug.kth.se
\# [08:02:05.069504] Feature usage summary:
\# Memory report: on exit            529 MB, process size 2,337 MB at UTC 2026.03.17 08:02:05.593
\# Memory report: peak usage         529 MB, process size 2,339 MB
