[Simulation Monitor: 72]
[2026-04-18 21:22:29.390 Z] [PROCESS] [cadence.virtuoso.ade.simulationMonitor] - Simulation Monitor has successfully started up. Trying to set up communication channels to other components ... {"hostname": "edatools", "processid": 3725934, "logfile": "/home/saul/projects/IL2244_VT26_SAUL/logs_saul/logs0/Job72.log"}
[2026-04-18 21:22:29.390 Z] [PROCESS] [cadence.virtuoso.ade.simulationMonitor] - Communication channels have been successfully set up. Start processing events ... {"hostname": "edatools", "processid": 3725934, "logfile": "/home/saul/projects/IL2244_VT26_SAUL/logs_saul/logs0/Job72.log"}
[2026-04-18 21:22:29.390 Z] [PROCESS] [cadence.virtuoso.ade.simulationMonitor] - Considering to start history {"hostname": "edatools", "processid": 3725934, "history": "Interactive.60", "logfile": "/home/saul/projects/IL2244_VT26_SAUL/logs_saul/logs0/Job72.log"}
[2026-04-18 21:22:29.392 Z] [PROCESS] [cadence.virtuoso.ade.simulationMonitor] - HostInfo:
Host name (type):	edatools (x86_64)
Operating system:	Linux 6.17.0-20-generic #20~24.04.1-Ubuntu SMP PREEMPT_DYNAMIC Thu Mar 19 01:28:37 UTC 2 {"hostname": "edatools", "processid": 3725934, "history": "Interactive.60", "logfile": "/home/saul/projects/IL2244_VT26_SAUL/logs_saul/logs0/Job72.log", "nodename": "edatools", "domainname": "(none)", "machine": "x86_64", "sysname": "Linux", "release": "6.17.0-20-generic", "version": "#20~24.04.1-Ubuntu SMP PREEMPT_DYNAMIC Thu Mar 19 01:28:37 UTC 2"}
[2026-04-18 21:22:29.392 Z] [PROCESS] [cadence.virtuoso.ade.simulationMonitor] - UsageInfo:
pid=3725934
totalPhysicalMemory=62.544991GB,Used=38.659313GB,totalVirtualMemory=70.544987GB,Used=38.659313GB
Cpu: Cores=16, Load average:0.580000,3.690000,4.180000 {"hostname": "edatools", "processid": 3725934, "history": "Interactive.60", "logfile": "/home/saul/projects/IL2244_VT26_SAUL/logs_saul/logs0/Job72.log", "pid": "3725934", "totalPhysicalMemory": "62.544991", "physicalMemoryUsed": "38.659313", "totalVirtualMemory": "70.544987", "virtualMemoryUsed": "38.659313", "cpuCores": "16", "processes": "2081", "loadAverage1": "0.580000", "loadAverage5": "3.690000", "loadAverage15": "4.180000", "loadAverage1Percent": "0.036250"}
[2026-04-18 21:22:29.392 Z] [EVENT] [cadence.virtuoso.ade.simulationMonitor] - NewPoint {"history": "Interactive.60", "point": 4, "testname": "TRAN_VIN", "cornername": "CMOS_RES_CAP_TEMP_2", "event": "NewPoint", "EventSource": "Simulation Monitor", "HistoryName": "Interactive.60", "logFile": "/home/saul/projects/IL2244_VT26_SAUL/logs_saul/logs0/Job72.log", "logFileSize": "2205"}
[2026-04-18 21:22:29.493 Z] [EVENT] [cadence.virtuoso.ade.simulationMonitor] - NewPoint {"history": "Interactive.60", "point": 4, "testname": "TRAN_VIN", "cornername": "CMOS_RES_CAP_TEMP_2", "event": "NewPoint", "EventSource": "spectre", "HistoryName": "Interactive.60", "logFile": "/home/saul/projects/IL2244_VT26_SAUL/Sim/FCORE/fcore_core_tran_tb/maestro/results/maestro/Interactive.60/4/TRAN_VIN/psf/spectre.out", "logFileSize": "-1"}
[2026-04-18 21:22:29.496 Z] [PROCESS] [cadence.virtuoso.ade.simulationMonitor] - Simulator launched {"hostname": "edatools", "processid": 3725934, "history": "Interactive.60", "testname": "TRAN_VIN", "cornername": "CMOS_RES_CAP_TEMP_2", "point": 4, "logfile": "/home/saul/projects/IL2244_VT26_SAUL/logs_saul/logs0/Job72.log", "simid": "1"}
[2026-04-18 21:22:29.497 Z] [PROCESS] [cadence.virtuoso.ade.simulationMonitor] - Expression evaluator launched {"hostname": "edatools", "processid": 3725934, "history": "Interactive.60", "testname": "TRAN_VIN", "cornername": "CMOS_RES_CAP_TEMP_2", "point": 4, "logfile": "/home/saul/projects/IL2244_VT26_SAUL/logs_saul/logs0/Job72.log"}
[2026-04-18 21:22:29.521 Z] [PROCESS] [cadence.virtuoso.ade.simulationMonitor] - Started Simulation {"hostname": "edatools", "processid": 3725934, "history": "Interactive.60", "testname": "TRAN_VIN", "cornername": "CMOS_RES_CAP_TEMP_2", "point": 4, "logfile": "/home/saul/projects/IL2244_VT26_SAUL/logs_saul/logs0/Job72.log", "event": "started", "task": "simulation"}
[2026-04-18 21:22:30.022 Z] [INFO] [cadence.virtuoso.ade.simulationMonitor] - Notice from spectre during circuit read-in.
    Pre_Configuration file used: /opt/tools/cadence/installs/SPECTRE241/tools.lnx86/spectre/etc/configs/preset.precfg
    Configuration file used: `/opt/tools/cadence/installs/SPECTRE241/tools.lnx86/spectre/etc/configs/preset.cfg'. {"history": "Interactive.60", "point": 4, "testname": "TRAN_VIN", "cornername": "CMOS_RES_CAP_TEMP_2"}
[2026-04-18 21:22:30.022 Z] [WARN] [cadence.virtuoso.ade.simulationMonitor] -     WARNING (SPECTRE-8360): line 1511: `ac' is an undefined primitive device. {"history": "Interactive.60", "point": 4, "testname": "TRAN_VIN", "cornername": "CMOS_RES_CAP_TEMP_2"}
[2026-04-18 21:22:30.023 Z] [WARN] [cadence.virtuoso.ade.simulationMonitor] -     WARNING (SPECTRE-8360): line 1512: `ac' is an undefined primitive device. {"history": "Interactive.60", "point": 4, "testname": "TRAN_VIN", "cornername": "CMOS_RES_CAP_TEMP_2"}
[2026-04-18 21:22:30.023 Z] [WARN] [cadence.virtuoso.ade.simulationMonitor] -     WARNING (SPECTRE-8360): line 1513: `ac' is an undefined primitive device. {"history": "Interactive.60", "point": 4, "testname": "TRAN_VIN", "cornername": "CMOS_RES_CAP_TEMP_2"}
[2026-04-18 21:22:30.024 Z] [WARN] [cadence.virtuoso.ade.simulationMonitor] -     WARNING (SPECTRE-8360): line 1514: `ac' is an undefined primitive device. {"history": "Interactive.60", "point": 4, "testname": "TRAN_VIN", "cornername": "CMOS_RES_CAP_TEMP_2"}
[2026-04-18 21:22:30.024 Z] [WARN] [cadence.virtuoso.ade.simulationMonitor] -     WARNING (SPECTRE-8360): line 1515: `ac' is an undefined primitive device.
        Further occurrences of this warning will be suppressed. {"history": "Interactive.60", "point": 4, "testname": "TRAN_VIN", "cornername": "CMOS_RES_CAP_TEMP_2"}
[2026-04-18 21:22:30.025 Z] [INFO] [cadence.virtuoso.ade.simulationMonitor] - Peak resident memory used = 173 Mbytes. {"history": "Interactive.60", "point": 4, "testname": "TRAN_VIN", "cornername": "CMOS_RES_CAP_TEMP_2"}
[2026-04-18 21:22:30.025 Z] [WARN] [cadence.virtuoso.ade.simulationMonitor] -     WARNING (VACOMP-2435): The environment variable CDS_AHDLCMI_ENABLE is no longer supported. Therefore, the simulator will use the default compiled C code flow. {"history": "Interactive.60", "point": 4, "testname": "TRAN_VIN", "cornername": "CMOS_RES_CAP_TEMP_2"}
[2026-04-18 21:22:30.026 Z] [WARN] [cadence.virtuoso.ade.simulationMonitor] -     WARNING (SFE-3031): The floating capacitor I0.I1.I4.R2.CS1 is removed. {"history": "Interactive.60", "point": 4, "testname": "TRAN_VIN", "cornername": "CMOS_RES_CAP_TEMP_2"}
[2026-04-18 21:22:30.026 Z] [WARN] [cadence.virtuoso.ade.simulationMonitor] -     WARNING (SFE-3031): The floating capacitor I0.I1.I1.R2.CS1 is removed. {"history": "Interactive.60", "point": 4, "testname": "TRAN_VIN", "cornername": "CMOS_RES_CAP_TEMP_2"}
[2026-04-18 21:22:30.026 Z] [WARN] [cadence.virtuoso.ade.simulationMonitor] -     WARNING (SFE-3028): The floating resistor I0.I1.I0.C0<0>_turbo_m4.rsub2 is removed. {"history": "Interactive.60", "point": 4, "testname": "TRAN_VIN", "cornername": "CMOS_RES_CAP_TEMP_2"}
[2026-04-18 21:22:30.027 Z] [WARN] [cadence.virtuoso.ade.simulationMonitor] -     WARNING (SFE-3028): The floating resistor I0.I1.I0.C0<0>_turbo_m4.rsub1 is removed. {"history": "Interactive.60", "point": 4, "testname": "TRAN_VIN", "cornername": "CMOS_RES_CAP_TEMP_2"}
[2026-04-18 21:22:30.027 Z] [WARN] [cadence.virtuoso.ade.simulationMonitor] -     WARNING (SFE-3031): The floating capacitor I0.I0.I11.C9<0>_turbo_m6.C1 is removed. {"history": "Interactive.60", "point": 4, "testname": "TRAN_VIN", "cornername": "CMOS_RES_CAP_TEMP_2"}
[2026-04-18 21:22:30.027 Z] [WARN] [cadence.virtuoso.ade.simulationMonitor] -     WARNING (SFE-3031): The floating capacitor I0.I1.I0.R3.CS1 is removed. {"history": "Interactive.60", "point": 4, "testname": "TRAN_VIN", "cornername": "CMOS_RES_CAP_TEMP_2"}
[2026-04-18 21:22:30.028 Z] [WARN] [cadence.virtuoso.ade.simulationMonitor] -     WARNING (SFE-3031): The floating capacitor I0.I0.I8.C10<0>_turbo_m12.C1 is removed.
        Further occurrences of this warning will be suppressed. {"history": "Interactive.60", "point": 4, "testname": "TRAN_VIN", "cornername": "CMOS_RES_CAP_TEMP_2"}
[2026-04-18 21:22:30.028 Z] [WARN] [cadence.virtuoso.ade.simulationMonitor] -     WARNING (SFE-3014): The floating device I0.I1.I0.C0<0>_turbo_m4.dsub2 is removed. {"history": "Interactive.60", "point": 4, "testname": "TRAN_VIN", "cornername": "CMOS_RES_CAP_TEMP_2"}
[2026-04-18 21:22:30.028 Z] [WARN] [cadence.virtuoso.ade.simulationMonitor] -     WARNING (SFE-3014): The floating device I0.I1.I0.C0<0>_turbo_m4.dsub1 is removed. {"history": "Interactive.60", "point": 4, "testname": "TRAN_VIN", "cornername": "CMOS_RES_CAP_TEMP_2"}
[2026-04-18 21:22:30.029 Z] [WARN] [cadence.virtuoso.ade.simulationMonitor] -     WARNING (SFE-3016): The floating node I0.I1.I0.C0<0>_turbo_m4.b1 is removed. {"history": "Interactive.60", "point": 4, "testname": "TRAN_VIN", "cornername": "CMOS_RES_CAP_TEMP_2"}
[2026-04-18 21:22:30.029 Z] [WARN] [cadence.virtuoso.ade.simulationMonitor] -     WARNING (SFE-3016): The floating node I0.I1.I0.C0<0>_turbo_m4.b2 is removed. {"history": "Interactive.60", "point": 4, "testname": "TRAN_VIN", "cornername": "CMOS_RES_CAP_TEMP_2"}
[2026-04-18 21:22:30.029 Z] [INFO] [cadence.virtuoso.ade.simulationMonitor] - Notice from spectre during hierarchy flattening.
    The value 'psf' specified for the 'checklimitdest' option will no longer be supported in future releases. Use 'spectre -h' to see other recommended values for the 'checklimitdest' option. {"history": "Interactive.60", "point": 4, "testname": "TRAN_VIN", "cornername": "CMOS_RES_CAP_TEMP_2"}
[2026-04-18 21:22:30.030 Z] [INFO] [cadence.virtuoso.ade.simulationMonitor] - Peak resident memory used = 191 Mbytes. {"history": "Interactive.60", "point": 4, "testname": "TRAN_VIN", "cornername": "CMOS_RES_CAP_TEMP_2"}
[2026-04-18 21:22:30.030 Z] [INFO] [cadence.virtuoso.ade.simulationMonitor] - Notice from spectre during hierarchy flattening.
    The value 'psf' specified for the 'checklimitdest' option will no longer be supported in future releases. Use 'spectre -h' to see other recommended values for the 'checklimitdest' option.
    I0.I0.I0.R10.CS0 of rpolyhc: `c' has the unusually small value of 0 F.
    I0.I0.I0.R10.CS1 of rpolyhc: `c' has the unusually small value of 0 F.
    I0.I0.I0.R9.CS0 of rpolyhc: `c' has the unusually small value of 0 F.
    I0.I0.I0.R9.CS1 of rpolyhc: `c' has the un... {"history": "Interactive.60", "point": 4, "testname": "TRAN_VIN", "cornername": "CMOS_RES_CAP_TEMP_2"}
[2026-04-18 21:22:30.030 Z] [INFO] [cadence.virtuoso.ade.simulationMonitor] - Notice from spectre during hierarchy flattening.
    V17: `period' has the unusually large value of 20 s.
    V17: `width' has the unusually large value of 19 s.
    V16: `period' has the unusually large value of 10 s.
    V16: `width' has the unusually large value of 9 s.
    V9: `period' has the unusually large value of 10 s.
        Further occurrences of this notice will be suppressed. {"history": "Interactive.60", "point": 4, "testname": "TRAN_VIN", "cornername": "CMOS_RES_CAP_TEMP_2"}
[2026-04-18 21:22:30.031 Z] [INFO] [cadence.virtuoso.ade.simulationMonitor] - Peak resident memory used = 193 Mbytes. {"history": "Interactive.60", "point": 4, "testname": "TRAN_VIN", "cornername": "CMOS_RES_CAP_TEMP_2"}
[2026-04-18 21:22:30.031 Z] [WARN] [cadence.virtuoso.ade.simulationMonitor] -     WARNING (CMI-2425): I0.I0.I0.C0: `Acde' = 2.393 is unusually large. {"history": "Interactive.60", "point": 4, "testname": "TRAN_VIN", "cornername": "CMOS_RES_CAP_TEMP_2"}
[2026-04-18 21:22:30.031 Z] [WARN] [cadence.virtuoso.ade.simulationMonitor] -     WARNING (CMI-2425): I0.I0.I0.C0: `Noff' = 4.732 is unusually large. {"history": "Interactive.60", "point": 4, "testname": "TRAN_VIN", "cornername": "CMOS_RES_CAP_TEMP_2"}
[2026-04-18 21:22:30.031 Z] [WARN] [cadence.virtuoso.ade.simulationMonitor] -     WARNING (CMI-2424): I0.I0.I0.C0: `Voffcv' = -867.4e-03 is unusually small. {"history": "Interactive.60", "point": 4, "testname": "TRAN_VIN", "cornername": "CMOS_RES_CAP_TEMP_2"}
[2026-04-18 21:22:30.031 Z] [WARN] [cadence.virtuoso.ade.simulationMonitor] -     WARNING (CMI-2425): I0.I0.I0.I3.C1: `Acde' = 2.393 is unusually large. {"history": "Interactive.60", "point": 4, "testname": "TRAN_VIN", "cornername": "CMOS_RES_CAP_TEMP_2"}
[2026-04-18 21:22:30.032 Z] [WARN] [cadence.virtuoso.ade.simulationMonitor] -     WARNING (CMI-2425): I0.I0.I0.I3.C1: `Noff' = 4.732 is unusually large. {"history": "Interactive.60", "point": 4, "testname": "TRAN_VIN", "cornername": "CMOS_RES_CAP_TEMP_2"}
[2026-04-18 21:22:30.032 Z] [WARN] [cadence.virtuoso.ade.simulationMonitor] -     WARNING (CMI-2424): I0.I0.I0.I3.C1: `Voffcv' = -867.4e-03 is unusually small. {"history": "Interactive.60", "point": 4, "testname": "TRAN_VIN", "cornername": "CMOS_RES_CAP_TEMP_2"}
[2026-04-18 21:22:30.032 Z] [WARN] [cadence.virtuoso.ade.simulationMonitor] -     WARNING (CMI-2425): I0.I1.I0.C0<0>_turbo_m4: `Acde' = 2.393 is unusually large.
        Further occurrences of this warning will be suppressed. {"history": "Interactive.60", "point": 4, "testname": "TRAN_VIN", "cornername": "CMOS_RES_CAP_TEMP_2"}
[2026-04-18 21:22:30.032 Z] [WARN] [cadence.virtuoso.ade.simulationMonitor] -     WARNING (CMI-2424): I0.I1.I0.C0<0>_turbo_m4: `Voffcv' = -867.4e-03 is unusually small. {"history": "Interactive.60", "point": 4, "testname": "TRAN_VIN", "cornername": "CMOS_RES_CAP_TEMP_2"}
[2026-04-18 21:22:30.032 Z] [WARN] [cadence.virtuoso.ade.simulationMonitor] -     WARNING (CMI-2424): I0.I1.I3.C1<0>_turbo_m6: `Voffcv' = -867.4e-03 is unusually small. {"history": "Interactive.60", "point": 4, "testname": "TRAN_VIN", "cornername": "CMOS_RES_CAP_TEMP_2"}
[2026-04-18 21:22:30.033 Z] [WARN] [cadence.virtuoso.ade.simulationMonitor] -     WARNING (CMI-2424): I0.I1.I4.C1<0>_turbo_m11: `Voffcv' = -867.4e-03 is unusually small.
        Further occurrences of this warning will be suppressed. {"history": "Interactive.60", "point": 4, "testname": "TRAN_VIN", "cornername": "CMOS_RES_CAP_TEMP_2"}
[2026-04-18 21:22:30.533 Z] [WARN] [cadence.virtuoso.ade.simulationMonitor] -     WARNING (SPECTRE-17607): Assert `SOAC_vert10_vsubpsub' is ignored because it contains an expression which is invalid or not supported by native evaluator.  {"history": "Interactive.60", "point": 4, "testname": "TRAN_VIN", "cornername": "CMOS_RES_CAP_TEMP_2"}
[2026-04-18 21:22:30.534 Z] [WARN] [cadence.virtuoso.ade.simulationMonitor] -     WARNING (SPECTRE-17607): Assert `SOAC_vert10_vcsub' is ignored because it contains an expression which is invalid or not supported by native evaluator.  {"history": "Interactive.60", "point": 4, "testname": "TRAN_VIN", "cornername": "CMOS_RES_CAP_TEMP_2"}
[2026-04-18 21:22:30.534 Z] [WARN] [cadence.virtuoso.ade.simulationMonitor] -     WARNING (SPECTRE-17607): Assert `SOAC_rpolyh_vminuspsub' is ignored because it contains an expression which is invalid or not supported by native evaluator.  {"history": "Interactive.60", "point": 4, "testname": "TRAN_VIN", "cornername": "CMOS_RES_CAP_TEMP_2"}
[2026-04-18 21:22:30.535 Z] [WARN] [cadence.virtuoso.ade.simulationMonitor] -     WARNING (SPECTRE-17607): Assert `SOAC_rpolyh_vpluspsub' is ignored because it contains an expression which is invalid or not supported by native evaluator.  {"history": "Interactive.60", "point": 4, "testname": "TRAN_VIN", "cornername": "CMOS_RES_CAP_TEMP_2"}
[2026-04-18 21:22:30.536 Z] [WARN] [cadence.virtuoso.ade.simulationMonitor] -     WARNING (SPECTRE-16460): SOAC_cvarm_vspsub:Specified subcircuit master `cvarm' was not found. {"history": "Interactive.60", "point": 4, "testname": "TRAN_VIN", "cornername": "CMOS_RES_CAP_TEMP_2"}
[2026-04-18 21:22:30.536 Z] [WARN] [cadence.virtuoso.ade.simulationMonitor] -     WARNING (SPECTRE-16462): SOAC_cvarm_vspsub:Error in specification of subcircuit master. Assert is ignored. {"history": "Interactive.60", "point": 4, "testname": "TRAN_VIN", "cornername": "CMOS_RES_CAP_TEMP_2"}
[2026-04-18 21:22:30.537 Z] [WARN] [cadence.virtuoso.ade.simulationMonitor] -     WARNING (SPECTRE-16460): SOAC_cvarm_vbs:Specified subcircuit master `cvarm' was not found. {"history": "Interactive.60", "point": 4, "testname": "TRAN_VIN", "cornername": "CMOS_RES_CAP_TEMP_2"}
[2026-04-18 21:22:30.538 Z] [WARN] [cadence.virtuoso.ade.simulationMonitor] -     WARNING (SPECTRE-16462): SOAC_cvarm_vbs:Error in specification of subcircuit master. Assert is ignored. {"history": "Interactive.60", "point": 4, "testname": "TRAN_VIN", "cornername": "CMOS_RES_CAP_TEMP_2"}
[2026-04-18 21:22:30.538 Z] [WARN] [cadence.virtuoso.ade.simulationMonitor] -     WARNING (SPECTRE-16460): SOAC_cvarm_vgb:Specified subcircuit master `cvarm' was not found. {"history": "Interactive.60", "point": 4, "testname": "TRAN_VIN", "cornername": "CMOS_RES_CAP_TEMP_2"}
[2026-04-18 21:22:30.539 Z] [WARN] [cadence.virtuoso.ade.simulationMonitor] -     WARNING (SPECTRE-16462): SOAC_cvarm_vgb:Error in specification of subcircuit master. Assert is ignored. {"history": "Interactive.60", "point": 4, "testname": "TRAN_VIN", "cornername": "CMOS_RES_CAP_TEMP_2"}
[2026-04-18 21:22:30.540 Z] [WARN] [cadence.virtuoso.ade.simulationMonitor] -     WARNING (SPECTRE-16460): SOAC_cvart_vspsub:Specified subcircuit master `cvart' was not found. {"history": "Interactive.60", "point": 4, "testname": "TRAN_VIN", "cornername": "CMOS_RES_CAP_TEMP_2"}
[2026-04-18 21:22:30.540 Z] [WARN] [cadence.virtuoso.ade.simulationMonitor] -     WARNING (SPECTRE-16462): SOAC_cvart_vspsub:Error in specification of subcircuit master. Assert is ignored. {"history": "Interactive.60", "point": 4, "testname": "TRAN_VIN", "cornername": "CMOS_RES_CAP_TEMP_2"}
[2026-04-18 21:22:30.541 Z] [WARN] [cadence.virtuoso.ade.simulationMonitor] -     WARNING (SPECTRE-16460): SOAC_cvart_vbs:Specified subcircuit master `cvart' was not found.
        Further occurrences of this warning will be suppressed. {"history": "Interactive.60", "point": 4, "testname": "TRAN_VIN", "cornername": "CMOS_RES_CAP_TEMP_2"}
[2026-04-18 21:22:30.541 Z] [WARN] [cadence.virtuoso.ade.simulationMonitor] -     WARNING (SPECTRE-16462): SOAC_cvart_vbs:Error in specification of subcircuit master. Assert is ignored.
        Further occurrences of this warning will be suppressed. {"history": "Interactive.60", "point": 4, "testname": "TRAN_VIN", "cornername": "CMOS_RES_CAP_TEMP_2"}
[2026-04-18 21:22:30.542 Z] [WARN] [cadence.virtuoso.ade.simulationMonitor] -     WARNING (SPECTRE-17607): Assert `SOAC_cvar_vspsub' is ignored because it contains an expression which is invalid or not supported by native evaluator. 
        Further occurrences of this warning will be suppressed. {"history": "Interactive.60", "point": 4, "testname": "TRAN_VIN", "cornername": "CMOS_RES_CAP_TEMP_2"}
[2026-04-18 21:22:33.043 Z] [INFO] [cadence.virtuoso.ade.simulationMonitor] - Notice from spectre during initial setup.
    Multithreading is disabled due to the size of the design being too small. {"history": "Interactive.60", "point": 4, "testname": "TRAN_VIN", "cornername": "CMOS_RES_CAP_TEMP_2"}
[2026-04-18 21:22:33.044 Z] [WARN] [cadence.virtuoso.ade.simulationMonitor] -     WARNING (SPECTRE-592): Following parameters are disabled because they are ignored or redefined in Spectre X:
        Option Parameters:
          reltol
        
         {"history": "Interactive.60", "point": 4, "testname": "TRAN_VIN", "cornername": "CMOS_RES_CAP_TEMP_2"}
[2026-04-18 21:22:33.045 Z] [INFO] [cadence.virtuoso.ade.simulationMonitor] -               nodes 431 {"history": "Interactive.60", "point": 4, "testname": "TRAN_VIN", "cornername": "CMOS_RES_CAP_TEMP_2"}
[2026-04-18 21:22:33.046 Z] [INFO] [cadence.virtuoso.ade.simulationMonitor] - Notice from spectre during initial setup.
    4 vsources are shorted because their absolute value is less than or equal to 'vabsshort'.
    Spectre X preset=vx enabled.
    17 notices suppressed.
    110 warnings suppressed. {"history": "Interactive.60", "point": 4, "testname": "TRAN_VIN", "cornername": "CMOS_RES_CAP_TEMP_2"}
[2026-04-18 21:22:33.046 Z] [INFO] [cadence.virtuoso.ade.simulationMonitor] - Peak resident memory used = 213 Mbytes. {"history": "Interactive.60", "point": 4, "testname": "TRAN_VIN", "cornername": "CMOS_RES_CAP_TEMP_2"}
[2026-04-18 21:22:33.047 Z] [INFO] [cadence.virtuoso.ade.simulationMonitor] -    -   (Spectre X) Multi-threading. The recommended number of threads is 1, consider adding +mt=1 on command line. {"history": "Interactive.60", "point": 4, "testname": "TRAN_VIN", "cornername": "CMOS_RES_CAP_TEMP_2"}
[2026-04-18 21:22:33.047 Z] [INFO] [cadence.virtuoso.ade.simulationMonitor] - Notice from spectre during DC analysis `dcOp'.
    No checklimit analysis defined for asserts. A default checklimit analysis 'SpectreChecklimitAnal' has been created with all asserts enabled. {"history": "Interactive.60", "point": 4, "testname": "TRAN_VIN", "cornername": "CMOS_RES_CAP_TEMP_2"}
[2026-04-18 21:22:37.114 Z] [INFO] [cadence.virtuoso.ade.simulationMonitor] - Notice from spectre during DC analysis `dcOp'.
    GminDC = 1 pS is large enough to noticeably affect the DC solution.
        dV(I0.I1.I1.net10) = 19.3228 mV
        Use the `gmin_check' option to eliminate or expand this report.
    Bad pivoting is found during DC analysis. Option dc_pivot_check=yes is recommended for possible improvement of convergence. {"history": "Interactive.60", "point": 4, "testname": "TRAN_VIN", "cornername": "CMOS_RES_CAP_TEMP_2"}
[2026-04-18 21:22:37.115 Z] [WARN] [cadence.virtuoso.ade.simulationMonitor] -     WARNING (CMI-2943): Parameter checks have been ignored because the valid value for parameter 'trise' could not be found in 'C5'. {"history": "Interactive.60", "point": 4, "testname": "TRAN_VIN", "cornername": "CMOS_RES_CAP_TEMP_2"}
[2026-04-18 21:22:37.115 Z] [WARN] [cadence.virtuoso.ade.simulationMonitor] -     WARNING (CMI-2943): Parameter checks have been ignored because the valid value for parameter 'trise' could not be found in 'C0'. {"history": "Interactive.60", "point": 4, "testname": "TRAN_VIN", "cornername": "CMOS_RES_CAP_TEMP_2"}
[2026-04-18 21:22:37.116 Z] [WARN] [cadence.virtuoso.ade.simulationMonitor] -     WARNING (CMI-2943): Parameter checks have been ignored because the valid value for parameter 'trise' could not be found in 'I0.I1.I4.R5.CM'. {"history": "Interactive.60", "point": 4, "testname": "TRAN_VIN", "cornername": "CMOS_RES_CAP_TEMP_2"}
[2026-04-18 21:22:37.116 Z] [WARN] [cadence.virtuoso.ade.simulationMonitor] -     WARNING (CMI-2943): Parameter checks have been ignored because the valid value for parameter 'trise' could not be found in 'I0.I1.I4.R5.CS1'. {"history": "Interactive.60", "point": 4, "testname": "TRAN_VIN", "cornername": "CMOS_RES_CAP_TEMP_2"}
[2026-04-18 21:22:37.117 Z] [WARN] [cadence.virtuoso.ade.simulationMonitor] -     WARNING (CMI-2943): Parameter checks have been ignored because the valid value for parameter 'trise' could not be found in 'I0.I1.I4.R5.CS0'.
        Further occurrences of this warning will be suppressed. {"history": "Interactive.60", "point": 4, "testname": "TRAN_VIN", "cornername": "CMOS_RES_CAP_TEMP_2"}
[2026-04-18 21:22:37.618 Z] [INFO] [cadence.virtuoso.ade.simulationMonitor] - Total time required for dc analysis `dcOp': CPU = 2.1664 s, elapsed = 4.61651 s, util. = 46.9%. {"history": "Interactive.60", "point": 4, "testname": "TRAN_VIN", "cornername": "CMOS_RES_CAP_TEMP_2"}
[2026-04-18 21:22:37.619 Z] [INFO] [cadence.virtuoso.ade.simulationMonitor] - Peak resident memory used = 232 Mbytes. {"history": "Interactive.60", "point": 4, "testname": "TRAN_VIN", "cornername": "CMOS_RES_CAP_TEMP_2"}
[2026-04-18 21:22:37.619 Z] [INFO] [cadence.virtuoso.ade.simulationMonitor] - Notice from spectre.
    212 warnings suppressed. {"history": "Interactive.60", "point": 4, "testname": "TRAN_VIN", "cornername": "CMOS_RES_CAP_TEMP_2"}
[2026-04-18 21:22:38.120 Z] [INFO] [cadence.virtuoso.ade.simulationMonitor] - Notice from spectre during IC analysis, during transient analysis `tran'.
    GminDC = 1 pS is large enough to noticeably affect the DC solution.
        dV(I0.I1.I1.net10) = 19.3228 mV
        Use the `gmin_check' option to eliminate or expand this report.
    Bad pivoting is found during DC analysis. Option dc_pivot_check=yes is recommended for possible improvement of convergence. {"history": "Interactive.60", "point": 4, "testname": "TRAN_VIN", "cornername": "CMOS_RES_CAP_TEMP_2"}
[2026-04-18 21:22:38.121 Z] [WARN] [cadence.virtuoso.ade.simulationMonitor] -     WARNING (CMI-2943): Parameter checks have been ignored because the valid value for parameter 'trise' could not be found in 'C5'. {"history": "Interactive.60", "point": 4, "testname": "TRAN_VIN", "cornername": "CMOS_RES_CAP_TEMP_2"}
[2026-04-18 21:22:38.121 Z] [WARN] [cadence.virtuoso.ade.simulationMonitor] -     WARNING (CMI-2943): Parameter checks have been ignored because the valid value for parameter 'trise' could not be found in 'C0'. {"history": "Interactive.60", "point": 4, "testname": "TRAN_VIN", "cornername": "CMOS_RES_CAP_TEMP_2"}
[2026-04-18 21:22:38.122 Z] [WARN] [cadence.virtuoso.ade.simulationMonitor] -     WARNING (CMI-2943): Parameter checks have been ignored because the valid value for parameter 'trise' could not be found in 'I0.I1.I4.R5.CM'. {"history": "Interactive.60", "point": 4, "testname": "TRAN_VIN", "cornername": "CMOS_RES_CAP_TEMP_2"}
[2026-04-18 21:22:38.122 Z] [WARN] [cadence.virtuoso.ade.simulationMonitor] -     WARNING (CMI-2943): Parameter checks have been ignored because the valid value for parameter 'trise' could not be found in 'I0.I1.I4.R5.CS1'. {"history": "Interactive.60", "point": 4, "testname": "TRAN_VIN", "cornername": "CMOS_RES_CAP_TEMP_2"}
[2026-04-18 21:22:38.123 Z] [WARN] [cadence.virtuoso.ade.simulationMonitor] -     WARNING (CMI-2943): Parameter checks have been ignored because the valid value for parameter 'trise' could not be found in 'I0.I1.I4.R5.CS0'.
        Further occurrences of this warning will be suppressed. {"history": "Interactive.60", "point": 4, "testname": "TRAN_VIN", "cornername": "CMOS_RES_CAP_TEMP_2"}
[2026-04-18 21:22:38.124 Z] [INFO] [cadence.virtuoso.ade.simulationMonitor] - Notice from spectre during transient analysis `tran'.
    Output compression for transient analysis is enabled. {"history": "Interactive.60", "point": 4, "testname": "TRAN_VIN", "cornername": "CMOS_RES_CAP_TEMP_2"}
[2026-04-18 21:22:38.124 Z] [INFO] [cadence.virtuoso.ade.simulationMonitor] - Notice from spectre during transient analysis `tran'.
    Multithreading is disabled due to the size of the design being too small. {"history": "Interactive.60", "point": 4, "testname": "TRAN_VIN", "cornername": "CMOS_RES_CAP_TEMP_2"}
[2026-04-18 21:22:49.130 Z] [PROCESS] [cadence.virtuoso.ade.simulationMonitor] - Simulation cancelled {"hostname": "edatools", "processid": 3725934, "history": "Interactive.60", "testname": "TRAN_VIN", "cornername": "CMOS_RES_CAP_TEMP_2", "point": 4, "logfile": "/home/saul/projects/IL2244_VT26_SAUL/logs_saul/logs0/Job72.log"}
[2026-04-18 21:22:49.130 Z] [INFO] [cadence.virtuoso.ade.simulationMonitor] - SimulationMonitor has terminated the  process '3726120', reason: 'the simulation point gets cancelled by GUI' {"history": "Interactive.60", "point": 4, "testname": "TRAN_VIN", "cornername": "CMOS_RES_CAP_TEMP_2"}
[2026-04-18 21:22:49.153 Z] [PROCESS] [cadence.virtuoso.ade.simulationMonitor] - Finished simulating for one point {"hostname": "edatools", "processid": 3725934, "history": "Interactive.60", "testname": "TRAN_VIN", "cornername": "CMOS_RES_CAP_TEMP_2", "point": 4, "logfile": "/home/saul/projects/IL2244_VT26_SAUL/logs_saul/logs0/Job72.log", "simid": "1"}
[2026-04-18 21:22:49.153 Z] [PROCESS] [cadence.virtuoso.ade.simulationMonitor] - Simulator exited {"hostname": "edatools", "processid": 3725934, "history": "Interactive.60", "testname": "TRAN_VIN", "cornername": "CMOS_RES_CAP_TEMP_2", "point": 4, "logfile": "/home/saul/projects/IL2244_VT26_SAUL/logs_saul/logs0/Job72.log", "exitStatus": "0"}
[2026-04-18 21:22:49.153 Z] [PROCESS] [cadence.virtuoso.ade.simulationMonitor] - Finished Simulation {"hostname": "edatools", "processid": 3725934, "history": "Interactive.60", "testname": "TRAN_VIN", "cornername": "CMOS_RES_CAP_TEMP_2", "point": 4, "logfile": "/home/saul/projects/IL2244_VT26_SAUL/logs_saul/logs0/Job72.log", "simid": "1"}
[2026-04-18 21:22:49.158 Z] [PROCESS] [cadence.virtuoso.ade.simulationMonitor] - Point Finished {"hostname": "edatools", "processid": 3725934, "history": "Interactive.60", "testname": "TRAN_VIN", "cornername": "CMOS_RES_CAP_TEMP_2", "point": 4, "logfile": "/home/saul/projects/IL2244_VT26_SAUL/logs_saul/logs0/Job72.log"}
[2026-04-18 21:22:55.668 Z] [PROCESS] [cadence.virtuoso.ade.simulationMonitor] - Current memory used: 52.2656 MBytes, peak memory used: 52.2656 MBytes {"hostname": "edatools", "processid": 3725934, "history": "Interactive.60", "testname": "TRAN_VIN", "cornername": "CMOS_RES_CAP_TEMP_2", "point": 4, "logfile": "/home/saul/projects/IL2244_VT26_SAUL/logs_saul/logs0/Job72.log"}
[2026-04-18 21:22:55.669 Z] [PROCESS] [cadence.virtuoso.ade.simulationMonitor] - Simulation Monitor process exit. {"hostname": "edatools", "processid": 3725934, "history": "Interactive.60", "testname": "TRAN_VIN", "cornername": "CMOS_RES_CAP_TEMP_2", "point": 4, "logfile": "/home/saul/projects/IL2244_VT26_SAUL/logs_saul/logs0/Job72.log"}
