[Simulation Monitor: 8]
[2026-04-08 08:53:41.311 Z] [PROCESS] [cadence.virtuoso.ade.simulationMonitor] - Simulation Monitor has successfully started up. Trying to set up communication channels to other components ... {"hostname": "edatools", "processid": 40411, "logfile": "/home/saul/projects/IL2244_VT26_SAUL/logs_saul/logs0/Job8.log"}
[2026-04-08 08:53:41.312 Z] [PROCESS] [cadence.virtuoso.ade.simulationMonitor] - Communication channels have been successfully set up. Start processing events ... {"hostname": "edatools", "processid": 40411, "logfile": "/home/saul/projects/IL2244_VT26_SAUL/logs_saul/logs0/Job8.log"}
[2026-04-08 08:53:41.312 Z] [PROCESS] [cadence.virtuoso.ade.simulationMonitor] - Considering to start history {"hostname": "edatools", "processid": 40411, "history": "Interactive.41", "logfile": "/home/saul/projects/IL2244_VT26_SAUL/logs_saul/logs0/Job8.log"}
[2026-04-08 08:53:41.313 Z] [PROCESS] [cadence.virtuoso.ade.simulationMonitor] - HostInfo:
Host name (type):	edatools (x86_64)
Operating system:	Linux 6.17.0-20-generic #20~24.04.1-Ubuntu SMP PREEMPT_DYNAMIC Thu Mar 19 01:28:37 UTC 2 {"hostname": "edatools", "processid": 40411, "history": "Interactive.41", "logfile": "/home/saul/projects/IL2244_VT26_SAUL/logs_saul/logs0/Job8.log", "nodename": "edatools", "domainname": "(none)", "machine": "x86_64", "sysname": "Linux", "release": "6.17.0-20-generic", "version": "#20~24.04.1-Ubuntu SMP PREEMPT_DYNAMIC Thu Mar 19 01:28:37 UTC 2"}
[2026-04-08 08:53:41.313 Z] [PROCESS] [cadence.virtuoso.ade.simulationMonitor] - UsageInfo:
pid=40411
totalPhysicalMemory=62.544991GB,Used=18.333767GB,totalVirtualMemory=70.544987GB,Used=18.333767GB
Cpu: Cores=16, Load average:0.450000,0.390000,0.430000 {"hostname": "edatools", "processid": 40411, "history": "Interactive.41", "logfile": "/home/saul/projects/IL2244_VT26_SAUL/logs_saul/logs0/Job8.log", "pid": "40411", "totalPhysicalMemory": "62.544991", "physicalMemoryUsed": "18.333767", "totalVirtualMemory": "70.544987", "virtualMemoryUsed": "18.333767", "cpuCores": "16", "processes": "1966", "loadAverage1": "0.450000", "loadAverage5": "0.390000", "loadAverage15": "0.430000", "loadAverage1Percent": "0.028125"}
[2026-04-08 08:53:41.313 Z] [EVENT] [cadence.virtuoso.ade.simulationMonitor] - NewPoint {"history": "Interactive.41", "point": 1, "testname": "STAB", "cornername": "Nominal", "event": "NewPoint", "EventSource": "Simulation Monitor", "HistoryName": "Interactive.41", "logFile": "/home/saul/projects/IL2244_VT26_SAUL/logs_saul/logs0/Job8.log", "logFileSize": "2185"}
[2026-04-08 08:53:41.414 Z] [EVENT] [cadence.virtuoso.ade.simulationMonitor] - NewPoint {"history": "Interactive.41", "point": 1, "testname": "STAB", "cornername": "Nominal", "event": "NewPoint", "EventSource": "spectre", "HistoryName": "Interactive.41", "logFile": "/home/saul/projects/IL2244_VT26_SAUL/Sim/FECG/fecg_cmfb_tb/maestro/results/maestro/Interactive.41/1/STAB/psf/spectre.out", "logFileSize": "-1"}
[2026-04-08 08:53:41.428 Z] [PROCESS] [cadence.virtuoso.ade.simulationMonitor] - Simulator launched {"hostname": "edatools", "processid": 40411, "history": "Interactive.41", "testname": "STAB", "cornername": "Nominal", "point": 1, "logfile": "/home/saul/projects/IL2244_VT26_SAUL/logs_saul/logs0/Job8.log", "simid": "1"}
[2026-04-08 08:53:41.432 Z] [PROCESS] [cadence.virtuoso.ade.simulationMonitor] - Expression evaluator launched {"hostname": "edatools", "processid": 40411, "history": "Interactive.41", "testname": "STAB", "cornername": "Nominal", "point": 1, "logfile": "/home/saul/projects/IL2244_VT26_SAUL/logs_saul/logs0/Job8.log"}
[2026-04-08 08:53:41.467 Z] [PROCESS] [cadence.virtuoso.ade.simulationMonitor] - Started Simulation {"hostname": "edatools", "processid": 40411, "history": "Interactive.41", "testname": "STAB", "cornername": "Nominal", "point": 1, "logfile": "/home/saul/projects/IL2244_VT26_SAUL/logs_saul/logs0/Job8.log", "event": "started", "task": "simulation"}
[2026-04-08 08:53:41.968 Z] [INFO] [cadence.virtuoso.ade.simulationMonitor] - Notice from spectre during circuit read-in.
    Pre_Configuration file used: /opt/tools/cadence/installs/SPECTRE241/tools.lnx86/spectre/etc/configs/preset.precfg
    Configuration file used: `/opt/tools/cadence/installs/SPECTRE241/tools.lnx86/spectre/etc/configs/preset.cfg'. {"history": "Interactive.41", "point": 1, "testname": "STAB", "cornername": "Nominal"}
[2026-04-08 08:53:41.968 Z] [WARN] [cadence.virtuoso.ade.simulationMonitor] -     WARNING (SPECTRE-8360): line 1511: `ac' is an undefined primitive device. {"history": "Interactive.41", "point": 1, "testname": "STAB", "cornername": "Nominal"}
[2026-04-08 08:53:41.968 Z] [WARN] [cadence.virtuoso.ade.simulationMonitor] -     WARNING (SPECTRE-8360): line 1512: `ac' is an undefined primitive device. {"history": "Interactive.41", "point": 1, "testname": "STAB", "cornername": "Nominal"}
[2026-04-08 08:53:41.968 Z] [WARN] [cadence.virtuoso.ade.simulationMonitor] -     WARNING (SPECTRE-8360): line 1513: `ac' is an undefined primitive device. {"history": "Interactive.41", "point": 1, "testname": "STAB", "cornername": "Nominal"}
[2026-04-08 08:53:41.968 Z] [WARN] [cadence.virtuoso.ade.simulationMonitor] -     WARNING (SPECTRE-8360): line 1514: `ac' is an undefined primitive device. {"history": "Interactive.41", "point": 1, "testname": "STAB", "cornername": "Nominal"}
[2026-04-08 08:53:41.968 Z] [WARN] [cadence.virtuoso.ade.simulationMonitor] -     WARNING (SPECTRE-8360): line 1515: `ac' is an undefined primitive device.
        Further occurrences of this warning will be suppressed. {"history": "Interactive.41", "point": 1, "testname": "STAB", "cornername": "Nominal"}
[2026-04-08 08:53:41.968 Z] [INFO] [cadence.virtuoso.ade.simulationMonitor] - Peak resident memory used = 171 Mbytes. {"history": "Interactive.41", "point": 1, "testname": "STAB", "cornername": "Nominal"}
[2026-04-08 08:53:41.968 Z] [WARN] [cadence.virtuoso.ade.simulationMonitor] -     WARNING (VACOMP-2435): The environment variable CDS_AHDLCMI_ENABLE is no longer supported. Therefore, the simulator will use the default compiled C code flow. {"history": "Interactive.41", "point": 1, "testname": "STAB", "cornername": "Nominal"}
[2026-04-08 08:53:41.968 Z] [WARN] [cadence.virtuoso.ade.simulationMonitor] -     WARNING (SFE-3029): The dummy capacitor C8 is removed. {"history": "Interactive.41", "point": 1, "testname": "STAB", "cornername": "Nominal"}
[2026-04-08 08:53:41.969 Z] [INFO] [cadence.virtuoso.ade.simulationMonitor] - Peak resident memory used = 187 Mbytes. {"history": "Interactive.41", "point": 1, "testname": "STAB", "cornername": "Nominal"}
[2026-04-08 08:53:41.969 Z] [INFO] [cadence.virtuoso.ade.simulationMonitor] - Notice from spectre during hierarchy flattening.
    The value 'psf' specified for the 'checklimitdest' option will no longer be supported in future releases. Use 'spectre -h' to see other recommended values for the 'checklimitdest' option.
    I7.R7.CS0 of rpolyhc: `c' has the unusually small value of 0 F.
    I7.R7.CS1 of rpolyhc: `c' has the unusually small value of 0 F. {"history": "Interactive.41", "point": 1, "testname": "STAB", "cornername": "Nominal"}
[2026-04-08 08:53:41.969 Z] [INFO] [cadence.virtuoso.ade.simulationMonitor] - Peak resident memory used = 189 Mbytes. {"history": "Interactive.41", "point": 1, "testname": "STAB", "cornername": "Nominal"}
[2026-04-08 08:53:41.969 Z] [WARN] [cadence.virtuoso.ade.simulationMonitor] -     WARNING (CMI-2425): I7.I5.C1: `Acde' = 2.393 is unusually large. {"history": "Interactive.41", "point": 1, "testname": "STAB", "cornername": "Nominal"}
[2026-04-08 08:53:41.969 Z] [WARN] [cadence.virtuoso.ade.simulationMonitor] -     WARNING (CMI-2425): I7.I5.C1: `Noff' = 4.732 is unusually large. {"history": "Interactive.41", "point": 1, "testname": "STAB", "cornername": "Nominal"}
[2026-04-08 08:53:41.969 Z] [WARN] [cadence.virtuoso.ade.simulationMonitor] -     WARNING (CMI-2424): I7.I5.C1: `Voffcv' = -867.4e-03 is unusually small. {"history": "Interactive.41", "point": 1, "testname": "STAB", "cornername": "Nominal"}
[2026-04-08 08:53:41.969 Z] [WARN] [cadence.virtuoso.ade.simulationMonitor] -     WARNING (CMI-2425): I7.C0: `Acde' = 2.393 is unusually large. {"history": "Interactive.41", "point": 1, "testname": "STAB", "cornername": "Nominal"}
[2026-04-08 08:53:41.969 Z] [WARN] [cadence.virtuoso.ade.simulationMonitor] -     WARNING (CMI-2425): I7.C0: `Noff' = 4.732 is unusually large. {"history": "Interactive.41", "point": 1, "testname": "STAB", "cornername": "Nominal"}
[2026-04-08 08:53:41.969 Z] [WARN] [cadence.virtuoso.ade.simulationMonitor] -     WARNING (CMI-2424): I7.C0: `Voffcv' = -867.4e-03 is unusually small. {"history": "Interactive.41", "point": 1, "testname": "STAB", "cornername": "Nominal"}
[2026-04-08 08:53:41.969 Z] [WARN] [cadence.virtuoso.ade.simulationMonitor] -     WARNING (SPECTRE-17607): Assert `SOAC_rpolyh_vminuspsub' is ignored because it contains an expression which is invalid or not supported by native evaluator.  {"history": "Interactive.41", "point": 1, "testname": "STAB", "cornername": "Nominal"}
[2026-04-08 08:53:41.969 Z] [WARN] [cadence.virtuoso.ade.simulationMonitor] -     WARNING (SPECTRE-17607): Assert `SOAC_rpolyh_vpluspsub' is ignored because it contains an expression which is invalid or not supported by native evaluator.  {"history": "Interactive.41", "point": 1, "testname": "STAB", "cornername": "Nominal"}
[2026-04-08 08:53:41.969 Z] [WARN] [cadence.virtuoso.ade.simulationMonitor] -     WARNING (SPECTRE-16460): SOAC_cvarm_vspsub:Specified subcircuit master `cvarm' was not found. {"history": "Interactive.41", "point": 1, "testname": "STAB", "cornername": "Nominal"}
[2026-04-08 08:53:41.969 Z] [WARN] [cadence.virtuoso.ade.simulationMonitor] -     WARNING (SPECTRE-16462): SOAC_cvarm_vspsub:Error in specification of subcircuit master. Assert is ignored. {"history": "Interactive.41", "point": 1, "testname": "STAB", "cornername": "Nominal"}
[2026-04-08 08:53:41.969 Z] [WARN] [cadence.virtuoso.ade.simulationMonitor] -     WARNING (SPECTRE-16460): SOAC_cvarm_vbs:Specified subcircuit master `cvarm' was not found. {"history": "Interactive.41", "point": 1, "testname": "STAB", "cornername": "Nominal"}
[2026-04-08 08:53:41.969 Z] [WARN] [cadence.virtuoso.ade.simulationMonitor] -     WARNING (SPECTRE-16462): SOAC_cvarm_vbs:Error in specification of subcircuit master. Assert is ignored. {"history": "Interactive.41", "point": 1, "testname": "STAB", "cornername": "Nominal"}
[2026-04-08 08:53:41.969 Z] [WARN] [cadence.virtuoso.ade.simulationMonitor] -     WARNING (SPECTRE-16460): SOAC_cvarm_vgb:Specified subcircuit master `cvarm' was not found. {"history": "Interactive.41", "point": 1, "testname": "STAB", "cornername": "Nominal"}
[2026-04-08 08:53:41.969 Z] [WARN] [cadence.virtuoso.ade.simulationMonitor] -     WARNING (SPECTRE-16462): SOAC_cvarm_vgb:Error in specification of subcircuit master. Assert is ignored. {"history": "Interactive.41", "point": 1, "testname": "STAB", "cornername": "Nominal"}
[2026-04-08 08:53:41.969 Z] [WARN] [cadence.virtuoso.ade.simulationMonitor] -     WARNING (SPECTRE-16460): SOAC_cvart_vspsub:Specified subcircuit master `cvart' was not found. {"history": "Interactive.41", "point": 1, "testname": "STAB", "cornername": "Nominal"}
[2026-04-08 08:53:41.970 Z] [WARN] [cadence.virtuoso.ade.simulationMonitor] -     WARNING (SPECTRE-16462): SOAC_cvart_vspsub:Error in specification of subcircuit master. Assert is ignored. {"history": "Interactive.41", "point": 1, "testname": "STAB", "cornername": "Nominal"}
[2026-04-08 08:53:41.970 Z] [WARN] [cadence.virtuoso.ade.simulationMonitor] -     WARNING (SPECTRE-16460): SOAC_cvart_vbs:Specified subcircuit master `cvart' was not found.
        Further occurrences of this warning will be suppressed. {"history": "Interactive.41", "point": 1, "testname": "STAB", "cornername": "Nominal"}
[2026-04-08 08:53:41.970 Z] [WARN] [cadence.virtuoso.ade.simulationMonitor] -     WARNING (SPECTRE-16462): SOAC_cvart_vbs:Error in specification of subcircuit master. Assert is ignored.
        Further occurrences of this warning will be suppressed. {"history": "Interactive.41", "point": 1, "testname": "STAB", "cornername": "Nominal"}
[2026-04-08 08:53:41.970 Z] [WARN] [cadence.virtuoso.ade.simulationMonitor] -     WARNING (SPECTRE-17607): Assert `SOAC_cvar_vspsub' is ignored because it contains an expression which is invalid or not supported by native evaluator.  {"history": "Interactive.41", "point": 1, "testname": "STAB", "cornername": "Nominal"}
[2026-04-08 08:53:41.970 Z] [WARN] [cadence.virtuoso.ade.simulationMonitor] -     WARNING (SPECTRE-17607): Assert `SOAC_cvar_vbpsub' is ignored because it contains an expression which is invalid or not supported by native evaluator.  {"history": "Interactive.41", "point": 1, "testname": "STAB", "cornername": "Nominal"}
[2026-04-08 08:53:41.970 Z] [WARN] [cadence.virtuoso.ade.simulationMonitor] -     WARNING (SPECTRE-17607): Assert `SOAC_cvar_vgpsub' is ignored because it contains an expression which is invalid or not supported by native evaluator. 
        Further occurrences of this warning will be suppressed. {"history": "Interactive.41", "point": 1, "testname": "STAB", "cornername": "Nominal"}
[2026-04-08 08:53:42.471 Z] [INFO] [cadence.virtuoso.ade.simulationMonitor] - Notice from spectre during topology check.
    Only one connection to node `I7.net1'.
    No DC path from node `VA' to ground, Gmin installed to provide path.
    No DC path from node `I7.net1' to ground, Gmin installed to provide path. {"history": "Interactive.41", "point": 1, "testname": "STAB", "cornername": "Nominal"}
[2026-04-08 08:53:42.472 Z] [INFO] [cadence.virtuoso.ade.simulationMonitor] - Notice from spectre during initial setup.
    Multithreading is disabled due to the size of the design being too small. {"history": "Interactive.41", "point": 1, "testname": "STAB", "cornername": "Nominal"}
[2026-04-08 08:53:42.473 Z] [INFO] [cadence.virtuoso.ade.simulationMonitor] -               nodes 66 {"history": "Interactive.41", "point": 1, "testname": "STAB", "cornername": "Nominal"}
[2026-04-08 08:53:42.473 Z] [INFO] [cadence.virtuoso.ade.simulationMonitor] - Notice from spectre during initial setup.
    2 resistors are shorted because their absolute value is less than or equal to 'rabsshort'.
    1 vsources are shorted because their absolute value is less than or equal to 'vabsshort'.
    Spectre X preset=cx enabled.
    I7.R7.CS1 of rpolyhc: `ceff' has the unusually small value of 0 F.
    I7.R7.CS0 of rpolyhc: `ceff' has the unusually small value of 0 F. {"history": "Interactive.41", "point": 1, "testname": "STAB", "cornername": "Nominal"}
[2026-04-08 08:53:42.474 Z] [WARN] [cadence.virtuoso.ade.simulationMonitor] -     WARNING (CMI-2425): I7.I5.C1: `Acde' = 2.393 is unusually large.
        Further occurrences of this warning will be suppressed. {"history": "Interactive.41", "point": 1, "testname": "STAB", "cornername": "Nominal"}
[2026-04-08 08:53:42.474 Z] [WARN] [cadence.virtuoso.ade.simulationMonitor] -     WARNING (CMI-2424): I7.I5.C1: `Voffcv' = -867.4e-03 is unusually small. {"history": "Interactive.41", "point": 1, "testname": "STAB", "cornername": "Nominal"}
[2026-04-08 08:53:42.474 Z] [WARN] [cadence.virtuoso.ade.simulationMonitor] -     WARNING (CMI-2424): I7.C0: `Voffcv' = -867.4e-03 is unusually small. {"history": "Interactive.41", "point": 1, "testname": "STAB", "cornername": "Nominal"}
[2026-04-08 08:53:42.475 Z] [INFO] [cadence.virtuoso.ade.simulationMonitor] - Notice from spectre.
    79 warnings suppressed. {"history": "Interactive.41", "point": 1, "testname": "STAB", "cornername": "Nominal"}
[2026-04-08 08:53:42.475 Z] [INFO] [cadence.virtuoso.ade.simulationMonitor] - Peak resident memory used = 196 Mbytes. {"history": "Interactive.41", "point": 1, "testname": "STAB", "cornername": "Nominal"}
[2026-04-08 08:53:42.475 Z] [INFO] [cadence.virtuoso.ade.simulationMonitor] -    -   (Spectre X) Multi-threading. The recommended number of threads is 1, consider adding +mt=1 on command line. {"history": "Interactive.41", "point": 1, "testname": "STAB", "cornername": "Nominal"}
[2026-04-08 08:53:42.476 Z] [INFO] [cadence.virtuoso.ade.simulationMonitor] - Notice from spectre during DC analysis `dcOp'.
    No checklimit analysis defined for asserts. A default checklimit analysis 'SpectreChecklimitAnal' has been created with all asserts enabled. {"history": "Interactive.41", "point": 1, "testname": "STAB", "cornername": "Nominal"}
[2026-04-08 08:53:42.476 Z] [INFO] [cadence.virtuoso.ade.simulationMonitor] - Notice from spectre during DC analysis `dcOp'.
    GminDC = 1 pS is large enough to noticeably affect the DC solution.
        dV(I7.I5.C1.d1) = 2.5885 mV
        Use the `gmin_check' option to eliminate or expand this report.
    Bad pivoting is found during DC analysis. Option dc_pivot_check=yes is recommended for possible improvement of convergence. {"history": "Interactive.41", "point": 1, "testname": "STAB", "cornername": "Nominal"}
[2026-04-08 08:53:42.476 Z] [WARN] [cadence.virtuoso.ade.simulationMonitor] -     WARNING (CMI-2943): Parameter checks have been ignored because the valid value for parameter 'trise' could not be found in 'C0'. {"history": "Interactive.41", "point": 1, "testname": "STAB", "cornername": "Nominal"}
[2026-04-08 08:53:42.477 Z] [WARN] [cadence.virtuoso.ade.simulationMonitor] -     WARNING (CMI-2943): Parameter checks have been ignored because the valid value for parameter 'trise' could not be found in 'C1'. {"history": "Interactive.41", "point": 1, "testname": "STAB", "cornername": "Nominal"}
[2026-04-08 08:53:42.477 Z] [WARN] [cadence.virtuoso.ade.simulationMonitor] -     WARNING (CMI-2943): Parameter checks have been ignored because the valid value for parameter 'trise' could not be found in 'C4'. {"history": "Interactive.41", "point": 1, "testname": "STAB", "cornername": "Nominal"}
[2026-04-08 08:53:42.478 Z] [WARN] [cadence.virtuoso.ade.simulationMonitor] -     WARNING (CMI-2943): Parameter checks have been ignored because the valid value for parameter 'trise' could not be found in 'C5'. {"history": "Interactive.41", "point": 1, "testname": "STAB", "cornername": "Nominal"}
[2026-04-08 08:53:42.478 Z] [WARN] [cadence.virtuoso.ade.simulationMonitor] -     WARNING (CMI-2943): Parameter checks have been ignored because the valid value for parameter 'trise' could not be found in 'C6'.
        Further occurrences of this warning will be suppressed. {"history": "Interactive.41", "point": 1, "testname": "STAB", "cornername": "Nominal"}
[2026-04-08 08:53:42.478 Z] [INFO] [cadence.virtuoso.ade.simulationMonitor] - Total time required for dc analysis `dcOp': CPU = 31.544 ms, elapsed = 42.9971 ms, util. = 73.4%. {"history": "Interactive.41", "point": 1, "testname": "STAB", "cornername": "Nominal"}
[2026-04-08 08:53:42.479 Z] [INFO] [cadence.virtuoso.ade.simulationMonitor] - Peak resident memory used = 203 Mbytes. {"history": "Interactive.41", "point": 1, "testname": "STAB", "cornername": "Nominal"}
[2026-04-08 08:53:42.479 Z] [INFO] [cadence.virtuoso.ade.simulationMonitor] - Notice from spectre.
    47 warnings suppressed. {"history": "Interactive.41", "point": 1, "testname": "STAB", "cornername": "Nominal"}
[2026-04-08 08:53:42.479 Z] [WARN] [cadence.virtuoso.ade.simulationMonitor] -     WARNING (CMI-2425): I7.C0: `Acde' = 2.393 is unusually large. {"history": "Interactive.41", "point": 1, "testname": "STAB", "cornername": "Nominal"}
[2026-04-08 08:53:42.480 Z] [WARN] [cadence.virtuoso.ade.simulationMonitor] -     WARNING (CMI-2425): I7.C0: `Noff' = 4.732 is unusually large. {"history": "Interactive.41", "point": 1, "testname": "STAB", "cornername": "Nominal"}
[2026-04-08 08:53:42.480 Z] [WARN] [cadence.virtuoso.ade.simulationMonitor] -     WARNING (CMI-2424): I7.C0: `Voffcv' = -867.4e-03 is unusually small. {"history": "Interactive.41", "point": 1, "testname": "STAB", "cornername": "Nominal"}
[2026-04-08 08:53:42.480 Z] [WARN] [cadence.virtuoso.ade.simulationMonitor] -     WARNING (CMI-2425): I7.I5.C1: `Acde' = 2.393 is unusually large. {"history": "Interactive.41", "point": 1, "testname": "STAB", "cornername": "Nominal"}
[2026-04-08 08:53:42.480 Z] [WARN] [cadence.virtuoso.ade.simulationMonitor] -     WARNING (CMI-2425): I7.I5.C1: `Noff' = 4.732 is unusually large. {"history": "Interactive.41", "point": 1, "testname": "STAB", "cornername": "Nominal"}
[2026-04-08 08:53:42.480 Z] [WARN] [cadence.virtuoso.ade.simulationMonitor] -     WARNING (CMI-2424): I7.I5.C1: `Voffcv' = -867.4e-03 is unusually small. {"history": "Interactive.41", "point": 1, "testname": "STAB", "cornername": "Nominal"}
[2026-04-08 08:53:42.480 Z] [WARN] [cadence.virtuoso.ade.simulationMonitor] -     WARNING: BSIM3v3 MOS Transistor - frequency dependent components are present in the circuit, approximated as AC equivalents at 1.000000e+00Hz for pz analysis. {"history": "Interactive.41", "point": 1, "testname": "STAB", "cornername": "Nominal"}
[2026-04-08 08:53:42.480 Z] [INFO] [cadence.virtuoso.ade.simulationMonitor] - Notice from spectre during DC analysis, during PZ analysis `pz'.
    GminDC = 1 pS is large enough to noticeably affect the DC solution.
        dV(I7.I5.C1.d1) = 2.5885 mV
        Use the `gmin_check' option to eliminate or expand this report.
    Bad pivoting is found during DC analysis. Option dc_pivot_check=yes is recommended for possible improvement of convergence. {"history": "Interactive.41", "point": 1, "testname": "STAB", "cornername": "Nominal"}
[2026-04-08 08:53:42.480 Z] [WARN] [cadence.virtuoso.ade.simulationMonitor] -     WARNING (CMI-2943): Parameter checks have been ignored because the valid value for parameter 'trise' could not be found in 'C0'. {"history": "Interactive.41", "point": 1, "testname": "STAB", "cornername": "Nominal"}
[2026-04-08 08:53:42.480 Z] [WARN] [cadence.virtuoso.ade.simulationMonitor] -     WARNING (CMI-2943): Parameter checks have been ignored because the valid value for parameter 'trise' could not be found in 'C1'. {"history": "Interactive.41", "point": 1, "testname": "STAB", "cornername": "Nominal"}
[2026-04-08 08:53:42.480 Z] [WARN] [cadence.virtuoso.ade.simulationMonitor] -     WARNING (CMI-2943): Parameter checks have been ignored because the valid value for parameter 'trise' could not be found in 'C4'. {"history": "Interactive.41", "point": 1, "testname": "STAB", "cornername": "Nominal"}
[2026-04-08 08:53:42.480 Z] [WARN] [cadence.virtuoso.ade.simulationMonitor] -     WARNING (CMI-2943): Parameter checks have been ignored because the valid value for parameter 'trise' could not be found in 'C5'. {"history": "Interactive.41", "point": 1, "testname": "STAB", "cornername": "Nominal"}
[2026-04-08 08:53:42.480 Z] [WARN] [cadence.virtuoso.ade.simulationMonitor] -     WARNING (CMI-2943): Parameter checks have been ignored because the valid value for parameter 'trise' could not be found in 'C6'.
        Further occurrences of this warning will be suppressed. {"history": "Interactive.41", "point": 1, "testname": "STAB", "cornername": "Nominal"}
[2026-04-08 08:53:42.480 Z] [INFO] [cadence.virtuoso.ade.simulationMonitor] - Notice from spectre at 0 during DC analysis, during PZ analysis `pz'.
    GminDC = 1 pS is large enough to noticeably affect the DC solution.
        dV(I7.I5.C1.d1) = 2.5885 mV
        Use the `gmin_check' option to eliminate or expand this report. {"history": "Interactive.41", "point": 1, "testname": "STAB", "cornername": "Nominal"}
[2026-04-08 08:53:42.480 Z] [WARN] [cadence.virtuoso.ade.simulationMonitor] -     WARNING (UWI-8101): The specified waveform format 'psf' (improper context for requested action) could not be added. The simulator will ignore the waveform. Check the application programming interface (API) before running the simulation again. {"history": "Interactive.41", "point": 1, "testname": "STAB", "cornername": "Nominal"}
[2026-04-08 08:53:42.480 Z] [WARN] [cadence.virtuoso.ade.simulationMonitor] -     WARNING (UWI-8101): The specified waveform format 'psf' (improper context for requested action) could not be added. The simulator will ignore the waveform. Check the application programming interface (API) before running the simulation again. {"history": "Interactive.41", "point": 1, "testname": "STAB", "cornername": "Nominal"}
[2026-04-08 08:53:42.480 Z] [WARN] [cadence.virtuoso.ade.simulationMonitor] -     WARNING (UWI-8101): The specified waveform format 'psf' (improper context for requested action) could not be added. The simulator will ignore the waveform. Check the application programming interface (API) before running the simulation again. {"history": "Interactive.41", "point": 1, "testname": "STAB", "cornername": "Nominal"}
[2026-04-08 08:53:42.481 Z] [WARN] [cadence.virtuoso.ade.simulationMonitor] -     WARNING (UWI-8101): The specified waveform format 'psf' (improper context for requested action) could not be added. The simulator will ignore the waveform. Check the application programming interface (API) before running the simulation again. {"history": "Interactive.41", "point": 1, "testname": "STAB", "cornername": "Nominal"}
[2026-04-08 08:53:42.481 Z] [WARN] [cadence.virtuoso.ade.simulationMonitor] -     WARNING (UWI-8101): The specified waveform format 'psf' (improper context for requested action) could not be added. The simulator will ignore the waveform. Check the application programming interface (API) before running the simulation again.
        Further occurrences of this warning will be suppressed. {"history": "Interactive.41", "point": 1, "testname": "STAB", "cornername": "Nominal"}
[2026-04-08 08:53:42.481 Z] [INFO] [cadence.virtuoso.ade.simulationMonitor] - Total time required for pz analysis `pz': CPU = 21.842 ms, elapsed = 25.737 ms, util. = 84.9%. {"history": "Interactive.41", "point": 1, "testname": "STAB", "cornername": "Nominal"}
[2026-04-08 08:53:42.481 Z] [INFO] [cadence.virtuoso.ade.simulationMonitor] - Peak resident memory used = 211 Mbytes. {"history": "Interactive.41", "point": 1, "testname": "STAB", "cornername": "Nominal"}
[2026-04-08 08:53:42.481 Z] [INFO] [cadence.virtuoso.ade.simulationMonitor] - Notice from spectre.
    133 warnings suppressed. {"history": "Interactive.41", "point": 1, "testname": "STAB", "cornername": "Nominal"}
[2026-04-08 08:53:42.481 Z] [WARN] [cadence.virtuoso.ade.simulationMonitor] -     WARNING (CMI-2425): I7.C0: `Acde' = 2.393 is unusually large. {"history": "Interactive.41", "point": 1, "testname": "STAB", "cornername": "Nominal"}
[2026-04-08 08:53:42.481 Z] [WARN] [cadence.virtuoso.ade.simulationMonitor] -     WARNING (CMI-2425): I7.C0: `Noff' = 4.732 is unusually large. {"history": "Interactive.41", "point": 1, "testname": "STAB", "cornername": "Nominal"}
[2026-04-08 08:53:42.481 Z] [WARN] [cadence.virtuoso.ade.simulationMonitor] -     WARNING (CMI-2424): I7.C0: `Voffcv' = -867.4e-03 is unusually small. {"history": "Interactive.41", "point": 1, "testname": "STAB", "cornername": "Nominal"}
[2026-04-08 08:53:42.481 Z] [WARN] [cadence.virtuoso.ade.simulationMonitor] -     WARNING (CMI-2425): I7.I5.C1: `Acde' = 2.393 is unusually large. {"history": "Interactive.41", "point": 1, "testname": "STAB", "cornername": "Nominal"}
[2026-04-08 08:53:42.481 Z] [WARN] [cadence.virtuoso.ade.simulationMonitor] -     WARNING (CMI-2425): I7.I5.C1: `Noff' = 4.732 is unusually large. {"history": "Interactive.41", "point": 1, "testname": "STAB", "cornername": "Nominal"}
[2026-04-08 08:53:42.481 Z] [WARN] [cadence.virtuoso.ade.simulationMonitor] -     WARNING (CMI-2424): I7.I5.C1: `Voffcv' = -867.4e-03 is unusually small. {"history": "Interactive.41", "point": 1, "testname": "STAB", "cornername": "Nominal"}
[2026-04-08 08:53:42.481 Z] [INFO] [cadence.virtuoso.ade.simulationMonitor] - Notice from spectre during IC analysis, during transient analysis `tran'.
    GminDC = 1 pS is large enough to noticeably affect the DC solution.
        dV(I7.I5.C1.d1) = 2.5885 mV
        Use the `gmin_check' option to eliminate or expand this report.
    Bad pivoting is found during DC analysis. Option dc_pivot_check=yes is recommended for possible improvement of convergence. {"history": "Interactive.41", "point": 1, "testname": "STAB", "cornername": "Nominal"}
[2026-04-08 08:53:42.481 Z] [WARN] [cadence.virtuoso.ade.simulationMonitor] -     WARNING (CMI-2943): Parameter checks have been ignored because the valid value for parameter 'trise' could not be found in 'C0'. {"history": "Interactive.41", "point": 1, "testname": "STAB", "cornername": "Nominal"}
[2026-04-08 08:53:42.481 Z] [WARN] [cadence.virtuoso.ade.simulationMonitor] -     WARNING (CMI-2943): Parameter checks have been ignored because the valid value for parameter 'trise' could not be found in 'C1'. {"history": "Interactive.41", "point": 1, "testname": "STAB", "cornername": "Nominal"}
[2026-04-08 08:53:42.481 Z] [WARN] [cadence.virtuoso.ade.simulationMonitor] -     WARNING (CMI-2943): Parameter checks have been ignored because the valid value for parameter 'trise' could not be found in 'C4'. {"history": "Interactive.41", "point": 1, "testname": "STAB", "cornername": "Nominal"}
[2026-04-08 08:53:42.481 Z] [WARN] [cadence.virtuoso.ade.simulationMonitor] -     WARNING (CMI-2943): Parameter checks have been ignored because the valid value for parameter 'trise' could not be found in 'C5'. {"history": "Interactive.41", "point": 1, "testname": "STAB", "cornername": "Nominal"}
[2026-04-08 08:53:42.481 Z] [WARN] [cadence.virtuoso.ade.simulationMonitor] -     WARNING (CMI-2943): Parameter checks have been ignored because the valid value for parameter 'trise' could not be found in 'C6'.
        Further occurrences of this warning will be suppressed. {"history": "Interactive.41", "point": 1, "testname": "STAB", "cornername": "Nominal"}
[2026-04-08 08:53:42.481 Z] [INFO] [cadence.virtuoso.ade.simulationMonitor] - Notice from spectre during transient analysis `tran'.
    Multithreading is disabled due to the size of the design being too small. {"history": "Interactive.41", "point": 1, "testname": "STAB", "cornername": "Nominal"}
[2026-04-08 08:53:42.481 Z] [INFO] [cadence.virtuoso.ade.simulationMonitor] - Total time required for tran analysis `tran': CPU = 18.312 ms, elapsed = 20.3631 ms, util. = 89.9%. {"history": "Interactive.41", "point": 1, "testname": "STAB", "cornername": "Nominal"}
[2026-04-08 08:53:42.481 Z] [INFO] [cadence.virtuoso.ade.simulationMonitor] - Peak resident memory used = 214 Mbytes. {"history": "Interactive.41", "point": 1, "testname": "STAB", "cornername": "Nominal"}
[2026-04-08 08:53:42.481 Z] [INFO] [cadence.virtuoso.ade.simulationMonitor] - Notice from spectre.
    47 warnings suppressed. {"history": "Interactive.41", "point": 1, "testname": "STAB", "cornername": "Nominal"}
[2026-04-08 08:53:42.481 Z] [INFO] [cadence.virtuoso.ade.simulationMonitor] - Time used: CPU = 291 ms, elapsed = 591 ms, util. = 49.3%. {"history": "Interactive.41", "point": 1, "testname": "STAB", "cornername": "Nominal"}
[2026-04-08 08:53:42.481 Z] [INFO] [cadence.virtuoso.ade.simulationMonitor] - Time spent in licensing: elapsed = 46.5 ms, percentage of total = 7.86%. {"history": "Interactive.41", "point": 1, "testname": "STAB", "cornername": "Nominal"}
[2026-04-08 08:53:42.481 Z] [INFO] [cadence.virtuoso.ade.simulationMonitor] - Peak memory used = 213 Mbytes. {"history": "Interactive.41", "point": 1, "testname": "STAB", "cornername": "Nominal"}
[2026-04-08 08:53:42.481 Z] [PROCESS] [cadence.virtuoso.ade.simulationMonitor] - Simulation started at: 8:53:41 AM, Wed Apr 8, 2026, ended at: 8:53:42 AM, Wed Apr 8, 2026, with elapsed time (wall clock): 591 ms. {"history": "Interactive.41", "point": 1, "testname": "STAB", "cornername": "Nominal"}
[2026-04-08 08:53:42.482 Z] [PROCESS] [cadence.virtuoso.ade.simulationMonitor] - spectre completes with 0 errors, 64 warnings, and 29 notices. {"history": "Interactive.41", "point": 1, "testname": "STAB", "cornername": "Nominal"}
[2026-04-08 08:53:42.482 Z] [PROCESS] [cadence.virtuoso.ade.simulationMonitor] - Finished simulating for one point {"hostname": "edatools", "processid": 40411, "history": "Interactive.41", "testname": "STAB", "cornername": "Nominal", "point": 1, "logfile": "/home/saul/projects/IL2244_VT26_SAUL/logs_saul/logs0/Job8.log", "simid": "1"}
[2026-04-08 08:53:42.482 Z] [PROCESS] [cadence.virtuoso.ade.simulationMonitor] - Simulator exited {"hostname": "edatools", "processid": 40411, "history": "Interactive.41", "testname": "STAB", "cornername": "Nominal", "point": 1, "logfile": "/home/saul/projects/IL2244_VT26_SAUL/logs_saul/logs0/Job8.log", "exitStatus": "0"}
[2026-04-08 08:53:42.482 Z] [PROCESS] [cadence.virtuoso.ade.simulationMonitor] - Finished Simulation {"hostname": "edatools", "processid": 40411, "history": "Interactive.41", "testname": "STAB", "cornername": "Nominal", "point": 1, "logfile": "/home/saul/projects/IL2244_VT26_SAUL/logs_saul/logs0/Job8.log", "simid": "1"}
[2026-04-08 08:53:44.487 Z] [PROCESS] [cadence.virtuoso.ade.simulationMonitor] - Point Finished {"hostname": "edatools", "processid": 40411, "history": "Interactive.41", "testname": "STAB", "cornername": "Nominal", "point": 1, "logfile": "/home/saul/projects/IL2244_VT26_SAUL/logs_saul/logs0/Job8.log"}
[2026-04-08 08:54:34.898 Z] [PROCESS] [cadence.virtuoso.ade.simulationMonitor] - Started History {"hostname": "edatools", "processid": 40411, "history": "Interactive.42", "testname": "STAB", "cornername": "Nominal", "point": 1, "logfile": "/home/saul/projects/IL2244_VT26_SAUL/logs_saul/logs0/Job8.log"}
[2026-04-08 08:54:34.898 Z] [PROCESS] [cadence.virtuoso.ade.simulationMonitor] - HostInfo:
Host name (type):	edatools (x86_64)
Operating system:	Linux 6.17.0-20-generic #20~24.04.1-Ubuntu SMP PREEMPT_DYNAMIC Thu Mar 19 01:28:37 UTC 2 {"hostname": "edatools", "processid": 40411, "history": "Interactive.42", "testname": "STAB", "cornername": "Nominal", "point": 1, "logfile": "/home/saul/projects/IL2244_VT26_SAUL/logs_saul/logs0/Job8.log", "nodename": "edatools", "domainname": "(none)", "machine": "x86_64", "sysname": "Linux", "release": "6.17.0-20-generic", "version": "#20~24.04.1-Ubuntu SMP PREEMPT_DYNAMIC Thu Mar 19 01:28:37 UTC 2"}
[2026-04-08 08:54:34.899 Z] [PROCESS] [cadence.virtuoso.ade.simulationMonitor] - UsageInfo:
pid=40411
totalPhysicalMemory=62.544991GB,Used=18.279400GB,totalVirtualMemory=70.544987GB,Used=18.279400GB
Cpu: Cores=16, Load average:0.380000,0.380000,0.420000 {"hostname": "edatools", "processid": 40411, "history": "Interactive.42", "testname": "STAB", "cornername": "Nominal", "point": 1, "logfile": "/home/saul/projects/IL2244_VT26_SAUL/logs_saul/logs0/Job8.log", "pid": "40411", "totalPhysicalMemory": "62.544991", "physicalMemoryUsed": "18.279400", "totalVirtualMemory": "70.544987", "virtualMemoryUsed": "18.279400", "cpuCores": "16", "processes": "1985", "loadAverage1": "0.380000", "loadAverage5": "0.380000", "loadAverage15": "0.420000", "loadAverage1Percent": "0.023750"}
[2026-04-08 08:54:34.900 Z] [EVENT] [cadence.virtuoso.ade.simulationMonitor] - NewPoint {"history": "Interactive.42", "point": 1, "testname": "STAB", "cornername": "Nominal", "event": "NewPoint", "EventSource": "Simulation Monitor", "HistoryName": "Interactive.42", "logFile": "/home/saul/projects/IL2244_VT26_SAUL/logs_saul/logs0/Job8.log", "logFileSize": "35038"}
[2026-04-08 08:54:35.002 Z] [EVENT] [cadence.virtuoso.ade.simulationMonitor] - NewPoint {"history": "Interactive.42", "point": 1, "testname": "STAB", "cornername": "Nominal", "event": "NewPoint", "EventSource": "spectre", "HistoryName": "Interactive.42", "logFile": "/home/saul/projects/IL2244_VT26_SAUL/Sim/FECG/fecg_cmfb_tb/maestro/results/maestro/Interactive.42/1/STAB/psf/spectre.out", "logFileSize": "-1"}
[2026-04-08 08:54:35.016 Z] [PROCESS] [cadence.virtuoso.ade.simulationMonitor] - Simulator launched {"hostname": "edatools", "processid": 40411, "history": "Interactive.42", "testname": "STAB", "cornername": "Nominal", "point": 1, "logfile": "/home/saul/projects/IL2244_VT26_SAUL/logs_saul/logs0/Job8.log", "simid": "2"}
[2026-04-08 08:54:35.019 Z] [PROCESS] [cadence.virtuoso.ade.simulationMonitor] - Expression evaluator launched {"hostname": "edatools", "processid": 40411, "history": "Interactive.42", "testname": "STAB", "cornername": "Nominal", "point": 1, "logfile": "/home/saul/projects/IL2244_VT26_SAUL/logs_saul/logs0/Job8.log"}
[2026-04-08 08:54:35.043 Z] [PROCESS] [cadence.virtuoso.ade.simulationMonitor] - Started Simulation {"hostname": "edatools", "processid": 40411, "history": "Interactive.42", "testname": "STAB", "cornername": "Nominal", "point": 1, "logfile": "/home/saul/projects/IL2244_VT26_SAUL/logs_saul/logs0/Job8.log", "event": "started", "task": "simulation"}
[2026-04-08 08:54:35.544 Z] [INFO] [cadence.virtuoso.ade.simulationMonitor] - Notice from spectre during circuit read-in.
    Pre_Configuration file used: /opt/tools/cadence/installs/SPECTRE241/tools.lnx86/spectre/etc/configs/preset.precfg
    Configuration file used: `/opt/tools/cadence/installs/SPECTRE241/tools.lnx86/spectre/etc/configs/preset.cfg'. {"history": "Interactive.42", "point": 1, "testname": "STAB", "cornername": "Nominal"}
[2026-04-08 08:54:35.544 Z] [WARN] [cadence.virtuoso.ade.simulationMonitor] -     WARNING (SPECTRE-8360): line 1511: `ac' is an undefined primitive device. {"history": "Interactive.42", "point": 1, "testname": "STAB", "cornername": "Nominal"}
[2026-04-08 08:54:35.544 Z] [WARN] [cadence.virtuoso.ade.simulationMonitor] -     WARNING (SPECTRE-8360): line 1512: `ac' is an undefined primitive device. {"history": "Interactive.42", "point": 1, "testname": "STAB", "cornername": "Nominal"}
[2026-04-08 08:54:35.544 Z] [WARN] [cadence.virtuoso.ade.simulationMonitor] -     WARNING (SPECTRE-8360): line 1513: `ac' is an undefined primitive device. {"history": "Interactive.42", "point": 1, "testname": "STAB", "cornername": "Nominal"}
[2026-04-08 08:54:35.544 Z] [WARN] [cadence.virtuoso.ade.simulationMonitor] -     WARNING (SPECTRE-8360): line 1514: `ac' is an undefined primitive device. {"history": "Interactive.42", "point": 1, "testname": "STAB", "cornername": "Nominal"}
[2026-04-08 08:54:35.544 Z] [WARN] [cadence.virtuoso.ade.simulationMonitor] -     WARNING (SPECTRE-8360): line 1515: `ac' is an undefined primitive device.
        Further occurrences of this warning will be suppressed. {"history": "Interactive.42", "point": 1, "testname": "STAB", "cornername": "Nominal"}
[2026-04-08 08:54:35.544 Z] [INFO] [cadence.virtuoso.ade.simulationMonitor] - Peak resident memory used = 171 Mbytes. {"history": "Interactive.42", "point": 1, "testname": "STAB", "cornername": "Nominal"}
[2026-04-08 08:54:35.544 Z] [WARN] [cadence.virtuoso.ade.simulationMonitor] -     WARNING (VACOMP-2435): The environment variable CDS_AHDLCMI_ENABLE is no longer supported. Therefore, the simulator will use the default compiled C code flow. {"history": "Interactive.42", "point": 1, "testname": "STAB", "cornername": "Nominal"}
[2026-04-08 08:54:35.544 Z] [WARN] [cadence.virtuoso.ade.simulationMonitor] -     WARNING (SFE-3029): The dummy capacitor C8 is removed. {"history": "Interactive.42", "point": 1, "testname": "STAB", "cornername": "Nominal"}
[2026-04-08 08:54:35.544 Z] [INFO] [cadence.virtuoso.ade.simulationMonitor] - Peak resident memory used = 187 Mbytes. {"history": "Interactive.42", "point": 1, "testname": "STAB", "cornername": "Nominal"}
[2026-04-08 08:54:35.544 Z] [INFO] [cadence.virtuoso.ade.simulationMonitor] - Notice from spectre during hierarchy flattening.
    The value 'psf' specified for the 'checklimitdest' option will no longer be supported in future releases. Use 'spectre -h' to see other recommended values for the 'checklimitdest' option.
    I7.R7.CS0 of rpolyhc: `c' has the unusually small value of 0 F.
    I7.R7.CS1 of rpolyhc: `c' has the unusually small value of 0 F. {"history": "Interactive.42", "point": 1, "testname": "STAB", "cornername": "Nominal"}
[2026-04-08 08:54:35.544 Z] [INFO] [cadence.virtuoso.ade.simulationMonitor] - Peak resident memory used = 189 Mbytes. {"history": "Interactive.42", "point": 1, "testname": "STAB", "cornername": "Nominal"}
[2026-04-08 08:54:35.544 Z] [WARN] [cadence.virtuoso.ade.simulationMonitor] -     WARNING (CMI-2425): I7.I5.C1: `Acde' = 2.393 is unusually large. {"history": "Interactive.42", "point": 1, "testname": "STAB", "cornername": "Nominal"}
[2026-04-08 08:54:35.544 Z] [WARN] [cadence.virtuoso.ade.simulationMonitor] -     WARNING (CMI-2425): I7.I5.C1: `Noff' = 4.732 is unusually large. {"history": "Interactive.42", "point": 1, "testname": "STAB", "cornername": "Nominal"}
[2026-04-08 08:54:35.545 Z] [WARN] [cadence.virtuoso.ade.simulationMonitor] -     WARNING (CMI-2424): I7.I5.C1: `Voffcv' = -867.4e-03 is unusually small. {"history": "Interactive.42", "point": 1, "testname": "STAB", "cornername": "Nominal"}
[2026-04-08 08:54:35.545 Z] [WARN] [cadence.virtuoso.ade.simulationMonitor] -     WARNING (CMI-2425): I7.C0: `Acde' = 2.393 is unusually large. {"history": "Interactive.42", "point": 1, "testname": "STAB", "cornername": "Nominal"}
[2026-04-08 08:54:35.545 Z] [WARN] [cadence.virtuoso.ade.simulationMonitor] -     WARNING (CMI-2425): I7.C0: `Noff' = 4.732 is unusually large. {"history": "Interactive.42", "point": 1, "testname": "STAB", "cornername": "Nominal"}
[2026-04-08 08:54:35.545 Z] [WARN] [cadence.virtuoso.ade.simulationMonitor] -     WARNING (CMI-2424): I7.C0: `Voffcv' = -867.4e-03 is unusually small. {"history": "Interactive.42", "point": 1, "testname": "STAB", "cornername": "Nominal"}
[2026-04-08 08:54:35.545 Z] [WARN] [cadence.virtuoso.ade.simulationMonitor] -     WARNING (SPECTRE-17607): Assert `SOAC_rpolyh_vminuspsub' is ignored because it contains an expression which is invalid or not supported by native evaluator.  {"history": "Interactive.42", "point": 1, "testname": "STAB", "cornername": "Nominal"}
[2026-04-08 08:54:35.545 Z] [WARN] [cadence.virtuoso.ade.simulationMonitor] -     WARNING (SPECTRE-17607): Assert `SOAC_rpolyh_vpluspsub' is ignored because it contains an expression which is invalid or not supported by native evaluator.  {"history": "Interactive.42", "point": 1, "testname": "STAB", "cornername": "Nominal"}
[2026-04-08 08:54:35.545 Z] [WARN] [cadence.virtuoso.ade.simulationMonitor] -     WARNING (SPECTRE-16460): SOAC_cvarm_vspsub:Specified subcircuit master `cvarm' was not found. {"history": "Interactive.42", "point": 1, "testname": "STAB", "cornername": "Nominal"}
[2026-04-08 08:54:35.545 Z] [WARN] [cadence.virtuoso.ade.simulationMonitor] -     WARNING (SPECTRE-16462): SOAC_cvarm_vspsub:Error in specification of subcircuit master. Assert is ignored. {"history": "Interactive.42", "point": 1, "testname": "STAB", "cornername": "Nominal"}
[2026-04-08 08:54:35.545 Z] [WARN] [cadence.virtuoso.ade.simulationMonitor] -     WARNING (SPECTRE-16460): SOAC_cvarm_vbs:Specified subcircuit master `cvarm' was not found. {"history": "Interactive.42", "point": 1, "testname": "STAB", "cornername": "Nominal"}
[2026-04-08 08:54:35.545 Z] [WARN] [cadence.virtuoso.ade.simulationMonitor] -     WARNING (SPECTRE-16462): SOAC_cvarm_vbs:Error in specification of subcircuit master. Assert is ignored. {"history": "Interactive.42", "point": 1, "testname": "STAB", "cornername": "Nominal"}
[2026-04-08 08:54:35.545 Z] [WARN] [cadence.virtuoso.ade.simulationMonitor] -     WARNING (SPECTRE-16460): SOAC_cvarm_vgb:Specified subcircuit master `cvarm' was not found. {"history": "Interactive.42", "point": 1, "testname": "STAB", "cornername": "Nominal"}
[2026-04-08 08:54:35.545 Z] [WARN] [cadence.virtuoso.ade.simulationMonitor] -     WARNING (SPECTRE-16462): SOAC_cvarm_vgb:Error in specification of subcircuit master. Assert is ignored. {"history": "Interactive.42", "point": 1, "testname": "STAB", "cornername": "Nominal"}
[2026-04-08 08:54:35.545 Z] [WARN] [cadence.virtuoso.ade.simulationMonitor] -     WARNING (SPECTRE-16460): SOAC_cvart_vspsub:Specified subcircuit master `cvart' was not found. {"history": "Interactive.42", "point": 1, "testname": "STAB", "cornername": "Nominal"}
[2026-04-08 08:54:35.545 Z] [WARN] [cadence.virtuoso.ade.simulationMonitor] -     WARNING (SPECTRE-16462): SOAC_cvart_vspsub:Error in specification of subcircuit master. Assert is ignored. {"history": "Interactive.42", "point": 1, "testname": "STAB", "cornername": "Nominal"}
[2026-04-08 08:54:35.545 Z] [WARN] [cadence.virtuoso.ade.simulationMonitor] -     WARNING (SPECTRE-16460): SOAC_cvart_vbs:Specified subcircuit master `cvart' was not found.
        Further occurrences of this warning will be suppressed. {"history": "Interactive.42", "point": 1, "testname": "STAB", "cornername": "Nominal"}
[2026-04-08 08:54:35.545 Z] [WARN] [cadence.virtuoso.ade.simulationMonitor] -     WARNING (SPECTRE-16462): SOAC_cvart_vbs:Error in specification of subcircuit master. Assert is ignored.
        Further occurrences of this warning will be suppressed. {"history": "Interactive.42", "point": 1, "testname": "STAB", "cornername": "Nominal"}
[2026-04-08 08:54:35.545 Z] [WARN] [cadence.virtuoso.ade.simulationMonitor] -     WARNING (SPECTRE-17607): Assert `SOAC_cvar_vspsub' is ignored because it contains an expression which is invalid or not supported by native evaluator.  {"history": "Interactive.42", "point": 1, "testname": "STAB", "cornername": "Nominal"}
[2026-04-08 08:54:35.545 Z] [WARN] [cadence.virtuoso.ade.simulationMonitor] -     WARNING (SPECTRE-17607): Assert `SOAC_cvar_vbpsub' is ignored because it contains an expression which is invalid or not supported by native evaluator.  {"history": "Interactive.42", "point": 1, "testname": "STAB", "cornername": "Nominal"}
[2026-04-08 08:54:35.545 Z] [WARN] [cadence.virtuoso.ade.simulationMonitor] -     WARNING (SPECTRE-17607): Assert `SOAC_cvar_vgpsub' is ignored because it contains an expression which is invalid or not supported by native evaluator. 
        Further occurrences of this warning will be suppressed. {"history": "Interactive.42", "point": 1, "testname": "STAB", "cornername": "Nominal"}
[2026-04-08 08:54:36.046 Z] [INFO] [cadence.virtuoso.ade.simulationMonitor] - Notice from spectre during topology check.
    Only one connection to node `I7.net1'.
    No DC path from node `VA' to ground, Gmin installed to provide path.
    No DC path from node `I7.net1' to ground, Gmin installed to provide path. {"history": "Interactive.42", "point": 1, "testname": "STAB", "cornername": "Nominal"}
[2026-04-08 08:54:36.047 Z] [INFO] [cadence.virtuoso.ade.simulationMonitor] - Notice from spectre during initial setup.
    Multithreading is disabled due to the size of the design being too small. {"history": "Interactive.42", "point": 1, "testname": "STAB", "cornername": "Nominal"}
[2026-04-08 08:54:36.047 Z] [INFO] [cadence.virtuoso.ade.simulationMonitor] -               nodes 66 {"history": "Interactive.42", "point": 1, "testname": "STAB", "cornername": "Nominal"}
[2026-04-08 08:54:36.048 Z] [INFO] [cadence.virtuoso.ade.simulationMonitor] - Notice from spectre during initial setup.
    2 resistors are shorted because their absolute value is less than or equal to 'rabsshort'.
    1 vsources are shorted because their absolute value is less than or equal to 'vabsshort'.
    Spectre X preset=cx enabled.
    I7.R7.CS1 of rpolyhc: `ceff' has the unusually small value of 0 F.
    I7.R7.CS0 of rpolyhc: `ceff' has the unusually small value of 0 F. {"history": "Interactive.42", "point": 1, "testname": "STAB", "cornername": "Nominal"}
[2026-04-08 08:54:36.048 Z] [WARN] [cadence.virtuoso.ade.simulationMonitor] -     WARNING (CMI-2425): I7.I5.C1: `Acde' = 2.393 is unusually large.
        Further occurrences of this warning will be suppressed. {"history": "Interactive.42", "point": 1, "testname": "STAB", "cornername": "Nominal"}
[2026-04-08 08:54:36.048 Z] [WARN] [cadence.virtuoso.ade.simulationMonitor] -     WARNING (CMI-2424): I7.I5.C1: `Voffcv' = -867.4e-03 is unusually small. {"history": "Interactive.42", "point": 1, "testname": "STAB", "cornername": "Nominal"}
[2026-04-08 08:54:36.048 Z] [WARN] [cadence.virtuoso.ade.simulationMonitor] -     WARNING (CMI-2424): I7.C0: `Voffcv' = -867.4e-03 is unusually small. {"history": "Interactive.42", "point": 1, "testname": "STAB", "cornername": "Nominal"}
[2026-04-08 08:54:36.049 Z] [INFO] [cadence.virtuoso.ade.simulationMonitor] - Notice from spectre.
    79 warnings suppressed. {"history": "Interactive.42", "point": 1, "testname": "STAB", "cornername": "Nominal"}
[2026-04-08 08:54:36.049 Z] [INFO] [cadence.virtuoso.ade.simulationMonitor] - Peak resident memory used = 196 Mbytes. {"history": "Interactive.42", "point": 1, "testname": "STAB", "cornername": "Nominal"}
[2026-04-08 08:54:36.049 Z] [INFO] [cadence.virtuoso.ade.simulationMonitor] -    -   (Spectre X) Multi-threading. The recommended number of threads is 1, consider adding +mt=1 on command line. {"history": "Interactive.42", "point": 1, "testname": "STAB", "cornername": "Nominal"}
[2026-04-08 08:54:36.050 Z] [INFO] [cadence.virtuoso.ade.simulationMonitor] - Notice from spectre during DC analysis `dcOp'.
    No checklimit analysis defined for asserts. A default checklimit analysis 'SpectreChecklimitAnal' has been created with all asserts enabled. {"history": "Interactive.42", "point": 1, "testname": "STAB", "cornername": "Nominal"}
[2026-04-08 08:54:36.050 Z] [INFO] [cadence.virtuoso.ade.simulationMonitor] - Notice from spectre during DC analysis `dcOp'.
    GminDC = 1 pS is large enough to noticeably affect the DC solution.
        dV(I7.I5.C1.d1) = 2.5885 mV
        Use the `gmin_check' option to eliminate or expand this report.
    Bad pivoting is found during DC analysis. Option dc_pivot_check=yes is recommended for possible improvement of convergence. {"history": "Interactive.42", "point": 1, "testname": "STAB", "cornername": "Nominal"}
[2026-04-08 08:54:36.050 Z] [WARN] [cadence.virtuoso.ade.simulationMonitor] -     WARNING (CMI-2943): Parameter checks have been ignored because the valid value for parameter 'trise' could not be found in 'C0'. {"history": "Interactive.42", "point": 1, "testname": "STAB", "cornername": "Nominal"}
[2026-04-08 08:54:36.050 Z] [WARN] [cadence.virtuoso.ade.simulationMonitor] -     WARNING (CMI-2943): Parameter checks have been ignored because the valid value for parameter 'trise' could not be found in 'C1'. {"history": "Interactive.42", "point": 1, "testname": "STAB", "cornername": "Nominal"}
[2026-04-08 08:54:36.051 Z] [WARN] [cadence.virtuoso.ade.simulationMonitor] -     WARNING (CMI-2943): Parameter checks have been ignored because the valid value for parameter 'trise' could not be found in 'C4'. {"history": "Interactive.42", "point": 1, "testname": "STAB", "cornername": "Nominal"}
[2026-04-08 08:54:36.051 Z] [WARN] [cadence.virtuoso.ade.simulationMonitor] -     WARNING (CMI-2943): Parameter checks have been ignored because the valid value for parameter 'trise' could not be found in 'C5'. {"history": "Interactive.42", "point": 1, "testname": "STAB", "cornername": "Nominal"}
[2026-04-08 08:54:36.051 Z] [WARN] [cadence.virtuoso.ade.simulationMonitor] -     WARNING (CMI-2943): Parameter checks have been ignored because the valid value for parameter 'trise' could not be found in 'C6'.
        Further occurrences of this warning will be suppressed. {"history": "Interactive.42", "point": 1, "testname": "STAB", "cornername": "Nominal"}
[2026-04-08 08:54:36.052 Z] [INFO] [cadence.virtuoso.ade.simulationMonitor] - Total time required for dc analysis `dcOp': CPU = 39.22 ms, elapsed = 49.0699 ms, util. = 79.9%. {"history": "Interactive.42", "point": 1, "testname": "STAB", "cornername": "Nominal"}
[2026-04-08 08:54:36.052 Z] [INFO] [cadence.virtuoso.ade.simulationMonitor] - Peak resident memory used = 203 Mbytes. {"history": "Interactive.42", "point": 1, "testname": "STAB", "cornername": "Nominal"}
[2026-04-08 08:54:36.052 Z] [INFO] [cadence.virtuoso.ade.simulationMonitor] - Notice from spectre.
    47 warnings suppressed. {"history": "Interactive.42", "point": 1, "testname": "STAB", "cornername": "Nominal"}
[2026-04-08 08:54:36.052 Z] [WARN] [cadence.virtuoso.ade.simulationMonitor] -     WARNING (CMI-2425): I7.C0: `Acde' = 2.393 is unusually large. {"history": "Interactive.42", "point": 1, "testname": "STAB", "cornername": "Nominal"}
[2026-04-08 08:54:36.053 Z] [WARN] [cadence.virtuoso.ade.simulationMonitor] -     WARNING (CMI-2425): I7.C0: `Noff' = 4.732 is unusually large. {"history": "Interactive.42", "point": 1, "testname": "STAB", "cornername": "Nominal"}
[2026-04-08 08:54:36.053 Z] [WARN] [cadence.virtuoso.ade.simulationMonitor] -     WARNING (CMI-2424): I7.C0: `Voffcv' = -867.4e-03 is unusually small. {"history": "Interactive.42", "point": 1, "testname": "STAB", "cornername": "Nominal"}
[2026-04-08 08:54:36.053 Z] [WARN] [cadence.virtuoso.ade.simulationMonitor] -     WARNING (CMI-2425): I7.I5.C1: `Acde' = 2.393 is unusually large. {"history": "Interactive.42", "point": 1, "testname": "STAB", "cornername": "Nominal"}
[2026-04-08 08:54:36.053 Z] [WARN] [cadence.virtuoso.ade.simulationMonitor] -     WARNING (CMI-2425): I7.I5.C1: `Noff' = 4.732 is unusually large. {"history": "Interactive.42", "point": 1, "testname": "STAB", "cornername": "Nominal"}
[2026-04-08 08:54:36.054 Z] [WARN] [cadence.virtuoso.ade.simulationMonitor] -     WARNING (CMI-2424): I7.I5.C1: `Voffcv' = -867.4e-03 is unusually small. {"history": "Interactive.42", "point": 1, "testname": "STAB", "cornername": "Nominal"}
[2026-04-08 08:54:36.054 Z] [WARN] [cadence.virtuoso.ade.simulationMonitor] -     WARNING: BSIM3v3 MOS Transistor - frequency dependent components are present in the circuit, approximated as AC equivalents at 1.000000e+00Hz for pz analysis. {"history": "Interactive.42", "point": 1, "testname": "STAB", "cornername": "Nominal"}
[2026-04-08 08:54:36.054 Z] [INFO] [cadence.virtuoso.ade.simulationMonitor] - Notice from spectre during DC analysis, during PZ analysis `pz'.
    GminDC = 1 pS is large enough to noticeably affect the DC solution.
        dV(I7.I5.C1.d1) = 2.5885 mV
        Use the `gmin_check' option to eliminate or expand this report.
    Bad pivoting is found during DC analysis. Option dc_pivot_check=yes is recommended for possible improvement of convergence. {"history": "Interactive.42", "point": 1, "testname": "STAB", "cornername": "Nominal"}
[2026-04-08 08:54:36.054 Z] [WARN] [cadence.virtuoso.ade.simulationMonitor] -     WARNING (CMI-2943): Parameter checks have been ignored because the valid value for parameter 'trise' could not be found in 'C0'. {"history": "Interactive.42", "point": 1, "testname": "STAB", "cornername": "Nominal"}
[2026-04-08 08:54:36.055 Z] [WARN] [cadence.virtuoso.ade.simulationMonitor] -     WARNING (CMI-2943): Parameter checks have been ignored because the valid value for parameter 'trise' could not be found in 'C1'. {"history": "Interactive.42", "point": 1, "testname": "STAB", "cornername": "Nominal"}
[2026-04-08 08:54:36.055 Z] [WARN] [cadence.virtuoso.ade.simulationMonitor] -     WARNING (CMI-2943): Parameter checks have been ignored because the valid value for parameter 'trise' could not be found in 'C4'. {"history": "Interactive.42", "point": 1, "testname": "STAB", "cornername": "Nominal"}
[2026-04-08 08:54:36.055 Z] [WARN] [cadence.virtuoso.ade.simulationMonitor] -     WARNING (CMI-2943): Parameter checks have been ignored because the valid value for parameter 'trise' could not be found in 'C5'. {"history": "Interactive.42", "point": 1, "testname": "STAB", "cornername": "Nominal"}
[2026-04-08 08:54:36.055 Z] [WARN] [cadence.virtuoso.ade.simulationMonitor] -     WARNING (CMI-2943): Parameter checks have been ignored because the valid value for parameter 'trise' could not be found in 'C6'.
        Further occurrences of this warning will be suppressed. {"history": "Interactive.42", "point": 1, "testname": "STAB", "cornername": "Nominal"}
[2026-04-08 08:54:36.055 Z] [INFO] [cadence.virtuoso.ade.simulationMonitor] - Notice from spectre at 0 during DC analysis, during PZ analysis `pz'.
    GminDC = 1 pS is large enough to noticeably affect the DC solution.
        dV(I7.I5.C1.d1) = 2.5885 mV
        Use the `gmin_check' option to eliminate or expand this report. {"history": "Interactive.42", "point": 1, "testname": "STAB", "cornername": "Nominal"}
[2026-04-08 08:54:36.055 Z] [WARN] [cadence.virtuoso.ade.simulationMonitor] -     WARNING (UWI-8101): The specified waveform format 'psf' (improper context for requested action) could not be added. The simulator will ignore the waveform. Check the application programming interface (API) before running the simulation again. {"history": "Interactive.42", "point": 1, "testname": "STAB", "cornername": "Nominal"}
[2026-04-08 08:54:36.055 Z] [WARN] [cadence.virtuoso.ade.simulationMonitor] -     WARNING (UWI-8101): The specified waveform format 'psf' (improper context for requested action) could not be added. The simulator will ignore the waveform. Check the application programming interface (API) before running the simulation again. {"history": "Interactive.42", "point": 1, "testname": "STAB", "cornername": "Nominal"}
[2026-04-08 08:54:36.055 Z] [WARN] [cadence.virtuoso.ade.simulationMonitor] -     WARNING (UWI-8101): The specified waveform format 'psf' (improper context for requested action) could not be added. The simulator will ignore the waveform. Check the application programming interface (API) before running the simulation again. {"history": "Interactive.42", "point": 1, "testname": "STAB", "cornername": "Nominal"}
[2026-04-08 08:54:36.056 Z] [WARN] [cadence.virtuoso.ade.simulationMonitor] -     WARNING (UWI-8101): The specified waveform format 'psf' (improper context for requested action) could not be added. The simulator will ignore the waveform. Check the application programming interface (API) before running the simulation again. {"history": "Interactive.42", "point": 1, "testname": "STAB", "cornername": "Nominal"}
[2026-04-08 08:54:36.056 Z] [WARN] [cadence.virtuoso.ade.simulationMonitor] -     WARNING (UWI-8101): The specified waveform format 'psf' (improper context for requested action) could not be added. The simulator will ignore the waveform. Check the application programming interface (API) before running the simulation again.
        Further occurrences of this warning will be suppressed. {"history": "Interactive.42", "point": 1, "testname": "STAB", "cornername": "Nominal"}
[2026-04-08 08:54:36.056 Z] [INFO] [cadence.virtuoso.ade.simulationMonitor] - Total time required for pz analysis `pz': CPU = 21.982 ms, elapsed = 25.8071 ms, util. = 85.2%. {"history": "Interactive.42", "point": 1, "testname": "STAB", "cornername": "Nominal"}
[2026-04-08 08:54:36.056 Z] [INFO] [cadence.virtuoso.ade.simulationMonitor] - Peak resident memory used = 211 Mbytes. {"history": "Interactive.42", "point": 1, "testname": "STAB", "cornername": "Nominal"}
[2026-04-08 08:54:36.056 Z] [INFO] [cadence.virtuoso.ade.simulationMonitor] - Notice from spectre.
    133 warnings suppressed. {"history": "Interactive.42", "point": 1, "testname": "STAB", "cornername": "Nominal"}
[2026-04-08 08:54:36.056 Z] [WARN] [cadence.virtuoso.ade.simulationMonitor] -     WARNING (CMI-2425): I7.C0: `Acde' = 2.393 is unusually large. {"history": "Interactive.42", "point": 1, "testname": "STAB", "cornername": "Nominal"}
[2026-04-08 08:54:36.056 Z] [WARN] [cadence.virtuoso.ade.simulationMonitor] -     WARNING (CMI-2425): I7.C0: `Noff' = 4.732 is unusually large. {"history": "Interactive.42", "point": 1, "testname": "STAB", "cornername": "Nominal"}
[2026-04-08 08:54:36.056 Z] [WARN] [cadence.virtuoso.ade.simulationMonitor] -     WARNING (CMI-2424): I7.C0: `Voffcv' = -867.4e-03 is unusually small. {"history": "Interactive.42", "point": 1, "testname": "STAB", "cornername": "Nominal"}
[2026-04-08 08:54:36.056 Z] [WARN] [cadence.virtuoso.ade.simulationMonitor] -     WARNING (CMI-2425): I7.I5.C1: `Acde' = 2.393 is unusually large. {"history": "Interactive.42", "point": 1, "testname": "STAB", "cornername": "Nominal"}
[2026-04-08 08:54:36.056 Z] [WARN] [cadence.virtuoso.ade.simulationMonitor] -     WARNING (CMI-2425): I7.I5.C1: `Noff' = 4.732 is unusually large. {"history": "Interactive.42", "point": 1, "testname": "STAB", "cornername": "Nominal"}
[2026-04-08 08:54:36.056 Z] [WARN] [cadence.virtuoso.ade.simulationMonitor] -     WARNING (CMI-2424): I7.I5.C1: `Voffcv' = -867.4e-03 is unusually small. {"history": "Interactive.42", "point": 1, "testname": "STAB", "cornername": "Nominal"}
[2026-04-08 08:54:36.056 Z] [INFO] [cadence.virtuoso.ade.simulationMonitor] - Notice from spectre during IC analysis, during transient analysis `tran'.
    GminDC = 1 pS is large enough to noticeably affect the DC solution.
        dV(I7.I5.C1.d1) = 2.5885 mV
        Use the `gmin_check' option to eliminate or expand this report.
    Bad pivoting is found during DC analysis. Option dc_pivot_check=yes is recommended for possible improvement of convergence. {"history": "Interactive.42", "point": 1, "testname": "STAB", "cornername": "Nominal"}
[2026-04-08 08:54:36.056 Z] [WARN] [cadence.virtuoso.ade.simulationMonitor] -     WARNING (CMI-2943): Parameter checks have been ignored because the valid value for parameter 'trise' could not be found in 'C0'. {"history": "Interactive.42", "point": 1, "testname": "STAB", "cornername": "Nominal"}
[2026-04-08 08:54:36.056 Z] [WARN] [cadence.virtuoso.ade.simulationMonitor] -     WARNING (CMI-2943): Parameter checks have been ignored because the valid value for parameter 'trise' could not be found in 'C1'. {"history": "Interactive.42", "point": 1, "testname": "STAB", "cornername": "Nominal"}
[2026-04-08 08:54:36.056 Z] [WARN] [cadence.virtuoso.ade.simulationMonitor] -     WARNING (CMI-2943): Parameter checks have been ignored because the valid value for parameter 'trise' could not be found in 'C4'. {"history": "Interactive.42", "point": 1, "testname": "STAB", "cornername": "Nominal"}
[2026-04-08 08:54:36.056 Z] [WARN] [cadence.virtuoso.ade.simulationMonitor] -     WARNING (CMI-2943): Parameter checks have been ignored because the valid value for parameter 'trise' could not be found in 'C5'. {"history": "Interactive.42", "point": 1, "testname": "STAB", "cornername": "Nominal"}
[2026-04-08 08:54:36.056 Z] [WARN] [cadence.virtuoso.ade.simulationMonitor] -     WARNING (CMI-2943): Parameter checks have been ignored because the valid value for parameter 'trise' could not be found in 'C6'.
        Further occurrences of this warning will be suppressed. {"history": "Interactive.42", "point": 1, "testname": "STAB", "cornername": "Nominal"}
[2026-04-08 08:54:36.056 Z] [INFO] [cadence.virtuoso.ade.simulationMonitor] - Notice from spectre during transient analysis `tran'.
    Multithreading is disabled due to the size of the design being too small. {"history": "Interactive.42", "point": 1, "testname": "STAB", "cornername": "Nominal"}
[2026-04-08 08:54:36.056 Z] [INFO] [cadence.virtuoso.ade.simulationMonitor] - Total time required for tran analysis `tran': CPU = 19.475 ms, elapsed = 21.4601 ms, util. = 90.7%. {"history": "Interactive.42", "point": 1, "testname": "STAB", "cornername": "Nominal"}
[2026-04-08 08:54:36.056 Z] [INFO] [cadence.virtuoso.ade.simulationMonitor] - Peak resident memory used = 214 Mbytes. {"history": "Interactive.42", "point": 1, "testname": "STAB", "cornername": "Nominal"}
[2026-04-08 08:54:36.056 Z] [INFO] [cadence.virtuoso.ade.simulationMonitor] - Notice from spectre.
    47 warnings suppressed. {"history": "Interactive.42", "point": 1, "testname": "STAB", "cornername": "Nominal"}
[2026-04-08 08:54:36.056 Z] [INFO] [cadence.virtuoso.ade.simulationMonitor] - Time used: CPU = 269 ms, elapsed = 552 ms, util. = 48.8%. {"history": "Interactive.42", "point": 1, "testname": "STAB", "cornername": "Nominal"}
[2026-04-08 08:54:36.056 Z] [INFO] [cadence.virtuoso.ade.simulationMonitor] - Time spent in licensing: elapsed = 37.5 ms, percentage of total = 6.79%. {"history": "Interactive.42", "point": 1, "testname": "STAB", "cornername": "Nominal"}
[2026-04-08 08:54:36.056 Z] [INFO] [cadence.virtuoso.ade.simulationMonitor] - Peak memory used = 213 Mbytes. {"history": "Interactive.42", "point": 1, "testname": "STAB", "cornername": "Nominal"}
[2026-04-08 08:54:36.057 Z] [PROCESS] [cadence.virtuoso.ade.simulationMonitor] - Simulation started at: 8:54:35 AM, Wed Apr 8, 2026, ended at: 8:54:35 AM, Wed Apr 8, 2026, with elapsed time (wall clock): 552 ms. {"history": "Interactive.42", "point": 1, "testname": "STAB", "cornername": "Nominal"}
[2026-04-08 08:54:36.057 Z] [PROCESS] [cadence.virtuoso.ade.simulationMonitor] - spectre completes with 0 errors, 64 warnings, and 29 notices. {"history": "Interactive.42", "point": 1, "testname": "STAB", "cornername": "Nominal"}
[2026-04-08 08:54:36.057 Z] [PROCESS] [cadence.virtuoso.ade.simulationMonitor] - Finished simulating for one point {"hostname": "edatools", "processid": 40411, "history": "Interactive.42", "testname": "STAB", "cornername": "Nominal", "point": 1, "logfile": "/home/saul/projects/IL2244_VT26_SAUL/logs_saul/logs0/Job8.log", "simid": "2"}
[2026-04-08 08:54:36.057 Z] [PROCESS] [cadence.virtuoso.ade.simulationMonitor] - Simulator exited {"hostname": "edatools", "processid": 40411, "history": "Interactive.42", "testname": "STAB", "cornername": "Nominal", "point": 1, "logfile": "/home/saul/projects/IL2244_VT26_SAUL/logs_saul/logs0/Job8.log", "exitStatus": "0"}
[2026-04-08 08:54:36.057 Z] [PROCESS] [cadence.virtuoso.ade.simulationMonitor] - Finished Simulation {"hostname": "edatools", "processid": 40411, "history": "Interactive.42", "testname": "STAB", "cornername": "Nominal", "point": 1, "logfile": "/home/saul/projects/IL2244_VT26_SAUL/logs_saul/logs0/Job8.log", "simid": "2"}
[2026-04-08 08:54:38.062 Z] [PROCESS] [cadence.virtuoso.ade.simulationMonitor] - Point Finished {"hostname": "edatools", "processid": 40411, "history": "Interactive.42", "testname": "STAB", "cornername": "Nominal", "point": 1, "logfile": "/home/saul/projects/IL2244_VT26_SAUL/logs_saul/logs0/Job8.log"}
[2026-04-08 08:59:39.107 Z] [PROCESS] [cadence.virtuoso.ade.simulationMonitor] - Current memory used: 52.2383 MBytes, peak memory used: 52.2383 MBytes {"hostname": "edatools", "processid": 40411, "history": "Interactive.42", "testname": "STAB", "cornername": "Nominal", "point": 1, "logfile": "/home/saul/projects/IL2244_VT26_SAUL/logs_saul/logs0/Job8.log"}
[2026-04-08 08:59:39.107 Z] [PROCESS] [cadence.virtuoso.ade.simulationMonitor] - Simulation Monitor process exit. {"hostname": "edatools", "processid": 40411, "history": "Interactive.42", "testname": "STAB", "cornername": "Nominal", "point": 1, "logfile": "/home/saul/projects/IL2244_VT26_SAUL/logs_saul/logs0/Job8.log"}
