[Simulation Monitor: 9]
[2026-04-08 08:59:46.239 Z] [PROCESS] [cadence.virtuoso.ade.simulationMonitor] - Simulation Monitor has successfully started up. Trying to set up communication channels to other components ... {"hostname": "edatools", "processid": 42304, "logfile": "/home/saul/projects/IL2244_VT26_SAUL/logs_saul/logs0/Job9.log"}
[2026-04-08 08:59:46.240 Z] [PROCESS] [cadence.virtuoso.ade.simulationMonitor] - Communication channels have been successfully set up. Start processing events ... {"hostname": "edatools", "processid": 42304, "logfile": "/home/saul/projects/IL2244_VT26_SAUL/logs_saul/logs0/Job9.log"}
[2026-04-08 08:59:46.240 Z] [PROCESS] [cadence.virtuoso.ade.simulationMonitor] - Considering to start history {"hostname": "edatools", "processid": 42304, "history": "Interactive.43", "logfile": "/home/saul/projects/IL2244_VT26_SAUL/logs_saul/logs0/Job9.log"}
[2026-04-08 08:59:46.241 Z] [PROCESS] [cadence.virtuoso.ade.simulationMonitor] - HostInfo:
Host name (type):	edatools (x86_64)
Operating system:	Linux 6.17.0-20-generic #20~24.04.1-Ubuntu SMP PREEMPT_DYNAMIC Thu Mar 19 01:28:37 UTC 2 {"hostname": "edatools", "processid": 42304, "history": "Interactive.43", "logfile": "/home/saul/projects/IL2244_VT26_SAUL/logs_saul/logs0/Job9.log", "nodename": "edatools", "domainname": "(none)", "machine": "x86_64", "sysname": "Linux", "release": "6.17.0-20-generic", "version": "#20~24.04.1-Ubuntu SMP PREEMPT_DYNAMIC Thu Mar 19 01:28:37 UTC 2"}
[2026-04-08 08:59:46.241 Z] [PROCESS] [cadence.virtuoso.ade.simulationMonitor] - UsageInfo:
pid=42304
totalPhysicalMemory=62.544991GB,Used=18.289524GB,totalVirtualMemory=70.544987GB,Used=18.289524GB
Cpu: Cores=16, Load average:0.660000,0.420000,0.410000 {"hostname": "edatools", "processid": 42304, "history": "Interactive.43", "logfile": "/home/saul/projects/IL2244_VT26_SAUL/logs_saul/logs0/Job9.log", "pid": "42304", "totalPhysicalMemory": "62.544991", "physicalMemoryUsed": "18.289524", "totalVirtualMemory": "70.544987", "virtualMemoryUsed": "18.289524", "cpuCores": "16", "processes": "1962", "loadAverage1": "0.660000", "loadAverage5": "0.420000", "loadAverage15": "0.410000", "loadAverage1Percent": "0.041250"}
[2026-04-08 08:59:46.241 Z] [EVENT] [cadence.virtuoso.ade.simulationMonitor] - NewPoint {"history": "Interactive.43", "point": 1, "testname": "STAB", "cornername": "Nominal", "event": "NewPoint", "EventSource": "Simulation Monitor", "HistoryName": "Interactive.43", "logFile": "/home/saul/projects/IL2244_VT26_SAUL/logs_saul/logs0/Job9.log", "logFileSize": "2185"}
[2026-04-08 08:59:46.342 Z] [EVENT] [cadence.virtuoso.ade.simulationMonitor] - NewPoint {"history": "Interactive.43", "point": 1, "testname": "STAB", "cornername": "Nominal", "event": "NewPoint", "EventSource": "spectre", "HistoryName": "Interactive.43", "logFile": "/home/saul/projects/IL2244_VT26_SAUL/Sim/FECG/fecg_cmfb_tb/maestro/results/maestro/Interactive.43/1/STAB/psf/spectre.out", "logFileSize": "-1"}
[2026-04-08 08:59:46.356 Z] [PROCESS] [cadence.virtuoso.ade.simulationMonitor] - Simulator launched {"hostname": "edatools", "processid": 42304, "history": "Interactive.43", "testname": "STAB", "cornername": "Nominal", "point": 1, "logfile": "/home/saul/projects/IL2244_VT26_SAUL/logs_saul/logs0/Job9.log", "simid": "1"}
[2026-04-08 08:59:46.360 Z] [PROCESS] [cadence.virtuoso.ade.simulationMonitor] - Expression evaluator launched {"hostname": "edatools", "processid": 42304, "history": "Interactive.43", "testname": "STAB", "cornername": "Nominal", "point": 1, "logfile": "/home/saul/projects/IL2244_VT26_SAUL/logs_saul/logs0/Job9.log"}
[2026-04-08 08:59:46.392 Z] [PROCESS] [cadence.virtuoso.ade.simulationMonitor] - Started Simulation {"hostname": "edatools", "processid": 42304, "history": "Interactive.43", "testname": "STAB", "cornername": "Nominal", "point": 1, "logfile": "/home/saul/projects/IL2244_VT26_SAUL/logs_saul/logs0/Job9.log", "event": "started", "task": "simulation"}
[2026-04-08 08:59:46.892 Z] [INFO] [cadence.virtuoso.ade.simulationMonitor] - Notice from spectre during circuit read-in.
    Pre_Configuration file used: /opt/tools/cadence/installs/SPECTRE241/tools.lnx86/spectre/etc/configs/preset.precfg
    Configuration file used: `/opt/tools/cadence/installs/SPECTRE241/tools.lnx86/spectre/etc/configs/preset.cfg'. {"history": "Interactive.43", "point": 1, "testname": "STAB", "cornername": "Nominal"}
[2026-04-08 08:59:46.893 Z] [WARN] [cadence.virtuoso.ade.simulationMonitor] -     WARNING (SPECTRE-8360): line 1511: `ac' is an undefined primitive device. {"history": "Interactive.43", "point": 1, "testname": "STAB", "cornername": "Nominal"}
[2026-04-08 08:59:46.893 Z] [WARN] [cadence.virtuoso.ade.simulationMonitor] -     WARNING (SPECTRE-8360): line 1512: `ac' is an undefined primitive device. {"history": "Interactive.43", "point": 1, "testname": "STAB", "cornername": "Nominal"}
[2026-04-08 08:59:46.893 Z] [WARN] [cadence.virtuoso.ade.simulationMonitor] -     WARNING (SPECTRE-8360): line 1513: `ac' is an undefined primitive device. {"history": "Interactive.43", "point": 1, "testname": "STAB", "cornername": "Nominal"}
[2026-04-08 08:59:46.893 Z] [WARN] [cadence.virtuoso.ade.simulationMonitor] -     WARNING (SPECTRE-8360): line 1514: `ac' is an undefined primitive device. {"history": "Interactive.43", "point": 1, "testname": "STAB", "cornername": "Nominal"}
[2026-04-08 08:59:46.893 Z] [WARN] [cadence.virtuoso.ade.simulationMonitor] -     WARNING (SPECTRE-8360): line 1515: `ac' is an undefined primitive device.
        Further occurrences of this warning will be suppressed. {"history": "Interactive.43", "point": 1, "testname": "STAB", "cornername": "Nominal"}
[2026-04-08 08:59:46.893 Z] [INFO] [cadence.virtuoso.ade.simulationMonitor] - Peak resident memory used = 171 Mbytes. {"history": "Interactive.43", "point": 1, "testname": "STAB", "cornername": "Nominal"}
[2026-04-08 08:59:46.893 Z] [WARN] [cadence.virtuoso.ade.simulationMonitor] -     WARNING (VACOMP-2435): The environment variable CDS_AHDLCMI_ENABLE is no longer supported. Therefore, the simulator will use the default compiled C code flow. {"history": "Interactive.43", "point": 1, "testname": "STAB", "cornername": "Nominal"}
[2026-04-08 08:59:46.893 Z] [WARN] [cadence.virtuoso.ade.simulationMonitor] -     WARNING (SFE-3028): The floating resistor I7.I5.C2.ropen2 is removed. {"history": "Interactive.43", "point": 1, "testname": "STAB", "cornername": "Nominal"}
[2026-04-08 08:59:46.893 Z] [WARN] [cadence.virtuoso.ade.simulationMonitor] -     WARNING (SFE-3028): The floating resistor I7.I5.C2.ropen1 is removed. {"history": "Interactive.43", "point": 1, "testname": "STAB", "cornername": "Nominal"}
[2026-04-08 08:59:46.894 Z] [WARN] [cadence.virtuoso.ade.simulationMonitor] -     WARNING (SFE-3028): The floating resistor I7.I5.C2.rsub2 is removed. {"history": "Interactive.43", "point": 1, "testname": "STAB", "cornername": "Nominal"}
[2026-04-08 08:59:46.894 Z] [WARN] [cadence.virtuoso.ade.simulationMonitor] -     WARNING (SFE-3014): The floating device I7.I5.C2.lg is removed. {"history": "Interactive.43", "point": 1, "testname": "STAB", "cornername": "Nominal"}
[2026-04-08 08:59:46.894 Z] [WARN] [cadence.virtuoso.ade.simulationMonitor] -     WARNING (SFE-3028): The floating resistor I7.I5.C2.rsub1 is removed. {"history": "Interactive.43", "point": 1, "testname": "STAB", "cornername": "Nominal"}
[2026-04-08 08:59:46.894 Z] [WARN] [cadence.virtuoso.ade.simulationMonitor] -     WARNING (SFE-3029): The dummy capacitor C8 is removed. {"history": "Interactive.43", "point": 1, "testname": "STAB", "cornername": "Nominal"}
[2026-04-08 08:59:46.894 Z] [WARN] [cadence.virtuoso.ade.simulationMonitor] -     WARNING (SFE-3014): The floating device I7.I5.C2.dsub2 is removed. {"history": "Interactive.43", "point": 1, "testname": "STAB", "cornername": "Nominal"}
[2026-04-08 08:59:46.894 Z] [WARN] [cadence.virtuoso.ade.simulationMonitor] -     WARNING (SFE-3028): The floating resistor I7.I5.C2.rg is removed.
        Further occurrences of this warning will be suppressed. {"history": "Interactive.43", "point": 1, "testname": "STAB", "cornername": "Nominal"}
[2026-04-08 08:59:46.894 Z] [WARN] [cadence.virtuoso.ade.simulationMonitor] -     WARNING (SFE-3014): The floating device I7.I5.C2 is removed. {"history": "Interactive.43", "point": 1, "testname": "STAB", "cornername": "Nominal"}
[2026-04-08 08:59:46.894 Z] [WARN] [cadence.virtuoso.ade.simulationMonitor] -     WARNING (SFE-3014): The floating device I7.I5.C2.dsub1 is removed. {"history": "Interactive.43", "point": 1, "testname": "STAB", "cornername": "Nominal"}
[2026-04-08 08:59:46.894 Z] [WARN] [cadence.virtuoso.ade.simulationMonitor] -     WARNING (SFE-3016): The floating node I7.I5.C2.b2 is removed. {"history": "Interactive.43", "point": 1, "testname": "STAB", "cornername": "Nominal"}
[2026-04-08 08:59:46.894 Z] [WARN] [cadence.virtuoso.ade.simulationMonitor] -     WARNING (SFE-3016): The floating node I7.I5.C2.b1 is removed. {"history": "Interactive.43", "point": 1, "testname": "STAB", "cornername": "Nominal"}
[2026-04-08 08:59:46.895 Z] [WARN] [cadence.virtuoso.ade.simulationMonitor] -     WARNING (SFE-3016): The floating node I7.I5.C2.d1 is removed. {"history": "Interactive.43", "point": 1, "testname": "STAB", "cornername": "Nominal"}
[2026-04-08 08:59:46.895 Z] [WARN] [cadence.virtuoso.ade.simulationMonitor] -     WARNING (SFE-3016): The floating node I7.I5.net5 is removed. {"history": "Interactive.43", "point": 1, "testname": "STAB", "cornername": "Nominal"}
[2026-04-08 08:59:46.895 Z] [WARN] [cadence.virtuoso.ade.simulationMonitor] -     WARNING (SFE-3016): The floating node I7.I5.C2.s1 is removed.
        Further occurrences of this warning will be suppressed. {"history": "Interactive.43", "point": 1, "testname": "STAB", "cornername": "Nominal"}
[2026-04-08 08:59:46.895 Z] [INFO] [cadence.virtuoso.ade.simulationMonitor] - Peak resident memory used = 187 Mbytes. {"history": "Interactive.43", "point": 1, "testname": "STAB", "cornername": "Nominal"}
[2026-04-08 08:59:46.895 Z] [INFO] [cadence.virtuoso.ade.simulationMonitor] - Notice from spectre during hierarchy flattening.
    The value 'psf' specified for the 'checklimitdest' option will no longer be supported in future releases. Use 'spectre -h' to see other recommended values for the 'checklimitdest' option.
    I7.R7.CS0 of rpolyhc: `c' has the unusually small value of 0 F.
    I7.R7.CS1 of rpolyhc: `c' has the unusually small value of 0 F. {"history": "Interactive.43", "point": 1, "testname": "STAB", "cornername": "Nominal"}
[2026-04-08 08:59:46.895 Z] [INFO] [cadence.virtuoso.ade.simulationMonitor] - Peak resident memory used = 189 Mbytes. {"history": "Interactive.43", "point": 1, "testname": "STAB", "cornername": "Nominal"}
[2026-04-08 08:59:46.895 Z] [WARN] [cadence.virtuoso.ade.simulationMonitor] -     WARNING (CMI-2425): I7.I5.C1: `Acde' = 2.393 is unusually large. {"history": "Interactive.43", "point": 1, "testname": "STAB", "cornername": "Nominal"}
[2026-04-08 08:59:46.895 Z] [WARN] [cadence.virtuoso.ade.simulationMonitor] -     WARNING (CMI-2425): I7.I5.C1: `Noff' = 4.732 is unusually large. {"history": "Interactive.43", "point": 1, "testname": "STAB", "cornername": "Nominal"}
[2026-04-08 08:59:46.895 Z] [WARN] [cadence.virtuoso.ade.simulationMonitor] -     WARNING (CMI-2424): I7.I5.C1: `Voffcv' = -867.4e-03 is unusually small. {"history": "Interactive.43", "point": 1, "testname": "STAB", "cornername": "Nominal"}
[2026-04-08 08:59:46.896 Z] [WARN] [cadence.virtuoso.ade.simulationMonitor] -     WARNING (CMI-2425): I7.C0: `Acde' = 2.393 is unusually large. {"history": "Interactive.43", "point": 1, "testname": "STAB", "cornername": "Nominal"}
[2026-04-08 08:59:46.896 Z] [WARN] [cadence.virtuoso.ade.simulationMonitor] -     WARNING (CMI-2425): I7.C0: `Noff' = 4.732 is unusually large. {"history": "Interactive.43", "point": 1, "testname": "STAB", "cornername": "Nominal"}
[2026-04-08 08:59:46.896 Z] [WARN] [cadence.virtuoso.ade.simulationMonitor] -     WARNING (CMI-2424): I7.C0: `Voffcv' = -867.4e-03 is unusually small. {"history": "Interactive.43", "point": 1, "testname": "STAB", "cornername": "Nominal"}
[2026-04-08 08:59:46.896 Z] [WARN] [cadence.virtuoso.ade.simulationMonitor] -     WARNING (SPECTRE-17607): Assert `SOAC_rpolyh_vminuspsub' is ignored because it contains an expression which is invalid or not supported by native evaluator.  {"history": "Interactive.43", "point": 1, "testname": "STAB", "cornername": "Nominal"}
[2026-04-08 08:59:46.896 Z] [WARN] [cadence.virtuoso.ade.simulationMonitor] -     WARNING (SPECTRE-17607): Assert `SOAC_rpolyh_vpluspsub' is ignored because it contains an expression which is invalid or not supported by native evaluator.  {"history": "Interactive.43", "point": 1, "testname": "STAB", "cornername": "Nominal"}
[2026-04-08 08:59:46.896 Z] [WARN] [cadence.virtuoso.ade.simulationMonitor] -     WARNING (SPECTRE-16460): SOAC_cvarm_vspsub:Specified subcircuit master `cvarm' was not found. {"history": "Interactive.43", "point": 1, "testname": "STAB", "cornername": "Nominal"}
[2026-04-08 08:59:46.896 Z] [WARN] [cadence.virtuoso.ade.simulationMonitor] -     WARNING (SPECTRE-16462): SOAC_cvarm_vspsub:Error in specification of subcircuit master. Assert is ignored. {"history": "Interactive.43", "point": 1, "testname": "STAB", "cornername": "Nominal"}
[2026-04-08 08:59:46.896 Z] [WARN] [cadence.virtuoso.ade.simulationMonitor] -     WARNING (SPECTRE-16460): SOAC_cvarm_vbs:Specified subcircuit master `cvarm' was not found. {"history": "Interactive.43", "point": 1, "testname": "STAB", "cornername": "Nominal"}
[2026-04-08 08:59:46.896 Z] [WARN] [cadence.virtuoso.ade.simulationMonitor] -     WARNING (SPECTRE-16462): SOAC_cvarm_vbs:Error in specification of subcircuit master. Assert is ignored. {"history": "Interactive.43", "point": 1, "testname": "STAB", "cornername": "Nominal"}
[2026-04-08 08:59:46.897 Z] [WARN] [cadence.virtuoso.ade.simulationMonitor] -     WARNING (SPECTRE-16460): SOAC_cvarm_vgb:Specified subcircuit master `cvarm' was not found. {"history": "Interactive.43", "point": 1, "testname": "STAB", "cornername": "Nominal"}
[2026-04-08 08:59:46.897 Z] [WARN] [cadence.virtuoso.ade.simulationMonitor] -     WARNING (SPECTRE-16462): SOAC_cvarm_vgb:Error in specification of subcircuit master. Assert is ignored. {"history": "Interactive.43", "point": 1, "testname": "STAB", "cornername": "Nominal"}
[2026-04-08 08:59:46.897 Z] [WARN] [cadence.virtuoso.ade.simulationMonitor] -     WARNING (SPECTRE-16460): SOAC_cvart_vspsub:Specified subcircuit master `cvart' was not found. {"history": "Interactive.43", "point": 1, "testname": "STAB", "cornername": "Nominal"}
[2026-04-08 08:59:46.897 Z] [WARN] [cadence.virtuoso.ade.simulationMonitor] -     WARNING (SPECTRE-16462): SOAC_cvart_vspsub:Error in specification of subcircuit master. Assert is ignored. {"history": "Interactive.43", "point": 1, "testname": "STAB", "cornername": "Nominal"}
[2026-04-08 08:59:46.897 Z] [WARN] [cadence.virtuoso.ade.simulationMonitor] -     WARNING (SPECTRE-16460): SOAC_cvart_vbs:Specified subcircuit master `cvart' was not found.
        Further occurrences of this warning will be suppressed. {"history": "Interactive.43", "point": 1, "testname": "STAB", "cornername": "Nominal"}
[2026-04-08 08:59:46.897 Z] [WARN] [cadence.virtuoso.ade.simulationMonitor] -     WARNING (SPECTRE-16462): SOAC_cvart_vbs:Error in specification of subcircuit master. Assert is ignored.
        Further occurrences of this warning will be suppressed. {"history": "Interactive.43", "point": 1, "testname": "STAB", "cornername": "Nominal"}
[2026-04-08 08:59:46.897 Z] [WARN] [cadence.virtuoso.ade.simulationMonitor] -     WARNING (SPECTRE-17607): Assert `SOAC_cvar_vspsub' is ignored because it contains an expression which is invalid or not supported by native evaluator.  {"history": "Interactive.43", "point": 1, "testname": "STAB", "cornername": "Nominal"}
[2026-04-08 08:59:46.897 Z] [WARN] [cadence.virtuoso.ade.simulationMonitor] -     WARNING (SPECTRE-17607): Assert `SOAC_cvar_vbpsub' is ignored because it contains an expression which is invalid or not supported by native evaluator.  {"history": "Interactive.43", "point": 1, "testname": "STAB", "cornername": "Nominal"}
[2026-04-08 08:59:46.897 Z] [WARN] [cadence.virtuoso.ade.simulationMonitor] -     WARNING (SPECTRE-17607): Assert `SOAC_cvar_vgpsub' is ignored because it contains an expression which is invalid or not supported by native evaluator. 
        Further occurrences of this warning will be suppressed. {"history": "Interactive.43", "point": 1, "testname": "STAB", "cornername": "Nominal"}
[2026-04-08 08:59:47.398 Z] [INFO] [cadence.virtuoso.ade.simulationMonitor] - Notice from spectre during topology check.
    Only one connection to node `I7.net1'.
    No DC path from node `VA' to ground, Gmin installed to provide path.
    No DC path from node `I7.net1' to ground, Gmin installed to provide path. {"history": "Interactive.43", "point": 1, "testname": "STAB", "cornername": "Nominal"}
[2026-04-08 08:59:47.399 Z] [INFO] [cadence.virtuoso.ade.simulationMonitor] - Notice from spectre during initial setup.
    Multithreading is disabled due to the size of the design being too small. {"history": "Interactive.43", "point": 1, "testname": "STAB", "cornername": "Nominal"}
[2026-04-08 08:59:47.399 Z] [INFO] [cadence.virtuoso.ade.simulationMonitor] -               nodes 74 {"history": "Interactive.43", "point": 1, "testname": "STAB", "cornername": "Nominal"}
[2026-04-08 08:59:47.400 Z] [INFO] [cadence.virtuoso.ade.simulationMonitor] - Notice from spectre during initial setup.
    2 resistors are shorted because their absolute value is less than or equal to 'rabsshort'.
    1 vsources are shorted because their absolute value is less than or equal to 'vabsshort'.
    Spectre X preset=cx enabled.
    I7.R7.CS1 of rpolyhc: `ceff' has the unusually small value of 0 F.
    I7.R7.CS0 of rpolyhc: `ceff' has the unusually small value of 0 F. {"history": "Interactive.43", "point": 1, "testname": "STAB", "cornername": "Nominal"}
[2026-04-08 08:59:47.400 Z] [WARN] [cadence.virtuoso.ade.simulationMonitor] -     WARNING (CMI-2425): I7.I5.C1: `Acde' = 2.393 is unusually large.
        Further occurrences of this warning will be suppressed. {"history": "Interactive.43", "point": 1, "testname": "STAB", "cornername": "Nominal"}
[2026-04-08 08:59:47.401 Z] [WARN] [cadence.virtuoso.ade.simulationMonitor] -     WARNING (CMI-2424): I7.I5.C1: `Voffcv' = -867.4e-03 is unusually small. {"history": "Interactive.43", "point": 1, "testname": "STAB", "cornername": "Nominal"}
[2026-04-08 08:59:47.401 Z] [WARN] [cadence.virtuoso.ade.simulationMonitor] -     WARNING (CMI-2424): I7.C0: `Voffcv' = -867.4e-03 is unusually small. {"history": "Interactive.43", "point": 1, "testname": "STAB", "cornername": "Nominal"}
[2026-04-08 08:59:47.401 Z] [INFO] [cadence.virtuoso.ade.simulationMonitor] - Notice from spectre.
    83 warnings suppressed. {"history": "Interactive.43", "point": 1, "testname": "STAB", "cornername": "Nominal"}
[2026-04-08 08:59:47.401 Z] [INFO] [cadence.virtuoso.ade.simulationMonitor] - Peak resident memory used = 196 Mbytes. {"history": "Interactive.43", "point": 1, "testname": "STAB", "cornername": "Nominal"}
[2026-04-08 08:59:47.401 Z] [INFO] [cadence.virtuoso.ade.simulationMonitor] -    -   (Spectre X) Multi-threading. The recommended number of threads is 1, consider adding +mt=1 on command line. {"history": "Interactive.43", "point": 1, "testname": "STAB", "cornername": "Nominal"}
[2026-04-08 08:59:47.402 Z] [INFO] [cadence.virtuoso.ade.simulationMonitor] - Notice from spectre during DC analysis `dcOp'.
    No checklimit analysis defined for asserts. A default checklimit analysis 'SpectreChecklimitAnal' has been created with all asserts enabled. {"history": "Interactive.43", "point": 1, "testname": "STAB", "cornername": "Nominal"}
[2026-04-08 08:59:47.402 Z] [INFO] [cadence.virtuoso.ade.simulationMonitor] - Notice from spectre during DC analysis `dcOp'.
    GminDC = 1 pS is large enough to noticeably affect the DC solution.
        dV(I7.I5.C1.d1) = 2.5885 mV
        Use the `gmin_check' option to eliminate or expand this report.
    Bad pivoting is found during DC analysis. Option dc_pivot_check=yes is recommended for possible improvement of convergence. {"history": "Interactive.43", "point": 1, "testname": "STAB", "cornername": "Nominal"}
[2026-04-08 08:59:47.402 Z] [WARN] [cadence.virtuoso.ade.simulationMonitor] -     WARNING (CMI-2943): Parameter checks have been ignored because the valid value for parameter 'trise' could not be found in 'C0'. {"history": "Interactive.43", "point": 1, "testname": "STAB", "cornername": "Nominal"}
[2026-04-08 08:59:47.402 Z] [WARN] [cadence.virtuoso.ade.simulationMonitor] -     WARNING (CMI-2943): Parameter checks have been ignored because the valid value for parameter 'trise' could not be found in 'C1'. {"history": "Interactive.43", "point": 1, "testname": "STAB", "cornername": "Nominal"}
[2026-04-08 08:59:47.403 Z] [WARN] [cadence.virtuoso.ade.simulationMonitor] -     WARNING (CMI-2943): Parameter checks have been ignored because the valid value for parameter 'trise' could not be found in 'C4'. {"history": "Interactive.43", "point": 1, "testname": "STAB", "cornername": "Nominal"}
[2026-04-08 08:59:47.403 Z] [WARN] [cadence.virtuoso.ade.simulationMonitor] -     WARNING (CMI-2943): Parameter checks have been ignored because the valid value for parameter 'trise' could not be found in 'C5'. {"history": "Interactive.43", "point": 1, "testname": "STAB", "cornername": "Nominal"}
[2026-04-08 08:59:47.403 Z] [WARN] [cadence.virtuoso.ade.simulationMonitor] -     WARNING (CMI-2943): Parameter checks have been ignored because the valid value for parameter 'trise' could not be found in 'C6'.
        Further occurrences of this warning will be suppressed. {"history": "Interactive.43", "point": 1, "testname": "STAB", "cornername": "Nominal"}
[2026-04-08 08:59:47.403 Z] [INFO] [cadence.virtuoso.ade.simulationMonitor] - Total time required for dc analysis `dcOp': CPU = 53.563 ms, elapsed = 64.6088 ms, util. = 82.9%. {"history": "Interactive.43", "point": 1, "testname": "STAB", "cornername": "Nominal"}
[2026-04-08 08:59:47.403 Z] [INFO] [cadence.virtuoso.ade.simulationMonitor] - Peak resident memory used = 203 Mbytes. {"history": "Interactive.43", "point": 1, "testname": "STAB", "cornername": "Nominal"}
[2026-04-08 08:59:47.404 Z] [INFO] [cadence.virtuoso.ade.simulationMonitor] - Notice from spectre.
    43 warnings suppressed. {"history": "Interactive.43", "point": 1, "testname": "STAB", "cornername": "Nominal"}
[2026-04-08 08:59:47.404 Z] [WARN] [cadence.virtuoso.ade.simulationMonitor] -     WARNING (CMI-2425): I7.C0: `Acde' = 2.393 is unusually large. {"history": "Interactive.43", "point": 1, "testname": "STAB", "cornername": "Nominal"}
[2026-04-08 08:59:47.404 Z] [WARN] [cadence.virtuoso.ade.simulationMonitor] -     WARNING (CMI-2425): I7.C0: `Noff' = 4.732 is unusually large. {"history": "Interactive.43", "point": 1, "testname": "STAB", "cornername": "Nominal"}
[2026-04-08 08:59:47.404 Z] [WARN] [cadence.virtuoso.ade.simulationMonitor] -     WARNING (CMI-2424): I7.C0: `Voffcv' = -867.4e-03 is unusually small. {"history": "Interactive.43", "point": 1, "testname": "STAB", "cornername": "Nominal"}
[2026-04-08 08:59:47.404 Z] [WARN] [cadence.virtuoso.ade.simulationMonitor] -     WARNING (CMI-2425): I7.I5.C1: `Acde' = 2.393 is unusually large. {"history": "Interactive.43", "point": 1, "testname": "STAB", "cornername": "Nominal"}
[2026-04-08 08:59:47.405 Z] [WARN] [cadence.virtuoso.ade.simulationMonitor] -     WARNING (CMI-2425): I7.I5.C1: `Noff' = 4.732 is unusually large. {"history": "Interactive.43", "point": 1, "testname": "STAB", "cornername": "Nominal"}
[2026-04-08 08:59:47.405 Z] [WARN] [cadence.virtuoso.ade.simulationMonitor] -     WARNING (CMI-2424): I7.I5.C1: `Voffcv' = -867.4e-03 is unusually small. {"history": "Interactive.43", "point": 1, "testname": "STAB", "cornername": "Nominal"}
[2026-04-08 08:59:47.405 Z] [WARN] [cadence.virtuoso.ade.simulationMonitor] -     WARNING: BSIM3v3 MOS Transistor - frequency dependent components are present in the circuit, approximated as AC equivalents at 1.000000e+00Hz for pz analysis. {"history": "Interactive.43", "point": 1, "testname": "STAB", "cornername": "Nominal"}
[2026-04-08 08:59:47.405 Z] [INFO] [cadence.virtuoso.ade.simulationMonitor] - Notice from spectre during DC analysis, during PZ analysis `pz'.
    GminDC = 1 pS is large enough to noticeably affect the DC solution.
        dV(I7.I5.C1.d1) = 2.5885 mV
        Use the `gmin_check' option to eliminate or expand this report.
    Bad pivoting is found during DC analysis. Option dc_pivot_check=yes is recommended for possible improvement of convergence. {"history": "Interactive.43", "point": 1, "testname": "STAB", "cornername": "Nominal"}
[2026-04-08 08:59:47.405 Z] [WARN] [cadence.virtuoso.ade.simulationMonitor] -     WARNING (CMI-2943): Parameter checks have been ignored because the valid value for parameter 'trise' could not be found in 'C0'. {"history": "Interactive.43", "point": 1, "testname": "STAB", "cornername": "Nominal"}
[2026-04-08 08:59:47.405 Z] [WARN] [cadence.virtuoso.ade.simulationMonitor] -     WARNING (CMI-2943): Parameter checks have been ignored because the valid value for parameter 'trise' could not be found in 'C1'. {"history": "Interactive.43", "point": 1, "testname": "STAB", "cornername": "Nominal"}
[2026-04-08 08:59:47.405 Z] [WARN] [cadence.virtuoso.ade.simulationMonitor] -     WARNING (CMI-2943): Parameter checks have been ignored because the valid value for parameter 'trise' could not be found in 'C4'. {"history": "Interactive.43", "point": 1, "testname": "STAB", "cornername": "Nominal"}
[2026-04-08 08:59:47.405 Z] [WARN] [cadence.virtuoso.ade.simulationMonitor] -     WARNING (CMI-2943): Parameter checks have been ignored because the valid value for parameter 'trise' could not be found in 'C5'. {"history": "Interactive.43", "point": 1, "testname": "STAB", "cornername": "Nominal"}
[2026-04-08 08:59:47.405 Z] [WARN] [cadence.virtuoso.ade.simulationMonitor] -     WARNING (CMI-2943): Parameter checks have been ignored because the valid value for parameter 'trise' could not be found in 'C6'.
        Further occurrences of this warning will be suppressed. {"history": "Interactive.43", "point": 1, "testname": "STAB", "cornername": "Nominal"}
[2026-04-08 08:59:47.405 Z] [INFO] [cadence.virtuoso.ade.simulationMonitor] - Notice from spectre at 0 during DC analysis, during PZ analysis `pz'.
    GminDC = 1 pS is large enough to noticeably affect the DC solution.
        dV(I7.I5.C1.s1) = 2.5885 mV
        Use the `gmin_check' option to eliminate or expand this report. {"history": "Interactive.43", "point": 1, "testname": "STAB", "cornername": "Nominal"}
[2026-04-08 08:59:47.405 Z] [WARN] [cadence.virtuoso.ade.simulationMonitor] -     WARNING (UWI-8101): The specified waveform format 'psf' (improper context for requested action) could not be added. The simulator will ignore the waveform. Check the application programming interface (API) before running the simulation again. {"history": "Interactive.43", "point": 1, "testname": "STAB", "cornername": "Nominal"}
[2026-04-08 08:59:47.405 Z] [WARN] [cadence.virtuoso.ade.simulationMonitor] -     WARNING (UWI-8101): The specified waveform format 'psf' (improper context for requested action) could not be added. The simulator will ignore the waveform. Check the application programming interface (API) before running the simulation again. {"history": "Interactive.43", "point": 1, "testname": "STAB", "cornername": "Nominal"}
[2026-04-08 08:59:47.405 Z] [WARN] [cadence.virtuoso.ade.simulationMonitor] -     WARNING (UWI-8101): The specified waveform format 'psf' (improper context for requested action) could not be added. The simulator will ignore the waveform. Check the application programming interface (API) before running the simulation again. {"history": "Interactive.43", "point": 1, "testname": "STAB", "cornername": "Nominal"}
[2026-04-08 08:59:47.405 Z] [WARN] [cadence.virtuoso.ade.simulationMonitor] -     WARNING (UWI-8101): The specified waveform format 'psf' (improper context for requested action) could not be added. The simulator will ignore the waveform. Check the application programming interface (API) before running the simulation again. {"history": "Interactive.43", "point": 1, "testname": "STAB", "cornername": "Nominal"}
[2026-04-08 08:59:47.405 Z] [WARN] [cadence.virtuoso.ade.simulationMonitor] -     WARNING (UWI-8101): The specified waveform format 'psf' (improper context for requested action) could not be added. The simulator will ignore the waveform. Check the application programming interface (API) before running the simulation again.
        Further occurrences of this warning will be suppressed. {"history": "Interactive.43", "point": 1, "testname": "STAB", "cornername": "Nominal"}
[2026-04-08 08:59:47.405 Z] [INFO] [cadence.virtuoso.ade.simulationMonitor] - Total time required for pz analysis `pz': CPU = 27.424 ms, elapsed = 31.544 ms, util. = 86.9%. {"history": "Interactive.43", "point": 1, "testname": "STAB", "cornername": "Nominal"}
[2026-04-08 08:59:47.405 Z] [INFO] [cadence.virtuoso.ade.simulationMonitor] - Peak resident memory used = 211 Mbytes. {"history": "Interactive.43", "point": 1, "testname": "STAB", "cornername": "Nominal"}
[2026-04-08 08:59:47.405 Z] [INFO] [cadence.virtuoso.ade.simulationMonitor] - Notice from spectre.
    131 warnings suppressed. {"history": "Interactive.43", "point": 1, "testname": "STAB", "cornername": "Nominal"}
[2026-04-08 08:59:47.406 Z] [WARN] [cadence.virtuoso.ade.simulationMonitor] -     WARNING (CMI-2425): I7.C0: `Acde' = 2.393 is unusually large. {"history": "Interactive.43", "point": 1, "testname": "STAB", "cornername": "Nominal"}
[2026-04-08 08:59:47.406 Z] [WARN] [cadence.virtuoso.ade.simulationMonitor] -     WARNING (CMI-2425): I7.C0: `Noff' = 4.732 is unusually large. {"history": "Interactive.43", "point": 1, "testname": "STAB", "cornername": "Nominal"}
[2026-04-08 08:59:47.406 Z] [WARN] [cadence.virtuoso.ade.simulationMonitor] -     WARNING (CMI-2424): I7.C0: `Voffcv' = -867.4e-03 is unusually small. {"history": "Interactive.43", "point": 1, "testname": "STAB", "cornername": "Nominal"}
[2026-04-08 08:59:47.406 Z] [WARN] [cadence.virtuoso.ade.simulationMonitor] -     WARNING (CMI-2425): I7.I5.C1: `Acde' = 2.393 is unusually large. {"history": "Interactive.43", "point": 1, "testname": "STAB", "cornername": "Nominal"}
[2026-04-08 08:59:47.406 Z] [WARN] [cadence.virtuoso.ade.simulationMonitor] -     WARNING (CMI-2425): I7.I5.C1: `Noff' = 4.732 is unusually large. {"history": "Interactive.43", "point": 1, "testname": "STAB", "cornername": "Nominal"}
[2026-04-08 08:59:47.406 Z] [WARN] [cadence.virtuoso.ade.simulationMonitor] -     WARNING (CMI-2424): I7.I5.C1: `Voffcv' = -867.4e-03 is unusually small. {"history": "Interactive.43", "point": 1, "testname": "STAB", "cornername": "Nominal"}
[2026-04-08 08:59:47.406 Z] [INFO] [cadence.virtuoso.ade.simulationMonitor] - Notice from spectre during IC analysis, during transient analysis `tran'.
    GminDC = 1 pS is large enough to noticeably affect the DC solution.
        dV(I7.I5.C1.d1) = 2.5885 mV
        Use the `gmin_check' option to eliminate or expand this report.
    Bad pivoting is found during DC analysis. Option dc_pivot_check=yes is recommended for possible improvement of convergence. {"history": "Interactive.43", "point": 1, "testname": "STAB", "cornername": "Nominal"}
[2026-04-08 08:59:47.406 Z] [WARN] [cadence.virtuoso.ade.simulationMonitor] -     WARNING (CMI-2943): Parameter checks have been ignored because the valid value for parameter 'trise' could not be found in 'C0'. {"history": "Interactive.43", "point": 1, "testname": "STAB", "cornername": "Nominal"}
[2026-04-08 08:59:47.406 Z] [WARN] [cadence.virtuoso.ade.simulationMonitor] -     WARNING (CMI-2943): Parameter checks have been ignored because the valid value for parameter 'trise' could not be found in 'C1'. {"history": "Interactive.43", "point": 1, "testname": "STAB", "cornername": "Nominal"}
[2026-04-08 08:59:47.406 Z] [WARN] [cadence.virtuoso.ade.simulationMonitor] -     WARNING (CMI-2943): Parameter checks have been ignored because the valid value for parameter 'trise' could not be found in 'C4'. {"history": "Interactive.43", "point": 1, "testname": "STAB", "cornername": "Nominal"}
[2026-04-08 08:59:47.406 Z] [WARN] [cadence.virtuoso.ade.simulationMonitor] -     WARNING (CMI-2943): Parameter checks have been ignored because the valid value for parameter 'trise' could not be found in 'C5'. {"history": "Interactive.43", "point": 1, "testname": "STAB", "cornername": "Nominal"}
[2026-04-08 08:59:47.406 Z] [WARN] [cadence.virtuoso.ade.simulationMonitor] -     WARNING (CMI-2943): Parameter checks have been ignored because the valid value for parameter 'trise' could not be found in 'C6'.
        Further occurrences of this warning will be suppressed. {"history": "Interactive.43", "point": 1, "testname": "STAB", "cornername": "Nominal"}
[2026-04-08 08:59:47.406 Z] [INFO] [cadence.virtuoso.ade.simulationMonitor] - Notice from spectre during transient analysis `tran'.
    Multithreading is disabled due to the size of the design being too small. {"history": "Interactive.43", "point": 1, "testname": "STAB", "cornername": "Nominal"}
[2026-04-08 08:59:47.406 Z] [INFO] [cadence.virtuoso.ade.simulationMonitor] - Total time required for tran analysis `tran': CPU = 11.55 ms, elapsed = 13.546 ms, util. = 85.3%. {"history": "Interactive.43", "point": 1, "testname": "STAB", "cornername": "Nominal"}
[2026-04-08 08:59:47.406 Z] [INFO] [cadence.virtuoso.ade.simulationMonitor] - Peak resident memory used = 214 Mbytes. {"history": "Interactive.43", "point": 1, "testname": "STAB", "cornername": "Nominal"}
[2026-04-08 08:59:47.406 Z] [INFO] [cadence.virtuoso.ade.simulationMonitor] - Notice from spectre.
    43 warnings suppressed. {"history": "Interactive.43", "point": 1, "testname": "STAB", "cornername": "Nominal"}
[2026-04-08 08:59:47.406 Z] [INFO] [cadence.virtuoso.ade.simulationMonitor] - Time used: CPU = 287 ms, elapsed = 566 ms, util. = 50.8%. {"history": "Interactive.43", "point": 1, "testname": "STAB", "cornername": "Nominal"}
[2026-04-08 08:59:47.406 Z] [INFO] [cadence.virtuoso.ade.simulationMonitor] - Time spent in licensing: elapsed = 38.2 ms, percentage of total = 6.75%. {"history": "Interactive.43", "point": 1, "testname": "STAB", "cornername": "Nominal"}
[2026-04-08 08:59:47.406 Z] [INFO] [cadence.virtuoso.ade.simulationMonitor] - Peak memory used = 213 Mbytes. {"history": "Interactive.43", "point": 1, "testname": "STAB", "cornername": "Nominal"}
[2026-04-08 08:59:47.406 Z] [PROCESS] [cadence.virtuoso.ade.simulationMonitor] - Simulation started at: 8:59:46 AM, Wed Apr 8, 2026, ended at: 8:59:47 AM, Wed Apr 8, 2026, with elapsed time (wall clock): 566 ms. {"history": "Interactive.43", "point": 1, "testname": "STAB", "cornername": "Nominal"}
[2026-04-08 08:59:47.406 Z] [PROCESS] [cadence.virtuoso.ade.simulationMonitor] - spectre completes with 0 errors, 78 warnings, and 29 notices. {"history": "Interactive.43", "point": 1, "testname": "STAB", "cornername": "Nominal"}
[2026-04-08 08:59:47.406 Z] [PROCESS] [cadence.virtuoso.ade.simulationMonitor] - Finished simulating for one point {"hostname": "edatools", "processid": 42304, "history": "Interactive.43", "testname": "STAB", "cornername": "Nominal", "point": 1, "logfile": "/home/saul/projects/IL2244_VT26_SAUL/logs_saul/logs0/Job9.log", "simid": "1"}
[2026-04-08 08:59:47.406 Z] [PROCESS] [cadence.virtuoso.ade.simulationMonitor] - Simulator exited {"hostname": "edatools", "processid": 42304, "history": "Interactive.43", "testname": "STAB", "cornername": "Nominal", "point": 1, "logfile": "/home/saul/projects/IL2244_VT26_SAUL/logs_saul/logs0/Job9.log", "exitStatus": "0"}
[2026-04-08 08:59:47.407 Z] [PROCESS] [cadence.virtuoso.ade.simulationMonitor] - Finished Simulation {"hostname": "edatools", "processid": 42304, "history": "Interactive.43", "testname": "STAB", "cornername": "Nominal", "point": 1, "logfile": "/home/saul/projects/IL2244_VT26_SAUL/logs_saul/logs0/Job9.log", "simid": "1"}
[2026-04-08 08:59:49.412 Z] [PROCESS] [cadence.virtuoso.ade.simulationMonitor] - Point Finished {"hostname": "edatools", "processid": 42304, "history": "Interactive.43", "testname": "STAB", "cornername": "Nominal", "point": 1, "logfile": "/home/saul/projects/IL2244_VT26_SAUL/logs_saul/logs0/Job9.log"}
[2026-04-08 09:04:25.047 Z] [PROCESS] [cadence.virtuoso.ade.simulationMonitor] - Started History {"hostname": "edatools", "processid": 42304, "history": "Interactive.44", "testname": "STAB", "cornername": "Nominal", "point": 1, "logfile": "/home/saul/projects/IL2244_VT26_SAUL/logs_saul/logs0/Job9.log"}
[2026-04-08 09:04:25.047 Z] [PROCESS] [cadence.virtuoso.ade.simulationMonitor] - HostInfo:
Host name (type):	edatools (x86_64)
Operating system:	Linux 6.17.0-20-generic #20~24.04.1-Ubuntu SMP PREEMPT_DYNAMIC Thu Mar 19 01:28:37 UTC 2 {"hostname": "edatools", "processid": 42304, "history": "Interactive.44", "testname": "STAB", "cornername": "Nominal", "point": 1, "logfile": "/home/saul/projects/IL2244_VT26_SAUL/logs_saul/logs0/Job9.log", "nodename": "edatools", "domainname": "(none)", "machine": "x86_64", "sysname": "Linux", "release": "6.17.0-20-generic", "version": "#20~24.04.1-Ubuntu SMP PREEMPT_DYNAMIC Thu Mar 19 01:28:37 UTC 2"}
[2026-04-08 09:04:25.048 Z] [PROCESS] [cadence.virtuoso.ade.simulationMonitor] - UsageInfo:
pid=42304
totalPhysicalMemory=62.544991GB,Used=18.337990GB,totalVirtualMemory=70.544987GB,Used=18.337990GB
Cpu: Cores=16, Load average:0.290000,0.350000,0.380000 {"hostname": "edatools", "processid": 42304, "history": "Interactive.44", "testname": "STAB", "cornername": "Nominal", "point": 1, "logfile": "/home/saul/projects/IL2244_VT26_SAUL/logs_saul/logs0/Job9.log", "pid": "42304", "totalPhysicalMemory": "62.544991", "physicalMemoryUsed": "18.337990", "totalVirtualMemory": "70.544987", "virtualMemoryUsed": "18.337990", "cpuCores": "16", "processes": "1964", "loadAverage1": "0.290000", "loadAverage5": "0.350000", "loadAverage15": "0.380000", "loadAverage1Percent": "0.018125"}
[2026-04-08 09:04:25.049 Z] [EVENT] [cadence.virtuoso.ade.simulationMonitor] - NewPoint {"history": "Interactive.44", "point": 1, "testname": "STAB", "cornername": "Nominal", "event": "NewPoint", "EventSource": "Simulation Monitor", "HistoryName": "Interactive.44", "logFile": "/home/saul/projects/IL2244_VT26_SAUL/logs_saul/logs0/Job9.log", "logFileSize": "38442"}
[2026-04-08 09:04:25.151 Z] [EVENT] [cadence.virtuoso.ade.simulationMonitor] - NewPoint {"history": "Interactive.44", "point": 1, "testname": "STAB", "cornername": "Nominal", "event": "NewPoint", "EventSource": "spectre", "HistoryName": "Interactive.44", "logFile": "/home/saul/projects/IL2244_VT26_SAUL/Sim/FECG/fecg_cmfb_tb/maestro/results/maestro/Interactive.44/1/STAB/psf/spectre.out", "logFileSize": "-1"}
[2026-04-08 09:04:25.164 Z] [PROCESS] [cadence.virtuoso.ade.simulationMonitor] - Simulator launched {"hostname": "edatools", "processid": 42304, "history": "Interactive.44", "testname": "STAB", "cornername": "Nominal", "point": 1, "logfile": "/home/saul/projects/IL2244_VT26_SAUL/logs_saul/logs0/Job9.log", "simid": "2"}
[2026-04-08 09:04:25.168 Z] [PROCESS] [cadence.virtuoso.ade.simulationMonitor] - Expression evaluator launched {"hostname": "edatools", "processid": 42304, "history": "Interactive.44", "testname": "STAB", "cornername": "Nominal", "point": 1, "logfile": "/home/saul/projects/IL2244_VT26_SAUL/logs_saul/logs0/Job9.log"}
[2026-04-08 09:04:25.203 Z] [PROCESS] [cadence.virtuoso.ade.simulationMonitor] - Started Simulation {"hostname": "edatools", "processid": 42304, "history": "Interactive.44", "testname": "STAB", "cornername": "Nominal", "point": 1, "logfile": "/home/saul/projects/IL2244_VT26_SAUL/logs_saul/logs0/Job9.log", "event": "started", "task": "simulation"}
[2026-04-08 09:04:25.703 Z] [INFO] [cadence.virtuoso.ade.simulationMonitor] - Notice from spectre during circuit read-in.
    Pre_Configuration file used: /opt/tools/cadence/installs/SPECTRE241/tools.lnx86/spectre/etc/configs/preset.precfg
    Configuration file used: `/opt/tools/cadence/installs/SPECTRE241/tools.lnx86/spectre/etc/configs/preset.cfg'. {"history": "Interactive.44", "point": 1, "testname": "STAB", "cornername": "Nominal"}
[2026-04-08 09:04:25.703 Z] [WARN] [cadence.virtuoso.ade.simulationMonitor] -     WARNING (SPECTRE-8360): line 1511: `ac' is an undefined primitive device. {"history": "Interactive.44", "point": 1, "testname": "STAB", "cornername": "Nominal"}
[2026-04-08 09:04:25.703 Z] [WARN] [cadence.virtuoso.ade.simulationMonitor] -     WARNING (SPECTRE-8360): line 1512: `ac' is an undefined primitive device. {"history": "Interactive.44", "point": 1, "testname": "STAB", "cornername": "Nominal"}
[2026-04-08 09:04:25.703 Z] [WARN] [cadence.virtuoso.ade.simulationMonitor] -     WARNING (SPECTRE-8360): line 1513: `ac' is an undefined primitive device. {"history": "Interactive.44", "point": 1, "testname": "STAB", "cornername": "Nominal"}
[2026-04-08 09:04:25.704 Z] [WARN] [cadence.virtuoso.ade.simulationMonitor] -     WARNING (SPECTRE-8360): line 1514: `ac' is an undefined primitive device. {"history": "Interactive.44", "point": 1, "testname": "STAB", "cornername": "Nominal"}
[2026-04-08 09:04:25.704 Z] [WARN] [cadence.virtuoso.ade.simulationMonitor] -     WARNING (SPECTRE-8360): line 1515: `ac' is an undefined primitive device.
        Further occurrences of this warning will be suppressed. {"history": "Interactive.44", "point": 1, "testname": "STAB", "cornername": "Nominal"}
[2026-04-08 09:04:25.704 Z] [INFO] [cadence.virtuoso.ade.simulationMonitor] - Peak resident memory used = 171 Mbytes. {"history": "Interactive.44", "point": 1, "testname": "STAB", "cornername": "Nominal"}
[2026-04-08 09:04:25.704 Z] [WARN] [cadence.virtuoso.ade.simulationMonitor] -     WARNING (VACOMP-2435): The environment variable CDS_AHDLCMI_ENABLE is no longer supported. Therefore, the simulator will use the default compiled C code flow. {"history": "Interactive.44", "point": 1, "testname": "STAB", "cornername": "Nominal"}
[2026-04-08 09:04:25.704 Z] [WARN] [cadence.virtuoso.ade.simulationMonitor] -     WARNING (SFE-3029): The dummy capacitor C8 is removed. {"history": "Interactive.44", "point": 1, "testname": "STAB", "cornername": "Nominal"}
[2026-04-08 09:04:25.704 Z] [INFO] [cadence.virtuoso.ade.simulationMonitor] - Peak resident memory used = 187 Mbytes. {"history": "Interactive.44", "point": 1, "testname": "STAB", "cornername": "Nominal"}
[2026-04-08 09:04:25.704 Z] [INFO] [cadence.virtuoso.ade.simulationMonitor] - Notice from spectre during hierarchy flattening.
    The value 'psf' specified for the 'checklimitdest' option will no longer be supported in future releases. Use 'spectre -h' to see other recommended values for the 'checklimitdest' option.
    I7.R7.CS0 of rpolyhc: `c' has the unusually small value of 0 F.
    I7.R7.CS1 of rpolyhc: `c' has the unusually small value of 0 F. {"history": "Interactive.44", "point": 1, "testname": "STAB", "cornername": "Nominal"}
[2026-04-08 09:04:25.704 Z] [INFO] [cadence.virtuoso.ade.simulationMonitor] - Peak resident memory used = 189 Mbytes. {"history": "Interactive.44", "point": 1, "testname": "STAB", "cornername": "Nominal"}
[2026-04-08 09:04:25.704 Z] [WARN] [cadence.virtuoso.ade.simulationMonitor] -     WARNING (CMI-2425): I7.I3.C1: `Acde' = 2.393 is unusually large. {"history": "Interactive.44", "point": 1, "testname": "STAB", "cornername": "Nominal"}
[2026-04-08 09:04:25.704 Z] [WARN] [cadence.virtuoso.ade.simulationMonitor] -     WARNING (CMI-2425): I7.I3.C1: `Noff' = 4.732 is unusually large. {"history": "Interactive.44", "point": 1, "testname": "STAB", "cornername": "Nominal"}
[2026-04-08 09:04:25.704 Z] [WARN] [cadence.virtuoso.ade.simulationMonitor] -     WARNING (CMI-2424): I7.I3.C1: `Voffcv' = -867.4e-03 is unusually small. {"history": "Interactive.44", "point": 1, "testname": "STAB", "cornername": "Nominal"}
[2026-04-08 09:04:25.704 Z] [WARN] [cadence.virtuoso.ade.simulationMonitor] -     WARNING (CMI-2425): I7.C0: `Acde' = 2.393 is unusually large. {"history": "Interactive.44", "point": 1, "testname": "STAB", "cornername": "Nominal"}
[2026-04-08 09:04:25.704 Z] [WARN] [cadence.virtuoso.ade.simulationMonitor] -     WARNING (CMI-2425): I7.C0: `Noff' = 4.732 is unusually large. {"history": "Interactive.44", "point": 1, "testname": "STAB", "cornername": "Nominal"}
[2026-04-08 09:04:25.704 Z] [WARN] [cadence.virtuoso.ade.simulationMonitor] -     WARNING (CMI-2424): I7.C0: `Voffcv' = -867.4e-03 is unusually small. {"history": "Interactive.44", "point": 1, "testname": "STAB", "cornername": "Nominal"}
[2026-04-08 09:04:25.704 Z] [WARN] [cadence.virtuoso.ade.simulationMonitor] -     WARNING (SPECTRE-17607): Assert `SOAC_rpolyh_vminuspsub' is ignored because it contains an expression which is invalid or not supported by native evaluator.  {"history": "Interactive.44", "point": 1, "testname": "STAB", "cornername": "Nominal"}
[2026-04-08 09:04:25.704 Z] [WARN] [cadence.virtuoso.ade.simulationMonitor] -     WARNING (SPECTRE-17607): Assert `SOAC_rpolyh_vpluspsub' is ignored because it contains an expression which is invalid or not supported by native evaluator.  {"history": "Interactive.44", "point": 1, "testname": "STAB", "cornername": "Nominal"}
[2026-04-08 09:04:25.704 Z] [WARN] [cadence.virtuoso.ade.simulationMonitor] -     WARNING (SPECTRE-16460): SOAC_cvarm_vspsub:Specified subcircuit master `cvarm' was not found. {"history": "Interactive.44", "point": 1, "testname": "STAB", "cornername": "Nominal"}
[2026-04-08 09:04:25.704 Z] [WARN] [cadence.virtuoso.ade.simulationMonitor] -     WARNING (SPECTRE-16462): SOAC_cvarm_vspsub:Error in specification of subcircuit master. Assert is ignored. {"history": "Interactive.44", "point": 1, "testname": "STAB", "cornername": "Nominal"}
[2026-04-08 09:04:25.704 Z] [WARN] [cadence.virtuoso.ade.simulationMonitor] -     WARNING (SPECTRE-16460): SOAC_cvarm_vbs:Specified subcircuit master `cvarm' was not found. {"history": "Interactive.44", "point": 1, "testname": "STAB", "cornername": "Nominal"}
[2026-04-08 09:04:25.704 Z] [WARN] [cadence.virtuoso.ade.simulationMonitor] -     WARNING (SPECTRE-16462): SOAC_cvarm_vbs:Error in specification of subcircuit master. Assert is ignored. {"history": "Interactive.44", "point": 1, "testname": "STAB", "cornername": "Nominal"}
[2026-04-08 09:04:25.704 Z] [WARN] [cadence.virtuoso.ade.simulationMonitor] -     WARNING (SPECTRE-16460): SOAC_cvarm_vgb:Specified subcircuit master `cvarm' was not found. {"history": "Interactive.44", "point": 1, "testname": "STAB", "cornername": "Nominal"}
[2026-04-08 09:04:25.704 Z] [WARN] [cadence.virtuoso.ade.simulationMonitor] -     WARNING (SPECTRE-16462): SOAC_cvarm_vgb:Error in specification of subcircuit master. Assert is ignored. {"history": "Interactive.44", "point": 1, "testname": "STAB", "cornername": "Nominal"}
[2026-04-08 09:04:25.705 Z] [WARN] [cadence.virtuoso.ade.simulationMonitor] -     WARNING (SPECTRE-16460): SOAC_cvart_vspsub:Specified subcircuit master `cvart' was not found. {"history": "Interactive.44", "point": 1, "testname": "STAB", "cornername": "Nominal"}
[2026-04-08 09:04:25.705 Z] [WARN] [cadence.virtuoso.ade.simulationMonitor] -     WARNING (SPECTRE-16462): SOAC_cvart_vspsub:Error in specification of subcircuit master. Assert is ignored. {"history": "Interactive.44", "point": 1, "testname": "STAB", "cornername": "Nominal"}
[2026-04-08 09:04:25.705 Z] [WARN] [cadence.virtuoso.ade.simulationMonitor] -     WARNING (SPECTRE-16460): SOAC_cvart_vbs:Specified subcircuit master `cvart' was not found.
        Further occurrences of this warning will be suppressed. {"history": "Interactive.44", "point": 1, "testname": "STAB", "cornername": "Nominal"}
[2026-04-08 09:04:25.705 Z] [WARN] [cadence.virtuoso.ade.simulationMonitor] -     WARNING (SPECTRE-16462): SOAC_cvart_vbs:Error in specification of subcircuit master. Assert is ignored.
        Further occurrences of this warning will be suppressed. {"history": "Interactive.44", "point": 1, "testname": "STAB", "cornername": "Nominal"}
[2026-04-08 09:04:25.705 Z] [WARN] [cadence.virtuoso.ade.simulationMonitor] -     WARNING (SPECTRE-17607): Assert `SOAC_cvar_vspsub' is ignored because it contains an expression which is invalid or not supported by native evaluator.  {"history": "Interactive.44", "point": 1, "testname": "STAB", "cornername": "Nominal"}
[2026-04-08 09:04:25.705 Z] [WARN] [cadence.virtuoso.ade.simulationMonitor] -     WARNING (SPECTRE-17607): Assert `SOAC_cvar_vbpsub' is ignored because it contains an expression which is invalid or not supported by native evaluator.  {"history": "Interactive.44", "point": 1, "testname": "STAB", "cornername": "Nominal"}
[2026-04-08 09:04:25.705 Z] [WARN] [cadence.virtuoso.ade.simulationMonitor] -     WARNING (SPECTRE-17607): Assert `SOAC_cvar_vgpsub' is ignored because it contains an expression which is invalid or not supported by native evaluator. 
        Further occurrences of this warning will be suppressed. {"history": "Interactive.44", "point": 1, "testname": "STAB", "cornername": "Nominal"}
[2026-04-08 09:04:26.206 Z] [INFO] [cadence.virtuoso.ade.simulationMonitor] - Notice from spectre during topology check.
    Only one connection to node `I7.net1'.
    No DC path from node `VA' to ground, Gmin installed to provide path.
    No DC path from node `I7.net1' to ground, Gmin installed to provide path. {"history": "Interactive.44", "point": 1, "testname": "STAB", "cornername": "Nominal"}
[2026-04-08 09:04:26.206 Z] [INFO] [cadence.virtuoso.ade.simulationMonitor] - Notice from spectre during initial setup.
    Multithreading is disabled due to the size of the design being too small. {"history": "Interactive.44", "point": 1, "testname": "STAB", "cornername": "Nominal"}
[2026-04-08 09:04:26.207 Z] [INFO] [cadence.virtuoso.ade.simulationMonitor] -               nodes 62 {"history": "Interactive.44", "point": 1, "testname": "STAB", "cornername": "Nominal"}
[2026-04-08 09:04:26.207 Z] [INFO] [cadence.virtuoso.ade.simulationMonitor] - Notice from spectre during initial setup.
    2 resistors are shorted because their absolute value is less than or equal to 'rabsshort'.
    1 vsources are shorted because their absolute value is less than or equal to 'vabsshort'.
    Spectre X preset=cx enabled.
    I7.R7.CS1 of rpolyhc: `ceff' has the unusually small value of 0 F.
    I7.R7.CS0 of rpolyhc: `ceff' has the unusually small value of 0 F. {"history": "Interactive.44", "point": 1, "testname": "STAB", "cornername": "Nominal"}
[2026-04-08 09:04:26.208 Z] [WARN] [cadence.virtuoso.ade.simulationMonitor] -     WARNING (CMI-2425): I7.I3.C1: `Acde' = 2.393 is unusually large.
        Further occurrences of this warning will be suppressed. {"history": "Interactive.44", "point": 1, "testname": "STAB", "cornername": "Nominal"}
[2026-04-08 09:04:26.208 Z] [WARN] [cadence.virtuoso.ade.simulationMonitor] -     WARNING (CMI-2424): I7.I3.C1: `Voffcv' = -867.4e-03 is unusually small. {"history": "Interactive.44", "point": 1, "testname": "STAB", "cornername": "Nominal"}
[2026-04-08 09:04:26.208 Z] [WARN] [cadence.virtuoso.ade.simulationMonitor] -     WARNING (CMI-2424): I7.C0: `Voffcv' = -867.4e-03 is unusually small. {"history": "Interactive.44", "point": 1, "testname": "STAB", "cornername": "Nominal"}
[2026-04-08 09:04:26.208 Z] [INFO] [cadence.virtuoso.ade.simulationMonitor] - Notice from spectre.
    77 warnings suppressed. {"history": "Interactive.44", "point": 1, "testname": "STAB", "cornername": "Nominal"}
[2026-04-08 09:04:26.209 Z] [INFO] [cadence.virtuoso.ade.simulationMonitor] - Peak resident memory used = 196 Mbytes. {"history": "Interactive.44", "point": 1, "testname": "STAB", "cornername": "Nominal"}
[2026-04-08 09:04:26.209 Z] [INFO] [cadence.virtuoso.ade.simulationMonitor] -    -   (Spectre X) Multi-threading. The recommended number of threads is 1, consider adding +mt=1 on command line. {"history": "Interactive.44", "point": 1, "testname": "STAB", "cornername": "Nominal"}
[2026-04-08 09:04:26.209 Z] [INFO] [cadence.virtuoso.ade.simulationMonitor] - Notice from spectre during DC analysis `dcOp'.
    No checklimit analysis defined for asserts. A default checklimit analysis 'SpectreChecklimitAnal' has been created with all asserts enabled. {"history": "Interactive.44", "point": 1, "testname": "STAB", "cornername": "Nominal"}
[2026-04-08 09:04:26.210 Z] [INFO] [cadence.virtuoso.ade.simulationMonitor] - Notice from spectre during DC analysis `dcOp'.
    GminDC = 1 pS is large enough to noticeably affect the DC solution.
        dV(I7.I3.net6) = 18.4232 mV
        Use the `gmin_check' option to eliminate or expand this report.
    Bad pivoting is found during DC analysis. Option dc_pivot_check=yes is recommended for possible improvement of convergence. {"history": "Interactive.44", "point": 1, "testname": "STAB", "cornername": "Nominal"}
[2026-04-08 09:04:26.210 Z] [WARN] [cadence.virtuoso.ade.simulationMonitor] -     WARNING (CMI-2943): Parameter checks have been ignored because the valid value for parameter 'trise' could not be found in 'C0'. {"history": "Interactive.44", "point": 1, "testname": "STAB", "cornername": "Nominal"}
[2026-04-08 09:04:26.210 Z] [WARN] [cadence.virtuoso.ade.simulationMonitor] -     WARNING (CMI-2943): Parameter checks have been ignored because the valid value for parameter 'trise' could not be found in 'C1'. {"history": "Interactive.44", "point": 1, "testname": "STAB", "cornername": "Nominal"}
[2026-04-08 09:04:26.210 Z] [WARN] [cadence.virtuoso.ade.simulationMonitor] -     WARNING (CMI-2943): Parameter checks have been ignored because the valid value for parameter 'trise' could not be found in 'C4'. {"history": "Interactive.44", "point": 1, "testname": "STAB", "cornername": "Nominal"}
[2026-04-08 09:04:26.211 Z] [WARN] [cadence.virtuoso.ade.simulationMonitor] -     WARNING (CMI-2943): Parameter checks have been ignored because the valid value for parameter 'trise' could not be found in 'C5'. {"history": "Interactive.44", "point": 1, "testname": "STAB", "cornername": "Nominal"}
[2026-04-08 09:04:26.211 Z] [WARN] [cadence.virtuoso.ade.simulationMonitor] -     WARNING (CMI-2943): Parameter checks have been ignored because the valid value for parameter 'trise' could not be found in 'C6'.
        Further occurrences of this warning will be suppressed. {"history": "Interactive.44", "point": 1, "testname": "STAB", "cornername": "Nominal"}
[2026-04-08 09:04:26.211 Z] [INFO] [cadence.virtuoso.ade.simulationMonitor] - Total time required for dc analysis `dcOp': CPU = 33.815 ms, elapsed = 43.8631 ms, util. = 77.1%. {"history": "Interactive.44", "point": 1, "testname": "STAB", "cornername": "Nominal"}
[2026-04-08 09:04:26.212 Z] [INFO] [cadence.virtuoso.ade.simulationMonitor] - Peak resident memory used = 203 Mbytes. {"history": "Interactive.44", "point": 1, "testname": "STAB", "cornername": "Nominal"}
[2026-04-08 09:04:26.212 Z] [INFO] [cadence.virtuoso.ade.simulationMonitor] - Notice from spectre.
    38 warnings suppressed. {"history": "Interactive.44", "point": 1, "testname": "STAB", "cornername": "Nominal"}
[2026-04-08 09:04:26.212 Z] [WARN] [cadence.virtuoso.ade.simulationMonitor] -     WARNING (CMI-2425): I7.C0: `Acde' = 2.393 is unusually large. {"history": "Interactive.44", "point": 1, "testname": "STAB", "cornername": "Nominal"}
[2026-04-08 09:04:26.212 Z] [WARN] [cadence.virtuoso.ade.simulationMonitor] -     WARNING (CMI-2425): I7.C0: `Noff' = 4.732 is unusually large. {"history": "Interactive.44", "point": 1, "testname": "STAB", "cornername": "Nominal"}
[2026-04-08 09:04:26.213 Z] [WARN] [cadence.virtuoso.ade.simulationMonitor] -     WARNING (CMI-2424): I7.C0: `Voffcv' = -867.4e-03 is unusually small. {"history": "Interactive.44", "point": 1, "testname": "STAB", "cornername": "Nominal"}
[2026-04-08 09:04:26.213 Z] [WARN] [cadence.virtuoso.ade.simulationMonitor] -     WARNING (CMI-2425): I7.I3.C1: `Acde' = 2.393 is unusually large. {"history": "Interactive.44", "point": 1, "testname": "STAB", "cornername": "Nominal"}
[2026-04-08 09:04:26.213 Z] [WARN] [cadence.virtuoso.ade.simulationMonitor] -     WARNING (CMI-2425): I7.I3.C1: `Noff' = 4.732 is unusually large. {"history": "Interactive.44", "point": 1, "testname": "STAB", "cornername": "Nominal"}
[2026-04-08 09:04:26.213 Z] [WARN] [cadence.virtuoso.ade.simulationMonitor] -     WARNING (CMI-2424): I7.I3.C1: `Voffcv' = -867.4e-03 is unusually small. {"history": "Interactive.44", "point": 1, "testname": "STAB", "cornername": "Nominal"}
[2026-04-08 09:04:26.214 Z] [WARN] [cadence.virtuoso.ade.simulationMonitor] -     WARNING: BSIM3v3 MOS Transistor - frequency dependent components are present in the circuit, approximated as AC equivalents at 1.000000e+00Hz for pz analysis. {"history": "Interactive.44", "point": 1, "testname": "STAB", "cornername": "Nominal"}
[2026-04-08 09:04:26.214 Z] [INFO] [cadence.virtuoso.ade.simulationMonitor] - Notice from spectre during DC analysis, during PZ analysis `pz'.
    GminDC = 1 pS is large enough to noticeably affect the DC solution.
        dV(I7.I3.MP0:int_d) = 18.4231 mV
        Use the `gmin_check' option to eliminate or expand this report.
    Bad pivoting is found during DC analysis. Option dc_pivot_check=yes is recommended for possible improvement of convergence. {"history": "Interactive.44", "point": 1, "testname": "STAB", "cornername": "Nominal"}
[2026-04-08 09:04:26.214 Z] [WARN] [cadence.virtuoso.ade.simulationMonitor] -     WARNING (CMI-2943): Parameter checks have been ignored because the valid value for parameter 'trise' could not be found in 'C0'. {"history": "Interactive.44", "point": 1, "testname": "STAB", "cornername": "Nominal"}
[2026-04-08 09:04:26.214 Z] [WARN] [cadence.virtuoso.ade.simulationMonitor] -     WARNING (CMI-2943): Parameter checks have been ignored because the valid value for parameter 'trise' could not be found in 'C1'. {"history": "Interactive.44", "point": 1, "testname": "STAB", "cornername": "Nominal"}
[2026-04-08 09:04:26.214 Z] [WARN] [cadence.virtuoso.ade.simulationMonitor] -     WARNING (CMI-2943): Parameter checks have been ignored because the valid value for parameter 'trise' could not be found in 'C4'. {"history": "Interactive.44", "point": 1, "testname": "STAB", "cornername": "Nominal"}
[2026-04-08 09:04:26.214 Z] [WARN] [cadence.virtuoso.ade.simulationMonitor] -     WARNING (CMI-2943): Parameter checks have been ignored because the valid value for parameter 'trise' could not be found in 'C5'. {"history": "Interactive.44", "point": 1, "testname": "STAB", "cornername": "Nominal"}
[2026-04-08 09:04:26.214 Z] [WARN] [cadence.virtuoso.ade.simulationMonitor] -     WARNING (CMI-2943): Parameter checks have been ignored because the valid value for parameter 'trise' could not be found in 'C6'.
        Further occurrences of this warning will be suppressed. {"history": "Interactive.44", "point": 1, "testname": "STAB", "cornername": "Nominal"}
[2026-04-08 09:04:26.214 Z] [INFO] [cadence.virtuoso.ade.simulationMonitor] - Notice from spectre at 0 during DC analysis, during PZ analysis `pz'.
    GminDC = 1 pS is large enough to noticeably affect the DC solution.
        dV(I7.I3.MP0:int_d) = 18.4231 mV
        Use the `gmin_check' option to eliminate or expand this report. {"history": "Interactive.44", "point": 1, "testname": "STAB", "cornername": "Nominal"}
[2026-04-08 09:04:26.214 Z] [WARN] [cadence.virtuoso.ade.simulationMonitor] -     WARNING (UWI-8101): The specified waveform format 'psf' (improper context for requested action) could not be added. The simulator will ignore the waveform. Check the application programming interface (API) before running the simulation again. {"history": "Interactive.44", "point": 1, "testname": "STAB", "cornername": "Nominal"}
[2026-04-08 09:04:26.214 Z] [WARN] [cadence.virtuoso.ade.simulationMonitor] -     WARNING (UWI-8101): The specified waveform format 'psf' (improper context for requested action) could not be added. The simulator will ignore the waveform. Check the application programming interface (API) before running the simulation again. {"history": "Interactive.44", "point": 1, "testname": "STAB", "cornername": "Nominal"}
[2026-04-08 09:04:26.214 Z] [WARN] [cadence.virtuoso.ade.simulationMonitor] -     WARNING (UWI-8101): The specified waveform format 'psf' (improper context for requested action) could not be added. The simulator will ignore the waveform. Check the application programming interface (API) before running the simulation again. {"history": "Interactive.44", "point": 1, "testname": "STAB", "cornername": "Nominal"}
[2026-04-08 09:04:26.214 Z] [WARN] [cadence.virtuoso.ade.simulationMonitor] -     WARNING (UWI-8101): The specified waveform format 'psf' (improper context for requested action) could not be added. The simulator will ignore the waveform. Check the application programming interface (API) before running the simulation again. {"history": "Interactive.44", "point": 1, "testname": "STAB", "cornername": "Nominal"}
[2026-04-08 09:04:26.214 Z] [WARN] [cadence.virtuoso.ade.simulationMonitor] -     WARNING (UWI-8101): The specified waveform format 'psf' (improper context for requested action) could not be added. The simulator will ignore the waveform. Check the application programming interface (API) before running the simulation again.
        Further occurrences of this warning will be suppressed. {"history": "Interactive.44", "point": 1, "testname": "STAB", "cornername": "Nominal"}
[2026-04-08 09:04:26.214 Z] [INFO] [cadence.virtuoso.ade.simulationMonitor] - Total time required for pz analysis `pz': CPU = 22.869 ms, elapsed = 26.2332 ms, util. = 87.2%. {"history": "Interactive.44", "point": 1, "testname": "STAB", "cornername": "Nominal"}
[2026-04-08 09:04:26.214 Z] [INFO] [cadence.virtuoso.ade.simulationMonitor] - Peak resident memory used = 211 Mbytes. {"history": "Interactive.44", "point": 1, "testname": "STAB", "cornername": "Nominal"}
[2026-04-08 09:04:26.214 Z] [INFO] [cadence.virtuoso.ade.simulationMonitor] - Notice from spectre.
    121 warnings suppressed. {"history": "Interactive.44", "point": 1, "testname": "STAB", "cornername": "Nominal"}
[2026-04-08 09:04:26.214 Z] [WARN] [cadence.virtuoso.ade.simulationMonitor] -     WARNING (CMI-2425): I7.C0: `Acde' = 2.393 is unusually large. {"history": "Interactive.44", "point": 1, "testname": "STAB", "cornername": "Nominal"}
[2026-04-08 09:04:26.214 Z] [WARN] [cadence.virtuoso.ade.simulationMonitor] -     WARNING (CMI-2425): I7.C0: `Noff' = 4.732 is unusually large. {"history": "Interactive.44", "point": 1, "testname": "STAB", "cornername": "Nominal"}
[2026-04-08 09:04:26.214 Z] [WARN] [cadence.virtuoso.ade.simulationMonitor] -     WARNING (CMI-2424): I7.C0: `Voffcv' = -867.4e-03 is unusually small. {"history": "Interactive.44", "point": 1, "testname": "STAB", "cornername": "Nominal"}
[2026-04-08 09:04:26.214 Z] [WARN] [cadence.virtuoso.ade.simulationMonitor] -     WARNING (CMI-2425): I7.I3.C1: `Acde' = 2.393 is unusually large. {"history": "Interactive.44", "point": 1, "testname": "STAB", "cornername": "Nominal"}
[2026-04-08 09:04:26.214 Z] [WARN] [cadence.virtuoso.ade.simulationMonitor] -     WARNING (CMI-2425): I7.I3.C1: `Noff' = 4.732 is unusually large. {"history": "Interactive.44", "point": 1, "testname": "STAB", "cornername": "Nominal"}
[2026-04-08 09:04:26.215 Z] [WARN] [cadence.virtuoso.ade.simulationMonitor] -     WARNING (CMI-2424): I7.I3.C1: `Voffcv' = -867.4e-03 is unusually small. {"history": "Interactive.44", "point": 1, "testname": "STAB", "cornername": "Nominal"}
[2026-04-08 09:04:26.215 Z] [INFO] [cadence.virtuoso.ade.simulationMonitor] - Notice from spectre during IC analysis, during transient analysis `tran'.
    GminDC = 1 pS is large enough to noticeably affect the DC solution.
        dV(I7.I3.net6) = 18.4232 mV
        Use the `gmin_check' option to eliminate or expand this report.
    Bad pivoting is found during DC analysis. Option dc_pivot_check=yes is recommended for possible improvement of convergence. {"history": "Interactive.44", "point": 1, "testname": "STAB", "cornername": "Nominal"}
[2026-04-08 09:04:26.215 Z] [WARN] [cadence.virtuoso.ade.simulationMonitor] -     WARNING (CMI-2943): Parameter checks have been ignored because the valid value for parameter 'trise' could not be found in 'C0'. {"history": "Interactive.44", "point": 1, "testname": "STAB", "cornername": "Nominal"}
[2026-04-08 09:04:26.215 Z] [WARN] [cadence.virtuoso.ade.simulationMonitor] -     WARNING (CMI-2943): Parameter checks have been ignored because the valid value for parameter 'trise' could not be found in 'C1'. {"history": "Interactive.44", "point": 1, "testname": "STAB", "cornername": "Nominal"}
[2026-04-08 09:04:26.215 Z] [WARN] [cadence.virtuoso.ade.simulationMonitor] -     WARNING (CMI-2943): Parameter checks have been ignored because the valid value for parameter 'trise' could not be found in 'C4'. {"history": "Interactive.44", "point": 1, "testname": "STAB", "cornername": "Nominal"}
[2026-04-08 09:04:26.215 Z] [WARN] [cadence.virtuoso.ade.simulationMonitor] -     WARNING (CMI-2943): Parameter checks have been ignored because the valid value for parameter 'trise' could not be found in 'C5'. {"history": "Interactive.44", "point": 1, "testname": "STAB", "cornername": "Nominal"}
[2026-04-08 09:04:26.215 Z] [WARN] [cadence.virtuoso.ade.simulationMonitor] -     WARNING (CMI-2943): Parameter checks have been ignored because the valid value for parameter 'trise' could not be found in 'C6'.
        Further occurrences of this warning will be suppressed. {"history": "Interactive.44", "point": 1, "testname": "STAB", "cornername": "Nominal"}
[2026-04-08 09:04:26.215 Z] [INFO] [cadence.virtuoso.ade.simulationMonitor] - Notice from spectre during transient analysis `tran'.
    Multithreading is disabled due to the size of the design being too small. {"history": "Interactive.44", "point": 1, "testname": "STAB", "cornername": "Nominal"}
[2026-04-08 09:04:26.215 Z] [INFO] [cadence.virtuoso.ade.simulationMonitor] - Total time required for tran analysis `tran': CPU = 11.777 ms, elapsed = 13.495 ms, util. = 87.3%. {"history": "Interactive.44", "point": 1, "testname": "STAB", "cornername": "Nominal"}
[2026-04-08 09:04:26.215 Z] [INFO] [cadence.virtuoso.ade.simulationMonitor] - Peak resident memory used = 214 Mbytes. {"history": "Interactive.44", "point": 1, "testname": "STAB", "cornername": "Nominal"}
[2026-04-08 09:04:26.215 Z] [INFO] [cadence.virtuoso.ade.simulationMonitor] - Notice from spectre.
    38 warnings suppressed. {"history": "Interactive.44", "point": 1, "testname": "STAB", "cornername": "Nominal"}
[2026-04-08 09:04:26.215 Z] [INFO] [cadence.virtuoso.ade.simulationMonitor] - Time used: CPU = 276 ms, elapsed = 532 ms, util. = 52%. {"history": "Interactive.44", "point": 1, "testname": "STAB", "cornername": "Nominal"}
[2026-04-08 09:04:26.215 Z] [INFO] [cadence.virtuoso.ade.simulationMonitor] - Time spent in licensing: elapsed = 53.3 ms, percentage of total = 10%. {"history": "Interactive.44", "point": 1, "testname": "STAB", "cornername": "Nominal"}
[2026-04-08 09:04:26.215 Z] [INFO] [cadence.virtuoso.ade.simulationMonitor] - Peak memory used = 213 Mbytes. {"history": "Interactive.44", "point": 1, "testname": "STAB", "cornername": "Nominal"}
[2026-04-08 09:04:26.215 Z] [PROCESS] [cadence.virtuoso.ade.simulationMonitor] - Simulation started at: 9:04:25 AM, Wed Apr 8, 2026, ended at: 9:04:25 AM, Wed Apr 8, 2026, with elapsed time (wall clock): 532 ms. {"history": "Interactive.44", "point": 1, "testname": "STAB", "cornername": "Nominal"}
[2026-04-08 09:04:26.215 Z] [PROCESS] [cadence.virtuoso.ade.simulationMonitor] - spectre completes with 0 errors, 64 warnings, and 29 notices. {"history": "Interactive.44", "point": 1, "testname": "STAB", "cornername": "Nominal"}
[2026-04-08 09:04:26.215 Z] [PROCESS] [cadence.virtuoso.ade.simulationMonitor] - Finished simulating for one point {"hostname": "edatools", "processid": 42304, "history": "Interactive.44", "testname": "STAB", "cornername": "Nominal", "point": 1, "logfile": "/home/saul/projects/IL2244_VT26_SAUL/logs_saul/logs0/Job9.log", "simid": "2"}
[2026-04-08 09:04:26.215 Z] [PROCESS] [cadence.virtuoso.ade.simulationMonitor] - Simulator exited {"hostname": "edatools", "processid": 42304, "history": "Interactive.44", "testname": "STAB", "cornername": "Nominal", "point": 1, "logfile": "/home/saul/projects/IL2244_VT26_SAUL/logs_saul/logs0/Job9.log", "exitStatus": "0"}
[2026-04-08 09:04:26.216 Z] [PROCESS] [cadence.virtuoso.ade.simulationMonitor] - Finished Simulation {"hostname": "edatools", "processid": 42304, "history": "Interactive.44", "testname": "STAB", "cornername": "Nominal", "point": 1, "logfile": "/home/saul/projects/IL2244_VT26_SAUL/logs_saul/logs0/Job9.log", "simid": "2"}
[2026-04-08 09:04:28.221 Z] [PROCESS] [cadence.virtuoso.ade.simulationMonitor] - Point Finished {"hostname": "edatools", "processid": 42304, "history": "Interactive.44", "testname": "STAB", "cornername": "Nominal", "point": 1, "logfile": "/home/saul/projects/IL2244_VT26_SAUL/logs_saul/logs0/Job9.log"}
[2026-04-08 09:09:28.839 Z] [PROCESS] [cadence.virtuoso.ade.simulationMonitor] - Current memory used: 52.2383 MBytes, peak memory used: 52.2383 MBytes {"hostname": "edatools", "processid": 42304, "history": "Interactive.44", "testname": "STAB", "cornername": "Nominal", "point": 1, "logfile": "/home/saul/projects/IL2244_VT26_SAUL/logs_saul/logs0/Job9.log"}
[2026-04-08 09:09:28.840 Z] [PROCESS] [cadence.virtuoso.ade.simulationMonitor] - Simulation Monitor process exit. {"hostname": "edatools", "processid": 42304, "history": "Interactive.44", "testname": "STAB", "cornername": "Nominal", "point": 1, "logfile": "/home/saul/projects/IL2244_VT26_SAUL/logs_saul/logs0/Job9.log"}
