\# Program start time:     UTC 2026.04.18 17:00:50.468
\# Local time: UTC (UTC+00:00) 2026.04.18 17:00:50.468
\o Program:		@(#)$CDS: virtuoso version 6.1.8-64b 09/03/2024 19:11 (sjfhw316) $
\o Hierarchy:		/opt/tools/cadence/installs/IC618/tools.lnx86/dfII/
\o Sub version:		sub-version  IC6.1.8-64b.500.36  (64-bit addresses)
\# Command line:	/opt/tools/cadence/installs/IC618/tools.lnx86/dfII/bin/64bit/virtuoso -beanhost edatools -beanport 11300 -beanbinlog  -beanLogFile /home/saul/projects/IL2244_VT26_SAUL/logs_saul/logs0/amps_Service28.log -mpssession virtuoso2818667 -mpshost edatools -davinciService DaVinciService_2818667_1776408715 -scopedPid 2818667 -axlSession fnxSession1 -axlServiceIdFlag 28 -uuid fd374bdd-f565-4fc1-8d71-502d0eea6840 -heartbeat /dev/shm/swift-heartbeat.XPqHiO6fXS -log /home/saul/projects/IL2244_VT26_SAUL/logs_saul/logs0/Service28.log -noautostart -nographE -lscs 000175E1894CBE06FF0966E38F1FFC06BC4D138FFC7EFC06BC4D68F886089075D3225CD1A12FD236867F66E38F1FFC06BC4D66E38F1FFC06BC4D0F0037DE44C7D5AE00001E4C -interactive -offlineExprEval -fenixMode assembler -heartbeatTimeout  -lingerTimeout 300 -pointlifetime -1
\# Host name (type):	edatools (x86_64)
\# Operating system:	Linux 6.17.0-20-generic #20~24.04.1-Ubuntu SMP PREEMPT_DYNAMIC Thu Mar 19 01:28:37 UTC 2
\# Linux /etc/issue:	\S
\# Linux /etc/issue:	Kernel \r on an \m
\# X display name (WxH):	:4385 (1024x868)
\# Available geometry:			TL(0:0) BR(1023:867)
\# X server:			The X.Org Foundation
\# Depth of Visual (Root):	24 (24)
\# Number of Planes Used:	24
\# X version:		11.0 (vendor release 12011000)
\# X resource pool:	base 0x400000, mask 0x1fffff (2097151), shift 0
\# 			current id 0x0, current max 0x1ffffa (2097146)
\# Max data seg size:	     unlimited
\# Max process size:	     unlimited
\# Initial sbrk value:	        673 MB
\# Available memory:	     54,772 MB
\# System memory:	     72,238 MB
\# Maximum memory size:	     71,685 MB
\# Max mem available:	     54,891 MB
\# Initial memory used:	        119 MB
\#        process size:	      1,676 MB
\# Thread usage limits (effective/default):	maxthreads 4294967295/4294967295 maxload 16.00/16.00
\# Qt version:		5.9.1
\# Window Manager:	other
\# User Name:		saul
\o Working Directory:	edatools:/home/saul/projects/IL2244_VT26_SAUL
\# Process Id:		3599447
\o 
\o COPYRIGHT (C) 1992-2024  CADENCE DESIGN SYSTEMS INC.  ALL RIGHTS RESERVED.
\o           (C) 1992-2024  UNIX SYSTEMS Laboratories INC.,
\o                          Reproduced with permission.
\o 
\o This Cadence Design Systems program and online documentation are
\o proprietary/confidential information and may be disclosed/used only
\o as authorized in a license agreement controlling such use and disclosure.
\o 
\o           RESTRICTED RIGHTS NOTICE (SHORT FORM)
\o Use/reproduction/disclosure is subject to restriction
\o set forth at FAR 1252.227-19 or its equivalent.
\o Loading geView.cxt 
\o Loading menuBuilder.cxt 
\o Loading schView.cxt 
\o Loading selectSv.cxt 
\o Loading wireEdit.cxt 
\o Loading pte2.cxt 
\o Loading xlUI.cxt 
\o Loading auCore.cxt 
\o Loading vhdl.cxt 
\o Loading seismic.cxt 
\o Loading ci.cxt 
\o Loading ams.cxt 
\o Loading oasis.cxt 
\o Loading analog.cxt 
\o Loading asimenv.cxt 
\o Loading dal.cxt 
\o Loading awv.cxt 
\o Loading socket.cxt 
\o Loading par.cxt 
\o Loading alvs.cxt 
\o Loading caa.cxt 
\o Loading amps.cxt 
\o Loading adexlCore.cxt 
\# Memory report: using         230 MB, process size 1,910 MB at UTC 2026.04.18 17:00:51.120
\o Loading adexl.cxt 
\o *Info*    Exporting services from client ... 
\o 
\o Loading adexlDM.cxt 
\o Loading cpf.cxt 
\o Loading cli.cxt 
\o Loading lp.cxt 
\o INFO (ELI-00302) Connecting to parent process (session=virtuoso2818667, host=edatools). Connection mode is LSCS. Total timeout is 180 seconds. Connection timeout is 90 seconds.
\o INFO (ELI-00303) Step 1: Connecting to parent. Time spent is 0 seconds.
\o INFO (ELI-00304) The registration of the child 3599447 within 90 seconds is being processed...
\o INFO (ELI-00305) The result of registration is true. Time spent is 0 seconds.
\o INFO (ELI-00308) The connection has ended. Result is true. Total time spent is 0 seconds.
\# [17:00:50.445290] Configured Lic search path (22.01-s002): 3000@lic08.ug.kth.se:29000@lic06.ug.kth.se
\o ......................................................................................
\o            ams AG HIT-Kit v.ams_4.10
\o ......................................................................................
\o COPYRIGHT (c) 2012 Full Service Foundry @ ams AG.  ALL RIGHTS RESERVED
\o This HIT-Kit and attached documentation are confidential information and may 
\o only be used as authorized by the HIT-Kit license agreement.
\o ......................................................................................
\# Current Window: window(2)
\o Loading simulator default settings.
\o //
\o //  Calibre Skill Interface * (v2024.4_12.9) *
\o //
\o //                         Copyright Siemens 1996-2020     
\o //                             All Rights Reserved.
\o //         THIS WORK CONTAINS TRADE SECRET AND PROPRIETARY INFORMATION
\o //            WHICH IS THE PROPERTY OF MENTOR GRAPHICS CORPORATION
\o //              OR ITS LICENSORS AND IS SUBJECT TO LICENSE TERMS.
\o //
\o //
\o Loading simulator default settings.
\p hitkit: ams_4.10  Tech: c35b4c3  User: saul 
\w *WARNING* could not load font "-*-courier-medium-r-*-*-12-*", using font "fixed"
\# Loading perfDiag...
\# (PerfDiag): Set GDB path to environment variable 'gdbPath' (gdb).
\# Performance Diagnostic tool is installed. You can access PerfDiag from CIW Tools or use the shell command 'cdsPerfDiag -p 3599447' to open it when Virtuoso freezes.
\# (PerfDiag): Use backtrace from GLIBC.
\w *WARNING* _perfPstackCheck: Cannot find pstack/gstack. Please setup PATH environment variable to pstack/gstack executable.
\i _axlRunServices()
\# [17:00:52.389089] periodic Lic check successful
\# [17:00:52.389090] Feature usage summary:
\o Loading simui.cxt 
\o [2026-04-18 17:00:52.409 Z] [PROCESS] [cadence.virtuoso.ade.services] - Netlist Service has successfully started. Waiting for incoming messages ... {"hostname": "edatools", "processid": 3599447, "logfile": "/home/saul/projects/IL2244_VT26_SAUL/logs_saul/logs0/Service28.log"}
\# Available memory:         54,578 MB at UTC 2026.04.18 17:01:00.462
\# Memory report: Maximum memory size now 54,892 MB at UTC 2026.04.18 17:01:00.462
\# Thread usage report: 22 active threads, active load 1.40 at UTC 2026.04.18 17:01:00.462
\o [2026-04-18 17:01:57.241 Z] [EVENT] [cadence.virtuoso.ade.services.netlister] - NewPoint {"point": 0, "testname": "DC_MC", "event": "NewPoint", "EventSource": "Netlist Service", "HistoryName": "MonteCarlo.0", "logFile": "/home/saul/projects/IL2244_VT26_SAUL/logs_saul/logs0/Service28.log", "logFileSize": "6368"}
\o [2026-04-18 17:01:57.241 Z] [INFO] [cadence.virtuoso.ade.services.netlister] - Started preparing netlist {"point": 0, "testname": "DC_MC", "testnameKey": "DC_MC"}
\o Loading vqp.cxt 
\o Loading vdsil.cxt 
\o *Warning* AXL Context Manager : job 28 is already registered. 
\o 
\o Loading hdlPkg.cxt 
\o 
\o 
\o *Info*    Configuring the session ...
\o 
\o 	Library      = FBIAS
\o 	Cell         = fbias_bias_tb
\o 	View         = schematic
\o 	Simulator    = spectre
\o 	State Path   = $AXL_SETUPDB_DIR/test_states
\o 	State Name   = MonteCarlo.0
\o 	Results DB   = /home/saul/projects/IL2244_VT26_SAUL/FBIAS/fbias_bias_tb/maestro/results/maestro/MonteCarlo.0.rdb
\o 	Results Dir  = /home/saul/projects/IL2244_VT26_SAUL/Sim/FBIAS/fbias_bias_tb/maestro/results/maestro/MonteCarlo.0/1/DC_MC
\o 	Results Loc  = /home/saul/projects/IL2244_VT26_SAUL/Sim/FBIAS/fbias_bias_tb/maestro/results/maestro
\o 	Project Dir  = /home/saul/projects/IL2244_VT26_SAUL/Sim
\o 	Setup DB loc = /home/saul/projects/IL2244_VT26_SAUL/FBIAS/fbias_bias_tb/maestro
\o 	File Encoding = 0
\o 
\o 
\o Loading viva.cxt 
\o Loading spectrei.cxt 
\o Loading devCheck.cxt 
\o Loading relXpert.cxt 
\o Loading hspiceD.cxt 
\o Loading spectreinl.cxt 
\o Loading msgHandler.cxt 
\o Loading UltraSim.cxt 
\o Loading AMSOSS.cxt 
\o Loading AMS.cxt 
\o 
\o *Info*    The auto suspension is disabled.
\o 
\o Loading elec.cxt 
\o Resetting statistical vars
\o 
\o *Info*    Setting parameter values ...
\o 
\o Setting var VDD = "3.3"
\o Setting var VDD_PULSE = "0"
\o Setting var VDD_TR = "1u"
\o Loading monte.cxt 
\o Reusing AHDL Data dir
\o 
\o *Info*    Data Directory    =
\o           /home/saul/projects/IL2244_VT26_SAUL/Sim/FBIAS/fbias_bias_tb/maestro/results/maestro/MonteCarlo.0/psf/DC_MC
\o 
\# Memory report: using         405 MB, process size 2,171 MB at UTC 2026.04.18 17:01:59.027
\o generate netlist...
\o Loading hnlInit.cxt 
\o Loading seCore.cxt 
\o function ansCdlCompPrim redefined
\o function ansCdlCompPrim redefined
\o Initializing the control file using cp:
\o     cp /opt/tools/cadence/installs/IC618/tools.lnx86/dfII/etc/si/control.spectre /home/saul/projects/IL2244_VT26_SAUL/Sim/FBIAS/fbias_bias_tb/maestro/results/maestro/MonteCarlo.0/psf/DC_MC/netlist/control
\o Copying Spectre source file 'spectre.inp'
\o Copying Spectre command file 'spectre.sim'
\o Begin Incremental Netlisting Apr 18 17:01:59 2026
\o WARNING (ADE-6001): The number of terminals specified in CDF termOrder are more
\o            than the actual number of terminals in the cellview cell-view "FBIAS" "fbias_vol_ref" "schematic"
\o WARNING (ADE-6004): Mismatch was found between the terminals in the cellView and those on the
\o            termOrder property on the CDF. Because of the mismatch, the CDF termOrder will
\o            be ignored. The terminals in the cellView will be netlisted in the alphabetical
\o            order of their names. Eliminate the mismatch if you want the CDF termOrder
\o            property to be used for netlisting.
\o            To edit CDF of a cell, 
\o            i) Open CIW->Tools->CDF->Edit.
\o            ii) Select Library Name & Cell Name.
\o            iii) Click on the Edit button in the simulation information section of the
\o                 Edit CDF window.
\o Loading json.cxt 
\o End netlisting Apr 18 17:01:59 2026
\o 
\o Netlisting Statistics:
\o 	Number of components:  175
\o 
\o 	Elapsed time:          0.0s
\o Errors: 0	Warnings: 2
\o       ...successful.
\o compose simulator input file...
\o       ...successful.
\o [2026-04-18 17:01:59.179 Z] [INFO] [cadence.virtuoso.ade.services.netlister] - Finished preparing netlist {"point": 0, "testname": "DC_MC", "testnameKey": "DC_MC"}
\o [2026-04-18 17:02:00.182 Z] [EVENT] [cadence.virtuoso.ade.services.netlister] - GroupPoints {"point": 1, "testname": "DC_MC", "event": "GroupPoints", "EventSource": "Netlist Service", "Points": "1:1:34", "HistoryName": "MonteCarlo.0", "logFile": "/home/saul/projects/IL2244_VT26_SAUL/logs_saul/logs0/Service28.log", "logFileSize": "8712"}
\o [2026-04-18 17:02:00.182 Z] [INFO] [cadence.virtuoso.ade.services.netlister] - Started netlisting {"point": 1, "testname": "DC_MC"}
\o Simulation design variables differ from those on the cellView,
\o they have been saved in the file "/tmp/saved-design-variables".
\o To save future changes, copy variables to cellView before exiting.
\o *Warning* AXL Context Manager : job 28 is already registered. 
\o 
\o 
\o 
\o *Info*    Configuring the session ...
\o 
\o 	Library      = FBIAS
\o 	Cell         = fbias_bias_tb
\o 	View         = schematic
\o 	Simulator    = spectre
\o 	State Path   = $AXL_SETUPDB_DIR/test_states
\o 	State Name   = MonteCarlo.0
\o 	Results DB   = /home/saul/projects/IL2244_VT26_SAUL/FBIAS/fbias_bias_tb/maestro/results/maestro/MonteCarlo.0.rdb
\o 	Results Dir  = /home/saul/projects/IL2244_VT26_SAUL/Sim/FBIAS/fbias_bias_tb/maestro/results/maestro/MonteCarlo.0/1/DC_MC
\o 	Results Loc  = /home/saul/projects/IL2244_VT26_SAUL/Sim/FBIAS/fbias_bias_tb/maestro/results/maestro
\o 	Project Dir  = /home/saul/projects/IL2244_VT26_SAUL/Sim
\o 	Setup DB loc = /home/saul/projects/IL2244_VT26_SAUL/FBIAS/fbias_bias_tb/maestro
\o 	File Encoding = 0
\o 
\o 
\o 
\o *Info*    The auto suspension is disabled.
\o 
\o Resetting statistical vars
\o 
\o *Info*    Setting parameter values ...
\o 
\o Setting var VDD = "3.3"
\o Setting var VDD_PULSE = "0"
\o Setting var VDD_TR = "1u"
\o Setting var temperature = "27"
\o Setting temp(T) = 27
\o 
\o *Info*    Netlist Directory =
\o           /home/saul/projects/IL2244_VT26_SAUL/Sim/FBIAS/fbias_bias_tb/maestro/results/maestro/MonteCarlo.0/1/DC_MC/groupRunDataDir/netlist
\o 
\o 
\o *Info*    Data Directory    =
\o           /home/saul/projects/IL2244_VT26_SAUL/Sim/FBIAS/fbias_bias_tb/maestro/results/maestro/MonteCarlo.0/1/DC_MC/groupRunDataDir
\o 
\o Reusing AHDL Data dir
\o generate netlist...
\o function ansCdlCompPrim redefined
\o Ignoring netlist creation since ignoreDesignChangesDuringRun is set to true
\o       ...successful.
\o compose simulator input file...
\o       ...successful.
\o WARNING (ADE-3080): Fast viewing extensions for PSF XL format (also known as RTSF) will be discontinued  
\o        and Virtuoso Visualization and Analysis XL will not use RTSF data to plot waveforms from IC6.1.8 ISR7 onward. 
\o        There will be no performance impact on data visualization due to this change.
\o [2026-04-18 17:02:01.188 Z] [PROCESS] [cadence.virtuoso.ade.services.netlister] - Current memory used: 708.6016 MBytes, peak memory used: 708.6016 MBytes {"hostname": "edatools", "processid": 3599447, "testname": "DC_MC", "point": 1, "logfile": "/home/saul/projects/IL2244_VT26_SAUL/logs_saul/logs0/Service28.log"}
\o [2026-04-18 17:02:01.188 Z] [INFO] [cadence.virtuoso.ade.services.netlister] - Finished netlisting {"point": 1, "testname": "DC_MC"}
\o [2026-04-18 17:02:01.191 Z] [EVENT] [cadence.virtuoso.ade.services.netlister] - GroupPoints {"point": 35, "testname": "DC_MC", "event": "GroupPoints", "EventSource": "Netlist Service", "Points": "35:1:68", "HistoryName": "MonteCarlo.0", "logFile": "/home/saul/projects/IL2244_VT26_SAUL/logs_saul/logs0/Service28.log", "logFileSize": "13735"}
\o [2026-04-18 17:02:01.191 Z] [INFO] [cadence.virtuoso.ade.services.netlister] - Started netlisting {"point": 35, "testname": "DC_MC"}
\o Resetting statistical vars
\o 
\o *Info*    Setting parameter values ...
\o 
\o 
\o *Info*    Netlist Directory =
\o           /home/saul/projects/IL2244_VT26_SAUL/Sim/FBIAS/fbias_bias_tb/maestro/results/maestro/MonteCarlo.0/35/DC_MC/groupRunDataDir/netlist
\o 
\o 
\o *Info*    Data Directory    =
\o           /home/saul/projects/IL2244_VT26_SAUL/Sim/FBIAS/fbias_bias_tb/maestro/results/maestro/MonteCarlo.0/35/DC_MC/groupRunDataDir
\o 
\o Reusing AHDL Data dir
\o generate netlist...
\o function ansCdlCompPrim redefined
\o Ignoring netlist creation since ignoreDesignChangesDuringRun is set to true
\o       ...successful.
\o compose simulator input file...
\o       ...successful.
\o WARNING (ADE-3080): Fast viewing extensions for PSF XL format (also known as RTSF) will be discontinued  
\o        and Virtuoso Visualization and Analysis XL will not use RTSF data to plot waveforms from IC6.1.8 ISR7 onward. 
\o        There will be no performance impact on data visualization due to this change.
\o [2026-04-18 17:02:01.791 Z] [PROCESS] [cadence.virtuoso.ade.services.netlister] - Current memory used: 708.6055 MBytes, peak memory used: 708.6055 MBytes {"hostname": "edatools", "processid": 3599447, "testname": "DC_MC", "point": 35, "logfile": "/home/saul/projects/IL2244_VT26_SAUL/logs_saul/logs0/Service28.log"}
\o [2026-04-18 17:02:01.792 Z] [INFO] [cadence.virtuoso.ade.services.netlister] - Finished netlisting {"point": 35, "testname": "DC_MC"}
\o [2026-04-18 17:02:01.795 Z] [EVENT] [cadence.virtuoso.ade.services.netlister] - GroupPoints {"point": 69, "testname": "DC_MC", "event": "GroupPoints", "EventSource": "Netlist Service", "Points": "69:1:102", "HistoryName": "MonteCarlo.0", "logFile": "/home/saul/projects/IL2244_VT26_SAUL/logs_saul/logs0/Service28.log", "logFileSize": "15679"}
\o [2026-04-18 17:02:01.796 Z] [INFO] [cadence.virtuoso.ade.services.netlister] - Started netlisting {"point": 69, "testname": "DC_MC"}
\o Resetting statistical vars
\o 
\o *Info*    Setting parameter values ...
\o 
\o 
\o *Info*    Netlist Directory =
\o           /home/saul/projects/IL2244_VT26_SAUL/Sim/FBIAS/fbias_bias_tb/maestro/results/maestro/MonteCarlo.0/69/DC_MC/groupRunDataDir/netlist
\o 
\o 
\o *Info*    Data Directory    =
\o           /home/saul/projects/IL2244_VT26_SAUL/Sim/FBIAS/fbias_bias_tb/maestro/results/maestro/MonteCarlo.0/69/DC_MC/groupRunDataDir
\o 
\o Reusing AHDL Data dir
\o generate netlist...
\o function ansCdlCompPrim redefined
\o Ignoring netlist creation since ignoreDesignChangesDuringRun is set to true
\o       ...successful.
\o compose simulator input file...
\o       ...successful.
\o WARNING (ADE-3080): Fast viewing extensions for PSF XL format (also known as RTSF) will be discontinued  
\o        and Virtuoso Visualization and Analysis XL will not use RTSF data to plot waveforms from IC6.1.8 ISR7 onward. 
\o        There will be no performance impact on data visualization due to this change.
\o [2026-04-18 17:02:02.294 Z] [PROCESS] [cadence.virtuoso.ade.services.netlister] - Current memory used: 708.6055 MBytes, peak memory used: 708.6055 MBytes {"hostname": "edatools", "processid": 3599447, "testname": "DC_MC", "point": 69, "logfile": "/home/saul/projects/IL2244_VT26_SAUL/logs_saul/logs0/Service28.log"}
\o [2026-04-18 17:02:02.294 Z] [INFO] [cadence.virtuoso.ade.services.netlister] - Finished netlisting {"point": 69, "testname": "DC_MC"}
\o [2026-04-18 17:02:02.295 Z] [EVENT] [cadence.virtuoso.ade.services.netlister] - GroupPoints {"point": 103, "testname": "DC_MC", "event": "GroupPoints", "EventSource": "Netlist Service", "Points": "103:1:136", "HistoryName": "MonteCarlo.0", "logFile": "/home/saul/projects/IL2244_VT26_SAUL/logs_saul/logs0/Service28.log", "logFileSize": "17624"}
\o [2026-04-18 17:02:02.295 Z] [INFO] [cadence.virtuoso.ade.services.netlister] - Started netlisting {"point": 103, "testname": "DC_MC"}
\o Resetting statistical vars
\o 
\o *Info*    Setting parameter values ...
\o 
\o 
\o *Info*    Netlist Directory =
\o           /home/saul/projects/IL2244_VT26_SAUL/Sim/FBIAS/fbias_bias_tb/maestro/results/maestro/MonteCarlo.0/103/DC_MC/groupRunDataDir/netlist
\o 
\o 
\o *Info*    Data Directory    =
\o           /home/saul/projects/IL2244_VT26_SAUL/Sim/FBIAS/fbias_bias_tb/maestro/results/maestro/MonteCarlo.0/103/DC_MC/groupRunDataDir
\o 
\o Reusing AHDL Data dir
\o generate netlist...
\o function ansCdlCompPrim redefined
\o Ignoring netlist creation since ignoreDesignChangesDuringRun is set to true
\o       ...successful.
\o compose simulator input file...
\o       ...successful.
\o WARNING (ADE-3080): Fast viewing extensions for PSF XL format (also known as RTSF) will be discontinued  
\o        and Virtuoso Visualization and Analysis XL will not use RTSF data to plot waveforms from IC6.1.8 ISR7 onward. 
\o        There will be no performance impact on data visualization due to this change.
\o [2026-04-18 17:02:02.660 Z] [PROCESS] [cadence.virtuoso.ade.services.netlister] - Current memory used: 708.6055 MBytes, peak memory used: 708.6055 MBytes {"hostname": "edatools", "processid": 3599447, "testname": "DC_MC", "point": 103, "logfile": "/home/saul/projects/IL2244_VT26_SAUL/logs_saul/logs0/Service28.log"}
\o [2026-04-18 17:02:02.661 Z] [INFO] [cadence.virtuoso.ade.services.netlister] - Finished netlisting {"point": 103, "testname": "DC_MC"}
\o [2026-04-18 17:02:02.662 Z] [EVENT] [cadence.virtuoso.ade.services.netlister] - GroupPoints {"point": 137, "testname": "DC_MC", "event": "GroupPoints", "EventSource": "Netlist Service", "Points": "137:1:170", "HistoryName": "MonteCarlo.0", "logFile": "/home/saul/projects/IL2244_VT26_SAUL/logs_saul/logs0/Service28.log", "logFileSize": "19576"}
\o [2026-04-18 17:02:02.662 Z] [INFO] [cadence.virtuoso.ade.services.netlister] - Started netlisting {"point": 137, "testname": "DC_MC"}
\o Resetting statistical vars
\o 
\o *Info*    Setting parameter values ...
\o 
\o 
\o *Info*    Netlist Directory =
\o           /home/saul/projects/IL2244_VT26_SAUL/Sim/FBIAS/fbias_bias_tb/maestro/results/maestro/MonteCarlo.0/137/DC_MC/groupRunDataDir/netlist
\o 
\o 
\o *Info*    Data Directory    =
\o           /home/saul/projects/IL2244_VT26_SAUL/Sim/FBIAS/fbias_bias_tb/maestro/results/maestro/MonteCarlo.0/137/DC_MC/groupRunDataDir
\o 
\o Reusing AHDL Data dir
\o generate netlist...
\o function ansCdlCompPrim redefined
\o Ignoring netlist creation since ignoreDesignChangesDuringRun is set to true
\o       ...successful.
\o compose simulator input file...
\o       ...successful.
\o WARNING (ADE-3080): Fast viewing extensions for PSF XL format (also known as RTSF) will be discontinued  
\o        and Virtuoso Visualization and Analysis XL will not use RTSF data to plot waveforms from IC6.1.8 ISR7 onward. 
\o        There will be no performance impact on data visualization due to this change.
\o [2026-04-18 17:02:03.511 Z] [PROCESS] [cadence.virtuoso.ade.services.netlister] - Current memory used: 708.6055 MBytes, peak memory used: 708.6055 MBytes {"hostname": "edatools", "processid": 3599447, "testname": "DC_MC", "point": 137, "logfile": "/home/saul/projects/IL2244_VT26_SAUL/logs_saul/logs0/Service28.log"}
\o [2026-04-18 17:02:03.516 Z] [INFO] [cadence.virtuoso.ade.services.netlister] - Finished netlisting {"point": 137, "testname": "DC_MC"}
\o [2026-04-18 17:02:03.524 Z] [EVENT] [cadence.virtuoso.ade.services.netlister] - GroupPoints {"point": 171, "testname": "DC_MC", "event": "GroupPoints", "EventSource": "Netlist Service", "Points": "171:1:200", "HistoryName": "MonteCarlo.0", "logFile": "/home/saul/projects/IL2244_VT26_SAUL/logs_saul/logs0/Service28.log", "logFileSize": "21528"}
\o [2026-04-18 17:02:03.526 Z] [INFO] [cadence.virtuoso.ade.services.netlister] - Started netlisting {"point": 171, "testname": "DC_MC"}
\o Resetting statistical vars
\o 
\o *Info*    Setting parameter values ...
\o 
\o 
\o *Info*    Netlist Directory =
\o           /home/saul/projects/IL2244_VT26_SAUL/Sim/FBIAS/fbias_bias_tb/maestro/results/maestro/MonteCarlo.0/171/DC_MC/groupRunDataDir/netlist
\o 
\o 
\o *Info*    Data Directory    =
\o           /home/saul/projects/IL2244_VT26_SAUL/Sim/FBIAS/fbias_bias_tb/maestro/results/maestro/MonteCarlo.0/171/DC_MC/groupRunDataDir
\o 
\o Reusing AHDL Data dir
\o generate netlist...
\o function ansCdlCompPrim redefined
\o Ignoring netlist creation since ignoreDesignChangesDuringRun is set to true
\o       ...successful.
\o compose simulator input file...
\o       ...successful.
\o WARNING (ADE-3080): Fast viewing extensions for PSF XL format (also known as RTSF) will be discontinued  
\o        and Virtuoso Visualization and Analysis XL will not use RTSF data to plot waveforms from IC6.1.8 ISR7 onward. 
\o        There will be no performance impact on data visualization due to this change.
\o [2026-04-18 17:02:05.305 Z] [PROCESS] [cadence.virtuoso.ade.services.netlister] - Current memory used: 708.6055 MBytes, peak memory used: 708.6055 MBytes {"hostname": "edatools", "processid": 3599447, "testname": "DC_MC", "point": 171, "logfile": "/home/saul/projects/IL2244_VT26_SAUL/logs_saul/logs0/Service28.log"}
\o [2026-04-18 17:02:05.306 Z] [INFO] [cadence.virtuoso.ade.services.netlister] - Finished netlisting {"point": 171, "testname": "DC_MC"}
\# Memory report: Maximum memory size now 53,113 MB at UTC 2026.04.18 17:02:17.321
\o Simulation design variables differ from those on the cellView,
\o they have been saved in the file "/tmp/saved-design-variables".
\o To save future changes, copy variables to cellView before exiting.
\# Lic Summary:
\# [17:07:08.369482] Cdslmd servers:3000@lic08.ug.kth.se:29000@lic06.ug.kth.se
\# [17:07:08.369505] Feature usage summary:
\# Memory report: on exit            439 MB, process size 2,202 MB at UTC 2026.04.18 17:07:08.893
\# Memory report: peak usage         439 MB, process size 2,204 MB
