\# Program start time:     UTC 2026.04.16 17:11:19.934
\# Local time: UTC (UTC+00:00) 2026.04.16 17:11:19.934
\o Program:		@(#)$CDS: virtuoso version 6.1.8-64b 09/03/2024 19:11 (sjfhw316) $
\o Hierarchy:		/opt/tools/cadence/installs/IC618/tools.lnx86/dfII/
\o Sub version:		sub-version  IC6.1.8-64b.500.36  (64-bit addresses)
\# Command line:	/opt/tools/cadence/installs/IC618/tools.lnx86/dfII/bin/64bit/virtuoso -beanhost edatools -beanport 11300 -beanbinlog  -beanLogFile /home/saul/projects/IL2244_VT26_SAUL/logs_saul/logs0/amps_Service220.log -mpssession virtuoso1088559 -mpshost edatools -davinciService DaVinciService_1088559_1776141365 -scopedPid 1088559 -axlSession fnxSession7 -axlServiceIdFlag 220 -uuid e8b758af-b2de-4a49-9fa6-c3603b936800 -heartbeat /dev/shm/swift-heartbeat.ad1kvWIuIe -log /home/saul/projects/IL2244_VT26_SAUL/logs_saul/logs0/Service220.log -noautostart -nographE -lscs 000175E1894CBE06FF0966E38F1FFC06BC4D138FFC7EFC06BC4D68F886089075D3225CD1A12FD236867F66E38F1FFC06BC4D66E38F1FFC06BC4D0F029729E430D5AC00001E2E -interactive -offlineExprEval -fenixMode assembler -heartbeatTimeout  -lingerTimeout 300 -pointlifetime -1
\# Host name (type):	edatools (x86_64)
\# Operating system:	Linux 6.17.0-20-generic #20~24.04.1-Ubuntu SMP PREEMPT_DYNAMIC Thu Mar 19 01:28:37 UTC 2
\# Linux /etc/issue:	\S
\# Linux /etc/issue:	Kernel \r on an \m
\# X display name (WxH):	:2107 (1024x868)
\# Available geometry:			TL(0:0) BR(1023:867)
\# X server:			The X.Org Foundation
\# Depth of Visual (Root):	24 (24)
\# Number of Planes Used:	24
\# X version:		11.0 (vendor release 12011000)
\# X resource pool:	base 0x400000, mask 0x1fffff (2097151), shift 0
\# 			current id 0x0, current max 0x1ffffa (2097146)
\# Max data seg size:	     unlimited
\# Max process size:	     unlimited
\# Initial sbrk value:	      1,636 MB
\# Available memory:	     53,012 MB
\# System memory:	     72,238 MB
\# Maximum memory size:	     70,721 MB
\# Max mem available:	     53,132 MB
\# Initial memory used:	        119 MB
\#        process size:	      1,676 MB
\# Thread usage limits (effective/default):	maxthreads 4294967295/4294967295 maxload 16.00/16.00
\# Qt version:		5.9.1
\# Window Manager:	other
\# User Name:		saul
\o Working Directory:	edatools:/home/saul/projects/IL2244_VT26_SAUL
\# Process Id:		2787619
\o 
\o COPYRIGHT (C) 1992-2024  CADENCE DESIGN SYSTEMS INC.  ALL RIGHTS RESERVED.
\o           (C) 1992-2024  UNIX SYSTEMS Laboratories INC.,
\o                          Reproduced with permission.
\o 
\o This Cadence Design Systems program and online documentation are
\o proprietary/confidential information and may be disclosed/used only
\o as authorized in a license agreement controlling such use and disclosure.
\o 
\o           RESTRICTED RIGHTS NOTICE (SHORT FORM)
\o Use/reproduction/disclosure is subject to restriction
\o set forth at FAR 1252.227-19 or its equivalent.
\o Loading geView.cxt 
\o Loading menuBuilder.cxt 
\o Loading schView.cxt 
\o Loading selectSv.cxt 
\o Loading wireEdit.cxt 
\o Loading pte2.cxt 
\o Loading xlUI.cxt 
\o Loading auCore.cxt 
\o Loading vhdl.cxt 
\o Loading seismic.cxt 
\o Loading ci.cxt 
\o Loading ams.cxt 
\o Loading oasis.cxt 
\o Loading analog.cxt 
\o Loading asimenv.cxt 
\o Loading dal.cxt 
\o Loading awv.cxt 
\o Loading socket.cxt 
\o Loading par.cxt 
\o Loading alvs.cxt 
\o Loading caa.cxt 
\o Loading amps.cxt 
\o Loading adexlCore.cxt 
\# Memory report: using         230 MB, process size 1,910 MB at UTC 2026.04.16 17:11:21.196
\o Loading adexl.cxt 
\o *Info*    Exporting services from client ... 
\o 
\o Loading adexlDM.cxt 
\o Loading cpf.cxt 
\o Loading cli.cxt 
\o Loading lp.cxt 
\o INFO (ELI-00302) Connecting to parent process (session=virtuoso1088559, host=edatools). Connection mode is LSCS. Total timeout is 180 seconds. Connection timeout is 90 seconds.
\o INFO (ELI-00303) Step 1: Connecting to parent. Time spent is 0 seconds.
\o INFO (ELI-00304) The registration of the child 2787619 within 90 seconds is being processed...
\o INFO (ELI-00305) The result of registration is true. Time spent is 0 seconds.
\o INFO (ELI-00308) The connection has ended. Result is true. Total time spent is 1 seconds.
\# [17:11:20.445282] Configured Lic search path (22.01-s002): 3000@lic08.ug.kth.se:29000@lic06.ug.kth.se
\o ......................................................................................
\o            ams AG HIT-Kit v.ams_4.10
\o ......................................................................................
\o COPYRIGHT (c) 2012 Full Service Foundry @ ams AG.  ALL RIGHTS RESERVED
\o This HIT-Kit and attached documentation are confidential information and may 
\o only be used as authorized by the HIT-Kit license agreement.
\o ......................................................................................
\# Current Window: window(2)
\o Loading simulator default settings.
\o //
\o //  Calibre Skill Interface * (v2024.4_12.9) *
\o //
\o //                         Copyright Siemens 1996-2020     
\o //                             All Rights Reserved.
\o //         THIS WORK CONTAINS TRADE SECRET AND PROPRIETARY INFORMATION
\o //            WHICH IS THE PROPERTY OF MENTOR GRAPHICS CORPORATION
\o //              OR ITS LICENSORS AND IS SUBJECT TO LICENSE TERMS.
\o //
\o //
\o Loading simulator default settings.
\p hitkit: ams_4.10  Tech: c35b4c3  User: saul 
\w *WARNING* could not load font "-*-courier-medium-r-*-*-12-*", using font "fixed"
\# Loading perfDiag...
\# (PerfDiag): Set GDB path to environment variable 'gdbPath' (gdb).
\# Performance Diagnostic tool is installed. You can access PerfDiag from CIW Tools or use the shell command 'cdsPerfDiag -p 2787619' to open it when Virtuoso freezes.
\# (PerfDiag): Use backtrace from GLIBC.
\w *WARNING* _perfPstackCheck: Cannot find pstack/gstack. Please setup PATH environment variable to pstack/gstack executable.
\i _axlRunServices()
\# [17:11:22.038577] Periodic Lic check successful
\# [17:11:22.038577] Feature usage summary:
\o Loading simui.cxt 
\o [2026-04-16 17:11:22.586 Z] [PROCESS] [cadence.virtuoso.ade.services] - Netlist Service has successfully started. Waiting for incoming messages ... {"hostname": "edatools", "processid": 2787619, "logfile": "/home/saul/projects/IL2244_VT26_SAUL/logs_saul/logs0/Service220.log"}
\o [2026-04-16 17:11:22.630 Z] [EVENT] [cadence.virtuoso.ade.services.netlister] - NewPoint {"point": 0, "testname": "DC_MC", "event": "NewPoint", "EventSource": "Netlist Service", "HistoryName": "MonteCarlo.0", "logFile": "/home/saul/projects/IL2244_VT26_SAUL/logs_saul/logs0/Service220.log", "logFileSize": "5758"}
\o [2026-04-16 17:11:22.631 Z] [INFO] [cadence.virtuoso.ade.services.netlister] - Started preparing netlist {"point": 0, "testname": "DC_MC", "testnameKey": "DC_MC"}
\o [2026-04-16 17:11:23.739 Z] [INFO] [cadence.virtuoso.ade.services.netlister] - Finished preparing netlist {"point": 0, "testname": "DC_MC", "testnameKey": "DC_MC"}
\o [2026-04-16 17:11:26.701 Z] [EVENT] [cadence.virtuoso.ade.services.netlister] - NewPoint {"point": 0, "testname": "DC_MC", "event": "NewPoint", "EventSource": "Netlist Service", "HistoryName": "MonteCarlo.1", "logFile": "/home/saul/projects/IL2244_VT26_SAUL/logs_saul/logs0/Service220.log", "logFileSize": "5758"}
\o [2026-04-16 17:11:26.702 Z] [INFO] [cadence.virtuoso.ade.services.netlister] - Started preparing netlist {"point": 0, "testname": "DC_MC", "testnameKey": "DC_MC"}
\o Loading vqp.cxt 
\o Loading vdsil.cxt 
\o *Warning* AXL Context Manager : job 220 is already registered. 
\o 
\o Loading hdlPkg.cxt 
\o 
\o 
\o *Info*    Configuring the session ...
\o 
\o 	Library      = FBIAS
\o 	Cell         = fbias_por_tb
\o 	View         = schematic
\o 	Simulator    = spectre
\o 	State Path   = $AXL_SETUPDB_DIR/test_states
\o 	State Name   = MonteCarlo.1
\o 	Results DB   = /home/saul/projects/IL2244_VT26_SAUL/FBIAS/fbias_por_tb/maestro/results/maestro/MonteCarlo.1.rdb
\o 	Results Dir  = /home/saul/projects/IL2244_VT26_SAUL/Sim/FBIAS/fbias_por_tb/maestro/results/maestro/MonteCarlo.1/1/DC_MC
\o 	Results Loc  = /home/saul/projects/IL2244_VT26_SAUL/Sim/FBIAS/fbias_por_tb/maestro/results/maestro
\o 	Project Dir  = /home/saul/projects/IL2244_VT26_SAUL/Sim
\o 	Setup DB loc = /home/saul/projects/IL2244_VT26_SAUL/FBIAS/fbias_por_tb/maestro
\o 	File Encoding = 0
\o 
\o 
\o Loading viva.cxt 
\o Loading spectrei.cxt 
\# Memory report: using         379 MB, process size 2,138 MB at UTC 2026.04.16 17:11:28.096
\o Loading devCheck.cxt 
\o Loading relXpert.cxt 
\o Loading hspiceD.cxt 
\o Loading spectreinl.cxt 
\o Loading msgHandler.cxt 
\o Loading UltraSim.cxt 
\o Loading AMSOSS.cxt 
\o Loading AMS.cxt 
\o 
\o *Info*    The auto suspension is disabled.
\o 
\o Loading elec.cxt 
\o Resetting statistical vars
\o 
\o *Info*    Setting parameter values ...
\o 
\o Setting var VDD = "3.3"
\o Setting var VDD_STEP = "0"
\o Setting var VDD_TR = "1u"
\o Loading monte.cxt 
\o Reusing AHDL Data dir
\o 
\o *Info*    Data Directory    =
\o           /home/saul/projects/IL2244_VT26_SAUL/Sim/FBIAS/fbias_por_tb/maestro/results/maestro/MonteCarlo.1/psf/DC_MC
\o 
\o generate netlist...
\o Loading hnlInit.cxt 
\o Loading seCore.cxt 
\o function ansCdlCompPrim redefined
\o function ansCdlCompPrim redefined
\o Initializing the control file using cp:
\o     cp /opt/tools/cadence/installs/IC618/tools.lnx86/dfII/etc/si/control.spectre /home/saul/projects/IL2244_VT26_SAUL/Sim/FBIAS/fbias_por_tb/maestro/results/maestro/MonteCarlo.1/psf/DC_MC/netlist/control
\o Copying Spectre source file 'spectre.inp'
\o Copying Spectre command file 'spectre.sim'
\o Begin Incremental Netlisting Apr 16 17:11:28 2026
\o Loading json.cxt 
\o End netlisting Apr 16 17:11:28 2026
\o 
\o Netlisting Statistics:
\o 	Number of components:  111
\o 
\o 	Elapsed time:          0.0s
\o Errors: 0	Warnings: 0
\o       ...successful.
\o compose simulator input file...
\o       ...successful.
\o [2026-04-16 17:11:28.746 Z] [INFO] [cadence.virtuoso.ade.services.netlister] - Finished preparing netlist {"point": 0, "testname": "DC_MC", "testnameKey": "DC_MC"}
\o [2026-04-16 17:11:29.752 Z] [EVENT] [cadence.virtuoso.ade.services.netlister] - GroupPoints {"point": 1, "testname": "DC_MC", "event": "GroupPoints", "EventSource": "Netlist Service", "Points": "1:1:34", "HistoryName": "MonteCarlo.1", "logFile": "/home/saul/projects/IL2244_VT26_SAUL/logs_saul/logs0/Service220.log", "logFileSize": "8472"}
\o [2026-04-16 17:11:29.753 Z] [INFO] [cadence.virtuoso.ade.services.netlister] - Started netlisting {"point": 1, "testname": "DC_MC"}
\o Simulation design variables differ from those on the cellView,
\o they have been saved in the file "/tmp/saved-design-variables".
\o To save future changes, copy variables to cellView before exiting.
\o *Warning* AXL Context Manager : job 220 is already registered. 
\o 
\o 
\o 
\o *Info*    Configuring the session ...
\o 
\o 	Library      = FBIAS
\o 	Cell         = fbias_por_tb
\o 	View         = schematic
\o 	Simulator    = spectre
\o 	State Path   = $AXL_SETUPDB_DIR/test_states
\o 	State Name   = MonteCarlo.1
\o 	Results DB   = /home/saul/projects/IL2244_VT26_SAUL/FBIAS/fbias_por_tb/maestro/results/maestro/MonteCarlo.1.rdb
\o 	Results Dir  = /home/saul/projects/IL2244_VT26_SAUL/Sim/FBIAS/fbias_por_tb/maestro/results/maestro/MonteCarlo.1/1/DC_MC
\o 	Results Loc  = /home/saul/projects/IL2244_VT26_SAUL/Sim/FBIAS/fbias_por_tb/maestro/results/maestro
\o 	Project Dir  = /home/saul/projects/IL2244_VT26_SAUL/Sim
\o 	Setup DB loc = /home/saul/projects/IL2244_VT26_SAUL/FBIAS/fbias_por_tb/maestro
\o 	File Encoding = 0
\o 
\o 
\# Available memory:         52,748 MB at UTC 2026.04.16 17:11:30.097
\# Memory report: Maximum memory size now 53,164 MB at UTC 2026.04.16 17:11:30.097
\# Thread usage report: 22 active threads, active load 1.40 at UTC 2026.04.16 17:11:30.097
\o 
\o *Info*    The auto suspension is disabled.
\o 
\o Resetting statistical vars
\o 
\o *Info*    Setting parameter values ...
\o 
\o Setting var VDD = "3.3"
\o Setting var VDD_STEP = "0"
\o Setting var VDD_TR = "1u"
\o Setting var temperature = "27"
\o Setting temp(T) = 27
\o 
\o *Info*    Netlist Directory =
\o           /home/saul/projects/IL2244_VT26_SAUL/Sim/FBIAS/fbias_por_tb/maestro/results/maestro/MonteCarlo.1/1/DC_MC/groupRunDataDir/netlist
\o 
\o 
\o *Info*    Data Directory    =
\o           /home/saul/projects/IL2244_VT26_SAUL/Sim/FBIAS/fbias_por_tb/maestro/results/maestro/MonteCarlo.1/1/DC_MC/groupRunDataDir
\o 
\o Reusing AHDL Data dir
\o generate netlist...
\o function ansCdlCompPrim redefined
\o Ignoring netlist creation since ignoreDesignChangesDuringRun is set to true
\o       ...successful.
\o compose simulator input file...
\o       ...successful.
\o WARNING (ADE-3080): Fast viewing extensions for PSF XL format (also known as RTSF) will be discontinued  
\o        and Virtuoso Visualization and Analysis XL will not use RTSF data to plot waveforms from IC6.1.8 ISR7 onward. 
\o        There will be no performance impact on data visualization due to this change.
\o [2026-04-16 17:11:30.866 Z] [PROCESS] [cadence.virtuoso.ade.services.netlister] - Current memory used: 710.3867 MBytes, peak memory used: 710.3867 MBytes {"hostname": "edatools", "processid": 2787619, "testname": "DC_MC", "point": 1, "logfile": "/home/saul/projects/IL2244_VT26_SAUL/logs_saul/logs0/Service220.log"}
\o [2026-04-16 17:11:30.868 Z] [INFO] [cadence.virtuoso.ade.services.netlister] - Finished netlisting {"point": 1, "testname": "DC_MC"}
\o [2026-04-16 17:11:30.871 Z] [EVENT] [cadence.virtuoso.ade.services.netlister] - GroupPoints {"point": 35, "testname": "DC_MC", "event": "GroupPoints", "EventSource": "Netlist Service", "Points": "35:1:68", "HistoryName": "MonteCarlo.1", "logFile": "/home/saul/projects/IL2244_VT26_SAUL/logs_saul/logs0/Service220.log", "logFileSize": "13501"}
\o [2026-04-16 17:11:30.872 Z] [INFO] [cadence.virtuoso.ade.services.netlister] - Started netlisting {"point": 35, "testname": "DC_MC"}
\o Resetting statistical vars
\o 
\o *Info*    Setting parameter values ...
\o 
\o 
\o *Info*    Netlist Directory =
\o           /home/saul/projects/IL2244_VT26_SAUL/Sim/FBIAS/fbias_por_tb/maestro/results/maestro/MonteCarlo.1/35/DC_MC/groupRunDataDir/netlist
\o 
\o 
\o *Info*    Data Directory    =
\o           /home/saul/projects/IL2244_VT26_SAUL/Sim/FBIAS/fbias_por_tb/maestro/results/maestro/MonteCarlo.1/35/DC_MC/groupRunDataDir
\o 
\o Reusing AHDL Data dir
\o generate netlist...
\o function ansCdlCompPrim redefined
\o Ignoring netlist creation since ignoreDesignChangesDuringRun is set to true
\o       ...successful.
\o compose simulator input file...
\o       ...successful.
\o WARNING (ADE-3080): Fast viewing extensions for PSF XL format (also known as RTSF) will be discontinued  
\o        and Virtuoso Visualization and Analysis XL will not use RTSF data to plot waveforms from IC6.1.8 ISR7 onward. 
\o        There will be no performance impact on data visualization due to this change.
\o [2026-04-16 17:11:31.383 Z] [PROCESS] [cadence.virtuoso.ade.services.netlister] - Current memory used: 710.3906 MBytes, peak memory used: 710.3906 MBytes {"hostname": "edatools", "processid": 2787619, "testname": "DC_MC", "point": 35, "logfile": "/home/saul/projects/IL2244_VT26_SAUL/logs_saul/logs0/Service220.log"}
\o [2026-04-16 17:11:31.383 Z] [INFO] [cadence.virtuoso.ade.services.netlister] - Finished netlisting {"point": 35, "testname": "DC_MC"}
\o [2026-04-16 17:11:31.384 Z] [EVENT] [cadence.virtuoso.ade.services.netlister] - GroupPoints {"point": 69, "testname": "DC_MC", "event": "GroupPoints", "EventSource": "Netlist Service", "Points": "69:1:102", "HistoryName": "MonteCarlo.1", "logFile": "/home/saul/projects/IL2244_VT26_SAUL/logs_saul/logs0/Service220.log", "logFileSize": "15445"}
\o [2026-04-16 17:11:31.384 Z] [INFO] [cadence.virtuoso.ade.services.netlister] - Started netlisting {"point": 69, "testname": "DC_MC"}
\o Resetting statistical vars
\o 
\o *Info*    Setting parameter values ...
\o 
\o 
\o *Info*    Netlist Directory =
\o           /home/saul/projects/IL2244_VT26_SAUL/Sim/FBIAS/fbias_por_tb/maestro/results/maestro/MonteCarlo.1/69/DC_MC/groupRunDataDir/netlist
\o 
\o 
\o *Info*    Data Directory    =
\o           /home/saul/projects/IL2244_VT26_SAUL/Sim/FBIAS/fbias_por_tb/maestro/results/maestro/MonteCarlo.1/69/DC_MC/groupRunDataDir
\o 
\o Reusing AHDL Data dir
\o generate netlist...
\o function ansCdlCompPrim redefined
\o Ignoring netlist creation since ignoreDesignChangesDuringRun is set to true
\o       ...successful.
\o compose simulator input file...
\o       ...successful.
\o WARNING (ADE-3080): Fast viewing extensions for PSF XL format (also known as RTSF) will be discontinued  
\o        and Virtuoso Visualization and Analysis XL will not use RTSF data to plot waveforms from IC6.1.8 ISR7 onward. 
\o        There will be no performance impact on data visualization due to this change.
\o [2026-04-16 17:11:31.766 Z] [PROCESS] [cadence.virtuoso.ade.services.netlister] - Current memory used: 710.3906 MBytes, peak memory used: 710.3906 MBytes {"hostname": "edatools", "processid": 2787619, "testname": "DC_MC", "point": 69, "logfile": "/home/saul/projects/IL2244_VT26_SAUL/logs_saul/logs0/Service220.log"}
\o [2026-04-16 17:11:31.766 Z] [INFO] [cadence.virtuoso.ade.services.netlister] - Finished netlisting {"point": 69, "testname": "DC_MC"}
\o [2026-04-16 17:11:31.767 Z] [EVENT] [cadence.virtuoso.ade.services.netlister] - GroupPoints {"point": 103, "testname": "DC_MC", "event": "GroupPoints", "EventSource": "Netlist Service", "Points": "103:1:136", "HistoryName": "MonteCarlo.1", "logFile": "/home/saul/projects/IL2244_VT26_SAUL/logs_saul/logs0/Service220.log", "logFileSize": "17390"}
\o [2026-04-16 17:11:31.767 Z] [INFO] [cadence.virtuoso.ade.services.netlister] - Started netlisting {"point": 103, "testname": "DC_MC"}
\o Resetting statistical vars
\o 
\o *Info*    Setting parameter values ...
\o 
\o 
\o *Info*    Netlist Directory =
\o           /home/saul/projects/IL2244_VT26_SAUL/Sim/FBIAS/fbias_por_tb/maestro/results/maestro/MonteCarlo.1/103/DC_MC/groupRunDataDir/netlist
\o 
\o 
\o *Info*    Data Directory    =
\o           /home/saul/projects/IL2244_VT26_SAUL/Sim/FBIAS/fbias_por_tb/maestro/results/maestro/MonteCarlo.1/103/DC_MC/groupRunDataDir
\o 
\o Reusing AHDL Data dir
\o generate netlist...
\o function ansCdlCompPrim redefined
\o Ignoring netlist creation since ignoreDesignChangesDuringRun is set to true
\o       ...successful.
\o compose simulator input file...
\o       ...successful.
\o WARNING (ADE-3080): Fast viewing extensions for PSF XL format (also known as RTSF) will be discontinued  
\o        and Virtuoso Visualization and Analysis XL will not use RTSF data to plot waveforms from IC6.1.8 ISR7 onward. 
\o        There will be no performance impact on data visualization due to this change.
\o [2026-04-16 17:11:32.005 Z] [PROCESS] [cadence.virtuoso.ade.services.netlister] - Current memory used: 710.3906 MBytes, peak memory used: 710.3906 MBytes {"hostname": "edatools", "processid": 2787619, "testname": "DC_MC", "point": 103, "logfile": "/home/saul/projects/IL2244_VT26_SAUL/logs_saul/logs0/Service220.log"}
\o [2026-04-16 17:11:32.005 Z] [INFO] [cadence.virtuoso.ade.services.netlister] - Finished netlisting {"point": 103, "testname": "DC_MC"}
\o [2026-04-16 17:11:32.005 Z] [EVENT] [cadence.virtuoso.ade.services.netlister] - GroupPoints {"point": 137, "testname": "DC_MC", "event": "GroupPoints", "EventSource": "Netlist Service", "Points": "137:1:170", "HistoryName": "MonteCarlo.1", "logFile": "/home/saul/projects/IL2244_VT26_SAUL/logs_saul/logs0/Service220.log", "logFileSize": "19342"}
\o [2026-04-16 17:11:32.006 Z] [INFO] [cadence.virtuoso.ade.services.netlister] - Started netlisting {"point": 137, "testname": "DC_MC"}
\o Resetting statistical vars
\o 
\o *Info*    Setting parameter values ...
\o 
\o 
\o *Info*    Netlist Directory =
\o           /home/saul/projects/IL2244_VT26_SAUL/Sim/FBIAS/fbias_por_tb/maestro/results/maestro/MonteCarlo.1/137/DC_MC/groupRunDataDir/netlist
\o 
\o 
\o *Info*    Data Directory    =
\o           /home/saul/projects/IL2244_VT26_SAUL/Sim/FBIAS/fbias_por_tb/maestro/results/maestro/MonteCarlo.1/137/DC_MC/groupRunDataDir
\o 
\o Reusing AHDL Data dir
\o generate netlist...
\o function ansCdlCompPrim redefined
\o Ignoring netlist creation since ignoreDesignChangesDuringRun is set to true
\o       ...successful.
\o compose simulator input file...
\o       ...successful.
\o WARNING (ADE-3080): Fast viewing extensions for PSF XL format (also known as RTSF) will be discontinued  
\o        and Virtuoso Visualization and Analysis XL will not use RTSF data to plot waveforms from IC6.1.8 ISR7 onward. 
\o        There will be no performance impact on data visualization due to this change.
\o [2026-04-16 17:11:32.253 Z] [PROCESS] [cadence.virtuoso.ade.services.netlister] - Current memory used: 711.9141 MBytes, peak memory used: 711.9141 MBytes {"hostname": "edatools", "processid": 2787619, "testname": "DC_MC", "point": 137, "logfile": "/home/saul/projects/IL2244_VT26_SAUL/logs_saul/logs0/Service220.log"}
\o [2026-04-16 17:11:32.253 Z] [INFO] [cadence.virtuoso.ade.services.netlister] - Finished netlisting {"point": 137, "testname": "DC_MC"}
\o [2026-04-16 17:11:32.254 Z] [EVENT] [cadence.virtuoso.ade.services.netlister] - GroupPoints {"point": 171, "testname": "DC_MC", "event": "GroupPoints", "EventSource": "Netlist Service", "Points": "171:1:200", "HistoryName": "MonteCarlo.1", "logFile": "/home/saul/projects/IL2244_VT26_SAUL/logs_saul/logs0/Service220.log", "logFileSize": "21294"}
\o [2026-04-16 17:11:32.254 Z] [INFO] [cadence.virtuoso.ade.services.netlister] - Started netlisting {"point": 171, "testname": "DC_MC"}
\o Resetting statistical vars
\o 
\o *Info*    Setting parameter values ...
\o 
\o 
\o *Info*    Netlist Directory =
\o           /home/saul/projects/IL2244_VT26_SAUL/Sim/FBIAS/fbias_por_tb/maestro/results/maestro/MonteCarlo.1/171/DC_MC/groupRunDataDir/netlist
\o 
\o 
\o *Info*    Data Directory    =
\o           /home/saul/projects/IL2244_VT26_SAUL/Sim/FBIAS/fbias_por_tb/maestro/results/maestro/MonteCarlo.1/171/DC_MC/groupRunDataDir
\o 
\o Reusing AHDL Data dir
\o generate netlist...
\o function ansCdlCompPrim redefined
\o Ignoring netlist creation since ignoreDesignChangesDuringRun is set to true
\o       ...successful.
\o compose simulator input file...
\o       ...successful.
\o WARNING (ADE-3080): Fast viewing extensions for PSF XL format (also known as RTSF) will be discontinued  
\o        and Virtuoso Visualization and Analysis XL will not use RTSF data to plot waveforms from IC6.1.8 ISR7 onward. 
\o        There will be no performance impact on data visualization due to this change.
\o [2026-04-16 17:11:32.504 Z] [PROCESS] [cadence.virtuoso.ade.services.netlister] - Current memory used: 714.7734 MBytes, peak memory used: 714.7734 MBytes {"hostname": "edatools", "processid": 2787619, "testname": "DC_MC", "point": 171, "logfile": "/home/saul/projects/IL2244_VT26_SAUL/logs_saul/logs0/Service220.log"}
\o [2026-04-16 17:11:32.504 Z] [INFO] [cadence.virtuoso.ade.services.netlister] - Finished netlisting {"point": 171, "testname": "DC_MC"}
\# Memory report: Maximum memory size now 51,355 MB at UTC 2026.04.16 17:11:40.509
\o [2026-04-16 17:15:31.083 Z] [EVENT] [cadence.virtuoso.ade.services.netlister] - NewPoint {"point": 0, "testname": "TRAN_MC", "event": "NewPoint", "EventSource": "Netlist Service", "HistoryName": "MonteCarlo.2", "logFile": "/home/saul/projects/IL2244_VT26_SAUL/logs_saul/logs0/Service220.log", "logFileSize": "23329"}
\o [2026-04-16 17:15:31.083 Z] [INFO] [cadence.virtuoso.ade.services.netlister] - Started preparing netlist {"point": 0, "testname": "TRAN_MC", "testnameKey": "TRAN_MC"}
\o Simulation design variables differ from those on the cellView,
\o they have been saved in the file "/tmp/saved-design-variables".
\o To save future changes, copy variables to cellView before exiting.
\o *Warning* AXL Context Manager : job 220 is already registered. 
\o 
\o 
\o 
\o *Info*    Configuring the session ...
\o 
\o 	Library      = FBIAS
\o 	Cell         = fbias_por_tb
\o 	View         = schematic
\o 	Simulator    = spectre
\o 	State Path   = $AXL_SETUPDB_DIR/test_states
\o 	State Name   = MonteCarlo.2
\o 	Results DB   = /home/saul/projects/IL2244_VT26_SAUL/FBIAS/fbias_por_tb/maestro/results/maestro/MonteCarlo.2.rdb
\o 	Results Dir  = /home/saul/projects/IL2244_VT26_SAUL/Sim/FBIAS/fbias_por_tb/maestro/results/maestro/MonteCarlo.2/1/TRAN_MC
\o 	Results Loc  = /home/saul/projects/IL2244_VT26_SAUL/Sim/FBIAS/fbias_por_tb/maestro/results/maestro
\o 	Project Dir  = /home/saul/projects/IL2244_VT26_SAUL/Sim
\o 	Setup DB loc = /home/saul/projects/IL2244_VT26_SAUL/FBIAS/fbias_por_tb/maestro
\o 	File Encoding = 0
\o 
\o 
\o 
\o *Info*    The auto suspension is disabled.
\o 
\o Resetting statistical vars
\o 
\o *Info*    Setting parameter values ...
\o 
\o Setting var VDD = "0"
\o Setting var VDD_STEP = "3.3"
\o Setting var VDD_TR = "1u"
\o Reusing AHDL Data dir
\o 
\o *Info*    Data Directory    =
\o           /home/saul/projects/IL2244_VT26_SAUL/Sim/FBIAS/fbias_por_tb/maestro/results/maestro/MonteCarlo.2/psf/TRAN_MC
\o 
\o generate netlist...
\o function ansCdlCompPrim redefined
\o function ansCdlCompPrim redefined
\o Initializing the control file using cp:
\o     cp /opt/tools/cadence/installs/IC618/tools.lnx86/dfII/etc/si/control.spectre /home/saul/projects/IL2244_VT26_SAUL/Sim/FBIAS/fbias_por_tb/maestro/results/maestro/MonteCarlo.2/psf/TRAN_MC/netlist/control
\o Copying Spectre source file 'spectre.inp'
\o Copying Spectre command file 'spectre.sim'
\o Begin Incremental Netlisting Apr 16 17:15:32 2026
\o [2026-04-16 17:15:32.541 Z] [INFO] [cadence.virtuoso.ade.services.netlister] - Heartbeat in netlister service {"point": 0, "testname": "TRAN_MC"}
\o End netlisting Apr 16 17:15:32 2026
\o 
\o Netlisting Statistics:
\o 	Number of components:  111
\o 
\o 	Elapsed time:          0.0s
\o Errors: 0	Warnings: 0
\o       ...successful.
\o compose simulator input file...
\o       ...successful.
\o [2026-04-16 17:15:32.659 Z] [INFO] [cadence.virtuoso.ade.services.netlister] - Finished preparing netlist {"point": 0, "testname": "TRAN_MC", "testnameKey": "TRAN_MC"}
\o [2026-04-16 17:15:33.661 Z] [EVENT] [cadence.virtuoso.ade.services.netlister] - GroupPoints {"point": 1, "testname": "TRAN_MC", "event": "GroupPoints", "EventSource": "Netlist Service", "Points": "1:1:34", "HistoryName": "MonteCarlo.2", "logFile": "/home/saul/projects/IL2244_VT26_SAUL/logs_saul/logs0/Service220.log", "logFileSize": "23649"}
\o [2026-04-16 17:15:33.661 Z] [INFO] [cadence.virtuoso.ade.services.netlister] - Started netlisting {"point": 1, "testname": "TRAN_MC"}
\o Simulation design variables differ from those on the cellView,
\o they have been saved in the file "/tmp/saved-design-variables".
\o To save future changes, copy variables to cellView before exiting.
\o *Warning* AXL Context Manager : job 220 is already registered. 
\o 
\o 
\o 
\o *Info*    Configuring the session ...
\o 
\o 	Library      = FBIAS
\o 	Cell         = fbias_por_tb
\o 	View         = schematic
\o 	Simulator    = spectre
\o 	State Path   = $AXL_SETUPDB_DIR/test_states
\o 	State Name   = MonteCarlo.2
\o 	Results DB   = /home/saul/projects/IL2244_VT26_SAUL/FBIAS/fbias_por_tb/maestro/results/maestro/MonteCarlo.2.rdb
\o 	Results Dir  = /home/saul/projects/IL2244_VT26_SAUL/Sim/FBIAS/fbias_por_tb/maestro/results/maestro/MonteCarlo.2/1/TRAN_MC
\o 	Results Loc  = /home/saul/projects/IL2244_VT26_SAUL/Sim/FBIAS/fbias_por_tb/maestro/results/maestro
\o 	Project Dir  = /home/saul/projects/IL2244_VT26_SAUL/Sim
\o 	Setup DB loc = /home/saul/projects/IL2244_VT26_SAUL/FBIAS/fbias_por_tb/maestro
\o 	File Encoding = 0
\o 
\o 
\o 
\o *Info*    The auto suspension is disabled.
\o 
\o Resetting statistical vars
\o 
\o *Info*    Setting parameter values ...
\o 
\o Setting var VDD = "0"
\o Setting var VDD_STEP = "3.3"
\o Setting var VDD_TR = "1u"
\o Setting var temperature = "27"
\o Setting temp(T) = 27
\o 
\o *Info*    Netlist Directory =
\o           /home/saul/projects/IL2244_VT26_SAUL/Sim/FBIAS/fbias_por_tb/maestro/results/maestro/MonteCarlo.2/1/TRAN_MC/groupRunDataDir/netlist
\o 
\o 
\o *Info*    Data Directory    =
\o           /home/saul/projects/IL2244_VT26_SAUL/Sim/FBIAS/fbias_por_tb/maestro/results/maestro/MonteCarlo.2/1/TRAN_MC/groupRunDataDir
\o 
\o Reusing AHDL Data dir
\o generate netlist...
\o function ansCdlCompPrim redefined
\o Ignoring netlist creation since ignoreDesignChangesDuringRun is set to true
\o       ...successful.
\o compose simulator input file...
\o       ...successful.
\o WARNING (ADE-3080): Fast viewing extensions for PSF XL format (also known as RTSF) will be discontinued  
\o        and Virtuoso Visualization and Analysis XL will not use RTSF data to plot waveforms from IC6.1.8 ISR7 onward. 
\o        There will be no performance impact on data visualization due to this change.
\o [2026-04-16 17:15:34.530 Z] [PROCESS] [cadence.virtuoso.ade.services.netlister] - Current memory used: 736.2109 MBytes, peak memory used: 736.2109 MBytes {"hostname": "edatools", "processid": 2787619, "testname": "TRAN_MC", "point": 1, "logfile": "/home/saul/projects/IL2244_VT26_SAUL/logs_saul/logs0/Service220.log"}
\o [2026-04-16 17:15:34.531 Z] [INFO] [cadence.virtuoso.ade.services.netlister] - Finished netlisting {"point": 1, "testname": "TRAN_MC"}
\o [2026-04-16 17:15:34.534 Z] [EVENT] [cadence.virtuoso.ade.services.netlister] - GroupPoints {"point": 35, "testname": "TRAN_MC", "event": "GroupPoints", "EventSource": "Netlist Service", "Points": "35:1:68", "HistoryName": "MonteCarlo.2", "logFile": "/home/saul/projects/IL2244_VT26_SAUL/logs_saul/logs0/Service220.log", "logFileSize": "29507"}
\o [2026-04-16 17:15:34.534 Z] [INFO] [cadence.virtuoso.ade.services.netlister] - Started netlisting {"point": 35, "testname": "TRAN_MC"}
\o Resetting statistical vars
\o 
\o *Info*    Setting parameter values ...
\o 
\o 
\o *Info*    Netlist Directory =
\o           /home/saul/projects/IL2244_VT26_SAUL/Sim/FBIAS/fbias_por_tb/maestro/results/maestro/MonteCarlo.2/35/TRAN_MC/groupRunDataDir/netlist
\o 
\o 
\o *Info*    Data Directory    =
\o           /home/saul/projects/IL2244_VT26_SAUL/Sim/FBIAS/fbias_por_tb/maestro/results/maestro/MonteCarlo.2/35/TRAN_MC/groupRunDataDir
\o 
\o Reusing AHDL Data dir
\o generate netlist...
\o function ansCdlCompPrim redefined
\o Ignoring netlist creation since ignoreDesignChangesDuringRun is set to true
\o       ...successful.
\o compose simulator input file...
\o       ...successful.
\o WARNING (ADE-3080): Fast viewing extensions for PSF XL format (also known as RTSF) will be discontinued  
\o        and Virtuoso Visualization and Analysis XL will not use RTSF data to plot waveforms from IC6.1.8 ISR7 onward. 
\o        There will be no performance impact on data visualization due to this change.
\o [2026-04-16 17:15:34.843 Z] [PROCESS] [cadence.virtuoso.ade.services.netlister] - Current memory used: 736.2109 MBytes, peak memory used: 736.2109 MBytes {"hostname": "edatools", "processid": 2787619, "testname": "TRAN_MC", "point": 35, "logfile": "/home/saul/projects/IL2244_VT26_SAUL/logs_saul/logs0/Service220.log"}
\o [2026-04-16 17:15:34.844 Z] [INFO] [cadence.virtuoso.ade.services.netlister] - Finished netlisting {"point": 35, "testname": "TRAN_MC"}
\o [2026-04-16 17:15:34.847 Z] [EVENT] [cadence.virtuoso.ade.services.netlister] - GroupPoints {"point": 69, "testname": "TRAN_MC", "event": "GroupPoints", "EventSource": "Netlist Service", "Points": "69:1:102", "HistoryName": "MonteCarlo.2", "logFile": "/home/saul/projects/IL2244_VT26_SAUL/logs_saul/logs0/Service220.log", "logFileSize": "31463"}
\o [2026-04-16 17:15:34.848 Z] [INFO] [cadence.virtuoso.ade.services.netlister] - Started netlisting {"point": 69, "testname": "TRAN_MC"}
\o Resetting statistical vars
\o 
\o *Info*    Setting parameter values ...
\o 
\o 
\o *Info*    Netlist Directory =
\o           /home/saul/projects/IL2244_VT26_SAUL/Sim/FBIAS/fbias_por_tb/maestro/results/maestro/MonteCarlo.2/69/TRAN_MC/groupRunDataDir/netlist
\o 
\o 
\o *Info*    Data Directory    =
\o           /home/saul/projects/IL2244_VT26_SAUL/Sim/FBIAS/fbias_por_tb/maestro/results/maestro/MonteCarlo.2/69/TRAN_MC/groupRunDataDir
\o 
\o Reusing AHDL Data dir
\o generate netlist...
\o function ansCdlCompPrim redefined
\o Ignoring netlist creation since ignoreDesignChangesDuringRun is set to true
\o       ...successful.
\o compose simulator input file...
\o       ...successful.
\o WARNING (ADE-3080): Fast viewing extensions for PSF XL format (also known as RTSF) will be discontinued  
\o        and Virtuoso Visualization and Analysis XL will not use RTSF data to plot waveforms from IC6.1.8 ISR7 onward. 
\o        There will be no performance impact on data visualization due to this change.
\o [2026-04-16 17:15:35.171 Z] [PROCESS] [cadence.virtuoso.ade.services.netlister] - Current memory used: 736.2109 MBytes, peak memory used: 736.2109 MBytes {"hostname": "edatools", "processid": 2787619, "testname": "TRAN_MC", "point": 69, "logfile": "/home/saul/projects/IL2244_VT26_SAUL/logs_saul/logs0/Service220.log"}
\o [2026-04-16 17:15:35.171 Z] [INFO] [cadence.virtuoso.ade.services.netlister] - Finished netlisting {"point": 69, "testname": "TRAN_MC"}
\o [2026-04-16 17:15:35.172 Z] [EVENT] [cadence.virtuoso.ade.services.netlister] - GroupPoints {"point": 103, "testname": "TRAN_MC", "event": "GroupPoints", "EventSource": "Netlist Service", "Points": "103:1:136", "HistoryName": "MonteCarlo.2", "logFile": "/home/saul/projects/IL2244_VT26_SAUL/logs_saul/logs0/Service220.log", "logFileSize": "33420"}
\o [2026-04-16 17:15:35.172 Z] [INFO] [cadence.virtuoso.ade.services.netlister] - Started netlisting {"point": 103, "testname": "TRAN_MC"}
\o Resetting statistical vars
\o 
\o *Info*    Setting parameter values ...
\o 
\o 
\o *Info*    Netlist Directory =
\o           /home/saul/projects/IL2244_VT26_SAUL/Sim/FBIAS/fbias_por_tb/maestro/results/maestro/MonteCarlo.2/103/TRAN_MC/groupRunDataDir/netlist
\o 
\o 
\o *Info*    Data Directory    =
\o           /home/saul/projects/IL2244_VT26_SAUL/Sim/FBIAS/fbias_por_tb/maestro/results/maestro/MonteCarlo.2/103/TRAN_MC/groupRunDataDir
\o 
\o Reusing AHDL Data dir
\o generate netlist...
\o function ansCdlCompPrim redefined
\o Ignoring netlist creation since ignoreDesignChangesDuringRun is set to true
\o       ...successful.
\o compose simulator input file...
\o       ...successful.
\o WARNING (ADE-3080): Fast viewing extensions for PSF XL format (also known as RTSF) will be discontinued  
\o        and Virtuoso Visualization and Analysis XL will not use RTSF data to plot waveforms from IC6.1.8 ISR7 onward. 
\o        There will be no performance impact on data visualization due to this change.
\o [2026-04-16 17:15:35.411 Z] [PROCESS] [cadence.virtuoso.ade.services.netlister] - Current memory used: 736.2109 MBytes, peak memory used: 736.2109 MBytes {"hostname": "edatools", "processid": 2787619, "testname": "TRAN_MC", "point": 103, "logfile": "/home/saul/projects/IL2244_VT26_SAUL/logs_saul/logs0/Service220.log"}
\o [2026-04-16 17:15:35.411 Z] [INFO] [cadence.virtuoso.ade.services.netlister] - Finished netlisting {"point": 103, "testname": "TRAN_MC"}
\o [2026-04-16 17:15:35.412 Z] [EVENT] [cadence.virtuoso.ade.services.netlister] - GroupPoints {"point": 137, "testname": "TRAN_MC", "event": "GroupPoints", "EventSource": "Netlist Service", "Points": "137:1:170", "HistoryName": "MonteCarlo.2", "logFile": "/home/saul/projects/IL2244_VT26_SAUL/logs_saul/logs0/Service220.log", "logFileSize": "35384"}
\o [2026-04-16 17:15:35.412 Z] [INFO] [cadence.virtuoso.ade.services.netlister] - Started netlisting {"point": 137, "testname": "TRAN_MC"}
\o Resetting statistical vars
\o 
\o *Info*    Setting parameter values ...
\o 
\o 
\o *Info*    Netlist Directory =
\o           /home/saul/projects/IL2244_VT26_SAUL/Sim/FBIAS/fbias_por_tb/maestro/results/maestro/MonteCarlo.2/137/TRAN_MC/groupRunDataDir/netlist
\o 
\o 
\o *Info*    Data Directory    =
\o           /home/saul/projects/IL2244_VT26_SAUL/Sim/FBIAS/fbias_por_tb/maestro/results/maestro/MonteCarlo.2/137/TRAN_MC/groupRunDataDir
\o 
\o Reusing AHDL Data dir
\o generate netlist...
\o function ansCdlCompPrim redefined
\o Ignoring netlist creation since ignoreDesignChangesDuringRun is set to true
\o       ...successful.
\o compose simulator input file...
\o       ...successful.
\o WARNING (ADE-3080): Fast viewing extensions for PSF XL format (also known as RTSF) will be discontinued  
\o        and Virtuoso Visualization and Analysis XL will not use RTSF data to plot waveforms from IC6.1.8 ISR7 onward. 
\o        There will be no performance impact on data visualization due to this change.
\o [2026-04-16 17:15:35.662 Z] [PROCESS] [cadence.virtuoso.ade.services.netlister] - Current memory used: 736.2109 MBytes, peak memory used: 736.2109 MBytes {"hostname": "edatools", "processid": 2787619, "testname": "TRAN_MC", "point": 137, "logfile": "/home/saul/projects/IL2244_VT26_SAUL/logs_saul/logs0/Service220.log"}
\o [2026-04-16 17:15:35.663 Z] [INFO] [cadence.virtuoso.ade.services.netlister] - Finished netlisting {"point": 137, "testname": "TRAN_MC"}
\o [2026-04-16 17:15:35.664 Z] [EVENT] [cadence.virtuoso.ade.services.netlister] - GroupPoints {"point": 171, "testname": "TRAN_MC", "event": "GroupPoints", "EventSource": "Netlist Service", "Points": "171:1:200", "HistoryName": "MonteCarlo.2", "logFile": "/home/saul/projects/IL2244_VT26_SAUL/logs_saul/logs0/Service220.log", "logFileSize": "37348"}
\o [2026-04-16 17:15:35.664 Z] [INFO] [cadence.virtuoso.ade.services.netlister] - Started netlisting {"point": 171, "testname": "TRAN_MC"}
\o Resetting statistical vars
\o 
\o *Info*    Setting parameter values ...
\o 
\o 
\o *Info*    Netlist Directory =
\o           /home/saul/projects/IL2244_VT26_SAUL/Sim/FBIAS/fbias_por_tb/maestro/results/maestro/MonteCarlo.2/171/TRAN_MC/groupRunDataDir/netlist
\o 
\o 
\o *Info*    Data Directory    =
\o           /home/saul/projects/IL2244_VT26_SAUL/Sim/FBIAS/fbias_por_tb/maestro/results/maestro/MonteCarlo.2/171/TRAN_MC/groupRunDataDir
\o 
\o Reusing AHDL Data dir
\o generate netlist...
\o function ansCdlCompPrim redefined
\o Ignoring netlist creation since ignoreDesignChangesDuringRun is set to true
\o       ...successful.
\o compose simulator input file...
\o       ...successful.
\o WARNING (ADE-3080): Fast viewing extensions for PSF XL format (also known as RTSF) will be discontinued  
\o        and Virtuoso Visualization and Analysis XL will not use RTSF data to plot waveforms from IC6.1.8 ISR7 onward. 
\o        There will be no performance impact on data visualization due to this change.
\o [2026-04-16 17:15:35.903 Z] [PROCESS] [cadence.virtuoso.ade.services.netlister] - Current memory used: 736.2109 MBytes, peak memory used: 736.2109 MBytes {"hostname": "edatools", "processid": 2787619, "testname": "TRAN_MC", "point": 171, "logfile": "/home/saul/projects/IL2244_VT26_SAUL/logs_saul/logs0/Service220.log"}
\o [2026-04-16 17:15:35.904 Z] [INFO] [cadence.virtuoso.ade.services.netlister] - Finished netlisting {"point": 171, "testname": "TRAN_MC"}
\o [2026-04-16 17:19:06.234 Z] [EVENT] [cadence.virtuoso.ade.services.netlister] - NewPoint {"point": 0, "testname": "DC", "event": "NewPoint", "EventSource": "Netlist Service", "HistoryName": "MonteCarlo.3", "logFile": "/home/saul/projects/IL2244_VT26_SAUL/logs_saul/logs0/Service220.log", "logFileSize": "39312"}
\o [2026-04-16 17:19:06.234 Z] [INFO] [cadence.virtuoso.ade.services.netlister] - Started preparing netlist {"point": 0, "testname": "DC", "testnameKey": "DC"}
\o Simulation design variables differ from those on the cellView,
\o they have been saved in the file "/tmp/saved-design-variables".
\o To save future changes, copy variables to cellView before exiting.
\o *Warning* AXL Context Manager : job 220 is already registered. 
\o 
\o 
\o 
\o *Info*    Configuring the session ...
\o 
\o 	Library      = FBIAS
\o 	Cell         = fbias_por_tb
\o 	View         = schematic
\o 	Simulator    = spectre
\o 	State Path   = $AXL_SETUPDB_DIR/test_states
\o 	State Name   = MonteCarlo.3
\o 	Results DB   = /home/saul/projects/IL2244_VT26_SAUL/FBIAS/fbias_por_tb/maestro/results/maestro/MonteCarlo.3.rdb
\o 	Results Dir  = /home/saul/projects/IL2244_VT26_SAUL/Sim/FBIAS/fbias_por_tb/maestro/results/maestro/MonteCarlo.3/1/DC
\o 	Results Loc  = /home/saul/projects/IL2244_VT26_SAUL/Sim/FBIAS/fbias_por_tb/maestro/results/maestro
\o 	Project Dir  = /home/saul/projects/IL2244_VT26_SAUL/Sim
\o 	Setup DB loc = /home/saul/projects/IL2244_VT26_SAUL/FBIAS/fbias_por_tb/maestro
\o 	File Encoding = 0
\o 
\o 
\o 
\o *Info*    The auto suspension is disabled.
\o 
\o Resetting statistical vars
\o 
\o *Info*    Setting parameter values ...
\o 
\o Setting var VDD = "3.3"
\o Setting var VDD_STEP = "0"
\o Setting var VDD_TR = "1u"
\o Reusing AHDL Data dir
\o 
\o *Info*    Data Directory    =
\o           /home/saul/projects/IL2244_VT26_SAUL/Sim/FBIAS/fbias_por_tb/maestro/results/maestro/MonteCarlo.3/psf/DC
\o 
\o generate netlist...
\o function ansCdlCompPrim redefined
\o function ansCdlCompPrim redefined
\o Begin Incremental Netlisting Apr 16 17:19:07 2026
\o [2026-04-16 17:19:07.719 Z] [INFO] [cadence.virtuoso.ade.services.netlister] - Heartbeat in netlister service {"point": 0, "testname": "DC"}
\o End netlisting Apr 16 17:19:07 2026
\o 
\o Netlisting Statistics:
\o 	Number of components:   61
\o 
\o 	Elapsed time:          0.0s
\o Errors: 0	Warnings: 0
\o       ...successful.
\o compose simulator input file...
\o       ...successful.
\o [2026-04-16 17:19:08.032 Z] [INFO] [cadence.virtuoso.ade.services.netlister] - Finished preparing netlist {"point": 0, "testname": "DC", "testnameKey": "DC"}
\o [2026-04-16 17:19:09.037 Z] [EVENT] [cadence.virtuoso.ade.services.netlister] - GroupPoints {"point": 1, "testname": "DC", "event": "GroupPoints", "EventSource": "Netlist Service", "Points": "1:1:34", "HistoryName": "MonteCarlo.3", "logFile": "/home/saul/projects/IL2244_VT26_SAUL/logs_saul/logs0/Service220.log", "logFileSize": "41922"}
\o [2026-04-16 17:19:09.038 Z] [INFO] [cadence.virtuoso.ade.services.netlister] - Started netlisting {"point": 1, "testname": "DC"}
\o Simulation design variables differ from those on the cellView,
\o they have been saved in the file "/tmp/saved-design-variables".
\o To save future changes, copy variables to cellView before exiting.
\o *Warning* AXL Context Manager : job 220 is already registered. 
\o 
\o 
\o 
\o *Info*    Configuring the session ...
\o 
\o 	Library      = FBIAS
\o 	Cell         = fbias_por_tb
\o 	View         = schematic
\o 	Simulator    = spectre
\o 	State Path   = $AXL_SETUPDB_DIR/test_states
\o 	State Name   = MonteCarlo.3
\o 	Results DB   = /home/saul/projects/IL2244_VT26_SAUL/FBIAS/fbias_por_tb/maestro/results/maestro/MonteCarlo.3.rdb
\o 	Results Dir  = /home/saul/projects/IL2244_VT26_SAUL/Sim/FBIAS/fbias_por_tb/maestro/results/maestro/MonteCarlo.3/1/DC
\o 	Results Loc  = /home/saul/projects/IL2244_VT26_SAUL/Sim/FBIAS/fbias_por_tb/maestro/results/maestro
\o 	Project Dir  = /home/saul/projects/IL2244_VT26_SAUL/Sim
\o 	Setup DB loc = /home/saul/projects/IL2244_VT26_SAUL/FBIAS/fbias_por_tb/maestro
\o 	File Encoding = 0
\o 
\o 
\o 
\o *Info*    The auto suspension is disabled.
\o 
\o Resetting statistical vars
\o 
\o *Info*    Setting parameter values ...
\o 
\o Setting var VDD = "3.3"
\o Setting var VDD_STEP = "0"
\o Setting var VDD_TR = "1u"
\o Setting var temperature = "27"
\o Setting temp(T) = 27
\o 
\o *Info*    Netlist Directory =
\o           /home/saul/projects/IL2244_VT26_SAUL/Sim/FBIAS/fbias_por_tb/maestro/results/maestro/MonteCarlo.3/1/DC/groupRunDataDir/netlist
\o 
\o 
\o *Info*    Data Directory    =
\o           /home/saul/projects/IL2244_VT26_SAUL/Sim/FBIAS/fbias_por_tb/maestro/results/maestro/MonteCarlo.3/1/DC/groupRunDataDir
\o 
\o Reusing AHDL Data dir
\o generate netlist...
\o function ansCdlCompPrim redefined
\o Ignoring netlist creation since ignoreDesignChangesDuringRun is set to true
\o       ...successful.
\o compose simulator input file...
\o       ...successful.
\o WARNING (ADE-3080): Fast viewing extensions for PSF XL format (also known as RTSF) will be discontinued  
\o        and Virtuoso Visualization and Analysis XL will not use RTSF data to plot waveforms from IC6.1.8 ISR7 onward. 
\o        There will be no performance impact on data visualization due to this change.
\o [2026-04-16 17:19:10.118 Z] [PROCESS] [cadence.virtuoso.ade.services.netlister] - Current memory used: 741.8984 MBytes, peak memory used: 741.8984 MBytes {"hostname": "edatools", "processid": 2787619, "testname": "DC", "point": 1, "logfile": "/home/saul/projects/IL2244_VT26_SAUL/logs_saul/logs0/Service220.log"}
\o [2026-04-16 17:19:10.119 Z] [INFO] [cadence.virtuoso.ade.services.netlister] - Finished netlisting {"point": 1, "testname": "DC"}
\o [2026-04-16 17:19:10.122 Z] [EVENT] [cadence.virtuoso.ade.services.netlister] - GroupPoints {"point": 35, "testname": "DC", "event": "GroupPoints", "EventSource": "Netlist Service", "Points": "35:1:68", "HistoryName": "MonteCarlo.3", "logFile": "/home/saul/projects/IL2244_VT26_SAUL/logs_saul/logs0/Service220.log", "logFileSize": "45072"}
\o [2026-04-16 17:19:10.123 Z] [INFO] [cadence.virtuoso.ade.services.netlister] - Started netlisting {"point": 35, "testname": "DC"}
\o Resetting statistical vars
\o 
\o *Info*    Setting parameter values ...
\o 
\o 
\o *Info*    Netlist Directory =
\o           /home/saul/projects/IL2244_VT26_SAUL/Sim/FBIAS/fbias_por_tb/maestro/results/maestro/MonteCarlo.3/35/DC/groupRunDataDir/netlist
\o 
\o 
\o *Info*    Data Directory    =
\o           /home/saul/projects/IL2244_VT26_SAUL/Sim/FBIAS/fbias_por_tb/maestro/results/maestro/MonteCarlo.3/35/DC/groupRunDataDir
\o 
\o Reusing AHDL Data dir
\o generate netlist...
\o function ansCdlCompPrim redefined
\o Ignoring netlist creation since ignoreDesignChangesDuringRun is set to true
\o       ...successful.
\o compose simulator input file...
\o       ...successful.
\o WARNING (ADE-3080): Fast viewing extensions for PSF XL format (also known as RTSF) will be discontinued  
\o        and Virtuoso Visualization and Analysis XL will not use RTSF data to plot waveforms from IC6.1.8 ISR7 onward. 
\o        There will be no performance impact on data visualization due to this change.
\o [2026-04-16 17:19:10.439 Z] [PROCESS] [cadence.virtuoso.ade.services.netlister] - Current memory used: 741.8984 MBytes, peak memory used: 741.8984 MBytes {"hostname": "edatools", "processid": 2787619, "testname": "DC", "point": 35, "logfile": "/home/saul/projects/IL2244_VT26_SAUL/logs_saul/logs0/Service220.log"}
\o [2026-04-16 17:19:10.440 Z] [INFO] [cadence.virtuoso.ade.services.netlister] - Finished netlisting {"point": 35, "testname": "DC"}
\o [2026-04-16 17:19:10.442 Z] [EVENT] [cadence.virtuoso.ade.services.netlister] - GroupPoints {"point": 69, "testname": "DC", "event": "GroupPoints", "EventSource": "Netlist Service", "Points": "69:1:102", "HistoryName": "MonteCarlo.3", "logFile": "/home/saul/projects/IL2244_VT26_SAUL/logs_saul/logs0/Service220.log", "logFileSize": "46998"}
\o [2026-04-16 17:19:10.442 Z] [INFO] [cadence.virtuoso.ade.services.netlister] - Started netlisting {"point": 69, "testname": "DC"}
\o Resetting statistical vars
\o 
\o *Info*    Setting parameter values ...
\o 
\o 
\o *Info*    Netlist Directory =
\o           /home/saul/projects/IL2244_VT26_SAUL/Sim/FBIAS/fbias_por_tb/maestro/results/maestro/MonteCarlo.3/69/DC/groupRunDataDir/netlist
\o 
\o 
\o *Info*    Data Directory    =
\o           /home/saul/projects/IL2244_VT26_SAUL/Sim/FBIAS/fbias_por_tb/maestro/results/maestro/MonteCarlo.3/69/DC/groupRunDataDir
\o 
\o Reusing AHDL Data dir
\o generate netlist...
\o function ansCdlCompPrim redefined
\o Ignoring netlist creation since ignoreDesignChangesDuringRun is set to true
\o       ...successful.
\o compose simulator input file...
\o       ...successful.
\o WARNING (ADE-3080): Fast viewing extensions for PSF XL format (also known as RTSF) will be discontinued  
\o        and Virtuoso Visualization and Analysis XL will not use RTSF data to plot waveforms from IC6.1.8 ISR7 onward. 
\o        There will be no performance impact on data visualization due to this change.
\o [2026-04-16 17:19:10.753 Z] [PROCESS] [cadence.virtuoso.ade.services.netlister] - Current memory used: 741.8984 MBytes, peak memory used: 741.8984 MBytes {"hostname": "edatools", "processid": 2787619, "testname": "DC", "point": 69, "logfile": "/home/saul/projects/IL2244_VT26_SAUL/logs_saul/logs0/Service220.log"}
\o [2026-04-16 17:19:10.753 Z] [INFO] [cadence.virtuoso.ade.services.netlister] - Finished netlisting {"point": 69, "testname": "DC"}
\o [2026-04-16 17:19:10.754 Z] [EVENT] [cadence.virtuoso.ade.services.netlister] - GroupPoints {"point": 103, "testname": "DC", "event": "GroupPoints", "EventSource": "Netlist Service", "Points": "103:1:136", "HistoryName": "MonteCarlo.3", "logFile": "/home/saul/projects/IL2244_VT26_SAUL/logs_saul/logs0/Service220.log", "logFileSize": "48925"}
\o [2026-04-16 17:19:10.754 Z] [INFO] [cadence.virtuoso.ade.services.netlister] - Started netlisting {"point": 103, "testname": "DC"}
\o Resetting statistical vars
\o 
\o *Info*    Setting parameter values ...
\o 
\o 
\o *Info*    Netlist Directory =
\o           /home/saul/projects/IL2244_VT26_SAUL/Sim/FBIAS/fbias_por_tb/maestro/results/maestro/MonteCarlo.3/103/DC/groupRunDataDir/netlist
\o 
\o 
\o *Info*    Data Directory    =
\o           /home/saul/projects/IL2244_VT26_SAUL/Sim/FBIAS/fbias_por_tb/maestro/results/maestro/MonteCarlo.3/103/DC/groupRunDataDir
\o 
\o Reusing AHDL Data dir
\o generate netlist...
\o function ansCdlCompPrim redefined
\o Ignoring netlist creation since ignoreDesignChangesDuringRun is set to true
\o       ...successful.
\o compose simulator input file...
\o       ...successful.
\o WARNING (ADE-3080): Fast viewing extensions for PSF XL format (also known as RTSF) will be discontinued  
\o        and Virtuoso Visualization and Analysis XL will not use RTSF data to plot waveforms from IC6.1.8 ISR7 onward. 
\o        There will be no performance impact on data visualization due to this change.
\o [2026-04-16 17:19:11.004 Z] [PROCESS] [cadence.virtuoso.ade.services.netlister] - Current memory used: 741.8984 MBytes, peak memory used: 741.8984 MBytes {"hostname": "edatools", "processid": 2787619, "testname": "DC", "point": 103, "logfile": "/home/saul/projects/IL2244_VT26_SAUL/logs_saul/logs0/Service220.log"}
\o [2026-04-16 17:19:11.004 Z] [INFO] [cadence.virtuoso.ade.services.netlister] - Finished netlisting {"point": 103, "testname": "DC"}
\o [2026-04-16 17:19:11.005 Z] [EVENT] [cadence.virtuoso.ade.services.netlister] - GroupPoints {"point": 137, "testname": "DC", "event": "GroupPoints", "EventSource": "Netlist Service", "Points": "137:1:170", "HistoryName": "MonteCarlo.3", "logFile": "/home/saul/projects/IL2244_VT26_SAUL/logs_saul/logs0/Service220.log", "logFileSize": "50859"}
\o [2026-04-16 17:19:11.005 Z] [INFO] [cadence.virtuoso.ade.services.netlister] - Started netlisting {"point": 137, "testname": "DC"}
\o Resetting statistical vars
\o 
\o *Info*    Setting parameter values ...
\o 
\o 
\o *Info*    Netlist Directory =
\o           /home/saul/projects/IL2244_VT26_SAUL/Sim/FBIAS/fbias_por_tb/maestro/results/maestro/MonteCarlo.3/137/DC/groupRunDataDir/netlist
\o 
\o 
\o *Info*    Data Directory    =
\o           /home/saul/projects/IL2244_VT26_SAUL/Sim/FBIAS/fbias_por_tb/maestro/results/maestro/MonteCarlo.3/137/DC/groupRunDataDir
\o 
\o Reusing AHDL Data dir
\o generate netlist...
\o function ansCdlCompPrim redefined
\o Ignoring netlist creation since ignoreDesignChangesDuringRun is set to true
\o       ...successful.
\o compose simulator input file...
\o       ...successful.
\o WARNING (ADE-3080): Fast viewing extensions for PSF XL format (also known as RTSF) will be discontinued  
\o        and Virtuoso Visualization and Analysis XL will not use RTSF data to plot waveforms from IC6.1.8 ISR7 onward. 
\o        There will be no performance impact on data visualization due to this change.
\o [2026-04-16 17:19:11.274 Z] [PROCESS] [cadence.virtuoso.ade.services.netlister] - Current memory used: 741.8984 MBytes, peak memory used: 741.8984 MBytes {"hostname": "edatools", "processid": 2787619, "testname": "DC", "point": 137, "logfile": "/home/saul/projects/IL2244_VT26_SAUL/logs_saul/logs0/Service220.log"}
\o [2026-04-16 17:19:11.274 Z] [INFO] [cadence.virtuoso.ade.services.netlister] - Finished netlisting {"point": 137, "testname": "DC"}
\o [2026-04-16 17:19:11.275 Z] [EVENT] [cadence.virtuoso.ade.services.netlister] - GroupPoints {"point": 171, "testname": "DC", "event": "GroupPoints", "EventSource": "Netlist Service", "Points": "171:1:200", "HistoryName": "MonteCarlo.3", "logFile": "/home/saul/projects/IL2244_VT26_SAUL/logs_saul/logs0/Service220.log", "logFileSize": "52793"}
\o [2026-04-16 17:19:11.275 Z] [INFO] [cadence.virtuoso.ade.services.netlister] - Started netlisting {"point": 171, "testname": "DC"}
\o Resetting statistical vars
\o 
\o *Info*    Setting parameter values ...
\o 
\o 
\o *Info*    Netlist Directory =
\o           /home/saul/projects/IL2244_VT26_SAUL/Sim/FBIAS/fbias_por_tb/maestro/results/maestro/MonteCarlo.3/171/DC/groupRunDataDir/netlist
\o 
\o 
\o *Info*    Data Directory    =
\o           /home/saul/projects/IL2244_VT26_SAUL/Sim/FBIAS/fbias_por_tb/maestro/results/maestro/MonteCarlo.3/171/DC/groupRunDataDir
\o 
\o Reusing AHDL Data dir
\o generate netlist...
\o function ansCdlCompPrim redefined
\o Ignoring netlist creation since ignoreDesignChangesDuringRun is set to true
\o       ...successful.
\o compose simulator input file...
\o       ...successful.
\o WARNING (ADE-3080): Fast viewing extensions for PSF XL format (also known as RTSF) will be discontinued  
\o        and Virtuoso Visualization and Analysis XL will not use RTSF data to plot waveforms from IC6.1.8 ISR7 onward. 
\o        There will be no performance impact on data visualization due to this change.
\o [2026-04-16 17:19:11.524 Z] [PROCESS] [cadence.virtuoso.ade.services.netlister] - Current memory used: 741.8984 MBytes, peak memory used: 741.8984 MBytes {"hostname": "edatools", "processid": 2787619, "testname": "DC", "point": 171, "logfile": "/home/saul/projects/IL2244_VT26_SAUL/logs_saul/logs0/Service220.log"}
\o [2026-04-16 17:19:11.525 Z] [INFO] [cadence.virtuoso.ade.services.netlister] - Finished netlisting {"point": 171, "testname": "DC"}
\o **** stopping dspf2oa stdobj@0x74b2dde8 28 220
\o **** stopping dspf2oa stdobj@0x74b2dde8 28 220
\# Memory report: Maximum memory size now 52,448 MB at UTC 2026.04.16 17:20:43.632
\o [2026-04-16 17:22:42.724 Z] [EVENT] [cadence.virtuoso.ade.services.netlister] - NewPoint {"point": 0, "testname": "DC_MC", "event": "NewPoint", "EventSource": "Netlist Service", "HistoryName": "MonteCarlo.4", "logFile": "/home/saul/projects/IL2244_VT26_SAUL/logs_saul/logs0/Service220.log", "logFileSize": "54910"}
\o [2026-04-16 17:22:42.724 Z] [INFO] [cadence.virtuoso.ade.services.netlister] - Started preparing netlist {"point": 0, "testname": "DC_MC", "testnameKey": "DC_MC"}
\o Simulation design variables differ from those on the cellView,
\o they have been saved in the file "/tmp/saved-design-variables".
\o To save future changes, copy variables to cellView before exiting.
\o *Warning* AXL Context Manager : job 220 is already registered. 
\o 
\o 
\o 
\o *Info*    Configuring the session ...
\o 
\o 	Library      = FBIAS
\o 	Cell         = fbias_por_tb
\o 	View         = schematic
\o 	Simulator    = spectre
\o 	State Path   = $AXL_SETUPDB_DIR/test_states
\o 	State Name   = MonteCarlo.4
\o 	Results DB   = /home/saul/projects/IL2244_VT26_SAUL/FBIAS/fbias_por_tb/maestro/results/maestro/MonteCarlo.4.rdb
\o 	Results Dir  = /home/saul/projects/IL2244_VT26_SAUL/Sim/FBIAS/fbias_por_tb/maestro/results/maestro/MonteCarlo.4/1/DC_MC
\o 	Results Loc  = /home/saul/projects/IL2244_VT26_SAUL/Sim/FBIAS/fbias_por_tb/maestro/results/maestro
\o 	Project Dir  = /home/saul/projects/IL2244_VT26_SAUL/Sim
\o 	Setup DB loc = /home/saul/projects/IL2244_VT26_SAUL/FBIAS/fbias_por_tb/maestro
\o 	File Encoding = 0
\o 
\o 
\o 
\o *Info*    The auto suspension is disabled.
\o 
\o Resetting statistical vars
\o 
\o *Info*    Setting parameter values ...
\o 
\o Setting var VDD = "3.3"
\o Setting var VDD_STEP = "0"
\o Setting var VDD_TR = "1u"
\o Reusing AHDL Data dir
\o 
\o *Info*    Data Directory    =
\o           /home/saul/projects/IL2244_VT26_SAUL/Sim/FBIAS/fbias_por_tb/maestro/results/maestro/MonteCarlo.4/psf/DC_MC
\o 
\o generate netlist...
\o function ansCdlCompPrim redefined
\o function ansCdlCompPrim redefined
\o Begin Incremental Netlisting Apr 16 17:22:44 2026
\o [2026-04-16 17:22:44.209 Z] [INFO] [cadence.virtuoso.ade.services.netlister] - Heartbeat in netlister service {"point": 0, "testname": "DC_MC"}
\o End netlisting Apr 16 17:22:44 2026
\o 
\o Netlisting Statistics:
\o 	Number of components:    7
\o 
\o 	Elapsed time:          0.0s
\o Errors: 0	Warnings: 0
\o       ...successful.
\o compose simulator input file...
\o       ...successful.
\o [2026-04-16 17:22:44.478 Z] [INFO] [cadence.virtuoso.ade.services.netlister] - Finished preparing netlist {"point": 0, "testname": "DC_MC", "testnameKey": "DC_MC"}
\o [2026-04-16 17:22:45.484 Z] [EVENT] [cadence.virtuoso.ade.services.netlister] - GroupPoints {"point": 1, "testname": "DC_MC", "event": "GroupPoints", "EventSource": "Netlist Service", "Points": "1:1:34", "HistoryName": "MonteCarlo.4", "logFile": "/home/saul/projects/IL2244_VT26_SAUL/logs_saul/logs0/Service220.log", "logFileSize": "56434"}
\o [2026-04-16 17:22:45.485 Z] [INFO] [cadence.virtuoso.ade.services.netlister] - Started netlisting {"point": 1, "testname": "DC_MC"}
\o Simulation design variables differ from those on the cellView,
\o they have been saved in the file "/tmp/saved-design-variables".
\o To save future changes, copy variables to cellView before exiting.
\o *Warning* AXL Context Manager : job 220 is already registered. 
\o 
\o 
\o 
\o *Info*    Configuring the session ...
\o 
\o 	Library      = FBIAS
\o 	Cell         = fbias_por_tb
\o 	View         = schematic
\o 	Simulator    = spectre
\o 	State Path   = $AXL_SETUPDB_DIR/test_states
\o 	State Name   = MonteCarlo.4
\o 	Results DB   = /home/saul/projects/IL2244_VT26_SAUL/FBIAS/fbias_por_tb/maestro/results/maestro/MonteCarlo.4.rdb
\o 	Results Dir  = /home/saul/projects/IL2244_VT26_SAUL/Sim/FBIAS/fbias_por_tb/maestro/results/maestro/MonteCarlo.4/1/DC_MC
\o 	Results Loc  = /home/saul/projects/IL2244_VT26_SAUL/Sim/FBIAS/fbias_por_tb/maestro/results/maestro
\o 	Project Dir  = /home/saul/projects/IL2244_VT26_SAUL/Sim
\o 	Setup DB loc = /home/saul/projects/IL2244_VT26_SAUL/FBIAS/fbias_por_tb/maestro
\o 	File Encoding = 0
\o 
\o 
\o 
\o *Info*    The auto suspension is disabled.
\o 
\o Resetting statistical vars
\o 
\o *Info*    Setting parameter values ...
\o 
\o Setting var VDD = "3.3"
\o Setting var VDD_STEP = "0"
\o Setting var VDD_TR = "1u"
\o Setting var temperature = "27"
\o Setting temp(T) = 27
\o 
\o *Info*    Netlist Directory =
\o           /home/saul/projects/IL2244_VT26_SAUL/Sim/FBIAS/fbias_por_tb/maestro/results/maestro/MonteCarlo.4/1/DC_MC/groupRunDataDir/netlist
\o 
\o 
\o *Info*    Data Directory    =
\o           /home/saul/projects/IL2244_VT26_SAUL/Sim/FBIAS/fbias_por_tb/maestro/results/maestro/MonteCarlo.4/1/DC_MC/groupRunDataDir
\o 
\o Reusing AHDL Data dir
\o generate netlist...
\o function ansCdlCompPrim redefined
\o Ignoring netlist creation since ignoreDesignChangesDuringRun is set to true
\o       ...successful.
\o compose simulator input file...
\o       ...successful.
\o WARNING (ADE-3080): Fast viewing extensions for PSF XL format (also known as RTSF) will be discontinued  
\o        and Virtuoso Visualization and Analysis XL will not use RTSF data to plot waveforms from IC6.1.8 ISR7 onward. 
\o        There will be no performance impact on data visualization due to this change.
\o [2026-04-16 17:22:46.295 Z] [PROCESS] [cadence.virtuoso.ade.services.netlister] - Current memory used: 743.1055 MBytes, peak memory used: 743.1055 MBytes {"hostname": "edatools", "processid": 2787619, "testname": "DC_MC", "point": 1, "logfile": "/home/saul/projects/IL2244_VT26_SAUL/logs_saul/logs0/Service220.log"}
\o [2026-04-16 17:22:46.296 Z] [INFO] [cadence.virtuoso.ade.services.netlister] - Finished netlisting {"point": 1, "testname": "DC_MC"}
\o [2026-04-16 17:22:46.299 Z] [EVENT] [cadence.virtuoso.ade.services.netlister] - GroupPoints {"point": 35, "testname": "DC_MC", "event": "GroupPoints", "EventSource": "Netlist Service", "Points": "35:1:68", "HistoryName": "MonteCarlo.4", "logFile": "/home/saul/projects/IL2244_VT26_SAUL/logs_saul/logs0/Service220.log", "logFileSize": "60715"}
\o [2026-04-16 17:22:46.300 Z] [INFO] [cadence.virtuoso.ade.services.netlister] - Started netlisting {"point": 35, "testname": "DC_MC"}
\o Resetting statistical vars
\o 
\o *Info*    Setting parameter values ...
\o 
\o 
\o *Info*    Netlist Directory =
\o           /home/saul/projects/IL2244_VT26_SAUL/Sim/FBIAS/fbias_por_tb/maestro/results/maestro/MonteCarlo.4/35/DC_MC/groupRunDataDir/netlist
\o 
\o 
\o *Info*    Data Directory    =
\o           /home/saul/projects/IL2244_VT26_SAUL/Sim/FBIAS/fbias_por_tb/maestro/results/maestro/MonteCarlo.4/35/DC_MC/groupRunDataDir
\o 
\o Reusing AHDL Data dir
\o generate netlist...
\o function ansCdlCompPrim redefined
\o Ignoring netlist creation since ignoreDesignChangesDuringRun is set to true
\o       ...successful.
\o compose simulator input file...
\o       ...successful.
\o WARNING (ADE-3080): Fast viewing extensions for PSF XL format (also known as RTSF) will be discontinued  
\o        and Virtuoso Visualization and Analysis XL will not use RTSF data to plot waveforms from IC6.1.8 ISR7 onward. 
\o        There will be no performance impact on data visualization due to this change.
\o [2026-04-16 17:22:46.797 Z] [PROCESS] [cadence.virtuoso.ade.services.netlister] - Current memory used: 743.1055 MBytes, peak memory used: 743.1055 MBytes {"hostname": "edatools", "processid": 2787619, "testname": "DC_MC", "point": 35, "logfile": "/home/saul/projects/IL2244_VT26_SAUL/logs_saul/logs0/Service220.log"}
\o [2026-04-16 17:22:46.797 Z] [INFO] [cadence.virtuoso.ade.services.netlister] - Finished netlisting {"point": 35, "testname": "DC_MC"}
\o [2026-04-16 17:22:46.798 Z] [EVENT] [cadence.virtuoso.ade.services.netlister] - GroupPoints {"point": 69, "testname": "DC_MC", "event": "GroupPoints", "EventSource": "Netlist Service", "Points": "69:1:102", "HistoryName": "MonteCarlo.4", "logFile": "/home/saul/projects/IL2244_VT26_SAUL/logs_saul/logs0/Service220.log", "logFileSize": "62659"}
\o [2026-04-16 17:22:46.798 Z] [INFO] [cadence.virtuoso.ade.services.netlister] - Started netlisting {"point": 69, "testname": "DC_MC"}
\o Resetting statistical vars
\o 
\o *Info*    Setting parameter values ...
\o 
\o 
\o *Info*    Netlist Directory =
\o           /home/saul/projects/IL2244_VT26_SAUL/Sim/FBIAS/fbias_por_tb/maestro/results/maestro/MonteCarlo.4/69/DC_MC/groupRunDataDir/netlist
\o 
\o 
\o *Info*    Data Directory    =
\o           /home/saul/projects/IL2244_VT26_SAUL/Sim/FBIAS/fbias_por_tb/maestro/results/maestro/MonteCarlo.4/69/DC_MC/groupRunDataDir
\o 
\o Reusing AHDL Data dir
\o generate netlist...
\o function ansCdlCompPrim redefined
\o Ignoring netlist creation since ignoreDesignChangesDuringRun is set to true
\o       ...successful.
\o compose simulator input file...
\o       ...successful.
\o WARNING (ADE-3080): Fast viewing extensions for PSF XL format (also known as RTSF) will be discontinued  
\o        and Virtuoso Visualization and Analysis XL will not use RTSF data to plot waveforms from IC6.1.8 ISR7 onward. 
\o        There will be no performance impact on data visualization due to this change.
\o [2026-04-16 17:22:47.042 Z] [PROCESS] [cadence.virtuoso.ade.services.netlister] - Current memory used: 743.1211 MBytes, peak memory used: 743.1211 MBytes {"hostname": "edatools", "processid": 2787619, "testname": "DC_MC", "point": 69, "logfile": "/home/saul/projects/IL2244_VT26_SAUL/logs_saul/logs0/Service220.log"}
\o [2026-04-16 17:22:47.042 Z] [INFO] [cadence.virtuoso.ade.services.netlister] - Finished netlisting {"point": 69, "testname": "DC_MC"}
\o [2026-04-16 17:22:47.043 Z] [EVENT] [cadence.virtuoso.ade.services.netlister] - GroupPoints {"point": 103, "testname": "DC_MC", "event": "GroupPoints", "EventSource": "Netlist Service", "Points": "103:1:136", "HistoryName": "MonteCarlo.4", "logFile": "/home/saul/projects/IL2244_VT26_SAUL/logs_saul/logs0/Service220.log", "logFileSize": "64604"}
\o [2026-04-16 17:22:47.043 Z] [INFO] [cadence.virtuoso.ade.services.netlister] - Started netlisting {"point": 103, "testname": "DC_MC"}
\# Memory report: using         484 MB, process size 2,249 MB at UTC 2026.04.16 17:22:47.047
\o Resetting statistical vars
\o 
\o *Info*    Setting parameter values ...
\o 
\o 
\o *Info*    Netlist Directory =
\o           /home/saul/projects/IL2244_VT26_SAUL/Sim/FBIAS/fbias_por_tb/maestro/results/maestro/MonteCarlo.4/103/DC_MC/groupRunDataDir/netlist
\o 
\o 
\o *Info*    Data Directory    =
\o           /home/saul/projects/IL2244_VT26_SAUL/Sim/FBIAS/fbias_por_tb/maestro/results/maestro/MonteCarlo.4/103/DC_MC/groupRunDataDir
\o 
\o Reusing AHDL Data dir
\o generate netlist...
\o function ansCdlCompPrim redefined
\o Ignoring netlist creation since ignoreDesignChangesDuringRun is set to true
\o       ...successful.
\o compose simulator input file...
\o       ...successful.
\o WARNING (ADE-3080): Fast viewing extensions for PSF XL format (also known as RTSF) will be discontinued  
\o        and Virtuoso Visualization and Analysis XL will not use RTSF data to plot waveforms from IC6.1.8 ISR7 onward. 
\o        There will be no performance impact on data visualization due to this change.
\o [2026-04-16 17:22:47.280 Z] [PROCESS] [cadence.virtuoso.ade.services.netlister] - Current memory used: 744.4609 MBytes, peak memory used: 744.4609 MBytes {"hostname": "edatools", "processid": 2787619, "testname": "DC_MC", "point": 103, "logfile": "/home/saul/projects/IL2244_VT26_SAUL/logs_saul/logs0/Service220.log"}
\o [2026-04-16 17:22:47.280 Z] [INFO] [cadence.virtuoso.ade.services.netlister] - Finished netlisting {"point": 103, "testname": "DC_MC"}
\o [2026-04-16 17:22:47.281 Z] [EVENT] [cadence.virtuoso.ade.services.netlister] - GroupPoints {"point": 137, "testname": "DC_MC", "event": "GroupPoints", "EventSource": "Netlist Service", "Points": "137:1:170", "HistoryName": "MonteCarlo.4", "logFile": "/home/saul/projects/IL2244_VT26_SAUL/logs_saul/logs0/Service220.log", "logFileSize": "66649"}
\o [2026-04-16 17:22:47.281 Z] [INFO] [cadence.virtuoso.ade.services.netlister] - Started netlisting {"point": 137, "testname": "DC_MC"}
\o Resetting statistical vars
\o 
\o *Info*    Setting parameter values ...
\o 
\o 
\o *Info*    Netlist Directory =
\o           /home/saul/projects/IL2244_VT26_SAUL/Sim/FBIAS/fbias_por_tb/maestro/results/maestro/MonteCarlo.4/137/DC_MC/groupRunDataDir/netlist
\o 
\o 
\o *Info*    Data Directory    =
\o           /home/saul/projects/IL2244_VT26_SAUL/Sim/FBIAS/fbias_por_tb/maestro/results/maestro/MonteCarlo.4/137/DC_MC/groupRunDataDir
\o 
\o Reusing AHDL Data dir
\o generate netlist...
\o function ansCdlCompPrim redefined
\o Ignoring netlist creation since ignoreDesignChangesDuringRun is set to true
\o       ...successful.
\o compose simulator input file...
\o       ...successful.
\o WARNING (ADE-3080): Fast viewing extensions for PSF XL format (also known as RTSF) will be discontinued  
\o        and Virtuoso Visualization and Analysis XL will not use RTSF data to plot waveforms from IC6.1.8 ISR7 onward. 
\o        There will be no performance impact on data visualization due to this change.
\o [2026-04-16 17:22:47.523 Z] [PROCESS] [cadence.virtuoso.ade.services.netlister] - Current memory used: 746.5820 MBytes, peak memory used: 746.5820 MBytes {"hostname": "edatools", "processid": 2787619, "testname": "DC_MC", "point": 137, "logfile": "/home/saul/projects/IL2244_VT26_SAUL/logs_saul/logs0/Service220.log"}
\o [2026-04-16 17:22:47.523 Z] [INFO] [cadence.virtuoso.ade.services.netlister] - Finished netlisting {"point": 137, "testname": "DC_MC"}
\o [2026-04-16 17:22:47.524 Z] [EVENT] [cadence.virtuoso.ade.services.netlister] - GroupPoints {"point": 171, "testname": "DC_MC", "event": "GroupPoints", "EventSource": "Netlist Service", "Points": "171:1:200", "HistoryName": "MonteCarlo.4", "logFile": "/home/saul/projects/IL2244_VT26_SAUL/logs_saul/logs0/Service220.log", "logFileSize": "68601"}
\o [2026-04-16 17:22:47.524 Z] [INFO] [cadence.virtuoso.ade.services.netlister] - Started netlisting {"point": 171, "testname": "DC_MC"}
\o Resetting statistical vars
\o 
\o *Info*    Setting parameter values ...
\o 
\o 
\o *Info*    Netlist Directory =
\o           /home/saul/projects/IL2244_VT26_SAUL/Sim/FBIAS/fbias_por_tb/maestro/results/maestro/MonteCarlo.4/171/DC_MC/groupRunDataDir/netlist
\o 
\o 
\o *Info*    Data Directory    =
\o           /home/saul/projects/IL2244_VT26_SAUL/Sim/FBIAS/fbias_por_tb/maestro/results/maestro/MonteCarlo.4/171/DC_MC/groupRunDataDir
\o 
\o Reusing AHDL Data dir
\o generate netlist...
\o function ansCdlCompPrim redefined
\o Ignoring netlist creation since ignoreDesignChangesDuringRun is set to true
\o       ...successful.
\o compose simulator input file...
\o       ...successful.
\o WARNING (ADE-3080): Fast viewing extensions for PSF XL format (also known as RTSF) will be discontinued  
\o        and Virtuoso Visualization and Analysis XL will not use RTSF data to plot waveforms from IC6.1.8 ISR7 onward. 
\o        There will be no performance impact on data visualization due to this change.
\o [2026-04-16 17:22:47.832 Z] [PROCESS] [cadence.virtuoso.ade.services.netlister] - Current memory used: 747.5391 MBytes, peak memory used: 747.5391 MBytes {"hostname": "edatools", "processid": 2787619, "testname": "DC_MC", "point": 171, "logfile": "/home/saul/projects/IL2244_VT26_SAUL/logs_saul/logs0/Service220.log"}
\o [2026-04-16 17:22:47.833 Z] [INFO] [cadence.virtuoso.ade.services.netlister] - Finished netlisting {"point": 171, "testname": "DC_MC"}
\# Memory report: Maximum memory size now 51,358 MB at UTC 2026.04.16 17:23:03.846
\o Simulation design variables differ from those on the cellView,
\o they have been saved in the file "/tmp/saved-design-variables".
\o To save future changes, copy variables to cellView before exiting.
\# Lic Summary:
\# [17:27:49.245641] Cdslmd servers:3000@lic08.ug.kth.se:29000@lic06.ug.kth.se
\# [17:27:49.245697] Feature usage summary:
\# Memory report: on exit            484 MB, process size 2,246 MB at UTC 2026.04.16 17:27:49.245
\# Memory report: peak usage         484 MB, process size 2,249 MB
