\# Program start time:     UTC 2026.04.09 10:02:32.354
\# Local time: UTC (UTC+00:00) 2026.04.09 10:02:32.354
\o Program:		@(#)$CDS: virtuoso version 6.1.8-64b 09/03/2024 19:11 (sjfhw316) $
\o Hierarchy:		/opt/tools/cadence/installs/IC618/tools.lnx86/dfII/
\o Sub version:		sub-version  IC6.1.8-64b.500.36  (64-bit addresses)
\# Command line:	/opt/tools/cadence/installs/IC618/tools.lnx86/dfII/bin/64bit/virtuoso -beanhost edatools -beanport 11300 -beanbinlog  -beanLogFile /home/saul/projects/IL2244_VT26_SAUL/logs_saul/logs0/amps_Service46.log -mpssession virtuoso465 -mpshost edatools -davinciService DaVinciService_465_1775629239 -scopedPid 465 -axlSession fnxSession9 -axlServiceIdFlag 46 -uuid d733497d-525a-4471-a47a-f43053960431 -heartbeat /dev/shm/swift-heartbeat.J67jN6z9CA -log /home/saul/projects/IL2244_VT26_SAUL/logs_saul/logs0/Service46.log -noautostart -nographE -lscs 000175E1894CBE06FF0966E38F1FFC06BC4D138FFC7EFC06BC4D68F886089075D3225CD1A12FD236867F66E38F1FFC06BC4D66E38F1FFC06BC4D0F34F6288531D59A00001E29 -interactive -offlineExprEval -fenixMode assembler -heartbeatTimeout  -lingerTimeout 300 -pointlifetime -1
\# Host name (type):	edatools (x86_64)
\# Operating system:	Linux 6.17.0-20-generic #20~24.04.1-Ubuntu SMP PREEMPT_DYNAMIC Thu Mar 19 01:28:37 UTC 2
\# Linux /etc/issue:	\S
\# Linux /etc/issue:	Kernel \r on an \m
\# X display name (WxH):	:5108 (1024x868)
\# Available geometry:			TL(0:0) BR(1023:867)
\# X server:			The X.Org Foundation
\# Depth of Visual (Root):	24 (24)
\# Number of Planes Used:	24
\# X version:		11.0 (vendor release 12011000)
\# X resource pool:	base 0x400000, mask 0x1fffff (2097151), shift 0
\# 			current id 0x0, current max 0x1ffffa (2097146)
\# Max data seg size:	     unlimited
\# Max process size:	     unlimited
\# Initial sbrk value:	      1,128 MB
\# Available memory:	     58,222 MB
\# System memory:	     72,238 MB
\# Maximum memory size:	     71,229 MB
\# Max mem available:	     58,342 MB
\# Initial memory used:	        119 MB
\#        process size:	      1,676 MB
\# Thread usage limits (effective/default):	maxthreads 4294967295/4294967295 maxload 16.00/16.00
\# Qt version:		5.9.1
\# Window Manager:	other
\# User Name:		saul
\o Working Directory:	edatools:/home/saul/projects/IL2244_VT26_SAUL
\# Process Id:		146112
\o 
\o COPYRIGHT (C) 1992-2024  CADENCE DESIGN SYSTEMS INC.  ALL RIGHTS RESERVED.
\o           (C) 1992-2024  UNIX SYSTEMS Laboratories INC.,
\o                          Reproduced with permission.
\o 
\o This Cadence Design Systems program and online documentation are
\o proprietary/confidential information and may be disclosed/used only
\o as authorized in a license agreement controlling such use and disclosure.
\o 
\o           RESTRICTED RIGHTS NOTICE (SHORT FORM)
\o Use/reproduction/disclosure is subject to restriction
\o set forth at FAR 1252.227-19 or its equivalent.
\o Loading geView.cxt 
\o Loading menuBuilder.cxt 
\o Loading schView.cxt 
\o Loading selectSv.cxt 
\o Loading wireEdit.cxt 
\o Loading pte2.cxt 
\o Loading xlUI.cxt 
\o Loading auCore.cxt 
\o Loading vhdl.cxt 
\o Loading seismic.cxt 
\o Loading ci.cxt 
\o Loading ams.cxt 
\o Loading oasis.cxt 
\o Loading analog.cxt 
\o Loading asimenv.cxt 
\o Loading dal.cxt 
\o Loading awv.cxt 
\o Loading socket.cxt 
\o Loading par.cxt 
\o Loading alvs.cxt 
\o Loading caa.cxt 
\o Loading amps.cxt 
\o Loading adexlCore.cxt 
\# Memory report: using         230 MB, process size 1,910 MB at UTC 2026.04.09 10:02:33.176
\o Loading adexl.cxt 
\o *Info*    Exporting services from client ... 
\o 
\o Loading adexlDM.cxt 
\o Loading cpf.cxt 
\o Loading cli.cxt 
\o Loading lp.cxt 
\o INFO (ELI-00302) Connecting to parent process (session=virtuoso465, host=edatools). Connection mode is LSCS. Total timeout is 180 seconds. Connection timeout is 90 seconds.
\o INFO (ELI-00303) Step 1: Connecting to parent. Time spent is 0 seconds.
\o INFO (ELI-00304) The registration of the child 146112 within 90 seconds is being processed...
\o INFO (ELI-00305) The result of registration is true. Time spent is 0 seconds.
\o INFO (ELI-00308) The connection has ended. Result is true. Total time spent is 0 seconds.
\# [10:02:32.445250] Configured Lic search path (22.01-s002): 3000@lic08.ug.kth.se:29000@lic06.ug.kth.se
\o ......................................................................................
\o            ams AG HIT-Kit v.ams_4.10
\o ......................................................................................
\o COPYRIGHT (c) 2012 Full Service Foundry @ ams AG.  ALL RIGHTS RESERVED
\o This HIT-Kit and attached documentation are confidential information and may 
\o only be used as authorized by the HIT-Kit license agreement.
\o ......................................................................................
\# Current Window: window(2)
\o Loading simulator default settings.
\o //
\o //  Calibre Skill Interface * (v2024.4_12.9) *
\o //
\o //                         Copyright Siemens 1996-2020     
\o //                             All Rights Reserved.
\o //         THIS WORK CONTAINS TRADE SECRET AND PROPRIETARY INFORMATION
\o //            WHICH IS THE PROPERTY OF MENTOR GRAPHICS CORPORATION
\o //              OR ITS LICENSORS AND IS SUBJECT TO LICENSE TERMS.
\o //
\o //
\o Loading simulator default settings.
\p hitkit: ams_4.10  Tech: c35b4c3  User: saul 
\w *WARNING* could not load font "-*-courier-medium-r-*-*-12-*", using font "fixed"
\# Loading perfDiag...
\# (PerfDiag): Set GDB path to environment variable 'gdbPath' (gdb).
\# Performance Diagnostic tool is installed. You can access PerfDiag from CIW Tools or use the shell command 'cdsPerfDiag -p 146112' to open it when Virtuoso freezes.
\# (PerfDiag): Use backtrace from GLIBC.
\w *WARNING* _perfPstackCheck: Cannot find pstack/gstack. Please setup PATH environment variable to pstack/gstack executable.
\i _axlRunServices()
\# [10:02:34.339961] Periodic Lic check successful
\# [10:02:34.339962] Feature usage summary:
\o Loading simui.cxt 
\o [2026-04-09 10:02:34.353 Z] [PROCESS] [cadence.virtuoso.ade.services] - Netlist Service has successfully started. Waiting for incoming messages ... {"hostname": "edatools", "processid": 146112, "logfile": "/home/saul/projects/IL2244_VT26_SAUL/logs_saul/logs0/Service46.log"}
\o [2026-04-09 10:02:34.397 Z] [EVENT] [cadence.virtuoso.ade.services.netlister] - NewPoint {"point": 0, "testname": "PSS_VIN", "event": "NewPoint", "EventSource": "Netlist Service", "HistoryName": "Interactive.21", "logFile": "/home/saul/projects/IL2244_VT26_SAUL/logs_saul/logs0/Service46.log", "logFileSize": "5736"}
\o [2026-04-09 10:02:34.398 Z] [INFO] [cadence.virtuoso.ade.services.netlister] - Started preparing netlist {"point": 0, "testname": "PSS_VIN", "testnameKey": "PSS_VIN"}
\o Loading vqp.cxt 
\o Loading vdsil.cxt 
\o *Warning* AXL Context Manager : job 46 is already registered. 
\o 
\o Loading hdlPkg.cxt 
\o 
\o 
\o *Info*    Configuring the session ...
\o 
\o 	Library      = FECG
\o 	Cell         = fecg_front_end_tb
\o 	View         = schematic
\o 	Simulator    = spectre
\o 	State Path   = $AXL_SETUPDB_DIR/test_states
\o 	State Name   = Interactive.21
\o 	Results DB   = /home/saul/projects/IL2244_VT26_SAUL/FECG/fecg_front_end_tb/maestro/results/maestro/Interactive.21.rdb
\o 	Results Dir  = /home/saul/projects/IL2244_VT26_SAUL/Sim/FECG/fecg_front_end_tb/maestro/results/maestro/Interactive.21/1/PSS_VIN
\o 	Results Loc  = /home/saul/projects/IL2244_VT26_SAUL/Sim/FECG/fecg_front_end_tb/maestro/results/maestro
\o 	Project Dir  = /home/saul/projects/IL2244_VT26_SAUL/Sim
\o 	Setup DB loc = /home/saul/projects/IL2244_VT26_SAUL/FECG/fecg_front_end_tb/maestro
\o 	File Encoding = 0
\o 
\o 
\o Loading viva.cxt 
\o Loading spectrei.cxt 
\o Loading devCheck.cxt 
\o Loading relXpert.cxt 
\o Loading hspiceD.cxt 
\o Loading spectreinl.cxt 
\o Loading msgHandler.cxt 
\o Loading UltraSim.cxt 
\o Loading AMSOSS.cxt 
\o Loading AMS.cxt 
\# Memory report: using         409 MB, process size 2,168 MB at UTC 2026.04.09 10:02:36.200
\o 
\o *Info*    The auto suspension is disabled.
\o 
\o Loading elec.cxt 
\o Resetting statistical vars
\o 
\o *Info*    Setting parameter values ...
\o 
\o Setting var F0 = "3.3"
\o Setting var F1 = "3.3"
\o Setting var F2 = "0"
\o Setting var FC = "4k"
\o Setting var S0 = "3.3"
\o Setting var S1 = "0"
\o Setting var S2 = "0"
\o Setting var VCM_AC = "0"
\o Setting var VCM_AMP = "0"
\o Setting var VCM_DC = "1.5"
\o Setting var VDD = "3.3"
\o Setting var VIN_AC = "1"
\o Setting var VIN_AMP = "0.8m"
\o Setting var VIN_DC = "0"
\o Setting var VIN_FREQ = "50"
\o Loading monte.cxt 
\o Reusing AHDL Data dir
\o 
\o *Info*    Data Directory    =
\o           /home/saul/projects/IL2244_VT26_SAUL/Sim/FECG/fecg_front_end_tb/maestro/results/maestro/Interactive.21/psf/PSS_VIN
\o 
\o generate netlist...
\o Loading hnlInit.cxt 
\o Loading seCore.cxt 
\o function ansCdlCompPrim redefined
\o function ansCdlCompPrim redefined
\o Begin Incremental Netlisting Apr  9 10:02:36 2026
\o Loading json.cxt 
\o End netlisting Apr  9 10:02:36 2026
\o 
\o Netlisting Statistics:
\o 	Number of components:   25
\o 
\o 	Elapsed time:          0.0s
\o Errors: 0	Warnings: 0
\o       ...successful.
\o compose simulator input file...
\o       ...successful.
\o [2026-04-09 10:02:36.661 Z] [INFO] [cadence.virtuoso.ade.services.netlister] - Finished preparing netlist {"point": 0, "testname": "PSS_VIN", "testnameKey": "PSS_VIN"}
\o [2026-04-09 10:02:37.667 Z] [EVENT] [cadence.virtuoso.ade.services.netlister] - NewPoint {"point": 1, "testname": "PSS_VIN", "event": "NewPoint", "EventSource": "Netlist Service", "HistoryName": "Interactive.21", "logFile": "/home/saul/projects/IL2244_VT26_SAUL/logs_saul/logs0/Service46.log", "logFileSize": "8028"}
\o [2026-04-09 10:02:37.668 Z] [INFO] [cadence.virtuoso.ade.services.netlister] - Started netlisting {"point": 1, "testname": "PSS_VIN"}
\o Simulation design variables differ from those on the cellView,
\o they have been saved in the file "/tmp/saved-design-variables".
\o To save future changes, copy variables to cellView before exiting.
\o *Warning* AXL Context Manager : job 46 is already registered. 
\o 
\o 
\o 
\o *Info*    Configuring the session ...
\o 
\o 	Library      = FECG
\o 	Cell         = fecg_front_end_tb
\o 	View         = schematic
\o 	Simulator    = spectre
\o 	State Path   = $AXL_SETUPDB_DIR/test_states
\o 	State Name   = Interactive.21
\o 	Results DB   = /home/saul/projects/IL2244_VT26_SAUL/FECG/fecg_front_end_tb/maestro/results/maestro/Interactive.21.rdb
\o 	Results Dir  = /home/saul/projects/IL2244_VT26_SAUL/Sim/FECG/fecg_front_end_tb/maestro/results/maestro/Interactive.21/1/PSS_VIN
\o 	Results Loc  = /home/saul/projects/IL2244_VT26_SAUL/Sim/FECG/fecg_front_end_tb/maestro/results/maestro
\o 	Project Dir  = /home/saul/projects/IL2244_VT26_SAUL/Sim
\o 	Setup DB loc = /home/saul/projects/IL2244_VT26_SAUL/FECG/fecg_front_end_tb/maestro
\o 	File Encoding = 0
\o 
\o 
\o 
\o *Info*    The auto suspension is disabled.
\o 
\o Resetting statistical vars
\o 
\o *Info*    Setting parameter values ...
\o 
\o Setting var F0 = "3.3"
\o Setting var F1 = "3.3"
\o Setting var F2 = "0"
\o Setting var FC = "4k"
\o Setting var S0 = "3.3"
\o Setting var S1 = "0"
\o Setting var S2 = "0"
\o Setting var VCM_AC = "0"
\o Setting var VCM_AMP = "0"
\o Setting var VCM_DC = "1.5"
\o Setting var VDD = "3.3"
\o Setting var VIN_AC = "1"
\o Setting var VIN_AMP = "0.8m"
\o Setting var VIN_DC = "0"
\o Setting var VIN_FREQ = "50"
\o Setting var temperature = "27"
\o Setting temp(T) = 27
\o 
\o *Info*    Netlist Directory =
\o           /home/saul/projects/IL2244_VT26_SAUL/Sim/FECG/fecg_front_end_tb/maestro/results/maestro/Interactive.21/1/PSS_VIN/netlist
\o 
\o 
\o *Info*    Data Directory    =
\o           /home/saul/projects/IL2244_VT26_SAUL/Sim/FECG/fecg_front_end_tb/maestro/results/maestro/Interactive.21/1/PSS_VIN
\o 
\o Reusing AHDL Data dir
\o generate netlist...
\o function ansCdlCompPrim redefined
\o Ignoring netlist creation since ignoreDesignChangesDuringRun is set to true
\o       ...successful.
\o compose simulator input file...
\o       ...successful.
\o WARNING (ADE-3080): Fast viewing extensions for PSF XL format (also known as RTSF) will be discontinued  
\o        and Virtuoso Visualization and Analysis XL will not use RTSF data to plot waveforms from IC6.1.8 ISR7 onward. 
\o        There will be no performance impact on data visualization due to this change.
\o [2026-04-09 10:02:38.745 Z] [PROCESS] [cadence.virtuoso.ade.services.netlister] - Current memory used: 711.2617 MBytes, peak memory used: 711.2617 MBytes {"hostname": "edatools", "processid": 146112, "testname": "PSS_VIN", "point": 1, "logfile": "/home/saul/projects/IL2244_VT26_SAUL/logs_saul/logs0/Service46.log"}
\o [2026-04-09 10:02:38.747 Z] [INFO] [cadence.virtuoso.ade.services.netlister] - Finished netlisting {"point": 1, "testname": "PSS_VIN"}
\o [2026-04-09 10:02:38.750 Z] [EVENT] [cadence.virtuoso.ade.services.netlister] - NewPoint {"point": 2, "testname": "PSS_VIN", "event": "NewPoint", "EventSource": "Netlist Service", "HistoryName": "Interactive.21", "logFile": "/home/saul/projects/IL2244_VT26_SAUL/logs_saul/logs0/Service46.log", "logFileSize": "12924"}
\o [2026-04-09 10:02:38.750 Z] [INFO] [cadence.virtuoso.ade.services.netlister] - Started netlisting {"point": 2, "testname": "PSS_VIN"}
\o Resetting statistical vars
\o 
\o *Info*    Setting parameter values ...
\o 
\o Setting var temperature = "-40"
\o Setting temp(T) = -40
\o 
\o *Info*    Netlist Directory =
\o           /home/saul/projects/IL2244_VT26_SAUL/Sim/FECG/fecg_front_end_tb/maestro/results/maestro/Interactive.21/2/PSS_VIN/netlist
\o 
\o 
\o *Info*    Data Directory    =
\o           /home/saul/projects/IL2244_VT26_SAUL/Sim/FECG/fecg_front_end_tb/maestro/results/maestro/Interactive.21/2/PSS_VIN
\o 
\o Reusing AHDL Data dir
\o generate netlist...
\o function ansCdlCompPrim redefined
\o Ignoring netlist creation since ignoreDesignChangesDuringRun is set to true
\o       ...successful.
\o compose simulator input file...
\o       ...successful.
\o WARNING (ADE-3080): Fast viewing extensions for PSF XL format (also known as RTSF) will be discontinued  
\o        and Virtuoso Visualization and Analysis XL will not use RTSF data to plot waveforms from IC6.1.8 ISR7 onward. 
\o        There will be no performance impact on data visualization due to this change.
\o [2026-04-09 10:02:39.468 Z] [PROCESS] [cadence.virtuoso.ade.services.netlister] - Current memory used: 711.2695 MBytes, peak memory used: 711.2695 MBytes {"hostname": "edatools", "processid": 146112, "testname": "PSS_VIN", "point": 2, "logfile": "/home/saul/projects/IL2244_VT26_SAUL/logs_saul/logs0/Service46.log"}
\o [2026-04-09 10:02:39.469 Z] [INFO] [cadence.virtuoso.ade.services.netlister] - Finished netlisting {"point": 2, "testname": "PSS_VIN"}
\o [2026-04-09 10:02:39.472 Z] [EVENT] [cadence.virtuoso.ade.services.netlister] - NewPoint {"point": 3, "testname": "PSS_VIN", "event": "NewPoint", "EventSource": "Netlist Service", "HistoryName": "Interactive.21", "logFile": "/home/saul/projects/IL2244_VT26_SAUL/logs_saul/logs0/Service46.log", "logFileSize": "14886"}
\o [2026-04-09 10:02:39.473 Z] [INFO] [cadence.virtuoso.ade.services.netlister] - Started netlisting {"point": 3, "testname": "PSS_VIN"}
\o Resetting statistical vars
\o 
\o *Info*    Setting parameter values ...
\o 
\o Setting var temperature = "85"
\o Setting temp(T) = 85
\o 
\o *Info*    Netlist Directory =
\o           /home/saul/projects/IL2244_VT26_SAUL/Sim/FECG/fecg_front_end_tb/maestro/results/maestro/Interactive.21/3/PSS_VIN/netlist
\o 
\o 
\o *Info*    Data Directory    =
\o           /home/saul/projects/IL2244_VT26_SAUL/Sim/FECG/fecg_front_end_tb/maestro/results/maestro/Interactive.21/3/PSS_VIN
\o 
\o Reusing AHDL Data dir
\o generate netlist...
\o function ansCdlCompPrim redefined
\o Ignoring netlist creation since ignoreDesignChangesDuringRun is set to true
\o       ...successful.
\o compose simulator input file...
\o       ...successful.
\o WARNING (ADE-3080): Fast viewing extensions for PSF XL format (also known as RTSF) will be discontinued  
\o        and Virtuoso Visualization and Analysis XL will not use RTSF data to plot waveforms from IC6.1.8 ISR7 onward. 
\o        There will be no performance impact on data visualization due to this change.
\o [2026-04-09 10:02:40.133 Z] [PROCESS] [cadence.virtuoso.ade.services.netlister] - Current memory used: 711.2695 MBytes, peak memory used: 711.2695 MBytes {"hostname": "edatools", "processid": 146112, "testname": "PSS_VIN", "point": 3, "logfile": "/home/saul/projects/IL2244_VT26_SAUL/logs_saul/logs0/Service46.log"}
\o [2026-04-09 10:02:40.134 Z] [INFO] [cadence.virtuoso.ade.services.netlister] - Finished netlisting {"point": 3, "testname": "PSS_VIN"}
\o [2026-04-09 10:02:40.136 Z] [EVENT] [cadence.virtuoso.ade.services.netlister] - NewPoint {"point": 4, "testname": "PSS_VIN", "event": "NewPoint", "EventSource": "Netlist Service", "HistoryName": "Interactive.21", "logFile": "/home/saul/projects/IL2244_VT26_SAUL/logs_saul/logs0/Service46.log", "logFileSize": "16846"}
\o [2026-04-09 10:02:40.137 Z] [INFO] [cadence.virtuoso.ade.services.netlister] - Started netlisting {"point": 4, "testname": "PSS_VIN"}
\o Resetting statistical vars
\o 
\o *Info*    Setting parameter values ...
\o 
\o Setting var temperature = "-40"
\o Setting temp(T) = -40
\o 
\o *Info*    Netlist Directory =
\o           /home/saul/projects/IL2244_VT26_SAUL/Sim/FECG/fecg_front_end_tb/maestro/results/maestro/Interactive.21/4/PSS_VIN/netlist
\o 
\o 
\o *Info*    Data Directory    =
\o           /home/saul/projects/IL2244_VT26_SAUL/Sim/FECG/fecg_front_end_tb/maestro/results/maestro/Interactive.21/4/PSS_VIN
\o 
\o Reusing AHDL Data dir
\o generate netlist...
\o function ansCdlCompPrim redefined
\o Ignoring netlist creation since ignoreDesignChangesDuringRun is set to true
\o       ...successful.
\o compose simulator input file...
\o       ...successful.
\o WARNING (ADE-3080): Fast viewing extensions for PSF XL format (also known as RTSF) will be discontinued  
\o        and Virtuoso Visualization and Analysis XL will not use RTSF data to plot waveforms from IC6.1.8 ISR7 onward. 
\o        There will be no performance impact on data visualization due to this change.
\o [2026-04-09 10:02:40.920 Z] [PROCESS] [cadence.virtuoso.ade.services.netlister] - Current memory used: 711.2695 MBytes, peak memory used: 711.2695 MBytes {"hostname": "edatools", "processid": 146112, "testname": "PSS_VIN", "point": 4, "logfile": "/home/saul/projects/IL2244_VT26_SAUL/logs_saul/logs0/Service46.log"}
\o [2026-04-09 10:02:40.922 Z] [INFO] [cadence.virtuoso.ade.services.netlister] - Finished netlisting {"point": 4, "testname": "PSS_VIN"}
\o [2026-04-09 10:02:40.925 Z] [EVENT] [cadence.virtuoso.ade.services.netlister] - NewPoint {"point": 5, "testname": "PSS_VIN", "event": "NewPoint", "EventSource": "Netlist Service", "HistoryName": "Interactive.21", "logFile": "/home/saul/projects/IL2244_VT26_SAUL/logs_saul/logs0/Service46.log", "logFileSize": "18808"}
\o [2026-04-09 10:02:40.925 Z] [INFO] [cadence.virtuoso.ade.services.netlister] - Started netlisting {"point": 5, "testname": "PSS_VIN"}
\o Resetting statistical vars
\o 
\o *Info*    Setting parameter values ...
\o 
\o Setting var temperature = "85"
\o Setting temp(T) = 85
\o 
\o *Info*    Netlist Directory =
\o           /home/saul/projects/IL2244_VT26_SAUL/Sim/FECG/fecg_front_end_tb/maestro/results/maestro/Interactive.21/5/PSS_VIN/netlist
\o 
\o 
\o *Info*    Data Directory    =
\o           /home/saul/projects/IL2244_VT26_SAUL/Sim/FECG/fecg_front_end_tb/maestro/results/maestro/Interactive.21/5/PSS_VIN
\o 
\o Reusing AHDL Data dir
\o generate netlist...
\o function ansCdlCompPrim redefined
\o Ignoring netlist creation since ignoreDesignChangesDuringRun is set to true
\o       ...successful.
\o compose simulator input file...
\o       ...successful.
\o WARNING (ADE-3080): Fast viewing extensions for PSF XL format (also known as RTSF) will be discontinued  
\o        and Virtuoso Visualization and Analysis XL will not use RTSF data to plot waveforms from IC6.1.8 ISR7 onward. 
\o        There will be no performance impact on data visualization due to this change.
\o [2026-04-09 10:02:41.378 Z] [PROCESS] [cadence.virtuoso.ade.services.netlister] - Current memory used: 711.2695 MBytes, peak memory used: 711.2695 MBytes {"hostname": "edatools", "processid": 146112, "testname": "PSS_VIN", "point": 5, "logfile": "/home/saul/projects/IL2244_VT26_SAUL/logs_saul/logs0/Service46.log"}
\o [2026-04-09 10:02:41.379 Z] [INFO] [cadence.virtuoso.ade.services.netlister] - Finished netlisting {"point": 5, "testname": "PSS_VIN"}
\o [2026-04-09 10:02:41.379 Z] [EVENT] [cadence.virtuoso.ade.services.netlister] - NewPoint {"point": 6, "testname": "PSS_VIN", "event": "NewPoint", "EventSource": "Netlist Service", "HistoryName": "Interactive.21", "logFile": "/home/saul/projects/IL2244_VT26_SAUL/logs_saul/logs0/Service46.log", "logFileSize": "20768"}
\o [2026-04-09 10:02:41.379 Z] [INFO] [cadence.virtuoso.ade.services.netlister] - Started netlisting {"point": 6, "testname": "PSS_VIN"}
\o Resetting statistical vars
\o 
\o *Info*    Setting parameter values ...
\o 
\o Setting var temperature = "-40"
\o Setting temp(T) = -40
\o 
\o *Info*    Netlist Directory =
\o           /home/saul/projects/IL2244_VT26_SAUL/Sim/FECG/fecg_front_end_tb/maestro/results/maestro/Interactive.21/6/PSS_VIN/netlist
\o 
\o 
\o *Info*    Data Directory    =
\o           /home/saul/projects/IL2244_VT26_SAUL/Sim/FECG/fecg_front_end_tb/maestro/results/maestro/Interactive.21/6/PSS_VIN
\o 
\o Reusing AHDL Data dir
\o generate netlist...
\o function ansCdlCompPrim redefined
\o Ignoring netlist creation since ignoreDesignChangesDuringRun is set to true
\o       ...successful.
\o compose simulator input file...
\o       ...successful.
\o WARNING (ADE-3080): Fast viewing extensions for PSF XL format (also known as RTSF) will be discontinued  
\o        and Virtuoso Visualization and Analysis XL will not use RTSF data to plot waveforms from IC6.1.8 ISR7 onward. 
\o        There will be no performance impact on data visualization due to this change.
\o [2026-04-09 10:02:41.897 Z] [PROCESS] [cadence.virtuoso.ade.services.netlister] - Current memory used: 711.2695 MBytes, peak memory used: 711.2695 MBytes {"hostname": "edatools", "processid": 146112, "testname": "PSS_VIN", "point": 6, "logfile": "/home/saul/projects/IL2244_VT26_SAUL/logs_saul/logs0/Service46.log"}
\o [2026-04-09 10:02:41.897 Z] [INFO] [cadence.virtuoso.ade.services.netlister] - Finished netlisting {"point": 6, "testname": "PSS_VIN"}
\o [2026-04-09 10:02:41.898 Z] [EVENT] [cadence.virtuoso.ade.services.netlister] - NewPoint {"point": 7, "testname": "PSS_VIN", "event": "NewPoint", "EventSource": "Netlist Service", "HistoryName": "Interactive.21", "logFile": "/home/saul/projects/IL2244_VT26_SAUL/logs_saul/logs0/Service46.log", "logFileSize": "22730"}
\o [2026-04-09 10:02:41.898 Z] [INFO] [cadence.virtuoso.ade.services.netlister] - Started netlisting {"point": 7, "testname": "PSS_VIN"}
\o Resetting statistical vars
\o 
\o *Info*    Setting parameter values ...
\o 
\o Setting var temperature = "85"
\o Setting temp(T) = 85
\o 
\o *Info*    Netlist Directory =
\o           /home/saul/projects/IL2244_VT26_SAUL/Sim/FECG/fecg_front_end_tb/maestro/results/maestro/Interactive.21/7/PSS_VIN/netlist
\o 
\o 
\o *Info*    Data Directory    =
\o           /home/saul/projects/IL2244_VT26_SAUL/Sim/FECG/fecg_front_end_tb/maestro/results/maestro/Interactive.21/7/PSS_VIN
\o 
\o Reusing AHDL Data dir
\o generate netlist...
\# Available memory:         57,435 MB at UTC 2026.04.09 10:02:42.124
\# Memory report: Maximum memory size now 57,857 MB at UTC 2026.04.09 10:02:42.124
\# Thread usage report: 22 active threads, active load 1.40 at UTC 2026.04.09 10:02:42.124
\o function ansCdlCompPrim redefined
\o Ignoring netlist creation since ignoreDesignChangesDuringRun is set to true
\o       ...successful.
\o compose simulator input file...
\o       ...successful.
\o WARNING (ADE-3080): Fast viewing extensions for PSF XL format (also known as RTSF) will be discontinued  
\o        and Virtuoso Visualization and Analysis XL will not use RTSF data to plot waveforms from IC6.1.8 ISR7 onward. 
\o        There will be no performance impact on data visualization due to this change.
\o [2026-04-09 10:02:42.229 Z] [PROCESS] [cadence.virtuoso.ade.services.netlister] - Current memory used: 711.2695 MBytes, peak memory used: 711.2695 MBytes {"hostname": "edatools", "processid": 146112, "testname": "PSS_VIN", "point": 7, "logfile": "/home/saul/projects/IL2244_VT26_SAUL/logs_saul/logs0/Service46.log"}
\o [2026-04-09 10:02:42.230 Z] [INFO] [cadence.virtuoso.ade.services.netlister] - Finished netlisting {"point": 7, "testname": "PSS_VIN"}
\o [2026-04-09 10:02:42.231 Z] [EVENT] [cadence.virtuoso.ade.services.netlister] - NewPoint {"point": 8, "testname": "PSS_VIN", "event": "NewPoint", "EventSource": "Netlist Service", "HistoryName": "Interactive.21", "logFile": "/home/saul/projects/IL2244_VT26_SAUL/logs_saul/logs0/Service46.log", "logFileSize": "24934"}
\o [2026-04-09 10:02:42.231 Z] [INFO] [cadence.virtuoso.ade.services.netlister] - Started netlisting {"point": 8, "testname": "PSS_VIN"}
\o Resetting statistical vars
\o 
\o *Info*    Setting parameter values ...
\o 
\o Setting var temperature = "-40"
\o Setting temp(T) = -40
\o 
\o *Info*    Netlist Directory =
\o           /home/saul/projects/IL2244_VT26_SAUL/Sim/FECG/fecg_front_end_tb/maestro/results/maestro/Interactive.21/8/PSS_VIN/netlist
\o 
\o 
\o *Info*    Data Directory    =
\o           /home/saul/projects/IL2244_VT26_SAUL/Sim/FECG/fecg_front_end_tb/maestro/results/maestro/Interactive.21/8/PSS_VIN
\o 
\o Reusing AHDL Data dir
\o generate netlist...
\o function ansCdlCompPrim redefined
\o Ignoring netlist creation since ignoreDesignChangesDuringRun is set to true
\o       ...successful.
\o compose simulator input file...
\o       ...successful.
\o WARNING (ADE-3080): Fast viewing extensions for PSF XL format (also known as RTSF) will be discontinued  
\o        and Virtuoso Visualization and Analysis XL will not use RTSF data to plot waveforms from IC6.1.8 ISR7 onward. 
\o        There will be no performance impact on data visualization due to this change.
\o [2026-04-09 10:02:42.533 Z] [PROCESS] [cadence.virtuoso.ade.services.netlister] - Current memory used: 711.2695 MBytes, peak memory used: 711.2695 MBytes {"hostname": "edatools", "processid": 146112, "testname": "PSS_VIN", "point": 8, "logfile": "/home/saul/projects/IL2244_VT26_SAUL/logs_saul/logs0/Service46.log"}
\o [2026-04-09 10:02:42.533 Z] [INFO] [cadence.virtuoso.ade.services.netlister] - Finished netlisting {"point": 8, "testname": "PSS_VIN"}
\o [2026-04-09 10:02:42.534 Z] [EVENT] [cadence.virtuoso.ade.services.netlister] - NewPoint {"point": 9, "testname": "PSS_VIN", "event": "NewPoint", "EventSource": "Netlist Service", "HistoryName": "Interactive.21", "logFile": "/home/saul/projects/IL2244_VT26_SAUL/logs_saul/logs0/Service46.log", "logFileSize": "26896"}
\o [2026-04-09 10:02:42.534 Z] [INFO] [cadence.virtuoso.ade.services.netlister] - Started netlisting {"point": 9, "testname": "PSS_VIN"}
\o Resetting statistical vars
\o 
\o *Info*    Setting parameter values ...
\o 
\o Setting var temperature = "85"
\o Setting temp(T) = 85
\o 
\o *Info*    Netlist Directory =
\o           /home/saul/projects/IL2244_VT26_SAUL/Sim/FECG/fecg_front_end_tb/maestro/results/maestro/Interactive.21/9/PSS_VIN/netlist
\o 
\o 
\o *Info*    Data Directory    =
\o           /home/saul/projects/IL2244_VT26_SAUL/Sim/FECG/fecg_front_end_tb/maestro/results/maestro/Interactive.21/9/PSS_VIN
\o 
\o Reusing AHDL Data dir
\o generate netlist...
\o function ansCdlCompPrim redefined
\o Ignoring netlist creation since ignoreDesignChangesDuringRun is set to true
\o       ...successful.
\o compose simulator input file...
\o       ...successful.
\o WARNING (ADE-3080): Fast viewing extensions for PSF XL format (also known as RTSF) will be discontinued  
\o        and Virtuoso Visualization and Analysis XL will not use RTSF data to plot waveforms from IC6.1.8 ISR7 onward. 
\o        There will be no performance impact on data visualization due to this change.
\o [2026-04-09 10:02:43.409 Z] [PROCESS] [cadence.virtuoso.ade.services.netlister] - Current memory used: 711.2695 MBytes, peak memory used: 711.2695 MBytes {"hostname": "edatools", "processid": 146112, "testname": "PSS_VIN", "point": 9, "logfile": "/home/saul/projects/IL2244_VT26_SAUL/logs_saul/logs0/Service46.log"}
\o [2026-04-09 10:02:43.411 Z] [INFO] [cadence.virtuoso.ade.services.netlister] - Finished netlisting {"point": 9, "testname": "PSS_VIN"}
\o [2026-04-09 10:02:43.416 Z] [EVENT] [cadence.virtuoso.ade.services.netlister] - NewPoint {"point": 10, "testname": "PSS_VIN", "event": "NewPoint", "EventSource": "Netlist Service", "HistoryName": "Interactive.21", "logFile": "/home/saul/projects/IL2244_VT26_SAUL/logs_saul/logs0/Service46.log", "logFileSize": "28856"}
\o [2026-04-09 10:02:43.417 Z] [INFO] [cadence.virtuoso.ade.services.netlister] - Started netlisting {"point": 10, "testname": "PSS_VIN"}
\o Resetting statistical vars
\o 
\o *Info*    Setting parameter values ...
\o 
\o Setting var temperature = "-40"
\o Setting temp(T) = -40
\o 
\o *Info*    Netlist Directory =
\o           /home/saul/projects/IL2244_VT26_SAUL/Sim/FECG/fecg_front_end_tb/maestro/results/maestro/Interactive.21/10/PSS_VIN/netlist
\o 
\o 
\o *Info*    Data Directory    =
\o           /home/saul/projects/IL2244_VT26_SAUL/Sim/FECG/fecg_front_end_tb/maestro/results/maestro/Interactive.21/10/PSS_VIN
\o 
\o Reusing AHDL Data dir
\o generate netlist...
\o function ansCdlCompPrim redefined
\o Ignoring netlist creation since ignoreDesignChangesDuringRun is set to true
\o       ...successful.
\o compose simulator input file...
\o       ...successful.
\o WARNING (ADE-3080): Fast viewing extensions for PSF XL format (also known as RTSF) will be discontinued  
\o        and Virtuoso Visualization and Analysis XL will not use RTSF data to plot waveforms from IC6.1.8 ISR7 onward. 
\o        There will be no performance impact on data visualization due to this change.
\o [2026-04-09 10:02:45.464 Z] [PROCESS] [cadence.virtuoso.ade.services.netlister] - Current memory used: 711.2695 MBytes, peak memory used: 711.2695 MBytes {"hostname": "edatools", "processid": 146112, "testname": "PSS_VIN", "point": 10, "logfile": "/home/saul/projects/IL2244_VT26_SAUL/logs_saul/logs0/Service46.log"}
\o [2026-04-09 10:02:45.465 Z] [INFO] [cadence.virtuoso.ade.services.netlister] - Finished netlisting {"point": 10, "testname": "PSS_VIN"}
\o [2026-04-09 10:02:45.468 Z] [EVENT] [cadence.virtuoso.ade.services.netlister] - NewPoint {"point": 11, "testname": "PSS_VIN", "event": "NewPoint", "EventSource": "Netlist Service", "HistoryName": "Interactive.21", "logFile": "/home/saul/projects/IL2244_VT26_SAUL/logs_saul/logs0/Service46.log", "logFileSize": "30824"}
\o [2026-04-09 10:02:45.468 Z] [INFO] [cadence.virtuoso.ade.services.netlister] - Started netlisting {"point": 11, "testname": "PSS_VIN"}
\o Resetting statistical vars
\o 
\o *Info*    Setting parameter values ...
\o 
\o Setting var temperature = "85"
\o Setting temp(T) = 85
\o 
\o *Info*    Netlist Directory =
\o           /home/saul/projects/IL2244_VT26_SAUL/Sim/FECG/fecg_front_end_tb/maestro/results/maestro/Interactive.21/11/PSS_VIN/netlist
\o 
\o 
\o *Info*    Data Directory    =
\o           /home/saul/projects/IL2244_VT26_SAUL/Sim/FECG/fecg_front_end_tb/maestro/results/maestro/Interactive.21/11/PSS_VIN
\o 
\o Reusing AHDL Data dir
\o generate netlist...
\o function ansCdlCompPrim redefined
\o Ignoring netlist creation since ignoreDesignChangesDuringRun is set to true
\o       ...successful.
\o compose simulator input file...
\o       ...successful.
\o WARNING (ADE-3080): Fast viewing extensions for PSF XL format (also known as RTSF) will be discontinued  
\o        and Virtuoso Visualization and Analysis XL will not use RTSF data to plot waveforms from IC6.1.8 ISR7 onward. 
\o        There will be no performance impact on data visualization due to this change.
\o [2026-04-09 10:02:46.263 Z] [PROCESS] [cadence.virtuoso.ade.services.netlister] - Current memory used: 711.2695 MBytes, peak memory used: 711.2695 MBytes {"hostname": "edatools", "processid": 146112, "testname": "PSS_VIN", "point": 11, "logfile": "/home/saul/projects/IL2244_VT26_SAUL/logs_saul/logs0/Service46.log"}
\o [2026-04-09 10:02:46.263 Z] [INFO] [cadence.virtuoso.ade.services.netlister] - Finished netlisting {"point": 11, "testname": "PSS_VIN"}
\o [2026-04-09 10:02:46.265 Z] [EVENT] [cadence.virtuoso.ade.services.netlister] - NewPoint {"point": 12, "testname": "PSS_VIN", "event": "NewPoint", "EventSource": "Netlist Service", "HistoryName": "Interactive.21", "logFile": "/home/saul/projects/IL2244_VT26_SAUL/logs_saul/logs0/Service46.log", "logFileSize": "32790"}
\o [2026-04-09 10:02:46.265 Z] [INFO] [cadence.virtuoso.ade.services.netlister] - Started netlisting {"point": 12, "testname": "PSS_VIN"}
\o Resetting statistical vars
\o 
\o *Info*    Setting parameter values ...
\o 
\o Setting var temperature = "-40"
\o Setting temp(T) = -40
\o 
\o *Info*    Netlist Directory =
\o           /home/saul/projects/IL2244_VT26_SAUL/Sim/FECG/fecg_front_end_tb/maestro/results/maestro/Interactive.21/12/PSS_VIN/netlist
\o 
\o 
\o *Info*    Data Directory    =
\o           /home/saul/projects/IL2244_VT26_SAUL/Sim/FECG/fecg_front_end_tb/maestro/results/maestro/Interactive.21/12/PSS_VIN
\o 
\o Reusing AHDL Data dir
\o generate netlist...
\o function ansCdlCompPrim redefined
\o Ignoring netlist creation since ignoreDesignChangesDuringRun is set to true
\o       ...successful.
\o compose simulator input file...
\o       ...successful.
\o WARNING (ADE-3080): Fast viewing extensions for PSF XL format (also known as RTSF) will be discontinued  
\o        and Virtuoso Visualization and Analysis XL will not use RTSF data to plot waveforms from IC6.1.8 ISR7 onward. 
\o        There will be no performance impact on data visualization due to this change.
\o [2026-04-09 10:02:48.133 Z] [PROCESS] [cadence.virtuoso.ade.services.netlister] - Current memory used: 711.2695 MBytes, peak memory used: 711.2695 MBytes {"hostname": "edatools", "processid": 146112, "testname": "PSS_VIN", "point": 12, "logfile": "/home/saul/projects/IL2244_VT26_SAUL/logs_saul/logs0/Service46.log"}
\o [2026-04-09 10:02:48.133 Z] [INFO] [cadence.virtuoso.ade.services.netlister] - Finished netlisting {"point": 12, "testname": "PSS_VIN"}
\o [2026-04-09 10:02:48.134 Z] [EVENT] [cadence.virtuoso.ade.services.netlister] - NewPoint {"point": 13, "testname": "PSS_VIN", "event": "NewPoint", "EventSource": "Netlist Service", "HistoryName": "Interactive.21", "logFile": "/home/saul/projects/IL2244_VT26_SAUL/logs_saul/logs0/Service46.log", "logFileSize": "34758"}
\o [2026-04-09 10:02:48.134 Z] [INFO] [cadence.virtuoso.ade.services.netlister] - Started netlisting {"point": 13, "testname": "PSS_VIN"}
\o Resetting statistical vars
\o 
\o *Info*    Setting parameter values ...
\o 
\o Setting var temperature = "85"
\o Setting temp(T) = 85
\o 
\o *Info*    Netlist Directory =
\o           /home/saul/projects/IL2244_VT26_SAUL/Sim/FECG/fecg_front_end_tb/maestro/results/maestro/Interactive.21/13/PSS_VIN/netlist
\o 
\o 
\o *Info*    Data Directory    =
\o           /home/saul/projects/IL2244_VT26_SAUL/Sim/FECG/fecg_front_end_tb/maestro/results/maestro/Interactive.21/13/PSS_VIN
\o 
\o Reusing AHDL Data dir
\o generate netlist...
\o function ansCdlCompPrim redefined
\o Ignoring netlist creation since ignoreDesignChangesDuringRun is set to true
\o       ...successful.
\o compose simulator input file...
\o       ...successful.
\o WARNING (ADE-3080): Fast viewing extensions for PSF XL format (also known as RTSF) will be discontinued  
\o        and Virtuoso Visualization and Analysis XL will not use RTSF data to plot waveforms from IC6.1.8 ISR7 onward. 
\o        There will be no performance impact on data visualization due to this change.
\o [2026-04-09 10:02:48.531 Z] [PROCESS] [cadence.virtuoso.ade.services.netlister] - Current memory used: 711.2695 MBytes, peak memory used: 711.2695 MBytes {"hostname": "edatools", "processid": 146112, "testname": "PSS_VIN", "point": 13, "logfile": "/home/saul/projects/IL2244_VT26_SAUL/logs_saul/logs0/Service46.log"}
\o [2026-04-09 10:02:48.532 Z] [INFO] [cadence.virtuoso.ade.services.netlister] - Finished netlisting {"point": 13, "testname": "PSS_VIN"}
\o [2026-04-09 10:02:48.533 Z] [EVENT] [cadence.virtuoso.ade.services.netlister] - NewPoint {"point": 14, "testname": "PSS_VIN", "event": "NewPoint", "EventSource": "Netlist Service", "HistoryName": "Interactive.21", "logFile": "/home/saul/projects/IL2244_VT26_SAUL/logs_saul/logs0/Service46.log", "logFileSize": "36724"}
\o [2026-04-09 10:02:48.533 Z] [INFO] [cadence.virtuoso.ade.services.netlister] - Started netlisting {"point": 14, "testname": "PSS_VIN"}
\o Resetting statistical vars
\o 
\o *Info*    Setting parameter values ...
\o 
\o Setting var temperature = "-40"
\o Setting temp(T) = -40
\o 
\o *Info*    Netlist Directory =
\o           /home/saul/projects/IL2244_VT26_SAUL/Sim/FECG/fecg_front_end_tb/maestro/results/maestro/Interactive.21/14/PSS_VIN/netlist
\o 
\o 
\o *Info*    Data Directory    =
\o           /home/saul/projects/IL2244_VT26_SAUL/Sim/FECG/fecg_front_end_tb/maestro/results/maestro/Interactive.21/14/PSS_VIN
\o 
\o Reusing AHDL Data dir
\o generate netlist...
\o function ansCdlCompPrim redefined
\o Ignoring netlist creation since ignoreDesignChangesDuringRun is set to true
\o       ...successful.
\o compose simulator input file...
\o       ...successful.
\o WARNING (ADE-3080): Fast viewing extensions for PSF XL format (also known as RTSF) will be discontinued  
\o        and Virtuoso Visualization and Analysis XL will not use RTSF data to plot waveforms from IC6.1.8 ISR7 onward. 
\o        There will be no performance impact on data visualization due to this change.
\o [2026-04-09 10:02:49.150 Z] [PROCESS] [cadence.virtuoso.ade.services.netlister] - Current memory used: 711.2695 MBytes, peak memory used: 711.2695 MBytes {"hostname": "edatools", "processid": 146112, "testname": "PSS_VIN", "point": 14, "logfile": "/home/saul/projects/IL2244_VT26_SAUL/logs_saul/logs0/Service46.log"}
\o [2026-04-09 10:02:49.151 Z] [INFO] [cadence.virtuoso.ade.services.netlister] - Finished netlisting {"point": 14, "testname": "PSS_VIN"}
\o [2026-04-09 10:02:49.152 Z] [EVENT] [cadence.virtuoso.ade.services.netlister] - NewPoint {"point": 15, "testname": "PSS_VIN", "event": "NewPoint", "EventSource": "Netlist Service", "HistoryName": "Interactive.21", "logFile": "/home/saul/projects/IL2244_VT26_SAUL/logs_saul/logs0/Service46.log", "logFileSize": "38692"}
\o [2026-04-09 10:02:49.153 Z] [INFO] [cadence.virtuoso.ade.services.netlister] - Started netlisting {"point": 15, "testname": "PSS_VIN"}
\o Resetting statistical vars
\o 
\o *Info*    Setting parameter values ...
\o 
\o Setting var temperature = "85"
\o Setting temp(T) = 85
\o 
\o *Info*    Netlist Directory =
\o           /home/saul/projects/IL2244_VT26_SAUL/Sim/FECG/fecg_front_end_tb/maestro/results/maestro/Interactive.21/15/PSS_VIN/netlist
\o 
\o 
\o *Info*    Data Directory    =
\o           /home/saul/projects/IL2244_VT26_SAUL/Sim/FECG/fecg_front_end_tb/maestro/results/maestro/Interactive.21/15/PSS_VIN
\o 
\o Reusing AHDL Data dir
\o generate netlist...
\o function ansCdlCompPrim redefined
\o Ignoring netlist creation since ignoreDesignChangesDuringRun is set to true
\o       ...successful.
\o compose simulator input file...
\o       ...successful.
\o WARNING (ADE-3080): Fast viewing extensions for PSF XL format (also known as RTSF) will be discontinued  
\o        and Virtuoso Visualization and Analysis XL will not use RTSF data to plot waveforms from IC6.1.8 ISR7 onward. 
\o        There will be no performance impact on data visualization due to this change.
\o [2026-04-09 10:02:51.569 Z] [PROCESS] [cadence.virtuoso.ade.services.netlister] - Current memory used: 711.2695 MBytes, peak memory used: 711.2695 MBytes {"hostname": "edatools", "processid": 146112, "testname": "PSS_VIN", "point": 15, "logfile": "/home/saul/projects/IL2244_VT26_SAUL/logs_saul/logs0/Service46.log"}
\o [2026-04-09 10:02:51.569 Z] [INFO] [cadence.virtuoso.ade.services.netlister] - Finished netlisting {"point": 15, "testname": "PSS_VIN"}
\o [2026-04-09 10:02:51.571 Z] [EVENT] [cadence.virtuoso.ade.services.netlister] - NewPoint {"point": 16, "testname": "PSS_VIN", "event": "NewPoint", "EventSource": "Netlist Service", "HistoryName": "Interactive.21", "logFile": "/home/saul/projects/IL2244_VT26_SAUL/logs_saul/logs0/Service46.log", "logFileSize": "40658"}
\o [2026-04-09 10:02:51.571 Z] [INFO] [cadence.virtuoso.ade.services.netlister] - Started netlisting {"point": 16, "testname": "PSS_VIN"}
\# Memory report: Maximum memory size now 56,203 MB at UTC 2026.04.09 10:02:52.717
\o Resetting statistical vars
\o 
\o *Info*    Setting parameter values ...
\o 
\o Setting var temperature = "-40"
\o Setting temp(T) = -40
\o 
\o *Info*    Netlist Directory =
\o           /home/saul/projects/IL2244_VT26_SAUL/Sim/FECG/fecg_front_end_tb/maestro/results/maestro/Interactive.21/16/PSS_VIN/netlist
\o 
\o 
\o *Info*    Data Directory    =
\o           /home/saul/projects/IL2244_VT26_SAUL/Sim/FECG/fecg_front_end_tb/maestro/results/maestro/Interactive.21/16/PSS_VIN
\o 
\o Reusing AHDL Data dir
\o generate netlist...
\o function ansCdlCompPrim redefined
\o Ignoring netlist creation since ignoreDesignChangesDuringRun is set to true
\o       ...successful.
\o compose simulator input file...
\o       ...successful.
\o WARNING (ADE-3080): Fast viewing extensions for PSF XL format (also known as RTSF) will be discontinued  
\o        and Virtuoso Visualization and Analysis XL will not use RTSF data to plot waveforms from IC6.1.8 ISR7 onward. 
\o        There will be no performance impact on data visualization due to this change.
\o [2026-04-09 10:02:53.362 Z] [PROCESS] [cadence.virtuoso.ade.services.netlister] - Current memory used: 711.2695 MBytes, peak memory used: 711.2695 MBytes {"hostname": "edatools", "processid": 146112, "testname": "PSS_VIN", "point": 16, "logfile": "/home/saul/projects/IL2244_VT26_SAUL/logs_saul/logs0/Service46.log"}
\o [2026-04-09 10:02:53.364 Z] [INFO] [cadence.virtuoso.ade.services.netlister] - Finished netlisting {"point": 16, "testname": "PSS_VIN"}
\o [2026-04-09 10:02:53.366 Z] [EVENT] [cadence.virtuoso.ade.services.netlister] - NewPoint {"point": 17, "testname": "PSS_VIN", "event": "NewPoint", "EventSource": "Netlist Service", "HistoryName": "Interactive.21", "logFile": "/home/saul/projects/IL2244_VT26_SAUL/logs_saul/logs0/Service46.log", "logFileSize": "42709"}
\o [2026-04-09 10:02:53.367 Z] [INFO] [cadence.virtuoso.ade.services.netlister] - Started netlisting {"point": 17, "testname": "PSS_VIN"}
\o Resetting statistical vars
\o 
\o *Info*    Setting parameter values ...
\o 
\o Setting var temperature = "85"
\o Setting temp(T) = 85
\o 
\o *Info*    Netlist Directory =
\o           /home/saul/projects/IL2244_VT26_SAUL/Sim/FECG/fecg_front_end_tb/maestro/results/maestro/Interactive.21/17/PSS_VIN/netlist
\o 
\o 
\o *Info*    Data Directory    =
\o           /home/saul/projects/IL2244_VT26_SAUL/Sim/FECG/fecg_front_end_tb/maestro/results/maestro/Interactive.21/17/PSS_VIN
\o 
\o Reusing AHDL Data dir
\o generate netlist...
\o function ansCdlCompPrim redefined
\o Ignoring netlist creation since ignoreDesignChangesDuringRun is set to true
\o       ...successful.
\o compose simulator input file...
\o       ...successful.
\o WARNING (ADE-3080): Fast viewing extensions for PSF XL format (also known as RTSF) will be discontinued  
\o        and Virtuoso Visualization and Analysis XL will not use RTSF data to plot waveforms from IC6.1.8 ISR7 onward. 
\o        There will be no performance impact on data visualization due to this change.
\o [2026-04-09 10:02:54.520 Z] [PROCESS] [cadence.virtuoso.ade.services.netlister] - Current memory used: 711.2695 MBytes, peak memory used: 711.2695 MBytes {"hostname": "edatools", "processid": 146112, "testname": "PSS_VIN", "point": 17, "logfile": "/home/saul/projects/IL2244_VT26_SAUL/logs_saul/logs0/Service46.log"}
\o [2026-04-09 10:02:54.521 Z] [INFO] [cadence.virtuoso.ade.services.netlister] - Finished netlisting {"point": 17, "testname": "PSS_VIN"}
\o [2026-04-09 10:02:54.522 Z] [EVENT] [cadence.virtuoso.ade.services.netlister] - NewPoint {"point": 18, "testname": "PSS_VIN", "event": "NewPoint", "EventSource": "Netlist Service", "HistoryName": "Interactive.21", "logFile": "/home/saul/projects/IL2244_VT26_SAUL/logs_saul/logs0/Service46.log", "logFileSize": "44675"}
\o [2026-04-09 10:02:54.522 Z] [INFO] [cadence.virtuoso.ade.services.netlister] - Started netlisting {"point": 18, "testname": "PSS_VIN"}
\o Resetting statistical vars
\o 
\o *Info*    Setting parameter values ...
\o 
\o Setting var temperature = "-40"
\o Setting temp(T) = -40
\o 
\o *Info*    Netlist Directory =
\o           /home/saul/projects/IL2244_VT26_SAUL/Sim/FECG/fecg_front_end_tb/maestro/results/maestro/Interactive.21/18/PSS_VIN/netlist
\o 
\o 
\o *Info*    Data Directory    =
\o           /home/saul/projects/IL2244_VT26_SAUL/Sim/FECG/fecg_front_end_tb/maestro/results/maestro/Interactive.21/18/PSS_VIN
\o 
\o Reusing AHDL Data dir
\o generate netlist...
\o function ansCdlCompPrim redefined
\o Ignoring netlist creation since ignoreDesignChangesDuringRun is set to true
\o       ...successful.
\o compose simulator input file...
\o       ...successful.
\o WARNING (ADE-3080): Fast viewing extensions for PSF XL format (also known as RTSF) will be discontinued  
\o        and Virtuoso Visualization and Analysis XL will not use RTSF data to plot waveforms from IC6.1.8 ISR7 onward. 
\o        There will be no performance impact on data visualization due to this change.
\o [2026-04-09 10:02:54.862 Z] [PROCESS] [cadence.virtuoso.ade.services.netlister] - Current memory used: 711.2695 MBytes, peak memory used: 711.2695 MBytes {"hostname": "edatools", "processid": 146112, "testname": "PSS_VIN", "point": 18, "logfile": "/home/saul/projects/IL2244_VT26_SAUL/logs_saul/logs0/Service46.log"}
\o [2026-04-09 10:02:54.862 Z] [INFO] [cadence.virtuoso.ade.services.netlister] - Finished netlisting {"point": 18, "testname": "PSS_VIN"}
\o [2026-04-09 10:02:54.863 Z] [EVENT] [cadence.virtuoso.ade.services.netlister] - NewPoint {"point": 19, "testname": "PSS_VIN", "event": "NewPoint", "EventSource": "Netlist Service", "HistoryName": "Interactive.21", "logFile": "/home/saul/projects/IL2244_VT26_SAUL/logs_saul/logs0/Service46.log", "logFileSize": "46643"}
\o [2026-04-09 10:02:54.863 Z] [INFO] [cadence.virtuoso.ade.services.netlister] - Started netlisting {"point": 19, "testname": "PSS_VIN"}
\o Resetting statistical vars
\o 
\o *Info*    Setting parameter values ...
\o 
\o Setting var temperature = "85"
\o Setting temp(T) = 85
\o 
\o *Info*    Netlist Directory =
\o           /home/saul/projects/IL2244_VT26_SAUL/Sim/FECG/fecg_front_end_tb/maestro/results/maestro/Interactive.21/19/PSS_VIN/netlist
\o 
\o 
\o *Info*    Data Directory    =
\o           /home/saul/projects/IL2244_VT26_SAUL/Sim/FECG/fecg_front_end_tb/maestro/results/maestro/Interactive.21/19/PSS_VIN
\o 
\o Reusing AHDL Data dir
\o generate netlist...
\o function ansCdlCompPrim redefined
\o Ignoring netlist creation since ignoreDesignChangesDuringRun is set to true
\o       ...successful.
\o compose simulator input file...
\o       ...successful.
\o WARNING (ADE-3080): Fast viewing extensions for PSF XL format (also known as RTSF) will be discontinued  
\o        and Virtuoso Visualization and Analysis XL will not use RTSF data to plot waveforms from IC6.1.8 ISR7 onward. 
\o        There will be no performance impact on data visualization due to this change.
\o [2026-04-09 10:02:55.163 Z] [PROCESS] [cadence.virtuoso.ade.services.netlister] - Current memory used: 711.2695 MBytes, peak memory used: 711.2695 MBytes {"hostname": "edatools", "processid": 146112, "testname": "PSS_VIN", "point": 19, "logfile": "/home/saul/projects/IL2244_VT26_SAUL/logs_saul/logs0/Service46.log"}
\o [2026-04-09 10:02:55.163 Z] [INFO] [cadence.virtuoso.ade.services.netlister] - Finished netlisting {"point": 19, "testname": "PSS_VIN"}
\o [2026-04-09 10:02:55.164 Z] [EVENT] [cadence.virtuoso.ade.services.netlister] - NewPoint {"point": 20, "testname": "PSS_VIN", "event": "NewPoint", "EventSource": "Netlist Service", "HistoryName": "Interactive.21", "logFile": "/home/saul/projects/IL2244_VT26_SAUL/logs_saul/logs0/Service46.log", "logFileSize": "48609"}
\o [2026-04-09 10:02:55.164 Z] [INFO] [cadence.virtuoso.ade.services.netlister] - Started netlisting {"point": 20, "testname": "PSS_VIN"}
\o Resetting statistical vars
\o 
\o *Info*    Setting parameter values ...
\o 
\o Setting var temperature = "-40"
\o Setting temp(T) = -40
\o 
\o *Info*    Netlist Directory =
\o           /home/saul/projects/IL2244_VT26_SAUL/Sim/FECG/fecg_front_end_tb/maestro/results/maestro/Interactive.21/20/PSS_VIN/netlist
\o 
\o 
\o *Info*    Data Directory    =
\o           /home/saul/projects/IL2244_VT26_SAUL/Sim/FECG/fecg_front_end_tb/maestro/results/maestro/Interactive.21/20/PSS_VIN
\o 
\o Reusing AHDL Data dir
\o generate netlist...
\o function ansCdlCompPrim redefined
\o Ignoring netlist creation since ignoreDesignChangesDuringRun is set to true
\o       ...successful.
\o compose simulator input file...
\o       ...successful.
\o WARNING (ADE-3080): Fast viewing extensions for PSF XL format (also known as RTSF) will be discontinued  
\o        and Virtuoso Visualization and Analysis XL will not use RTSF data to plot waveforms from IC6.1.8 ISR7 onward. 
\o        There will be no performance impact on data visualization due to this change.
\o [2026-04-09 10:02:55.464 Z] [PROCESS] [cadence.virtuoso.ade.services.netlister] - Current memory used: 711.2695 MBytes, peak memory used: 711.2695 MBytes {"hostname": "edatools", "processid": 146112, "testname": "PSS_VIN", "point": 20, "logfile": "/home/saul/projects/IL2244_VT26_SAUL/logs_saul/logs0/Service46.log"}
\o [2026-04-09 10:02:55.464 Z] [INFO] [cadence.virtuoso.ade.services.netlister] - Finished netlisting {"point": 20, "testname": "PSS_VIN"}
\o [2026-04-09 10:02:55.465 Z] [EVENT] [cadence.virtuoso.ade.services.netlister] - NewPoint {"point": 21, "testname": "PSS_VIN", "event": "NewPoint", "EventSource": "Netlist Service", "HistoryName": "Interactive.21", "logFile": "/home/saul/projects/IL2244_VT26_SAUL/logs_saul/logs0/Service46.log", "logFileSize": "50577"}
\o [2026-04-09 10:02:55.465 Z] [INFO] [cadence.virtuoso.ade.services.netlister] - Started netlisting {"point": 21, "testname": "PSS_VIN"}
\o Resetting statistical vars
\o 
\o *Info*    Setting parameter values ...
\o 
\o Setting var temperature = "85"
\o Setting temp(T) = 85
\o 
\o *Info*    Netlist Directory =
\o           /home/saul/projects/IL2244_VT26_SAUL/Sim/FECG/fecg_front_end_tb/maestro/results/maestro/Interactive.21/21/PSS_VIN/netlist
\o 
\o 
\o *Info*    Data Directory    =
\o           /home/saul/projects/IL2244_VT26_SAUL/Sim/FECG/fecg_front_end_tb/maestro/results/maestro/Interactive.21/21/PSS_VIN
\o 
\o Reusing AHDL Data dir
\o generate netlist...
\o function ansCdlCompPrim redefined
\o Ignoring netlist creation since ignoreDesignChangesDuringRun is set to true
\o       ...successful.
\o compose simulator input file...
\o       ...successful.
\o WARNING (ADE-3080): Fast viewing extensions for PSF XL format (also known as RTSF) will be discontinued  
\o        and Virtuoso Visualization and Analysis XL will not use RTSF data to plot waveforms from IC6.1.8 ISR7 onward. 
\o        There will be no performance impact on data visualization due to this change.
\o [2026-04-09 10:02:55.762 Z] [PROCESS] [cadence.virtuoso.ade.services.netlister] - Current memory used: 711.2695 MBytes, peak memory used: 711.2695 MBytes {"hostname": "edatools", "processid": 146112, "testname": "PSS_VIN", "point": 21, "logfile": "/home/saul/projects/IL2244_VT26_SAUL/logs_saul/logs0/Service46.log"}
\o [2026-04-09 10:02:55.763 Z] [INFO] [cadence.virtuoso.ade.services.netlister] - Finished netlisting {"point": 21, "testname": "PSS_VIN"}
\o [2026-04-09 10:02:55.764 Z] [EVENT] [cadence.virtuoso.ade.services.netlister] - NewPoint {"point": 22, "testname": "PSS_VIN", "event": "NewPoint", "EventSource": "Netlist Service", "HistoryName": "Interactive.21", "logFile": "/home/saul/projects/IL2244_VT26_SAUL/logs_saul/logs0/Service46.log", "logFileSize": "52543"}
\o [2026-04-09 10:02:55.764 Z] [INFO] [cadence.virtuoso.ade.services.netlister] - Started netlisting {"point": 22, "testname": "PSS_VIN"}
\o Resetting statistical vars
\o 
\o *Info*    Setting parameter values ...
\o 
\o Setting var temperature = "-40"
\o Setting temp(T) = -40
\o 
\o *Info*    Netlist Directory =
\o           /home/saul/projects/IL2244_VT26_SAUL/Sim/FECG/fecg_front_end_tb/maestro/results/maestro/Interactive.21/22/PSS_VIN/netlist
\o 
\o 
\o *Info*    Data Directory    =
\o           /home/saul/projects/IL2244_VT26_SAUL/Sim/FECG/fecg_front_end_tb/maestro/results/maestro/Interactive.21/22/PSS_VIN
\o 
\o Reusing AHDL Data dir
\o generate netlist...
\o function ansCdlCompPrim redefined
\o Ignoring netlist creation since ignoreDesignChangesDuringRun is set to true
\o       ...successful.
\o compose simulator input file...
\o       ...successful.
\o WARNING (ADE-3080): Fast viewing extensions for PSF XL format (also known as RTSF) will be discontinued  
\o        and Virtuoso Visualization and Analysis XL will not use RTSF data to plot waveforms from IC6.1.8 ISR7 onward. 
\o        There will be no performance impact on data visualization due to this change.
\o [2026-04-09 10:02:56.073 Z] [PROCESS] [cadence.virtuoso.ade.services.netlister] - Current memory used: 711.2695 MBytes, peak memory used: 711.2695 MBytes {"hostname": "edatools", "processid": 146112, "testname": "PSS_VIN", "point": 22, "logfile": "/home/saul/projects/IL2244_VT26_SAUL/logs_saul/logs0/Service46.log"}
\o [2026-04-09 10:02:56.073 Z] [INFO] [cadence.virtuoso.ade.services.netlister] - Finished netlisting {"point": 22, "testname": "PSS_VIN"}
\o [2026-04-09 10:02:56.074 Z] [EVENT] [cadence.virtuoso.ade.services.netlister] - NewPoint {"point": 23, "testname": "PSS_VIN", "event": "NewPoint", "EventSource": "Netlist Service", "HistoryName": "Interactive.21", "logFile": "/home/saul/projects/IL2244_VT26_SAUL/logs_saul/logs0/Service46.log", "logFileSize": "54511"}
\o [2026-04-09 10:02:56.074 Z] [INFO] [cadence.virtuoso.ade.services.netlister] - Started netlisting {"point": 23, "testname": "PSS_VIN"}
\o Resetting statistical vars
\o 
\o *Info*    Setting parameter values ...
\o 
\o Setting var temperature = "85"
\o Setting temp(T) = 85
\o 
\o *Info*    Netlist Directory =
\o           /home/saul/projects/IL2244_VT26_SAUL/Sim/FECG/fecg_front_end_tb/maestro/results/maestro/Interactive.21/23/PSS_VIN/netlist
\o 
\o 
\o *Info*    Data Directory    =
\o           /home/saul/projects/IL2244_VT26_SAUL/Sim/FECG/fecg_front_end_tb/maestro/results/maestro/Interactive.21/23/PSS_VIN
\o 
\o Reusing AHDL Data dir
\o generate netlist...
\o function ansCdlCompPrim redefined
\o Ignoring netlist creation since ignoreDesignChangesDuringRun is set to true
\o       ...successful.
\o compose simulator input file...
\o       ...successful.
\o WARNING (ADE-3080): Fast viewing extensions for PSF XL format (also known as RTSF) will be discontinued  
\o        and Virtuoso Visualization and Analysis XL will not use RTSF data to plot waveforms from IC6.1.8 ISR7 onward. 
\o        There will be no performance impact on data visualization due to this change.
\o [2026-04-09 10:02:56.445 Z] [PROCESS] [cadence.virtuoso.ade.services.netlister] - Current memory used: 711.2695 MBytes, peak memory used: 711.2695 MBytes {"hostname": "edatools", "processid": 146112, "testname": "PSS_VIN", "point": 23, "logfile": "/home/saul/projects/IL2244_VT26_SAUL/logs_saul/logs0/Service46.log"}
\o [2026-04-09 10:02:56.445 Z] [INFO] [cadence.virtuoso.ade.services.netlister] - Finished netlisting {"point": 23, "testname": "PSS_VIN"}
\o [2026-04-09 10:02:56.446 Z] [EVENT] [cadence.virtuoso.ade.services.netlister] - NewPoint {"point": 24, "testname": "PSS_VIN", "event": "NewPoint", "EventSource": "Netlist Service", "HistoryName": "Interactive.21", "logFile": "/home/saul/projects/IL2244_VT26_SAUL/logs_saul/logs0/Service46.log", "logFileSize": "56477"}
\o [2026-04-09 10:02:56.446 Z] [INFO] [cadence.virtuoso.ade.services.netlister] - Started netlisting {"point": 24, "testname": "PSS_VIN"}
\o Resetting statistical vars
\o 
\o *Info*    Setting parameter values ...
\o 
\o Setting var temperature = "-40"
\o Setting temp(T) = -40
\o 
\o *Info*    Netlist Directory =
\o           /home/saul/projects/IL2244_VT26_SAUL/Sim/FECG/fecg_front_end_tb/maestro/results/maestro/Interactive.21/24/PSS_VIN/netlist
\o 
\o 
\o *Info*    Data Directory    =
\o           /home/saul/projects/IL2244_VT26_SAUL/Sim/FECG/fecg_front_end_tb/maestro/results/maestro/Interactive.21/24/PSS_VIN
\o 
\o Reusing AHDL Data dir
\o generate netlist...
\o function ansCdlCompPrim redefined
\o Ignoring netlist creation since ignoreDesignChangesDuringRun is set to true
\o       ...successful.
\o compose simulator input file...
\o       ...successful.
\o WARNING (ADE-3080): Fast viewing extensions for PSF XL format (also known as RTSF) will be discontinued  
\o        and Virtuoso Visualization and Analysis XL will not use RTSF data to plot waveforms from IC6.1.8 ISR7 onward. 
\o        There will be no performance impact on data visualization due to this change.
\o [2026-04-09 10:02:56.745 Z] [PROCESS] [cadence.virtuoso.ade.services.netlister] - Current memory used: 711.2695 MBytes, peak memory used: 711.2695 MBytes {"hostname": "edatools", "processid": 146112, "testname": "PSS_VIN", "point": 24, "logfile": "/home/saul/projects/IL2244_VT26_SAUL/logs_saul/logs0/Service46.log"}
\o [2026-04-09 10:02:56.746 Z] [INFO] [cadence.virtuoso.ade.services.netlister] - Finished netlisting {"point": 24, "testname": "PSS_VIN"}
\o [2026-04-09 10:02:56.747 Z] [EVENT] [cadence.virtuoso.ade.services.netlister] - NewPoint {"point": 25, "testname": "PSS_VIN", "event": "NewPoint", "EventSource": "Netlist Service", "HistoryName": "Interactive.21", "logFile": "/home/saul/projects/IL2244_VT26_SAUL/logs_saul/logs0/Service46.log", "logFileSize": "58445"}
\o [2026-04-09 10:02:56.747 Z] [INFO] [cadence.virtuoso.ade.services.netlister] - Started netlisting {"point": 25, "testname": "PSS_VIN"}
\o Resetting statistical vars
\o 
\o *Info*    Setting parameter values ...
\o 
\o Setting var temperature = "85"
\o Setting temp(T) = 85
\o 
\o *Info*    Netlist Directory =
\o           /home/saul/projects/IL2244_VT26_SAUL/Sim/FECG/fecg_front_end_tb/maestro/results/maestro/Interactive.21/25/PSS_VIN/netlist
\o 
\o 
\o *Info*    Data Directory    =
\o           /home/saul/projects/IL2244_VT26_SAUL/Sim/FECG/fecg_front_end_tb/maestro/results/maestro/Interactive.21/25/PSS_VIN
\o 
\o Reusing AHDL Data dir
\o generate netlist...
\o function ansCdlCompPrim redefined
\o Ignoring netlist creation since ignoreDesignChangesDuringRun is set to true
\o       ...successful.
\o compose simulator input file...
\o       ...successful.
\o WARNING (ADE-3080): Fast viewing extensions for PSF XL format (also known as RTSF) will be discontinued  
\o        and Virtuoso Visualization and Analysis XL will not use RTSF data to plot waveforms from IC6.1.8 ISR7 onward. 
\o        There will be no performance impact on data visualization due to this change.
\o [2026-04-09 10:02:57.044 Z] [PROCESS] [cadence.virtuoso.ade.services.netlister] - Current memory used: 711.2695 MBytes, peak memory used: 711.2695 MBytes {"hostname": "edatools", "processid": 146112, "testname": "PSS_VIN", "point": 25, "logfile": "/home/saul/projects/IL2244_VT26_SAUL/logs_saul/logs0/Service46.log"}
\o [2026-04-09 10:02:57.045 Z] [INFO] [cadence.virtuoso.ade.services.netlister] - Finished netlisting {"point": 25, "testname": "PSS_VIN"}
\o [2026-04-09 10:02:57.045 Z] [EVENT] [cadence.virtuoso.ade.services.netlister] - NewPoint {"point": 26, "testname": "PSS_VIN", "event": "NewPoint", "EventSource": "Netlist Service", "HistoryName": "Interactive.21", "logFile": "/home/saul/projects/IL2244_VT26_SAUL/logs_saul/logs0/Service46.log", "logFileSize": "60411"}
\o [2026-04-09 10:02:57.046 Z] [INFO] [cadence.virtuoso.ade.services.netlister] - Started netlisting {"point": 26, "testname": "PSS_VIN"}
\o Resetting statistical vars
\o 
\o *Info*    Setting parameter values ...
\o 
\o Setting var temperature = "-40"
\o Setting temp(T) = -40
\o 
\o *Info*    Netlist Directory =
\o           /home/saul/projects/IL2244_VT26_SAUL/Sim/FECG/fecg_front_end_tb/maestro/results/maestro/Interactive.21/26/PSS_VIN/netlist
\o 
\o 
\o *Info*    Data Directory    =
\o           /home/saul/projects/IL2244_VT26_SAUL/Sim/FECG/fecg_front_end_tb/maestro/results/maestro/Interactive.21/26/PSS_VIN
\o 
\o Reusing AHDL Data dir
\o generate netlist...
\o function ansCdlCompPrim redefined
\o Ignoring netlist creation since ignoreDesignChangesDuringRun is set to true
\o       ...successful.
\o compose simulator input file...
\o       ...successful.
\o WARNING (ADE-3080): Fast viewing extensions for PSF XL format (also known as RTSF) will be discontinued  
\o        and Virtuoso Visualization and Analysis XL will not use RTSF data to plot waveforms from IC6.1.8 ISR7 onward. 
\o        There will be no performance impact on data visualization due to this change.
\o [2026-04-09 10:02:57.346 Z] [PROCESS] [cadence.virtuoso.ade.services.netlister] - Current memory used: 711.2695 MBytes, peak memory used: 711.2695 MBytes {"hostname": "edatools", "processid": 146112, "testname": "PSS_VIN", "point": 26, "logfile": "/home/saul/projects/IL2244_VT26_SAUL/logs_saul/logs0/Service46.log"}
\o [2026-04-09 10:02:57.346 Z] [INFO] [cadence.virtuoso.ade.services.netlister] - Finished netlisting {"point": 26, "testname": "PSS_VIN"}
\o [2026-04-09 10:02:57.347 Z] [EVENT] [cadence.virtuoso.ade.services.netlister] - NewPoint {"point": 27, "testname": "PSS_VIN", "event": "NewPoint", "EventSource": "Netlist Service", "HistoryName": "Interactive.21", "logFile": "/home/saul/projects/IL2244_VT26_SAUL/logs_saul/logs0/Service46.log", "logFileSize": "62379"}
\o [2026-04-09 10:02:57.347 Z] [INFO] [cadence.virtuoso.ade.services.netlister] - Started netlisting {"point": 27, "testname": "PSS_VIN"}
\o Resetting statistical vars
\o 
\o *Info*    Setting parameter values ...
\o 
\o Setting var temperature = "85"
\o Setting temp(T) = 85
\o 
\o *Info*    Netlist Directory =
\o           /home/saul/projects/IL2244_VT26_SAUL/Sim/FECG/fecg_front_end_tb/maestro/results/maestro/Interactive.21/27/PSS_VIN/netlist
\o 
\o 
\o *Info*    Data Directory    =
\o           /home/saul/projects/IL2244_VT26_SAUL/Sim/FECG/fecg_front_end_tb/maestro/results/maestro/Interactive.21/27/PSS_VIN
\o 
\o Reusing AHDL Data dir
\o generate netlist...
\o function ansCdlCompPrim redefined
\o Ignoring netlist creation since ignoreDesignChangesDuringRun is set to true
\o       ...successful.
\o compose simulator input file...
\o       ...successful.
\o WARNING (ADE-3080): Fast viewing extensions for PSF XL format (also known as RTSF) will be discontinued  
\o        and Virtuoso Visualization and Analysis XL will not use RTSF data to plot waveforms from IC6.1.8 ISR7 onward. 
\o        There will be no performance impact on data visualization due to this change.
\o [2026-04-09 10:02:57.657 Z] [PROCESS] [cadence.virtuoso.ade.services.netlister] - Current memory used: 711.2695 MBytes, peak memory used: 711.2695 MBytes {"hostname": "edatools", "processid": 146112, "testname": "PSS_VIN", "point": 27, "logfile": "/home/saul/projects/IL2244_VT26_SAUL/logs_saul/logs0/Service46.log"}
\o [2026-04-09 10:02:57.657 Z] [INFO] [cadence.virtuoso.ade.services.netlister] - Finished netlisting {"point": 27, "testname": "PSS_VIN"}
\o [2026-04-09 10:02:57.658 Z] [EVENT] [cadence.virtuoso.ade.services.netlister] - NewPoint {"point": 28, "testname": "PSS_VIN", "event": "NewPoint", "EventSource": "Netlist Service", "HistoryName": "Interactive.21", "logFile": "/home/saul/projects/IL2244_VT26_SAUL/logs_saul/logs0/Service46.log", "logFileSize": "64345"}
\o [2026-04-09 10:02:57.658 Z] [INFO] [cadence.virtuoso.ade.services.netlister] - Started netlisting {"point": 28, "testname": "PSS_VIN"}
\o Resetting statistical vars
\o 
\o *Info*    Setting parameter values ...
\o 
\o Setting var temperature = "-40"
\o Setting temp(T) = -40
\o 
\o *Info*    Netlist Directory =
\o           /home/saul/projects/IL2244_VT26_SAUL/Sim/FECG/fecg_front_end_tb/maestro/results/maestro/Interactive.21/28/PSS_VIN/netlist
\o 
\o 
\o *Info*    Data Directory    =
\o           /home/saul/projects/IL2244_VT26_SAUL/Sim/FECG/fecg_front_end_tb/maestro/results/maestro/Interactive.21/28/PSS_VIN
\o 
\o Reusing AHDL Data dir
\o generate netlist...
\o function ansCdlCompPrim redefined
\o Ignoring netlist creation since ignoreDesignChangesDuringRun is set to true
\o       ...successful.
\o compose simulator input file...
\o       ...successful.
\o WARNING (ADE-3080): Fast viewing extensions for PSF XL format (also known as RTSF) will be discontinued  
\o        and Virtuoso Visualization and Analysis XL will not use RTSF data to plot waveforms from IC6.1.8 ISR7 onward. 
\o        There will be no performance impact on data visualization due to this change.
\o [2026-04-09 10:02:57.963 Z] [PROCESS] [cadence.virtuoso.ade.services.netlister] - Current memory used: 711.2695 MBytes, peak memory used: 711.2695 MBytes {"hostname": "edatools", "processid": 146112, "testname": "PSS_VIN", "point": 28, "logfile": "/home/saul/projects/IL2244_VT26_SAUL/logs_saul/logs0/Service46.log"}
\o [2026-04-09 10:02:57.964 Z] [INFO] [cadence.virtuoso.ade.services.netlister] - Finished netlisting {"point": 28, "testname": "PSS_VIN"}
\o [2026-04-09 10:02:57.964 Z] [EVENT] [cadence.virtuoso.ade.services.netlister] - NewPoint {"point": 29, "testname": "PSS_VIN", "event": "NewPoint", "EventSource": "Netlist Service", "HistoryName": "Interactive.21", "logFile": "/home/saul/projects/IL2244_VT26_SAUL/logs_saul/logs0/Service46.log", "logFileSize": "66313"}
\o [2026-04-09 10:02:57.965 Z] [INFO] [cadence.virtuoso.ade.services.netlister] - Started netlisting {"point": 29, "testname": "PSS_VIN"}
\o Resetting statistical vars
\o 
\o *Info*    Setting parameter values ...
\o 
\o Setting var temperature = "85"
\o Setting temp(T) = 85
\o 
\o *Info*    Netlist Directory =
\o           /home/saul/projects/IL2244_VT26_SAUL/Sim/FECG/fecg_front_end_tb/maestro/results/maestro/Interactive.21/29/PSS_VIN/netlist
\o 
\o 
\o *Info*    Data Directory    =
\o           /home/saul/projects/IL2244_VT26_SAUL/Sim/FECG/fecg_front_end_tb/maestro/results/maestro/Interactive.21/29/PSS_VIN
\o 
\o Reusing AHDL Data dir
\o generate netlist...
\o function ansCdlCompPrim redefined
\o Ignoring netlist creation since ignoreDesignChangesDuringRun is set to true
\o       ...successful.
\o compose simulator input file...
\o       ...successful.
\o WARNING (ADE-3080): Fast viewing extensions for PSF XL format (also known as RTSF) will be discontinued  
\o        and Virtuoso Visualization and Analysis XL will not use RTSF data to plot waveforms from IC6.1.8 ISR7 onward. 
\o        There will be no performance impact on data visualization due to this change.
\o [2026-04-09 10:02:58.269 Z] [PROCESS] [cadence.virtuoso.ade.services.netlister] - Current memory used: 711.2695 MBytes, peak memory used: 711.2695 MBytes {"hostname": "edatools", "processid": 146112, "testname": "PSS_VIN", "point": 29, "logfile": "/home/saul/projects/IL2244_VT26_SAUL/logs_saul/logs0/Service46.log"}
\o [2026-04-09 10:02:58.269 Z] [INFO] [cadence.virtuoso.ade.services.netlister] - Finished netlisting {"point": 29, "testname": "PSS_VIN"}
\o [2026-04-09 10:02:58.270 Z] [EVENT] [cadence.virtuoso.ade.services.netlister] - NewPoint {"point": 30, "testname": "PSS_VIN", "event": "NewPoint", "EventSource": "Netlist Service", "HistoryName": "Interactive.21", "logFile": "/home/saul/projects/IL2244_VT26_SAUL/logs_saul/logs0/Service46.log", "logFileSize": "68279"}
\o [2026-04-09 10:02:58.270 Z] [INFO] [cadence.virtuoso.ade.services.netlister] - Started netlisting {"point": 30, "testname": "PSS_VIN"}
\o Resetting statistical vars
\o 
\o *Info*    Setting parameter values ...
\o 
\o Setting var temperature = "-40"
\o Setting temp(T) = -40
\o 
\o *Info*    Netlist Directory =
\o           /home/saul/projects/IL2244_VT26_SAUL/Sim/FECG/fecg_front_end_tb/maestro/results/maestro/Interactive.21/30/PSS_VIN/netlist
\o 
\o 
\o *Info*    Data Directory    =
\o           /home/saul/projects/IL2244_VT26_SAUL/Sim/FECG/fecg_front_end_tb/maestro/results/maestro/Interactive.21/30/PSS_VIN
\o 
\o Reusing AHDL Data dir
\o generate netlist...
\o function ansCdlCompPrim redefined
\o Ignoring netlist creation since ignoreDesignChangesDuringRun is set to true
\o       ...successful.
\o compose simulator input file...
\o       ...successful.
\o WARNING (ADE-3080): Fast viewing extensions for PSF XL format (also known as RTSF) will be discontinued  
\o        and Virtuoso Visualization and Analysis XL will not use RTSF data to plot waveforms from IC6.1.8 ISR7 onward. 
\o        There will be no performance impact on data visualization due to this change.
\o [2026-04-09 10:02:58.572 Z] [PROCESS] [cadence.virtuoso.ade.services.netlister] - Current memory used: 711.2695 MBytes, peak memory used: 711.2695 MBytes {"hostname": "edatools", "processid": 146112, "testname": "PSS_VIN", "point": 30, "logfile": "/home/saul/projects/IL2244_VT26_SAUL/logs_saul/logs0/Service46.log"}
\o [2026-04-09 10:02:58.573 Z] [INFO] [cadence.virtuoso.ade.services.netlister] - Finished netlisting {"point": 30, "testname": "PSS_VIN"}
\o [2026-04-09 10:02:58.573 Z] [EVENT] [cadence.virtuoso.ade.services.netlister] - NewPoint {"point": 31, "testname": "PSS_VIN", "event": "NewPoint", "EventSource": "Netlist Service", "HistoryName": "Interactive.21", "logFile": "/home/saul/projects/IL2244_VT26_SAUL/logs_saul/logs0/Service46.log", "logFileSize": "70247"}
\o [2026-04-09 10:02:58.574 Z] [INFO] [cadence.virtuoso.ade.services.netlister] - Started netlisting {"point": 31, "testname": "PSS_VIN"}
\o Resetting statistical vars
\o 
\o *Info*    Setting parameter values ...
\o 
\o Setting var temperature = "85"
\o Setting temp(T) = 85
\o 
\o *Info*    Netlist Directory =
\o           /home/saul/projects/IL2244_VT26_SAUL/Sim/FECG/fecg_front_end_tb/maestro/results/maestro/Interactive.21/31/PSS_VIN/netlist
\o 
\o 
\o *Info*    Data Directory    =
\o           /home/saul/projects/IL2244_VT26_SAUL/Sim/FECG/fecg_front_end_tb/maestro/results/maestro/Interactive.21/31/PSS_VIN
\o 
\o Reusing AHDL Data dir
\o generate netlist...
\o function ansCdlCompPrim redefined
\o Ignoring netlist creation since ignoreDesignChangesDuringRun is set to true
\o       ...successful.
\o compose simulator input file...
\o       ...successful.
\o WARNING (ADE-3080): Fast viewing extensions for PSF XL format (also known as RTSF) will be discontinued  
\o        and Virtuoso Visualization and Analysis XL will not use RTSF data to plot waveforms from IC6.1.8 ISR7 onward. 
\o        There will be no performance impact on data visualization due to this change.
\o [2026-04-09 10:02:58.878 Z] [PROCESS] [cadence.virtuoso.ade.services.netlister] - Current memory used: 711.2695 MBytes, peak memory used: 711.2695 MBytes {"hostname": "edatools", "processid": 146112, "testname": "PSS_VIN", "point": 31, "logfile": "/home/saul/projects/IL2244_VT26_SAUL/logs_saul/logs0/Service46.log"}
\o [2026-04-09 10:02:58.878 Z] [INFO] [cadence.virtuoso.ade.services.netlister] - Finished netlisting {"point": 31, "testname": "PSS_VIN"}
\o [2026-04-09 10:02:58.879 Z] [EVENT] [cadence.virtuoso.ade.services.netlister] - NewPoint {"point": 32, "testname": "PSS_VIN", "event": "NewPoint", "EventSource": "Netlist Service", "HistoryName": "Interactive.21", "logFile": "/home/saul/projects/IL2244_VT26_SAUL/logs_saul/logs0/Service46.log", "logFileSize": "72213"}
\o [2026-04-09 10:02:58.879 Z] [INFO] [cadence.virtuoso.ade.services.netlister] - Started netlisting {"point": 32, "testname": "PSS_VIN"}
\o Resetting statistical vars
\o 
\o *Info*    Setting parameter values ...
\o 
\o Setting var temperature = "-40"
\o Setting temp(T) = -40
\o 
\o *Info*    Netlist Directory =
\o           /home/saul/projects/IL2244_VT26_SAUL/Sim/FECG/fecg_front_end_tb/maestro/results/maestro/Interactive.21/32/PSS_VIN/netlist
\o 
\o 
\o *Info*    Data Directory    =
\o           /home/saul/projects/IL2244_VT26_SAUL/Sim/FECG/fecg_front_end_tb/maestro/results/maestro/Interactive.21/32/PSS_VIN
\o 
\o Reusing AHDL Data dir
\o generate netlist...
\o function ansCdlCompPrim redefined
\o Ignoring netlist creation since ignoreDesignChangesDuringRun is set to true
\o       ...successful.
\o compose simulator input file...
\o       ...successful.
\o WARNING (ADE-3080): Fast viewing extensions for PSF XL format (also known as RTSF) will be discontinued  
\o        and Virtuoso Visualization and Analysis XL will not use RTSF data to plot waveforms from IC6.1.8 ISR7 onward. 
\o        There will be no performance impact on data visualization due to this change.
\o [2026-04-09 10:02:59.247 Z] [PROCESS] [cadence.virtuoso.ade.services.netlister] - Current memory used: 711.2695 MBytes, peak memory used: 711.2695 MBytes {"hostname": "edatools", "processid": 146112, "testname": "PSS_VIN", "point": 32, "logfile": "/home/saul/projects/IL2244_VT26_SAUL/logs_saul/logs0/Service46.log"}
\o [2026-04-09 10:02:59.248 Z] [INFO] [cadence.virtuoso.ade.services.netlister] - Finished netlisting {"point": 32, "testname": "PSS_VIN"}
\o [2026-04-09 10:02:59.248 Z] [EVENT] [cadence.virtuoso.ade.services.netlister] - NewPoint {"point": 33, "testname": "PSS_VIN", "event": "NewPoint", "EventSource": "Netlist Service", "HistoryName": "Interactive.21", "logFile": "/home/saul/projects/IL2244_VT26_SAUL/logs_saul/logs0/Service46.log", "logFileSize": "74181"}
\o [2026-04-09 10:02:59.249 Z] [INFO] [cadence.virtuoso.ade.services.netlister] - Started netlisting {"point": 33, "testname": "PSS_VIN"}
\o Resetting statistical vars
\o 
\o *Info*    Setting parameter values ...
\o 
\o Setting var temperature = "85"
\o Setting temp(T) = 85
\o 
\o *Info*    Netlist Directory =
\o           /home/saul/projects/IL2244_VT26_SAUL/Sim/FECG/fecg_front_end_tb/maestro/results/maestro/Interactive.21/33/PSS_VIN/netlist
\o 
\o 
\o *Info*    Data Directory    =
\o           /home/saul/projects/IL2244_VT26_SAUL/Sim/FECG/fecg_front_end_tb/maestro/results/maestro/Interactive.21/33/PSS_VIN
\o 
\o Reusing AHDL Data dir
\o generate netlist...
\o function ansCdlCompPrim redefined
\o Ignoring netlist creation since ignoreDesignChangesDuringRun is set to true
\o       ...successful.
\o compose simulator input file...
\o       ...successful.
\o WARNING (ADE-3080): Fast viewing extensions for PSF XL format (also known as RTSF) will be discontinued  
\o        and Virtuoso Visualization and Analysis XL will not use RTSF data to plot waveforms from IC6.1.8 ISR7 onward. 
\o        There will be no performance impact on data visualization due to this change.
\o [2026-04-09 10:02:59.566 Z] [PROCESS] [cadence.virtuoso.ade.services.netlister] - Current memory used: 711.2695 MBytes, peak memory used: 711.2695 MBytes {"hostname": "edatools", "processid": 146112, "testname": "PSS_VIN", "point": 33, "logfile": "/home/saul/projects/IL2244_VT26_SAUL/logs_saul/logs0/Service46.log"}
\o [2026-04-09 10:02:59.566 Z] [INFO] [cadence.virtuoso.ade.services.netlister] - Finished netlisting {"point": 33, "testname": "PSS_VIN"}
\o Simulation design variables differ from those on the cellView,
\o they have been saved in the file "/tmp/saved-design-variables".
\o To save future changes, copy variables to cellView before exiting.
\# Lic Summary:
\# [10:08:02.376602] Cdslmd servers:3000@lic08.ug.kth.se:29000@lic06.ug.kth.se
\# [10:08:02.376625] Feature usage summary:
\# Memory report: on exit            421 MB, process size 2,184 MB at UTC 2026.04.09 10:08:02.901
\# Memory report: peak usage         421 MB, process size 2,187 MB
