\# Program start time:     UTC 2026.04.10 17:32:14.484
\# Local time: UTC (UTC+00:00) 2026.04.10 17:32:14.484
\o Program:		@(#)$CDS: virtuoso version 6.1.8-64b 09/03/2024 19:11 (sjfhw316) $
\o Hierarchy:		/opt/tools/cadence/installs/IC618/tools.lnx86/dfII/
\o Sub version:		sub-version  IC6.1.8-64b.500.36  (64-bit addresses)
\# Command line:	/opt/tools/cadence/installs/IC618/tools.lnx86/dfII/bin/64bit/virtuoso -beanhost edatools -beanport 11300 -beanbinlog  -beanLogFile /home/saul/projects/IL2244_VT26_SAUL/logs_saul/logs0/amps_Service128.log -mpssession virtuoso179512 -mpshost edatools -davinciService DaVinciService_179512_1775795326 -scopedPid 179512 -axlSession fnxSession6 -axlServiceIdFlag 128 -uuid d59ad9eb-be36-432a-93ce-26172263a57a -heartbeat /dev/shm/swift-heartbeat.7JjENIZbP3 -log /home/saul/projects/IL2244_VT26_SAUL/logs_saul/logs0/Service128.log -noautostart -nographE -lscs 000175E1894CBE06FF0966E38F1FFC06BC4D138FFC7EFC06BC4D68F886089075D3225CD1A12FD236867F66E38F1FFC06BC4D66E38F1FFC06BC4D0F3ABB02C81BD59400001E46 -interactive -offlineExprEval -fenixMode assembler -heartbeatTimeout  -lingerTimeout 300 -pointlifetime -1
\# Host name (type):	edatools (x86_64)
\# Operating system:	Linux 6.17.0-20-generic #20~24.04.1-Ubuntu SMP PREEMPT_DYNAMIC Thu Mar 19 01:28:37 UTC 2
\# Linux /etc/issue:	\S
\# Linux /etc/issue:	Kernel \r on an \m
\# X display name (WxH):	:2640 (1024x868)
\# Available geometry:			TL(0:0) BR(1023:867)
\# X server:			The X.Org Foundation
\# Depth of Visual (Root):	24 (24)
\# Number of Planes Used:	24
\# X version:		11.0 (vendor release 12011000)
\# X resource pool:	base 0x400000, mask 0x1fffff (2097151), shift 0
\# 			current id 0x0, current max 0x1ffffa (2097146)
\# Max data seg size:	     unlimited
\# Max process size:	     unlimited
\# Initial sbrk value:	      1,128 MB
\# Available memory:	     53,687 MB
\# System memory:	     72,238 MB
\# Maximum memory size:	     71,230 MB
\# Max mem available:	     53,807 MB
\# Initial memory used:	        119 MB
\#        process size:	      1,676 MB
\# Thread usage limits (effective/default):	maxthreads 4294967295/4294967295 maxload 16.00/16.00
\# Qt version:		5.9.1
\# Window Manager:	other
\# User Name:		saul
\o Working Directory:	edatools:/home/saul/projects/IL2244_VT26_SAUL
\# Process Id:		642797
\o 
\o COPYRIGHT (C) 1992-2024  CADENCE DESIGN SYSTEMS INC.  ALL RIGHTS RESERVED.
\o           (C) 1992-2024  UNIX SYSTEMS Laboratories INC.,
\o                          Reproduced with permission.
\o 
\o This Cadence Design Systems program and online documentation are
\o proprietary/confidential information and may be disclosed/used only
\o as authorized in a license agreement controlling such use and disclosure.
\o 
\o           RESTRICTED RIGHTS NOTICE (SHORT FORM)
\o Use/reproduction/disclosure is subject to restriction
\o set forth at FAR 1252.227-19 or its equivalent.
\o Loading geView.cxt 
\o Loading menuBuilder.cxt 
\o Loading schView.cxt 
\o Loading selectSv.cxt 
\o Loading wireEdit.cxt 
\o Loading pte2.cxt 
\o Loading xlUI.cxt 
\o Loading auCore.cxt 
\o Loading vhdl.cxt 
\o Loading seismic.cxt 
\o Loading ci.cxt 
\o Loading ams.cxt 
\o Loading oasis.cxt 
\o Loading analog.cxt 
\o Loading asimenv.cxt 
\o Loading dal.cxt 
\o Loading awv.cxt 
\o Loading socket.cxt 
\o Loading par.cxt 
\o Loading alvs.cxt 
\o Loading caa.cxt 
\o Loading amps.cxt 
\o Loading adexlCore.cxt 
\# Memory report: using         230 MB, process size 1,910 MB at UTC 2026.04.10 17:32:15.124
\o Loading adexl.cxt 
\o *Info*    Exporting services from client ... 
\o 
\o Loading adexlDM.cxt 
\o Loading cpf.cxt 
\o Loading cli.cxt 
\o Loading lp.cxt 
\o INFO (ELI-00302) Connecting to parent process (session=virtuoso179512, host=edatools). Connection mode is LSCS. Total timeout is 180 seconds. Connection timeout is 90 seconds.
\o INFO (ELI-00303) Step 1: Connecting to parent. Time spent is 0 seconds.
\o INFO (ELI-00304) The registration of the child 642797 within 90 seconds is being processed...
\o INFO (ELI-00305) The result of registration is true. Time spent is 0 seconds.
\o INFO (ELI-00308) The connection has ended. Result is true. Total time spent is 0 seconds.
\# [17:32:14.445330] Configured Lic search path (22.01-s002): 3000@lic08.ug.kth.se:29000@lic06.ug.kth.se
\o ......................................................................................
\o            ams AG HIT-Kit v.ams_4.10
\o ......................................................................................
\o COPYRIGHT (c) 2012 Full Service Foundry @ ams AG.  ALL RIGHTS RESERVED
\o This HIT-Kit and attached documentation are confidential information and may 
\o only be used as authorized by the HIT-Kit license agreement.
\o ......................................................................................
\# Current Window: window(2)
\o Loading simulator default settings.
\o //
\o //  Calibre Skill Interface * (v2024.4_12.9) *
\o //
\o //                         Copyright Siemens 1996-2020     
\o //                             All Rights Reserved.
\o //         THIS WORK CONTAINS TRADE SECRET AND PROPRIETARY INFORMATION
\o //            WHICH IS THE PROPERTY OF MENTOR GRAPHICS CORPORATION
\o //              OR ITS LICENSORS AND IS SUBJECT TO LICENSE TERMS.
\o //
\o //
\o Loading simulator default settings.
\p hitkit: ams_4.10  Tech: c35b4c3  User: saul 
\w *WARNING* could not load font "-*-courier-medium-r-*-*-12-*", using font "fixed"
\# Loading perfDiag...
\# (PerfDiag): Set GDB path to environment variable 'gdbPath' (gdb).
\# Performance Diagnostic tool is installed. You can access PerfDiag from CIW Tools or use the shell command 'cdsPerfDiag -p 642797' to open it when Virtuoso freezes.
\# (PerfDiag): Use backtrace from GLIBC.
\w *WARNING* _perfPstackCheck: Cannot find pstack/gstack. Please setup PATH environment variable to pstack/gstack executable.
\i _axlRunServices()
\# [17:32:16.250306] periodic Lic check successful
\# [17:32:16.250307] Feature usage summary:
\o Loading simui.cxt 
\o [2026-04-10 17:32:16.794 Z] [PROCESS] [cadence.virtuoso.ade.services] - Netlist Service has successfully started. Waiting for incoming messages ... {"hostname": "edatools", "processid": 642797, "logfile": "/home/saul/projects/IL2244_VT26_SAUL/logs_saul/logs0/Service128.log"}
\# Available memory:         53,503 MB at UTC 2026.04.10 17:32:26.848
\# Memory report: Maximum memory size now 53,817 MB at UTC 2026.04.10 17:32:26.848
\# Thread usage report: 22 active threads, active load 1.40 at UTC 2026.04.10 17:32:26.848
\# Memory report: Maximum memory size now 55,426 MB at UTC 2026.04.10 17:32:58.893
\o [2026-04-10 17:33:21.865 Z] [EVENT] [cadence.virtuoso.ade.services.netlister] - NewPoint {"point": 0, "testname": "TRAN_VDD_MC", "event": "NewPoint", "EventSource": "Netlist Service", "HistoryName": "MonteCarlo.10", "logFile": "/home/saul/projects/IL2244_VT26_SAUL/logs_saul/logs0/Service128.log", "logFileSize": "6621"}
\o [2026-04-10 17:33:21.865 Z] [INFO] [cadence.virtuoso.ade.services.netlister] - Started preparing netlist {"point": 0, "testname": "TRAN_VDD_MC", "testnameKey": "TRAN_VDD_MC"}
\o Loading vqp.cxt 
\o Loading vdsil.cxt 
\o *Warning* AXL Context Manager : job 128 is already registered. 
\o 
\o Loading hdlPkg.cxt 
\o 
\o 
\o *Info*    Configuring the session ...
\o 
\o 	Library      = ECG_IA
\o 	Cell         = ecg_bandgap_tb
\o 	View         = schematic
\o 	Simulator    = spectre
\o 	State Path   = $AXL_SETUPDB_DIR/test_states
\o 	State Name   = MonteCarlo.10
\o 	Results DB   = /home/saul/projects/IL2244_VT26_SAUL/ECG_IA/ecg_bandgap_tb/maestro/results/maestro/MonteCarlo.10.rdb
\o 	Results Dir  = /home/saul/projects/IL2244_VT26_SAUL/Sim/ECG_IA/ecg_bandgap_tb/maestro/results/maestro/MonteCarlo.10/1/TRAN_VDD_MC
\o 	Results Loc  = /home/saul/projects/IL2244_VT26_SAUL/Sim/ECG_IA/ecg_bandgap_tb/maestro/results/maestro
\o 	Project Dir  = /home/saul/projects/IL2244_VT26_SAUL/Sim
\o 	Setup DB loc = /home/saul/projects/IL2244_VT26_SAUL/ECG_IA/ecg_bandgap_tb/maestro
\o 	File Encoding = 0
\o 
\o 
\o Loading viva.cxt 
\o Loading spectrei.cxt 
\# Memory report: using         370 MB, process size 2,129 MB at UTC 2026.04.10 17:33:23.217
\o Loading devCheck.cxt 
\o Loading relXpert.cxt 
\o Loading hspiceD.cxt 
\o Loading spectreinl.cxt 
\o Loading msgHandler.cxt 
\o Loading UltraSim.cxt 
\o Loading AMSOSS.cxt 
\o Loading AMS.cxt 
\o 
\o *Info*    The auto suspension is disabled.
\o 
\o Loading elec.cxt 
\o Resetting statistical vars
\o 
\o *Info*    Setting parameter values ...
\o 
\o Setting var VDD = "0"
\o Setting var VDD_PULSE = "3.3"
\o Setting var VDD_RISE = "1u"
\o Loading monte.cxt 
\o Reusing AHDL Data dir
\o 
\o *Info*    Data Directory    =
\o           /home/saul/projects/IL2244_VT26_SAUL/Sim/ECG_IA/ecg_bandgap_tb/maestro/results/maestro/MonteCarlo.10/psf/TRAN_VDD_MC
\o 
\o generate netlist...
\o Loading hnlInit.cxt 
\o Loading seCore.cxt 
\o function ansCdlCompPrim redefined
\o function ansCdlCompPrim redefined
\o Initializing the control file using cp:
\o     cp /opt/tools/cadence/installs/IC618/tools.lnx86/dfII/etc/si/control.spectre /home/saul/projects/IL2244_VT26_SAUL/Sim/ECG_IA/ecg_bandgap_tb/maestro/results/maestro/MonteCarlo.10/psf/TRAN_VDD_MC/netlist/control
\o Copying Spectre source file 'spectre.inp'
\o Copying Spectre command file 'spectre.sim'
\o Begin Incremental Netlisting Apr 10 17:33:23 2026
\o Loading json.cxt 
\o End netlisting Apr 10 17:33:23 2026
\o 
\o Netlisting Statistics:
\o 	Number of components:   66
\o 
\o 	Elapsed time:          0.0s
\o Errors: 0	Warnings: 0
\o       ...successful.
\o compose simulator input file...
\o       ...successful.
\o [2026-04-10 17:33:23.887 Z] [INFO] [cadence.virtuoso.ade.services.netlister] - Finished preparing netlist {"point": 0, "testname": "TRAN_VDD_MC", "testnameKey": "TRAN_VDD_MC"}
\o [2026-04-10 17:33:24.893 Z] [EVENT] [cadence.virtuoso.ade.services.netlister] - GroupPoints {"point": 1, "testname": "TRAN_VDD_MC", "event": "GroupPoints", "EventSource": "Netlist Service", "Points": "1:1:25", "HistoryName": "MonteCarlo.10", "logFile": "/home/saul/projects/IL2244_VT26_SAUL/logs_saul/logs0/Service128.log", "logFileSize": "8184"}
\o [2026-04-10 17:33:24.894 Z] [INFO] [cadence.virtuoso.ade.services.netlister] - Started netlisting {"point": 1, "testname": "TRAN_VDD_MC"}
\o Simulation design variables differ from those on the cellView,
\o they have been saved in the file "/tmp/saved-design-variables".
\o To save future changes, copy variables to cellView before exiting.
\o *Warning* AXL Context Manager : job 128 is already registered. 
\o 
\o 
\o 
\o *Info*    Configuring the session ...
\o 
\o 	Library      = ECG_IA
\o 	Cell         = ecg_bandgap_tb
\o 	View         = schematic
\o 	Simulator    = spectre
\o 	State Path   = $AXL_SETUPDB_DIR/test_states
\o 	State Name   = MonteCarlo.10
\o 	Results DB   = /home/saul/projects/IL2244_VT26_SAUL/ECG_IA/ecg_bandgap_tb/maestro/results/maestro/MonteCarlo.10.rdb
\o 	Results Dir  = /home/saul/projects/IL2244_VT26_SAUL/Sim/ECG_IA/ecg_bandgap_tb/maestro/results/maestro/MonteCarlo.10/1/TRAN_VDD_MC
\o 	Results Loc  = /home/saul/projects/IL2244_VT26_SAUL/Sim/ECG_IA/ecg_bandgap_tb/maestro/results/maestro
\o 	Project Dir  = /home/saul/projects/IL2244_VT26_SAUL/Sim
\o 	Setup DB loc = /home/saul/projects/IL2244_VT26_SAUL/ECG_IA/ecg_bandgap_tb/maestro
\o 	File Encoding = 0
\o 
\o 
\o 
\o *Info*    The auto suspension is disabled.
\o 
\o Resetting statistical vars
\o 
\o *Info*    Setting parameter values ...
\o 
\o Setting var VDD = "0"
\o Setting var VDD_PULSE = "3.3"
\o Setting var VDD_RISE = "1u"
\o Setting var temperature = "27"
\o Setting temp(T) = 27
\o 
\o *Info*    Netlist Directory =
\o           /home/saul/projects/IL2244_VT26_SAUL/Sim/ECG_IA/ecg_bandgap_tb/maestro/results/maestro/MonteCarlo.10/1/TRAN_VDD_MC/groupRunDataDir/netlist
\o 
\o 
\o *Info*    Data Directory    =
\o           /home/saul/projects/IL2244_VT26_SAUL/Sim/ECG_IA/ecg_bandgap_tb/maestro/results/maestro/MonteCarlo.10/1/TRAN_VDD_MC/groupRunDataDir
\o 
\o Reusing AHDL Data dir
\o generate netlist...
\o function ansCdlCompPrim redefined
\o Ignoring netlist creation since ignoreDesignChangesDuringRun is set to true
\o       ...successful.
\o compose simulator input file...
\o       ...successful.
\o WARNING (ADE-3080): Fast viewing extensions for PSF XL format (also known as RTSF) will be discontinued  
\o        and Virtuoso Visualization and Analysis XL will not use RTSF data to plot waveforms from IC6.1.8 ISR7 onward. 
\o        There will be no performance impact on data visualization due to this change.
\o [2026-04-10 17:33:26.025 Z] [PROCESS] [cadence.virtuoso.ade.services.netlister] - Current memory used: 708.0898 MBytes, peak memory used: 708.0898 MBytes {"hostname": "edatools", "processid": 642797, "testname": "TRAN_VDD_MC", "point": 1, "logfile": "/home/saul/projects/IL2244_VT26_SAUL/logs_saul/logs0/Service128.log"}
\o [2026-04-10 17:33:26.025 Z] [INFO] [cadence.virtuoso.ade.services.netlister] - Finished netlisting {"point": 1, "testname": "TRAN_VDD_MC"}
\o [2026-04-10 17:33:26.026 Z] [EVENT] [cadence.virtuoso.ade.services.netlister] - GroupPoints {"point": 26, "testname": "TRAN_VDD_MC", "event": "GroupPoints", "EventSource": "Netlist Service", "Points": "26:1:50", "HistoryName": "MonteCarlo.10", "logFile": "/home/saul/projects/IL2244_VT26_SAUL/logs_saul/logs0/Service128.log", "logFileSize": "13075"}
\o [2026-04-10 17:33:26.026 Z] [INFO] [cadence.virtuoso.ade.services.netlister] - Started netlisting {"point": 26, "testname": "TRAN_VDD_MC"}
\o Resetting statistical vars
\o 
\o *Info*    Setting parameter values ...
\o 
\o 
\o *Info*    Netlist Directory =
\o           /home/saul/projects/IL2244_VT26_SAUL/Sim/ECG_IA/ecg_bandgap_tb/maestro/results/maestro/MonteCarlo.10/26/TRAN_VDD_MC/groupRunDataDir/netlist
\o 
\o 
\o *Info*    Data Directory    =
\o           /home/saul/projects/IL2244_VT26_SAUL/Sim/ECG_IA/ecg_bandgap_tb/maestro/results/maestro/MonteCarlo.10/26/TRAN_VDD_MC/groupRunDataDir
\o 
\o Reusing AHDL Data dir
\o generate netlist...
\o function ansCdlCompPrim redefined
\o Ignoring netlist creation since ignoreDesignChangesDuringRun is set to true
\o       ...successful.
\o compose simulator input file...
\o       ...successful.
\o WARNING (ADE-3080): Fast viewing extensions for PSF XL format (also known as RTSF) will be discontinued  
\o        and Virtuoso Visualization and Analysis XL will not use RTSF data to plot waveforms from IC6.1.8 ISR7 onward. 
\o        There will be no performance impact on data visualization due to this change.
\o [2026-04-10 17:33:26.285 Z] [PROCESS] [cadence.virtuoso.ade.services.netlister] - Current memory used: 708.0938 MBytes, peak memory used: 708.0938 MBytes {"hostname": "edatools", "processid": 642797, "testname": "TRAN_VDD_MC", "point": 26, "logfile": "/home/saul/projects/IL2244_VT26_SAUL/logs_saul/logs0/Service128.log"}
\o [2026-04-10 17:33:26.285 Z] [INFO] [cadence.virtuoso.ade.services.netlister] - Finished netlisting {"point": 26, "testname": "TRAN_VDD_MC"}
\o [2026-04-10 17:33:26.286 Z] [EVENT] [cadence.virtuoso.ade.services.netlister] - GroupPoints {"point": 51, "testname": "TRAN_VDD_MC", "event": "GroupPoints", "EventSource": "Netlist Service", "Points": "51:1:75", "HistoryName": "MonteCarlo.10", "logFile": "/home/saul/projects/IL2244_VT26_SAUL/logs_saul/logs0/Service128.log", "logFileSize": "15063"}
\o [2026-04-10 17:33:26.286 Z] [INFO] [cadence.virtuoso.ade.services.netlister] - Started netlisting {"point": 51, "testname": "TRAN_VDD_MC"}
\o Resetting statistical vars
\o 
\o *Info*    Setting parameter values ...
\o 
\o 
\o *Info*    Netlist Directory =
\o           /home/saul/projects/IL2244_VT26_SAUL/Sim/ECG_IA/ecg_bandgap_tb/maestro/results/maestro/MonteCarlo.10/51/TRAN_VDD_MC/groupRunDataDir/netlist
\o 
\o 
\o *Info*    Data Directory    =
\o           /home/saul/projects/IL2244_VT26_SAUL/Sim/ECG_IA/ecg_bandgap_tb/maestro/results/maestro/MonteCarlo.10/51/TRAN_VDD_MC/groupRunDataDir
\o 
\o Reusing AHDL Data dir
\o generate netlist...
\o function ansCdlCompPrim redefined
\o Ignoring netlist creation since ignoreDesignChangesDuringRun is set to true
\o       ...successful.
\o compose simulator input file...
\o       ...successful.
\o WARNING (ADE-3080): Fast viewing extensions for PSF XL format (also known as RTSF) will be discontinued  
\o        and Virtuoso Visualization and Analysis XL will not use RTSF data to plot waveforms from IC6.1.8 ISR7 onward. 
\o        There will be no performance impact on data visualization due to this change.
\o [2026-04-10 17:33:26.506 Z] [PROCESS] [cadence.virtuoso.ade.services.netlister] - Current memory used: 708.0938 MBytes, peak memory used: 708.0938 MBytes {"hostname": "edatools", "processid": 642797, "testname": "TRAN_VDD_MC", "point": 51, "logfile": "/home/saul/projects/IL2244_VT26_SAUL/logs_saul/logs0/Service128.log"}
\o [2026-04-10 17:33:26.506 Z] [INFO] [cadence.virtuoso.ade.services.netlister] - Finished netlisting {"point": 51, "testname": "TRAN_VDD_MC"}
\o [2026-04-10 17:33:26.507 Z] [EVENT] [cadence.virtuoso.ade.services.netlister] - GroupPoints {"point": 76, "testname": "TRAN_VDD_MC", "event": "GroupPoints", "EventSource": "Netlist Service", "Points": "76:1:100", "HistoryName": "MonteCarlo.10", "logFile": "/home/saul/projects/IL2244_VT26_SAUL/logs_saul/logs0/Service128.log", "logFileSize": "17051"}
\o [2026-04-10 17:33:26.507 Z] [INFO] [cadence.virtuoso.ade.services.netlister] - Started netlisting {"point": 76, "testname": "TRAN_VDD_MC"}
\o Resetting statistical vars
\o 
\o *Info*    Setting parameter values ...
\o 
\o 
\o *Info*    Netlist Directory =
\o           /home/saul/projects/IL2244_VT26_SAUL/Sim/ECG_IA/ecg_bandgap_tb/maestro/results/maestro/MonteCarlo.10/76/TRAN_VDD_MC/groupRunDataDir/netlist
\o 
\o 
\o *Info*    Data Directory    =
\o           /home/saul/projects/IL2244_VT26_SAUL/Sim/ECG_IA/ecg_bandgap_tb/maestro/results/maestro/MonteCarlo.10/76/TRAN_VDD_MC/groupRunDataDir
\o 
\o Reusing AHDL Data dir
\o generate netlist...
\o function ansCdlCompPrim redefined
\o Ignoring netlist creation since ignoreDesignChangesDuringRun is set to true
\o       ...successful.
\o compose simulator input file...
\o       ...successful.
\o WARNING (ADE-3080): Fast viewing extensions for PSF XL format (also known as RTSF) will be discontinued  
\o        and Virtuoso Visualization and Analysis XL will not use RTSF data to plot waveforms from IC6.1.8 ISR7 onward. 
\o        There will be no performance impact on data visualization due to this change.
\o [2026-04-10 17:33:26.726 Z] [PROCESS] [cadence.virtuoso.ade.services.netlister] - Current memory used: 708.6875 MBytes, peak memory used: 708.6875 MBytes {"hostname": "edatools", "processid": 642797, "testname": "TRAN_VDD_MC", "point": 76, "logfile": "/home/saul/projects/IL2244_VT26_SAUL/logs_saul/logs0/Service128.log"}
\o [2026-04-10 17:33:26.727 Z] [INFO] [cadence.virtuoso.ade.services.netlister] - Finished netlisting {"point": 76, "testname": "TRAN_VDD_MC"}
\o [2026-04-10 17:33:26.727 Z] [EVENT] [cadence.virtuoso.ade.services.netlister] - GroupPoints {"point": 101, "testname": "TRAN_VDD_MC", "event": "GroupPoints", "EventSource": "Netlist Service", "Points": "101:1:125", "HistoryName": "MonteCarlo.10", "logFile": "/home/saul/projects/IL2244_VT26_SAUL/logs_saul/logs0/Service128.log", "logFileSize": "19040"}
\o [2026-04-10 17:33:26.727 Z] [INFO] [cadence.virtuoso.ade.services.netlister] - Started netlisting {"point": 101, "testname": "TRAN_VDD_MC"}
\o Resetting statistical vars
\o 
\o *Info*    Setting parameter values ...
\o 
\o 
\o *Info*    Netlist Directory =
\o           /home/saul/projects/IL2244_VT26_SAUL/Sim/ECG_IA/ecg_bandgap_tb/maestro/results/maestro/MonteCarlo.10/101/TRAN_VDD_MC/groupRunDataDir/netlist
\o 
\o 
\o *Info*    Data Directory    =
\o           /home/saul/projects/IL2244_VT26_SAUL/Sim/ECG_IA/ecg_bandgap_tb/maestro/results/maestro/MonteCarlo.10/101/TRAN_VDD_MC/groupRunDataDir
\o 
\o Reusing AHDL Data dir
\o generate netlist...
\o function ansCdlCompPrim redefined
\o Ignoring netlist creation since ignoreDesignChangesDuringRun is set to true
\o       ...successful.
\o compose simulator input file...
\o       ...successful.
\o WARNING (ADE-3080): Fast viewing extensions for PSF XL format (also known as RTSF) will be discontinued  
\o        and Virtuoso Visualization and Analysis XL will not use RTSF data to plot waveforms from IC6.1.8 ISR7 onward. 
\o        There will be no performance impact on data visualization due to this change.
\o [2026-04-10 17:33:26.956 Z] [PROCESS] [cadence.virtuoso.ade.services.netlister] - Current memory used: 711.1094 MBytes, peak memory used: 711.1094 MBytes {"hostname": "edatools", "processid": 642797, "testname": "TRAN_VDD_MC", "point": 101, "logfile": "/home/saul/projects/IL2244_VT26_SAUL/logs_saul/logs0/Service128.log"}
\o [2026-04-10 17:33:26.956 Z] [INFO] [cadence.virtuoso.ade.services.netlister] - Finished netlisting {"point": 101, "testname": "TRAN_VDD_MC"}
\o [2026-04-10 17:33:26.957 Z] [EVENT] [cadence.virtuoso.ade.services.netlister] - GroupPoints {"point": 126, "testname": "TRAN_VDD_MC", "event": "GroupPoints", "EventSource": "Netlist Service", "Points": "126:1:150", "HistoryName": "MonteCarlo.10", "logFile": "/home/saul/projects/IL2244_VT26_SAUL/logs_saul/logs0/Service128.log", "logFileSize": "21036"}
\o [2026-04-10 17:33:26.957 Z] [INFO] [cadence.virtuoso.ade.services.netlister] - Started netlisting {"point": 126, "testname": "TRAN_VDD_MC"}
\o Resetting statistical vars
\o 
\o *Info*    Setting parameter values ...
\o 
\o 
\o *Info*    Netlist Directory =
\o           /home/saul/projects/IL2244_VT26_SAUL/Sim/ECG_IA/ecg_bandgap_tb/maestro/results/maestro/MonteCarlo.10/126/TRAN_VDD_MC/groupRunDataDir/netlist
\o 
\o 
\o *Info*    Data Directory    =
\o           /home/saul/projects/IL2244_VT26_SAUL/Sim/ECG_IA/ecg_bandgap_tb/maestro/results/maestro/MonteCarlo.10/126/TRAN_VDD_MC/groupRunDataDir
\o 
\o Reusing AHDL Data dir
\o generate netlist...
\o function ansCdlCompPrim redefined
\o Ignoring netlist creation since ignoreDesignChangesDuringRun is set to true
\o       ...successful.
\o compose simulator input file...
\o       ...successful.
\o WARNING (ADE-3080): Fast viewing extensions for PSF XL format (also known as RTSF) will be discontinued  
\o        and Virtuoso Visualization and Analysis XL will not use RTSF data to plot waveforms from IC6.1.8 ISR7 onward. 
\o        There will be no performance impact on data visualization due to this change.
\o [2026-04-10 17:33:27.184 Z] [PROCESS] [cadence.virtuoso.ade.services.netlister] - Current memory used: 713.9141 MBytes, peak memory used: 713.9141 MBytes {"hostname": "edatools", "processid": 642797, "testname": "TRAN_VDD_MC", "point": 126, "logfile": "/home/saul/projects/IL2244_VT26_SAUL/logs_saul/logs0/Service128.log"}
\o [2026-04-10 17:33:27.184 Z] [INFO] [cadence.virtuoso.ade.services.netlister] - Finished netlisting {"point": 126, "testname": "TRAN_VDD_MC"}
\o [2026-04-10 17:33:27.185 Z] [EVENT] [cadence.virtuoso.ade.services.netlister] - GroupPoints {"point": 151, "testname": "TRAN_VDD_MC", "event": "GroupPoints", "EventSource": "Netlist Service", "Points": "151:1:175", "HistoryName": "MonteCarlo.10", "logFile": "/home/saul/projects/IL2244_VT26_SAUL/logs_saul/logs0/Service128.log", "logFileSize": "23032"}
\o [2026-04-10 17:33:27.185 Z] [INFO] [cadence.virtuoso.ade.services.netlister] - Started netlisting {"point": 151, "testname": "TRAN_VDD_MC"}
\o Resetting statistical vars
\o 
\o *Info*    Setting parameter values ...
\o 
\o 
\o *Info*    Netlist Directory =
\o           /home/saul/projects/IL2244_VT26_SAUL/Sim/ECG_IA/ecg_bandgap_tb/maestro/results/maestro/MonteCarlo.10/151/TRAN_VDD_MC/groupRunDataDir/netlist
\o 
\o 
\o *Info*    Data Directory    =
\o           /home/saul/projects/IL2244_VT26_SAUL/Sim/ECG_IA/ecg_bandgap_tb/maestro/results/maestro/MonteCarlo.10/151/TRAN_VDD_MC/groupRunDataDir
\o 
\o Reusing AHDL Data dir
\o generate netlist...
\o function ansCdlCompPrim redefined
\o Ignoring netlist creation since ignoreDesignChangesDuringRun is set to true
\o       ...successful.
\o compose simulator input file...
\o       ...successful.
\o WARNING (ADE-3080): Fast viewing extensions for PSF XL format (also known as RTSF) will be discontinued  
\o        and Virtuoso Visualization and Analysis XL will not use RTSF data to plot waveforms from IC6.1.8 ISR7 onward. 
\o        There will be no performance impact on data visualization due to this change.
\o [2026-04-10 17:33:27.479 Z] [PROCESS] [cadence.virtuoso.ade.services.netlister] - Current memory used: 715.0078 MBytes, peak memory used: 715.0078 MBytes {"hostname": "edatools", "processid": 642797, "testname": "TRAN_VDD_MC", "point": 151, "logfile": "/home/saul/projects/IL2244_VT26_SAUL/logs_saul/logs0/Service128.log"}
\o [2026-04-10 17:33:27.479 Z] [INFO] [cadence.virtuoso.ade.services.netlister] - Finished netlisting {"point": 151, "testname": "TRAN_VDD_MC"}
\o [2026-04-10 17:33:27.480 Z] [EVENT] [cadence.virtuoso.ade.services.netlister] - GroupPoints {"point": 176, "testname": "TRAN_VDD_MC", "event": "GroupPoints", "EventSource": "Netlist Service", "Points": "176:1:200", "HistoryName": "MonteCarlo.10", "logFile": "/home/saul/projects/IL2244_VT26_SAUL/logs_saul/logs0/Service128.log", "logFileSize": "25028"}
\o [2026-04-10 17:33:27.480 Z] [INFO] [cadence.virtuoso.ade.services.netlister] - Started netlisting {"point": 176, "testname": "TRAN_VDD_MC"}
\o Resetting statistical vars
\o 
\o *Info*    Setting parameter values ...
\o 
\o 
\o *Info*    Netlist Directory =
\o           /home/saul/projects/IL2244_VT26_SAUL/Sim/ECG_IA/ecg_bandgap_tb/maestro/results/maestro/MonteCarlo.10/176/TRAN_VDD_MC/groupRunDataDir/netlist
\o 
\o 
\o *Info*    Data Directory    =
\o           /home/saul/projects/IL2244_VT26_SAUL/Sim/ECG_IA/ecg_bandgap_tb/maestro/results/maestro/MonteCarlo.10/176/TRAN_VDD_MC/groupRunDataDir
\o 
\o Reusing AHDL Data dir
\o generate netlist...
\o function ansCdlCompPrim redefined
\o Ignoring netlist creation since ignoreDesignChangesDuringRun is set to true
\o       ...successful.
\o compose simulator input file...
\o       ...successful.
\o WARNING (ADE-3080): Fast viewing extensions for PSF XL format (also known as RTSF) will be discontinued  
\o        and Virtuoso Visualization and Analysis XL will not use RTSF data to plot waveforms from IC6.1.8 ISR7 onward. 
\o        There will be no performance impact on data visualization due to this change.
\o [2026-04-10 17:33:27.719 Z] [PROCESS] [cadence.virtuoso.ade.services.netlister] - Current memory used: 715.0078 MBytes, peak memory used: 715.0078 MBytes {"hostname": "edatools", "processid": 642797, "testname": "TRAN_VDD_MC", "point": 176, "logfile": "/home/saul/projects/IL2244_VT26_SAUL/logs_saul/logs0/Service128.log"}
\o [2026-04-10 17:33:27.719 Z] [INFO] [cadence.virtuoso.ade.services.netlister] - Finished netlisting {"point": 176, "testname": "TRAN_VDD_MC"}
\# Memory report: Maximum memory size now 54,288 MB at UTC 2026.04.10 17:33:33.723
\# Memory report: Maximum memory size now 52,945 MB at UTC 2026.04.10 17:34:06.761
\o Simulation design variables differ from those on the cellView,
\o they have been saved in the file "/tmp/saved-design-variables".
\o To save future changes, copy variables to cellView before exiting.
\# Lic Summary:
\# [17:38:29.121251] Cdslmd servers:3000@lic08.ug.kth.se:29000@lic06.ug.kth.se
\# [17:38:29.121274] Feature usage summary:
\# Memory report: on exit            446 MB, process size 2,209 MB at UTC 2026.04.10 17:38:29.121
\# Memory report: peak usage         446 MB, process size 2,211 MB
