\# Program start time:     UTC 2026.04.09 06:08:48.252
\# Local time: UTC (UTC+00:00) 2026.04.09 06:08:48.252
\o Program:		@(#)$CDS: virtuoso version 6.1.8-64b 09/03/2024 19:11 (sjfhw316) $
\o Hierarchy:		/opt/tools/cadence/installs/IC618/tools.lnx86/dfII/
\o Sub version:		sub-version  IC6.1.8-64b.500.36  (64-bit addresses)
\# Command line:	/opt/tools/cadence/installs/IC618/tools.lnx86/dfII/bin/64bit/virtuoso -beanhost edatools -beanport 11300 -beanbinlog  -beanLogFile /home/saul/projects/IL2244_VT26_SAUL/logs_saul/logs0/amps_Service17.log -mpssession virtuoso465 -mpshost edatools -davinciService DaVinciService_465_1775629239 -scopedPid 465 -axlSession fnxSession1 -axlServiceIdFlag 17 -uuid 0a3cca70-0b13-416e-b557-73630eb6e4e5 -heartbeat /dev/shm/swift-heartbeat.l0j6XlY0ox -log /home/saul/projects/IL2244_VT26_SAUL/logs_saul/logs0/Service17.log -noautostart -nographE -lscs 000175E1894CBE06FF0966E38F1FFC06BC4D138FFC7EFC06BC4D68F886089075D3225CD1A12FD236867F66E38F1FFC06BC4D66E38F1FFC06BC4D0F34CD71BE68D59A00001E56 -interactive -offlineExprEval -fenixMode assembler -heartbeatTimeout  -lingerTimeout 300 -pointlifetime -1
\# Host name (type):	edatools (x86_64)
\# Operating system:	Linux 6.17.0-20-generic #20~24.04.1-Ubuntu SMP PREEMPT_DYNAMIC Thu Mar 19 01:28:37 UTC 2
\# Linux /etc/issue:	\S
\# Linux /etc/issue:	Kernel \r on an \m
\# X display name (WxH):	:2953 (1024x868)
\# Available geometry:			TL(0:0) BR(1023:867)
\# X server:			The X.Org Foundation
\# Depth of Visual (Root):	24 (24)
\# Number of Planes Used:	24
\# X version:		11.0 (vendor release 12011000)
\# X resource pool:	base 0x400000, mask 0x1fffff (2097151), shift 0
\# 			current id 0x0, current max 0x1ffffa (2097146)
\# Max data seg size:	     unlimited
\# Max process size:	     unlimited
\# Initial sbrk value:	        930 MB
\# Available memory:	     58,559 MB
\# System memory:	     72,238 MB
\# Maximum memory size:	     71,428 MB
\# Max mem available:	     58,679 MB
\# Initial memory used:	        119 MB
\#        process size:	      1,676 MB
\# Thread usage limits (effective/default):	maxthreads 4294967295/4294967295 maxload 16.00/16.00
\# Qt version:		5.9.1
\# Window Manager:	other
\# User Name:		saul
\o Working Directory:	edatools:/home/saul/projects/IL2244_VT26_SAUL
\# Process Id:		89241
\o 
\o COPYRIGHT (C) 1992-2024  CADENCE DESIGN SYSTEMS INC.  ALL RIGHTS RESERVED.
\o           (C) 1992-2024  UNIX SYSTEMS Laboratories INC.,
\o                          Reproduced with permission.
\o 
\o This Cadence Design Systems program and online documentation are
\o proprietary/confidential information and may be disclosed/used only
\o as authorized in a license agreement controlling such use and disclosure.
\o 
\o           RESTRICTED RIGHTS NOTICE (SHORT FORM)
\o Use/reproduction/disclosure is subject to restriction
\o set forth at FAR 1252.227-19 or its equivalent.
\o Loading geView.cxt 
\o Loading menuBuilder.cxt 
\o Loading schView.cxt 
\o Loading selectSv.cxt 
\o Loading wireEdit.cxt 
\o Loading pte2.cxt 
\o Loading xlUI.cxt 
\o Loading auCore.cxt 
\o Loading vhdl.cxt 
\o Loading seismic.cxt 
\o Loading ci.cxt 
\o Loading ams.cxt 
\o Loading oasis.cxt 
\o Loading analog.cxt 
\o Loading asimenv.cxt 
\o Loading dal.cxt 
\o Loading awv.cxt 
\o Loading socket.cxt 
\o Loading par.cxt 
\o Loading alvs.cxt 
\o Loading caa.cxt 
\o Loading amps.cxt 
\o Loading adexlCore.cxt 
\# Memory report: using         230 MB, process size 1,910 MB at UTC 2026.04.09 06:08:49.117
\o Loading adexl.cxt 
\o *Info*    Exporting services from client ... 
\o 
\o Loading adexlDM.cxt 
\o Loading cpf.cxt 
\o Loading cli.cxt 
\o Loading lp.cxt 
\o INFO (ELI-00302) Connecting to parent process (session=virtuoso465, host=edatools). Connection mode is LSCS. Total timeout is 180 seconds. Connection timeout is 90 seconds.
\o INFO (ELI-00303) Step 1: Connecting to parent. Time spent is 0 seconds.
\o INFO (ELI-00304) The registration of the child 89241 within 90 seconds is being processed...
\o INFO (ELI-00305) The result of registration is true. Time spent is 0 seconds.
\o INFO (ELI-00308) The connection has ended. Result is true. Total time spent is 0 seconds.
\# [06:08:48.445394] Configured Lic search path (22.01-s002): 3000@lic08.ug.kth.se:29000@lic06.ug.kth.se
\o ......................................................................................
\o            ams AG HIT-Kit v.ams_4.10
\o ......................................................................................
\o COPYRIGHT (c) 2012 Full Service Foundry @ ams AG.  ALL RIGHTS RESERVED
\o This HIT-Kit and attached documentation are confidential information and may 
\o only be used as authorized by the HIT-Kit license agreement.
\o ......................................................................................
\# Current Window: window(2)
\o Loading simulator default settings.
\o //
\o //  Calibre Skill Interface * (v2024.4_12.9) *
\o //
\o //                         Copyright Siemens 1996-2020     
\o //                             All Rights Reserved.
\o //         THIS WORK CONTAINS TRADE SECRET AND PROPRIETARY INFORMATION
\o //            WHICH IS THE PROPERTY OF MENTOR GRAPHICS CORPORATION
\o //              OR ITS LICENSORS AND IS SUBJECT TO LICENSE TERMS.
\o //
\o //
\o Loading simulator default settings.
\p hitkit: ams_4.10  Tech: c35b4c3  User: saul 
\w *WARNING* could not load font "-*-courier-medium-r-*-*-12-*", using font "fixed"
\# Loading perfDiag...
\# (PerfDiag): Set GDB path to environment variable 'gdbPath' (gdb).
\# Performance Diagnostic tool is installed. You can access PerfDiag from CIW Tools or use the shell command 'cdsPerfDiag -p 89241' to open it when Virtuoso freezes.
\# (PerfDiag): Use backtrace from GLIBC.
\w *WARNING* _perfPstackCheck: Cannot find pstack/gstack. Please setup PATH environment variable to pstack/gstack executable.
\i _axlRunServices()
\# [06:08:50.449256] periodic Lic check successful
\# [06:08:50.449257] Feature usage summary:
\o Loading simui.cxt 
\o [2026-04-09 06:08:50.473 Z] [PROCESS] [cadence.virtuoso.ade.services] - Netlist Service has successfully started. Waiting for incoming messages ... {"hostname": "edatools", "processid": 89241, "logfile": "/home/saul/projects/IL2244_VT26_SAUL/logs_saul/logs0/Service17.log"}
\o [2026-04-09 06:08:50.517 Z] [EVENT] [cadence.virtuoso.ade.services.netlister] - NewPoint {"point": 0, "testname": "FECG_fecg_cmfb_tb_1", "event": "NewPoint", "EventSource": "Netlist Service", "HistoryName": "Interactive.92", "logFile": "/home/saul/projects/IL2244_VT26_SAUL/logs_saul/logs0/Service17.log", "logFileSize": "5733"}
\o [2026-04-09 06:08:50.518 Z] [INFO] [cadence.virtuoso.ade.services.netlister] - Started preparing netlist {"point": 0, "testname": "FECG_fecg_cmfb_tb_1", "testnameKey": "FECG_fecg_cmfb_tb_1"}
\o Loading vqp.cxt 
\o Loading vdsil.cxt 
\o *Warning* AXL Context Manager : job 17 is already registered. 
\o 
\o Loading hdlPkg.cxt 
\o 
\o 
\o *Info*    Configuring the session ...
\o 
\o 	Library      = FECG
\o 	Cell         = fecg_cmfb_tb
\o 	View         = schematic
\o 	Simulator    = spectre
\o 	State Path   = $AXL_SETUPDB_DIR/test_states
\o 	State Name   = Interactive.92
\o 	Results DB   = /home/saul/projects/IL2244_VT26_SAUL/FECG/fecg_cmfb_tb/maestro/results/maestro/Interactive.92.rdb
\o 	Results Dir  = /home/saul/projects/IL2244_VT26_SAUL/Sim/FECG/fecg_cmfb_tb/maestro/results/maestro/Interactive.92/1/FECG_fecg_cmfb_tb_1
\o 	Results Loc  = /home/saul/projects/IL2244_VT26_SAUL/Sim/FECG/fecg_cmfb_tb/maestro/results/maestro
\o 	Project Dir  = /home/saul/projects/IL2244_VT26_SAUL/Sim
\o 	Setup DB loc = /home/saul/projects/IL2244_VT26_SAUL/FECG/fecg_cmfb_tb/maestro
\o 	File Encoding = 0
\o 
\o 
\o Loading viva.cxt 
\o Loading spectrei.cxt 
\o Loading devCheck.cxt 
\o Loading relXpert.cxt 
\# Memory report: using         393 MB, process size 2,153 MB at UTC 2026.04.09 06:08:52.127
\o Loading hspiceD.cxt 
\o Loading spectreinl.cxt 
\o Loading msgHandler.cxt 
\o Loading UltraSim.cxt 
\o Loading AMSOSS.cxt 
\o Loading AMS.cxt 
\o 
\o *Info*    The auto suspension is disabled.
\o 
\o Loading elec.cxt 
\o Resetting statistical vars
\o 
\o *Info*    Setting parameter values ...
\o 
\o Setting var Ce_sg = "30p"
\o Setting var Csg_tg = "5p"
\o Setting var RL = "0"
\o Setting var VREF = "1"
\o Setting var VREF_PULSE = "0"
\o Setting var VS_CM = "14.14"
\o Loading monte.cxt 
\o Reusing AHDL Data dir
\o 
\o *Info*    Data Directory    =
\o           /home/saul/projects/IL2244_VT26_SAUL/Sim/FECG/fecg_cmfb_tb/maestro/results/maestro/Interactive.92/psf/FECG_fecg_cmfb_tb_1
\o 
\o generate netlist...
\o Loading hnlInit.cxt 
\o Loading seCore.cxt 
\o function ansCdlCompPrim redefined
\o function ansCdlCompPrim redefined
\o Begin Incremental Netlisting Apr  9 06:08:52 2026
\o Loading json.cxt 
\o End netlisting Apr  9 06:08:52 2026
\o 
\o Netlisting Statistics:
\o 	Number of components:   22
\o 
\o 	Elapsed time:          0.0s
\o Errors: 0	Warnings: 0
\o       ...successful.
\o compose simulator input file...
\o       ...successful.
\o [2026-04-09 06:08:52.686 Z] [INFO] [cadence.virtuoso.ade.services.netlister] - Finished preparing netlist {"point": 0, "testname": "FECG_fecg_cmfb_tb_1", "testnameKey": "FECG_fecg_cmfb_tb_1"}
\o [2026-04-09 06:08:52.688 Z] [EVENT] [cadence.virtuoso.ade.services.netlister] - NewPoint {"point": 0, "testname": "STAB", "event": "NewPoint", "EventSource": "Netlist Service", "HistoryName": "Interactive.92", "logFile": "/home/saul/projects/IL2244_VT26_SAUL/logs_saul/logs0/Service17.log", "logFileSize": "7901"}
\o [2026-04-09 06:08:52.689 Z] [INFO] [cadence.virtuoso.ade.services.netlister] - Started preparing netlist {"point": 0, "testname": "STAB", "testnameKey": "STAB"}
\o Simulation design variables differ from those on the cellView,
\o they have been saved in the file "/tmp/saved-design-variables".
\o To save future changes, copy variables to cellView before exiting.
\o *Warning* AXL Context Manager : job 17 is already registered. 
\o 
\o 
\o 
\o *Info*    Configuring the session ...
\o 
\o 	Library      = FECG
\o 	Cell         = fecg_cmfb_tb
\o 	View         = schematic
\o 	Simulator    = spectre
\o 	State Path   = $AXL_SETUPDB_DIR/test_states
\o 	State Name   = Interactive.92
\o 	Results DB   = /home/saul/projects/IL2244_VT26_SAUL/FECG/fecg_cmfb_tb/maestro/results/maestro/Interactive.92.rdb
\o 	Results Dir  = /home/saul/projects/IL2244_VT26_SAUL/Sim/FECG/fecg_cmfb_tb/maestro/results/maestro/Interactive.92/1/STAB
\o 	Results Loc  = /home/saul/projects/IL2244_VT26_SAUL/Sim/FECG/fecg_cmfb_tb/maestro/results/maestro
\o 	Project Dir  = /home/saul/projects/IL2244_VT26_SAUL/Sim
\o 	Setup DB loc = /home/saul/projects/IL2244_VT26_SAUL/FECG/fecg_cmfb_tb/maestro
\o 	File Encoding = 0
\o 
\o 
\o 
\o *Info*    The auto suspension is disabled.
\o 
\o Resetting statistical vars
\o 
\o *Info*    Setting parameter values ...
\o 
\o Setting var Ce_sg = "30p"
\o Setting var Csg_tg = "5p"
\o Setting var RL = "0"
\o Setting var VREF = "1"
\o Setting var VREF_PULSE = "10m"
\o Setting var VS_CM = "0"
\o Reusing AHDL Data dir
\o 
\o *Info*    Data Directory    =
\o           /home/saul/projects/IL2244_VT26_SAUL/Sim/FECG/fecg_cmfb_tb/maestro/results/maestro/Interactive.92/psf/STAB
\o 
\o generate netlist...
\o function ansCdlCompPrim redefined
\o Ignoring netlist creation since ignoreDesignChangesDuringRun is set to true
\o       ...successful.
\o compose simulator input file...
\o       ...successful.
\o [2026-04-09 06:08:53.854 Z] [INFO] [cadence.virtuoso.ade.services.netlister] - Finished preparing netlist {"point": 0, "testname": "STAB", "testnameKey": "STAB"}
\o [2026-04-09 06:08:54.859 Z] [EVENT] [cadence.virtuoso.ade.services.netlister] - NewPoint {"point": 1, "testname": "FECG_fecg_cmfb_tb_1", "event": "NewPoint", "EventSource": "Netlist Service", "HistoryName": "Interactive.92", "logFile": "/home/saul/projects/IL2244_VT26_SAUL/logs_saul/logs0/Service17.log", "logFileSize": "7901"}
\o [2026-04-09 06:08:54.859 Z] [INFO] [cadence.virtuoso.ade.services.netlister] - Started netlisting {"point": 1, "testname": "FECG_fecg_cmfb_tb_1"}
\o Simulation design variables differ from those on the cellView,
\o they have been saved in the file "/tmp/saved-design-variables".
\o To save future changes, copy variables to cellView before exiting.
\o *Warning* AXL Context Manager : job 17 is already registered. 
\o 
\o 
\o 
\o *Info*    Configuring the session ...
\o 
\o 	Library      = FECG
\o 	Cell         = fecg_cmfb_tb
\o 	View         = schematic
\o 	Simulator    = spectre
\o 	State Path   = $AXL_SETUPDB_DIR/test_states
\o 	State Name   = Interactive.92
\o 	Results DB   = /home/saul/projects/IL2244_VT26_SAUL/FECG/fecg_cmfb_tb/maestro/results/maestro/Interactive.92.rdb
\o 	Results Dir  = /home/saul/projects/IL2244_VT26_SAUL/Sim/FECG/fecg_cmfb_tb/maestro/results/maestro/Interactive.92/1/FECG_fecg_cmfb_tb_1
\o 	Results Loc  = /home/saul/projects/IL2244_VT26_SAUL/Sim/FECG/fecg_cmfb_tb/maestro/results/maestro
\o 	Project Dir  = /home/saul/projects/IL2244_VT26_SAUL/Sim
\o 	Setup DB loc = /home/saul/projects/IL2244_VT26_SAUL/FECG/fecg_cmfb_tb/maestro
\o 	File Encoding = 0
\o 
\o 
\o 
\o *Info*    The auto suspension is disabled.
\o 
\o Resetting statistical vars
\o 
\o *Info*    Setting parameter values ...
\o 
\o Setting var Ce_sg = "30p"
\o Setting var Csg_tg = "5p"
\o Setting var RL = "0"
\o Setting var VREF = "1"
\o Setting var VREF_PULSE = "0"
\o Setting var VS_CM = "14.14"
\o Setting var temperature = "27"
\o Setting temp(T) = 27
\o 
\o *Info*    Netlist Directory =
\o           /home/saul/projects/IL2244_VT26_SAUL/Sim/FECG/fecg_cmfb_tb/maestro/results/maestro/Interactive.92/1/FECG_fecg_cmfb_tb_1/netlist
\o 
\o 
\o *Info*    Data Directory    =
\o           /home/saul/projects/IL2244_VT26_SAUL/Sim/FECG/fecg_cmfb_tb/maestro/results/maestro/Interactive.92/1/FECG_fecg_cmfb_tb_1
\o 
\o Reusing AHDL Data dir
\o generate netlist...
\o function ansCdlCompPrim redefined
\o Ignoring netlist creation since ignoreDesignChangesDuringRun is set to true
\o       ...successful.
\o compose simulator input file...
\o       ...successful.
\o WARNING (ADE-3080): Fast viewing extensions for PSF XL format (also known as RTSF) will be discontinued  
\o        and Virtuoso Visualization and Analysis XL will not use RTSF data to plot waveforms from IC6.1.8 ISR7 onward. 
\o        There will be no performance impact on data visualization due to this change.
\o [2026-04-09 06:08:55.745 Z] [PROCESS] [cadence.virtuoso.ade.services.netlister] - Current memory used: 704.6953 MBytes, peak memory used: 704.6953 MBytes {"hostname": "edatools", "processid": 89241, "testname": "FECG_fecg_cmfb_tb_1", "point": 1, "logfile": "/home/saul/projects/IL2244_VT26_SAUL/logs_saul/logs0/Service17.log"}
\o [2026-04-09 06:08:55.745 Z] [INFO] [cadence.virtuoso.ade.services.netlister] - Finished netlisting {"point": 1, "testname": "FECG_fecg_cmfb_tb_1"}
\o [2026-04-09 06:08:56.749 Z] [EVENT] [cadence.virtuoso.ade.services.netlister] - NewPoint {"point": 1, "testname": "STAB", "event": "NewPoint", "EventSource": "Netlist Service", "HistoryName": "Interactive.92", "logFile": "/home/saul/projects/IL2244_VT26_SAUL/logs_saul/logs0/Service17.log", "logFileSize": "14940"}
\o [2026-04-09 06:08:56.750 Z] [INFO] [cadence.virtuoso.ade.services.netlister] - Started netlisting {"point": 1, "testname": "STAB"}
\o Simulation design variables differ from those on the cellView,
\o they have been saved in the file "/tmp/saved-design-variables".
\o To save future changes, copy variables to cellView before exiting.
\o *Warning* AXL Context Manager : job 17 is already registered. 
\o 
\o 
\o 
\o *Info*    Configuring the session ...
\o 
\o 	Library      = FECG
\o 	Cell         = fecg_cmfb_tb
\o 	View         = schematic
\o 	Simulator    = spectre
\o 	State Path   = $AXL_SETUPDB_DIR/test_states
\o 	State Name   = Interactive.92
\o 	Results DB   = /home/saul/projects/IL2244_VT26_SAUL/FECG/fecg_cmfb_tb/maestro/results/maestro/Interactive.92.rdb
\o 	Results Dir  = /home/saul/projects/IL2244_VT26_SAUL/Sim/FECG/fecg_cmfb_tb/maestro/results/maestro/Interactive.92/1/STAB
\o 	Results Loc  = /home/saul/projects/IL2244_VT26_SAUL/Sim/FECG/fecg_cmfb_tb/maestro/results/maestro
\o 	Project Dir  = /home/saul/projects/IL2244_VT26_SAUL/Sim
\o 	Setup DB loc = /home/saul/projects/IL2244_VT26_SAUL/FECG/fecg_cmfb_tb/maestro
\o 	File Encoding = 0
\o 
\o 
\o 
\o *Info*    The auto suspension is disabled.
\o 
\o Resetting statistical vars
\o 
\o *Info*    Setting parameter values ...
\o 
\o Setting var Ce_sg = "30p"
\o Setting var Csg_tg = "5p"
\o Setting var RL = "0"
\o Setting var VREF = "1"
\o Setting var VREF_PULSE = "10m"
\o Setting var VS_CM = "0"
\o Setting var temperature = "27"
\o Setting temp(T) = 27
\o 
\o *Info*    Netlist Directory =
\o           /home/saul/projects/IL2244_VT26_SAUL/Sim/FECG/fecg_cmfb_tb/maestro/results/maestro/Interactive.92/1/STAB/netlist
\o 
\o 
\o *Info*    Data Directory    =
\o           /home/saul/projects/IL2244_VT26_SAUL/Sim/FECG/fecg_cmfb_tb/maestro/results/maestro/Interactive.92/1/STAB
\o 
\o Reusing AHDL Data dir
\o generate netlist...
\o function ansCdlCompPrim redefined
\o Ignoring netlist creation since ignoreDesignChangesDuringRun is set to true
\o       ...successful.
\o compose simulator input file...
\o       ...successful.
\o WARNING (ADE-3080): Fast viewing extensions for PSF XL format (also known as RTSF) will be discontinued  
\o        and Virtuoso Visualization and Analysis XL will not use RTSF data to plot waveforms from IC6.1.8 ISR7 onward. 
\o        There will be no performance impact on data visualization due to this change.
\o [2026-04-09 06:08:57.486 Z] [PROCESS] [cadence.virtuoso.ade.services.netlister] - Current memory used: 708.9570 MBytes, peak memory used: 708.9570 MBytes {"hostname": "edatools", "processid": 89241, "testname": "STAB", "point": 1, "logfile": "/home/saul/projects/IL2244_VT26_SAUL/logs_saul/logs0/Service17.log"}
\o [2026-04-09 06:08:57.486 Z] [INFO] [cadence.virtuoso.ade.services.netlister] - Finished netlisting {"point": 1, "testname": "STAB"}
\# Available memory:         58,008 MB at UTC 2026.04.09 06:09:01.489
\# Memory report: Maximum memory size now 58,448 MB at UTC 2026.04.09 06:09:01.490
\# Thread usage report: 22 active threads, active load 1.40 at UTC 2026.04.09 06:09:01.490
\o Simulation design variables differ from those on the cellView,
\o they have been saved in the file "/tmp/saved-design-variables".
\o To save future changes, copy variables to cellView before exiting.
\# Lic Summary:
\# [06:14:00.336825] Cdslmd servers:3000@lic08.ug.kth.se:29000@lic06.ug.kth.se
\# [06:14:00.336848] Feature usage summary:
\# Memory report: on exit            439 MB, process size 2,202 MB at UTC 2026.04.09 06:14:00.861
\# Memory report: peak usage         439 MB, process size 2,204 MB
