\# Program start time:     UTC 2026.04.06 20:45:54.899
\# Local time: UTC (UTC+00:00) 2026.04.06 20:45:54.899
\o Program:		@(#)$CDS: virtuoso version 6.1.8-64b 09/03/2024 19:11 (sjfhw316) $
\o Hierarchy:		/opt/tools/cadence/installs/IC618/tools.lnx86/dfII/
\o Sub version:		sub-version  IC6.1.8-64b.500.36  (64-bit addresses)
\# Command line:	/opt/tools/cadence/installs/IC618/tools.lnx86/dfII/bin/64bit/virtuoso -beanhost edatools -beanport 11300 -beanbinlog  -beanLogFile /home/saul/projects/IL2244_VT26_SAUL/logs_saul/logs0/amps_Service13.log -mpssession virtuoso2857712 -mpshost edatools -davinciService DaVinciService_2857712_1775505815 -scopedPid 2857712 -axlSession fnxSession0 -axlServiceIdFlag 13 -uuid 5a4f4a1d-4917-4e37-b52e-2b9e27830f5c -heartbeat /dev/shm/swift-heartbeat.lDmsgrYb7N -log /home/saul/projects/IL2244_VT26_SAUL/logs_saul/logs0/Service13.log -noautostart -nographE -lscs 000175E1894CBE06FF0966E38F1FFC06BC4D138FFC7EFC06BC4D68F886089075D3225CD1A12FD236867F66E38F1FFC06BC4D66E38F1FFC06BC4D0F37949EE787D59900001E43 -interactive -offlineExprEval -fenixMode assembler -heartbeatTimeout  -lingerTimeout 300 -pointlifetime -1
\# Host name (type):	edatools (x86_64)
\# Operating system:	Linux 6.17.0-19-generic #19~24.04.2-Ubuntu SMP PREEMPT_DYNAMIC Fri Mar  6 23:08:46 UTC 2
\# Linux /etc/issue:	\S
\# Linux /etc/issue:	Kernel \r on an \m
\# X display name (WxH):	:7012 (1024x868)
\# Available geometry:			TL(0:0) BR(1023:867)
\# X server:			The X.Org Foundation
\# Depth of Visual (Root):	24 (24)
\# Number of Planes Used:	24
\# X version:		11.0 (vendor release 12011000)
\# X resource pool:	base 0x400000, mask 0x1fffff (2097151), shift 0
\# 			current id 0x0, current max 0x1ffffa (2097146)
\# Max data seg size:	     unlimited
\# Max process size:	     unlimited
\# Initial sbrk value:	      1,238 MB
\# Available memory:	     54,419 MB
\# System memory:	     72,238 MB
\# Maximum memory size:	     71,119 MB
\# Max mem available:	     54,538 MB
\# Initial memory used:	        119 MB
\#        process size:	      1,676 MB
\# Thread usage limits (effective/default):	maxthreads 4294967295/4294967295 maxload 16.00/16.00
\# Qt version:		5.9.1
\# Window Manager:	other
\# User Name:		saul
\o Working Directory:	edatools:/home/saul/projects/IL2244_VT26_SAUL
\# Process Id:		2906147
\o 
\o COPYRIGHT (C) 1992-2024  CADENCE DESIGN SYSTEMS INC.  ALL RIGHTS RESERVED.
\o           (C) 1992-2024  UNIX SYSTEMS Laboratories INC.,
\o                          Reproduced with permission.
\o 
\o This Cadence Design Systems program and online documentation are
\o proprietary/confidential information and may be disclosed/used only
\o as authorized in a license agreement controlling such use and disclosure.
\o 
\o           RESTRICTED RIGHTS NOTICE (SHORT FORM)
\o Use/reproduction/disclosure is subject to restriction
\o set forth at FAR 1252.227-19 or its equivalent.
\o Loading geView.cxt 
\o Loading menuBuilder.cxt 
\o Loading schView.cxt 
\o Loading selectSv.cxt 
\o Loading wireEdit.cxt 
\o Loading pte2.cxt 
\o Loading xlUI.cxt 
\o Loading auCore.cxt 
\o Loading vhdl.cxt 
\o Loading seismic.cxt 
\o Loading ci.cxt 
\o Loading ams.cxt 
\o Loading oasis.cxt 
\o Loading analog.cxt 
\o Loading asimenv.cxt 
\o Loading dal.cxt 
\o Loading awv.cxt 
\o Loading socket.cxt 
\o Loading par.cxt 
\o Loading alvs.cxt 
\o Loading caa.cxt 
\o Loading amps.cxt 
\o Loading adexlCore.cxt 
\o Loading adexl.cxt 
\o *Info*    Exporting services from client ... 
\o 
\o Loading adexlDM.cxt 
\o Loading cpf.cxt 
\o Loading cli.cxt 
\o Loading lp.cxt 
\o INFO (ELI-00302) Connecting to parent process (session=virtuoso2857712, host=edatools). Connection mode is LSCS. Total timeout is 180 seconds. Connection timeout is 90 seconds.
\o INFO (ELI-00303) Step 1: Connecting to parent. Time spent is 0 seconds.
\o INFO (ELI-00304) The registration of the child 2906147 within 90 seconds is being processed...
\o INFO (ELI-00305) The result of registration is true. Time spent is 0 seconds.
\o INFO (ELI-00308) The connection has ended. Result is true. Total time spent is 0 seconds.
\# [20:45:54.445346] Configured Lic search path (22.01-s002): 3000@lic08.ug.kth.se:29000@lic06.ug.kth.se
\o ......................................................................................
\o            ams AG HIT-Kit v.ams_4.10
\o ......................................................................................
\o COPYRIGHT (c) 2012 Full Service Foundry @ ams AG.  ALL RIGHTS RESERVED
\o This HIT-Kit and attached documentation are confidential information and may 
\o only be used as authorized by the HIT-Kit license agreement.
\o ......................................................................................
\# Current Window: window(2)
\o Loading simulator default settings.
\o //
\o //  Calibre Skill Interface * (v2024.4_12.9) *
\o //
\o //                         Copyright Siemens 1996-2020     
\o //                             All Rights Reserved.
\o //         THIS WORK CONTAINS TRADE SECRET AND PROPRIETARY INFORMATION
\o //            WHICH IS THE PROPERTY OF MENTOR GRAPHICS CORPORATION
\o //              OR ITS LICENSORS AND IS SUBJECT TO LICENSE TERMS.
\o //
\o //
\# Memory report: using         280 MB, process size 1,972 MB at UTC 2026.04.06 20:45:56.401
\o Loading simulator default settings.
\p hitkit: ams_4.10  Tech: c35b4c3  User: saul 
\w *WARNING* could not load font "-*-courier-medium-r-*-*-12-*", using font "fixed"
\# Loading perfDiag...
\# (PerfDiag): Set GDB path to environment variable 'gdbPath' (gdb).
\# Performance Diagnostic tool is installed. You can access PerfDiag from CIW Tools or use the shell command 'cdsPerfDiag -p 2906147' to open it when Virtuoso freezes.
\# (PerfDiag): Use backtrace from GLIBC.
\w *WARNING* _perfPstackCheck: Cannot find pstack/gstack. Please setup PATH environment variable to pstack/gstack executable.
\i _axlRunServices()
\# [20:45:56.189809] Periodic Lic check successful
\# [20:45:56.189816] Feature usage summary:
\o Loading simui.cxt 
\o [2026-04-06 20:45:56.736 Z] [PROCESS] [cadence.virtuoso.ade.services] - Netlist Service has successfully started. Waiting for incoming messages ... {"hostname": "edatools", "processid": 2906147, "logfile": "/home/saul/projects/IL2244_VT26_SAUL/logs_saul/logs0/Service13.log"}
\o [2026-04-06 20:45:56.778 Z] [EVENT] [cadence.virtuoso.ade.services.netlister] - NewPoint {"point": 0, "testname": "IN_MC", "event": "NewPoint", "EventSource": "Netlist Service", "HistoryName": "MonteCarlo.3", "logFile": "/home/saul/projects/IL2244_VT26_SAUL/logs_saul/logs0/Service13.log", "logFileSize": "5755"}
\o [2026-04-06 20:45:56.779 Z] [INFO] [cadence.virtuoso.ade.services.netlister] - Started preparing netlist {"point": 0, "testname": "IN_MC", "testnameKey": "IN_MC"}
\o Loading vqp.cxt 
\o Loading vdsil.cxt 
\o *Warning* AXL Context Manager : job 13 is already registered. 
\o 
\o Loading hdlPkg.cxt 
\o 
\o 
\o *Info*    Configuring the session ...
\o 
\o 	Library      = FECG
\o 	Cell         = fecg_tb
\o 	View         = schematic
\o 	Simulator    = spectre
\o 	State Path   = $AXL_SETUPDB_DIR/test_states
\o 	State Name   = MonteCarlo.3
\o 	Results DB   = /home/saul/projects/IL2244_VT26_SAUL/FECG/fecg_tb/maestro/results/maestro/MonteCarlo.3.rdb
\o 	Results Dir  = /home/saul/projects/IL2244_VT26_SAUL/Sim/FECG/fecg_tb/maestro/results/maestro/MonteCarlo.3/1/IN_MC
\o 	Results Loc  = /home/saul/projects/IL2244_VT26_SAUL/Sim/FECG/fecg_tb/maestro/results/maestro
\o 	Project Dir  = /home/saul/projects/IL2244_VT26_SAUL/Sim
\o 	Setup DB loc = /home/saul/projects/IL2244_VT26_SAUL/FECG/fecg_tb/maestro
\o 	File Encoding = 0
\o 
\o 
\o Loading viva.cxt 
\o Loading spectrei.cxt 
\o Loading devCheck.cxt 
\o Loading relXpert.cxt 
\o Loading hspiceD.cxt 
\o Loading spectreinl.cxt 
\o Loading msgHandler.cxt 
\o Loading UltraSim.cxt 
\o Loading AMSOSS.cxt 
\o Loading AMS.cxt 
\o 
\o *Info*    The auto suspension is disabled.
\o 
\o Loading elec.cxt 
\o Resetting statistical vars
\o 
\o *Info*    Setting parameter values ...
\o 
\o Setting var F0 = "3.3"
\o Setting var F1 = "3.3"
\o Setting var F2 = "0"
\o Setting var FC = "4k"
\o Setting var S0 = "3.3"
\o Setting var S1 = "0"
\o Setting var S2 = "0"
\o Setting var VCM_AC = "0"
\o Setting var VCM_AMP = "0"
\o Setting var VCM_DC = "1.6"
\o Setting var VDD = "3.3"
\o Setting var VIN_AC = "1"
\o Setting var VIN_AMP = "0.8m"
\o Setting var VIN_DC = "0"
\o Setting var VIN_FREQ = "50"
\o Loading monte.cxt 
\o Reusing AHDL Data dir
\o 
\o *Info*    Data Directory    =
\o           /home/saul/projects/IL2244_VT26_SAUL/Sim/FECG/fecg_tb/maestro/results/maestro/MonteCarlo.3/psf/IN_MC
\o 
\o generate netlist...
\o Loading hnlInit.cxt 
\o Loading seCore.cxt 
\o function ansCdlCompPrim redefined
\o function ansCdlCompPrim redefined
\o Begin Incremental Netlisting Apr  6 20:45:58 2026
\o WARNING (OSSHNL-226): There are more design variables used in the current netlisting session as
\o compared to the last session in the current run directory. The netlist(s)
\o generated in the last netlisting session cannot be reused for incremental
\o netlisting. Therefore re-netlisting the design.
\o 
\o Loading json.cxt 
\o End netlisting Apr  6 20:45:58 2026
\o 
\o Netlisting Statistics:
\o 	Number of components:  223
\o 
\o 	Elapsed time:          0.0s
\o Errors: 0	Warnings: 0
\o       ...successful.
\o compose simulator input file...
\o       ...successful.
\o [2026-04-06 20:45:58.922 Z] [INFO] [cadence.virtuoso.ade.services.netlister] - Finished preparing netlist {"point": 0, "testname": "IN_MC", "testnameKey": "IN_MC"}
\# Memory report: using         411 MB, process size 2,176 MB at UTC 2026.04.06 20:45:59.924
\o [2026-04-06 20:45:59.927 Z] [EVENT] [cadence.virtuoso.ade.services.netlister] - GroupPoints {"point": 1, "testname": "IN_MC", "event": "GroupPoints", "EventSource": "Netlist Service", "Points": "1:1:2", "HistoryName": "MonteCarlo.3", "logFile": "/home/saul/projects/IL2244_VT26_SAUL/logs_saul/logs0/Service13.log", "logFileSize": "7718"}
\o [2026-04-06 20:45:59.928 Z] [INFO] [cadence.virtuoso.ade.services.netlister] - Started netlisting {"point": 1, "testname": "IN_MC"}
\o Simulation design variables differ from those on the cellView,
\o they have been saved in the file "/tmp/saved-design-variables".
\o To save future changes, copy variables to cellView before exiting.
\o *Warning* AXL Context Manager : job 13 is already registered. 
\o 
\o 
\o 
\o *Info*    Configuring the session ...
\o 
\o 	Library      = FECG
\o 	Cell         = fecg_tb
\o 	View         = schematic
\o 	Simulator    = spectre
\o 	State Path   = $AXL_SETUPDB_DIR/test_states
\o 	State Name   = MonteCarlo.3
\o 	Results DB   = /home/saul/projects/IL2244_VT26_SAUL/FECG/fecg_tb/maestro/results/maestro/MonteCarlo.3.rdb
\o 	Results Dir  = /home/saul/projects/IL2244_VT26_SAUL/Sim/FECG/fecg_tb/maestro/results/maestro/MonteCarlo.3/1/IN_MC
\o 	Results Loc  = /home/saul/projects/IL2244_VT26_SAUL/Sim/FECG/fecg_tb/maestro/results/maestro
\o 	Project Dir  = /home/saul/projects/IL2244_VT26_SAUL/Sim
\o 	Setup DB loc = /home/saul/projects/IL2244_VT26_SAUL/FECG/fecg_tb/maestro
\o 	File Encoding = 0
\o 
\o 
\o 
\o *Info*    The auto suspension is disabled.
\o 
\o Resetting statistical vars
\o 
\o *Info*    Setting parameter values ...
\o 
\o Setting var F0 = "3.3"
\o Setting var F1 = "3.3"
\o Setting var F2 = "0"
\o Setting var FC = "4k"
\o Setting var S0 = "3.3"
\o Setting var S1 = "0"
\o Setting var S2 = "0"
\o Setting var VCM_AC = "0"
\o Setting var VCM_AMP = "0"
\o Setting var VCM_DC = "1.6"
\o Setting var VDD = "3.3"
\o Setting var VIN_AC = "1"
\o Setting var VIN_AMP = "0.8m"
\o Setting var VIN_DC = "0"
\o Setting var VIN_FREQ = "50"
\o Setting var temperature = "27"
\o Setting temp(T) = 27
\o 
\o *Info*    Netlist Directory =
\o           /home/saul/projects/IL2244_VT26_SAUL/Sim/FECG/fecg_tb/maestro/results/maestro/MonteCarlo.3/1/IN_MC/groupRunDataDir/netlist
\o 
\o 
\o *Info*    Data Directory    =
\o           /home/saul/projects/IL2244_VT26_SAUL/Sim/FECG/fecg_tb/maestro/results/maestro/MonteCarlo.3/1/IN_MC/groupRunDataDir
\o 
\o Reusing AHDL Data dir
\o generate netlist...
\o function ansCdlCompPrim redefined
\o Ignoring netlist creation since ignoreDesignChangesDuringRun is set to true
\o       ...successful.
\o compose simulator input file...
\o       ...successful.
\o WARNING (ADE-3080): Fast viewing extensions for PSF XL format (also known as RTSF) will be discontinued  
\o        and Virtuoso Visualization and Analysis XL will not use RTSF data to plot waveforms from IC6.1.8 ISR7 onward. 
\o        There will be no performance impact on data visualization due to this change.
\o [2026-04-06 20:46:00.832 Z] [PROCESS] [cadence.virtuoso.ade.services.netlister] - Current memory used: 716.0234 MBytes, peak memory used: 716.0234 MBytes {"hostname": "edatools", "processid": 2906147, "testname": "IN_MC", "point": 1, "logfile": "/home/saul/projects/IL2244_VT26_SAUL/logs_saul/logs0/Service13.log"}
\o [2026-04-06 20:46:00.833 Z] [INFO] [cadence.virtuoso.ade.services.netlister] - Finished netlisting {"point": 1, "testname": "IN_MC"}
\o [2026-04-06 20:46:00.833 Z] [EVENT] [cadence.virtuoso.ade.services.netlister] - GroupPoints {"point": 3, "testname": "IN_MC", "event": "GroupPoints", "EventSource": "Netlist Service", "Points": "3:1:4", "HistoryName": "MonteCarlo.3", "logFile": "/home/saul/projects/IL2244_VT26_SAUL/logs_saul/logs0/Service13.log", "logFileSize": "13130"}
\o [2026-04-06 20:46:00.833 Z] [INFO] [cadence.virtuoso.ade.services.netlister] - Started netlisting {"point": 3, "testname": "IN_MC"}
\o Resetting statistical vars
\o 
\o *Info*    Setting parameter values ...
\o 
\o 
\o *Info*    Netlist Directory =
\o           /home/saul/projects/IL2244_VT26_SAUL/Sim/FECG/fecg_tb/maestro/results/maestro/MonteCarlo.3/3/IN_MC/groupRunDataDir/netlist
\o 
\o 
\o *Info*    Data Directory    =
\o           /home/saul/projects/IL2244_VT26_SAUL/Sim/FECG/fecg_tb/maestro/results/maestro/MonteCarlo.3/3/IN_MC/groupRunDataDir
\o 
\o Reusing AHDL Data dir
\o generate netlist...
\o function ansCdlCompPrim redefined
\o Ignoring netlist creation since ignoreDesignChangesDuringRun is set to true
\o       ...successful.
\o compose simulator input file...
\o       ...successful.
\o WARNING (ADE-3080): Fast viewing extensions for PSF XL format (also known as RTSF) will be discontinued  
\o        and Virtuoso Visualization and Analysis XL will not use RTSF data to plot waveforms from IC6.1.8 ISR7 onward. 
\o        There will be no performance impact on data visualization due to this change.
\o [2026-04-06 20:46:01.098 Z] [PROCESS] [cadence.virtuoso.ade.services.netlister] - Current memory used: 716.0273 MBytes, peak memory used: 716.0273 MBytes {"hostname": "edatools", "processid": 2906147, "testname": "IN_MC", "point": 3, "logfile": "/home/saul/projects/IL2244_VT26_SAUL/logs_saul/logs0/Service13.log"}
\o [2026-04-06 20:46:01.099 Z] [INFO] [cadence.virtuoso.ade.services.netlister] - Finished netlisting {"point": 3, "testname": "IN_MC"}
\o [2026-04-06 20:46:01.099 Z] [EVENT] [cadence.virtuoso.ade.services.netlister] - GroupPoints {"point": 5, "testname": "IN_MC", "event": "GroupPoints", "EventSource": "Netlist Service", "Points": "5:1:6", "HistoryName": "MonteCarlo.3", "logFile": "/home/saul/projects/IL2244_VT26_SAUL/logs_saul/logs0/Service13.log", "logFileSize": "15052"}
\o [2026-04-06 20:46:01.099 Z] [INFO] [cadence.virtuoso.ade.services.netlister] - Started netlisting {"point": 5, "testname": "IN_MC"}
\o Resetting statistical vars
\o 
\o *Info*    Setting parameter values ...
\o 
\o 
\o *Info*    Netlist Directory =
\o           /home/saul/projects/IL2244_VT26_SAUL/Sim/FECG/fecg_tb/maestro/results/maestro/MonteCarlo.3/5/IN_MC/groupRunDataDir/netlist
\o 
\o 
\o *Info*    Data Directory    =
\o           /home/saul/projects/IL2244_VT26_SAUL/Sim/FECG/fecg_tb/maestro/results/maestro/MonteCarlo.3/5/IN_MC/groupRunDataDir
\o 
\o Reusing AHDL Data dir
\o generate netlist...
\o function ansCdlCompPrim redefined
\o Ignoring netlist creation since ignoreDesignChangesDuringRun is set to true
\o       ...successful.
\o compose simulator input file...
\o       ...successful.
\o WARNING (ADE-3080): Fast viewing extensions for PSF XL format (also known as RTSF) will be discontinued  
\o        and Virtuoso Visualization and Analysis XL will not use RTSF data to plot waveforms from IC6.1.8 ISR7 onward. 
\o        There will be no performance impact on data visualization due to this change.
\o [2026-04-06 20:46:01.441 Z] [PROCESS] [cadence.virtuoso.ade.services.netlister] - Current memory used: 716.0273 MBytes, peak memory used: 716.0273 MBytes {"hostname": "edatools", "processid": 2906147, "testname": "IN_MC", "point": 5, "logfile": "/home/saul/projects/IL2244_VT26_SAUL/logs_saul/logs0/Service13.log"}
\o [2026-04-06 20:46:01.442 Z] [INFO] [cadence.virtuoso.ade.services.netlister] - Finished netlisting {"point": 5, "testname": "IN_MC"}
\o [2026-04-06 20:46:01.442 Z] [EVENT] [cadence.virtuoso.ade.services.netlister] - GroupPoints {"point": 7, "testname": "IN_MC", "event": "GroupPoints", "EventSource": "Netlist Service", "Points": "7:1:8", "HistoryName": "MonteCarlo.3", "logFile": "/home/saul/projects/IL2244_VT26_SAUL/logs_saul/logs0/Service13.log", "logFileSize": "16974"}
\o [2026-04-06 20:46:01.443 Z] [INFO] [cadence.virtuoso.ade.services.netlister] - Started netlisting {"point": 7, "testname": "IN_MC"}
\o Resetting statistical vars
\o 
\o *Info*    Setting parameter values ...
\o 
\o 
\o *Info*    Netlist Directory =
\o           /home/saul/projects/IL2244_VT26_SAUL/Sim/FECG/fecg_tb/maestro/results/maestro/MonteCarlo.3/7/IN_MC/groupRunDataDir/netlist
\o 
\o 
\o *Info*    Data Directory    =
\o           /home/saul/projects/IL2244_VT26_SAUL/Sim/FECG/fecg_tb/maestro/results/maestro/MonteCarlo.3/7/IN_MC/groupRunDataDir
\o 
\o Reusing AHDL Data dir
\o generate netlist...
\o function ansCdlCompPrim redefined
\o Ignoring netlist creation since ignoreDesignChangesDuringRun is set to true
\o       ...successful.
\o compose simulator input file...
\o       ...successful.
\o WARNING (ADE-3080): Fast viewing extensions for PSF XL format (also known as RTSF) will be discontinued  
\o        and Virtuoso Visualization and Analysis XL will not use RTSF data to plot waveforms from IC6.1.8 ISR7 onward. 
\o        There will be no performance impact on data visualization due to this change.
\o [2026-04-06 20:46:01.754 Z] [PROCESS] [cadence.virtuoso.ade.services.netlister] - Current memory used: 716.0273 MBytes, peak memory used: 716.0273 MBytes {"hostname": "edatools", "processid": 2906147, "testname": "IN_MC", "point": 7, "logfile": "/home/saul/projects/IL2244_VT26_SAUL/logs_saul/logs0/Service13.log"}
\o [2026-04-06 20:46:01.754 Z] [INFO] [cadence.virtuoso.ade.services.netlister] - Finished netlisting {"point": 7, "testname": "IN_MC"}
\o [2026-04-06 20:46:01.754 Z] [EVENT] [cadence.virtuoso.ade.services.netlister] - GroupPoints {"point": 9, "testname": "IN_MC", "event": "GroupPoints", "EventSource": "Netlist Service", "Points": "9:1:10", "HistoryName": "MonteCarlo.3", "logFile": "/home/saul/projects/IL2244_VT26_SAUL/logs_saul/logs0/Service13.log", "logFileSize": "18896"}
\o [2026-04-06 20:46:01.755 Z] [INFO] [cadence.virtuoso.ade.services.netlister] - Started netlisting {"point": 9, "testname": "IN_MC"}
\o Resetting statistical vars
\o 
\o *Info*    Setting parameter values ...
\o 
\o 
\o *Info*    Netlist Directory =
\o           /home/saul/projects/IL2244_VT26_SAUL/Sim/FECG/fecg_tb/maestro/results/maestro/MonteCarlo.3/9/IN_MC/groupRunDataDir/netlist
\o 
\o 
\o *Info*    Data Directory    =
\o           /home/saul/projects/IL2244_VT26_SAUL/Sim/FECG/fecg_tb/maestro/results/maestro/MonteCarlo.3/9/IN_MC/groupRunDataDir
\o 
\o Reusing AHDL Data dir
\o generate netlist...
\o function ansCdlCompPrim redefined
\o Ignoring netlist creation since ignoreDesignChangesDuringRun is set to true
\o       ...successful.
\o compose simulator input file...
\o       ...successful.
\o WARNING (ADE-3080): Fast viewing extensions for PSF XL format (also known as RTSF) will be discontinued  
\o        and Virtuoso Visualization and Analysis XL will not use RTSF data to plot waveforms from IC6.1.8 ISR7 onward. 
\o        There will be no performance impact on data visualization due to this change.
\o [2026-04-06 20:46:02.023 Z] [PROCESS] [cadence.virtuoso.ade.services.netlister] - Current memory used: 716.0273 MBytes, peak memory used: 716.0273 MBytes {"hostname": "edatools", "processid": 2906147, "testname": "IN_MC", "point": 9, "logfile": "/home/saul/projects/IL2244_VT26_SAUL/logs_saul/logs0/Service13.log"}
\o [2026-04-06 20:46:02.023 Z] [INFO] [cadence.virtuoso.ade.services.netlister] - Finished netlisting {"point": 9, "testname": "IN_MC"}
\# Available memory:         53,189 MB at UTC 2026.04.06 20:46:06.027
\# Memory report: Maximum memory size now 53,613 MB at UTC 2026.04.06 20:46:06.027
\# Thread usage report: 22 active threads, active load 1.40 at UTC 2026.04.06 20:46:06.027
\# Memory report: Maximum memory size now 52,527 MB at UTC 2026.04.06 20:46:18.041
\o [2026-04-06 20:47:28.708 Z] [EVENT] [cadence.virtuoso.ade.services.netlister] - NewPoint {"point": 0, "testname": "IN_MC", "event": "NewPoint", "EventSource": "Netlist Service", "HistoryName": "MonteCarlo.4", "logFile": "/home/saul/projects/IL2244_VT26_SAUL/logs_saul/logs0/Service13.log", "logFileSize": "21146"}
\o [2026-04-06 20:47:28.708 Z] [INFO] [cadence.virtuoso.ade.services.netlister] - Started preparing netlist {"point": 0, "testname": "IN_MC", "testnameKey": "IN_MC"}
\o Simulation design variables differ from those on the cellView,
\o they have been saved in the file "/tmp/saved-design-variables".
\o To save future changes, copy variables to cellView before exiting.
\o *Warning* AXL Context Manager : job 13 is already registered. 
\o 
\o 
\o 
\o *Info*    Configuring the session ...
\o 
\o 	Library      = FECG
\o 	Cell         = fecg_tb
\o 	View         = schematic
\o 	Simulator    = spectre
\o 	State Path   = $AXL_SETUPDB_DIR/test_states
\o 	State Name   = MonteCarlo.4
\o 	Results DB   = /home/saul/projects/IL2244_VT26_SAUL/FECG/fecg_tb/maestro/results/maestro/MonteCarlo.4.rdb
\o 	Results Dir  = /home/saul/projects/IL2244_VT26_SAUL/Sim/FECG/fecg_tb/maestro/results/maestro/MonteCarlo.4/1/IN_MC
\o 	Results Loc  = /home/saul/projects/IL2244_VT26_SAUL/Sim/FECG/fecg_tb/maestro/results/maestro
\o 	Project Dir  = /home/saul/projects/IL2244_VT26_SAUL/Sim
\o 	Setup DB loc = /home/saul/projects/IL2244_VT26_SAUL/FECG/fecg_tb/maestro
\o 	File Encoding = 0
\o 
\o 
\o 
\o *Info*    The auto suspension is disabled.
\o 
\o Resetting statistical vars
\o 
\o *Info*    Setting parameter values ...
\o 
\o Setting var F0 = "3.3"
\o Setting var F1 = "3.3"
\o Setting var F2 = "0"
\o Setting var FC = "4k"
\o Setting var S0 = "3.3"
\o Setting var S1 = "0"
\o Setting var S2 = "0"
\o Setting var VCM_AC = "0"
\o Setting var VCM_AMP = "0.1"
\o Setting var VCM_DC = "1.6"
\o Setting var VDD = "3.3"
\o Setting var VIN_AC = "1"
\o Setting var VIN_AMP = "0"
\o Setting var VIN_DC = "0"
\o Setting var VIN_FREQ = "50"
\o Reusing AHDL Data dir
\o 
\o *Info*    Data Directory    =
\o           /home/saul/projects/IL2244_VT26_SAUL/Sim/FECG/fecg_tb/maestro/results/maestro/MonteCarlo.4/psf/IN_MC
\o 
\o generate netlist...
\o function ansCdlCompPrim redefined
\o function ansCdlCompPrim redefined
\o Begin Incremental Netlisting Apr  6 20:47:30 2026
\o [2026-04-06 20:47:30.200 Z] [INFO] [cadence.virtuoso.ade.services.netlister] - Heartbeat in netlister service {"point": 0, "testname": "IN_MC"}
\o End netlisting Apr  6 20:47:30 2026
\o 
\o 	The netlist is up to date.
\o 	Time taken to compare the design with netlist:   0.0s
\o       ...successful.
\o compose simulator input file...
\o       ...successful.
\o [2026-04-06 20:47:30.307 Z] [INFO] [cadence.virtuoso.ade.services.netlister] - Finished preparing netlist {"point": 0, "testname": "IN_MC", "testnameKey": "IN_MC"}
\o [2026-04-06 20:47:31.312 Z] [EVENT] [cadence.virtuoso.ade.services.netlister] - GroupPoints {"point": 1, "testname": "IN_MC", "event": "GroupPoints", "EventSource": "Netlist Service", "Points": "1:1:2", "HistoryName": "MonteCarlo.4", "logFile": "/home/saul/projects/IL2244_VT26_SAUL/logs_saul/logs0/Service13.log", "logFileSize": "22638"}
\o [2026-04-06 20:47:31.313 Z] [INFO] [cadence.virtuoso.ade.services.netlister] - Started netlisting {"point": 1, "testname": "IN_MC"}
\o Simulation design variables differ from those on the cellView,
\o they have been saved in the file "/tmp/saved-design-variables".
\o To save future changes, copy variables to cellView before exiting.
\o *Warning* AXL Context Manager : job 13 is already registered. 
\o 
\o 
\o 
\o *Info*    Configuring the session ...
\o 
\o 	Library      = FECG
\o 	Cell         = fecg_tb
\o 	View         = schematic
\o 	Simulator    = spectre
\o 	State Path   = $AXL_SETUPDB_DIR/test_states
\o 	State Name   = MonteCarlo.4
\o 	Results DB   = /home/saul/projects/IL2244_VT26_SAUL/FECG/fecg_tb/maestro/results/maestro/MonteCarlo.4.rdb
\o 	Results Dir  = /home/saul/projects/IL2244_VT26_SAUL/Sim/FECG/fecg_tb/maestro/results/maestro/MonteCarlo.4/1/IN_MC
\o 	Results Loc  = /home/saul/projects/IL2244_VT26_SAUL/Sim/FECG/fecg_tb/maestro/results/maestro
\o 	Project Dir  = /home/saul/projects/IL2244_VT26_SAUL/Sim
\o 	Setup DB loc = /home/saul/projects/IL2244_VT26_SAUL/FECG/fecg_tb/maestro
\o 	File Encoding = 0
\o 
\o 
\o 
\o *Info*    The auto suspension is disabled.
\o 
\o Resetting statistical vars
\o 
\o *Info*    Setting parameter values ...
\o 
\o Setting var F0 = "3.3"
\o Setting var F1 = "3.3"
\o Setting var F2 = "0"
\o Setting var FC = "4k"
\o Setting var S0 = "3.3"
\o Setting var S1 = "0"
\o Setting var S2 = "0"
\o Setting var VCM_AC = "0"
\o Setting var VCM_AMP = "0.1"
\o Setting var VCM_DC = "1.6"
\o Setting var VDD = "3.3"
\o Setting var VIN_AC = "1"
\o Setting var VIN_AMP = "0"
\o Setting var VIN_DC = "0"
\o Setting var VIN_FREQ = "50"
\o Setting var temperature = "27"
\o Setting temp(T) = 27
\o 
\o *Info*    Netlist Directory =
\o           /home/saul/projects/IL2244_VT26_SAUL/Sim/FECG/fecg_tb/maestro/results/maestro/MonteCarlo.4/1/IN_MC/groupRunDataDir/netlist
\o 
\o 
\o *Info*    Data Directory    =
\o           /home/saul/projects/IL2244_VT26_SAUL/Sim/FECG/fecg_tb/maestro/results/maestro/MonteCarlo.4/1/IN_MC/groupRunDataDir
\o 
\o Reusing AHDL Data dir
\o generate netlist...
\o function ansCdlCompPrim redefined
\o Ignoring netlist creation since ignoreDesignChangesDuringRun is set to true
\o       ...successful.
\o compose simulator input file...
\o       ...successful.
\o WARNING (ADE-3080): Fast viewing extensions for PSF XL format (also known as RTSF) will be discontinued  
\o        and Virtuoso Visualization and Analysis XL will not use RTSF data to plot waveforms from IC6.1.8 ISR7 onward. 
\o        There will be no performance impact on data visualization due to this change.
\o [2026-04-06 20:47:32.115 Z] [PROCESS] [cadence.virtuoso.ade.services.netlister] - Current memory used: 734.2266 MBytes, peak memory used: 734.2266 MBytes {"hostname": "edatools", "processid": 2906147, "testname": "IN_MC", "point": 1, "logfile": "/home/saul/projects/IL2244_VT26_SAUL/logs_saul/logs0/Service13.log"}
\o [2026-04-06 20:47:32.116 Z] [INFO] [cadence.virtuoso.ade.services.netlister] - Finished netlisting {"point": 1, "testname": "IN_MC"}
\o [2026-04-06 20:47:32.117 Z] [EVENT] [cadence.virtuoso.ade.services.netlister] - GroupPoints {"point": 3, "testname": "IN_MC", "event": "GroupPoints", "EventSource": "Netlist Service", "Points": "3:1:4", "HistoryName": "MonteCarlo.4", "logFile": "/home/saul/projects/IL2244_VT26_SAUL/logs_saul/logs0/Service13.log", "logFileSize": "27480"}
\o [2026-04-06 20:47:32.117 Z] [INFO] [cadence.virtuoso.ade.services.netlister] - Started netlisting {"point": 3, "testname": "IN_MC"}
\o Resetting statistical vars
\o 
\o *Info*    Setting parameter values ...
\o 
\o 
\o *Info*    Netlist Directory =
\o           /home/saul/projects/IL2244_VT26_SAUL/Sim/FECG/fecg_tb/maestro/results/maestro/MonteCarlo.4/3/IN_MC/groupRunDataDir/netlist
\o 
\o 
\o *Info*    Data Directory    =
\o           /home/saul/projects/IL2244_VT26_SAUL/Sim/FECG/fecg_tb/maestro/results/maestro/MonteCarlo.4/3/IN_MC/groupRunDataDir
\o 
\o Reusing AHDL Data dir
\o generate netlist...
\o function ansCdlCompPrim redefined
\o Ignoring netlist creation since ignoreDesignChangesDuringRun is set to true
\o       ...successful.
\o compose simulator input file...
\o       ...successful.
\o WARNING (ADE-3080): Fast viewing extensions for PSF XL format (also known as RTSF) will be discontinued  
\o        and Virtuoso Visualization and Analysis XL will not use RTSF data to plot waveforms from IC6.1.8 ISR7 onward. 
\o        There will be no performance impact on data visualization due to this change.
\o [2026-04-06 20:47:32.387 Z] [PROCESS] [cadence.virtuoso.ade.services.netlister] - Current memory used: 734.2266 MBytes, peak memory used: 734.2266 MBytes {"hostname": "edatools", "processid": 2906147, "testname": "IN_MC", "point": 3, "logfile": "/home/saul/projects/IL2244_VT26_SAUL/logs_saul/logs0/Service13.log"}
\o [2026-04-06 20:47:32.387 Z] [INFO] [cadence.virtuoso.ade.services.netlister] - Finished netlisting {"point": 3, "testname": "IN_MC"}
\o [2026-04-06 20:47:32.388 Z] [EVENT] [cadence.virtuoso.ade.services.netlister] - GroupPoints {"point": 5, "testname": "IN_MC", "event": "GroupPoints", "EventSource": "Netlist Service", "Points": "5:1:6", "HistoryName": "MonteCarlo.4", "logFile": "/home/saul/projects/IL2244_VT26_SAUL/logs_saul/logs0/Service13.log", "logFileSize": "29402"}
\o [2026-04-06 20:47:32.388 Z] [INFO] [cadence.virtuoso.ade.services.netlister] - Started netlisting {"point": 5, "testname": "IN_MC"}
\o Resetting statistical vars
\o 
\o *Info*    Setting parameter values ...
\o 
\o 
\o *Info*    Netlist Directory =
\o           /home/saul/projects/IL2244_VT26_SAUL/Sim/FECG/fecg_tb/maestro/results/maestro/MonteCarlo.4/5/IN_MC/groupRunDataDir/netlist
\o 
\o 
\o *Info*    Data Directory    =
\o           /home/saul/projects/IL2244_VT26_SAUL/Sim/FECG/fecg_tb/maestro/results/maestro/MonteCarlo.4/5/IN_MC/groupRunDataDir
\o 
\o Reusing AHDL Data dir
\o generate netlist...
\o function ansCdlCompPrim redefined
\o Ignoring netlist creation since ignoreDesignChangesDuringRun is set to true
\o       ...successful.
\o compose simulator input file...
\o       ...successful.
\o WARNING (ADE-3080): Fast viewing extensions for PSF XL format (also known as RTSF) will be discontinued  
\o        and Virtuoso Visualization and Analysis XL will not use RTSF data to plot waveforms from IC6.1.8 ISR7 onward. 
\o        There will be no performance impact on data visualization due to this change.
\o [2026-04-06 20:47:32.692 Z] [PROCESS] [cadence.virtuoso.ade.services.netlister] - Current memory used: 734.2266 MBytes, peak memory used: 734.2266 MBytes {"hostname": "edatools", "processid": 2906147, "testname": "IN_MC", "point": 5, "logfile": "/home/saul/projects/IL2244_VT26_SAUL/logs_saul/logs0/Service13.log"}
\o [2026-04-06 20:47:32.692 Z] [INFO] [cadence.virtuoso.ade.services.netlister] - Finished netlisting {"point": 5, "testname": "IN_MC"}
\o [2026-04-06 20:47:32.693 Z] [EVENT] [cadence.virtuoso.ade.services.netlister] - GroupPoints {"point": 7, "testname": "IN_MC", "event": "GroupPoints", "EventSource": "Netlist Service", "Points": "7:1:8", "HistoryName": "MonteCarlo.4", "logFile": "/home/saul/projects/IL2244_VT26_SAUL/logs_saul/logs0/Service13.log", "logFileSize": "31324"}
\o [2026-04-06 20:47:32.693 Z] [INFO] [cadence.virtuoso.ade.services.netlister] - Started netlisting {"point": 7, "testname": "IN_MC"}
\o Resetting statistical vars
\o 
\o *Info*    Setting parameter values ...
\o 
\o 
\o *Info*    Netlist Directory =
\o           /home/saul/projects/IL2244_VT26_SAUL/Sim/FECG/fecg_tb/maestro/results/maestro/MonteCarlo.4/7/IN_MC/groupRunDataDir/netlist
\o 
\o 
\o *Info*    Data Directory    =
\o           /home/saul/projects/IL2244_VT26_SAUL/Sim/FECG/fecg_tb/maestro/results/maestro/MonteCarlo.4/7/IN_MC/groupRunDataDir
\o 
\o Reusing AHDL Data dir
\o generate netlist...
\o function ansCdlCompPrim redefined
\o Ignoring netlist creation since ignoreDesignChangesDuringRun is set to true
\o       ...successful.
\o compose simulator input file...
\o       ...successful.
\o WARNING (ADE-3080): Fast viewing extensions for PSF XL format (also known as RTSF) will be discontinued  
\o        and Virtuoso Visualization and Analysis XL will not use RTSF data to plot waveforms from IC6.1.8 ISR7 onward. 
\o        There will be no performance impact on data visualization due to this change.
\o [2026-04-06 20:47:33.010 Z] [PROCESS] [cadence.virtuoso.ade.services.netlister] - Current memory used: 734.2266 MBytes, peak memory used: 734.2266 MBytes {"hostname": "edatools", "processid": 2906147, "testname": "IN_MC", "point": 7, "logfile": "/home/saul/projects/IL2244_VT26_SAUL/logs_saul/logs0/Service13.log"}
\o [2026-04-06 20:47:33.011 Z] [INFO] [cadence.virtuoso.ade.services.netlister] - Finished netlisting {"point": 7, "testname": "IN_MC"}
\o [2026-04-06 20:47:33.011 Z] [EVENT] [cadence.virtuoso.ade.services.netlister] - GroupPoints {"point": 9, "testname": "IN_MC", "event": "GroupPoints", "EventSource": "Netlist Service", "Points": "9:1:10", "HistoryName": "MonteCarlo.4", "logFile": "/home/saul/projects/IL2244_VT26_SAUL/logs_saul/logs0/Service13.log", "logFileSize": "33246"}
\o [2026-04-06 20:47:33.012 Z] [INFO] [cadence.virtuoso.ade.services.netlister] - Started netlisting {"point": 9, "testname": "IN_MC"}
\o Resetting statistical vars
\o 
\o *Info*    Setting parameter values ...
\o 
\o 
\o *Info*    Netlist Directory =
\o           /home/saul/projects/IL2244_VT26_SAUL/Sim/FECG/fecg_tb/maestro/results/maestro/MonteCarlo.4/9/IN_MC/groupRunDataDir/netlist
\o 
\o 
\o *Info*    Data Directory    =
\o           /home/saul/projects/IL2244_VT26_SAUL/Sim/FECG/fecg_tb/maestro/results/maestro/MonteCarlo.4/9/IN_MC/groupRunDataDir
\o 
\o Reusing AHDL Data dir
\o generate netlist...
\o function ansCdlCompPrim redefined
\o Ignoring netlist creation since ignoreDesignChangesDuringRun is set to true
\o       ...successful.
\o compose simulator input file...
\o       ...successful.
\o WARNING (ADE-3080): Fast viewing extensions for PSF XL format (also known as RTSF) will be discontinued  
\o        and Virtuoso Visualization and Analysis XL will not use RTSF data to plot waveforms from IC6.1.8 ISR7 onward. 
\o        There will be no performance impact on data visualization due to this change.
\o [2026-04-06 20:47:33.273 Z] [PROCESS] [cadence.virtuoso.ade.services.netlister] - Current memory used: 734.2266 MBytes, peak memory used: 734.2266 MBytes {"hostname": "edatools", "processid": 2906147, "testname": "IN_MC", "point": 9, "logfile": "/home/saul/projects/IL2244_VT26_SAUL/logs_saul/logs0/Service13.log"}
\o [2026-04-06 20:47:33.273 Z] [INFO] [cadence.virtuoso.ade.services.netlister] - Finished netlisting {"point": 9, "testname": "IN_MC"}
\# Memory report: Maximum memory size now 53,656 MB at UTC 2026.04.06 20:47:35.285
\# Memory report: Maximum memory size now 52,591 MB at UTC 2026.04.06 20:47:45.297
\o [2026-04-06 20:49:32.026 Z] [EVENT] [cadence.virtuoso.ade.services.netlister] - NewPoint {"point": 0, "testname": "IN_MC", "event": "NewPoint", "EventSource": "Netlist Service", "HistoryName": "MonteCarlo.5", "logFile": "/home/saul/projects/IL2244_VT26_SAUL/logs_saul/logs0/Service13.log", "logFileSize": "35335"}
\o [2026-04-06 20:49:32.026 Z] [INFO] [cadence.virtuoso.ade.services.netlister] - Started preparing netlist {"point": 0, "testname": "IN_MC", "testnameKey": "IN_MC"}
\o Simulation design variables differ from those on the cellView,
\o they have been saved in the file "/tmp/saved-design-variables".
\o To save future changes, copy variables to cellView before exiting.
\o *Warning* AXL Context Manager : job 13 is already registered. 
\o 
\o 
\o 
\o *Info*    Configuring the session ...
\o 
\o 	Library      = FECG
\o 	Cell         = fecg_tb
\o 	View         = schematic
\o 	Simulator    = spectre
\o 	State Path   = $AXL_SETUPDB_DIR/test_states
\o 	State Name   = MonteCarlo.5
\o 	Results DB   = /home/saul/projects/IL2244_VT26_SAUL/FECG/fecg_tb/maestro/results/maestro/MonteCarlo.5.rdb
\o 	Results Dir  = /home/saul/projects/IL2244_VT26_SAUL/Sim/FECG/fecg_tb/maestro/results/maestro/MonteCarlo.5/1/IN_MC
\o 	Results Loc  = /home/saul/projects/IL2244_VT26_SAUL/Sim/FECG/fecg_tb/maestro/results/maestro
\o 	Project Dir  = /home/saul/projects/IL2244_VT26_SAUL/Sim
\o 	Setup DB loc = /home/saul/projects/IL2244_VT26_SAUL/FECG/fecg_tb/maestro
\o 	File Encoding = 0
\o 
\o 
\o 
\o *Info*    The auto suspension is disabled.
\o 
\o Resetting statistical vars
\o 
\o *Info*    Setting parameter values ...
\o 
\o Setting var F0 = "3.3"
\o Setting var F1 = "3.3"
\o Setting var F2 = "0"
\o Setting var FC = "4k"
\o Setting var S0 = "3.3"
\o Setting var S1 = "0"
\o Setting var S2 = "0"
\o Setting var VCM_AC = "0"
\o Setting var VCM_AMP = "0.1"
\o Setting var VCM_DC = "1.6"
\o Setting var VDD = "3.3"
\o Setting var VIN_AC = "1"
\o Setting var VIN_AMP = "0"
\o Setting var VIN_DC = "150m"
\o Setting var VIN_FREQ = "50"
\o Reusing AHDL Data dir
\o 
\o *Info*    Data Directory    =
\o           /home/saul/projects/IL2244_VT26_SAUL/Sim/FECG/fecg_tb/maestro/results/maestro/MonteCarlo.5/psf/IN_MC
\o 
\o generate netlist...
\o function ansCdlCompPrim redefined
\o function ansCdlCompPrim redefined
\o Begin Incremental Netlisting Apr  6 20:49:33 2026
\o [2026-04-06 20:49:33.519 Z] [INFO] [cadence.virtuoso.ade.services.netlister] - Heartbeat in netlister service {"point": 0, "testname": "IN_MC"}
\o End netlisting Apr  6 20:49:33 2026
\o 
\o 	The netlist is up to date.
\o 	Time taken to compare the design with netlist:   0.0s
\o       ...successful.
\o compose simulator input file...
\o       ...successful.
\o [2026-04-06 20:49:33.666 Z] [INFO] [cadence.virtuoso.ade.services.netlister] - Finished preparing netlist {"point": 0, "testname": "IN_MC", "testnameKey": "IN_MC"}
\o [2026-04-06 20:49:34.670 Z] [EVENT] [cadence.virtuoso.ade.services.netlister] - GroupPoints {"point": 1, "testname": "IN_MC", "event": "GroupPoints", "EventSource": "Netlist Service", "Points": "1:1:2", "HistoryName": "MonteCarlo.5", "logFile": "/home/saul/projects/IL2244_VT26_SAUL/logs_saul/logs0/Service13.log", "logFileSize": "35652"}
\o [2026-04-06 20:49:34.671 Z] [INFO] [cadence.virtuoso.ade.services.netlister] - Started netlisting {"point": 1, "testname": "IN_MC"}
\o Simulation design variables differ from those on the cellView,
\o they have been saved in the file "/tmp/saved-design-variables".
\o To save future changes, copy variables to cellView before exiting.
\o *Warning* AXL Context Manager : job 13 is already registered. 
\o 
\o 
\o 
\o *Info*    Configuring the session ...
\o 
\o 	Library      = FECG
\o 	Cell         = fecg_tb
\o 	View         = schematic
\o 	Simulator    = spectre
\o 	State Path   = $AXL_SETUPDB_DIR/test_states
\o 	State Name   = MonteCarlo.5
\o 	Results DB   = /home/saul/projects/IL2244_VT26_SAUL/FECG/fecg_tb/maestro/results/maestro/MonteCarlo.5.rdb
\o 	Results Dir  = /home/saul/projects/IL2244_VT26_SAUL/Sim/FECG/fecg_tb/maestro/results/maestro/MonteCarlo.5/1/IN_MC
\o 	Results Loc  = /home/saul/projects/IL2244_VT26_SAUL/Sim/FECG/fecg_tb/maestro/results/maestro
\o 	Project Dir  = /home/saul/projects/IL2244_VT26_SAUL/Sim
\o 	Setup DB loc = /home/saul/projects/IL2244_VT26_SAUL/FECG/fecg_tb/maestro
\o 	File Encoding = 0
\o 
\o 
\o 
\o *Info*    The auto suspension is disabled.
\o 
\o Resetting statistical vars
\o 
\o *Info*    Setting parameter values ...
\o 
\o Setting var F0 = "3.3"
\o Setting var F1 = "3.3"
\o Setting var F2 = "0"
\o Setting var FC = "4k"
\o Setting var S0 = "3.3"
\o Setting var S1 = "0"
\o Setting var S2 = "0"
\o Setting var VCM_AC = "0"
\o Setting var VCM_AMP = "0.1"
\o Setting var VCM_DC = "1.6"
\o Setting var VDD = "3.3"
\o Setting var VIN_AC = "1"
\o Setting var VIN_AMP = "0"
\o Setting var VIN_DC = "150m"
\o Setting var VIN_FREQ = "50"
\o Setting var temperature = "27"
\o Setting temp(T) = 27
\o 
\o *Info*    Netlist Directory =
\o           /home/saul/projects/IL2244_VT26_SAUL/Sim/FECG/fecg_tb/maestro/results/maestro/MonteCarlo.5/1/IN_MC/groupRunDataDir/netlist
\o 
\o 
\o *Info*    Data Directory    =
\o           /home/saul/projects/IL2244_VT26_SAUL/Sim/FECG/fecg_tb/maestro/results/maestro/MonteCarlo.5/1/IN_MC/groupRunDataDir
\o 
\o Reusing AHDL Data dir
\o generate netlist...
\o function ansCdlCompPrim redefined
\o Ignoring netlist creation since ignoreDesignChangesDuringRun is set to true
\o       ...successful.
\o compose simulator input file...
\o       ...successful.
\o WARNING (ADE-3080): Fast viewing extensions for PSF XL format (also known as RTSF) will be discontinued  
\o        and Virtuoso Visualization and Analysis XL will not use RTSF data to plot waveforms from IC6.1.8 ISR7 onward. 
\o        There will be no performance impact on data visualization due to this change.
\o [2026-04-06 20:49:35.439 Z] [PROCESS] [cadence.virtuoso.ade.services.netlister] - Current memory used: 740.9219 MBytes, peak memory used: 740.9219 MBytes {"hostname": "edatools", "processid": 2906147, "testname": "IN_MC", "point": 1, "logfile": "/home/saul/projects/IL2244_VT26_SAUL/logs_saul/logs0/Service13.log"}
\o [2026-04-06 20:49:35.439 Z] [INFO] [cadence.virtuoso.ade.services.netlister] - Finished netlisting {"point": 1, "testname": "IN_MC"}
\o [2026-04-06 20:49:35.440 Z] [EVENT] [cadence.virtuoso.ade.services.netlister] - GroupPoints {"point": 3, "testname": "IN_MC", "event": "GroupPoints", "EventSource": "Netlist Service", "Points": "3:1:4", "HistoryName": "MonteCarlo.5", "logFile": "/home/saul/projects/IL2244_VT26_SAUL/logs_saul/logs0/Service13.log", "logFileSize": "41675"}
\o [2026-04-06 20:49:35.440 Z] [INFO] [cadence.virtuoso.ade.services.netlister] - Started netlisting {"point": 3, "testname": "IN_MC"}
\o Resetting statistical vars
\o 
\o *Info*    Setting parameter values ...
\o 
\o 
\o *Info*    Netlist Directory =
\o           /home/saul/projects/IL2244_VT26_SAUL/Sim/FECG/fecg_tb/maestro/results/maestro/MonteCarlo.5/3/IN_MC/groupRunDataDir/netlist
\o 
\o 
\o *Info*    Data Directory    =
\o           /home/saul/projects/IL2244_VT26_SAUL/Sim/FECG/fecg_tb/maestro/results/maestro/MonteCarlo.5/3/IN_MC/groupRunDataDir
\o 
\o Reusing AHDL Data dir
\o generate netlist...
\o function ansCdlCompPrim redefined
\o Ignoring netlist creation since ignoreDesignChangesDuringRun is set to true
\o       ...successful.
\o compose simulator input file...
\o       ...successful.
\o WARNING (ADE-3080): Fast viewing extensions for PSF XL format (also known as RTSF) will be discontinued  
\o        and Virtuoso Visualization and Analysis XL will not use RTSF data to plot waveforms from IC6.1.8 ISR7 onward. 
\o        There will be no performance impact on data visualization due to this change.
\o [2026-04-06 20:49:35.697 Z] [PROCESS] [cadence.virtuoso.ade.services.netlister] - Current memory used: 740.9219 MBytes, peak memory used: 740.9219 MBytes {"hostname": "edatools", "processid": 2906147, "testname": "IN_MC", "point": 3, "logfile": "/home/saul/projects/IL2244_VT26_SAUL/logs_saul/logs0/Service13.log"}
\o [2026-04-06 20:49:35.697 Z] [INFO] [cadence.virtuoso.ade.services.netlister] - Finished netlisting {"point": 3, "testname": "IN_MC"}
\o [2026-04-06 20:49:35.698 Z] [EVENT] [cadence.virtuoso.ade.services.netlister] - GroupPoints {"point": 5, "testname": "IN_MC", "event": "GroupPoints", "EventSource": "Netlist Service", "Points": "5:1:6", "HistoryName": "MonteCarlo.5", "logFile": "/home/saul/projects/IL2244_VT26_SAUL/logs_saul/logs0/Service13.log", "logFileSize": "43597"}
\o [2026-04-06 20:49:35.698 Z] [INFO] [cadence.virtuoso.ade.services.netlister] - Started netlisting {"point": 5, "testname": "IN_MC"}
\o Resetting statistical vars
\o 
\o *Info*    Setting parameter values ...
\o 
\o 
\o *Info*    Netlist Directory =
\o           /home/saul/projects/IL2244_VT26_SAUL/Sim/FECG/fecg_tb/maestro/results/maestro/MonteCarlo.5/5/IN_MC/groupRunDataDir/netlist
\o 
\o 
\o *Info*    Data Directory    =
\o           /home/saul/projects/IL2244_VT26_SAUL/Sim/FECG/fecg_tb/maestro/results/maestro/MonteCarlo.5/5/IN_MC/groupRunDataDir
\o 
\o Reusing AHDL Data dir
\o generate netlist...
\o function ansCdlCompPrim redefined
\o Ignoring netlist creation since ignoreDesignChangesDuringRun is set to true
\o       ...successful.
\o compose simulator input file...
\o       ...successful.
\o WARNING (ADE-3080): Fast viewing extensions for PSF XL format (also known as RTSF) will be discontinued  
\o        and Virtuoso Visualization and Analysis XL will not use RTSF data to plot waveforms from IC6.1.8 ISR7 onward. 
\o        There will be no performance impact on data visualization due to this change.
\o [2026-04-06 20:49:35.971 Z] [PROCESS] [cadence.virtuoso.ade.services.netlister] - Current memory used: 740.9219 MBytes, peak memory used: 740.9219 MBytes {"hostname": "edatools", "processid": 2906147, "testname": "IN_MC", "point": 5, "logfile": "/home/saul/projects/IL2244_VT26_SAUL/logs_saul/logs0/Service13.log"}
\o [2026-04-06 20:49:35.972 Z] [INFO] [cadence.virtuoso.ade.services.netlister] - Finished netlisting {"point": 5, "testname": "IN_MC"}
\o [2026-04-06 20:49:35.974 Z] [EVENT] [cadence.virtuoso.ade.services.netlister] - GroupPoints {"point": 7, "testname": "IN_MC", "event": "GroupPoints", "EventSource": "Netlist Service", "Points": "7:1:8", "HistoryName": "MonteCarlo.5", "logFile": "/home/saul/projects/IL2244_VT26_SAUL/logs_saul/logs0/Service13.log", "logFileSize": "45519"}
\o [2026-04-06 20:49:35.975 Z] [INFO] [cadence.virtuoso.ade.services.netlister] - Started netlisting {"point": 7, "testname": "IN_MC"}
\o Resetting statistical vars
\o 
\o *Info*    Setting parameter values ...
\o 
\o 
\o *Info*    Netlist Directory =
\o           /home/saul/projects/IL2244_VT26_SAUL/Sim/FECG/fecg_tb/maestro/results/maestro/MonteCarlo.5/7/IN_MC/groupRunDataDir/netlist
\o 
\o 
\o *Info*    Data Directory    =
\o           /home/saul/projects/IL2244_VT26_SAUL/Sim/FECG/fecg_tb/maestro/results/maestro/MonteCarlo.5/7/IN_MC/groupRunDataDir
\o 
\o Reusing AHDL Data dir
\o generate netlist...
\o function ansCdlCompPrim redefined
\o Ignoring netlist creation since ignoreDesignChangesDuringRun is set to true
\o       ...successful.
\o compose simulator input file...
\o       ...successful.
\o WARNING (ADE-3080): Fast viewing extensions for PSF XL format (also known as RTSF) will be discontinued  
\o        and Virtuoso Visualization and Analysis XL will not use RTSF data to plot waveforms from IC6.1.8 ISR7 onward. 
\o        There will be no performance impact on data visualization due to this change.
\o [2026-04-06 20:49:36.256 Z] [PROCESS] [cadence.virtuoso.ade.services.netlister] - Current memory used: 740.9219 MBytes, peak memory used: 740.9219 MBytes {"hostname": "edatools", "processid": 2906147, "testname": "IN_MC", "point": 7, "logfile": "/home/saul/projects/IL2244_VT26_SAUL/logs_saul/logs0/Service13.log"}
\o [2026-04-06 20:49:36.256 Z] [INFO] [cadence.virtuoso.ade.services.netlister] - Finished netlisting {"point": 7, "testname": "IN_MC"}
\o [2026-04-06 20:49:36.257 Z] [EVENT] [cadence.virtuoso.ade.services.netlister] - GroupPoints {"point": 9, "testname": "IN_MC", "event": "GroupPoints", "EventSource": "Netlist Service", "Points": "9:1:10", "HistoryName": "MonteCarlo.5", "logFile": "/home/saul/projects/IL2244_VT26_SAUL/logs_saul/logs0/Service13.log", "logFileSize": "47441"}
\o [2026-04-06 20:49:36.257 Z] [INFO] [cadence.virtuoso.ade.services.netlister] - Started netlisting {"point": 9, "testname": "IN_MC"}
\o Resetting statistical vars
\o 
\o *Info*    Setting parameter values ...
\o 
\o 
\o *Info*    Netlist Directory =
\o           /home/saul/projects/IL2244_VT26_SAUL/Sim/FECG/fecg_tb/maestro/results/maestro/MonteCarlo.5/9/IN_MC/groupRunDataDir/netlist
\o 
\o 
\o *Info*    Data Directory    =
\o           /home/saul/projects/IL2244_VT26_SAUL/Sim/FECG/fecg_tb/maestro/results/maestro/MonteCarlo.5/9/IN_MC/groupRunDataDir
\o 
\o Reusing AHDL Data dir
\o generate netlist...
\o function ansCdlCompPrim redefined
\o Ignoring netlist creation since ignoreDesignChangesDuringRun is set to true
\o       ...successful.
\o compose simulator input file...
\o       ...successful.
\o WARNING (ADE-3080): Fast viewing extensions for PSF XL format (also known as RTSF) will be discontinued  
\o        and Virtuoso Visualization and Analysis XL will not use RTSF data to plot waveforms from IC6.1.8 ISR7 onward. 
\o        There will be no performance impact on data visualization due to this change.
\o [2026-04-06 20:49:36.519 Z] [PROCESS] [cadence.virtuoso.ade.services.netlister] - Current memory used: 740.9219 MBytes, peak memory used: 740.9219 MBytes {"hostname": "edatools", "processid": 2906147, "testname": "IN_MC", "point": 9, "logfile": "/home/saul/projects/IL2244_VT26_SAUL/logs_saul/logs0/Service13.log"}
\o [2026-04-06 20:49:36.520 Z] [INFO] [cadence.virtuoso.ade.services.netlister] - Finished netlisting {"point": 9, "testname": "IN_MC"}
\o Simulation design variables differ from those on the cellView,
\o they have been saved in the file "/tmp/saved-design-variables".
\o To save future changes, copy variables to cellView before exiting.
\# Lic Summary:
\# [20:54:39.329098] Cdslmd servers:3000@lic08.ug.kth.se:29000@lic06.ug.kth.se
\# [20:54:39.329113] Feature usage summary:
\# Memory report: on exit            449 MB, process size 2,212 MB at UTC 2026.04.06 20:54:39.853
\# Memory report: peak usage         449 MB, process size 2,214 MB
