\# Program start time:     UTC 2026.04.10 16:20:27.447
\# Local time: UTC (UTC+00:00) 2026.04.10 16:20:27.447
\o Program:		@(#)$CDS: virtuoso version 6.1.8-64b 09/03/2024 19:11 (sjfhw316) $
\o Hierarchy:		/opt/tools/cadence/installs/IC618/tools.lnx86/dfII/
\o Sub version:		sub-version  IC6.1.8-64b.500.36  (64-bit addresses)
\# Command line:	/opt/tools/cadence/installs/IC618/tools.lnx86/dfII/bin/64bit/virtuoso -beanhost edatools -beanport 11300 -beanbinlog  -beanLogFile /home/saul/projects/IL2244_VT26_SAUL/logs_saul/logs0/amps_Service92.log -mpssession virtuoso179512 -mpshost edatools -davinciService DaVinciService_179512_1775795326 -scopedPid 179512 -axlSession fnxSession6 -axlServiceIdFlag 92 -uuid 15e35ce2-6c35-4e90-b822-5dbf0b5df878 -heartbeat /dev/shm/swift-heartbeat.LxwP5Eh6TS -log /home/saul/projects/IL2244_VT26_SAUL/logs_saul/logs0/Service92.log -noautostart -nographE -lscs 000175E1894CBE06FF0966E38F1FFC06BC4D138FFC7EFC06BC4D68F886089075D3225CD1A12FD236867F66E38F1FFC06BC4D66E38F1FFC06BC4D0F3AAC55DF4CD59400001E61 -interactive -offlineExprEval -fenixMode assembler -heartbeatTimeout  -lingerTimeout 300 -pointlifetime -1
\# Host name (type):	edatools (x86_64)
\# Operating system:	Linux 6.17.0-20-generic #20~24.04.1-Ubuntu SMP PREEMPT_DYNAMIC Thu Mar 19 01:28:37 UTC 2
\# Linux /etc/issue:	\S
\# Linux /etc/issue:	Kernel \r on an \m
\# X display name (WxH):	:4577 (1024x868)
\# Available geometry:			TL(0:0) BR(1023:867)
\# X server:			The X.Org Foundation
\# Depth of Visual (Root):	24 (24)
\# Number of Planes Used:	24
\# X version:		11.0 (vendor release 12011000)
\# X resource pool:	base 0x400000, mask 0x1fffff (2097151), shift 0
\# 			current id 0x0, current max 0x1ffffa (2097146)
\# Max data seg size:	     unlimited
\# Max process size:	     unlimited
\# Initial sbrk value:	        962 MB
\# Available memory:	     55,809 MB
\# System memory:	     72,238 MB
\# Maximum memory size:	     71,395 MB
\# Max mem available:	     55,928 MB
\# Initial memory used:	        119 MB
\#        process size:	      1,676 MB
\# Thread usage limits (effective/default):	maxthreads 4294967295/4294967295 maxload 16.00/16.00
\# Qt version:		5.9.1
\# Window Manager:	other
\# User Name:		saul
\o Working Directory:	edatools:/home/saul/projects/IL2244_VT26_SAUL
\# Process Id:		496218
\o 
\o COPYRIGHT (C) 1992-2024  CADENCE DESIGN SYSTEMS INC.  ALL RIGHTS RESERVED.
\o           (C) 1992-2024  UNIX SYSTEMS Laboratories INC.,
\o                          Reproduced with permission.
\o 
\o This Cadence Design Systems program and online documentation are
\o proprietary/confidential information and may be disclosed/used only
\o as authorized in a license agreement controlling such use and disclosure.
\o 
\o           RESTRICTED RIGHTS NOTICE (SHORT FORM)
\o Use/reproduction/disclosure is subject to restriction
\o set forth at FAR 1252.227-19 or its equivalent.
\o Loading geView.cxt 
\o Loading menuBuilder.cxt 
\o Loading schView.cxt 
\o Loading selectSv.cxt 
\o Loading wireEdit.cxt 
\o Loading pte2.cxt 
\o Loading xlUI.cxt 
\o Loading auCore.cxt 
\o Loading vhdl.cxt 
\o Loading seismic.cxt 
\o Loading ci.cxt 
\o Loading ams.cxt 
\o Loading oasis.cxt 
\o Loading analog.cxt 
\o Loading asimenv.cxt 
\o Loading dal.cxt 
\o Loading awv.cxt 
\o Loading socket.cxt 
\o Loading par.cxt 
\o Loading alvs.cxt 
\o Loading caa.cxt 
\o Loading amps.cxt 
\o Loading adexlCore.cxt 
\# Memory report: using         230 MB, process size 1,910 MB at UTC 2026.04.10 16:20:28.151
\o Loading adexl.cxt 
\o *Info*    Exporting services from client ... 
\o 
\o Loading adexlDM.cxt 
\o Loading cpf.cxt 
\o Loading cli.cxt 
\o Loading lp.cxt 
\o INFO (ELI-00302) Connecting to parent process (session=virtuoso179512, host=edatools). Connection mode is LSCS. Total timeout is 180 seconds. Connection timeout is 90 seconds.
\o INFO (ELI-00303) Step 1: Connecting to parent. Time spent is 0 seconds.
\o INFO (ELI-00304) The registration of the child 496218 within 90 seconds is being processed...
\o INFO (ELI-00305) The result of registration is true. Time spent is 0 seconds.
\o INFO (ELI-00308) The connection has ended. Result is true. Total time spent is 0 seconds.
\# [16:20:27.445330] Configured Lic search path (22.01-s002): 3000@lic08.ug.kth.se:29000@lic06.ug.kth.se
\o ......................................................................................
\o            ams AG HIT-Kit v.ams_4.10
\o ......................................................................................
\o COPYRIGHT (c) 2012 Full Service Foundry @ ams AG.  ALL RIGHTS RESERVED
\o This HIT-Kit and attached documentation are confidential information and may 
\o only be used as authorized by the HIT-Kit license agreement.
\o ......................................................................................
\# Current Window: window(2)
\o Loading simulator default settings.
\o //
\o //  Calibre Skill Interface * (v2024.4_12.9) *
\o //
\o //                         Copyright Siemens 1996-2020     
\o //                             All Rights Reserved.
\o //         THIS WORK CONTAINS TRADE SECRET AND PROPRIETARY INFORMATION
\o //            WHICH IS THE PROPERTY OF MENTOR GRAPHICS CORPORATION
\o //              OR ITS LICENSORS AND IS SUBJECT TO LICENSE TERMS.
\o //
\o //
\o Loading simulator default settings.
\p hitkit: ams_4.10  Tech: c35b4c3  User: saul 
\w *WARNING* could not load font "-*-courier-medium-r-*-*-12-*", using font "fixed"
\# Loading perfDiag...
\# (PerfDiag): Set GDB path to environment variable 'gdbPath' (gdb).
\# Performance Diagnostic tool is installed. You can access PerfDiag from CIW Tools or use the shell command 'cdsPerfDiag -p 496218' to open it when Virtuoso freezes.
\# (PerfDiag): Use backtrace from GLIBC.
\w *WARNING* _perfPstackCheck: Cannot find pstack/gstack. Please setup PATH environment variable to pstack/gstack executable.
\i _axlRunServices()
\# [16:20:29.021075] Periodic Lic check successful
\# [16:20:29.021083] Feature usage summary:
\o Loading simui.cxt 
\o [2026-04-10 16:20:29.566 Z] [PROCESS] [cadence.virtuoso.ade.services] - Netlist Service has successfully started. Waiting for incoming messages ... {"hostname": "edatools", "processid": 496218, "logfile": "/home/saul/projects/IL2244_VT26_SAUL/logs_saul/logs0/Service92.log"}
\o [2026-04-10 16:20:29.610 Z] [EVENT] [cadence.virtuoso.ade.services.netlister] - NewPoint {"point": 0, "testname": "DC_MC", "event": "NewPoint", "EventSource": "Netlist Service", "HistoryName": "MonteCarlo.3", "logFile": "/home/saul/projects/IL2244_VT26_SAUL/logs_saul/logs0/Service92.log", "logFileSize": "5748"}
\o [2026-04-10 16:20:29.611 Z] [INFO] [cadence.virtuoso.ade.services.netlister] - Started preparing netlist {"point": 0, "testname": "DC_MC", "testnameKey": "DC_MC"}
\o Loading vqp.cxt 
\o Loading vdsil.cxt 
\o *Warning* AXL Context Manager : job 92 is already registered. 
\o 
\o Loading hdlPkg.cxt 
\o 
\o 
\o *Info*    Configuring the session ...
\o 
\o 	Library      = ECG_IA
\o 	Cell         = ecg_bandgap_tb
\o 	View         = schematic
\o 	Simulator    = spectre
\o 	State Path   = $AXL_SETUPDB_DIR/test_states
\o 	State Name   = MonteCarlo.3
\o 	Results DB   = /home/saul/projects/IL2244_VT26_SAUL/ECG_IA/ecg_bandgap_tb/maestro/results/maestro/MonteCarlo.3.rdb
\o 	Results Dir  = /home/saul/projects/IL2244_VT26_SAUL/Sim/ECG_IA/ecg_bandgap_tb/maestro/results/maestro/MonteCarlo.3/1/DC_MC
\o 	Results Loc  = /home/saul/projects/IL2244_VT26_SAUL/Sim/ECG_IA/ecg_bandgap_tb/maestro/results/maestro
\o 	Project Dir  = /home/saul/projects/IL2244_VT26_SAUL/Sim
\o 	Setup DB loc = /home/saul/projects/IL2244_VT26_SAUL/ECG_IA/ecg_bandgap_tb/maestro
\o 	File Encoding = 0
\o 
\o 
\o Loading viva.cxt 
\o Loading spectrei.cxt 
\o Loading devCheck.cxt 
\o Loading relXpert.cxt 
\# Memory report: using         388 MB, process size 2,147 MB at UTC 2026.04.10 16:20:31.079
\o Loading hspiceD.cxt 
\o Loading spectreinl.cxt 
\o Loading msgHandler.cxt 
\o Loading UltraSim.cxt 
\o Loading AMSOSS.cxt 
\o Loading AMS.cxt 
\o 
\o *Info*    The auto suspension is disabled.
\o 
\o Loading elec.cxt 
\o Resetting statistical vars
\o 
\o *Info*    Setting parameter values ...
\o 
\o Setting var VDD = "3.3"
\o Setting var VDD_PULSE = "0"
\o Setting var VDD_RISE = "1u"
\o Loading monte.cxt 
\o Reusing AHDL Data dir
\o 
\o *Info*    Data Directory    =
\o           /home/saul/projects/IL2244_VT26_SAUL/Sim/ECG_IA/ecg_bandgap_tb/maestro/results/maestro/MonteCarlo.3/psf/DC_MC
\o 
\o generate netlist...
\o Loading hnlInit.cxt 
\o Loading seCore.cxt 
\o function ansCdlCompPrim redefined
\o function ansCdlCompPrim redefined
\o Begin Incremental Netlisting Apr 10 16:20:31 2026
\o Loading json.cxt 
\o End netlisting Apr 10 16:20:31 2026
\o 
\o Netlisting Statistics:
\o 	Number of components:   51
\o 
\o 	Elapsed time:          0.0s
\o Errors: 0	Warnings: 0
\o       ...successful.
\o compose simulator input file...
\o       ...successful.
\o [2026-04-10 16:20:31.688 Z] [INFO] [cadence.virtuoso.ade.services.netlister] - Finished preparing netlist {"point": 0, "testname": "DC_MC", "testnameKey": "DC_MC"}
\o [2026-04-10 16:20:32.694 Z] [EVENT] [cadence.virtuoso.ade.services.netlister] - GroupPoints {"point": 1, "testname": "DC_MC", "event": "GroupPoints", "EventSource": "Netlist Service", "Points": "1:1:25", "HistoryName": "MonteCarlo.3", "logFile": "/home/saul/projects/IL2244_VT26_SAUL/logs_saul/logs0/Service92.log", "logFileSize": "7873"}
\o [2026-04-10 16:20:32.695 Z] [INFO] [cadence.virtuoso.ade.services.netlister] - Started netlisting {"point": 1, "testname": "DC_MC"}
\o Simulation design variables differ from those on the cellView,
\o they have been saved in the file "/tmp/saved-design-variables".
\o To save future changes, copy variables to cellView before exiting.
\o *Warning* AXL Context Manager : job 92 is already registered. 
\o 
\o 
\o 
\o *Info*    Configuring the session ...
\o 
\o 	Library      = ECG_IA
\o 	Cell         = ecg_bandgap_tb
\o 	View         = schematic
\o 	Simulator    = spectre
\o 	State Path   = $AXL_SETUPDB_DIR/test_states
\o 	State Name   = MonteCarlo.3
\o 	Results DB   = /home/saul/projects/IL2244_VT26_SAUL/ECG_IA/ecg_bandgap_tb/maestro/results/maestro/MonteCarlo.3.rdb
\o 	Results Dir  = /home/saul/projects/IL2244_VT26_SAUL/Sim/ECG_IA/ecg_bandgap_tb/maestro/results/maestro/MonteCarlo.3/1/DC_MC
\o 	Results Loc  = /home/saul/projects/IL2244_VT26_SAUL/Sim/ECG_IA/ecg_bandgap_tb/maestro/results/maestro
\o 	Project Dir  = /home/saul/projects/IL2244_VT26_SAUL/Sim
\o 	Setup DB loc = /home/saul/projects/IL2244_VT26_SAUL/ECG_IA/ecg_bandgap_tb/maestro
\o 	File Encoding = 0
\o 
\o 
\o 
\o *Info*    The auto suspension is disabled.
\o 
\o Resetting statistical vars
\o 
\o *Info*    Setting parameter values ...
\o 
\o Setting var VDD = "3.3"
\o Setting var VDD_PULSE = "0"
\o Setting var VDD_RISE = "1u"
\o Setting var temperature = "27"
\o Setting temp(T) = 27
\o 
\o *Info*    Netlist Directory =
\o           /home/saul/projects/IL2244_VT26_SAUL/Sim/ECG_IA/ecg_bandgap_tb/maestro/results/maestro/MonteCarlo.3/1/DC_MC/groupRunDataDir/netlist
\o 
\o 
\o *Info*    Data Directory    =
\o           /home/saul/projects/IL2244_VT26_SAUL/Sim/ECG_IA/ecg_bandgap_tb/maestro/results/maestro/MonteCarlo.3/1/DC_MC/groupRunDataDir
\o 
\o Reusing AHDL Data dir
\o generate netlist...
\o function ansCdlCompPrim redefined
\o Ignoring netlist creation since ignoreDesignChangesDuringRun is set to true
\o       ...successful.
\o compose simulator input file...
\o       ...successful.
\o WARNING (ADE-3080): Fast viewing extensions for PSF XL format (also known as RTSF) will be discontinued  
\o        and Virtuoso Visualization and Analysis XL will not use RTSF data to plot waveforms from IC6.1.8 ISR7 onward. 
\o        There will be no performance impact on data visualization due to this change.
\o [2026-04-10 16:20:33.566 Z] [PROCESS] [cadence.virtuoso.ade.services.netlister] - Current memory used: 703.5078 MBytes, peak memory used: 703.5078 MBytes {"hostname": "edatools", "processid": 496218, "testname": "DC_MC", "point": 1, "logfile": "/home/saul/projects/IL2244_VT26_SAUL/logs_saul/logs0/Service92.log"}
\o [2026-04-10 16:20:33.567 Z] [INFO] [cadence.virtuoso.ade.services.netlister] - Finished netlisting {"point": 1, "testname": "DC_MC"}
\o [2026-04-10 16:20:33.570 Z] [EVENT] [cadence.virtuoso.ade.services.netlister] - GroupPoints {"point": 26, "testname": "DC_MC", "event": "GroupPoints", "EventSource": "Netlist Service", "Points": "26:1:50", "HistoryName": "MonteCarlo.3", "logFile": "/home/saul/projects/IL2244_VT26_SAUL/logs_saul/logs0/Service92.log", "logFileSize": "12293"}
\o [2026-04-10 16:20:33.570 Z] [INFO] [cadence.virtuoso.ade.services.netlister] - Started netlisting {"point": 26, "testname": "DC_MC"}
\o Resetting statistical vars
\o 
\o *Info*    Setting parameter values ...
\o 
\o 
\o *Info*    Netlist Directory =
\o           /home/saul/projects/IL2244_VT26_SAUL/Sim/ECG_IA/ecg_bandgap_tb/maestro/results/maestro/MonteCarlo.3/26/DC_MC/groupRunDataDir/netlist
\o 
\o 
\o *Info*    Data Directory    =
\o           /home/saul/projects/IL2244_VT26_SAUL/Sim/ECG_IA/ecg_bandgap_tb/maestro/results/maestro/MonteCarlo.3/26/DC_MC/groupRunDataDir
\o 
\o Reusing AHDL Data dir
\o generate netlist...
\o function ansCdlCompPrim redefined
\o Ignoring netlist creation since ignoreDesignChangesDuringRun is set to true
\o       ...successful.
\o compose simulator input file...
\o       ...successful.
\o WARNING (ADE-3080): Fast viewing extensions for PSF XL format (also known as RTSF) will be discontinued  
\o        and Virtuoso Visualization and Analysis XL will not use RTSF data to plot waveforms from IC6.1.8 ISR7 onward. 
\o        There will be no performance impact on data visualization due to this change.
\o [2026-04-10 16:20:34.041 Z] [PROCESS] [cadence.virtuoso.ade.services.netlister] - Current memory used: 703.5078 MBytes, peak memory used: 703.5078 MBytes {"hostname": "edatools", "processid": 496218, "testname": "DC_MC", "point": 26, "logfile": "/home/saul/projects/IL2244_VT26_SAUL/logs_saul/logs0/Service92.log"}
\o [2026-04-10 16:20:34.042 Z] [INFO] [cadence.virtuoso.ade.services.netlister] - Finished netlisting {"point": 26, "testname": "DC_MC"}
\o [2026-04-10 16:20:34.044 Z] [EVENT] [cadence.virtuoso.ade.services.netlister] - GroupPoints {"point": 51, "testname": "DC_MC", "event": "GroupPoints", "EventSource": "Netlist Service", "Points": "51:1:75", "HistoryName": "MonteCarlo.3", "logFile": "/home/saul/projects/IL2244_VT26_SAUL/logs_saul/logs0/Service92.log", "logFileSize": "14240"}
\o [2026-04-10 16:20:34.044 Z] [INFO] [cadence.virtuoso.ade.services.netlister] - Started netlisting {"point": 51, "testname": "DC_MC"}
\o Resetting statistical vars
\o 
\o *Info*    Setting parameter values ...
\o 
\o 
\o *Info*    Netlist Directory =
\o           /home/saul/projects/IL2244_VT26_SAUL/Sim/ECG_IA/ecg_bandgap_tb/maestro/results/maestro/MonteCarlo.3/51/DC_MC/groupRunDataDir/netlist
\o 
\o 
\o *Info*    Data Directory    =
\o           /home/saul/projects/IL2244_VT26_SAUL/Sim/ECG_IA/ecg_bandgap_tb/maestro/results/maestro/MonteCarlo.3/51/DC_MC/groupRunDataDir
\o 
\o Reusing AHDL Data dir
\o generate netlist...
\o function ansCdlCompPrim redefined
\o Ignoring netlist creation since ignoreDesignChangesDuringRun is set to true
\o       ...successful.
\o compose simulator input file...
\o       ...successful.
\o WARNING (ADE-3080): Fast viewing extensions for PSF XL format (also known as RTSF) will be discontinued  
\o        and Virtuoso Visualization and Analysis XL will not use RTSF data to plot waveforms from IC6.1.8 ISR7 onward. 
\o        There will be no performance impact on data visualization due to this change.
\o [2026-04-10 16:20:34.581 Z] [PROCESS] [cadence.virtuoso.ade.services.netlister] - Current memory used: 703.5078 MBytes, peak memory used: 703.5078 MBytes {"hostname": "edatools", "processid": 496218, "testname": "DC_MC", "point": 51, "logfile": "/home/saul/projects/IL2244_VT26_SAUL/logs_saul/logs0/Service92.log"}
\o [2026-04-10 16:20:34.582 Z] [INFO] [cadence.virtuoso.ade.services.netlister] - Finished netlisting {"point": 51, "testname": "DC_MC"}
\o [2026-04-10 16:20:34.585 Z] [EVENT] [cadence.virtuoso.ade.services.netlister] - GroupPoints {"point": 76, "testname": "DC_MC", "event": "GroupPoints", "EventSource": "Netlist Service", "Points": "76:1:100", "HistoryName": "MonteCarlo.3", "logFile": "/home/saul/projects/IL2244_VT26_SAUL/logs_saul/logs0/Service92.log", "logFileSize": "16187"}
\o [2026-04-10 16:20:34.586 Z] [INFO] [cadence.virtuoso.ade.services.netlister] - Started netlisting {"point": 76, "testname": "DC_MC"}
\o Resetting statistical vars
\o 
\o *Info*    Setting parameter values ...
\o 
\o 
\o *Info*    Netlist Directory =
\o           /home/saul/projects/IL2244_VT26_SAUL/Sim/ECG_IA/ecg_bandgap_tb/maestro/results/maestro/MonteCarlo.3/76/DC_MC/groupRunDataDir/netlist
\o 
\o 
\o *Info*    Data Directory    =
\o           /home/saul/projects/IL2244_VT26_SAUL/Sim/ECG_IA/ecg_bandgap_tb/maestro/results/maestro/MonteCarlo.3/76/DC_MC/groupRunDataDir
\o 
\o Reusing AHDL Data dir
\o generate netlist...
\o function ansCdlCompPrim redefined
\o Ignoring netlist creation since ignoreDesignChangesDuringRun is set to true
\o       ...successful.
\o compose simulator input file...
\o       ...successful.
\o WARNING (ADE-3080): Fast viewing extensions for PSF XL format (also known as RTSF) will be discontinued  
\o        and Virtuoso Visualization and Analysis XL will not use RTSF data to plot waveforms from IC6.1.8 ISR7 onward. 
\o        There will be no performance impact on data visualization due to this change.
\o [2026-04-10 16:20:35.175 Z] [PROCESS] [cadence.virtuoso.ade.services.netlister] - Current memory used: 704.0703 MBytes, peak memory used: 704.0703 MBytes {"hostname": "edatools", "processid": 496218, "testname": "DC_MC", "point": 76, "logfile": "/home/saul/projects/IL2244_VT26_SAUL/logs_saul/logs0/Service92.log"}
\o [2026-04-10 16:20:35.177 Z] [INFO] [cadence.virtuoso.ade.services.netlister] - Finished netlisting {"point": 76, "testname": "DC_MC"}
\o [2026-04-10 16:20:35.180 Z] [EVENT] [cadence.virtuoso.ade.services.netlister] - GroupPoints {"point": 101, "testname": "DC_MC", "event": "GroupPoints", "EventSource": "Netlist Service", "Points": "101:1:125", "HistoryName": "MonteCarlo.3", "logFile": "/home/saul/projects/IL2244_VT26_SAUL/logs_saul/logs0/Service92.log", "logFileSize": "18135"}
\o [2026-04-10 16:20:35.181 Z] [INFO] [cadence.virtuoso.ade.services.netlister] - Started netlisting {"point": 101, "testname": "DC_MC"}
\o Resetting statistical vars
\o 
\o *Info*    Setting parameter values ...
\o 
\o 
\o *Info*    Netlist Directory =
\o           /home/saul/projects/IL2244_VT26_SAUL/Sim/ECG_IA/ecg_bandgap_tb/maestro/results/maestro/MonteCarlo.3/101/DC_MC/groupRunDataDir/netlist
\o 
\o 
\o *Info*    Data Directory    =
\o           /home/saul/projects/IL2244_VT26_SAUL/Sim/ECG_IA/ecg_bandgap_tb/maestro/results/maestro/MonteCarlo.3/101/DC_MC/groupRunDataDir
\o 
\o Reusing AHDL Data dir
\o generate netlist...
\o function ansCdlCompPrim redefined
\o Ignoring netlist creation since ignoreDesignChangesDuringRun is set to true
\o       ...successful.
\o compose simulator input file...
\o       ...successful.
\o WARNING (ADE-3080): Fast viewing extensions for PSF XL format (also known as RTSF) will be discontinued  
\o        and Virtuoso Visualization and Analysis XL will not use RTSF data to plot waveforms from IC6.1.8 ISR7 onward. 
\o        There will be no performance impact on data visualization due to this change.
\o [2026-04-10 16:20:35.798 Z] [PROCESS] [cadence.virtuoso.ade.services.netlister] - Current memory used: 706.8164 MBytes, peak memory used: 706.8164 MBytes {"hostname": "edatools", "processid": 496218, "testname": "DC_MC", "point": 101, "logfile": "/home/saul/projects/IL2244_VT26_SAUL/logs_saul/logs0/Service92.log"}
\o [2026-04-10 16:20:35.799 Z] [INFO] [cadence.virtuoso.ade.services.netlister] - Finished netlisting {"point": 101, "testname": "DC_MC"}
\o [2026-04-10 16:20:35.802 Z] [EVENT] [cadence.virtuoso.ade.services.netlister] - GroupPoints {"point": 126, "testname": "DC_MC", "event": "GroupPoints", "EventSource": "Netlist Service", "Points": "126:1:150", "HistoryName": "MonteCarlo.3", "logFile": "/home/saul/projects/IL2244_VT26_SAUL/logs_saul/logs0/Service92.log", "logFileSize": "20090"}
\o [2026-04-10 16:20:35.803 Z] [INFO] [cadence.virtuoso.ade.services.netlister] - Started netlisting {"point": 126, "testname": "DC_MC"}
\o Resetting statistical vars
\o 
\o *Info*    Setting parameter values ...
\o 
\o 
\o *Info*    Netlist Directory =
\o           /home/saul/projects/IL2244_VT26_SAUL/Sim/ECG_IA/ecg_bandgap_tb/maestro/results/maestro/MonteCarlo.3/126/DC_MC/groupRunDataDir/netlist
\o 
\o 
\o *Info*    Data Directory    =
\o           /home/saul/projects/IL2244_VT26_SAUL/Sim/ECG_IA/ecg_bandgap_tb/maestro/results/maestro/MonteCarlo.3/126/DC_MC/groupRunDataDir
\o 
\o Reusing AHDL Data dir
\o generate netlist...
\o function ansCdlCompPrim redefined
\o Ignoring netlist creation since ignoreDesignChangesDuringRun is set to true
\o       ...successful.
\o compose simulator input file...
\o       ...successful.
\o WARNING (ADE-3080): Fast viewing extensions for PSF XL format (also known as RTSF) will be discontinued  
\o        and Virtuoso Visualization and Analysis XL will not use RTSF data to plot waveforms from IC6.1.8 ISR7 onward. 
\o        There will be no performance impact on data visualization due to this change.
\o [2026-04-10 16:20:36.274 Z] [PROCESS] [cadence.virtuoso.ade.services.netlister] - Current memory used: 709.2227 MBytes, peak memory used: 709.2227 MBytes {"hostname": "edatools", "processid": 496218, "testname": "DC_MC", "point": 126, "logfile": "/home/saul/projects/IL2244_VT26_SAUL/logs_saul/logs0/Service92.log"}
\o [2026-04-10 16:20:36.274 Z] [INFO] [cadence.virtuoso.ade.services.netlister] - Finished netlisting {"point": 126, "testname": "DC_MC"}
\o [2026-04-10 16:20:36.275 Z] [EVENT] [cadence.virtuoso.ade.services.netlister] - GroupPoints {"point": 151, "testname": "DC_MC", "event": "GroupPoints", "EventSource": "Netlist Service", "Points": "151:1:175", "HistoryName": "MonteCarlo.3", "logFile": "/home/saul/projects/IL2244_VT26_SAUL/logs_saul/logs0/Service92.log", "logFileSize": "22045"}
\o [2026-04-10 16:20:36.275 Z] [INFO] [cadence.virtuoso.ade.services.netlister] - Started netlisting {"point": 151, "testname": "DC_MC"}
\o Resetting statistical vars
\o 
\o *Info*    Setting parameter values ...
\o 
\o 
\o *Info*    Netlist Directory =
\o           /home/saul/projects/IL2244_VT26_SAUL/Sim/ECG_IA/ecg_bandgap_tb/maestro/results/maestro/MonteCarlo.3/151/DC_MC/groupRunDataDir/netlist
\o 
\o 
\o *Info*    Data Directory    =
\o           /home/saul/projects/IL2244_VT26_SAUL/Sim/ECG_IA/ecg_bandgap_tb/maestro/results/maestro/MonteCarlo.3/151/DC_MC/groupRunDataDir
\o 
\o Reusing AHDL Data dir
\o generate netlist...
\o function ansCdlCompPrim redefined
\o Ignoring netlist creation since ignoreDesignChangesDuringRun is set to true
\o       ...successful.
\o compose simulator input file...
\o       ...successful.
\o WARNING (ADE-3080): Fast viewing extensions for PSF XL format (also known as RTSF) will be discontinued  
\o        and Virtuoso Visualization and Analysis XL will not use RTSF data to plot waveforms from IC6.1.8 ISR7 onward. 
\o        There will be no performance impact on data visualization due to this change.
\o [2026-04-10 16:20:36.932 Z] [PROCESS] [cadence.virtuoso.ade.services.netlister] - Current memory used: 712.0000 MBytes, peak memory used: 712.0000 MBytes {"hostname": "edatools", "processid": 496218, "testname": "DC_MC", "point": 151, "logfile": "/home/saul/projects/IL2244_VT26_SAUL/logs_saul/logs0/Service92.log"}
\o [2026-04-10 16:20:36.933 Z] [INFO] [cadence.virtuoso.ade.services.netlister] - Finished netlisting {"point": 151, "testname": "DC_MC"}
\o [2026-04-10 16:20:36.934 Z] [EVENT] [cadence.virtuoso.ade.services.netlister] - GroupPoints {"point": 176, "testname": "DC_MC", "event": "GroupPoints", "EventSource": "Netlist Service", "Points": "176:1:200", "HistoryName": "MonteCarlo.3", "logFile": "/home/saul/projects/IL2244_VT26_SAUL/logs_saul/logs0/Service92.log", "logFileSize": "24000"}
\o [2026-04-10 16:20:36.934 Z] [INFO] [cadence.virtuoso.ade.services.netlister] - Started netlisting {"point": 176, "testname": "DC_MC"}
\o Resetting statistical vars
\o 
\o *Info*    Setting parameter values ...
\o 
\# Available memory:         55,004 MB at UTC 2026.04.10 16:20:37.103
\# Memory report: Maximum memory size now 55,454 MB at UTC 2026.04.10 16:20:37.103
\# Thread usage report: 22 active threads, active load 1.40 at UTC 2026.04.10 16:20:37.103
\o 
\o *Info*    Netlist Directory =
\o           /home/saul/projects/IL2244_VT26_SAUL/Sim/ECG_IA/ecg_bandgap_tb/maestro/results/maestro/MonteCarlo.3/176/DC_MC/groupRunDataDir/netlist
\o 
\o 
\o *Info*    Data Directory    =
\o           /home/saul/projects/IL2244_VT26_SAUL/Sim/ECG_IA/ecg_bandgap_tb/maestro/results/maestro/MonteCarlo.3/176/DC_MC/groupRunDataDir
\o 
\o Reusing AHDL Data dir
\o generate netlist...
\o function ansCdlCompPrim redefined
\o Ignoring netlist creation since ignoreDesignChangesDuringRun is set to true
\o       ...successful.
\o compose simulator input file...
\o       ...successful.
\o WARNING (ADE-3080): Fast viewing extensions for PSF XL format (also known as RTSF) will be discontinued  
\o        and Virtuoso Visualization and Analysis XL will not use RTSF data to plot waveforms from IC6.1.8 ISR7 onward. 
\o        There will be no performance impact on data visualization due to this change.
\o [2026-04-10 16:20:37.250 Z] [PROCESS] [cadence.virtuoso.ade.services.netlister] - Current memory used: 712.8438 MBytes, peak memory used: 712.8438 MBytes {"hostname": "edatools", "processid": 496218, "testname": "DC_MC", "point": 176, "logfile": "/home/saul/projects/IL2244_VT26_SAUL/logs_saul/logs0/Service92.log"}
\o [2026-04-10 16:20:37.250 Z] [INFO] [cadence.virtuoso.ade.services.netlister] - Finished netlisting {"point": 176, "testname": "DC_MC"}
\# Memory report: Maximum memory size now 54,107 MB at UTC 2026.04.10 16:20:49.326
\o Simulation design variables differ from those on the cellView,
\o they have been saved in the file "/tmp/saved-design-variables".
\o To save future changes, copy variables to cellView before exiting.
\# Lic Summary:
\# [16:25:40.200674] Cdslmd servers:3000@lic08.ug.kth.se:29000@lic06.ug.kth.se
\# [16:25:40.200696] Feature usage summary:
\# Memory report: on exit            449 MB, process size 2,212 MB at UTC 2026.04.10 16:25:40.725
\# Memory report: peak usage         449 MB, process size 2,214 MB
