[ADE GUI: 22cebff3-fc87-4495-a153-45a996c06749]
[2026-04-19 15:17:09.441 Z] [PROCESS] [cadence.virtuoso.ade.gui] - /home/saul/projects/IL2244_VT26_SAUL/.tmp_saul/.cmddir0/swiftLoggingService0 is starting {"logfile": "/home/saul/projects/IL2244_VT26_SAUL/logs_saul/logs0/LoggingService0.log"}
[2026-04-19 15:17:09.550 Z] [PROCESS] [cadence.virtuoso.ade.gui] - /home/saul/projects/IL2244_VT26_SAUL/.tmp_saul/.cmddir0/swiftNetlistService1 is starting {"logfile": "/home/saul/projects/IL2244_VT26_SAUL/logs_saul/logs0/Service1.log"}
[2026-04-19 15:17:09.551 Z] [PROCESS] [cadence.virtuoso.ade.gui] - Logging Service '3823076' is starting up on host 'edatools' {"logfile": "/home/saul/projects/IL2244_VT26_SAUL/logs_saul/logs0/LoggingService0.log"}
[2026-04-19 15:17:10.326 Z] [PROCESS] [cadence.virtuoso.ade.gui] - Netlist Service '3823104' is starting up on host 'edatools' {"logfile": "/home/saul/projects/IL2244_VT26_SAUL/logs_saul/logs0/Service1.log"}
[2026-04-19 15:17:21.733 Z] [EVENT] [cadence.virtuoso.ade.gui] - NewHistoryCreated {"history": "Interactive.95", "event": "NewHistoryCreated", "EventSource": "ADE GUI", "HistoryName": "Interactive.95", "WorkDir": "/home/saul/projects/IL2244_VT26_SAUL", "HistorySimDir": "/home/saul/projects/IL2244_VT26_SAUL/Sim/FECG/fecg_cmfb_tb/maestro/results/maestro/Interactive.95", "HistoryResultsDir": "/home/saul/projects/IL2244_VT26_SAUL/FECG/fecg_cmfb_tb/maestro/results/maestro"}
[2026-04-19 15:17:21.733 Z] [PROCESS] [cadence.virtuoso.ade.gui] - History Setup {"hostname": "edatools", "processid": 3799910, "history": "Interactive.95", "logfile": "/home/saul/projects/IL2244_VT26_SAUL/logs_saul/logs0/virtuoso_ade_debug.log", "jobmode": "LSCS", "runmode": "Single Run, Sweeps and Corners", "lib": "FECG", "cell": "fecg_cmfb_tb", "view": "maestro", "icversion": "sub-version  IC6.1.8-64b.500.36 ", "runstart": "Sun Apr 19 15:17:21 2026\n", "timezonelocal": "+000", "spectreversion": "unknown", "jobpolicyname": "Maestro Default", "maxjobs": "1", "ncjobpolicyname": "Netlisting Default", "ncmaxjobs": "unknown", "numtests": "1", "runfinished": "unknown", "runelapsed": "-1", "numcorners": "1"}
[2026-04-19 15:17:22.022 Z] [WARN] [cadence.virtuoso.ade.gui] - Could not find log file for Same Process Job 0. Log message for this job will be printed in the CDS log file. {"history": "Interactive.95", "testname": "FECG_fecg_cmfb_tb_1", "detailed_message": "", "message_id": "ASSEMBLER-5028"}
[2026-04-19 15:17:22.376 Z] [INFO] [cadence.virtuoso.ade.gui] - Simulation will use spectre batch mode because the GCC version used by Spectre and Virtuoso are not compatible. {"history": "Interactive.95", "testname": "FECG_fecg_cmfb_tb_1", "detailed_message": "", "message_id": "ASSEMBLER-5024"}
[2026-04-19 15:17:22.427 Z] [EVENT] [cadence.virtuoso.ade.pointevaluator] - NewPoint {"history": "Interactive.95", "point": 1, "testname": "FECG_fecg_cmfb_tb_1", "event": "NewPoint", "EventSource": "ADE GUI", "HistoryName": "Interactive.95", "logFile": "/home/saul/projects/IL2244_VT26_SAUL/logs_saul/logs0/virtuoso_ade_debug.log", "logFileSize": "2731"}
[2026-04-19 15:17:22.427 Z] [INFO] [cadence.virtuoso.ade.pointevaluator] - Started netlisting {"history": "Interactive.95", "point": 1, "testname": "FECG_fecg_cmfb_tb_1"}
[2026-04-19 15:17:23.117 Z] [INFO] [cadence.virtuoso.ade.pointevaluator] - Finished netlisting {"history": "Interactive.95", "point": 1, "testname": "FECG_fecg_cmfb_tb_1"}
[2026-04-19 15:17:23.117 Z] [INFO] [cadence.virtuoso.ade.pointevaluator] - Submitted {"history": "Interactive.95", "point": 1, "testname": "FECG_fecg_cmfb_tb_1"}
[2026-04-19 15:17:27.115 Z] [PROCESS] [cadence.virtuoso.ade.gui] - /home/saul/projects/IL2244_VT26_SAUL/.tmp_saul/.cmddir0/swiftJob2 is starting {"logfile": "/home/saul/projects/IL2244_VT26_SAUL/logs_saul/logs0/Job2.log"}
[2026-04-19 15:17:27.221 Z] [PROCESS] [cadence.virtuoso.ade.gui] - Simulation Monitor process '3823923' is starting up on host 'edatools' {"logfile": "/home/saul/projects/IL2244_VT26_SAUL/logs_saul/logs0/Job2.log"}
[2026-04-19 15:17:28.857 Z] [PROCESS] [cadence.virtuoso.ade.gui] - ln: failed to create symbolic link '/home/saul/projects/IL2244_VT26_SAUL/Sim/FECG/fecg_cmfb_tb/maestro/results/maestro/Interactive.95/1/FECG_fecg_cmfb_tb_1/netlist/exprOutputs.log': File exists
 {"logfile": "/home/saul/projects/IL2244_VT26_SAUL/logs_saul/logs0/Job2.log"}
[2026-04-19 15:17:28.859 Z] [PROCESS] [cadence.virtuoso.ade.gui] - ln: failed to create symbolic link '/home/saul/projects/IL2244_VT26_SAUL/Sim/FECG/fecg_cmfb_tb/maestro/results/maestro/Interactive.95/1/FECG_fecg_cmfb_tb_1/netlist/amps_evaluator.log': File exists
 {"logfile": "/home/saul/projects/IL2244_VT26_SAUL/logs_saul/logs0/Job2.log"}
[2026-04-19 15:17:30.606 Z] [INFO] [cadence.virtuoso.ade.gui] - Point completed {"history": "Interactive.95", "point": 1, "testname": "FECG_fecg_cmfb_tb_1"}
[2026-04-19 15:17:30.785 Z] [EVENT] [cadence.virtuoso.ade.gui] - HistoryFinished {"history": "Interactive.95", "point": 1, "testname": "FECG_fecg_cmfb_tb_1", "event": "HistoryFinished", "EventSource": "ADE GUI", "HistoryName": "Interactive.95"}
[2026-04-19 15:19:46.238 Z] [PROCESS] [cadence.virtuoso.ade.gui] - Logging Service '3823076' stopped with exit code '0' {"logfile": "/home/saul/projects/IL2244_VT26_SAUL/logs_saul/logs0/LoggingService0.log"}
[2026-04-19 15:19:47.302 Z] [PROCESS] [cadence.virtuoso.ade.gui] - Netlist Service '3823104' stopped with exit code '0' {"logfile": "/home/saul/projects/IL2244_VT26_SAUL/logs_saul/logs0/Service1.log"}
[2026-04-19 15:23:08.500 Z] [PROCESS] [cadence.virtuoso.ade.gui] - /home/saul/projects/IL2244_VT26_SAUL/.tmp_saul/.cmddir0/swiftLoggingService3 is starting {"logfile": "/home/saul/projects/IL2244_VT26_SAUL/logs_saul/logs0/LoggingService3.log"}
[2026-04-19 15:23:08.610 Z] [PROCESS] [cadence.virtuoso.ade.gui] - /home/saul/projects/IL2244_VT26_SAUL/.tmp_saul/.cmddir0/swiftNetlistService4 is starting {"logfile": "/home/saul/projects/IL2244_VT26_SAUL/logs_saul/logs0/Service4.log"}
[2026-04-19 15:23:08.611 Z] [PROCESS] [cadence.virtuoso.ade.gui] - Logging Service '3825409' is starting up on host 'edatools' {"logfile": "/home/saul/projects/IL2244_VT26_SAUL/logs_saul/logs0/LoggingService3.log"}
[2026-04-19 15:23:09.322 Z] [PROCESS] [cadence.virtuoso.ade.gui] - Netlist Service '3825438' is starting up on host 'edatools' {"logfile": "/home/saul/projects/IL2244_VT26_SAUL/logs_saul/logs0/Service4.log"}
[2026-04-19 15:23:20.776 Z] [EVENT] [cadence.virtuoso.ade.gui] - NewHistoryCreated {"history": "Interactive.96", "event": "NewHistoryCreated", "EventSource": "ADE GUI", "HistoryName": "Interactive.96", "WorkDir": "/home/saul/projects/IL2244_VT26_SAUL", "HistorySimDir": "/home/saul/projects/IL2244_VT26_SAUL/Sim/FECG/fecg_cmfb_tb/maestro/results/maestro/Interactive.96", "HistoryResultsDir": "/home/saul/projects/IL2244_VT26_SAUL/FECG/fecg_cmfb_tb/maestro/results/maestro"}
[2026-04-19 15:23:20.776 Z] [PROCESS] [cadence.virtuoso.ade.gui] - History Setup {"hostname": "edatools", "processid": 3799910, "history": "Interactive.96", "logfile": "/home/saul/projects/IL2244_VT26_SAUL/logs_saul/logs0/virtuoso_ade_debug.log", "jobmode": "LSCS", "runmode": "Single Run, Sweeps and Corners", "lib": "FECG", "cell": "fecg_cmfb_tb", "view": "maestro", "icversion": "sub-version  IC6.1.8-64b.500.36 ", "runstart": "Sun Apr 19 15:23:20 2026\n", "timezonelocal": "+000", "spectreversion": "unknown", "jobpolicyname": "Maestro Default", "maxjobs": "1", "ncjobpolicyname": "Netlisting Default", "ncmaxjobs": "unknown", "numtests": "1", "runfinished": "unknown", "runelapsed": "-1", "numcorners": "1"}
[2026-04-19 15:23:21.388 Z] [INFO] [cadence.virtuoso.ade.gui] - Simulation will use spectre batch mode because the GCC version used by Spectre and Virtuoso are not compatible. {"history": "Interactive.96", "testname": "FECG_fecg_cmfb_tb_1", "detailed_message": "", "message_id": "ASSEMBLER-5024"}
[2026-04-19 15:23:21.442 Z] [EVENT] [cadence.virtuoso.ade.pointevaluator] - NewPoint {"history": "Interactive.96", "point": 1, "testname": "FECG_fecg_cmfb_tb_1", "event": "NewPoint", "EventSource": "ADE GUI", "HistoryName": "Interactive.96", "logFile": "/home/saul/projects/IL2244_VT26_SAUL/logs_saul/logs0/virtuoso_ade_debug.log", "logFileSize": "7908"}
[2026-04-19 15:23:21.442 Z] [INFO] [cadence.virtuoso.ade.pointevaluator] - Started netlisting {"history": "Interactive.96", "point": 1, "testname": "FECG_fecg_cmfb_tb_1"}
[2026-04-19 15:23:21.943 Z] [INFO] [cadence.virtuoso.ade.pointevaluator] - Finished netlisting {"history": "Interactive.96", "point": 1, "testname": "FECG_fecg_cmfb_tb_1"}
[2026-04-19 15:23:21.943 Z] [INFO] [cadence.virtuoso.ade.pointevaluator] - Submitted {"history": "Interactive.96", "point": 1, "testname": "FECG_fecg_cmfb_tb_1"}
[2026-04-19 15:23:26.119 Z] [PROCESS] [cadence.virtuoso.ade.gui] - /home/saul/projects/IL2244_VT26_SAUL/.tmp_saul/.cmddir0/swiftJob5 is starting {"logfile": "/home/saul/projects/IL2244_VT26_SAUL/logs_saul/logs0/Job5.log"}
[2026-04-19 15:23:26.224 Z] [PROCESS] [cadence.virtuoso.ade.gui] - Simulation Monitor process '3826238' is starting up on host 'edatools' {"logfile": "/home/saul/projects/IL2244_VT26_SAUL/logs_saul/logs0/Job5.log"}
[2026-04-19 15:23:27.387 Z] [PROCESS] [cadence.virtuoso.ade.gui] - ln: failed to create symbolic link '/home/saul/projects/IL2244_VT26_SAUL/Sim/FECG/fecg_cmfb_tb/maestro/results/maestro/Interactive.96/1/FECG_fecg_cmfb_tb_1/netlist/exprOutputs.log': File exists
 {"logfile": "/home/saul/projects/IL2244_VT26_SAUL/logs_saul/logs0/Job5.log"}
[2026-04-19 15:23:27.389 Z] [PROCESS] [cadence.virtuoso.ade.gui] - ln: failed to create symbolic link '/home/saul/projects/IL2244_VT26_SAUL/Sim/FECG/fecg_cmfb_tb/maestro/results/maestro/Interactive.96/1/FECG_fecg_cmfb_tb_1/netlist/amps_evaluator.log': File exists
 {"logfile": "/home/saul/projects/IL2244_VT26_SAUL/logs_saul/logs0/Job5.log"}
[2026-04-19 15:23:29.604 Z] [INFO] [cadence.virtuoso.ade.gui] - Point completed {"history": "Interactive.96", "point": 1, "testname": "FECG_fecg_cmfb_tb_1"}
[2026-04-19 15:23:29.761 Z] [EVENT] [cadence.virtuoso.ade.gui] - HistoryFinished {"history": "Interactive.96", "point": 1, "testname": "FECG_fecg_cmfb_tb_1", "event": "HistoryFinished", "EventSource": "ADE GUI", "HistoryName": "Interactive.96"}
[2026-04-19 15:23:46.519 Z] [EVENT] [cadence.virtuoso.ade.gui] - NewHistoryCreated {"history": "Interactive.97", "point": 1, "testname": "FECG_fecg_cmfb_tb_1", "event": "NewHistoryCreated", "EventSource": "ADE GUI", "HistoryName": "Interactive.97", "WorkDir": "/home/saul/projects/IL2244_VT26_SAUL", "HistorySimDir": "/home/saul/projects/IL2244_VT26_SAUL/Sim/FECG/fecg_cmfb_tb/maestro/results/maestro/Interactive.97", "HistoryResultsDir": "/home/saul/projects/IL2244_VT26_SAUL/FECG/fecg_cmfb_tb/maestro/results/maestro"}
[2026-04-19 15:23:46.519 Z] [PROCESS] [cadence.virtuoso.ade.gui] - History Setup {"hostname": "edatools", "processid": 3799910, "history": "Interactive.97", "testname": "FECG_fecg_cmfb_tb_1", "point": 1, "logfile": "/home/saul/projects/IL2244_VT26_SAUL/logs_saul/logs0/virtuoso_ade_debug.log", "jobmode": "LSCS", "runmode": "Single Run, Sweeps and Corners", "lib": "FECG", "cell": "fecg_cmfb_tb", "view": "maestro", "icversion": "sub-version  IC6.1.8-64b.500.36 ", "runstart": "Sun Apr 19 15:23:46 2026\n", "timezonelocal": "+000", "spectreversion": "unknown", "jobpolicyname": "Maestro Default", "maxjobs": "1", "ncjobpolicyname": "Netlisting Default", "ncmaxjobs": "unknown", "numtests": "1", "runfinished": "unknown", "runelapsed": "-1", "numcorners": "1"}
[2026-04-19 15:23:47.149 Z] [INFO] [cadence.virtuoso.ade.gui] - Simulation will use spectre batch mode because the GCC version used by Spectre and Virtuoso are not compatible. {"history": "Interactive.97", "point": 1, "testname": "FECG_fecg_cmfb_tb_1", "detailed_message": "", "message_id": "ASSEMBLER-5024"}
[2026-04-19 15:23:47.203 Z] [EVENT] [cadence.virtuoso.ade.pointevaluator] - NewPoint {"history": "Interactive.97", "point": 1, "testname": "FECG_fecg_cmfb_tb_1", "event": "NewPoint", "EventSource": "ADE GUI", "HistoryName": "Interactive.97", "logFile": "/home/saul/projects/IL2244_VT26_SAUL/logs_saul/logs0/virtuoso_ade_debug.log", "logFileSize": "11878"}
[2026-04-19 15:23:47.203 Z] [INFO] [cadence.virtuoso.ade.pointevaluator] - Started netlisting {"history": "Interactive.97", "point": 1, "testname": "FECG_fecg_cmfb_tb_1"}
[2026-04-19 15:23:47.586 Z] [INFO] [cadence.virtuoso.ade.pointevaluator] - Finished netlisting {"history": "Interactive.97", "point": 1, "testname": "FECG_fecg_cmfb_tb_1"}
[2026-04-19 15:23:47.586 Z] [INFO] [cadence.virtuoso.ade.pointevaluator] - Submitted {"history": "Interactive.97", "point": 1, "testname": "FECG_fecg_cmfb_tb_1"}
[2026-04-19 15:23:49.253 Z] [PROCESS] [cadence.virtuoso.ade.gui] - ln: failed to create symbolic link '/home/saul/projects/IL2244_VT26_SAUL/Sim/FECG/fecg_cmfb_tb/maestro/results/maestro/Interactive.97/1/FECG_fecg_cmfb_tb_1/netlist/exprOutputs.log': File exists
 {"logfile": "/home/saul/projects/IL2244_VT26_SAUL/logs_saul/logs0/Job5.log"}
[2026-04-19 15:23:49.255 Z] [PROCESS] [cadence.virtuoso.ade.gui] - ln: failed to create symbolic link '/home/saul/projects/IL2244_VT26_SAUL/Sim/FECG/fecg_cmfb_tb/maestro/results/maestro/Interactive.97/1/FECG_fecg_cmfb_tb_1/netlist/amps_evaluator.log': File exists
 {"logfile": "/home/saul/projects/IL2244_VT26_SAUL/logs_saul/logs0/Job5.log"}
[2026-04-19 15:23:51.604 Z] [INFO] [cadence.virtuoso.ade.gui] - Point completed {"history": "Interactive.97", "point": 1, "testname": "FECG_fecg_cmfb_tb_1"}
[2026-04-19 15:23:51.774 Z] [EVENT] [cadence.virtuoso.ade.gui] - HistoryFinished {"history": "Interactive.97", "point": 1, "testname": "FECG_fecg_cmfb_tb_1", "event": "HistoryFinished", "EventSource": "ADE GUI", "HistoryName": "Interactive.97"}
[2026-04-19 15:24:30.540 Z] [EVENT] [cadence.virtuoso.ade.gui] - NewHistoryCreated {"history": "Interactive.98", "point": 1, "testname": "FECG_fecg_cmfb_tb_1", "event": "NewHistoryCreated", "EventSource": "ADE GUI", "HistoryName": "Interactive.98", "WorkDir": "/home/saul/projects/IL2244_VT26_SAUL", "HistorySimDir": "/home/saul/projects/IL2244_VT26_SAUL/Sim/FECG/fecg_cmfb_tb/maestro/results/maestro/Interactive.98", "HistoryResultsDir": "/home/saul/projects/IL2244_VT26_SAUL/FECG/fecg_cmfb_tb/maestro/results/maestro"}
[2026-04-19 15:24:30.541 Z] [PROCESS] [cadence.virtuoso.ade.gui] - History Setup {"hostname": "edatools", "processid": 3799910, "history": "Interactive.98", "testname": "FECG_fecg_cmfb_tb_1", "point": 1, "logfile": "/home/saul/projects/IL2244_VT26_SAUL/logs_saul/logs0/virtuoso_ade_debug.log", "jobmode": "LSCS", "runmode": "Single Run, Sweeps and Corners", "lib": "FECG", "cell": "fecg_cmfb_tb", "view": "maestro", "icversion": "sub-version  IC6.1.8-64b.500.36 ", "runstart": "Sun Apr 19 15:24:30 2026\n", "timezonelocal": "+000", "spectreversion": "unknown", "jobpolicyname": "Maestro Default", "maxjobs": "1", "ncjobpolicyname": "Netlisting Default", "ncmaxjobs": "unknown", "numtests": "1", "runfinished": "unknown", "runelapsed": "-1", "numcorners": "1"}
[2026-04-19 15:24:31.169 Z] [INFO] [cadence.virtuoso.ade.gui] - Simulation will use spectre batch mode because the GCC version used by Spectre and Virtuoso are not compatible. {"history": "Interactive.98", "point": 1, "testname": "FECG_fecg_cmfb_tb_1", "detailed_message": "", "message_id": "ASSEMBLER-5024"}
[2026-04-19 15:24:31.224 Z] [EVENT] [cadence.virtuoso.ade.pointevaluator] - NewPoint {"history": "Interactive.98", "point": 1, "testname": "FECG_fecg_cmfb_tb_1", "event": "NewPoint", "EventSource": "ADE GUI", "HistoryName": "Interactive.98", "logFile": "/home/saul/projects/IL2244_VT26_SAUL/logs_saul/logs0/virtuoso_ade_debug.log", "logFileSize": "15412"}
[2026-04-19 15:24:31.224 Z] [INFO] [cadence.virtuoso.ade.pointevaluator] - Started netlisting {"history": "Interactive.98", "point": 1, "testname": "FECG_fecg_cmfb_tb_1"}
[2026-04-19 15:24:31.695 Z] [INFO] [cadence.virtuoso.ade.pointevaluator] - Finished netlisting {"history": "Interactive.98", "point": 1, "testname": "FECG_fecg_cmfb_tb_1"}
[2026-04-19 15:24:31.695 Z] [INFO] [cadence.virtuoso.ade.pointevaluator] - Submitted {"history": "Interactive.98", "point": 1, "testname": "FECG_fecg_cmfb_tb_1"}
[2026-04-19 15:24:33.363 Z] [PROCESS] [cadence.virtuoso.ade.gui] - ln: failed to create symbolic link '/home/saul/projects/IL2244_VT26_SAUL/Sim/FECG/fecg_cmfb_tb/maestro/results/maestro/Interactive.98/1/FECG_fecg_cmfb_tb_1/netlist/exprOutputs.log': File exists
 {"logfile": "/home/saul/projects/IL2244_VT26_SAUL/logs_saul/logs0/Job5.log"}
[2026-04-19 15:24:33.365 Z] [PROCESS] [cadence.virtuoso.ade.gui] - ln: failed to create symbolic link '/home/saul/projects/IL2244_VT26_SAUL/Sim/FECG/fecg_cmfb_tb/maestro/results/maestro/Interactive.98/1/FECG_fecg_cmfb_tb_1/netlist/amps_evaluator.log': File exists
 {"logfile": "/home/saul/projects/IL2244_VT26_SAUL/logs_saul/logs0/Job5.log"}
[2026-04-19 15:24:35.605 Z] [INFO] [cadence.virtuoso.ade.gui] - Point completed {"history": "Interactive.98", "point": 1, "testname": "FECG_fecg_cmfb_tb_1"}
[2026-04-19 15:24:35.784 Z] [EVENT] [cadence.virtuoso.ade.gui] - HistoryFinished {"history": "Interactive.98", "point": 1, "testname": "FECG_fecg_cmfb_tb_1", "event": "HistoryFinished", "EventSource": "ADE GUI", "HistoryName": "Interactive.98"}
[2026-04-19 15:27:01.059 Z] [EVENT] [cadence.virtuoso.ade.gui] - NewHistoryCreated {"history": "Interactive.99", "point": 1, "testname": "FECG_fecg_cmfb_tb_1", "event": "NewHistoryCreated", "EventSource": "ADE GUI", "HistoryName": "Interactive.99", "WorkDir": "/home/saul/projects/IL2244_VT26_SAUL", "HistorySimDir": "/home/saul/projects/IL2244_VT26_SAUL/Sim/FECG/fecg_cmfb_tb/maestro/results/maestro/Interactive.99", "HistoryResultsDir": "/home/saul/projects/IL2244_VT26_SAUL/FECG/fecg_cmfb_tb/maestro/results/maestro"}
[2026-04-19 15:27:01.060 Z] [PROCESS] [cadence.virtuoso.ade.gui] - History Setup {"hostname": "edatools", "processid": 3799910, "history": "Interactive.99", "testname": "FECG_fecg_cmfb_tb_1", "point": 1, "logfile": "/home/saul/projects/IL2244_VT26_SAUL/logs_saul/logs0/virtuoso_ade_debug.log", "jobmode": "LSCS", "runmode": "Single Run, Sweeps and Corners", "lib": "FECG", "cell": "fecg_cmfb_tb", "view": "maestro", "icversion": "sub-version  IC6.1.8-64b.500.36 ", "runstart": "Sun Apr 19 15:27:01 2026\n", "timezonelocal": "+000", "spectreversion": "unknown", "jobpolicyname": "Maestro Default", "maxjobs": "1", "ncjobpolicyname": "Netlisting Default", "ncmaxjobs": "unknown", "numtests": "1", "runfinished": "unknown", "runelapsed": "-1", "numcorners": "1"}
[2026-04-19 15:27:01.704 Z] [INFO] [cadence.virtuoso.ade.gui] - Simulation will use spectre batch mode because the GCC version used by Spectre and Virtuoso are not compatible. {"history": "Interactive.99", "point": 1, "testname": "FECG_fecg_cmfb_tb_1", "detailed_message": "", "message_id": "ASSEMBLER-5024"}
[2026-04-19 15:27:01.759 Z] [EVENT] [cadence.virtuoso.ade.pointevaluator] - NewPoint {"history": "Interactive.99", "point": 1, "testname": "FECG_fecg_cmfb_tb_1", "event": "NewPoint", "EventSource": "ADE GUI", "HistoryName": "Interactive.99", "logFile": "/home/saul/projects/IL2244_VT26_SAUL/logs_saul/logs0/virtuoso_ade_debug.log", "logFileSize": "18946"}
[2026-04-19 15:27:01.759 Z] [INFO] [cadence.virtuoso.ade.pointevaluator] - Started netlisting {"history": "Interactive.99", "point": 1, "testname": "FECG_fecg_cmfb_tb_1"}
[2026-04-19 15:27:02.205 Z] [INFO] [cadence.virtuoso.ade.pointevaluator] - Finished netlisting {"history": "Interactive.99", "point": 1, "testname": "FECG_fecg_cmfb_tb_1"}
[2026-04-19 15:27:02.205 Z] [INFO] [cadence.virtuoso.ade.pointevaluator] - Submitted {"history": "Interactive.99", "point": 1, "testname": "FECG_fecg_cmfb_tb_1"}
[2026-04-19 15:27:03.874 Z] [PROCESS] [cadence.virtuoso.ade.gui] - ln: failed to create symbolic link '/home/saul/projects/IL2244_VT26_SAUL/Sim/FECG/fecg_cmfb_tb/maestro/results/maestro/Interactive.99/1/FECG_fecg_cmfb_tb_1/netlist/exprOutputs.log': File exists
 {"logfile": "/home/saul/projects/IL2244_VT26_SAUL/logs_saul/logs0/Job5.log"}
[2026-04-19 15:27:03.876 Z] [PROCESS] [cadence.virtuoso.ade.gui] - ln: failed to create symbolic link '/home/saul/projects/IL2244_VT26_SAUL/Sim/FECG/fecg_cmfb_tb/maestro/results/maestro/Interactive.99/1/FECG_fecg_cmfb_tb_1/netlist/amps_evaluator.log': File exists
 {"logfile": "/home/saul/projects/IL2244_VT26_SAUL/logs_saul/logs0/Job5.log"}
[2026-04-19 15:27:05.600 Z] [INFO] [cadence.virtuoso.ade.gui] - Point completed {"history": "Interactive.99", "point": 1, "testname": "FECG_fecg_cmfb_tb_1"}
[2026-04-19 15:27:05.721 Z] [EVENT] [cadence.virtuoso.ade.gui] - HistoryFinished {"history": "Interactive.99", "point": 1, "testname": "FECG_fecg_cmfb_tb_1", "event": "HistoryFinished", "EventSource": "ADE GUI", "HistoryName": "Interactive.99"}
[2026-04-19 15:28:13.989 Z] [PROCESS] [cadence.virtuoso.ade.gui] - Netlist Service '3825438' stopped with exit code '0' {"logfile": "/home/saul/projects/IL2244_VT26_SAUL/logs_saul/logs0/Service4.log"}
[2026-04-19 15:28:59.866 Z] [EVENT] [cadence.virtuoso.ade.gui] - NewHistoryCreated {"history": "Interactive.100", "point": 1, "testname": "FECG_fecg_cmfb_tb_1", "event": "NewHistoryCreated", "EventSource": "ADE GUI", "HistoryName": "Interactive.100", "WorkDir": "/home/saul/projects/IL2244_VT26_SAUL", "HistorySimDir": "/home/saul/projects/IL2244_VT26_SAUL/Sim/FECG/fecg_cmfb_tb/maestro/results/maestro/Interactive.100", "HistoryResultsDir": "/home/saul/projects/IL2244_VT26_SAUL/FECG/fecg_cmfb_tb/maestro/results/maestro"}
[2026-04-19 15:28:59.866 Z] [PROCESS] [cadence.virtuoso.ade.gui] - History Setup {"hostname": "edatools", "processid": 3799910, "history": "Interactive.100", "testname": "FECG_fecg_cmfb_tb_1", "point": 1, "logfile": "/home/saul/projects/IL2244_VT26_SAUL/logs_saul/logs0/virtuoso_ade_debug.log", "jobmode": "LSCS", "runmode": "Single Run, Sweeps and Corners", "lib": "FECG", "cell": "fecg_cmfb_tb", "view": "maestro", "icversion": "sub-version  IC6.1.8-64b.500.36 ", "runstart": "Sun Apr 19 15:28:59 2026\n", "timezonelocal": "+000", "spectreversion": "unknown", "jobpolicyname": "Maestro Default", "maxjobs": "1", "ncjobpolicyname": "Netlisting Default", "ncmaxjobs": "unknown", "numtests": "1", "runfinished": "unknown", "runelapsed": "-1", "numcorners": "1"}
[2026-04-19 15:29:00.513 Z] [INFO] [cadence.virtuoso.ade.gui] - Simulation will use spectre batch mode because the GCC version used by Spectre and Virtuoso are not compatible. {"history": "Interactive.100", "point": 1, "testname": "FECG_fecg_cmfb_tb_1", "detailed_message": "", "message_id": "ASSEMBLER-5024"}
[2026-04-19 15:29:00.566 Z] [EVENT] [cadence.virtuoso.ade.pointevaluator] - NewPoint {"history": "Interactive.100", "point": 1, "testname": "FECG_fecg_cmfb_tb_1", "event": "NewPoint", "EventSource": "ADE GUI", "HistoryName": "Interactive.100", "logFile": "/home/saul/projects/IL2244_VT26_SAUL/logs_saul/logs0/virtuoso_ade_debug.log", "logFileSize": "22686"}
[2026-04-19 15:29:00.567 Z] [INFO] [cadence.virtuoso.ade.pointevaluator] - Started netlisting {"history": "Interactive.100", "point": 1, "testname": "FECG_fecg_cmfb_tb_1"}
[2026-04-19 15:29:01.079 Z] [INFO] [cadence.virtuoso.ade.pointevaluator] - Finished netlisting {"history": "Interactive.100", "point": 1, "testname": "FECG_fecg_cmfb_tb_1"}
[2026-04-19 15:29:01.079 Z] [INFO] [cadence.virtuoso.ade.pointevaluator] - Submitted {"history": "Interactive.100", "point": 1, "testname": "FECG_fecg_cmfb_tb_1"}
[2026-04-19 15:29:02.713 Z] [PROCESS] [cadence.virtuoso.ade.gui] - ln: failed to create symbolic link '/home/saul/projects/IL2244_VT26_SAUL/Sim/FECG/fecg_cmfb_tb/maestro/results/maestro/Interactive.100/1/FECG_fecg_cmfb_tb_1/netlist/exprOutputs.log': File exists
 {"logfile": "/home/saul/projects/IL2244_VT26_SAUL/logs_saul/logs0/Job5.log"}
[2026-04-19 15:29:02.715 Z] [PROCESS] [cadence.virtuoso.ade.gui] - ln: failed to create symbolic link '/home/saul/projects/IL2244_VT26_SAUL/Sim/FECG/fecg_cmfb_tb/maestro/results/maestro/Interactive.100/1/FECG_fecg_cmfb_tb_1/netlist/amps_evaluator.log': File exists
 {"logfile": "/home/saul/projects/IL2244_VT26_SAUL/logs_saul/logs0/Job5.log"}
[2026-04-19 15:29:04.607 Z] [INFO] [cadence.virtuoso.ade.gui] - Point completed {"history": "Interactive.100", "point": 1, "testname": "FECG_fecg_cmfb_tb_1"}
[2026-04-19 15:29:04.754 Z] [EVENT] [cadence.virtuoso.ade.gui] - HistoryFinished {"history": "Interactive.100", "point": 1, "testname": "FECG_fecg_cmfb_tb_1", "event": "HistoryFinished", "EventSource": "ADE GUI", "HistoryName": "Interactive.100"}
[2026-04-19 15:34:26.527 Z] [EVENT] [cadence.virtuoso.ade.gui] - NewHistoryCreated {"history": "Interactive.101", "point": 1, "testname": "FECG_fecg_cmfb_tb_1", "event": "NewHistoryCreated", "EventSource": "ADE GUI", "HistoryName": "Interactive.101", "WorkDir": "/home/saul/projects/IL2244_VT26_SAUL", "HistorySimDir": "/home/saul/projects/IL2244_VT26_SAUL/Sim/FECG/fecg_cmfb_tb/maestro/results/maestro/Interactive.101", "HistoryResultsDir": "/home/saul/projects/IL2244_VT26_SAUL/FECG/fecg_cmfb_tb/maestro/results/maestro"}
[2026-04-19 15:34:26.527 Z] [PROCESS] [cadence.virtuoso.ade.gui] - History Setup {"hostname": "edatools", "processid": 3799910, "history": "Interactive.101", "testname": "FECG_fecg_cmfb_tb_1", "point": 1, "logfile": "/home/saul/projects/IL2244_VT26_SAUL/logs_saul/logs0/virtuoso_ade_debug.log", "jobmode": "LSCS", "runmode": "Single Run, Sweeps and Corners", "lib": "FECG", "cell": "fecg_cmfb_tb", "view": "maestro", "icversion": "sub-version  IC6.1.8-64b.500.36 ", "runstart": "Sun Apr 19 15:34:26 2026\n", "timezonelocal": "+000", "spectreversion": "unknown", "jobpolicyname": "Maestro Default", "maxjobs": "1", "ncjobpolicyname": "Netlisting Default", "ncmaxjobs": "unknown", "numtests": "1", "runfinished": "unknown", "runelapsed": "-1", "numcorners": "1"}
[2026-04-19 15:34:27.176 Z] [INFO] [cadence.virtuoso.ade.gui] - Simulation will use spectre batch mode because the GCC version used by Spectre and Virtuoso are not compatible. {"history": "Interactive.101", "point": 1, "testname": "FECG_fecg_cmfb_tb_1", "detailed_message": "", "message_id": "ASSEMBLER-5024"}
[2026-04-19 15:34:27.229 Z] [EVENT] [cadence.virtuoso.ade.pointevaluator] - NewPoint {"history": "Interactive.101", "point": 1, "testname": "FECG_fecg_cmfb_tb_1", "event": "NewPoint", "EventSource": "ADE GUI", "HistoryName": "Interactive.101", "logFile": "/home/saul/projects/IL2244_VT26_SAUL/logs_saul/logs0/virtuoso_ade_debug.log", "logFileSize": "26235"}
[2026-04-19 15:34:27.229 Z] [INFO] [cadence.virtuoso.ade.pointevaluator] - Started netlisting {"history": "Interactive.101", "point": 1, "testname": "FECG_fecg_cmfb_tb_1"}
[2026-04-19 15:34:27.751 Z] [INFO] [cadence.virtuoso.ade.pointevaluator] - Finished netlisting {"history": "Interactive.101", "point": 1, "testname": "FECG_fecg_cmfb_tb_1"}
[2026-04-19 15:34:27.751 Z] [INFO] [cadence.virtuoso.ade.pointevaluator] - Submitted {"history": "Interactive.101", "point": 1, "testname": "FECG_fecg_cmfb_tb_1"}
[2026-04-19 15:34:32.113 Z] [PROCESS] [cadence.virtuoso.ade.gui] - /home/saul/projects/IL2244_VT26_SAUL/.tmp_saul/.cmddir0/swiftJob6 is starting {"logfile": "/home/saul/projects/IL2244_VT26_SAUL/logs_saul/logs0/Job6.log"}
[2026-04-19 15:34:32.221 Z] [PROCESS] [cadence.virtuoso.ade.gui] - Simulation Monitor process '3830591' is starting up on host 'edatools' {"logfile": "/home/saul/projects/IL2244_VT26_SAUL/logs_saul/logs0/Job6.log"}
[2026-04-19 15:34:33.390 Z] [PROCESS] [cadence.virtuoso.ade.gui] - ln: failed to create symbolic link '/home/saul/projects/IL2244_VT26_SAUL/Sim/FECG/fecg_cmfb_tb/maestro/results/maestro/Interactive.101/1/FECG_fecg_cmfb_tb_1/netlist/exprOutputs.log': File exists
 {"logfile": "/home/saul/projects/IL2244_VT26_SAUL/logs_saul/logs0/Job6.log"}
[2026-04-19 15:34:33.392 Z] [PROCESS] [cadence.virtuoso.ade.gui] - ln: failed to create symbolic link '/home/saul/projects/IL2244_VT26_SAUL/Sim/FECG/fecg_cmfb_tb/maestro/results/maestro/Interactive.101/1/FECG_fecg_cmfb_tb_1/netlist/amps_evaluator.log': File exists
 {"logfile": "/home/saul/projects/IL2244_VT26_SAUL/logs_saul/logs0/Job6.log"}
[2026-04-19 15:34:35.604 Z] [INFO] [cadence.virtuoso.ade.gui] - Point completed {"history": "Interactive.101", "point": 1, "testname": "FECG_fecg_cmfb_tb_1"}
[2026-04-19 15:34:35.752 Z] [EVENT] [cadence.virtuoso.ade.gui] - HistoryFinished {"history": "Interactive.101", "point": 1, "testname": "FECG_fecg_cmfb_tb_1", "event": "HistoryFinished", "EventSource": "ADE GUI", "HistoryName": "Interactive.101"}
[2026-04-19 15:37:19.491 Z] [EVENT] [cadence.virtuoso.ade.gui] - NewHistoryCreated {"history": "Interactive.102", "point": 1, "testname": "FECG_fecg_cmfb_tb_1", "event": "NewHistoryCreated", "EventSource": "ADE GUI", "HistoryName": "Interactive.102", "WorkDir": "/home/saul/projects/IL2244_VT26_SAUL", "HistorySimDir": "/home/saul/projects/IL2244_VT26_SAUL/Sim/FECG/fecg_cmfb_tb/maestro/results/maestro/Interactive.102", "HistoryResultsDir": "/home/saul/projects/IL2244_VT26_SAUL/FECG/fecg_cmfb_tb/maestro/results/maestro"}
[2026-04-19 15:37:19.491 Z] [PROCESS] [cadence.virtuoso.ade.gui] - History Setup {"hostname": "edatools", "processid": 3799910, "history": "Interactive.102", "testname": "FECG_fecg_cmfb_tb_1", "point": 1, "logfile": "/home/saul/projects/IL2244_VT26_SAUL/logs_saul/logs0/virtuoso_ade_debug.log", "jobmode": "LSCS", "runmode": "Single Run, Sweeps and Corners", "lib": "FECG", "cell": "fecg_cmfb_tb", "view": "maestro", "icversion": "sub-version  IC6.1.8-64b.500.36 ", "runstart": "Sun Apr 19 15:37:19 2026\n", "timezonelocal": "+000", "spectreversion": "unknown", "jobpolicyname": "Maestro Default", "maxjobs": "1", "ncjobpolicyname": "Netlisting Default", "ncmaxjobs": "unknown", "numtests": "1", "runfinished": "unknown", "runelapsed": "-1", "numcorners": "1"}
[2026-04-19 15:37:20.222 Z] [INFO] [cadence.virtuoso.ade.gui] - Simulation will use spectre batch mode because the GCC version used by Spectre and Virtuoso are not compatible. {"history": "Interactive.102", "point": 1, "testname": "FECG_fecg_cmfb_tb_1", "detailed_message": "", "message_id": "ASSEMBLER-5024"}
[2026-04-19 15:37:20.276 Z] [EVENT] [cadence.virtuoso.ade.pointevaluator] - NewPoint {"history": "Interactive.102", "point": 1, "testname": "FECG_fecg_cmfb_tb_1", "event": "NewPoint", "EventSource": "ADE GUI", "HistoryName": "Interactive.102", "logFile": "/home/saul/projects/IL2244_VT26_SAUL/logs_saul/logs0/virtuoso_ade_debug.log", "logFileSize": "30221"}
[2026-04-19 15:37:20.277 Z] [INFO] [cadence.virtuoso.ade.pointevaluator] - Started netlisting {"history": "Interactive.102", "point": 1, "testname": "FECG_fecg_cmfb_tb_1"}
[2026-04-19 15:37:20.734 Z] [INFO] [cadence.virtuoso.ade.pointevaluator] - Finished netlisting {"history": "Interactive.102", "point": 1, "testname": "FECG_fecg_cmfb_tb_1"}
[2026-04-19 15:37:20.734 Z] [INFO] [cadence.virtuoso.ade.pointevaluator] - Submitted {"history": "Interactive.102", "point": 1, "testname": "FECG_fecg_cmfb_tb_1"}
[2026-04-19 15:37:22.400 Z] [PROCESS] [cadence.virtuoso.ade.gui] - ln: failed to create symbolic link '/home/saul/projects/IL2244_VT26_SAUL/Sim/FECG/fecg_cmfb_tb/maestro/results/maestro/Interactive.102/1/FECG_fecg_cmfb_tb_1/netlist/exprOutputs.log': File exists
 {"logfile": "/home/saul/projects/IL2244_VT26_SAUL/logs_saul/logs0/Job6.log"}
[2026-04-19 15:37:22.402 Z] [PROCESS] [cadence.virtuoso.ade.gui] - ln: failed to create symbolic link '/home/saul/projects/IL2244_VT26_SAUL/Sim/FECG/fecg_cmfb_tb/maestro/results/maestro/Interactive.102/1/FECG_fecg_cmfb_tb_1/netlist/amps_evaluator.log': File exists
 {"logfile": "/home/saul/projects/IL2244_VT26_SAUL/logs_saul/logs0/Job6.log"}
[2026-04-19 15:37:24.607 Z] [INFO] [cadence.virtuoso.ade.gui] - Point completed {"history": "Interactive.102", "point": 1, "testname": "FECG_fecg_cmfb_tb_1"}
[2026-04-19 15:37:24.782 Z] [EVENT] [cadence.virtuoso.ade.gui] - HistoryFinished {"history": "Interactive.102", "point": 1, "testname": "FECG_fecg_cmfb_tb_1", "event": "HistoryFinished", "EventSource": "ADE GUI", "HistoryName": "Interactive.102"}
[2026-04-19 15:40:48.252 Z] [EVENT] [cadence.virtuoso.ade.gui] - NewHistoryCreated {"history": "Interactive.103", "point": 1, "testname": "FECG_fecg_cmfb_tb_1", "event": "NewHistoryCreated", "EventSource": "ADE GUI", "HistoryName": "Interactive.103", "WorkDir": "/home/saul/projects/IL2244_VT26_SAUL", "HistorySimDir": "/home/saul/projects/IL2244_VT26_SAUL/Sim/FECG/fecg_cmfb_tb/maestro/results/maestro/Interactive.103", "HistoryResultsDir": "/home/saul/projects/IL2244_VT26_SAUL/FECG/fecg_cmfb_tb/maestro/results/maestro"}
[2026-04-19 15:40:48.252 Z] [PROCESS] [cadence.virtuoso.ade.gui] - History Setup {"hostname": "edatools", "processid": 3799910, "history": "Interactive.103", "testname": "FECG_fecg_cmfb_tb_1", "point": 1, "logfile": "/home/saul/projects/IL2244_VT26_SAUL/logs_saul/logs0/virtuoso_ade_debug.log", "jobmode": "LSCS", "runmode": "Single Run, Sweeps and Corners", "lib": "FECG", "cell": "fecg_cmfb_tb", "view": "maestro", "icversion": "sub-version  IC6.1.8-64b.500.36 ", "runstart": "Sun Apr 19 15:40:48 2026\n", "timezonelocal": "+000", "spectreversion": "unknown", "jobpolicyname": "Maestro Default", "maxjobs": "1", "ncjobpolicyname": "Netlisting Default", "ncmaxjobs": "unknown", "numtests": "1", "runfinished": "unknown", "runelapsed": "-1", "numcorners": "1"}
[2026-04-19 15:40:48.993 Z] [INFO] [cadence.virtuoso.ade.gui] - Simulation will use spectre batch mode because the GCC version used by Spectre and Virtuoso are not compatible. {"history": "Interactive.103", "point": 1, "testname": "FECG_fecg_cmfb_tb_1", "detailed_message": "", "message_id": "ASSEMBLER-5024"}
[2026-04-19 15:40:49.047 Z] [EVENT] [cadence.virtuoso.ade.pointevaluator] - NewPoint {"history": "Interactive.103", "point": 1, "testname": "FECG_fecg_cmfb_tb_1", "event": "NewPoint", "EventSource": "ADE GUI", "HistoryName": "Interactive.103", "logFile": "/home/saul/projects/IL2244_VT26_SAUL/logs_saul/logs0/virtuoso_ade_debug.log", "logFileSize": "33770"}
[2026-04-19 15:40:49.048 Z] [INFO] [cadence.virtuoso.ade.pointevaluator] - Started netlisting {"history": "Interactive.103", "point": 1, "testname": "FECG_fecg_cmfb_tb_1"}
[2026-04-19 15:40:49.530 Z] [INFO] [cadence.virtuoso.ade.pointevaluator] - Finished netlisting {"history": "Interactive.103", "point": 1, "testname": "FECG_fecg_cmfb_tb_1"}
[2026-04-19 15:40:49.530 Z] [INFO] [cadence.virtuoso.ade.pointevaluator] - Submitted {"history": "Interactive.103", "point": 1, "testname": "FECG_fecg_cmfb_tb_1"}
[2026-04-19 15:40:51.166 Z] [PROCESS] [cadence.virtuoso.ade.gui] - ln: failed to create symbolic link '/home/saul/projects/IL2244_VT26_SAUL/Sim/FECG/fecg_cmfb_tb/maestro/results/maestro/Interactive.103/1/FECG_fecg_cmfb_tb_1/netlist/exprOutputs.log': File exists
 {"logfile": "/home/saul/projects/IL2244_VT26_SAUL/logs_saul/logs0/Job6.log"}
[2026-04-19 15:40:51.168 Z] [PROCESS] [cadence.virtuoso.ade.gui] - ln: failed to create symbolic link '/home/saul/projects/IL2244_VT26_SAUL/Sim/FECG/fecg_cmfb_tb/maestro/results/maestro/Interactive.103/1/FECG_fecg_cmfb_tb_1/netlist/amps_evaluator.log': File exists
 {"logfile": "/home/saul/projects/IL2244_VT26_SAUL/logs_saul/logs0/Job6.log"}
[2026-04-19 15:40:53.605 Z] [INFO] [cadence.virtuoso.ade.gui] - Point completed {"history": "Interactive.103", "point": 1, "testname": "FECG_fecg_cmfb_tb_1"}
[2026-04-19 15:40:53.790 Z] [EVENT] [cadence.virtuoso.ade.gui] - HistoryFinished {"history": "Interactive.103", "point": 1, "testname": "FECG_fecg_cmfb_tb_1", "event": "HistoryFinished", "EventSource": "ADE GUI", "HistoryName": "Interactive.103"}
[2026-04-19 15:44:55.846 Z] [EVENT] [cadence.virtuoso.ade.gui] - NewHistoryCreated {"history": "Interactive.104", "point": 1, "testname": "FECG_fecg_cmfb_tb_1", "event": "NewHistoryCreated", "EventSource": "ADE GUI", "HistoryName": "Interactive.104", "WorkDir": "/home/saul/projects/IL2244_VT26_SAUL", "HistorySimDir": "/home/saul/projects/IL2244_VT26_SAUL/Sim/FECG/fecg_cmfb_tb/maestro/results/maestro/Interactive.104", "HistoryResultsDir": "/home/saul/projects/IL2244_VT26_SAUL/FECG/fecg_cmfb_tb/maestro/results/maestro"}
[2026-04-19 15:44:55.846 Z] [PROCESS] [cadence.virtuoso.ade.gui] - History Setup {"hostname": "edatools", "processid": 3799910, "history": "Interactive.104", "testname": "FECG_fecg_cmfb_tb_1", "point": 1, "logfile": "/home/saul/projects/IL2244_VT26_SAUL/logs_saul/logs0/virtuoso_ade_debug.log", "jobmode": "LSCS", "runmode": "Single Run, Sweeps and Corners", "lib": "FECG", "cell": "fecg_cmfb_tb", "view": "maestro", "icversion": "sub-version  IC6.1.8-64b.500.36 ", "runstart": "Sun Apr 19 15:44:55 2026\n", "timezonelocal": "+000", "spectreversion": "unknown", "jobpolicyname": "Maestro Default", "maxjobs": "1", "ncjobpolicyname": "Netlisting Default", "ncmaxjobs": "unknown", "numtests": "1", "runfinished": "unknown", "runelapsed": "-1", "numcorners": "1"}
[2026-04-19 15:44:56.512 Z] [INFO] [cadence.virtuoso.ade.gui] - Simulation will use spectre batch mode because the GCC version used by Spectre and Virtuoso are not compatible. {"history": "Interactive.104", "point": 1, "testname": "FECG_fecg_cmfb_tb_1", "detailed_message": "", "message_id": "ASSEMBLER-5024"}
[2026-04-19 15:44:56.565 Z] [EVENT] [cadence.virtuoso.ade.pointevaluator] - NewPoint {"history": "Interactive.104", "point": 1, "testname": "FECG_fecg_cmfb_tb_1", "event": "NewPoint", "EventSource": "ADE GUI", "HistoryName": "Interactive.104", "logFile": "/home/saul/projects/IL2244_VT26_SAUL/logs_saul/logs0/virtuoso_ade_debug.log", "logFileSize": "37319"}
[2026-04-19 15:44:56.566 Z] [INFO] [cadence.virtuoso.ade.pointevaluator] - Started netlisting {"history": "Interactive.104", "point": 1, "testname": "FECG_fecg_cmfb_tb_1"}
[2026-04-19 15:44:57.068 Z] [INFO] [cadence.virtuoso.ade.pointevaluator] - Finished netlisting {"history": "Interactive.104", "point": 1, "testname": "FECG_fecg_cmfb_tb_1"}
[2026-04-19 15:44:57.068 Z] [INFO] [cadence.virtuoso.ade.pointevaluator] - Submitted {"history": "Interactive.104", "point": 1, "testname": "FECG_fecg_cmfb_tb_1"}
[2026-04-19 15:44:58.732 Z] [PROCESS] [cadence.virtuoso.ade.gui] - ln: failed to create symbolic link '/home/saul/projects/IL2244_VT26_SAUL/Sim/FECG/fecg_cmfb_tb/maestro/results/maestro/Interactive.104/1/FECG_fecg_cmfb_tb_1/netlist/exprOutputs.log': File exists
 {"logfile": "/home/saul/projects/IL2244_VT26_SAUL/logs_saul/logs0/Job6.log"}
[2026-04-19 15:44:58.734 Z] [PROCESS] [cadence.virtuoso.ade.gui] - ln: failed to create symbolic link '/home/saul/projects/IL2244_VT26_SAUL/Sim/FECG/fecg_cmfb_tb/maestro/results/maestro/Interactive.104/1/FECG_fecg_cmfb_tb_1/netlist/amps_evaluator.log': File exists
 {"logfile": "/home/saul/projects/IL2244_VT26_SAUL/logs_saul/logs0/Job6.log"}
[2026-04-19 15:45:00.607 Z] [INFO] [cadence.virtuoso.ade.gui] - Point completed {"history": "Interactive.104", "point": 1, "testname": "FECG_fecg_cmfb_tb_1"}
[2026-04-19 15:45:00.789 Z] [EVENT] [cadence.virtuoso.ade.gui] - HistoryFinished {"history": "Interactive.104", "point": 1, "testname": "FECG_fecg_cmfb_tb_1", "event": "HistoryFinished", "EventSource": "ADE GUI", "HistoryName": "Interactive.104"}
[2026-04-19 16:00:08.492 Z] [PROCESS] [cadence.virtuoso.ade.gui] - Logging Service '3825409' stopped with exit code '0' {"logfile": "/home/saul/projects/IL2244_VT26_SAUL/logs_saul/logs0/LoggingService3.log"}
