Starting Single Run, Sweeps and Corners...

Current time: Tue Apr 14 05:17:43 2026 
Best design point: 1
Design specs: 
	DC	corner	CMOS_RES_CAP_VDD_TEMP_0 - 
	DC_Out_current		200n
	DC	corner	CMOS_RES_CAP_VDD_TEMP_1 - 
	DC_Out_current		200n
	DC	corner	CMOS_RES_CAP_VDD_TEMP_2 - 
	DC_Out_current		200n
	DC	corner	CMOS_RES_CAP_VDD_TEMP_3 - 
	DC_Out_current		200n
	DC	corner	CMOS_RES_CAP_VDD_TEMP_4 - 
	DC_Out_current		200n
	DC	corner	CMOS_RES_CAP_VDD_TEMP_5 - 
	DC_Out_current		200.1n
	DC	corner	CMOS_RES_CAP_VDD_TEMP_6 - 
	DC_Out_current		200n
	DC	corner	CMOS_RES_CAP_VDD_TEMP_7 - 
	DC_Out_current		200.1n
	DC	corner	CMOS_RES_CAP_VDD_TEMP_8 - 
	DC_Out_current		200n
	DC	corner	CMOS_RES_CAP_VDD_TEMP_9 - 
	DC_Out_current		200n
	DC	corner	CMOS_RES_CAP_VDD_TEMP_10 - 
	DC_Out_current		200n
	DC	corner	CMOS_RES_CAP_VDD_TEMP_11 - 
	DC_Out_current		200n
	DC	corner	CMOS_RES_CAP_VDD_TEMP_12 - 
	DC_Out_current		200n
	DC	corner	CMOS_RES_CAP_VDD_TEMP_13 - 
	DC_Out_current		200.1n
	DC	corner	CMOS_RES_CAP_VDD_TEMP_14 - 
	DC_Out_current		200n
	DC	corner	CMOS_RES_CAP_VDD_TEMP_15 - 
	DC_Out_current		200.1n
	DC	corner	CMOS_RES_CAP_VDD_TEMP_16 - 
	DC_Out_current		200n
	DC	corner	CMOS_RES_CAP_VDD_TEMP_17 - 
	DC_Out_current		200n
	DC	corner	CMOS_RES_CAP_VDD_TEMP_18 - 
	DC_Out_current		200n
	DC	corner	CMOS_RES_CAP_VDD_TEMP_19 - 
	DC_Out_current		200n
	DC	corner	CMOS_RES_CAP_VDD_TEMP_20 - 
	DC_Out_current		200n
	DC	corner	CMOS_RES_CAP_VDD_TEMP_21 - 
	DC_Out_current		200.1n
	DC	corner	CMOS_RES_CAP_VDD_TEMP_22 - 
	DC_Out_current		200n
	DC	corner	CMOS_RES_CAP_VDD_TEMP_23 - 
	DC_Out_current		200.1n
	DC	corner	CMOS_RES_CAP_VDD_TEMP_24 - 
	DC_Out_current		200n
	DC	corner	CMOS_RES_CAP_VDD_TEMP_25 - 
	DC_Out_current		200n
	DC	corner	CMOS_RES_CAP_VDD_TEMP_26 - 
	DC_Out_current		200n
	DC	corner	CMOS_RES_CAP_VDD_TEMP_27 - 
	DC_Out_current		200n
	DC	corner	CMOS_RES_CAP_VDD_TEMP_28 - 
	DC_Out_current		200n
	DC	corner	CMOS_RES_CAP_VDD_TEMP_29 - 
	DC_Out_current		200.1n
	DC	corner	CMOS_RES_CAP_VDD_TEMP_30 - 
	DC_Out_current		200n
	DC	corner	CMOS_RES_CAP_VDD_TEMP_31 - 
	DC_Out_current		200.1n
	DC	corner	CMOS_RES_CAP_VDD_TEMP_32 - 
	DC_Out_current		200n
	DC	corner	CMOS_RES_CAP_VDD_TEMP_33 - 
	DC_Out_current		200n
	DC	corner	CMOS_RES_CAP_VDD_TEMP_34 - 
	DC_Out_current		200n
	DC	corner	CMOS_RES_CAP_VDD_TEMP_35 - 
	DC_Out_current		200n
	DC	corner	CMOS_RES_CAP_VDD_TEMP_36 - 
	DC_Out_current		200n
	DC	corner	CMOS_RES_CAP_VDD_TEMP_37 - 
	DC_Out_current		200.1n
	DC	corner	CMOS_RES_CAP_VDD_TEMP_38 - 
	DC_Out_current		200n
	DC	corner	CMOS_RES_CAP_VDD_TEMP_39 - 
	DC_Out_current		200.1n
	DC	corner	CMOS_RES_CAP_VDD_TEMP_40 - 
	DC_Out_current		200n
	DC	corner	CMOS_RES_CAP_VDD_TEMP_41 - 
	DC_Out_current		200n
	DC	corner	CMOS_RES_CAP_VDD_TEMP_42 - 
	DC_Out_current		200n
	DC	corner	CMOS_RES_CAP_VDD_TEMP_43 - 
	DC_Out_current		200n
	DC	corner	CMOS_RES_CAP_VDD_TEMP_44 - 
	DC_Out_current		200n
	DC	corner	CMOS_RES_CAP_VDD_TEMP_45 - 
	DC_Out_current		200.1n
	DC	corner	CMOS_RES_CAP_VDD_TEMP_46 - 
	DC_Out_current		200n
	DC	corner	CMOS_RES_CAP_VDD_TEMP_47 - 
	DC_Out_current		200.1n
	DC	corner	CMOS_RES_CAP_VDD_TEMP_48 - 
	DC_Out_current		200n
	DC	corner	CMOS_RES_CAP_VDD_TEMP_49 - 
	DC_Out_current		200n
	DC	corner	CMOS_RES_CAP_VDD_TEMP_50 - 
	DC_Out_current		200n
	DC	corner	CMOS_RES_CAP_VDD_TEMP_51 - 
	DC_Out_current		200n
	DC	corner	CMOS_RES_CAP_VDD_TEMP_52 - 
	DC_Out_current		200n
	DC	corner	CMOS_RES_CAP_VDD_TEMP_53 - 
	DC_Out_current		200.1n
	DC	corner	CMOS_RES_CAP_VDD_TEMP_54 - 
	DC_Out_current		200n
	DC	corner	CMOS_RES_CAP_VDD_TEMP_55 - 
	DC_Out_current		200.1n
	DC	corner	CMOS_RES_CAP_VDD_TEMP_56 - 
	DC_Out_current		200n
	DC	corner	CMOS_RES_CAP_VDD_TEMP_57 - 
	DC_Out_current		200n
	DC	corner	CMOS_RES_CAP_VDD_TEMP_58 - 
	DC_Out_current		200n
	DC	corner	CMOS_RES_CAP_VDD_TEMP_59 - 
	DC_Out_current		200n
	DC	corner	CMOS_RES_CAP_VDD_TEMP_60 - 
	DC_Out_current		200n
	DC	corner	CMOS_RES_CAP_VDD_TEMP_61 - 
	DC_Out_current		200.1n
	DC	corner	CMOS_RES_CAP_VDD_TEMP_62 - 
	DC_Out_current		200n
	DC	corner	CMOS_RES_CAP_VDD_TEMP_63 - 
	DC_Out_current		200.1n
	DC	corner	Nominal - 
	DC_Out_current		200n
Design parameters: 

Interactive.67
Number of points completed: 1
Number of simulation errors: 0
Interactive.67 completed. 
Current time: Tue Apr 14 05:18:15 2026 
