Starting Monte Carlo Sampling...

Current time: Tue Apr 14 04:53:28 2026 

Variation: All
Sampling Method: Low-Discrepancy Sequence
Seed: 12345

MonteCarlo.8
Number of points completed: 200
Number of simulation errors: 0
MonteCarlo.8 completed. 
Current time: Tue Apr 14 04:53:50 2026 
Monte Carlo Sampling yield summary:
Number of spec values are in this yield data: 2
DC_MC	Nominal - 
	DC_Out_current:	Yield	100%
		Min 1.95971e-07	Max 2.03787e-07	Mean 2.00033e-07	Number of errors 0
DC_MC	Nominal - 
	i /R1/PLUS; tran (I):	Yield	0%
		Min 0	Max 0	Mean 0	Number of errors 0

DC_MC
	Overall Yield	100%	Number of points passed	200	Total number of points	200

Estimated yield = 100% (200/200), 0 errors
Estimated yield (No opregions) = 100% (200/200)
